[2022-03-16 00:00:05,018] {taskinstance.py:1037} INFO - Dependencies all met for <TaskInstance: example_branch_operator.branching scheduled__2022-03-15T00:00:00+00:00 [queued]>
[2022-03-16 00:00:05,026] {taskinstance.py:1037} INFO - Dependencies all met for <TaskInstance: example_branch_operator.branching scheduled__2022-03-15T00:00:00+00:00 [queued]>
[2022-03-16 00:00:05,026] {taskinstance.py:1243} INFO - 
--------------------------------------------------------------------------------
[2022-03-16 00:00:05,026] {taskinstance.py:1244} INFO - Starting attempt 1 of 1
[2022-03-16 00:00:05,026] {taskinstance.py:1245} INFO - 
--------------------------------------------------------------------------------
[2022-03-16 00:00:05,094] {taskinstance.py:1264} INFO - Executing <Task(BranchPythonOperator): branching> on 2022-03-15 00:00:00+00:00
[2022-03-16 00:00:05,098] {standard_task_runner.py:52} INFO - Started process 841 to run task
[2022-03-16 00:00:05,101] {standard_task_runner.py:76} INFO - Running: ['***', 'tasks', 'run', 'example_branch_operator', 'branching', 'scheduled__2022-03-15T00:00:00+00:00', '--job-id', '63', '--raw', '--subdir', '/home/***/.local/lib/python3.7/site-packages/***/example_dags/example_branch_operator.py', '--cfg-path', '/tmp/tmpzzr6_2rs', '--error-file', '/tmp/tmp8haa1dns']
[2022-03-16 00:00:05,101] {standard_task_runner.py:77} INFO - Job 63: Subtask branching
[2022-03-16 00:00:05,219] {logging_mixin.py:109} INFO - Running <TaskInstance: example_branch_operator.branching scheduled__2022-03-15T00:00:00+00:00 [running]> on host 47b5fce91641
[2022-03-16 00:00:05,381] {taskinstance.py:1431} INFO - Exporting the following env vars:
AIRFLOW_CTX_DAG_OWNER=***
AIRFLOW_CTX_DAG_ID=example_branch_operator
AIRFLOW_CTX_TASK_ID=branching
AIRFLOW_CTX_EXECUTION_DATE=2022-03-15T00:00:00+00:00
AIRFLOW_CTX_DAG_RUN_ID=scheduled__2022-03-15T00:00:00+00:00
[2022-03-16 00:00:05,382] {python.py:175} INFO - Done. Returned value was: branch_d
[2022-03-16 00:00:05,382] {skipmixin.py:140} INFO - Following branch branch_d
[2022-03-16 00:00:05,382] {skipmixin.py:171} INFO - Skipping tasks ['branch_a', 'branch_c', 'branch_b']
[2022-03-16 00:00:05,655] {taskinstance.py:1282} INFO - Marking task as SUCCESS. dag_id=example_branch_operator, task_id=branching, execution_date=20220315T000000, start_date=20220316T000005, end_date=20220316T000005
[2022-03-16 00:00:05,794] {local_task_job.py:154} INFO - Task exited with return code 0
[2022-03-16 00:00:05,965] {local_task_job.py:264} INFO - 1 downstream tasks scheduled from follow-on schedule check
