[2022-03-15 23:52:27,014] {taskinstance.py:1037} INFO - Dependencies all met for <TaskInstance: example_sla_dag.sleep_30 scheduled__2022-03-15T23:50:00+00:00 [queued]>
[2022-03-15 23:52:27,026] {taskinstance.py:1037} INFO - Dependencies all met for <TaskInstance: example_sla_dag.sleep_30 scheduled__2022-03-15T23:50:00+00:00 [queued]>
[2022-03-15 23:52:27,026] {taskinstance.py:1243} INFO - 
--------------------------------------------------------------------------------
[2022-03-15 23:52:27,026] {taskinstance.py:1244} INFO - Starting attempt 1 of 1
[2022-03-15 23:52:27,026] {taskinstance.py:1245} INFO - 
--------------------------------------------------------------------------------
[2022-03-15 23:52:27,121] {taskinstance.py:1264} INFO - Executing <Task(_PythonDecoratedOperator): sleep_30> on 2022-03-15 23:50:00+00:00
[2022-03-15 23:52:27,126] {standard_task_runner.py:52} INFO - Started process 493 to run task
[2022-03-15 23:52:27,128] {standard_task_runner.py:76} INFO - Running: ['***', 'tasks', 'run', 'example_sla_dag', 'sleep_30', 'scheduled__2022-03-15T23:50:00+00:00', '--job-id', '49', '--raw', '--subdir', '/home/***/.local/lib/python3.7/site-packages/***/example_dags/example_sla_dag.py', '--cfg-path', '/tmp/tmp2xhd7sme', '--error-file', '/tmp/tmpxe6cj9qj']
[2022-03-15 23:52:27,128] {standard_task_runner.py:77} INFO - Job 49: Subtask sleep_30
[2022-03-15 23:52:27,223] {logging_mixin.py:109} INFO - Running <TaskInstance: example_sla_dag.sleep_30 scheduled__2022-03-15T23:50:00+00:00 [running]> on host 47b5fce91641
[2022-03-15 23:52:27,355] {taskinstance.py:1431} INFO - Exporting the following env vars:
AIRFLOW_CTX_DAG_EMAIL=email@example.com
AIRFLOW_CTX_DAG_OWNER=***
AIRFLOW_CTX_DAG_ID=example_sla_dag
AIRFLOW_CTX_TASK_ID=sleep_30
AIRFLOW_CTX_EXECUTION_DATE=2022-03-15T23:50:00+00:00
AIRFLOW_CTX_DAG_RUN_ID=scheduled__2022-03-15T23:50:00+00:00
[2022-03-15 23:52:57,386] {python.py:175} INFO - Done. Returned value was: None
[2022-03-15 23:52:58,373] {taskinstance.py:1282} INFO - Marking task as SUCCESS. dag_id=example_sla_dag, task_id=sleep_30, execution_date=20220315T235000, start_date=20220315T235227, end_date=20220315T235258
[2022-03-15 23:52:58,466] {local_task_job.py:154} INFO - Task exited with return code 0
[2022-03-15 23:52:58,527] {local_task_job.py:264} INFO - 0 downstream tasks scheduled from follow-on schedule check
