[2022-03-15 17:13:00,632] {taskinstance.py:1037} INFO - Dependencies all met for <TaskInstance: example_branch_dop_operator_v3.condition scheduled__2022-03-15T17:12:00+00:00 [queued]>
[2022-03-15 17:13:00,645] {taskinstance.py:1037} INFO - Dependencies all met for <TaskInstance: example_branch_dop_operator_v3.condition scheduled__2022-03-15T17:12:00+00:00 [queued]>
[2022-03-15 17:13:00,645] {taskinstance.py:1243} INFO - 
--------------------------------------------------------------------------------
[2022-03-15 17:13:00,645] {taskinstance.py:1244} INFO - Starting attempt 1 of 1
[2022-03-15 17:13:00,645] {taskinstance.py:1245} INFO - 
--------------------------------------------------------------------------------
[2022-03-15 17:13:00,693] {taskinstance.py:1264} INFO - Executing <Task(BranchPythonOperator): condition> on 2022-03-15 17:12:00+00:00
[2022-03-15 17:13:00,697] {standard_task_runner.py:52} INFO - Started process 217 to run task
[2022-03-15 17:13:00,700] {standard_task_runner.py:76} INFO - Running: ['***', 'tasks', 'run', 'example_branch_dop_operator_v3', 'condition', 'scheduled__2022-03-15T17:12:00+00:00', '--job-id', '12', '--raw', '--subdir', '/home/***/.local/lib/python3.7/site-packages/***/example_dags/example_branch_python_dop_operator_3.py', '--cfg-path', '/tmp/tmpk34ap96s', '--error-file', '/tmp/tmp7p62uwyv']
[2022-03-15 17:13:00,700] {standard_task_runner.py:77} INFO - Job 12: Subtask condition
[2022-03-15 17:13:01,862] {logging_mixin.py:109} INFO - Running <TaskInstance: example_branch_dop_operator_v3.condition scheduled__2022-03-15T17:12:00+00:00 [running]> on host 05e228a71634
[2022-03-15 17:13:02,012] {taskinstance.py:1431} INFO - Exporting the following env vars:
AIRFLOW_CTX_DAG_OWNER=***
AIRFLOW_CTX_DAG_ID=example_branch_dop_operator_v3
AIRFLOW_CTX_TASK_ID=condition
AIRFLOW_CTX_EXECUTION_DATE=2022-03-15T17:12:00+00:00
AIRFLOW_CTX_DAG_RUN_ID=scheduled__2022-03-15T17:12:00+00:00
[2022-03-15 17:13:02,013] {warnings.py:110} WARNING - /home/***/.local/lib/python3.7/site-packages/***/utils/context.py:220: AirflowContextDeprecationWarning: Accessing 'execution_date' from the template is deprecated and will be removed in a future version. Please use 'data_interval_start' or 'logical_date' instead.
  warnings.warn(_create_deprecation_warning(k, replacements))

[2022-03-15 17:13:02,013] {logging_mixin.py:109} INFO - ------------- exec dttm = 2022-03-15T17:12:00+00:00 and minute = 12
[2022-03-15 17:13:02,013] {python.py:175} INFO - Done. Returned value was: dummy_task_1
[2022-03-15 17:13:02,013] {skipmixin.py:140} INFO - Following branch dummy_task_1
[2022-03-15 17:13:02,014] {skipmixin.py:171} INFO - Skipping tasks ['dummy_task_2']
[2022-03-15 17:13:02,293] {taskinstance.py:1282} INFO - Marking task as SUCCESS. dag_id=example_branch_dop_operator_v3, task_id=condition, execution_date=20220315T171200, start_date=20220315T171300, end_date=20220315T171302
[2022-03-15 17:13:02,355] {local_task_job.py:154} INFO - Task exited with return code 0
[2022-03-15 17:13:02,509] {local_task_job.py:264} INFO - 1 downstream tasks scheduled from follow-on schedule check
