[2022-03-15 17:12:16,469] {taskinstance.py:1037} INFO - Dependencies all met for <TaskInstance: example_bash_operator.runme_0 scheduled__2022-03-14T00:00:00+00:00 [queued]>
[2022-03-15 17:12:16,484] {taskinstance.py:1037} INFO - Dependencies all met for <TaskInstance: example_bash_operator.runme_0 scheduled__2022-03-14T00:00:00+00:00 [queued]>
[2022-03-15 17:12:16,484] {taskinstance.py:1243} INFO - 
--------------------------------------------------------------------------------
[2022-03-15 17:12:16,484] {taskinstance.py:1244} INFO - Starting attempt 1 of 1
[2022-03-15 17:12:16,484] {taskinstance.py:1245} INFO - 
--------------------------------------------------------------------------------
[2022-03-15 17:12:16,581] {taskinstance.py:1264} INFO - Executing <Task(BashOperator): runme_0> on 2022-03-14 00:00:00+00:00
[2022-03-15 17:12:16,587] {standard_task_runner.py:52} INFO - Started process 176 to run task
[2022-03-15 17:12:16,592] {standard_task_runner.py:76} INFO - Running: ['***', 'tasks', 'run', 'example_bash_operator', 'runme_0', 'scheduled__2022-03-14T00:00:00+00:00', '--job-id', '6', '--raw', '--subdir', '/home/***/.local/lib/python3.7/site-packages/***/example_dags/example_bash_operator.py', '--cfg-path', '/tmp/tmpsmy29zhl', '--error-file', '/tmp/tmpdmwfa4li']
[2022-03-15 17:12:16,593] {standard_task_runner.py:77} INFO - Job 6: Subtask runme_0
[2022-03-15 17:12:16,692] {logging_mixin.py:109} INFO - Running <TaskInstance: example_bash_operator.runme_0 scheduled__2022-03-14T00:00:00+00:00 [running]> on host 05e228a71634
[2022-03-15 17:12:16,891] {taskinstance.py:1431} INFO - Exporting the following env vars:
AIRFLOW_CTX_DAG_OWNER=***
AIRFLOW_CTX_DAG_ID=example_bash_operator
AIRFLOW_CTX_TASK_ID=runme_0
AIRFLOW_CTX_EXECUTION_DATE=2022-03-14T00:00:00+00:00
AIRFLOW_CTX_DAG_RUN_ID=scheduled__2022-03-14T00:00:00+00:00
[2022-03-15 17:12:16,892] {subprocess.py:62} INFO - Tmp dir root location: 
 /tmp
[2022-03-15 17:12:16,893] {subprocess.py:74} INFO - Running command: ['bash', '-c', 'echo "example_bash_operator__runme_0__20220314" && sleep 1']
[2022-03-15 17:12:16,911] {subprocess.py:85} INFO - Output:
[2022-03-15 17:12:16,916] {subprocess.py:89} INFO - example_bash_operator__runme_0__20220314
[2022-03-15 17:12:17,920] {subprocess.py:93} INFO - Command exited with return code 0
[2022-03-15 17:12:18,043] {taskinstance.py:1282} INFO - Marking task as SUCCESS. dag_id=example_bash_operator, task_id=runme_0, execution_date=20220314T000000, start_date=20220315T171216, end_date=20220315T171218
[2022-03-15 17:12:18,169] {local_task_job.py:154} INFO - Task exited with return code 0
[2022-03-15 17:12:18,301] {local_task_job.py:264} INFO - 0 downstream tasks scheduled from follow-on schedule check
