[2022-03-16 00:00:03,352] {taskinstance.py:1037} INFO - Dependencies all met for <TaskInstance: example_branch_datetime_operator_2.datetime_branch scheduled__2022-03-15T00:00:00+00:00 [queued]>
[2022-03-16 00:00:03,364] {taskinstance.py:1037} INFO - Dependencies all met for <TaskInstance: example_branch_datetime_operator_2.datetime_branch scheduled__2022-03-15T00:00:00+00:00 [queued]>
[2022-03-16 00:00:03,364] {taskinstance.py:1243} INFO - 
--------------------------------------------------------------------------------
[2022-03-16 00:00:03,364] {taskinstance.py:1244} INFO - Starting attempt 1 of 1
[2022-03-16 00:00:03,364] {taskinstance.py:1245} INFO - 
--------------------------------------------------------------------------------
[2022-03-16 00:00:03,413] {taskinstance.py:1264} INFO - Executing <Task(BranchDateTimeOperator): datetime_branch> on 2022-03-15 00:00:00+00:00
[2022-03-16 00:00:03,416] {standard_task_runner.py:52} INFO - Started process 828 to run task
[2022-03-16 00:00:03,418] {standard_task_runner.py:76} INFO - Running: ['***', 'tasks', 'run', 'example_branch_datetime_operator_2', 'datetime_branch', 'scheduled__2022-03-15T00:00:00+00:00', '--job-id', '58', '--raw', '--subdir', '/home/***/.local/lib/python3.7/site-packages/***/example_dags/example_branch_datetime_operator.py', '--cfg-path', '/tmp/tmpmmv05_ya', '--error-file', '/tmp/tmprvtx_8tj']
[2022-03-16 00:00:03,419] {standard_task_runner.py:77} INFO - Job 58: Subtask datetime_branch
[2022-03-16 00:00:03,520] {logging_mixin.py:109} INFO - Running <TaskInstance: example_branch_datetime_operator_2.datetime_branch scheduled__2022-03-15T00:00:00+00:00 [running]> on host 47b5fce91641
[2022-03-16 00:00:04,468] {taskinstance.py:1431} INFO - Exporting the following env vars:
AIRFLOW_CTX_DAG_OWNER=***
AIRFLOW_CTX_DAG_ID=example_branch_datetime_operator_2
AIRFLOW_CTX_TASK_ID=datetime_branch
AIRFLOW_CTX_EXECUTION_DATE=2022-03-15T00:00:00+00:00
AIRFLOW_CTX_DAG_RUN_ID=scheduled__2022-03-15T00:00:00+00:00
[2022-03-16 00:00:04,469] {skipmixin.py:140} INFO - Following branch ['date_outside_range']
[2022-03-16 00:00:04,469] {skipmixin.py:171} INFO - Skipping tasks ['date_in_range']
[2022-03-16 00:00:05,013] {taskinstance.py:1282} INFO - Marking task as SUCCESS. dag_id=example_branch_datetime_operator_2, task_id=datetime_branch, execution_date=20220315T000000, start_date=20220316T000003, end_date=20220316T000005
[2022-03-16 00:00:05,118] {local_task_job.py:154} INFO - Task exited with return code 0
[2022-03-16 00:00:05,229] {local_task_job.py:264} INFO - 1 downstream tasks scheduled from follow-on schedule check
