[2022-03-16 00:04:26,665] {taskinstance.py:1037} INFO - Dependencies all met for <TaskInstance: example_sla_dag.sleep_30 scheduled__2022-03-16T00:02:00+00:00 [queued]>
[2022-03-16 00:04:26,677] {taskinstance.py:1037} INFO - Dependencies all met for <TaskInstance: example_sla_dag.sleep_30 scheduled__2022-03-16T00:02:00+00:00 [queued]>
[2022-03-16 00:04:26,677] {taskinstance.py:1243} INFO - 
--------------------------------------------------------------------------------
[2022-03-16 00:04:26,677] {taskinstance.py:1244} INFO - Starting attempt 1 of 1
[2022-03-16 00:04:26,677] {taskinstance.py:1245} INFO - 
--------------------------------------------------------------------------------
[2022-03-16 00:04:26,737] {taskinstance.py:1264} INFO - Executing <Task(_PythonDecoratedOperator): sleep_30> on 2022-03-16 00:02:00+00:00
[2022-03-16 00:04:26,742] {standard_task_runner.py:52} INFO - Started process 1036 to run task
[2022-03-16 00:04:26,745] {standard_task_runner.py:76} INFO - Running: ['***', 'tasks', 'run', 'example_sla_dag', 'sleep_30', 'scheduled__2022-03-16T00:02:00+00:00', '--job-id', '69', '--raw', '--subdir', '/home/***/.local/lib/python3.7/site-packages/***/example_dags/example_sla_dag.py', '--cfg-path', '/tmp/tmpmn9bnx4z', '--error-file', '/tmp/tmpreax3zc1']
[2022-03-16 00:04:26,745] {standard_task_runner.py:77} INFO - Job 69: Subtask sleep_30
[2022-03-16 00:04:26,874] {logging_mixin.py:109} INFO - Running <TaskInstance: example_sla_dag.sleep_30 scheduled__2022-03-16T00:02:00+00:00 [running]> on host 47b5fce91641
[2022-03-16 00:04:27,035] {taskinstance.py:1431} INFO - Exporting the following env vars:
AIRFLOW_CTX_DAG_EMAIL=email@example.com
AIRFLOW_CTX_DAG_OWNER=***
AIRFLOW_CTX_DAG_ID=example_sla_dag
AIRFLOW_CTX_TASK_ID=sleep_30
AIRFLOW_CTX_EXECUTION_DATE=2022-03-16T00:02:00+00:00
AIRFLOW_CTX_DAG_RUN_ID=scheduled__2022-03-16T00:02:00+00:00
[2022-03-16 00:04:57,065] {python.py:175} INFO - Done. Returned value was: None
[2022-03-16 00:04:57,074] {taskinstance.py:1282} INFO - Marking task as SUCCESS. dag_id=example_sla_dag, task_id=sleep_30, execution_date=20220316T000200, start_date=20220316T000426, end_date=20220316T000457
[2022-03-16 00:04:58,482] {local_task_job.py:154} INFO - Task exited with return code 0
[2022-03-16 00:04:58,568] {local_task_job.py:264} INFO - 0 downstream tasks scheduled from follow-on schedule check
