[2022-03-13 15:19:25,643] {taskinstance.py:1037} INFO - Dependencies all met for <TaskInstance: example_dag_decorator.get_ip manual__2022-03-13T15:19:24.662229+00:00 [queued]>
[2022-03-13 15:19:25,656] {taskinstance.py:1037} INFO - Dependencies all met for <TaskInstance: example_dag_decorator.get_ip manual__2022-03-13T15:19:24.662229+00:00 [queued]>
[2022-03-13 15:19:25,656] {taskinstance.py:1243} INFO - 
--------------------------------------------------------------------------------
[2022-03-13 15:19:25,657] {taskinstance.py:1244} INFO - Starting attempt 1 of 1
[2022-03-13 15:19:25,657] {taskinstance.py:1245} INFO - 
--------------------------------------------------------------------------------
[2022-03-13 15:19:25,707] {taskinstance.py:1264} INFO - Executing <Task(GetRequestOperator): get_ip> on 2022-03-13 15:19:24.662229+00:00
[2022-03-13 15:19:25,711] {standard_task_runner.py:52} INFO - Started process 1103 to run task
[2022-03-13 15:19:25,714] {standard_task_runner.py:76} INFO - Running: ['***', 'tasks', 'run', 'example_dag_decorator', 'get_ip', 'manual__2022-03-13T15:19:24.662229+00:00', '--job-id', '10', '--raw', '--subdir', '/home/***/.local/lib/python3.7/site-packages/***/example_dags/example_dag_decorator.py', '--cfg-path', '/tmp/tmpw9ccexp4', '--error-file', '/tmp/tmppy650dy2']
[2022-03-13 15:19:25,715] {standard_task_runner.py:77} INFO - Job 10: Subtask get_ip
[2022-03-13 15:19:25,781] {logging_mixin.py:109} INFO - Running <TaskInstance: example_dag_decorator.get_ip manual__2022-03-13T15:19:24.662229+00:00 [running]> on host 33f4149e0bde
[2022-03-13 15:19:26,015] {taskinstance.py:1431} INFO - Exporting the following env vars:
AIRFLOW_CTX_DAG_OWNER=***
AIRFLOW_CTX_DAG_ID=example_dag_decorator
AIRFLOW_CTX_TASK_ID=get_ip
AIRFLOW_CTX_EXECUTION_DATE=2022-03-13T15:19:24.662229+00:00
AIRFLOW_CTX_DAG_RUN_ID=manual__2022-03-13T15:19:24.662229+00:00
[2022-03-13 15:19:27,226] {taskinstance.py:1282} INFO - Marking task as SUCCESS. dag_id=example_dag_decorator, task_id=get_ip, execution_date=20220313T151924, start_date=20220313T151925, end_date=20220313T151927
[2022-03-13 15:19:27,369] {local_task_job.py:154} INFO - Task exited with return code 0
[2022-03-13 15:19:27,385] {baseoperator.py:1393} WARNING - Dependency <Task(_PythonDecoratedOperator): prepare_email>, send_email already registered for DAG: example_dag_decorator
[2022-03-13 15:19:27,385] {baseoperator.py:1393} WARNING - Dependency <Task(EmailOperator): send_email>, prepare_email already registered for DAG: example_dag_decorator
[2022-03-13 15:19:27,385] {baseoperator.py:1393} WARNING - Dependency <Task(_PythonDecoratedOperator): prepare_email>, send_email already registered for DAG: example_dag_decorator
[2022-03-13 15:19:27,385] {baseoperator.py:1393} WARNING - Dependency <Task(EmailOperator): send_email>, prepare_email already registered for DAG: example_dag_decorator
[2022-03-13 15:19:27,385] {baseoperator.py:1393} WARNING - Dependency <Task(_PythonDecoratedOperator): prepare_email>, send_email already registered for DAG: example_dag_decorator
[2022-03-13 15:19:27,385] {baseoperator.py:1393} WARNING - Dependency <Task(EmailOperator): send_email>, prepare_email already registered for DAG: example_dag_decorator
[2022-03-13 15:19:27,385] {baseoperator.py:1393} WARNING - Dependency <Task(_PythonDecoratedOperator): prepare_email>, send_email already registered for DAG: example_dag_decorator
[2022-03-13 15:19:27,385] {baseoperator.py:1393} WARNING - Dependency <Task(EmailOperator): send_email>, prepare_email already registered for DAG: example_dag_decorator
[2022-03-13 15:19:27,385] {baseoperator.py:1393} WARNING - Dependency <Task(_PythonDecoratedOperator): prepare_email>, send_email already registered for DAG: example_dag_decorator
[2022-03-13 15:19:27,385] {baseoperator.py:1393} WARNING - Dependency <Task(EmailOperator): send_email>, prepare_email already registered for DAG: example_dag_decorator
[2022-03-13 15:19:27,429] {local_task_job.py:264} INFO - 1 downstream tasks scheduled from follow-on schedule check
