[2022-03-16 00:12:08,122] {taskinstance.py:1037} INFO - Dependencies all met for <TaskInstance: example_sla_dag.sleep_20 scheduled__2022-03-16T00:10:00+00:00 [queued]>
[2022-03-16 00:12:08,132] {taskinstance.py:1037} INFO - Dependencies all met for <TaskInstance: example_sla_dag.sleep_20 scheduled__2022-03-16T00:10:00+00:00 [queued]>
[2022-03-16 00:12:08,132] {taskinstance.py:1243} INFO - 
--------------------------------------------------------------------------------
[2022-03-16 00:12:08,132] {taskinstance.py:1244} INFO - Starting attempt 1 of 1
[2022-03-16 00:12:08,132] {taskinstance.py:1245} INFO - 
--------------------------------------------------------------------------------
[2022-03-16 00:12:08,208] {taskinstance.py:1264} INFO - Executing <Task(_PythonDecoratedOperator): sleep_20> on 2022-03-16 00:10:00+00:00
[2022-03-16 00:12:08,211] {standard_task_runner.py:52} INFO - Started process 1376 to run task
[2022-03-16 00:12:08,212] {standard_task_runner.py:76} INFO - Running: ['***', 'tasks', 'run', 'example_sla_dag', 'sleep_20', 'scheduled__2022-03-16T00:10:00+00:00', '--job-id', '76', '--raw', '--subdir', '/home/***/.local/lib/python3.7/site-packages/***/example_dags/example_sla_dag.py', '--cfg-path', '/tmp/tmp1m1xo658', '--error-file', '/tmp/tmpur905kvc']
[2022-03-16 00:12:08,213] {standard_task_runner.py:77} INFO - Job 76: Subtask sleep_20
[2022-03-16 00:12:08,368] {logging_mixin.py:109} INFO - Running <TaskInstance: example_sla_dag.sleep_20 scheduled__2022-03-16T00:10:00+00:00 [running]> on host 47b5fce91641
[2022-03-16 00:12:08,486] {taskinstance.py:1431} INFO - Exporting the following env vars:
AIRFLOW_CTX_DAG_EMAIL=email@example.com
AIRFLOW_CTX_DAG_OWNER=***
AIRFLOW_CTX_DAG_ID=example_sla_dag
AIRFLOW_CTX_TASK_ID=sleep_20
AIRFLOW_CTX_EXECUTION_DATE=2022-03-16T00:10:00+00:00
AIRFLOW_CTX_DAG_RUN_ID=scheduled__2022-03-16T00:10:00+00:00
[2022-03-16 00:12:28,503] {python.py:175} INFO - Done. Returned value was: None
[2022-03-16 00:12:28,513] {taskinstance.py:1282} INFO - Marking task as SUCCESS. dag_id=example_sla_dag, task_id=sleep_20, execution_date=20220316T001000, start_date=20220316T001208, end_date=20220316T001228
[2022-03-16 00:12:29,145] {local_task_job.py:154} INFO - Task exited with return code 0
[2022-03-16 00:12:29,234] {local_task_job.py:264} INFO - 1 downstream tasks scheduled from follow-on schedule check
