[2022-03-15 17:17:01,556] {taskinstance.py:1037} INFO - Dependencies all met for <TaskInstance: example_branch_dop_operator_v3.condition scheduled__2022-03-15T17:16:00+00:00 [queued]>
[2022-03-15 17:17:01,567] {taskinstance.py:1037} INFO - Dependencies all met for <TaskInstance: example_branch_dop_operator_v3.condition scheduled__2022-03-15T17:16:00+00:00 [queued]>
[2022-03-15 17:17:01,568] {taskinstance.py:1243} INFO - 
--------------------------------------------------------------------------------
[2022-03-15 17:17:01,568] {taskinstance.py:1244} INFO - Starting attempt 1 of 1
[2022-03-15 17:17:01,568] {taskinstance.py:1245} INFO - 
--------------------------------------------------------------------------------
[2022-03-15 17:17:01,605] {taskinstance.py:1264} INFO - Executing <Task(BranchPythonOperator): condition> on 2022-03-15 17:16:00+00:00
[2022-03-15 17:17:01,608] {standard_task_runner.py:52} INFO - Started process 398 to run task
[2022-03-15 17:17:01,610] {standard_task_runner.py:76} INFO - Running: ['***', 'tasks', 'run', 'example_branch_dop_operator_v3', 'condition', 'scheduled__2022-03-15T17:16:00+00:00', '--job-id', '16', '--raw', '--subdir', '/home/***/.local/lib/python3.7/site-packages/***/example_dags/example_branch_python_dop_operator_3.py', '--cfg-path', '/tmp/tmpn45e6oo7', '--error-file', '/tmp/tmpx8gj28la']
[2022-03-15 17:17:01,610] {standard_task_runner.py:77} INFO - Job 16: Subtask condition
[2022-03-15 17:17:01,754] {logging_mixin.py:109} INFO - Running <TaskInstance: example_branch_dop_operator_v3.condition scheduled__2022-03-15T17:16:00+00:00 [running]> on host 05e228a71634
[2022-03-15 17:17:01,862] {taskinstance.py:1431} INFO - Exporting the following env vars:
AIRFLOW_CTX_DAG_OWNER=***
AIRFLOW_CTX_DAG_ID=example_branch_dop_operator_v3
AIRFLOW_CTX_TASK_ID=condition
AIRFLOW_CTX_EXECUTION_DATE=2022-03-15T17:16:00+00:00
AIRFLOW_CTX_DAG_RUN_ID=scheduled__2022-03-15T17:16:00+00:00
[2022-03-15 17:17:01,864] {warnings.py:110} WARNING - /home/***/.local/lib/python3.7/site-packages/***/utils/context.py:220: AirflowContextDeprecationWarning: Accessing 'execution_date' from the template is deprecated and will be removed in a future version. Please use 'data_interval_start' or 'logical_date' instead.
  warnings.warn(_create_deprecation_warning(k, replacements))

[2022-03-15 17:17:01,864] {logging_mixin.py:109} INFO - ------------- exec dttm = 2022-03-15T17:16:00+00:00 and minute = 16
[2022-03-15 17:17:01,864] {python.py:175} INFO - Done. Returned value was: dummy_task_1
[2022-03-15 17:17:01,864] {skipmixin.py:140} INFO - Following branch dummy_task_1
[2022-03-15 17:17:01,865] {skipmixin.py:171} INFO - Skipping tasks ['dummy_task_2']
[2022-03-15 17:17:02,024] {taskinstance.py:1282} INFO - Marking task as SUCCESS. dag_id=example_branch_dop_operator_v3, task_id=condition, execution_date=20220315T171600, start_date=20220315T171701, end_date=20220315T171702
[2022-03-15 17:17:02,102] {local_task_job.py:154} INFO - Task exited with return code 0
[2022-03-15 17:17:02,227] {local_task_job.py:264} INFO - 1 downstream tasks scheduled from follow-on schedule check
