[2022-03-13 14:59:05,390] {taskinstance.py:1037} INFO - Dependencies all met for <TaskInstance: example_bash_operator.run_after_loop scheduled__2022-03-12T00:00:00+00:00 [queued]>
[2022-03-13 14:59:05,397] {taskinstance.py:1037} INFO - Dependencies all met for <TaskInstance: example_bash_operator.run_after_loop scheduled__2022-03-12T00:00:00+00:00 [queued]>
[2022-03-13 14:59:05,397] {taskinstance.py:1243} INFO - 
--------------------------------------------------------------------------------
[2022-03-13 14:59:05,397] {taskinstance.py:1244} INFO - Starting attempt 1 of 1
[2022-03-13 14:59:05,397] {taskinstance.py:1245} INFO - 
--------------------------------------------------------------------------------
[2022-03-13 14:59:05,457] {taskinstance.py:1264} INFO - Executing <Task(BashOperator): run_after_loop> on 2022-03-12 00:00:00+00:00
[2022-03-13 14:59:05,460] {standard_task_runner.py:52} INFO - Started process 233 to run task
[2022-03-13 14:59:05,462] {standard_task_runner.py:76} INFO - Running: ['***', 'tasks', 'run', 'example_bash_operator', 'run_after_loop', 'scheduled__2022-03-12T00:00:00+00:00', '--job-id', '8', '--raw', '--subdir', '/home/***/.local/lib/python3.7/site-packages/***/example_dags/example_bash_operator.py', '--cfg-path', '/tmp/tmpij2tr0qd', '--error-file', '/tmp/tmpqll_pmm9']
[2022-03-13 14:59:05,462] {standard_task_runner.py:77} INFO - Job 8: Subtask run_after_loop
[2022-03-13 14:59:05,550] {logging_mixin.py:109} INFO - Running <TaskInstance: example_bash_operator.run_after_loop scheduled__2022-03-12T00:00:00+00:00 [running]> on host 33f4149e0bde
[2022-03-13 14:59:05,700] {taskinstance.py:1431} INFO - Exporting the following env vars:
AIRFLOW_CTX_DAG_OWNER=***
AIRFLOW_CTX_DAG_ID=example_bash_operator
AIRFLOW_CTX_TASK_ID=run_after_loop
AIRFLOW_CTX_EXECUTION_DATE=2022-03-12T00:00:00+00:00
AIRFLOW_CTX_DAG_RUN_ID=scheduled__2022-03-12T00:00:00+00:00
[2022-03-13 14:59:05,701] {subprocess.py:62} INFO - Tmp dir root location: 
 /tmp
[2022-03-13 14:59:05,701] {subprocess.py:74} INFO - Running command: ['bash', '-c', 'echo 1']
[2022-03-13 14:59:05,708] {subprocess.py:85} INFO - Output:
[2022-03-13 14:59:05,709] {subprocess.py:89} INFO - 1
[2022-03-13 14:59:05,709] {subprocess.py:93} INFO - Command exited with return code 0
[2022-03-13 14:59:05,817] {taskinstance.py:1282} INFO - Marking task as SUCCESS. dag_id=example_bash_operator, task_id=run_after_loop, execution_date=20220312T000000, start_date=20220313T145905, end_date=20220313T145905
[2022-03-13 14:59:05,954] {local_task_job.py:154} INFO - Task exited with return code 0
[2022-03-13 14:59:06,740] {local_task_job.py:264} INFO - 0 downstream tasks scheduled from follow-on schedule check
