[2022-03-13 15:18:47,619] {taskinstance.py:1037} INFO - Dependencies all met for <TaskInstance: example_branch_datetime_operator_2.datetime_branch scheduled__2022-03-12T00:00:00+00:00 [queued]>
[2022-03-13 15:18:47,628] {taskinstance.py:1037} INFO - Dependencies all met for <TaskInstance: example_branch_datetime_operator_2.datetime_branch scheduled__2022-03-12T00:00:00+00:00 [queued]>
[2022-03-13 15:18:47,628] {taskinstance.py:1243} INFO - 
--------------------------------------------------------------------------------
[2022-03-13 15:18:47,628] {taskinstance.py:1244} INFO - Starting attempt 1 of 1
[2022-03-13 15:18:47,628] {taskinstance.py:1245} INFO - 
--------------------------------------------------------------------------------
[2022-03-13 15:18:48,795] {taskinstance.py:1264} INFO - Executing <Task(BranchDateTimeOperator): datetime_branch> on 2022-03-12 00:00:00+00:00
[2022-03-13 15:18:48,798] {standard_task_runner.py:52} INFO - Started process 1074 to run task
[2022-03-13 15:18:48,800] {standard_task_runner.py:76} INFO - Running: ['***', 'tasks', 'run', 'example_branch_datetime_operator_2', 'datetime_branch', 'scheduled__2022-03-12T00:00:00+00:00', '--job-id', '9', '--raw', '--subdir', '/home/***/.local/lib/python3.7/site-packages/***/example_dags/example_branch_datetime_operator.py', '--cfg-path', '/tmp/tmp8i8a49oh', '--error-file', '/tmp/tmp8krduoy3']
[2022-03-13 15:18:48,801] {standard_task_runner.py:77} INFO - Job 9: Subtask datetime_branch
[2022-03-13 15:18:49,503] {logging_mixin.py:109} INFO - Running <TaskInstance: example_branch_datetime_operator_2.datetime_branch scheduled__2022-03-12T00:00:00+00:00 [running]> on host 33f4149e0bde
[2022-03-13 15:18:49,756] {taskinstance.py:1431} INFO - Exporting the following env vars:
AIRFLOW_CTX_DAG_OWNER=***
AIRFLOW_CTX_DAG_ID=example_branch_datetime_operator_2
AIRFLOW_CTX_TASK_ID=datetime_branch
AIRFLOW_CTX_EXECUTION_DATE=2022-03-12T00:00:00+00:00
AIRFLOW_CTX_DAG_RUN_ID=scheduled__2022-03-12T00:00:00+00:00
[2022-03-13 15:18:49,756] {skipmixin.py:140} INFO - Following branch ['date_in_range']
[2022-03-13 15:18:49,757] {skipmixin.py:171} INFO - Skipping tasks ['date_outside_range']
[2022-03-13 15:18:50,057] {taskinstance.py:1282} INFO - Marking task as SUCCESS. dag_id=example_branch_datetime_operator_2, task_id=datetime_branch, execution_date=20220312T000000, start_date=20220313T151847, end_date=20220313T151850
[2022-03-13 15:18:50,215] {local_task_job.py:154} INFO - Task exited with return code 0
[2022-03-13 15:18:50,277] {local_task_job.py:264} INFO - 1 downstream tasks scheduled from follow-on schedule check
