[2022-03-16 00:00:03,456] {taskinstance.py:1037} INFO - Dependencies all met for <TaskInstance: example_bash_operator.runme_0 scheduled__2022-03-15T00:00:00+00:00 [queued]>
[2022-03-16 00:00:03,468] {taskinstance.py:1037} INFO - Dependencies all met for <TaskInstance: example_bash_operator.runme_0 scheduled__2022-03-15T00:00:00+00:00 [queued]>
[2022-03-16 00:00:03,469] {taskinstance.py:1243} INFO - 
--------------------------------------------------------------------------------
[2022-03-16 00:00:03,469] {taskinstance.py:1244} INFO - Starting attempt 1 of 1
[2022-03-16 00:00:03,469] {taskinstance.py:1245} INFO - 
--------------------------------------------------------------------------------
[2022-03-16 00:00:03,529] {taskinstance.py:1264} INFO - Executing <Task(BashOperator): runme_0> on 2022-03-15 00:00:00+00:00
[2022-03-16 00:00:03,534] {standard_task_runner.py:52} INFO - Started process 832 to run task
[2022-03-16 00:00:03,536] {standard_task_runner.py:76} INFO - Running: ['***', 'tasks', 'run', 'example_bash_operator', 'runme_0', 'scheduled__2022-03-15T00:00:00+00:00', '--job-id', '59', '--raw', '--subdir', '/home/***/.local/lib/python3.7/site-packages/***/example_dags/example_bash_operator.py', '--cfg-path', '/tmp/tmpws17rmoj', '--error-file', '/tmp/tmpkjfkm8zf']
[2022-03-16 00:00:03,537] {standard_task_runner.py:77} INFO - Job 59: Subtask runme_0
[2022-03-16 00:00:03,650] {logging_mixin.py:109} INFO - Running <TaskInstance: example_bash_operator.runme_0 scheduled__2022-03-15T00:00:00+00:00 [running]> on host 47b5fce91641
[2022-03-16 00:00:04,620] {taskinstance.py:1431} INFO - Exporting the following env vars:
AIRFLOW_CTX_DAG_OWNER=***
AIRFLOW_CTX_DAG_ID=example_bash_operator
AIRFLOW_CTX_TASK_ID=runme_0
AIRFLOW_CTX_EXECUTION_DATE=2022-03-15T00:00:00+00:00
AIRFLOW_CTX_DAG_RUN_ID=scheduled__2022-03-15T00:00:00+00:00
[2022-03-16 00:00:04,621] {subprocess.py:62} INFO - Tmp dir root location: 
 /tmp
[2022-03-16 00:00:04,621] {subprocess.py:74} INFO - Running command: ['bash', '-c', 'echo "example_bash_operator__runme_0__20220315" && sleep 1']
[2022-03-16 00:00:04,630] {subprocess.py:85} INFO - Output:
[2022-03-16 00:00:04,631] {subprocess.py:89} INFO - example_bash_operator__runme_0__20220315
[2022-03-16 00:00:05,633] {subprocess.py:93} INFO - Command exited with return code 0
[2022-03-16 00:00:05,839] {taskinstance.py:1282} INFO - Marking task as SUCCESS. dag_id=example_bash_operator, task_id=runme_0, execution_date=20220315T000000, start_date=20220316T000003, end_date=20220316T000005
[2022-03-16 00:00:05,993] {local_task_job.py:154} INFO - Task exited with return code 0
[2022-03-16 00:00:07,034] {local_task_job.py:264} INFO - 1 downstream tasks scheduled from follow-on schedule check
