[2022-03-15 17:12:16,593] {taskinstance.py:1037} INFO - Dependencies all met for <TaskInstance: example_bash_operator.runme_1 scheduled__2022-03-14T00:00:00+00:00 [queued]>
[2022-03-15 17:12:16,612] {taskinstance.py:1037} INFO - Dependencies all met for <TaskInstance: example_bash_operator.runme_1 scheduled__2022-03-14T00:00:00+00:00 [queued]>
[2022-03-15 17:12:16,612] {taskinstance.py:1243} INFO - 
--------------------------------------------------------------------------------
[2022-03-15 17:12:16,612] {taskinstance.py:1244} INFO - Starting attempt 1 of 1
[2022-03-15 17:12:16,612] {taskinstance.py:1245} INFO - 
--------------------------------------------------------------------------------
[2022-03-15 17:12:16,691] {taskinstance.py:1264} INFO - Executing <Task(BashOperator): runme_1> on 2022-03-14 00:00:00+00:00
[2022-03-15 17:12:16,696] {standard_task_runner.py:52} INFO - Started process 180 to run task
[2022-03-15 17:12:16,700] {standard_task_runner.py:76} INFO - Running: ['***', 'tasks', 'run', 'example_bash_operator', 'runme_1', 'scheduled__2022-03-14T00:00:00+00:00', '--job-id', '4', '--raw', '--subdir', '/home/***/.local/lib/python3.7/site-packages/***/example_dags/example_bash_operator.py', '--cfg-path', '/tmp/tmptx23k1fe', '--error-file', '/tmp/tmprn4ldqwc']
[2022-03-15 17:12:16,700] {standard_task_runner.py:77} INFO - Job 4: Subtask runme_1
[2022-03-15 17:12:16,796] {logging_mixin.py:109} INFO - Running <TaskInstance: example_bash_operator.runme_1 scheduled__2022-03-14T00:00:00+00:00 [running]> on host 05e228a71634
[2022-03-15 17:12:17,078] {taskinstance.py:1431} INFO - Exporting the following env vars:
AIRFLOW_CTX_DAG_OWNER=***
AIRFLOW_CTX_DAG_ID=example_bash_operator
AIRFLOW_CTX_TASK_ID=runme_1
AIRFLOW_CTX_EXECUTION_DATE=2022-03-14T00:00:00+00:00
AIRFLOW_CTX_DAG_RUN_ID=scheduled__2022-03-14T00:00:00+00:00
[2022-03-15 17:12:17,081] {subprocess.py:62} INFO - Tmp dir root location: 
 /tmp
[2022-03-15 17:12:17,082] {subprocess.py:74} INFO - Running command: ['bash', '-c', 'echo "example_bash_operator__runme_1__20220314" && sleep 1']
[2022-03-15 17:12:17,105] {subprocess.py:85} INFO - Output:
[2022-03-15 17:12:17,109] {subprocess.py:89} INFO - example_bash_operator__runme_1__20220314
[2022-03-15 17:12:18,112] {subprocess.py:93} INFO - Command exited with return code 0
[2022-03-15 17:12:18,302] {taskinstance.py:1282} INFO - Marking task as SUCCESS. dag_id=example_bash_operator, task_id=runme_1, execution_date=20220314T000000, start_date=20220315T171216, end_date=20220315T171218
[2022-03-15 17:12:18,436] {local_task_job.py:154} INFO - Task exited with return code 0
[2022-03-15 17:12:18,621] {local_task_job.py:264} INFO - 0 downstream tasks scheduled from follow-on schedule check
