[2022-03-15 23:56:31,212] {taskinstance.py:1037} INFO - Dependencies all met for <TaskInstance: example_sla_dag.sleep_30 scheduled__2022-03-15T23:54:00+00:00 [queued]>
[2022-03-15 23:56:31,236] {taskinstance.py:1037} INFO - Dependencies all met for <TaskInstance: example_sla_dag.sleep_30 scheduled__2022-03-15T23:54:00+00:00 [queued]>
[2022-03-15 23:56:31,236] {taskinstance.py:1243} INFO - 
--------------------------------------------------------------------------------
[2022-03-15 23:56:31,236] {taskinstance.py:1244} INFO - Starting attempt 1 of 1
[2022-03-15 23:56:31,237] {taskinstance.py:1245} INFO - 
--------------------------------------------------------------------------------
[2022-03-15 23:56:31,370] {taskinstance.py:1264} INFO - Executing <Task(_PythonDecoratedOperator): sleep_30> on 2022-03-15 23:54:00+00:00
[2022-03-15 23:56:31,378] {standard_task_runner.py:52} INFO - Started process 673 to run task
[2022-03-15 23:56:31,385] {standard_task_runner.py:76} INFO - Running: ['***', 'tasks', 'run', 'example_sla_dag', 'sleep_30', 'scheduled__2022-03-15T23:54:00+00:00', '--job-id', '53', '--raw', '--subdir', '/home/***/.local/lib/python3.7/site-packages/***/example_dags/example_sla_dag.py', '--cfg-path', '/tmp/tmplcnoh_cn', '--error-file', '/tmp/tmpplor6v8_']
[2022-03-15 23:56:31,386] {standard_task_runner.py:77} INFO - Job 53: Subtask sleep_30
[2022-03-15 23:56:31,516] {logging_mixin.py:109} INFO - Running <TaskInstance: example_sla_dag.sleep_30 scheduled__2022-03-15T23:54:00+00:00 [running]> on host 47b5fce91641
[2022-03-15 23:56:31,795] {taskinstance.py:1431} INFO - Exporting the following env vars:
AIRFLOW_CTX_DAG_EMAIL=email@example.com
AIRFLOW_CTX_DAG_OWNER=***
AIRFLOW_CTX_DAG_ID=example_sla_dag
AIRFLOW_CTX_TASK_ID=sleep_30
AIRFLOW_CTX_EXECUTION_DATE=2022-03-15T23:54:00+00:00
AIRFLOW_CTX_DAG_RUN_ID=scheduled__2022-03-15T23:54:00+00:00
[2022-03-15 23:57:01,825] {python.py:175} INFO - Done. Returned value was: None
[2022-03-15 23:57:01,838] {taskinstance.py:1282} INFO - Marking task as SUCCESS. dag_id=example_sla_dag, task_id=sleep_30, execution_date=20220315T235400, start_date=20220315T235631, end_date=20220315T235701
[2022-03-15 23:57:01,927] {local_task_job.py:154} INFO - Task exited with return code 0
[2022-03-15 23:57:02,006] {local_task_job.py:264} INFO - 0 downstream tasks scheduled from follow-on schedule check
