[2022-03-16 00:00:03,537] {taskinstance.py:1037} INFO - Dependencies all met for <TaskInstance: example_bash_operator.runme_1 scheduled__2022-03-15T00:00:00+00:00 [queued]>
[2022-03-16 00:00:03,548] {taskinstance.py:1037} INFO - Dependencies all met for <TaskInstance: example_bash_operator.runme_1 scheduled__2022-03-15T00:00:00+00:00 [queued]>
[2022-03-16 00:00:03,549] {taskinstance.py:1243} INFO - 
--------------------------------------------------------------------------------
[2022-03-16 00:00:03,549] {taskinstance.py:1244} INFO - Starting attempt 1 of 1
[2022-03-16 00:00:03,549] {taskinstance.py:1245} INFO - 
--------------------------------------------------------------------------------
[2022-03-16 00:00:03,610] {taskinstance.py:1264} INFO - Executing <Task(BashOperator): runme_1> on 2022-03-15 00:00:00+00:00
[2022-03-16 00:00:03,615] {standard_task_runner.py:52} INFO - Started process 833 to run task
[2022-03-16 00:00:03,617] {standard_task_runner.py:76} INFO - Running: ['***', 'tasks', 'run', 'example_bash_operator', 'runme_1', 'scheduled__2022-03-15T00:00:00+00:00', '--job-id', '61', '--raw', '--subdir', '/home/***/.local/lib/python3.7/site-packages/***/example_dags/example_bash_operator.py', '--cfg-path', '/tmp/tmpyoh8x_k9', '--error-file', '/tmp/tmp5iyiq02_']
[2022-03-16 00:00:03,618] {standard_task_runner.py:77} INFO - Job 61: Subtask runme_1
[2022-03-16 00:00:04,507] {logging_mixin.py:109} INFO - Running <TaskInstance: example_bash_operator.runme_1 scheduled__2022-03-15T00:00:00+00:00 [running]> on host 47b5fce91641
[2022-03-16 00:00:04,799] {taskinstance.py:1431} INFO - Exporting the following env vars:
AIRFLOW_CTX_DAG_OWNER=***
AIRFLOW_CTX_DAG_ID=example_bash_operator
AIRFLOW_CTX_TASK_ID=runme_1
AIRFLOW_CTX_EXECUTION_DATE=2022-03-15T00:00:00+00:00
AIRFLOW_CTX_DAG_RUN_ID=scheduled__2022-03-15T00:00:00+00:00
[2022-03-16 00:00:04,800] {subprocess.py:62} INFO - Tmp dir root location: 
 /tmp
[2022-03-16 00:00:04,800] {subprocess.py:74} INFO - Running command: ['bash', '-c', 'echo "example_bash_operator__runme_1__20220315" && sleep 1']
[2022-03-16 00:00:04,809] {subprocess.py:85} INFO - Output:
[2022-03-16 00:00:04,810] {subprocess.py:89} INFO - example_bash_operator__runme_1__20220315
[2022-03-16 00:00:05,812] {subprocess.py:93} INFO - Command exited with return code 0
[2022-03-16 00:00:06,174] {taskinstance.py:1282} INFO - Marking task as SUCCESS. dag_id=example_bash_operator, task_id=runme_1, execution_date=20220315T000000, start_date=20220316T000003, end_date=20220316T000006
[2022-03-16 00:00:06,274] {local_task_job.py:154} INFO - Task exited with return code 0
[2022-03-16 00:00:07,080] {local_task_job.py:264} INFO - 0 downstream tasks scheduled from follow-on schedule check
