[2022-03-13 14:58:58,374] {taskinstance.py:1037} INFO - Dependencies all met for <TaskInstance: example_bash_operator.also_run_this scheduled__2022-03-12T00:00:00+00:00 [queued]>
[2022-03-13 14:58:58,384] {taskinstance.py:1037} INFO - Dependencies all met for <TaskInstance: example_bash_operator.also_run_this scheduled__2022-03-12T00:00:00+00:00 [queued]>
[2022-03-13 14:58:58,385] {taskinstance.py:1243} INFO - 
--------------------------------------------------------------------------------
[2022-03-13 14:58:58,385] {taskinstance.py:1244} INFO - Starting attempt 1 of 1
[2022-03-13 14:58:58,385] {taskinstance.py:1245} INFO - 
--------------------------------------------------------------------------------
[2022-03-13 14:58:58,426] {taskinstance.py:1264} INFO - Executing <Task(BashOperator): also_run_this> on 2022-03-12 00:00:00+00:00
[2022-03-13 14:58:58,432] {standard_task_runner.py:52} INFO - Started process 213 to run task
[2022-03-13 14:58:58,435] {standard_task_runner.py:76} INFO - Running: ['***', 'tasks', 'run', 'example_bash_operator', 'also_run_this', 'scheduled__2022-03-12T00:00:00+00:00', '--job-id', '3', '--raw', '--subdir', '/home/***/.local/lib/python3.7/site-packages/***/example_dags/example_bash_operator.py', '--cfg-path', '/tmp/tmp0h8qiab4', '--error-file', '/tmp/tmpslsldgii']
[2022-03-13 14:58:58,436] {standard_task_runner.py:77} INFO - Job 3: Subtask also_run_this
[2022-03-13 14:58:58,529] {logging_mixin.py:109} INFO - Running <TaskInstance: example_bash_operator.also_run_this scheduled__2022-03-12T00:00:00+00:00 [running]> on host 33f4149e0bde
[2022-03-13 14:58:59,506] {taskinstance.py:1431} INFO - Exporting the following env vars:
AIRFLOW_CTX_DAG_OWNER=***
AIRFLOW_CTX_DAG_ID=example_bash_operator
AIRFLOW_CTX_TASK_ID=also_run_this
AIRFLOW_CTX_EXECUTION_DATE=2022-03-12T00:00:00+00:00
AIRFLOW_CTX_DAG_RUN_ID=scheduled__2022-03-12T00:00:00+00:00
[2022-03-13 14:58:59,507] {subprocess.py:62} INFO - Tmp dir root location: 
 /tmp
[2022-03-13 14:58:59,507] {subprocess.py:74} INFO - Running command: ['bash', '-c', 'echo "run_id=scheduled__2022-03-12T00:00:00+00:00 | dag_run=<DagRun example_bash_operator @ 2022-03-12 00:00:00+00:00: scheduled__2022-03-12T00:00:00+00:00, externally triggered: False>"']
[2022-03-13 14:58:59,517] {subprocess.py:85} INFO - Output:
[2022-03-13 14:58:59,519] {subprocess.py:89} INFO - run_id=scheduled__2022-03-12T00:00:00+00:00 | dag_run=<DagRun example_bash_operator @ 2022-03-12 00:00:00+00:00: scheduled__2022-03-12T00:00:00+00:00, externally triggered: False>
[2022-03-13 14:58:59,519] {subprocess.py:93} INFO - Command exited with return code 0
[2022-03-13 14:58:59,630] {taskinstance.py:1282} INFO - Marking task as SUCCESS. dag_id=example_bash_operator, task_id=also_run_this, execution_date=20220312T000000, start_date=20220313T145858, end_date=20220313T145859
[2022-03-13 14:58:59,771] {local_task_job.py:154} INFO - Task exited with return code 0
[2022-03-13 14:58:59,987] {local_task_job.py:264} INFO - 0 downstream tasks scheduled from follow-on schedule check
