[2022-03-16 00:00:24,184] {processor.py:163} INFO - Started process (PID=2242) to work on /home/airflow/.local/lib/python3.7/site-packages/airflow/example_dags/example_time_delta_sensor_async.py
[2022-03-16 00:00:24,185] {processor.py:642} INFO - Processing file /home/airflow/.local/lib/python3.7/site-packages/airflow/example_dags/example_time_delta_sensor_async.py for tasks to queue
[2022-03-16 00:00:24,185] {logging_mixin.py:109} INFO - [2022-03-16 00:00:24,185] {dagbag.py:500} INFO - Filling up the DagBag from /home/airflow/.local/lib/python3.7/site-packages/airflow/example_dags/example_time_delta_sensor_async.py
[2022-03-16 00:00:24,203] {processor.py:654} INFO - DAG(s) dict_keys(['example_time_delta_sensor_async']) retrieved from /home/airflow/.local/lib/python3.7/site-packages/airflow/example_dags/example_time_delta_sensor_async.py
[2022-03-16 00:00:24,209] {logging_mixin.py:109} INFO - [2022-03-16 00:00:24,209] {dag.py:2398} INFO - Sync 1 DAGs
[2022-03-16 00:00:24,220] {logging_mixin.py:109} INFO - [2022-03-16 00:00:24,220] {dag.py:2937} INFO - Setting next_dagrun for example_time_delta_sensor_async to None
[2022-03-16 00:00:24,320] {processor.py:171} INFO - Processing /home/airflow/.local/lib/python3.7/site-packages/airflow/example_dags/example_time_delta_sensor_async.py took 0.137 seconds
[2022-03-16 00:00:57,936] {processor.py:163} INFO - Started process (PID=2306) to work on /home/airflow/.local/lib/python3.7/site-packages/airflow/example_dags/example_time_delta_sensor_async.py
[2022-03-16 00:00:57,937] {processor.py:642} INFO - Processing file /home/airflow/.local/lib/python3.7/site-packages/airflow/example_dags/example_time_delta_sensor_async.py for tasks to queue
[2022-03-16 00:00:57,937] {logging_mixin.py:109} INFO - [2022-03-16 00:00:57,937] {dagbag.py:500} INFO - Filling up the DagBag from /home/airflow/.local/lib/python3.7/site-packages/airflow/example_dags/example_time_delta_sensor_async.py
[2022-03-16 00:00:57,955] {processor.py:654} INFO - DAG(s) dict_keys(['example_time_delta_sensor_async']) retrieved from /home/airflow/.local/lib/python3.7/site-packages/airflow/example_dags/example_time_delta_sensor_async.py
[2022-03-16 00:00:57,961] {logging_mixin.py:109} INFO - [2022-03-16 00:00:57,961] {dag.py:2398} INFO - Sync 1 DAGs
[2022-03-16 00:00:57,971] {logging_mixin.py:109} INFO - [2022-03-16 00:00:57,971] {dag.py:2937} INFO - Setting next_dagrun for example_time_delta_sensor_async to None
[2022-03-16 00:00:58,017] {processor.py:171} INFO - Processing /home/airflow/.local/lib/python3.7/site-packages/airflow/example_dags/example_time_delta_sensor_async.py took 0.082 seconds
[2022-03-16 00:01:28,209] {processor.py:163} INFO - Started process (PID=2365) to work on /home/airflow/.local/lib/python3.7/site-packages/airflow/example_dags/example_time_delta_sensor_async.py
[2022-03-16 00:01:28,210] {processor.py:642} INFO - Processing file /home/airflow/.local/lib/python3.7/site-packages/airflow/example_dags/example_time_delta_sensor_async.py for tasks to queue
[2022-03-16 00:01:28,211] {logging_mixin.py:109} INFO - [2022-03-16 00:01:28,211] {dagbag.py:500} INFO - Filling up the DagBag from /home/airflow/.local/lib/python3.7/site-packages/airflow/example_dags/example_time_delta_sensor_async.py
[2022-03-16 00:01:28,237] {processor.py:654} INFO - DAG(s) dict_keys(['example_time_delta_sensor_async']) retrieved from /home/airflow/.local/lib/python3.7/site-packages/airflow/example_dags/example_time_delta_sensor_async.py
[2022-03-16 00:01:28,246] {logging_mixin.py:109} INFO - [2022-03-16 00:01:28,246] {dag.py:2398} INFO - Sync 1 DAGs
[2022-03-16 00:01:28,264] {logging_mixin.py:109} INFO - [2022-03-16 00:01:28,264] {dag.py:2937} INFO - Setting next_dagrun for example_time_delta_sensor_async to None
[2022-03-16 00:01:28,307] {processor.py:171} INFO - Processing /home/airflow/.local/lib/python3.7/site-packages/airflow/example_dags/example_time_delta_sensor_async.py took 0.100 seconds
[2022-03-16 00:02:00,178] {processor.py:163} INFO - Started process (PID=2416) to work on /home/airflow/.local/lib/python3.7/site-packages/airflow/example_dags/example_time_delta_sensor_async.py
[2022-03-16 00:02:00,178] {processor.py:642} INFO - Processing file /home/airflow/.local/lib/python3.7/site-packages/airflow/example_dags/example_time_delta_sensor_async.py for tasks to queue
[2022-03-16 00:02:00,179] {logging_mixin.py:109} INFO - [2022-03-16 00:02:00,179] {dagbag.py:500} INFO - Filling up the DagBag from /home/airflow/.local/lib/python3.7/site-packages/airflow/example_dags/example_time_delta_sensor_async.py
[2022-03-16 00:02:00,196] {processor.py:654} INFO - DAG(s) dict_keys(['example_time_delta_sensor_async']) retrieved from /home/airflow/.local/lib/python3.7/site-packages/airflow/example_dags/example_time_delta_sensor_async.py
[2022-03-16 00:02:00,201] {logging_mixin.py:109} INFO - [2022-03-16 00:02:00,201] {dag.py:2398} INFO - Sync 1 DAGs
[2022-03-16 00:02:00,211] {logging_mixin.py:109} INFO - [2022-03-16 00:02:00,211] {dag.py:2937} INFO - Setting next_dagrun for example_time_delta_sensor_async to None
[2022-03-16 00:02:00,802] {processor.py:171} INFO - Processing /home/airflow/.local/lib/python3.7/site-packages/airflow/example_dags/example_time_delta_sensor_async.py took 0.627 seconds
[2022-03-16 00:02:31,681] {processor.py:163} INFO - Started process (PID=2479) to work on /home/airflow/.local/lib/python3.7/site-packages/airflow/example_dags/example_time_delta_sensor_async.py
[2022-03-16 00:02:31,720] {processor.py:642} INFO - Processing file /home/airflow/.local/lib/python3.7/site-packages/airflow/example_dags/example_time_delta_sensor_async.py for tasks to queue
[2022-03-16 00:02:31,721] {logging_mixin.py:109} INFO - [2022-03-16 00:02:31,721] {dagbag.py:500} INFO - Filling up the DagBag from /home/airflow/.local/lib/python3.7/site-packages/airflow/example_dags/example_time_delta_sensor_async.py
[2022-03-16 00:02:31,761] {processor.py:654} INFO - DAG(s) dict_keys(['example_time_delta_sensor_async']) retrieved from /home/airflow/.local/lib/python3.7/site-packages/airflow/example_dags/example_time_delta_sensor_async.py
[2022-03-16 00:02:31,769] {logging_mixin.py:109} INFO - [2022-03-16 00:02:31,769] {dag.py:2398} INFO - Sync 1 DAGs
[2022-03-16 00:02:31,782] {logging_mixin.py:109} INFO - [2022-03-16 00:02:31,782] {dag.py:2937} INFO - Setting next_dagrun for example_time_delta_sensor_async to None
[2022-03-16 00:02:32,668] {processor.py:171} INFO - Processing /home/airflow/.local/lib/python3.7/site-packages/airflow/example_dags/example_time_delta_sensor_async.py took 0.991 seconds
[2022-03-16 00:03:03,111] {processor.py:163} INFO - Started process (PID=2552) to work on /home/airflow/.local/lib/python3.7/site-packages/airflow/example_dags/example_time_delta_sensor_async.py
[2022-03-16 00:03:03,122] {processor.py:642} INFO - Processing file /home/airflow/.local/lib/python3.7/site-packages/airflow/example_dags/example_time_delta_sensor_async.py for tasks to queue
[2022-03-16 00:03:03,122] {logging_mixin.py:109} INFO - [2022-03-16 00:03:03,122] {dagbag.py:500} INFO - Filling up the DagBag from /home/airflow/.local/lib/python3.7/site-packages/airflow/example_dags/example_time_delta_sensor_async.py
[2022-03-16 00:03:03,142] {processor.py:654} INFO - DAG(s) dict_keys(['example_time_delta_sensor_async']) retrieved from /home/airflow/.local/lib/python3.7/site-packages/airflow/example_dags/example_time_delta_sensor_async.py
[2022-03-16 00:03:03,149] {logging_mixin.py:109} INFO - [2022-03-16 00:03:03,149] {dag.py:2398} INFO - Sync 1 DAGs
[2022-03-16 00:03:03,166] {logging_mixin.py:109} INFO - [2022-03-16 00:03:03,166] {dag.py:2937} INFO - Setting next_dagrun for example_time_delta_sensor_async to None
[2022-03-16 00:03:03,269] {processor.py:171} INFO - Processing /home/airflow/.local/lib/python3.7/site-packages/airflow/example_dags/example_time_delta_sensor_async.py took 0.160 seconds
[2022-03-16 00:03:34,192] {processor.py:163} INFO - Started process (PID=2602) to work on /home/airflow/.local/lib/python3.7/site-packages/airflow/example_dags/example_time_delta_sensor_async.py
[2022-03-16 00:03:34,223] {processor.py:642} INFO - Processing file /home/airflow/.local/lib/python3.7/site-packages/airflow/example_dags/example_time_delta_sensor_async.py for tasks to queue
[2022-03-16 00:03:34,224] {logging_mixin.py:109} INFO - [2022-03-16 00:03:34,223] {dagbag.py:500} INFO - Filling up the DagBag from /home/airflow/.local/lib/python3.7/site-packages/airflow/example_dags/example_time_delta_sensor_async.py
[2022-03-16 00:03:34,247] {processor.py:654} INFO - DAG(s) dict_keys(['example_time_delta_sensor_async']) retrieved from /home/airflow/.local/lib/python3.7/site-packages/airflow/example_dags/example_time_delta_sensor_async.py
[2022-03-16 00:03:34,255] {logging_mixin.py:109} INFO - [2022-03-16 00:03:34,255] {dag.py:2398} INFO - Sync 1 DAGs
[2022-03-16 00:03:34,271] {logging_mixin.py:109} INFO - [2022-03-16 00:03:34,270] {dag.py:2937} INFO - Setting next_dagrun for example_time_delta_sensor_async to None
[2022-03-16 00:03:34,454] {processor.py:171} INFO - Processing /home/airflow/.local/lib/python3.7/site-packages/airflow/example_dags/example_time_delta_sensor_async.py took 0.265 seconds
[2022-03-16 00:04:04,960] {processor.py:163} INFO - Started process (PID=2662) to work on /home/airflow/.local/lib/python3.7/site-packages/airflow/example_dags/example_time_delta_sensor_async.py
[2022-03-16 00:04:05,024] {processor.py:642} INFO - Processing file /home/airflow/.local/lib/python3.7/site-packages/airflow/example_dags/example_time_delta_sensor_async.py for tasks to queue
[2022-03-16 00:04:05,024] {logging_mixin.py:109} INFO - [2022-03-16 00:04:05,024] {dagbag.py:500} INFO - Filling up the DagBag from /home/airflow/.local/lib/python3.7/site-packages/airflow/example_dags/example_time_delta_sensor_async.py
[2022-03-16 00:04:05,044] {processor.py:654} INFO - DAG(s) dict_keys(['example_time_delta_sensor_async']) retrieved from /home/airflow/.local/lib/python3.7/site-packages/airflow/example_dags/example_time_delta_sensor_async.py
[2022-03-16 00:04:05,051] {logging_mixin.py:109} INFO - [2022-03-16 00:04:05,050] {dag.py:2398} INFO - Sync 1 DAGs
[2022-03-16 00:04:05,064] {logging_mixin.py:109} INFO - [2022-03-16 00:04:05,064] {dag.py:2937} INFO - Setting next_dagrun for example_time_delta_sensor_async to None
[2022-03-16 00:04:05,109] {processor.py:171} INFO - Processing /home/airflow/.local/lib/python3.7/site-packages/airflow/example_dags/example_time_delta_sensor_async.py took 0.151 seconds
[2022-03-16 00:04:35,714] {processor.py:163} INFO - Started process (PID=2725) to work on /home/airflow/.local/lib/python3.7/site-packages/airflow/example_dags/example_time_delta_sensor_async.py
[2022-03-16 00:04:35,744] {processor.py:642} INFO - Processing file /home/airflow/.local/lib/python3.7/site-packages/airflow/example_dags/example_time_delta_sensor_async.py for tasks to queue
[2022-03-16 00:04:35,745] {logging_mixin.py:109} INFO - [2022-03-16 00:04:35,745] {dagbag.py:500} INFO - Filling up the DagBag from /home/airflow/.local/lib/python3.7/site-packages/airflow/example_dags/example_time_delta_sensor_async.py
[2022-03-16 00:04:35,771] {processor.py:654} INFO - DAG(s) dict_keys(['example_time_delta_sensor_async']) retrieved from /home/airflow/.local/lib/python3.7/site-packages/airflow/example_dags/example_time_delta_sensor_async.py
[2022-03-16 00:04:35,778] {logging_mixin.py:109} INFO - [2022-03-16 00:04:35,778] {dag.py:2398} INFO - Sync 1 DAGs
[2022-03-16 00:04:35,789] {logging_mixin.py:109} INFO - [2022-03-16 00:04:35,789] {dag.py:2937} INFO - Setting next_dagrun for example_time_delta_sensor_async to None
[2022-03-16 00:04:35,830] {processor.py:171} INFO - Processing /home/airflow/.local/lib/python3.7/site-packages/airflow/example_dags/example_time_delta_sensor_async.py took 0.124 seconds
[2022-03-16 00:05:07,613] {processor.py:163} INFO - Started process (PID=2795) to work on /home/airflow/.local/lib/python3.7/site-packages/airflow/example_dags/example_time_delta_sensor_async.py
[2022-03-16 00:05:07,620] {processor.py:642} INFO - Processing file /home/airflow/.local/lib/python3.7/site-packages/airflow/example_dags/example_time_delta_sensor_async.py for tasks to queue
[2022-03-16 00:05:07,620] {logging_mixin.py:109} INFO - [2022-03-16 00:05:07,620] {dagbag.py:500} INFO - Filling up the DagBag from /home/airflow/.local/lib/python3.7/site-packages/airflow/example_dags/example_time_delta_sensor_async.py
[2022-03-16 00:05:07,638] {processor.py:654} INFO - DAG(s) dict_keys(['example_time_delta_sensor_async']) retrieved from /home/airflow/.local/lib/python3.7/site-packages/airflow/example_dags/example_time_delta_sensor_async.py
[2022-03-16 00:05:07,644] {logging_mixin.py:109} INFO - [2022-03-16 00:05:07,644] {dag.py:2398} INFO - Sync 1 DAGs
[2022-03-16 00:05:07,655] {logging_mixin.py:109} INFO - [2022-03-16 00:05:07,655] {dag.py:2937} INFO - Setting next_dagrun for example_time_delta_sensor_async to None
[2022-03-16 00:05:08,356] {processor.py:171} INFO - Processing /home/airflow/.local/lib/python3.7/site-packages/airflow/example_dags/example_time_delta_sensor_async.py took 0.745 seconds
[2022-03-16 00:05:39,571] {processor.py:163} INFO - Started process (PID=2845) to work on /home/airflow/.local/lib/python3.7/site-packages/airflow/example_dags/example_time_delta_sensor_async.py
[2022-03-16 00:05:39,582] {processor.py:642} INFO - Processing file /home/airflow/.local/lib/python3.7/site-packages/airflow/example_dags/example_time_delta_sensor_async.py for tasks to queue
[2022-03-16 00:05:39,583] {logging_mixin.py:109} INFO - [2022-03-16 00:05:39,583] {dagbag.py:500} INFO - Filling up the DagBag from /home/airflow/.local/lib/python3.7/site-packages/airflow/example_dags/example_time_delta_sensor_async.py
[2022-03-16 00:05:39,605] {processor.py:654} INFO - DAG(s) dict_keys(['example_time_delta_sensor_async']) retrieved from /home/airflow/.local/lib/python3.7/site-packages/airflow/example_dags/example_time_delta_sensor_async.py
[2022-03-16 00:05:39,613] {logging_mixin.py:109} INFO - [2022-03-16 00:05:39,613] {dag.py:2398} INFO - Sync 1 DAGs
[2022-03-16 00:05:39,627] {logging_mixin.py:109} INFO - [2022-03-16 00:05:39,627] {dag.py:2937} INFO - Setting next_dagrun for example_time_delta_sensor_async to None
[2022-03-16 00:05:39,663] {processor.py:171} INFO - Processing /home/airflow/.local/lib/python3.7/site-packages/airflow/example_dags/example_time_delta_sensor_async.py took 0.093 seconds
[2022-03-16 00:06:09,909] {processor.py:163} INFO - Started process (PID=2908) to work on /home/airflow/.local/lib/python3.7/site-packages/airflow/example_dags/example_time_delta_sensor_async.py
[2022-03-16 00:06:09,915] {processor.py:642} INFO - Processing file /home/airflow/.local/lib/python3.7/site-packages/airflow/example_dags/example_time_delta_sensor_async.py for tasks to queue
[2022-03-16 00:06:09,915] {logging_mixin.py:109} INFO - [2022-03-16 00:06:09,915] {dagbag.py:500} INFO - Filling up the DagBag from /home/airflow/.local/lib/python3.7/site-packages/airflow/example_dags/example_time_delta_sensor_async.py
[2022-03-16 00:06:09,935] {processor.py:654} INFO - DAG(s) dict_keys(['example_time_delta_sensor_async']) retrieved from /home/airflow/.local/lib/python3.7/site-packages/airflow/example_dags/example_time_delta_sensor_async.py
[2022-03-16 00:06:09,943] {logging_mixin.py:109} INFO - [2022-03-16 00:06:09,943] {dag.py:2398} INFO - Sync 1 DAGs
[2022-03-16 00:06:09,957] {logging_mixin.py:109} INFO - [2022-03-16 00:06:09,957] {dag.py:2937} INFO - Setting next_dagrun for example_time_delta_sensor_async to None
[2022-03-16 00:06:10,002] {processor.py:171} INFO - Processing /home/airflow/.local/lib/python3.7/site-packages/airflow/example_dags/example_time_delta_sensor_async.py took 0.095 seconds
[2022-03-16 00:06:41,027] {processor.py:163} INFO - Started process (PID=2974) to work on /home/airflow/.local/lib/python3.7/site-packages/airflow/example_dags/example_time_delta_sensor_async.py
[2022-03-16 00:06:41,030] {processor.py:642} INFO - Processing file /home/airflow/.local/lib/python3.7/site-packages/airflow/example_dags/example_time_delta_sensor_async.py for tasks to queue
[2022-03-16 00:06:41,031] {logging_mixin.py:109} INFO - [2022-03-16 00:06:41,031] {dagbag.py:500} INFO - Filling up the DagBag from /home/airflow/.local/lib/python3.7/site-packages/airflow/example_dags/example_time_delta_sensor_async.py
[2022-03-16 00:06:41,061] {processor.py:654} INFO - DAG(s) dict_keys(['example_time_delta_sensor_async']) retrieved from /home/airflow/.local/lib/python3.7/site-packages/airflow/example_dags/example_time_delta_sensor_async.py
[2022-03-16 00:06:41,067] {logging_mixin.py:109} INFO - [2022-03-16 00:06:41,067] {dag.py:2398} INFO - Sync 1 DAGs
[2022-03-16 00:06:41,078] {logging_mixin.py:109} INFO - [2022-03-16 00:06:41,078] {dag.py:2937} INFO - Setting next_dagrun for example_time_delta_sensor_async to None
[2022-03-16 00:06:41,677] {processor.py:171} INFO - Processing /home/airflow/.local/lib/python3.7/site-packages/airflow/example_dags/example_time_delta_sensor_async.py took 0.656 seconds
[2022-03-16 00:07:12,588] {processor.py:163} INFO - Started process (PID=3040) to work on /home/airflow/.local/lib/python3.7/site-packages/airflow/example_dags/example_time_delta_sensor_async.py
[2022-03-16 00:07:12,588] {processor.py:642} INFO - Processing file /home/airflow/.local/lib/python3.7/site-packages/airflow/example_dags/example_time_delta_sensor_async.py for tasks to queue
[2022-03-16 00:07:12,589] {logging_mixin.py:109} INFO - [2022-03-16 00:07:12,589] {dagbag.py:500} INFO - Filling up the DagBag from /home/airflow/.local/lib/python3.7/site-packages/airflow/example_dags/example_time_delta_sensor_async.py
[2022-03-16 00:07:12,611] {processor.py:654} INFO - DAG(s) dict_keys(['example_time_delta_sensor_async']) retrieved from /home/airflow/.local/lib/python3.7/site-packages/airflow/example_dags/example_time_delta_sensor_async.py
[2022-03-16 00:07:12,619] {logging_mixin.py:109} INFO - [2022-03-16 00:07:12,619] {dag.py:2398} INFO - Sync 1 DAGs
[2022-03-16 00:07:12,632] {logging_mixin.py:109} INFO - [2022-03-16 00:07:12,632] {dag.py:2937} INFO - Setting next_dagrun for example_time_delta_sensor_async to None
[2022-03-16 00:07:12,963] {processor.py:171} INFO - Processing /home/airflow/.local/lib/python3.7/site-packages/airflow/example_dags/example_time_delta_sensor_async.py took 0.378 seconds
[2022-03-16 00:07:43,339] {processor.py:163} INFO - Started process (PID=3089) to work on /home/airflow/.local/lib/python3.7/site-packages/airflow/example_dags/example_time_delta_sensor_async.py
[2022-03-16 00:07:43,340] {processor.py:642} INFO - Processing file /home/airflow/.local/lib/python3.7/site-packages/airflow/example_dags/example_time_delta_sensor_async.py for tasks to queue
[2022-03-16 00:07:43,340] {logging_mixin.py:109} INFO - [2022-03-16 00:07:43,340] {dagbag.py:500} INFO - Filling up the DagBag from /home/airflow/.local/lib/python3.7/site-packages/airflow/example_dags/example_time_delta_sensor_async.py
[2022-03-16 00:07:43,358] {processor.py:654} INFO - DAG(s) dict_keys(['example_time_delta_sensor_async']) retrieved from /home/airflow/.local/lib/python3.7/site-packages/airflow/example_dags/example_time_delta_sensor_async.py
[2022-03-16 00:07:43,364] {logging_mixin.py:109} INFO - [2022-03-16 00:07:43,364] {dag.py:2398} INFO - Sync 1 DAGs
[2022-03-16 00:07:43,376] {logging_mixin.py:109} INFO - [2022-03-16 00:07:43,376] {dag.py:2937} INFO - Setting next_dagrun for example_time_delta_sensor_async to None
[2022-03-16 00:07:43,419] {processor.py:171} INFO - Processing /home/airflow/.local/lib/python3.7/site-packages/airflow/example_dags/example_time_delta_sensor_async.py took 0.083 seconds
[2022-03-16 00:08:15,291] {processor.py:163} INFO - Started process (PID=3154) to work on /home/airflow/.local/lib/python3.7/site-packages/airflow/example_dags/example_time_delta_sensor_async.py
[2022-03-16 00:08:15,294] {processor.py:642} INFO - Processing file /home/airflow/.local/lib/python3.7/site-packages/airflow/example_dags/example_time_delta_sensor_async.py for tasks to queue
[2022-03-16 00:08:15,294] {logging_mixin.py:109} INFO - [2022-03-16 00:08:15,294] {dagbag.py:500} INFO - Filling up the DagBag from /home/airflow/.local/lib/python3.7/site-packages/airflow/example_dags/example_time_delta_sensor_async.py
[2022-03-16 00:08:15,323] {processor.py:654} INFO - DAG(s) dict_keys(['example_time_delta_sensor_async']) retrieved from /home/airflow/.local/lib/python3.7/site-packages/airflow/example_dags/example_time_delta_sensor_async.py
[2022-03-16 00:08:15,332] {logging_mixin.py:109} INFO - [2022-03-16 00:08:15,332] {dag.py:2398} INFO - Sync 1 DAGs
[2022-03-16 00:08:15,347] {logging_mixin.py:109} INFO - [2022-03-16 00:08:15,347] {dag.py:2937} INFO - Setting next_dagrun for example_time_delta_sensor_async to None
[2022-03-16 00:08:15,391] {processor.py:171} INFO - Processing /home/airflow/.local/lib/python3.7/site-packages/airflow/example_dags/example_time_delta_sensor_async.py took 0.102 seconds
[2022-03-16 00:08:46,320] {processor.py:163} INFO - Started process (PID=3221) to work on /home/airflow/.local/lib/python3.7/site-packages/airflow/example_dags/example_time_delta_sensor_async.py
[2022-03-16 00:08:46,321] {processor.py:642} INFO - Processing file /home/airflow/.local/lib/python3.7/site-packages/airflow/example_dags/example_time_delta_sensor_async.py for tasks to queue
[2022-03-16 00:08:46,321] {logging_mixin.py:109} INFO - [2022-03-16 00:08:46,321] {dagbag.py:500} INFO - Filling up the DagBag from /home/airflow/.local/lib/python3.7/site-packages/airflow/example_dags/example_time_delta_sensor_async.py
[2022-03-16 00:08:46,338] {processor.py:654} INFO - DAG(s) dict_keys(['example_time_delta_sensor_async']) retrieved from /home/airflow/.local/lib/python3.7/site-packages/airflow/example_dags/example_time_delta_sensor_async.py
[2022-03-16 00:08:46,344] {logging_mixin.py:109} INFO - [2022-03-16 00:08:46,343] {dag.py:2398} INFO - Sync 1 DAGs
[2022-03-16 00:08:46,354] {logging_mixin.py:109} INFO - [2022-03-16 00:08:46,354] {dag.py:2937} INFO - Setting next_dagrun for example_time_delta_sensor_async to None
[2022-03-16 00:08:46,400] {processor.py:171} INFO - Processing /home/airflow/.local/lib/python3.7/site-packages/airflow/example_dags/example_time_delta_sensor_async.py took 0.082 seconds
[2022-03-16 00:09:17,366] {processor.py:163} INFO - Started process (PID=3283) to work on /home/airflow/.local/lib/python3.7/site-packages/airflow/example_dags/example_time_delta_sensor_async.py
[2022-03-16 00:09:17,412] {processor.py:642} INFO - Processing file /home/airflow/.local/lib/python3.7/site-packages/airflow/example_dags/example_time_delta_sensor_async.py for tasks to queue
[2022-03-16 00:09:17,412] {logging_mixin.py:109} INFO - [2022-03-16 00:09:17,412] {dagbag.py:500} INFO - Filling up the DagBag from /home/airflow/.local/lib/python3.7/site-packages/airflow/example_dags/example_time_delta_sensor_async.py
[2022-03-16 00:09:17,437] {processor.py:654} INFO - DAG(s) dict_keys(['example_time_delta_sensor_async']) retrieved from /home/airflow/.local/lib/python3.7/site-packages/airflow/example_dags/example_time_delta_sensor_async.py
[2022-03-16 00:09:17,445] {logging_mixin.py:109} INFO - [2022-03-16 00:09:17,445] {dag.py:2398} INFO - Sync 1 DAGs
[2022-03-16 00:09:17,462] {logging_mixin.py:109} INFO - [2022-03-16 00:09:17,462] {dag.py:2937} INFO - Setting next_dagrun for example_time_delta_sensor_async to None
[2022-03-16 00:09:17,510] {processor.py:171} INFO - Processing /home/airflow/.local/lib/python3.7/site-packages/airflow/example_dags/example_time_delta_sensor_async.py took 0.147 seconds
[2022-03-16 00:09:47,690] {processor.py:163} INFO - Started process (PID=3335) to work on /home/airflow/.local/lib/python3.7/site-packages/airflow/example_dags/example_time_delta_sensor_async.py
[2022-03-16 00:09:47,698] {processor.py:642} INFO - Processing file /home/airflow/.local/lib/python3.7/site-packages/airflow/example_dags/example_time_delta_sensor_async.py for tasks to queue
[2022-03-16 00:09:47,699] {logging_mixin.py:109} INFO - [2022-03-16 00:09:47,698] {dagbag.py:500} INFO - Filling up the DagBag from /home/airflow/.local/lib/python3.7/site-packages/airflow/example_dags/example_time_delta_sensor_async.py
[2022-03-16 00:09:47,740] {processor.py:654} INFO - DAG(s) dict_keys(['example_time_delta_sensor_async']) retrieved from /home/airflow/.local/lib/python3.7/site-packages/airflow/example_dags/example_time_delta_sensor_async.py
[2022-03-16 00:09:47,747] {logging_mixin.py:109} INFO - [2022-03-16 00:09:47,747] {dag.py:2398} INFO - Sync 1 DAGs
[2022-03-16 00:09:47,758] {logging_mixin.py:109} INFO - [2022-03-16 00:09:47,758] {dag.py:2937} INFO - Setting next_dagrun for example_time_delta_sensor_async to None
[2022-03-16 00:09:48,446] {processor.py:171} INFO - Processing /home/airflow/.local/lib/python3.7/site-packages/airflow/example_dags/example_time_delta_sensor_async.py took 0.760 seconds
[2022-03-16 00:10:19,429] {processor.py:163} INFO - Started process (PID=3392) to work on /home/airflow/.local/lib/python3.7/site-packages/airflow/example_dags/example_time_delta_sensor_async.py
[2022-03-16 00:10:19,430] {processor.py:642} INFO - Processing file /home/airflow/.local/lib/python3.7/site-packages/airflow/example_dags/example_time_delta_sensor_async.py for tasks to queue
[2022-03-16 00:10:19,430] {logging_mixin.py:109} INFO - [2022-03-16 00:10:19,430] {dagbag.py:500} INFO - Filling up the DagBag from /home/airflow/.local/lib/python3.7/site-packages/airflow/example_dags/example_time_delta_sensor_async.py
[2022-03-16 00:10:19,451] {processor.py:654} INFO - DAG(s) dict_keys(['example_time_delta_sensor_async']) retrieved from /home/airflow/.local/lib/python3.7/site-packages/airflow/example_dags/example_time_delta_sensor_async.py
[2022-03-16 00:10:19,460] {logging_mixin.py:109} INFO - [2022-03-16 00:10:19,460] {dag.py:2398} INFO - Sync 1 DAGs
[2022-03-16 00:10:19,476] {logging_mixin.py:109} INFO - [2022-03-16 00:10:19,476] {dag.py:2937} INFO - Setting next_dagrun for example_time_delta_sensor_async to None
[2022-03-16 00:10:19,516] {processor.py:171} INFO - Processing /home/airflow/.local/lib/python3.7/site-packages/airflow/example_dags/example_time_delta_sensor_async.py took 0.089 seconds
[2022-03-16 00:10:49,775] {processor.py:163} INFO - Started process (PID=3465) to work on /home/airflow/.local/lib/python3.7/site-packages/airflow/example_dags/example_time_delta_sensor_async.py
[2022-03-16 00:10:49,776] {processor.py:642} INFO - Processing file /home/airflow/.local/lib/python3.7/site-packages/airflow/example_dags/example_time_delta_sensor_async.py for tasks to queue
[2022-03-16 00:10:49,776] {logging_mixin.py:109} INFO - [2022-03-16 00:10:49,776] {dagbag.py:500} INFO - Filling up the DagBag from /home/airflow/.local/lib/python3.7/site-packages/airflow/example_dags/example_time_delta_sensor_async.py
[2022-03-16 00:10:49,795] {processor.py:654} INFO - DAG(s) dict_keys(['example_time_delta_sensor_async']) retrieved from /home/airflow/.local/lib/python3.7/site-packages/airflow/example_dags/example_time_delta_sensor_async.py
[2022-03-16 00:10:49,802] {logging_mixin.py:109} INFO - [2022-03-16 00:10:49,802] {dag.py:2398} INFO - Sync 1 DAGs
[2022-03-16 00:10:49,816] {logging_mixin.py:109} INFO - [2022-03-16 00:10:49,816] {dag.py:2937} INFO - Setting next_dagrun for example_time_delta_sensor_async to None
[2022-03-16 00:10:49,863] {processor.py:171} INFO - Processing /home/airflow/.local/lib/python3.7/site-packages/airflow/example_dags/example_time_delta_sensor_async.py took 0.089 seconds
[2022-03-16 00:11:20,995] {processor.py:163} INFO - Started process (PID=3520) to work on /home/airflow/.local/lib/python3.7/site-packages/airflow/example_dags/example_time_delta_sensor_async.py
[2022-03-16 00:11:20,996] {processor.py:642} INFO - Processing file /home/airflow/.local/lib/python3.7/site-packages/airflow/example_dags/example_time_delta_sensor_async.py for tasks to queue
[2022-03-16 00:11:20,996] {logging_mixin.py:109} INFO - [2022-03-16 00:11:20,996] {dagbag.py:500} INFO - Filling up the DagBag from /home/airflow/.local/lib/python3.7/site-packages/airflow/example_dags/example_time_delta_sensor_async.py
[2022-03-16 00:11:21,015] {processor.py:654} INFO - DAG(s) dict_keys(['example_time_delta_sensor_async']) retrieved from /home/airflow/.local/lib/python3.7/site-packages/airflow/example_dags/example_time_delta_sensor_async.py
[2022-03-16 00:11:21,021] {logging_mixin.py:109} INFO - [2022-03-16 00:11:21,021] {dag.py:2398} INFO - Sync 1 DAGs
[2022-03-16 00:11:21,032] {logging_mixin.py:109} INFO - [2022-03-16 00:11:21,032] {dag.py:2937} INFO - Setting next_dagrun for example_time_delta_sensor_async to None
[2022-03-16 00:11:21,087] {processor.py:171} INFO - Processing /home/airflow/.local/lib/python3.7/site-packages/airflow/example_dags/example_time_delta_sensor_async.py took 0.094 seconds
[2022-03-16 00:11:52,885] {processor.py:163} INFO - Started process (PID=3579) to work on /home/airflow/.local/lib/python3.7/site-packages/airflow/example_dags/example_time_delta_sensor_async.py
[2022-03-16 00:11:52,893] {processor.py:642} INFO - Processing file /home/airflow/.local/lib/python3.7/site-packages/airflow/example_dags/example_time_delta_sensor_async.py for tasks to queue
[2022-03-16 00:11:52,893] {logging_mixin.py:109} INFO - [2022-03-16 00:11:52,893] {dagbag.py:500} INFO - Filling up the DagBag from /home/airflow/.local/lib/python3.7/site-packages/airflow/example_dags/example_time_delta_sensor_async.py
[2022-03-16 00:11:52,911] {processor.py:654} INFO - DAG(s) dict_keys(['example_time_delta_sensor_async']) retrieved from /home/airflow/.local/lib/python3.7/site-packages/airflow/example_dags/example_time_delta_sensor_async.py
[2022-03-16 00:11:52,917] {logging_mixin.py:109} INFO - [2022-03-16 00:11:52,917] {dag.py:2398} INFO - Sync 1 DAGs
[2022-03-16 00:11:52,928] {logging_mixin.py:109} INFO - [2022-03-16 00:11:52,928] {dag.py:2937} INFO - Setting next_dagrun for example_time_delta_sensor_async to None
[2022-03-16 00:11:52,965] {processor.py:171} INFO - Processing /home/airflow/.local/lib/python3.7/site-packages/airflow/example_dags/example_time_delta_sensor_async.py took 0.082 seconds
[2022-03-16 00:12:23,244] {processor.py:163} INFO - Started process (PID=3637) to work on /home/airflow/.local/lib/python3.7/site-packages/airflow/example_dags/example_time_delta_sensor_async.py
[2022-03-16 00:12:23,255] {processor.py:642} INFO - Processing file /home/airflow/.local/lib/python3.7/site-packages/airflow/example_dags/example_time_delta_sensor_async.py for tasks to queue
[2022-03-16 00:12:23,255] {logging_mixin.py:109} INFO - [2022-03-16 00:12:23,255] {dagbag.py:500} INFO - Filling up the DagBag from /home/airflow/.local/lib/python3.7/site-packages/airflow/example_dags/example_time_delta_sensor_async.py
[2022-03-16 00:12:23,272] {processor.py:654} INFO - DAG(s) dict_keys(['example_time_delta_sensor_async']) retrieved from /home/airflow/.local/lib/python3.7/site-packages/airflow/example_dags/example_time_delta_sensor_async.py
[2022-03-16 00:12:23,278] {logging_mixin.py:109} INFO - [2022-03-16 00:12:23,278] {dag.py:2398} INFO - Sync 1 DAGs
[2022-03-16 00:12:23,289] {logging_mixin.py:109} INFO - [2022-03-16 00:12:23,289] {dag.py:2937} INFO - Setting next_dagrun for example_time_delta_sensor_async to None
[2022-03-16 00:12:23,337] {processor.py:171} INFO - Processing /home/airflow/.local/lib/python3.7/site-packages/airflow/example_dags/example_time_delta_sensor_async.py took 0.094 seconds
[2022-03-16 00:12:54,081] {processor.py:163} INFO - Started process (PID=3697) to work on /home/airflow/.local/lib/python3.7/site-packages/airflow/example_dags/example_time_delta_sensor_async.py
[2022-03-16 00:12:54,089] {processor.py:642} INFO - Processing file /home/airflow/.local/lib/python3.7/site-packages/airflow/example_dags/example_time_delta_sensor_async.py for tasks to queue
[2022-03-16 00:12:54,089] {logging_mixin.py:109} INFO - [2022-03-16 00:12:54,089] {dagbag.py:500} INFO - Filling up the DagBag from /home/airflow/.local/lib/python3.7/site-packages/airflow/example_dags/example_time_delta_sensor_async.py
[2022-03-16 00:12:54,108] {processor.py:654} INFO - DAG(s) dict_keys(['example_time_delta_sensor_async']) retrieved from /home/airflow/.local/lib/python3.7/site-packages/airflow/example_dags/example_time_delta_sensor_async.py
[2022-03-16 00:12:54,116] {logging_mixin.py:109} INFO - [2022-03-16 00:12:54,116] {dag.py:2398} INFO - Sync 1 DAGs
[2022-03-16 00:12:54,131] {logging_mixin.py:109} INFO - [2022-03-16 00:12:54,131] {dag.py:2937} INFO - Setting next_dagrun for example_time_delta_sensor_async to None
[2022-03-16 00:12:54,173] {processor.py:171} INFO - Processing /home/airflow/.local/lib/python3.7/site-packages/airflow/example_dags/example_time_delta_sensor_async.py took 0.094 seconds
[2022-03-16 00:13:24,878] {processor.py:163} INFO - Started process (PID=3760) to work on /home/airflow/.local/lib/python3.7/site-packages/airflow/example_dags/example_time_delta_sensor_async.py
[2022-03-16 00:13:24,887] {processor.py:642} INFO - Processing file /home/airflow/.local/lib/python3.7/site-packages/airflow/example_dags/example_time_delta_sensor_async.py for tasks to queue
[2022-03-16 00:13:24,888] {logging_mixin.py:109} INFO - [2022-03-16 00:13:24,888] {dagbag.py:500} INFO - Filling up the DagBag from /home/airflow/.local/lib/python3.7/site-packages/airflow/example_dags/example_time_delta_sensor_async.py
[2022-03-16 00:13:24,907] {processor.py:654} INFO - DAG(s) dict_keys(['example_time_delta_sensor_async']) retrieved from /home/airflow/.local/lib/python3.7/site-packages/airflow/example_dags/example_time_delta_sensor_async.py
[2022-03-16 00:13:24,913] {logging_mixin.py:109} INFO - [2022-03-16 00:13:24,913] {dag.py:2398} INFO - Sync 1 DAGs
[2022-03-16 00:13:24,926] {logging_mixin.py:109} INFO - [2022-03-16 00:13:24,926] {dag.py:2937} INFO - Setting next_dagrun for example_time_delta_sensor_async to None
[2022-03-16 00:13:24,971] {processor.py:171} INFO - Processing /home/airflow/.local/lib/python3.7/site-packages/airflow/example_dags/example_time_delta_sensor_async.py took 0.095 seconds
[2022-03-16 00:13:55,267] {processor.py:163} INFO - Started process (PID=3811) to work on /home/airflow/.local/lib/python3.7/site-packages/airflow/example_dags/example_time_delta_sensor_async.py
[2022-03-16 00:13:55,270] {processor.py:642} INFO - Processing file /home/airflow/.local/lib/python3.7/site-packages/airflow/example_dags/example_time_delta_sensor_async.py for tasks to queue
[2022-03-16 00:13:55,271] {logging_mixin.py:109} INFO - [2022-03-16 00:13:55,271] {dagbag.py:500} INFO - Filling up the DagBag from /home/airflow/.local/lib/python3.7/site-packages/airflow/example_dags/example_time_delta_sensor_async.py
[2022-03-16 00:13:55,299] {processor.py:654} INFO - DAG(s) dict_keys(['example_time_delta_sensor_async']) retrieved from /home/airflow/.local/lib/python3.7/site-packages/airflow/example_dags/example_time_delta_sensor_async.py
[2022-03-16 00:13:55,305] {logging_mixin.py:109} INFO - [2022-03-16 00:13:55,305] {dag.py:2398} INFO - Sync 1 DAGs
[2022-03-16 00:13:55,315] {logging_mixin.py:109} INFO - [2022-03-16 00:13:55,315] {dag.py:2937} INFO - Setting next_dagrun for example_time_delta_sensor_async to None
[2022-03-16 00:13:56,494] {processor.py:171} INFO - Processing /home/airflow/.local/lib/python3.7/site-packages/airflow/example_dags/example_time_delta_sensor_async.py took 1.234 seconds
[2022-03-16 00:14:28,152] {processor.py:163} INFO - Started process (PID=3882) to work on /home/airflow/.local/lib/python3.7/site-packages/airflow/example_dags/example_time_delta_sensor_async.py
[2022-03-16 00:14:28,160] {processor.py:642} INFO - Processing file /home/airflow/.local/lib/python3.7/site-packages/airflow/example_dags/example_time_delta_sensor_async.py for tasks to queue
[2022-03-16 00:14:28,160] {logging_mixin.py:109} INFO - [2022-03-16 00:14:28,160] {dagbag.py:500} INFO - Filling up the DagBag from /home/airflow/.local/lib/python3.7/site-packages/airflow/example_dags/example_time_delta_sensor_async.py
[2022-03-16 00:14:28,191] {processor.py:654} INFO - DAG(s) dict_keys(['example_time_delta_sensor_async']) retrieved from /home/airflow/.local/lib/python3.7/site-packages/airflow/example_dags/example_time_delta_sensor_async.py
[2022-03-16 00:14:28,201] {logging_mixin.py:109} INFO - [2022-03-16 00:14:28,200] {dag.py:2398} INFO - Sync 1 DAGs
[2022-03-16 00:14:28,219] {logging_mixin.py:109} INFO - [2022-03-16 00:14:28,218] {dag.py:2937} INFO - Setting next_dagrun for example_time_delta_sensor_async to None
[2022-03-16 00:14:28,276] {processor.py:171} INFO - Processing /home/airflow/.local/lib/python3.7/site-packages/airflow/example_dags/example_time_delta_sensor_async.py took 0.125 seconds
[2022-03-16 00:14:59,319] {processor.py:163} INFO - Started process (PID=3943) to work on /home/airflow/.local/lib/python3.7/site-packages/airflow/example_dags/example_time_delta_sensor_async.py
[2022-03-16 00:14:59,326] {processor.py:642} INFO - Processing file /home/airflow/.local/lib/python3.7/site-packages/airflow/example_dags/example_time_delta_sensor_async.py for tasks to queue
[2022-03-16 00:14:59,327] {logging_mixin.py:109} INFO - [2022-03-16 00:14:59,327] {dagbag.py:500} INFO - Filling up the DagBag from /home/airflow/.local/lib/python3.7/site-packages/airflow/example_dags/example_time_delta_sensor_async.py
[2022-03-16 00:14:59,348] {processor.py:654} INFO - DAG(s) dict_keys(['example_time_delta_sensor_async']) retrieved from /home/airflow/.local/lib/python3.7/site-packages/airflow/example_dags/example_time_delta_sensor_async.py
[2022-03-16 00:14:59,355] {logging_mixin.py:109} INFO - [2022-03-16 00:14:59,355] {dag.py:2398} INFO - Sync 1 DAGs
[2022-03-16 00:14:59,368] {logging_mixin.py:109} INFO - [2022-03-16 00:14:59,368] {dag.py:2937} INFO - Setting next_dagrun for example_time_delta_sensor_async to None
[2022-03-16 00:14:59,450] {processor.py:171} INFO - Processing /home/airflow/.local/lib/python3.7/site-packages/airflow/example_dags/example_time_delta_sensor_async.py took 0.132 seconds
[2022-03-16 00:15:30,927] {processor.py:163} INFO - Started process (PID=3996) to work on /home/airflow/.local/lib/python3.7/site-packages/airflow/example_dags/example_time_delta_sensor_async.py
[2022-03-16 00:15:30,973] {processor.py:642} INFO - Processing file /home/airflow/.local/lib/python3.7/site-packages/airflow/example_dags/example_time_delta_sensor_async.py for tasks to queue
[2022-03-16 00:15:30,973] {logging_mixin.py:109} INFO - [2022-03-16 00:15:30,973] {dagbag.py:500} INFO - Filling up the DagBag from /home/airflow/.local/lib/python3.7/site-packages/airflow/example_dags/example_time_delta_sensor_async.py
[2022-03-16 00:15:30,991] {processor.py:654} INFO - DAG(s) dict_keys(['example_time_delta_sensor_async']) retrieved from /home/airflow/.local/lib/python3.7/site-packages/airflow/example_dags/example_time_delta_sensor_async.py
[2022-03-16 00:15:30,997] {logging_mixin.py:109} INFO - [2022-03-16 00:15:30,997] {dag.py:2398} INFO - Sync 1 DAGs
[2022-03-16 00:15:31,008] {logging_mixin.py:109} INFO - [2022-03-16 00:15:31,008] {dag.py:2937} INFO - Setting next_dagrun for example_time_delta_sensor_async to None
[2022-03-16 00:15:31,044] {processor.py:171} INFO - Processing /home/airflow/.local/lib/python3.7/site-packages/airflow/example_dags/example_time_delta_sensor_async.py took 0.119 seconds
[2022-03-16 00:16:01,180] {processor.py:163} INFO - Started process (PID=4055) to work on /home/airflow/.local/lib/python3.7/site-packages/airflow/example_dags/example_time_delta_sensor_async.py
[2022-03-16 00:16:01,187] {processor.py:642} INFO - Processing file /home/airflow/.local/lib/python3.7/site-packages/airflow/example_dags/example_time_delta_sensor_async.py for tasks to queue
[2022-03-16 00:16:01,187] {logging_mixin.py:109} INFO - [2022-03-16 00:16:01,187] {dagbag.py:500} INFO - Filling up the DagBag from /home/airflow/.local/lib/python3.7/site-packages/airflow/example_dags/example_time_delta_sensor_async.py
[2022-03-16 00:16:01,207] {processor.py:654} INFO - DAG(s) dict_keys(['example_time_delta_sensor_async']) retrieved from /home/airflow/.local/lib/python3.7/site-packages/airflow/example_dags/example_time_delta_sensor_async.py
[2022-03-16 00:16:01,214] {logging_mixin.py:109} INFO - [2022-03-16 00:16:01,214] {dag.py:2398} INFO - Sync 1 DAGs
[2022-03-16 00:16:01,228] {logging_mixin.py:109} INFO - [2022-03-16 00:16:01,227] {dag.py:2937} INFO - Setting next_dagrun for example_time_delta_sensor_async to None
[2022-03-16 00:16:01,306] {processor.py:171} INFO - Processing /home/airflow/.local/lib/python3.7/site-packages/airflow/example_dags/example_time_delta_sensor_async.py took 0.128 seconds
[2022-03-16 00:16:31,493] {processor.py:163} INFO - Started process (PID=4117) to work on /home/airflow/.local/lib/python3.7/site-packages/airflow/example_dags/example_time_delta_sensor_async.py
[2022-03-16 00:16:31,502] {processor.py:642} INFO - Processing file /home/airflow/.local/lib/python3.7/site-packages/airflow/example_dags/example_time_delta_sensor_async.py for tasks to queue
[2022-03-16 00:16:31,503] {logging_mixin.py:109} INFO - [2022-03-16 00:16:31,503] {dagbag.py:500} INFO - Filling up the DagBag from /home/airflow/.local/lib/python3.7/site-packages/airflow/example_dags/example_time_delta_sensor_async.py
[2022-03-16 00:16:31,521] {processor.py:654} INFO - DAG(s) dict_keys(['example_time_delta_sensor_async']) retrieved from /home/airflow/.local/lib/python3.7/site-packages/airflow/example_dags/example_time_delta_sensor_async.py
[2022-03-16 00:16:31,527] {logging_mixin.py:109} INFO - [2022-03-16 00:16:31,527] {dag.py:2398} INFO - Sync 1 DAGs
[2022-03-16 00:16:31,538] {logging_mixin.py:109} INFO - [2022-03-16 00:16:31,538] {dag.py:2937} INFO - Setting next_dagrun for example_time_delta_sensor_async to None
[2022-03-16 00:16:31,616] {processor.py:171} INFO - Processing /home/airflow/.local/lib/python3.7/site-packages/airflow/example_dags/example_time_delta_sensor_async.py took 0.125 seconds
[2022-03-16 00:17:03,088] {processor.py:163} INFO - Started process (PID=4176) to work on /home/airflow/.local/lib/python3.7/site-packages/airflow/example_dags/example_time_delta_sensor_async.py
[2022-03-16 00:17:03,093] {processor.py:642} INFO - Processing file /home/airflow/.local/lib/python3.7/site-packages/airflow/example_dags/example_time_delta_sensor_async.py for tasks to queue
[2022-03-16 00:17:03,093] {logging_mixin.py:109} INFO - [2022-03-16 00:17:03,093] {dagbag.py:500} INFO - Filling up the DagBag from /home/airflow/.local/lib/python3.7/site-packages/airflow/example_dags/example_time_delta_sensor_async.py
[2022-03-16 00:17:03,111] {processor.py:654} INFO - DAG(s) dict_keys(['example_time_delta_sensor_async']) retrieved from /home/airflow/.local/lib/python3.7/site-packages/airflow/example_dags/example_time_delta_sensor_async.py
[2022-03-16 00:17:03,117] {logging_mixin.py:109} INFO - [2022-03-16 00:17:03,117] {dag.py:2398} INFO - Sync 1 DAGs
[2022-03-16 00:17:03,128] {logging_mixin.py:109} INFO - [2022-03-16 00:17:03,128] {dag.py:2937} INFO - Setting next_dagrun for example_time_delta_sensor_async to None
[2022-03-16 00:17:03,329] {processor.py:171} INFO - Processing /home/airflow/.local/lib/python3.7/site-packages/airflow/example_dags/example_time_delta_sensor_async.py took 0.242 seconds
[2022-03-16 00:17:33,679] {processor.py:163} INFO - Started process (PID=4237) to work on /home/airflow/.local/lib/python3.7/site-packages/airflow/example_dags/example_time_delta_sensor_async.py
[2022-03-16 00:17:33,683] {processor.py:642} INFO - Processing file /home/airflow/.local/lib/python3.7/site-packages/airflow/example_dags/example_time_delta_sensor_async.py for tasks to queue
[2022-03-16 00:17:33,683] {logging_mixin.py:109} INFO - [2022-03-16 00:17:33,683] {dagbag.py:500} INFO - Filling up the DagBag from /home/airflow/.local/lib/python3.7/site-packages/airflow/example_dags/example_time_delta_sensor_async.py
[2022-03-16 00:17:33,709] {processor.py:654} INFO - DAG(s) dict_keys(['example_time_delta_sensor_async']) retrieved from /home/airflow/.local/lib/python3.7/site-packages/airflow/example_dags/example_time_delta_sensor_async.py
[2022-03-16 00:17:33,721] {logging_mixin.py:109} INFO - [2022-03-16 00:17:33,721] {dag.py:2398} INFO - Sync 1 DAGs
[2022-03-16 00:17:33,740] {logging_mixin.py:109} INFO - [2022-03-16 00:17:33,740] {dag.py:2937} INFO - Setting next_dagrun for example_time_delta_sensor_async to None
[2022-03-16 00:17:33,791] {processor.py:171} INFO - Processing /home/airflow/.local/lib/python3.7/site-packages/airflow/example_dags/example_time_delta_sensor_async.py took 0.114 seconds
[2022-03-16 00:18:06,007] {processor.py:163} INFO - Started process (PID=4290) to work on /home/airflow/.local/lib/python3.7/site-packages/airflow/example_dags/example_time_delta_sensor_async.py
[2022-03-16 00:18:06,015] {processor.py:642} INFO - Processing file /home/airflow/.local/lib/python3.7/site-packages/airflow/example_dags/example_time_delta_sensor_async.py for tasks to queue
[2022-03-16 00:18:06,016] {logging_mixin.py:109} INFO - [2022-03-16 00:18:06,016] {dagbag.py:500} INFO - Filling up the DagBag from /home/airflow/.local/lib/python3.7/site-packages/airflow/example_dags/example_time_delta_sensor_async.py
[2022-03-16 00:18:06,065] {processor.py:654} INFO - DAG(s) dict_keys(['example_time_delta_sensor_async']) retrieved from /home/airflow/.local/lib/python3.7/site-packages/airflow/example_dags/example_time_delta_sensor_async.py
[2022-03-16 00:18:06,082] {logging_mixin.py:109} INFO - [2022-03-16 00:18:06,082] {dag.py:2398} INFO - Sync 1 DAGs
[2022-03-16 00:18:06,111] {logging_mixin.py:109} INFO - [2022-03-16 00:18:06,111] {dag.py:2937} INFO - Setting next_dagrun for example_time_delta_sensor_async to None
[2022-03-16 00:18:06,177] {processor.py:171} INFO - Processing /home/airflow/.local/lib/python3.7/site-packages/airflow/example_dags/example_time_delta_sensor_async.py took 0.173 seconds
[2022-03-16 00:18:37,247] {processor.py:163} INFO - Started process (PID=4364) to work on /home/airflow/.local/lib/python3.7/site-packages/airflow/example_dags/example_time_delta_sensor_async.py
[2022-03-16 00:18:37,252] {processor.py:642} INFO - Processing file /home/airflow/.local/lib/python3.7/site-packages/airflow/example_dags/example_time_delta_sensor_async.py for tasks to queue
[2022-03-16 00:18:37,253] {logging_mixin.py:109} INFO - [2022-03-16 00:18:37,253] {dagbag.py:500} INFO - Filling up the DagBag from /home/airflow/.local/lib/python3.7/site-packages/airflow/example_dags/example_time_delta_sensor_async.py
[2022-03-16 00:18:37,271] {processor.py:654} INFO - DAG(s) dict_keys(['example_time_delta_sensor_async']) retrieved from /home/airflow/.local/lib/python3.7/site-packages/airflow/example_dags/example_time_delta_sensor_async.py
[2022-03-16 00:18:37,278] {logging_mixin.py:109} INFO - [2022-03-16 00:18:37,278] {dag.py:2398} INFO - Sync 1 DAGs
[2022-03-16 00:18:37,290] {logging_mixin.py:109} INFO - [2022-03-16 00:18:37,290] {dag.py:2937} INFO - Setting next_dagrun for example_time_delta_sensor_async to None
[2022-03-16 00:18:37,344] {processor.py:171} INFO - Processing /home/airflow/.local/lib/python3.7/site-packages/airflow/example_dags/example_time_delta_sensor_async.py took 0.099 seconds
[2022-03-16 00:19:07,982] {processor.py:163} INFO - Started process (PID=4424) to work on /home/airflow/.local/lib/python3.7/site-packages/airflow/example_dags/example_time_delta_sensor_async.py
[2022-03-16 00:19:07,991] {processor.py:642} INFO - Processing file /home/airflow/.local/lib/python3.7/site-packages/airflow/example_dags/example_time_delta_sensor_async.py for tasks to queue
[2022-03-16 00:19:07,992] {logging_mixin.py:109} INFO - [2022-03-16 00:19:07,992] {dagbag.py:500} INFO - Filling up the DagBag from /home/airflow/.local/lib/python3.7/site-packages/airflow/example_dags/example_time_delta_sensor_async.py
[2022-03-16 00:19:08,011] {processor.py:654} INFO - DAG(s) dict_keys(['example_time_delta_sensor_async']) retrieved from /home/airflow/.local/lib/python3.7/site-packages/airflow/example_dags/example_time_delta_sensor_async.py
[2022-03-16 00:19:08,017] {logging_mixin.py:109} INFO - [2022-03-16 00:19:08,017] {dag.py:2398} INFO - Sync 1 DAGs
[2022-03-16 00:19:08,028] {logging_mixin.py:109} INFO - [2022-03-16 00:19:08,028] {dag.py:2937} INFO - Setting next_dagrun for example_time_delta_sensor_async to None
[2022-03-16 00:19:08,082] {processor.py:171} INFO - Processing /home/airflow/.local/lib/python3.7/site-packages/airflow/example_dags/example_time_delta_sensor_async.py took 0.102 seconds
[2022-03-16 00:19:39,707] {processor.py:163} INFO - Started process (PID=4483) to work on /home/airflow/.local/lib/python3.7/site-packages/airflow/example_dags/example_time_delta_sensor_async.py
[2022-03-16 00:19:39,708] {processor.py:642} INFO - Processing file /home/airflow/.local/lib/python3.7/site-packages/airflow/example_dags/example_time_delta_sensor_async.py for tasks to queue
[2022-03-16 00:19:39,708] {logging_mixin.py:109} INFO - [2022-03-16 00:19:39,708] {dagbag.py:500} INFO - Filling up the DagBag from /home/airflow/.local/lib/python3.7/site-packages/airflow/example_dags/example_time_delta_sensor_async.py
[2022-03-16 00:19:39,726] {processor.py:654} INFO - DAG(s) dict_keys(['example_time_delta_sensor_async']) retrieved from /home/airflow/.local/lib/python3.7/site-packages/airflow/example_dags/example_time_delta_sensor_async.py
[2022-03-16 00:19:39,732] {logging_mixin.py:109} INFO - [2022-03-16 00:19:39,731] {dag.py:2398} INFO - Sync 1 DAGs
[2022-03-16 00:19:39,743] {logging_mixin.py:109} INFO - [2022-03-16 00:19:39,743] {dag.py:2937} INFO - Setting next_dagrun for example_time_delta_sensor_async to None
[2022-03-16 00:19:39,869] {processor.py:171} INFO - Processing /home/airflow/.local/lib/python3.7/site-packages/airflow/example_dags/example_time_delta_sensor_async.py took 0.164 seconds
[2022-03-16 00:20:10,578] {processor.py:163} INFO - Started process (PID=4537) to work on /home/airflow/.local/lib/python3.7/site-packages/airflow/example_dags/example_time_delta_sensor_async.py
[2022-03-16 00:20:10,579] {processor.py:642} INFO - Processing file /home/airflow/.local/lib/python3.7/site-packages/airflow/example_dags/example_time_delta_sensor_async.py for tasks to queue
[2022-03-16 00:20:10,579] {logging_mixin.py:109} INFO - [2022-03-16 00:20:10,579] {dagbag.py:500} INFO - Filling up the DagBag from /home/airflow/.local/lib/python3.7/site-packages/airflow/example_dags/example_time_delta_sensor_async.py
[2022-03-16 00:20:10,598] {processor.py:654} INFO - DAG(s) dict_keys(['example_time_delta_sensor_async']) retrieved from /home/airflow/.local/lib/python3.7/site-packages/airflow/example_dags/example_time_delta_sensor_async.py
[2022-03-16 00:20:10,604] {logging_mixin.py:109} INFO - [2022-03-16 00:20:10,604] {dag.py:2398} INFO - Sync 1 DAGs
[2022-03-16 00:20:10,616] {logging_mixin.py:109} INFO - [2022-03-16 00:20:10,616] {dag.py:2937} INFO - Setting next_dagrun for example_time_delta_sensor_async to None
[2022-03-16 00:20:10,656] {processor.py:171} INFO - Processing /home/airflow/.local/lib/python3.7/site-packages/airflow/example_dags/example_time_delta_sensor_async.py took 0.081 seconds
[2022-03-16 00:20:40,979] {processor.py:163} INFO - Started process (PID=4609) to work on /home/airflow/.local/lib/python3.7/site-packages/airflow/example_dags/example_time_delta_sensor_async.py
[2022-03-16 00:20:40,982] {processor.py:642} INFO - Processing file /home/airflow/.local/lib/python3.7/site-packages/airflow/example_dags/example_time_delta_sensor_async.py for tasks to queue
[2022-03-16 00:20:40,983] {logging_mixin.py:109} INFO - [2022-03-16 00:20:40,983] {dagbag.py:500} INFO - Filling up the DagBag from /home/airflow/.local/lib/python3.7/site-packages/airflow/example_dags/example_time_delta_sensor_async.py
[2022-03-16 00:20:41,011] {processor.py:654} INFO - DAG(s) dict_keys(['example_time_delta_sensor_async']) retrieved from /home/airflow/.local/lib/python3.7/site-packages/airflow/example_dags/example_time_delta_sensor_async.py
[2022-03-16 00:20:41,016] {logging_mixin.py:109} INFO - [2022-03-16 00:20:41,016] {dag.py:2398} INFO - Sync 1 DAGs
[2022-03-16 00:20:41,027] {logging_mixin.py:109} INFO - [2022-03-16 00:20:41,027] {dag.py:2937} INFO - Setting next_dagrun for example_time_delta_sensor_async to None
[2022-03-16 00:20:41,782] {processor.py:171} INFO - Processing /home/airflow/.local/lib/python3.7/site-packages/airflow/example_dags/example_time_delta_sensor_async.py took 0.808 seconds
[2022-03-16 00:21:12,539] {processor.py:163} INFO - Started process (PID=4670) to work on /home/airflow/.local/lib/python3.7/site-packages/airflow/example_dags/example_time_delta_sensor_async.py
[2022-03-16 00:21:12,546] {processor.py:642} INFO - Processing file /home/airflow/.local/lib/python3.7/site-packages/airflow/example_dags/example_time_delta_sensor_async.py for tasks to queue
[2022-03-16 00:21:12,546] {logging_mixin.py:109} INFO - [2022-03-16 00:21:12,546] {dagbag.py:500} INFO - Filling up the DagBag from /home/airflow/.local/lib/python3.7/site-packages/airflow/example_dags/example_time_delta_sensor_async.py
[2022-03-16 00:21:12,564] {processor.py:654} INFO - DAG(s) dict_keys(['example_time_delta_sensor_async']) retrieved from /home/airflow/.local/lib/python3.7/site-packages/airflow/example_dags/example_time_delta_sensor_async.py
[2022-03-16 00:21:12,570] {logging_mixin.py:109} INFO - [2022-03-16 00:21:12,570] {dag.py:2398} INFO - Sync 1 DAGs
[2022-03-16 00:21:12,581] {logging_mixin.py:109} INFO - [2022-03-16 00:21:12,580] {dag.py:2937} INFO - Setting next_dagrun for example_time_delta_sensor_async to None
[2022-03-16 00:21:12,618] {processor.py:171} INFO - Processing /home/airflow/.local/lib/python3.7/site-packages/airflow/example_dags/example_time_delta_sensor_async.py took 0.080 seconds
[2022-03-16 00:21:44,261] {processor.py:163} INFO - Started process (PID=4729) to work on /home/airflow/.local/lib/python3.7/site-packages/airflow/example_dags/example_time_delta_sensor_async.py
[2022-03-16 00:21:44,334] {processor.py:642} INFO - Processing file /home/airflow/.local/lib/python3.7/site-packages/airflow/example_dags/example_time_delta_sensor_async.py for tasks to queue
[2022-03-16 00:21:44,335] {logging_mixin.py:109} INFO - [2022-03-16 00:21:44,335] {dagbag.py:500} INFO - Filling up the DagBag from /home/airflow/.local/lib/python3.7/site-packages/airflow/example_dags/example_time_delta_sensor_async.py
[2022-03-16 00:21:44,381] {processor.py:654} INFO - DAG(s) dict_keys(['example_time_delta_sensor_async']) retrieved from /home/airflow/.local/lib/python3.7/site-packages/airflow/example_dags/example_time_delta_sensor_async.py
[2022-03-16 00:21:44,388] {logging_mixin.py:109} INFO - [2022-03-16 00:21:44,388] {dag.py:2398} INFO - Sync 1 DAGs
[2022-03-16 00:21:44,400] {logging_mixin.py:109} INFO - [2022-03-16 00:21:44,400] {dag.py:2937} INFO - Setting next_dagrun for example_time_delta_sensor_async to None
[2022-03-16 00:21:44,469] {processor.py:171} INFO - Processing /home/airflow/.local/lib/python3.7/site-packages/airflow/example_dags/example_time_delta_sensor_async.py took 0.211 seconds
[2022-03-16 00:22:15,547] {processor.py:163} INFO - Started process (PID=4787) to work on /home/airflow/.local/lib/python3.7/site-packages/airflow/example_dags/example_time_delta_sensor_async.py
[2022-03-16 00:22:15,551] {processor.py:642} INFO - Processing file /home/airflow/.local/lib/python3.7/site-packages/airflow/example_dags/example_time_delta_sensor_async.py for tasks to queue
[2022-03-16 00:22:15,552] {logging_mixin.py:109} INFO - [2022-03-16 00:22:15,552] {dagbag.py:500} INFO - Filling up the DagBag from /home/airflow/.local/lib/python3.7/site-packages/airflow/example_dags/example_time_delta_sensor_async.py
[2022-03-16 00:22:15,569] {processor.py:654} INFO - DAG(s) dict_keys(['example_time_delta_sensor_async']) retrieved from /home/airflow/.local/lib/python3.7/site-packages/airflow/example_dags/example_time_delta_sensor_async.py
[2022-03-16 00:22:15,576] {logging_mixin.py:109} INFO - [2022-03-16 00:22:15,576] {dag.py:2398} INFO - Sync 1 DAGs
[2022-03-16 00:22:15,586] {logging_mixin.py:109} INFO - [2022-03-16 00:22:15,586] {dag.py:2937} INFO - Setting next_dagrun for example_time_delta_sensor_async to None
[2022-03-16 00:22:15,627] {processor.py:171} INFO - Processing /home/airflow/.local/lib/python3.7/site-packages/airflow/example_dags/example_time_delta_sensor_async.py took 0.081 seconds
[2022-03-16 00:22:47,028] {processor.py:163} INFO - Started process (PID=4862) to work on /home/airflow/.local/lib/python3.7/site-packages/airflow/example_dags/example_time_delta_sensor_async.py
[2022-03-16 00:22:47,038] {processor.py:642} INFO - Processing file /home/airflow/.local/lib/python3.7/site-packages/airflow/example_dags/example_time_delta_sensor_async.py for tasks to queue
[2022-03-16 00:22:47,040] {logging_mixin.py:109} INFO - [2022-03-16 00:22:47,040] {dagbag.py:500} INFO - Filling up the DagBag from /home/airflow/.local/lib/python3.7/site-packages/airflow/example_dags/example_time_delta_sensor_async.py
[2022-03-16 00:22:47,082] {processor.py:654} INFO - DAG(s) dict_keys(['example_time_delta_sensor_async']) retrieved from /home/airflow/.local/lib/python3.7/site-packages/airflow/example_dags/example_time_delta_sensor_async.py
[2022-03-16 00:22:47,089] {logging_mixin.py:109} INFO - [2022-03-16 00:22:47,089] {dag.py:2398} INFO - Sync 1 DAGs
[2022-03-16 00:22:47,101] {logging_mixin.py:109} INFO - [2022-03-16 00:22:47,101] {dag.py:2937} INFO - Setting next_dagrun for example_time_delta_sensor_async to None
[2022-03-16 00:22:47,582] {processor.py:171} INFO - Processing /home/airflow/.local/lib/python3.7/site-packages/airflow/example_dags/example_time_delta_sensor_async.py took 0.561 seconds
[2022-03-16 00:23:17,896] {processor.py:163} INFO - Started process (PID=4919) to work on /home/airflow/.local/lib/python3.7/site-packages/airflow/example_dags/example_time_delta_sensor_async.py
[2022-03-16 00:23:17,900] {processor.py:642} INFO - Processing file /home/airflow/.local/lib/python3.7/site-packages/airflow/example_dags/example_time_delta_sensor_async.py for tasks to queue
[2022-03-16 00:23:17,902] {logging_mixin.py:109} INFO - [2022-03-16 00:23:17,902] {dagbag.py:500} INFO - Filling up the DagBag from /home/airflow/.local/lib/python3.7/site-packages/airflow/example_dags/example_time_delta_sensor_async.py
[2022-03-16 00:23:17,940] {processor.py:654} INFO - DAG(s) dict_keys(['example_time_delta_sensor_async']) retrieved from /home/airflow/.local/lib/python3.7/site-packages/airflow/example_dags/example_time_delta_sensor_async.py
[2022-03-16 00:23:17,947] {logging_mixin.py:109} INFO - [2022-03-16 00:23:17,947] {dag.py:2398} INFO - Sync 1 DAGs
[2022-03-16 00:23:17,962] {logging_mixin.py:109} INFO - [2022-03-16 00:23:17,962] {dag.py:2937} INFO - Setting next_dagrun for example_time_delta_sensor_async to None
[2022-03-16 00:23:18,715] {processor.py:171} INFO - Processing /home/airflow/.local/lib/python3.7/site-packages/airflow/example_dags/example_time_delta_sensor_async.py took 0.826 seconds
[2022-03-16 00:23:48,819] {processor.py:163} INFO - Started process (PID=4978) to work on /home/airflow/.local/lib/python3.7/site-packages/airflow/example_dags/example_time_delta_sensor_async.py
[2022-03-16 00:23:48,820] {processor.py:642} INFO - Processing file /home/airflow/.local/lib/python3.7/site-packages/airflow/example_dags/example_time_delta_sensor_async.py for tasks to queue
[2022-03-16 00:23:48,821] {logging_mixin.py:109} INFO - [2022-03-16 00:23:48,821] {dagbag.py:500} INFO - Filling up the DagBag from /home/airflow/.local/lib/python3.7/site-packages/airflow/example_dags/example_time_delta_sensor_async.py
[2022-03-16 00:23:48,839] {processor.py:654} INFO - DAG(s) dict_keys(['example_time_delta_sensor_async']) retrieved from /home/airflow/.local/lib/python3.7/site-packages/airflow/example_dags/example_time_delta_sensor_async.py
[2022-03-16 00:23:48,845] {logging_mixin.py:109} INFO - [2022-03-16 00:23:48,845] {dag.py:2398} INFO - Sync 1 DAGs
[2022-03-16 00:23:48,857] {logging_mixin.py:109} INFO - [2022-03-16 00:23:48,857] {dag.py:2937} INFO - Setting next_dagrun for example_time_delta_sensor_async to None
[2022-03-16 00:23:48,899] {processor.py:171} INFO - Processing /home/airflow/.local/lib/python3.7/site-packages/airflow/example_dags/example_time_delta_sensor_async.py took 0.082 seconds
[2022-03-16 00:24:19,640] {processor.py:163} INFO - Started process (PID=5038) to work on /home/airflow/.local/lib/python3.7/site-packages/airflow/example_dags/example_time_delta_sensor_async.py
[2022-03-16 00:24:19,641] {processor.py:642} INFO - Processing file /home/airflow/.local/lib/python3.7/site-packages/airflow/example_dags/example_time_delta_sensor_async.py for tasks to queue
[2022-03-16 00:24:19,641] {logging_mixin.py:109} INFO - [2022-03-16 00:24:19,641] {dagbag.py:500} INFO - Filling up the DagBag from /home/airflow/.local/lib/python3.7/site-packages/airflow/example_dags/example_time_delta_sensor_async.py
[2022-03-16 00:24:19,658] {processor.py:654} INFO - DAG(s) dict_keys(['example_time_delta_sensor_async']) retrieved from /home/airflow/.local/lib/python3.7/site-packages/airflow/example_dags/example_time_delta_sensor_async.py
[2022-03-16 00:24:19,664] {logging_mixin.py:109} INFO - [2022-03-16 00:24:19,664] {dag.py:2398} INFO - Sync 1 DAGs
[2022-03-16 00:24:19,674] {logging_mixin.py:109} INFO - [2022-03-16 00:24:19,674] {dag.py:2937} INFO - Setting next_dagrun for example_time_delta_sensor_async to None
[2022-03-16 00:24:20,142] {processor.py:171} INFO - Processing /home/airflow/.local/lib/python3.7/site-packages/airflow/example_dags/example_time_delta_sensor_async.py took 0.504 seconds
[2022-03-16 00:24:51,781] {processor.py:163} INFO - Started process (PID=5111) to work on /home/airflow/.local/lib/python3.7/site-packages/airflow/example_dags/example_time_delta_sensor_async.py
[2022-03-16 00:24:51,803] {processor.py:642} INFO - Processing file /home/airflow/.local/lib/python3.7/site-packages/airflow/example_dags/example_time_delta_sensor_async.py for tasks to queue
[2022-03-16 00:24:51,803] {logging_mixin.py:109} INFO - [2022-03-16 00:24:51,803] {dagbag.py:500} INFO - Filling up the DagBag from /home/airflow/.local/lib/python3.7/site-packages/airflow/example_dags/example_time_delta_sensor_async.py
[2022-03-16 00:24:51,822] {processor.py:654} INFO - DAG(s) dict_keys(['example_time_delta_sensor_async']) retrieved from /home/airflow/.local/lib/python3.7/site-packages/airflow/example_dags/example_time_delta_sensor_async.py
[2022-03-16 00:24:51,828] {logging_mixin.py:109} INFO - [2022-03-16 00:24:51,827] {dag.py:2398} INFO - Sync 1 DAGs
[2022-03-16 00:24:51,839] {logging_mixin.py:109} INFO - [2022-03-16 00:24:51,839] {dag.py:2937} INFO - Setting next_dagrun for example_time_delta_sensor_async to None
[2022-03-16 00:24:51,885] {processor.py:171} INFO - Processing /home/airflow/.local/lib/python3.7/site-packages/airflow/example_dags/example_time_delta_sensor_async.py took 0.106 seconds
[2022-03-16 00:25:22,355] {processor.py:163} INFO - Started process (PID=5167) to work on /home/airflow/.local/lib/python3.7/site-packages/airflow/example_dags/example_time_delta_sensor_async.py
[2022-03-16 00:25:22,378] {processor.py:642} INFO - Processing file /home/airflow/.local/lib/python3.7/site-packages/airflow/example_dags/example_time_delta_sensor_async.py for tasks to queue
[2022-03-16 00:25:22,378] {logging_mixin.py:109} INFO - [2022-03-16 00:25:22,378] {dagbag.py:500} INFO - Filling up the DagBag from /home/airflow/.local/lib/python3.7/site-packages/airflow/example_dags/example_time_delta_sensor_async.py
[2022-03-16 00:25:22,398] {processor.py:654} INFO - DAG(s) dict_keys(['example_time_delta_sensor_async']) retrieved from /home/airflow/.local/lib/python3.7/site-packages/airflow/example_dags/example_time_delta_sensor_async.py
[2022-03-16 00:25:22,405] {logging_mixin.py:109} INFO - [2022-03-16 00:25:22,405] {dag.py:2398} INFO - Sync 1 DAGs
[2022-03-16 00:25:22,419] {logging_mixin.py:109} INFO - [2022-03-16 00:25:22,419] {dag.py:2937} INFO - Setting next_dagrun for example_time_delta_sensor_async to None
[2022-03-16 00:25:22,469] {processor.py:171} INFO - Processing /home/airflow/.local/lib/python3.7/site-packages/airflow/example_dags/example_time_delta_sensor_async.py took 0.115 seconds
[2022-03-16 00:25:53,094] {processor.py:163} INFO - Started process (PID=5226) to work on /home/airflow/.local/lib/python3.7/site-packages/airflow/example_dags/example_time_delta_sensor_async.py
[2022-03-16 00:25:53,095] {processor.py:642} INFO - Processing file /home/airflow/.local/lib/python3.7/site-packages/airflow/example_dags/example_time_delta_sensor_async.py for tasks to queue
[2022-03-16 00:25:53,095] {logging_mixin.py:109} INFO - [2022-03-16 00:25:53,095] {dagbag.py:500} INFO - Filling up the DagBag from /home/airflow/.local/lib/python3.7/site-packages/airflow/example_dags/example_time_delta_sensor_async.py
[2022-03-16 00:25:53,113] {processor.py:654} INFO - DAG(s) dict_keys(['example_time_delta_sensor_async']) retrieved from /home/airflow/.local/lib/python3.7/site-packages/airflow/example_dags/example_time_delta_sensor_async.py
[2022-03-16 00:25:53,119] {logging_mixin.py:109} INFO - [2022-03-16 00:25:53,119] {dag.py:2398} INFO - Sync 1 DAGs
[2022-03-16 00:25:53,130] {logging_mixin.py:109} INFO - [2022-03-16 00:25:53,130] {dag.py:2937} INFO - Setting next_dagrun for example_time_delta_sensor_async to None
[2022-03-16 00:25:53,246] {processor.py:171} INFO - Processing /home/airflow/.local/lib/python3.7/site-packages/airflow/example_dags/example_time_delta_sensor_async.py took 0.154 seconds
[2022-03-16 00:26:25,108] {processor.py:163} INFO - Started process (PID=5286) to work on /home/airflow/.local/lib/python3.7/site-packages/airflow/example_dags/example_time_delta_sensor_async.py
[2022-03-16 00:26:25,125] {processor.py:642} INFO - Processing file /home/airflow/.local/lib/python3.7/site-packages/airflow/example_dags/example_time_delta_sensor_async.py for tasks to queue
[2022-03-16 00:26:25,125] {logging_mixin.py:109} INFO - [2022-03-16 00:26:25,125] {dagbag.py:500} INFO - Filling up the DagBag from /home/airflow/.local/lib/python3.7/site-packages/airflow/example_dags/example_time_delta_sensor_async.py
[2022-03-16 00:26:25,149] {processor.py:654} INFO - DAG(s) dict_keys(['example_time_delta_sensor_async']) retrieved from /home/airflow/.local/lib/python3.7/site-packages/airflow/example_dags/example_time_delta_sensor_async.py
[2022-03-16 00:26:25,155] {logging_mixin.py:109} INFO - [2022-03-16 00:26:25,155] {dag.py:2398} INFO - Sync 1 DAGs
[2022-03-16 00:26:25,170] {logging_mixin.py:109} INFO - [2022-03-16 00:26:25,170] {dag.py:2937} INFO - Setting next_dagrun for example_time_delta_sensor_async to None
[2022-03-16 00:26:25,260] {processor.py:171} INFO - Processing /home/airflow/.local/lib/python3.7/site-packages/airflow/example_dags/example_time_delta_sensor_async.py took 0.153 seconds
[2022-03-16 00:26:56,461] {processor.py:163} INFO - Started process (PID=5358) to work on /home/airflow/.local/lib/python3.7/site-packages/airflow/example_dags/example_time_delta_sensor_async.py
[2022-03-16 00:26:56,482] {processor.py:642} INFO - Processing file /home/airflow/.local/lib/python3.7/site-packages/airflow/example_dags/example_time_delta_sensor_async.py for tasks to queue
[2022-03-16 00:26:56,482] {logging_mixin.py:109} INFO - [2022-03-16 00:26:56,482] {dagbag.py:500} INFO - Filling up the DagBag from /home/airflow/.local/lib/python3.7/site-packages/airflow/example_dags/example_time_delta_sensor_async.py
[2022-03-16 00:26:56,511] {processor.py:654} INFO - DAG(s) dict_keys(['example_time_delta_sensor_async']) retrieved from /home/airflow/.local/lib/python3.7/site-packages/airflow/example_dags/example_time_delta_sensor_async.py
[2022-03-16 00:26:56,519] {logging_mixin.py:109} INFO - [2022-03-16 00:26:56,519] {dag.py:2398} INFO - Sync 1 DAGs
[2022-03-16 00:26:56,532] {logging_mixin.py:109} INFO - [2022-03-16 00:26:56,532] {dag.py:2937} INFO - Setting next_dagrun for example_time_delta_sensor_async to None
[2022-03-16 00:26:57,471] {processor.py:171} INFO - Processing /home/airflow/.local/lib/python3.7/site-packages/airflow/example_dags/example_time_delta_sensor_async.py took 1.013 seconds
[2022-03-16 00:27:27,565] {processor.py:163} INFO - Started process (PID=5410) to work on /home/airflow/.local/lib/python3.7/site-packages/airflow/example_dags/example_time_delta_sensor_async.py
[2022-03-16 00:27:27,582] {processor.py:642} INFO - Processing file /home/airflow/.local/lib/python3.7/site-packages/airflow/example_dags/example_time_delta_sensor_async.py for tasks to queue
[2022-03-16 00:27:27,583] {logging_mixin.py:109} INFO - [2022-03-16 00:27:27,583] {dagbag.py:500} INFO - Filling up the DagBag from /home/airflow/.local/lib/python3.7/site-packages/airflow/example_dags/example_time_delta_sensor_async.py
[2022-03-16 00:27:27,621] {processor.py:654} INFO - DAG(s) dict_keys(['example_time_delta_sensor_async']) retrieved from /home/airflow/.local/lib/python3.7/site-packages/airflow/example_dags/example_time_delta_sensor_async.py
[2022-03-16 00:27:27,628] {logging_mixin.py:109} INFO - [2022-03-16 00:27:27,627] {dag.py:2398} INFO - Sync 1 DAGs
[2022-03-16 00:27:27,638] {logging_mixin.py:109} INFO - [2022-03-16 00:27:27,638] {dag.py:2937} INFO - Setting next_dagrun for example_time_delta_sensor_async to None
[2022-03-16 00:27:27,700] {processor.py:171} INFO - Processing /home/airflow/.local/lib/python3.7/site-packages/airflow/example_dags/example_time_delta_sensor_async.py took 0.141 seconds
[2022-03-16 00:27:57,766] {processor.py:163} INFO - Started process (PID=5469) to work on /home/airflow/.local/lib/python3.7/site-packages/airflow/example_dags/example_time_delta_sensor_async.py
[2022-03-16 00:27:57,775] {processor.py:642} INFO - Processing file /home/airflow/.local/lib/python3.7/site-packages/airflow/example_dags/example_time_delta_sensor_async.py for tasks to queue
[2022-03-16 00:27:57,776] {logging_mixin.py:109} INFO - [2022-03-16 00:27:57,776] {dagbag.py:500} INFO - Filling up the DagBag from /home/airflow/.local/lib/python3.7/site-packages/airflow/example_dags/example_time_delta_sensor_async.py
[2022-03-16 00:27:57,801] {processor.py:654} INFO - DAG(s) dict_keys(['example_time_delta_sensor_async']) retrieved from /home/airflow/.local/lib/python3.7/site-packages/airflow/example_dags/example_time_delta_sensor_async.py
[2022-03-16 00:27:57,810] {logging_mixin.py:109} INFO - [2022-03-16 00:27:57,810] {dag.py:2398} INFO - Sync 1 DAGs
[2022-03-16 00:27:57,829] {logging_mixin.py:109} INFO - [2022-03-16 00:27:57,829] {dag.py:2937} INFO - Setting next_dagrun for example_time_delta_sensor_async to None
[2022-03-16 00:27:57,897] {processor.py:171} INFO - Processing /home/airflow/.local/lib/python3.7/site-packages/airflow/example_dags/example_time_delta_sensor_async.py took 0.134 seconds
[2022-03-16 00:28:28,731] {processor.py:163} INFO - Started process (PID=5531) to work on /home/airflow/.local/lib/python3.7/site-packages/airflow/example_dags/example_time_delta_sensor_async.py
[2022-03-16 00:28:28,741] {processor.py:642} INFO - Processing file /home/airflow/.local/lib/python3.7/site-packages/airflow/example_dags/example_time_delta_sensor_async.py for tasks to queue
[2022-03-16 00:28:28,741] {logging_mixin.py:109} INFO - [2022-03-16 00:28:28,741] {dagbag.py:500} INFO - Filling up the DagBag from /home/airflow/.local/lib/python3.7/site-packages/airflow/example_dags/example_time_delta_sensor_async.py
[2022-03-16 00:28:28,760] {processor.py:654} INFO - DAG(s) dict_keys(['example_time_delta_sensor_async']) retrieved from /home/airflow/.local/lib/python3.7/site-packages/airflow/example_dags/example_time_delta_sensor_async.py
[2022-03-16 00:28:28,767] {logging_mixin.py:109} INFO - [2022-03-16 00:28:28,767] {dag.py:2398} INFO - Sync 1 DAGs
[2022-03-16 00:28:28,778] {logging_mixin.py:109} INFO - [2022-03-16 00:28:28,778] {dag.py:2937} INFO - Setting next_dagrun for example_time_delta_sensor_async to None
[2022-03-16 00:28:28,839] {processor.py:171} INFO - Processing /home/airflow/.local/lib/python3.7/site-packages/airflow/example_dags/example_time_delta_sensor_async.py took 0.110 seconds
[2022-03-16 00:28:59,747] {processor.py:163} INFO - Started process (PID=5593) to work on /home/airflow/.local/lib/python3.7/site-packages/airflow/example_dags/example_time_delta_sensor_async.py
[2022-03-16 00:28:59,758] {processor.py:642} INFO - Processing file /home/airflow/.local/lib/python3.7/site-packages/airflow/example_dags/example_time_delta_sensor_async.py for tasks to queue
[2022-03-16 00:28:59,758] {logging_mixin.py:109} INFO - [2022-03-16 00:28:59,758] {dagbag.py:500} INFO - Filling up the DagBag from /home/airflow/.local/lib/python3.7/site-packages/airflow/example_dags/example_time_delta_sensor_async.py
[2022-03-16 00:28:59,776] {processor.py:654} INFO - DAG(s) dict_keys(['example_time_delta_sensor_async']) retrieved from /home/airflow/.local/lib/python3.7/site-packages/airflow/example_dags/example_time_delta_sensor_async.py
[2022-03-16 00:28:59,783] {logging_mixin.py:109} INFO - [2022-03-16 00:28:59,783] {dag.py:2398} INFO - Sync 1 DAGs
[2022-03-16 00:28:59,795] {logging_mixin.py:109} INFO - [2022-03-16 00:28:59,795] {dag.py:2937} INFO - Setting next_dagrun for example_time_delta_sensor_async to None
[2022-03-16 00:28:59,861] {processor.py:171} INFO - Processing /home/airflow/.local/lib/python3.7/site-packages/airflow/example_dags/example_time_delta_sensor_async.py took 0.116 seconds
[2022-03-16 00:29:31,256] {processor.py:163} INFO - Started process (PID=5652) to work on /home/airflow/.local/lib/python3.7/site-packages/airflow/example_dags/example_time_delta_sensor_async.py
[2022-03-16 00:29:31,259] {processor.py:642} INFO - Processing file /home/airflow/.local/lib/python3.7/site-packages/airflow/example_dags/example_time_delta_sensor_async.py for tasks to queue
[2022-03-16 00:29:31,259] {logging_mixin.py:109} INFO - [2022-03-16 00:29:31,259] {dagbag.py:500} INFO - Filling up the DagBag from /home/airflow/.local/lib/python3.7/site-packages/airflow/example_dags/example_time_delta_sensor_async.py
[2022-03-16 00:29:31,276] {processor.py:654} INFO - DAG(s) dict_keys(['example_time_delta_sensor_async']) retrieved from /home/airflow/.local/lib/python3.7/site-packages/airflow/example_dags/example_time_delta_sensor_async.py
[2022-03-16 00:29:31,282] {logging_mixin.py:109} INFO - [2022-03-16 00:29:31,282] {dag.py:2398} INFO - Sync 1 DAGs
[2022-03-16 00:29:31,292] {logging_mixin.py:109} INFO - [2022-03-16 00:29:31,292] {dag.py:2937} INFO - Setting next_dagrun for example_time_delta_sensor_async to None
[2022-03-16 00:29:31,437] {processor.py:171} INFO - Processing /home/airflow/.local/lib/python3.7/site-packages/airflow/example_dags/example_time_delta_sensor_async.py took 0.183 seconds
[2022-03-16 00:30:02,461] {processor.py:163} INFO - Started process (PID=5703) to work on /home/airflow/.local/lib/python3.7/site-packages/airflow/example_dags/example_time_delta_sensor_async.py
[2022-03-16 00:30:02,462] {processor.py:642} INFO - Processing file /home/airflow/.local/lib/python3.7/site-packages/airflow/example_dags/example_time_delta_sensor_async.py for tasks to queue
[2022-03-16 00:30:02,463] {logging_mixin.py:109} INFO - [2022-03-16 00:30:02,463] {dagbag.py:500} INFO - Filling up the DagBag from /home/airflow/.local/lib/python3.7/site-packages/airflow/example_dags/example_time_delta_sensor_async.py
[2022-03-16 00:30:02,486] {processor.py:654} INFO - DAG(s) dict_keys(['example_time_delta_sensor_async']) retrieved from /home/airflow/.local/lib/python3.7/site-packages/airflow/example_dags/example_time_delta_sensor_async.py
[2022-03-16 00:30:02,495] {logging_mixin.py:109} INFO - [2022-03-16 00:30:02,495] {dag.py:2398} INFO - Sync 1 DAGs
[2022-03-16 00:30:02,510] {logging_mixin.py:109} INFO - [2022-03-16 00:30:02,510] {dag.py:2937} INFO - Setting next_dagrun for example_time_delta_sensor_async to None
[2022-03-16 00:30:02,592] {processor.py:171} INFO - Processing /home/airflow/.local/lib/python3.7/site-packages/airflow/example_dags/example_time_delta_sensor_async.py took 0.132 seconds
[2022-03-16 00:30:33,100] {processor.py:163} INFO - Started process (PID=5779) to work on /home/airflow/.local/lib/python3.7/site-packages/airflow/example_dags/example_time_delta_sensor_async.py
[2022-03-16 00:30:33,105] {processor.py:642} INFO - Processing file /home/airflow/.local/lib/python3.7/site-packages/airflow/example_dags/example_time_delta_sensor_async.py for tasks to queue
[2022-03-16 00:30:33,106] {logging_mixin.py:109} INFO - [2022-03-16 00:30:33,105] {dagbag.py:500} INFO - Filling up the DagBag from /home/airflow/.local/lib/python3.7/site-packages/airflow/example_dags/example_time_delta_sensor_async.py
[2022-03-16 00:30:33,131] {processor.py:654} INFO - DAG(s) dict_keys(['example_time_delta_sensor_async']) retrieved from /home/airflow/.local/lib/python3.7/site-packages/airflow/example_dags/example_time_delta_sensor_async.py
[2022-03-16 00:30:33,140] {logging_mixin.py:109} INFO - [2022-03-16 00:30:33,140] {dag.py:2398} INFO - Sync 1 DAGs
[2022-03-16 00:30:33,157] {logging_mixin.py:109} INFO - [2022-03-16 00:30:33,157] {dag.py:2937} INFO - Setting next_dagrun for example_time_delta_sensor_async to None
[2022-03-16 00:30:33,221] {processor.py:171} INFO - Processing /home/airflow/.local/lib/python3.7/site-packages/airflow/example_dags/example_time_delta_sensor_async.py took 0.123 seconds
[2022-03-16 00:31:03,612] {processor.py:163} INFO - Started process (PID=5843) to work on /home/airflow/.local/lib/python3.7/site-packages/airflow/example_dags/example_time_delta_sensor_async.py
[2022-03-16 00:31:03,615] {processor.py:642} INFO - Processing file /home/airflow/.local/lib/python3.7/site-packages/airflow/example_dags/example_time_delta_sensor_async.py for tasks to queue
[2022-03-16 00:31:03,616] {logging_mixin.py:109} INFO - [2022-03-16 00:31:03,616] {dagbag.py:500} INFO - Filling up the DagBag from /home/airflow/.local/lib/python3.7/site-packages/airflow/example_dags/example_time_delta_sensor_async.py
[2022-03-16 00:31:03,637] {processor.py:654} INFO - DAG(s) dict_keys(['example_time_delta_sensor_async']) retrieved from /home/airflow/.local/lib/python3.7/site-packages/airflow/example_dags/example_time_delta_sensor_async.py
[2022-03-16 00:31:03,645] {logging_mixin.py:109} INFO - [2022-03-16 00:31:03,645] {dag.py:2398} INFO - Sync 1 DAGs
[2022-03-16 00:31:03,661] {logging_mixin.py:109} INFO - [2022-03-16 00:31:03,661] {dag.py:2937} INFO - Setting next_dagrun for example_time_delta_sensor_async to None
[2022-03-16 00:31:03,714] {processor.py:171} INFO - Processing /home/airflow/.local/lib/python3.7/site-packages/airflow/example_dags/example_time_delta_sensor_async.py took 0.104 seconds
[2022-03-16 00:31:35,951] {processor.py:163} INFO - Started process (PID=5893) to work on /home/airflow/.local/lib/python3.7/site-packages/airflow/example_dags/example_time_delta_sensor_async.py
[2022-03-16 00:31:35,955] {processor.py:642} INFO - Processing file /home/airflow/.local/lib/python3.7/site-packages/airflow/example_dags/example_time_delta_sensor_async.py for tasks to queue
[2022-03-16 00:31:35,958] {logging_mixin.py:109} INFO - [2022-03-16 00:31:35,957] {dagbag.py:500} INFO - Filling up the DagBag from /home/airflow/.local/lib/python3.7/site-packages/airflow/example_dags/example_time_delta_sensor_async.py
[2022-03-16 00:31:36,015] {processor.py:654} INFO - DAG(s) dict_keys(['example_time_delta_sensor_async']) retrieved from /home/airflow/.local/lib/python3.7/site-packages/airflow/example_dags/example_time_delta_sensor_async.py
[2022-03-16 00:31:36,025] {logging_mixin.py:109} INFO - [2022-03-16 00:31:36,025] {dag.py:2398} INFO - Sync 1 DAGs
[2022-03-16 00:31:36,039] {logging_mixin.py:109} INFO - [2022-03-16 00:31:36,039] {dag.py:2937} INFO - Setting next_dagrun for example_time_delta_sensor_async to None
[2022-03-16 00:31:36,352] {processor.py:171} INFO - Processing /home/airflow/.local/lib/python3.7/site-packages/airflow/example_dags/example_time_delta_sensor_async.py took 0.408 seconds
[2022-03-16 00:32:08,822] {processor.py:163} INFO - Started process (PID=5954) to work on /home/airflow/.local/lib/python3.7/site-packages/airflow/example_dags/example_time_delta_sensor_async.py
[2022-03-16 00:32:08,985] {processor.py:642} INFO - Processing file /home/airflow/.local/lib/python3.7/site-packages/airflow/example_dags/example_time_delta_sensor_async.py for tasks to queue
[2022-03-16 00:32:08,985] {logging_mixin.py:109} INFO - [2022-03-16 00:32:08,985] {dagbag.py:500} INFO - Filling up the DagBag from /home/airflow/.local/lib/python3.7/site-packages/airflow/example_dags/example_time_delta_sensor_async.py
[2022-03-16 00:32:09,003] {processor.py:654} INFO - DAG(s) dict_keys(['example_time_delta_sensor_async']) retrieved from /home/airflow/.local/lib/python3.7/site-packages/airflow/example_dags/example_time_delta_sensor_async.py
[2022-03-16 00:32:09,009] {logging_mixin.py:109} INFO - [2022-03-16 00:32:09,009] {dag.py:2398} INFO - Sync 1 DAGs
[2022-03-16 00:32:09,020] {logging_mixin.py:109} INFO - [2022-03-16 00:32:09,019] {dag.py:2937} INFO - Setting next_dagrun for example_time_delta_sensor_async to None
[2022-03-16 00:32:09,672] {processor.py:171} INFO - Processing /home/airflow/.local/lib/python3.7/site-packages/airflow/example_dags/example_time_delta_sensor_async.py took 0.851 seconds
[2022-03-16 00:32:39,764] {processor.py:163} INFO - Started process (PID=6015) to work on /home/airflow/.local/lib/python3.7/site-packages/airflow/example_dags/example_time_delta_sensor_async.py
[2022-03-16 00:32:39,830] {processor.py:642} INFO - Processing file /home/airflow/.local/lib/python3.7/site-packages/airflow/example_dags/example_time_delta_sensor_async.py for tasks to queue
[2022-03-16 00:32:39,832] {logging_mixin.py:109} INFO - [2022-03-16 00:32:39,831] {dagbag.py:500} INFO - Filling up the DagBag from /home/airflow/.local/lib/python3.7/site-packages/airflow/example_dags/example_time_delta_sensor_async.py
[2022-03-16 00:32:39,871] {processor.py:654} INFO - DAG(s) dict_keys(['example_time_delta_sensor_async']) retrieved from /home/airflow/.local/lib/python3.7/site-packages/airflow/example_dags/example_time_delta_sensor_async.py
[2022-03-16 00:32:39,878] {logging_mixin.py:109} INFO - [2022-03-16 00:32:39,878] {dag.py:2398} INFO - Sync 1 DAGs
[2022-03-16 00:32:39,894] {logging_mixin.py:109} INFO - [2022-03-16 00:32:39,894] {dag.py:2937} INFO - Setting next_dagrun for example_time_delta_sensor_async to None
[2022-03-16 00:32:40,414] {processor.py:171} INFO - Processing /home/airflow/.local/lib/python3.7/site-packages/airflow/example_dags/example_time_delta_sensor_async.py took 0.656 seconds
[2022-03-16 00:33:11,527] {processor.py:163} INFO - Started process (PID=6086) to work on /home/airflow/.local/lib/python3.7/site-packages/airflow/example_dags/example_time_delta_sensor_async.py
[2022-03-16 00:33:11,616] {processor.py:642} INFO - Processing file /home/airflow/.local/lib/python3.7/site-packages/airflow/example_dags/example_time_delta_sensor_async.py for tasks to queue
[2022-03-16 00:33:11,617] {logging_mixin.py:109} INFO - [2022-03-16 00:33:11,617] {dagbag.py:500} INFO - Filling up the DagBag from /home/airflow/.local/lib/python3.7/site-packages/airflow/example_dags/example_time_delta_sensor_async.py
[2022-03-16 00:33:11,634] {processor.py:654} INFO - DAG(s) dict_keys(['example_time_delta_sensor_async']) retrieved from /home/airflow/.local/lib/python3.7/site-packages/airflow/example_dags/example_time_delta_sensor_async.py
[2022-03-16 00:33:11,640] {logging_mixin.py:109} INFO - [2022-03-16 00:33:11,640] {dag.py:2398} INFO - Sync 1 DAGs
[2022-03-16 00:33:11,651] {logging_mixin.py:109} INFO - [2022-03-16 00:33:11,651] {dag.py:2937} INFO - Setting next_dagrun for example_time_delta_sensor_async to None
[2022-03-16 00:33:11,779] {processor.py:171} INFO - Processing /home/airflow/.local/lib/python3.7/site-packages/airflow/example_dags/example_time_delta_sensor_async.py took 0.254 seconds
[2022-03-16 00:33:42,528] {processor.py:163} INFO - Started process (PID=6138) to work on /home/airflow/.local/lib/python3.7/site-packages/airflow/example_dags/example_time_delta_sensor_async.py
[2022-03-16 00:33:42,537] {processor.py:642} INFO - Processing file /home/airflow/.local/lib/python3.7/site-packages/airflow/example_dags/example_time_delta_sensor_async.py for tasks to queue
[2022-03-16 00:33:42,537] {logging_mixin.py:109} INFO - [2022-03-16 00:33:42,537] {dagbag.py:500} INFO - Filling up the DagBag from /home/airflow/.local/lib/python3.7/site-packages/airflow/example_dags/example_time_delta_sensor_async.py
[2022-03-16 00:33:42,555] {processor.py:654} INFO - DAG(s) dict_keys(['example_time_delta_sensor_async']) retrieved from /home/airflow/.local/lib/python3.7/site-packages/airflow/example_dags/example_time_delta_sensor_async.py
[2022-03-16 00:33:42,561] {logging_mixin.py:109} INFO - [2022-03-16 00:33:42,561] {dag.py:2398} INFO - Sync 1 DAGs
[2022-03-16 00:33:42,573] {logging_mixin.py:109} INFO - [2022-03-16 00:33:42,573] {dag.py:2937} INFO - Setting next_dagrun for example_time_delta_sensor_async to None
[2022-03-16 00:33:42,626] {processor.py:171} INFO - Processing /home/airflow/.local/lib/python3.7/site-packages/airflow/example_dags/example_time_delta_sensor_async.py took 0.099 seconds
[2022-03-16 00:34:12,902] {processor.py:163} INFO - Started process (PID=6199) to work on /home/airflow/.local/lib/python3.7/site-packages/airflow/example_dags/example_time_delta_sensor_async.py
[2022-03-16 00:34:12,918] {processor.py:642} INFO - Processing file /home/airflow/.local/lib/python3.7/site-packages/airflow/example_dags/example_time_delta_sensor_async.py for tasks to queue
[2022-03-16 00:34:12,918] {logging_mixin.py:109} INFO - [2022-03-16 00:34:12,918] {dagbag.py:500} INFO - Filling up the DagBag from /home/airflow/.local/lib/python3.7/site-packages/airflow/example_dags/example_time_delta_sensor_async.py
[2022-03-16 00:34:12,937] {processor.py:654} INFO - DAG(s) dict_keys(['example_time_delta_sensor_async']) retrieved from /home/airflow/.local/lib/python3.7/site-packages/airflow/example_dags/example_time_delta_sensor_async.py
[2022-03-16 00:34:12,943] {logging_mixin.py:109} INFO - [2022-03-16 00:34:12,943] {dag.py:2398} INFO - Sync 1 DAGs
[2022-03-16 00:34:12,955] {logging_mixin.py:109} INFO - [2022-03-16 00:34:12,955] {dag.py:2937} INFO - Setting next_dagrun for example_time_delta_sensor_async to None
[2022-03-16 00:34:13,858] {processor.py:171} INFO - Processing /home/airflow/.local/lib/python3.7/site-packages/airflow/example_dags/example_time_delta_sensor_async.py took 0.958 seconds
