[2022-03-16 00:00:22,926] {processor.py:163} INFO - Started process (PID=2233) to work on /home/airflow/.local/lib/python3.7/site-packages/airflow/example_dags/example_latest_only_with_trigger.py
[2022-03-16 00:00:22,926] {processor.py:642} INFO - Processing file /home/airflow/.local/lib/python3.7/site-packages/airflow/example_dags/example_latest_only_with_trigger.py for tasks to queue
[2022-03-16 00:00:22,927] {logging_mixin.py:109} INFO - [2022-03-16 00:00:22,927] {dagbag.py:500} INFO - Filling up the DagBag from /home/airflow/.local/lib/python3.7/site-packages/airflow/example_dags/example_latest_only_with_trigger.py
[2022-03-16 00:00:22,955] {processor.py:654} INFO - DAG(s) dict_keys(['latest_only_with_trigger']) retrieved from /home/airflow/.local/lib/python3.7/site-packages/airflow/example_dags/example_latest_only_with_trigger.py
[2022-03-16 00:00:22,966] {logging_mixin.py:109} INFO - [2022-03-16 00:00:22,966] {dag.py:2398} INFO - Sync 1 DAGs
[2022-03-16 00:00:22,984] {logging_mixin.py:109} INFO - [2022-03-16 00:00:22,984] {dag.py:2937} INFO - Setting next_dagrun for latest_only_with_trigger to 2022-03-15T20:00:22.984210+00:00
[2022-03-16 00:00:23,565] {processor.py:171} INFO - Processing /home/airflow/.local/lib/python3.7/site-packages/airflow/example_dags/example_latest_only_with_trigger.py took 0.641 seconds
[2022-03-16 00:00:56,029] {processor.py:163} INFO - Started process (PID=2297) to work on /home/airflow/.local/lib/python3.7/site-packages/airflow/example_dags/example_latest_only_with_trigger.py
[2022-03-16 00:00:56,030] {processor.py:642} INFO - Processing file /home/airflow/.local/lib/python3.7/site-packages/airflow/example_dags/example_latest_only_with_trigger.py for tasks to queue
[2022-03-16 00:00:56,030] {logging_mixin.py:109} INFO - [2022-03-16 00:00:56,030] {dagbag.py:500} INFO - Filling up the DagBag from /home/airflow/.local/lib/python3.7/site-packages/airflow/example_dags/example_latest_only_with_trigger.py
[2022-03-16 00:00:56,050] {processor.py:654} INFO - DAG(s) dict_keys(['latest_only_with_trigger']) retrieved from /home/airflow/.local/lib/python3.7/site-packages/airflow/example_dags/example_latest_only_with_trigger.py
[2022-03-16 00:00:56,064] {logging_mixin.py:109} INFO - [2022-03-16 00:00:56,064] {dag.py:2398} INFO - Sync 1 DAGs
[2022-03-16 00:00:56,077] {logging_mixin.py:109} INFO - [2022-03-16 00:00:56,077] {dag.py:2937} INFO - Setting next_dagrun for latest_only_with_trigger to 2022-03-15T20:00:56.076982+00:00
[2022-03-16 00:00:56,119] {processor.py:171} INFO - Processing /home/airflow/.local/lib/python3.7/site-packages/airflow/example_dags/example_latest_only_with_trigger.py took 0.091 seconds
[2022-03-16 00:01:27,574] {processor.py:163} INFO - Started process (PID=2357) to work on /home/airflow/.local/lib/python3.7/site-packages/airflow/example_dags/example_latest_only_with_trigger.py
[2022-03-16 00:01:27,575] {processor.py:642} INFO - Processing file /home/airflow/.local/lib/python3.7/site-packages/airflow/example_dags/example_latest_only_with_trigger.py for tasks to queue
[2022-03-16 00:01:27,576] {logging_mixin.py:109} INFO - [2022-03-16 00:01:27,576] {dagbag.py:500} INFO - Filling up the DagBag from /home/airflow/.local/lib/python3.7/site-packages/airflow/example_dags/example_latest_only_with_trigger.py
[2022-03-16 00:01:27,604] {processor.py:654} INFO - DAG(s) dict_keys(['latest_only_with_trigger']) retrieved from /home/airflow/.local/lib/python3.7/site-packages/airflow/example_dags/example_latest_only_with_trigger.py
[2022-03-16 00:01:27,614] {logging_mixin.py:109} INFO - [2022-03-16 00:01:27,614] {dag.py:2398} INFO - Sync 1 DAGs
[2022-03-16 00:01:27,632] {logging_mixin.py:109} INFO - [2022-03-16 00:01:27,632] {dag.py:2937} INFO - Setting next_dagrun for latest_only_with_trigger to 2022-03-15T20:01:27.632357+00:00
[2022-03-16 00:01:27,732] {processor.py:171} INFO - Processing /home/airflow/.local/lib/python3.7/site-packages/airflow/example_dags/example_latest_only_with_trigger.py took 0.161 seconds
[2022-03-16 00:01:59,033] {processor.py:163} INFO - Started process (PID=2408) to work on /home/airflow/.local/lib/python3.7/site-packages/airflow/example_dags/example_latest_only_with_trigger.py
[2022-03-16 00:01:59,033] {processor.py:642} INFO - Processing file /home/airflow/.local/lib/python3.7/site-packages/airflow/example_dags/example_latest_only_with_trigger.py for tasks to queue
[2022-03-16 00:01:59,034] {logging_mixin.py:109} INFO - [2022-03-16 00:01:59,034] {dagbag.py:500} INFO - Filling up the DagBag from /home/airflow/.local/lib/python3.7/site-packages/airflow/example_dags/example_latest_only_with_trigger.py
[2022-03-16 00:01:59,055] {processor.py:654} INFO - DAG(s) dict_keys(['latest_only_with_trigger']) retrieved from /home/airflow/.local/lib/python3.7/site-packages/airflow/example_dags/example_latest_only_with_trigger.py
[2022-03-16 00:01:59,062] {logging_mixin.py:109} INFO - [2022-03-16 00:01:59,062] {dag.py:2398} INFO - Sync 1 DAGs
[2022-03-16 00:01:59,075] {logging_mixin.py:109} INFO - [2022-03-16 00:01:59,075] {dag.py:2937} INFO - Setting next_dagrun for latest_only_with_trigger to 2022-03-15T20:01:59.074982+00:00
[2022-03-16 00:01:59,763] {processor.py:171} INFO - Processing /home/airflow/.local/lib/python3.7/site-packages/airflow/example_dags/example_latest_only_with_trigger.py took 0.732 seconds
[2022-03-16 00:02:30,242] {processor.py:163} INFO - Started process (PID=2471) to work on /home/airflow/.local/lib/python3.7/site-packages/airflow/example_dags/example_latest_only_with_trigger.py
[2022-03-16 00:02:30,243] {processor.py:642} INFO - Processing file /home/airflow/.local/lib/python3.7/site-packages/airflow/example_dags/example_latest_only_with_trigger.py for tasks to queue
[2022-03-16 00:02:30,244] {logging_mixin.py:109} INFO - [2022-03-16 00:02:30,244] {dagbag.py:500} INFO - Filling up the DagBag from /home/airflow/.local/lib/python3.7/site-packages/airflow/example_dags/example_latest_only_with_trigger.py
[2022-03-16 00:02:30,262] {processor.py:654} INFO - DAG(s) dict_keys(['latest_only_with_trigger']) retrieved from /home/airflow/.local/lib/python3.7/site-packages/airflow/example_dags/example_latest_only_with_trigger.py
[2022-03-16 00:02:30,268] {logging_mixin.py:109} INFO - [2022-03-16 00:02:30,268] {dag.py:2398} INFO - Sync 1 DAGs
[2022-03-16 00:02:30,279] {logging_mixin.py:109} INFO - [2022-03-16 00:02:30,279] {dag.py:2937} INFO - Setting next_dagrun for latest_only_with_trigger to 2022-03-15T20:02:30.279495+00:00
[2022-03-16 00:02:30,317] {processor.py:171} INFO - Processing /home/airflow/.local/lib/python3.7/site-packages/airflow/example_dags/example_latest_only_with_trigger.py took 0.076 seconds
[2022-03-16 00:03:00,361] {processor.py:163} INFO - Started process (PID=2543) to work on /home/airflow/.local/lib/python3.7/site-packages/airflow/example_dags/example_latest_only_with_trigger.py
[2022-03-16 00:03:00,362] {processor.py:642} INFO - Processing file /home/airflow/.local/lib/python3.7/site-packages/airflow/example_dags/example_latest_only_with_trigger.py for tasks to queue
[2022-03-16 00:03:00,362] {logging_mixin.py:109} INFO - [2022-03-16 00:03:00,362] {dagbag.py:500} INFO - Filling up the DagBag from /home/airflow/.local/lib/python3.7/site-packages/airflow/example_dags/example_latest_only_with_trigger.py
[2022-03-16 00:03:00,380] {processor.py:654} INFO - DAG(s) dict_keys(['latest_only_with_trigger']) retrieved from /home/airflow/.local/lib/python3.7/site-packages/airflow/example_dags/example_latest_only_with_trigger.py
[2022-03-16 00:03:00,387] {logging_mixin.py:109} INFO - [2022-03-16 00:03:00,387] {dag.py:2398} INFO - Sync 1 DAGs
[2022-03-16 00:03:00,399] {logging_mixin.py:109} INFO - [2022-03-16 00:03:00,399] {dag.py:2937} INFO - Setting next_dagrun for latest_only_with_trigger to 2022-03-15T20:03:00.399489+00:00
[2022-03-16 00:03:00,457] {processor.py:171} INFO - Processing /home/airflow/.local/lib/python3.7/site-packages/airflow/example_dags/example_latest_only_with_trigger.py took 0.097 seconds
[2022-03-16 00:03:31,495] {processor.py:163} INFO - Started process (PID=2593) to work on /home/airflow/.local/lib/python3.7/site-packages/airflow/example_dags/example_latest_only_with_trigger.py
[2022-03-16 00:03:31,496] {processor.py:642} INFO - Processing file /home/airflow/.local/lib/python3.7/site-packages/airflow/example_dags/example_latest_only_with_trigger.py for tasks to queue
[2022-03-16 00:03:31,497] {logging_mixin.py:109} INFO - [2022-03-16 00:03:31,496] {dagbag.py:500} INFO - Filling up the DagBag from /home/airflow/.local/lib/python3.7/site-packages/airflow/example_dags/example_latest_only_with_trigger.py
[2022-03-16 00:03:31,514] {processor.py:654} INFO - DAG(s) dict_keys(['latest_only_with_trigger']) retrieved from /home/airflow/.local/lib/python3.7/site-packages/airflow/example_dags/example_latest_only_with_trigger.py
[2022-03-16 00:03:31,521] {logging_mixin.py:109} INFO - [2022-03-16 00:03:31,520] {dag.py:2398} INFO - Sync 1 DAGs
[2022-03-16 00:03:31,531] {logging_mixin.py:109} INFO - [2022-03-16 00:03:31,531] {dag.py:2937} INFO - Setting next_dagrun for latest_only_with_trigger to 2022-03-15T20:03:31.531601+00:00
[2022-03-16 00:03:31,713] {processor.py:171} INFO - Processing /home/airflow/.local/lib/python3.7/site-packages/airflow/example_dags/example_latest_only_with_trigger.py took 0.219 seconds
[2022-03-16 00:04:02,827] {processor.py:163} INFO - Started process (PID=2653) to work on /home/airflow/.local/lib/python3.7/site-packages/airflow/example_dags/example_latest_only_with_trigger.py
[2022-03-16 00:04:02,828] {processor.py:642} INFO - Processing file /home/airflow/.local/lib/python3.7/site-packages/airflow/example_dags/example_latest_only_with_trigger.py for tasks to queue
[2022-03-16 00:04:02,828] {logging_mixin.py:109} INFO - [2022-03-16 00:04:02,828] {dagbag.py:500} INFO - Filling up the DagBag from /home/airflow/.local/lib/python3.7/site-packages/airflow/example_dags/example_latest_only_with_trigger.py
[2022-03-16 00:04:02,851] {processor.py:654} INFO - DAG(s) dict_keys(['latest_only_with_trigger']) retrieved from /home/airflow/.local/lib/python3.7/site-packages/airflow/example_dags/example_latest_only_with_trigger.py
[2022-03-16 00:04:02,862] {logging_mixin.py:109} INFO - [2022-03-16 00:04:02,862] {dag.py:2398} INFO - Sync 1 DAGs
[2022-03-16 00:04:02,881] {logging_mixin.py:109} INFO - [2022-03-16 00:04:02,881] {dag.py:2937} INFO - Setting next_dagrun for latest_only_with_trigger to 2022-03-15T20:04:02.880963+00:00
[2022-03-16 00:04:02,936] {processor.py:171} INFO - Processing /home/airflow/.local/lib/python3.7/site-packages/airflow/example_dags/example_latest_only_with_trigger.py took 0.111 seconds
[2022-03-16 00:04:32,960] {processor.py:163} INFO - Started process (PID=2716) to work on /home/airflow/.local/lib/python3.7/site-packages/airflow/example_dags/example_latest_only_with_trigger.py
[2022-03-16 00:04:32,966] {processor.py:642} INFO - Processing file /home/airflow/.local/lib/python3.7/site-packages/airflow/example_dags/example_latest_only_with_trigger.py for tasks to queue
[2022-03-16 00:04:32,967] {logging_mixin.py:109} INFO - [2022-03-16 00:04:32,966] {dagbag.py:500} INFO - Filling up the DagBag from /home/airflow/.local/lib/python3.7/site-packages/airflow/example_dags/example_latest_only_with_trigger.py
[2022-03-16 00:04:32,985] {processor.py:654} INFO - DAG(s) dict_keys(['latest_only_with_trigger']) retrieved from /home/airflow/.local/lib/python3.7/site-packages/airflow/example_dags/example_latest_only_with_trigger.py
[2022-03-16 00:04:32,992] {logging_mixin.py:109} INFO - [2022-03-16 00:04:32,992] {dag.py:2398} INFO - Sync 1 DAGs
[2022-03-16 00:04:33,006] {logging_mixin.py:109} INFO - [2022-03-16 00:04:33,006] {dag.py:2937} INFO - Setting next_dagrun for latest_only_with_trigger to 2022-03-15T20:04:33.006185+00:00
[2022-03-16 00:04:33,210] {processor.py:171} INFO - Processing /home/airflow/.local/lib/python3.7/site-packages/airflow/example_dags/example_latest_only_with_trigger.py took 0.252 seconds
[2022-03-16 00:05:04,125] {processor.py:163} INFO - Started process (PID=2778) to work on /home/airflow/.local/lib/python3.7/site-packages/airflow/example_dags/example_latest_only_with_trigger.py
[2022-03-16 00:05:04,144] {processor.py:642} INFO - Processing file /home/airflow/.local/lib/python3.7/site-packages/airflow/example_dags/example_latest_only_with_trigger.py for tasks to queue
[2022-03-16 00:05:04,144] {logging_mixin.py:109} INFO - [2022-03-16 00:05:04,144] {dagbag.py:500} INFO - Filling up the DagBag from /home/airflow/.local/lib/python3.7/site-packages/airflow/example_dags/example_latest_only_with_trigger.py
[2022-03-16 00:05:04,170] {processor.py:654} INFO - DAG(s) dict_keys(['latest_only_with_trigger']) retrieved from /home/airflow/.local/lib/python3.7/site-packages/airflow/example_dags/example_latest_only_with_trigger.py
[2022-03-16 00:05:04,179] {logging_mixin.py:109} INFO - [2022-03-16 00:05:04,178] {dag.py:2398} INFO - Sync 1 DAGs
[2022-03-16 00:05:04,191] {logging_mixin.py:109} INFO - [2022-03-16 00:05:04,191] {dag.py:2937} INFO - Setting next_dagrun for latest_only_with_trigger to 2022-03-15T20:05:04.190815+00:00
[2022-03-16 00:05:06,045] {processor.py:171} INFO - Processing /home/airflow/.local/lib/python3.7/site-packages/airflow/example_dags/example_latest_only_with_trigger.py took 1.921 seconds
[2022-03-16 00:05:36,272] {processor.py:163} INFO - Started process (PID=2837) to work on /home/airflow/.local/lib/python3.7/site-packages/airflow/example_dags/example_latest_only_with_trigger.py
[2022-03-16 00:05:36,274] {processor.py:642} INFO - Processing file /home/airflow/.local/lib/python3.7/site-packages/airflow/example_dags/example_latest_only_with_trigger.py for tasks to queue
[2022-03-16 00:05:36,274] {logging_mixin.py:109} INFO - [2022-03-16 00:05:36,274] {dagbag.py:500} INFO - Filling up the DagBag from /home/airflow/.local/lib/python3.7/site-packages/airflow/example_dags/example_latest_only_with_trigger.py
[2022-03-16 00:05:36,292] {processor.py:654} INFO - DAG(s) dict_keys(['latest_only_with_trigger']) retrieved from /home/airflow/.local/lib/python3.7/site-packages/airflow/example_dags/example_latest_only_with_trigger.py
[2022-03-16 00:05:36,299] {logging_mixin.py:109} INFO - [2022-03-16 00:05:36,298] {dag.py:2398} INFO - Sync 1 DAGs
[2022-03-16 00:05:36,311] {logging_mixin.py:109} INFO - [2022-03-16 00:05:36,311] {dag.py:2937} INFO - Setting next_dagrun for latest_only_with_trigger to 2022-03-15T20:05:36.310947+00:00
[2022-03-16 00:05:36,356] {processor.py:171} INFO - Processing /home/airflow/.local/lib/python3.7/site-packages/airflow/example_dags/example_latest_only_with_trigger.py took 0.086 seconds
[2022-03-16 00:06:06,902] {processor.py:163} INFO - Started process (PID=2890) to work on /home/airflow/.local/lib/python3.7/site-packages/airflow/example_dags/example_latest_only_with_trigger.py
[2022-03-16 00:06:06,914] {processor.py:642} INFO - Processing file /home/airflow/.local/lib/python3.7/site-packages/airflow/example_dags/example_latest_only_with_trigger.py for tasks to queue
[2022-03-16 00:06:06,915] {logging_mixin.py:109} INFO - [2022-03-16 00:06:06,915] {dagbag.py:500} INFO - Filling up the DagBag from /home/airflow/.local/lib/python3.7/site-packages/airflow/example_dags/example_latest_only_with_trigger.py
[2022-03-16 00:06:06,945] {processor.py:654} INFO - DAG(s) dict_keys(['latest_only_with_trigger']) retrieved from /home/airflow/.local/lib/python3.7/site-packages/airflow/example_dags/example_latest_only_with_trigger.py
[2022-03-16 00:06:06,951] {logging_mixin.py:109} INFO - [2022-03-16 00:06:06,951] {dag.py:2398} INFO - Sync 1 DAGs
[2022-03-16 00:06:06,963] {logging_mixin.py:109} INFO - [2022-03-16 00:06:06,963] {dag.py:2937} INFO - Setting next_dagrun for latest_only_with_trigger to 2022-03-15T20:06:06.963533+00:00
[2022-03-16 00:06:09,449] {processor.py:171} INFO - Processing /home/airflow/.local/lib/python3.7/site-packages/airflow/example_dags/example_latest_only_with_trigger.py took 2.552 seconds
[2022-03-16 00:06:40,018] {processor.py:163} INFO - Started process (PID=2965) to work on /home/airflow/.local/lib/python3.7/site-packages/airflow/example_dags/example_latest_only_with_trigger.py
[2022-03-16 00:06:40,041] {processor.py:642} INFO - Processing file /home/airflow/.local/lib/python3.7/site-packages/airflow/example_dags/example_latest_only_with_trigger.py for tasks to queue
[2022-03-16 00:06:40,041] {logging_mixin.py:109} INFO - [2022-03-16 00:06:40,041] {dagbag.py:500} INFO - Filling up the DagBag from /home/airflow/.local/lib/python3.7/site-packages/airflow/example_dags/example_latest_only_with_trigger.py
[2022-03-16 00:06:40,060] {processor.py:654} INFO - DAG(s) dict_keys(['latest_only_with_trigger']) retrieved from /home/airflow/.local/lib/python3.7/site-packages/airflow/example_dags/example_latest_only_with_trigger.py
[2022-03-16 00:06:40,067] {logging_mixin.py:109} INFO - [2022-03-16 00:06:40,067] {dag.py:2398} INFO - Sync 1 DAGs
[2022-03-16 00:06:40,079] {logging_mixin.py:109} INFO - [2022-03-16 00:06:40,079] {dag.py:2937} INFO - Setting next_dagrun for latest_only_with_trigger to 2022-03-15T20:06:40.079069+00:00
[2022-03-16 00:06:40,219] {processor.py:171} INFO - Processing /home/airflow/.local/lib/python3.7/site-packages/airflow/example_dags/example_latest_only_with_trigger.py took 0.203 seconds
[2022-03-16 00:07:10,812] {processor.py:163} INFO - Started process (PID=3032) to work on /home/airflow/.local/lib/python3.7/site-packages/airflow/example_dags/example_latest_only_with_trigger.py
[2022-03-16 00:07:10,829] {processor.py:642} INFO - Processing file /home/airflow/.local/lib/python3.7/site-packages/airflow/example_dags/example_latest_only_with_trigger.py for tasks to queue
[2022-03-16 00:07:10,829] {logging_mixin.py:109} INFO - [2022-03-16 00:07:10,829] {dagbag.py:500} INFO - Filling up the DagBag from /home/airflow/.local/lib/python3.7/site-packages/airflow/example_dags/example_latest_only_with_trigger.py
[2022-03-16 00:07:10,857] {processor.py:654} INFO - DAG(s) dict_keys(['latest_only_with_trigger']) retrieved from /home/airflow/.local/lib/python3.7/site-packages/airflow/example_dags/example_latest_only_with_trigger.py
[2022-03-16 00:07:10,868] {logging_mixin.py:109} INFO - [2022-03-16 00:07:10,868] {dag.py:2398} INFO - Sync 1 DAGs
[2022-03-16 00:07:10,886] {logging_mixin.py:109} INFO - [2022-03-16 00:07:10,886] {dag.py:2937} INFO - Setting next_dagrun for latest_only_with_trigger to 2022-03-15T20:07:10.886007+00:00
[2022-03-16 00:07:10,963] {processor.py:171} INFO - Processing /home/airflow/.local/lib/python3.7/site-packages/airflow/example_dags/example_latest_only_with_trigger.py took 0.153 seconds
[2022-03-16 00:07:41,850] {processor.py:163} INFO - Started process (PID=3081) to work on /home/airflow/.local/lib/python3.7/site-packages/airflow/example_dags/example_latest_only_with_trigger.py
[2022-03-16 00:07:41,864] {processor.py:642} INFO - Processing file /home/airflow/.local/lib/python3.7/site-packages/airflow/example_dags/example_latest_only_with_trigger.py for tasks to queue
[2022-03-16 00:07:41,865] {logging_mixin.py:109} INFO - [2022-03-16 00:07:41,865] {dagbag.py:500} INFO - Filling up the DagBag from /home/airflow/.local/lib/python3.7/site-packages/airflow/example_dags/example_latest_only_with_trigger.py
[2022-03-16 00:07:41,897] {processor.py:654} INFO - DAG(s) dict_keys(['latest_only_with_trigger']) retrieved from /home/airflow/.local/lib/python3.7/site-packages/airflow/example_dags/example_latest_only_with_trigger.py
[2022-03-16 00:07:41,910] {logging_mixin.py:109} INFO - [2022-03-16 00:07:41,910] {dag.py:2398} INFO - Sync 1 DAGs
[2022-03-16 00:07:41,926] {logging_mixin.py:109} INFO - [2022-03-16 00:07:41,926] {dag.py:2937} INFO - Setting next_dagrun for latest_only_with_trigger to 2022-03-15T20:07:41.925879+00:00
[2022-03-16 00:07:41,997] {processor.py:171} INFO - Processing /home/airflow/.local/lib/python3.7/site-packages/airflow/example_dags/example_latest_only_with_trigger.py took 0.149 seconds
[2022-03-16 00:08:12,146] {processor.py:163} INFO - Started process (PID=3136) to work on /home/airflow/.local/lib/python3.7/site-packages/airflow/example_dags/example_latest_only_with_trigger.py
[2022-03-16 00:08:12,161] {processor.py:642} INFO - Processing file /home/airflow/.local/lib/python3.7/site-packages/airflow/example_dags/example_latest_only_with_trigger.py for tasks to queue
[2022-03-16 00:08:12,162] {logging_mixin.py:109} INFO - [2022-03-16 00:08:12,161] {dagbag.py:500} INFO - Filling up the DagBag from /home/airflow/.local/lib/python3.7/site-packages/airflow/example_dags/example_latest_only_with_trigger.py
[2022-03-16 00:08:12,181] {processor.py:654} INFO - DAG(s) dict_keys(['latest_only_with_trigger']) retrieved from /home/airflow/.local/lib/python3.7/site-packages/airflow/example_dags/example_latest_only_with_trigger.py
[2022-03-16 00:08:12,187] {logging_mixin.py:109} INFO - [2022-03-16 00:08:12,187] {dag.py:2398} INFO - Sync 1 DAGs
[2022-03-16 00:08:12,198] {logging_mixin.py:109} INFO - [2022-03-16 00:08:12,198] {dag.py:2937} INFO - Setting next_dagrun for latest_only_with_trigger to 2022-03-15T20:08:12.197979+00:00
[2022-03-16 00:08:12,479] {processor.py:171} INFO - Processing /home/airflow/.local/lib/python3.7/site-packages/airflow/example_dags/example_latest_only_with_trigger.py took 0.335 seconds
[2022-03-16 00:08:42,942] {processor.py:163} INFO - Started process (PID=3209) to work on /home/airflow/.local/lib/python3.7/site-packages/airflow/example_dags/example_latest_only_with_trigger.py
[2022-03-16 00:08:42,955] {processor.py:642} INFO - Processing file /home/airflow/.local/lib/python3.7/site-packages/airflow/example_dags/example_latest_only_with_trigger.py for tasks to queue
[2022-03-16 00:08:42,956] {logging_mixin.py:109} INFO - [2022-03-16 00:08:42,956] {dagbag.py:500} INFO - Filling up the DagBag from /home/airflow/.local/lib/python3.7/site-packages/airflow/example_dags/example_latest_only_with_trigger.py
[2022-03-16 00:08:42,975] {processor.py:654} INFO - DAG(s) dict_keys(['latest_only_with_trigger']) retrieved from /home/airflow/.local/lib/python3.7/site-packages/airflow/example_dags/example_latest_only_with_trigger.py
[2022-03-16 00:08:42,981] {logging_mixin.py:109} INFO - [2022-03-16 00:08:42,981] {dag.py:2398} INFO - Sync 1 DAGs
[2022-03-16 00:08:42,992] {logging_mixin.py:109} INFO - [2022-03-16 00:08:42,992] {dag.py:2937} INFO - Setting next_dagrun for latest_only_with_trigger to 2022-03-15T20:08:42.991820+00:00
[2022-03-16 00:08:43,380] {processor.py:171} INFO - Processing /home/airflow/.local/lib/python3.7/site-packages/airflow/example_dags/example_latest_only_with_trigger.py took 0.440 seconds
[2022-03-16 00:09:13,862] {processor.py:163} INFO - Started process (PID=3267) to work on /home/airflow/.local/lib/python3.7/site-packages/airflow/example_dags/example_latest_only_with_trigger.py
[2022-03-16 00:09:13,947] {processor.py:642} INFO - Processing file /home/airflow/.local/lib/python3.7/site-packages/airflow/example_dags/example_latest_only_with_trigger.py for tasks to queue
[2022-03-16 00:09:13,948] {logging_mixin.py:109} INFO - [2022-03-16 00:09:13,948] {dagbag.py:500} INFO - Filling up the DagBag from /home/airflow/.local/lib/python3.7/site-packages/airflow/example_dags/example_latest_only_with_trigger.py
[2022-03-16 00:09:13,966] {processor.py:654} INFO - DAG(s) dict_keys(['latest_only_with_trigger']) retrieved from /home/airflow/.local/lib/python3.7/site-packages/airflow/example_dags/example_latest_only_with_trigger.py
[2022-03-16 00:09:13,972] {logging_mixin.py:109} INFO - [2022-03-16 00:09:13,972] {dag.py:2398} INFO - Sync 1 DAGs
[2022-03-16 00:09:13,986] {logging_mixin.py:109} INFO - [2022-03-16 00:09:13,985] {dag.py:2937} INFO - Setting next_dagrun for latest_only_with_trigger to 2022-03-15T20:09:13.985699+00:00
[2022-03-16 00:09:14,961] {processor.py:171} INFO - Processing /home/airflow/.local/lib/python3.7/site-packages/airflow/example_dags/example_latest_only_with_trigger.py took 1.101 seconds
[2022-03-16 00:09:45,302] {processor.py:163} INFO - Started process (PID=3326) to work on /home/airflow/.local/lib/python3.7/site-packages/airflow/example_dags/example_latest_only_with_trigger.py
[2022-03-16 00:09:45,320] {processor.py:642} INFO - Processing file /home/airflow/.local/lib/python3.7/site-packages/airflow/example_dags/example_latest_only_with_trigger.py for tasks to queue
[2022-03-16 00:09:45,321] {logging_mixin.py:109} INFO - [2022-03-16 00:09:45,320] {dagbag.py:500} INFO - Filling up the DagBag from /home/airflow/.local/lib/python3.7/site-packages/airflow/example_dags/example_latest_only_with_trigger.py
[2022-03-16 00:09:45,339] {processor.py:654} INFO - DAG(s) dict_keys(['latest_only_with_trigger']) retrieved from /home/airflow/.local/lib/python3.7/site-packages/airflow/example_dags/example_latest_only_with_trigger.py
[2022-03-16 00:09:45,346] {logging_mixin.py:109} INFO - [2022-03-16 00:09:45,346] {dag.py:2398} INFO - Sync 1 DAGs
[2022-03-16 00:09:45,358] {logging_mixin.py:109} INFO - [2022-03-16 00:09:45,358] {dag.py:2937} INFO - Setting next_dagrun for latest_only_with_trigger to 2022-03-15T20:09:45.358187+00:00
[2022-03-16 00:09:46,926] {processor.py:171} INFO - Processing /home/airflow/.local/lib/python3.7/site-packages/airflow/example_dags/example_latest_only_with_trigger.py took 1.626 seconds
[2022-03-16 00:10:17,652] {processor.py:163} INFO - Started process (PID=3382) to work on /home/airflow/.local/lib/python3.7/site-packages/airflow/example_dags/example_latest_only_with_trigger.py
[2022-03-16 00:10:17,661] {processor.py:642} INFO - Processing file /home/airflow/.local/lib/python3.7/site-packages/airflow/example_dags/example_latest_only_with_trigger.py for tasks to queue
[2022-03-16 00:10:17,661] {logging_mixin.py:109} INFO - [2022-03-16 00:10:17,661] {dagbag.py:500} INFO - Filling up the DagBag from /home/airflow/.local/lib/python3.7/site-packages/airflow/example_dags/example_latest_only_with_trigger.py
[2022-03-16 00:10:17,680] {processor.py:654} INFO - DAG(s) dict_keys(['latest_only_with_trigger']) retrieved from /home/airflow/.local/lib/python3.7/site-packages/airflow/example_dags/example_latest_only_with_trigger.py
[2022-03-16 00:10:17,688] {logging_mixin.py:109} INFO - [2022-03-16 00:10:17,688] {dag.py:2398} INFO - Sync 1 DAGs
[2022-03-16 00:10:17,703] {logging_mixin.py:109} INFO - [2022-03-16 00:10:17,703] {dag.py:2937} INFO - Setting next_dagrun for latest_only_with_trigger to 2022-03-15T20:10:17.703274+00:00
[2022-03-16 00:10:18,740] {processor.py:171} INFO - Processing /home/airflow/.local/lib/python3.7/site-packages/airflow/example_dags/example_latest_only_with_trigger.py took 1.089 seconds
[2022-03-16 00:10:48,838] {processor.py:163} INFO - Started process (PID=3455) to work on /home/airflow/.local/lib/python3.7/site-packages/airflow/example_dags/example_latest_only_with_trigger.py
[2022-03-16 00:10:48,862] {processor.py:642} INFO - Processing file /home/airflow/.local/lib/python3.7/site-packages/airflow/example_dags/example_latest_only_with_trigger.py for tasks to queue
[2022-03-16 00:10:48,863] {logging_mixin.py:109} INFO - [2022-03-16 00:10:48,863] {dagbag.py:500} INFO - Filling up the DagBag from /home/airflow/.local/lib/python3.7/site-packages/airflow/example_dags/example_latest_only_with_trigger.py
[2022-03-16 00:10:48,890] {processor.py:654} INFO - DAG(s) dict_keys(['latest_only_with_trigger']) retrieved from /home/airflow/.local/lib/python3.7/site-packages/airflow/example_dags/example_latest_only_with_trigger.py
[2022-03-16 00:10:48,897] {logging_mixin.py:109} INFO - [2022-03-16 00:10:48,897] {dag.py:2398} INFO - Sync 1 DAGs
[2022-03-16 00:10:48,909] {logging_mixin.py:109} INFO - [2022-03-16 00:10:48,909] {dag.py:2937} INFO - Setting next_dagrun for latest_only_with_trigger to 2022-03-15T20:10:48.908960+00:00
[2022-03-16 00:10:49,083] {processor.py:171} INFO - Processing /home/airflow/.local/lib/python3.7/site-packages/airflow/example_dags/example_latest_only_with_trigger.py took 0.247 seconds
[2022-03-16 00:11:19,403] {processor.py:163} INFO - Started process (PID=3511) to work on /home/airflow/.local/lib/python3.7/site-packages/airflow/example_dags/example_latest_only_with_trigger.py
[2022-03-16 00:11:19,433] {processor.py:642} INFO - Processing file /home/airflow/.local/lib/python3.7/site-packages/airflow/example_dags/example_latest_only_with_trigger.py for tasks to queue
[2022-03-16 00:11:19,434] {logging_mixin.py:109} INFO - [2022-03-16 00:11:19,434] {dagbag.py:500} INFO - Filling up the DagBag from /home/airflow/.local/lib/python3.7/site-packages/airflow/example_dags/example_latest_only_with_trigger.py
[2022-03-16 00:11:19,457] {processor.py:654} INFO - DAG(s) dict_keys(['latest_only_with_trigger']) retrieved from /home/airflow/.local/lib/python3.7/site-packages/airflow/example_dags/example_latest_only_with_trigger.py
[2022-03-16 00:11:19,467] {logging_mixin.py:109} INFO - [2022-03-16 00:11:19,467] {dag.py:2398} INFO - Sync 1 DAGs
[2022-03-16 00:11:19,482] {logging_mixin.py:109} INFO - [2022-03-16 00:11:19,482] {dag.py:2937} INFO - Setting next_dagrun for latest_only_with_trigger to 2022-03-15T20:11:19.482628+00:00
[2022-03-16 00:11:20,115] {processor.py:171} INFO - Processing /home/airflow/.local/lib/python3.7/site-packages/airflow/example_dags/example_latest_only_with_trigger.py took 0.714 seconds
[2022-03-16 00:11:50,608] {processor.py:163} INFO - Started process (PID=3561) to work on /home/airflow/.local/lib/python3.7/site-packages/airflow/example_dags/example_latest_only_with_trigger.py
[2022-03-16 00:11:50,645] {processor.py:642} INFO - Processing file /home/airflow/.local/lib/python3.7/site-packages/airflow/example_dags/example_latest_only_with_trigger.py for tasks to queue
[2022-03-16 00:11:50,645] {logging_mixin.py:109} INFO - [2022-03-16 00:11:50,645] {dagbag.py:500} INFO - Filling up the DagBag from /home/airflow/.local/lib/python3.7/site-packages/airflow/example_dags/example_latest_only_with_trigger.py
[2022-03-16 00:11:50,663] {processor.py:654} INFO - DAG(s) dict_keys(['latest_only_with_trigger']) retrieved from /home/airflow/.local/lib/python3.7/site-packages/airflow/example_dags/example_latest_only_with_trigger.py
[2022-03-16 00:11:50,670] {logging_mixin.py:109} INFO - [2022-03-16 00:11:50,670] {dag.py:2398} INFO - Sync 1 DAGs
[2022-03-16 00:11:50,680] {logging_mixin.py:109} INFO - [2022-03-16 00:11:50,680] {dag.py:2937} INFO - Setting next_dagrun for latest_only_with_trigger to 2022-03-15T20:11:50.680373+00:00
[2022-03-16 00:11:50,762] {processor.py:171} INFO - Processing /home/airflow/.local/lib/python3.7/site-packages/airflow/example_dags/example_latest_only_with_trigger.py took 0.156 seconds
[2022-03-16 00:12:21,650] {processor.py:163} INFO - Started process (PID=3628) to work on /home/airflow/.local/lib/python3.7/site-packages/airflow/example_dags/example_latest_only_with_trigger.py
[2022-03-16 00:12:21,663] {processor.py:642} INFO - Processing file /home/airflow/.local/lib/python3.7/site-packages/airflow/example_dags/example_latest_only_with_trigger.py for tasks to queue
[2022-03-16 00:12:21,665] {logging_mixin.py:109} INFO - [2022-03-16 00:12:21,664] {dagbag.py:500} INFO - Filling up the DagBag from /home/airflow/.local/lib/python3.7/site-packages/airflow/example_dags/example_latest_only_with_trigger.py
[2022-03-16 00:12:21,708] {processor.py:654} INFO - DAG(s) dict_keys(['latest_only_with_trigger']) retrieved from /home/airflow/.local/lib/python3.7/site-packages/airflow/example_dags/example_latest_only_with_trigger.py
[2022-03-16 00:12:21,715] {logging_mixin.py:109} INFO - [2022-03-16 00:12:21,715] {dag.py:2398} INFO - Sync 1 DAGs
[2022-03-16 00:12:21,725] {logging_mixin.py:109} INFO - [2022-03-16 00:12:21,725] {dag.py:2937} INFO - Setting next_dagrun for latest_only_with_trigger to 2022-03-15T20:12:21.725637+00:00
[2022-03-16 00:12:21,777] {processor.py:171} INFO - Processing /home/airflow/.local/lib/python3.7/site-packages/airflow/example_dags/example_latest_only_with_trigger.py took 0.133 seconds
[2022-03-16 00:12:51,892] {processor.py:163} INFO - Started process (PID=3686) to work on /home/airflow/.local/lib/python3.7/site-packages/airflow/example_dags/example_latest_only_with_trigger.py
[2022-03-16 00:12:51,903] {processor.py:642} INFO - Processing file /home/airflow/.local/lib/python3.7/site-packages/airflow/example_dags/example_latest_only_with_trigger.py for tasks to queue
[2022-03-16 00:12:51,903] {logging_mixin.py:109} INFO - [2022-03-16 00:12:51,903] {dagbag.py:500} INFO - Filling up the DagBag from /home/airflow/.local/lib/python3.7/site-packages/airflow/example_dags/example_latest_only_with_trigger.py
[2022-03-16 00:12:51,921] {processor.py:654} INFO - DAG(s) dict_keys(['latest_only_with_trigger']) retrieved from /home/airflow/.local/lib/python3.7/site-packages/airflow/example_dags/example_latest_only_with_trigger.py
[2022-03-16 00:12:51,930] {logging_mixin.py:109} INFO - [2022-03-16 00:12:51,930] {dag.py:2398} INFO - Sync 1 DAGs
[2022-03-16 00:12:51,945] {logging_mixin.py:109} INFO - [2022-03-16 00:12:51,945] {dag.py:2937} INFO - Setting next_dagrun for latest_only_with_trigger to 2022-03-15T20:12:51.944921+00:00
[2022-03-16 00:12:52,423] {processor.py:171} INFO - Processing /home/airflow/.local/lib/python3.7/site-packages/airflow/example_dags/example_latest_only_with_trigger.py took 0.533 seconds
[2022-03-16 00:13:22,720] {processor.py:163} INFO - Started process (PID=3751) to work on /home/airflow/.local/lib/python3.7/site-packages/airflow/example_dags/example_latest_only_with_trigger.py
[2022-03-16 00:13:22,737] {processor.py:642} INFO - Processing file /home/airflow/.local/lib/python3.7/site-packages/airflow/example_dags/example_latest_only_with_trigger.py for tasks to queue
[2022-03-16 00:13:22,738] {logging_mixin.py:109} INFO - [2022-03-16 00:13:22,738] {dagbag.py:500} INFO - Filling up the DagBag from /home/airflow/.local/lib/python3.7/site-packages/airflow/example_dags/example_latest_only_with_trigger.py
[2022-03-16 00:13:22,759] {processor.py:654} INFO - DAG(s) dict_keys(['latest_only_with_trigger']) retrieved from /home/airflow/.local/lib/python3.7/site-packages/airflow/example_dags/example_latest_only_with_trigger.py
[2022-03-16 00:13:22,766] {logging_mixin.py:109} INFO - [2022-03-16 00:13:22,766] {dag.py:2398} INFO - Sync 1 DAGs
[2022-03-16 00:13:22,779] {logging_mixin.py:109} INFO - [2022-03-16 00:13:22,779] {dag.py:2937} INFO - Setting next_dagrun for latest_only_with_trigger to 2022-03-15T20:13:22.779219+00:00
[2022-03-16 00:13:22,854] {processor.py:171} INFO - Processing /home/airflow/.local/lib/python3.7/site-packages/airflow/example_dags/example_latest_only_with_trigger.py took 0.136 seconds
[2022-03-16 00:13:53,511] {processor.py:163} INFO - Started process (PID=3802) to work on /home/airflow/.local/lib/python3.7/site-packages/airflow/example_dags/example_latest_only_with_trigger.py
[2022-03-16 00:13:53,591] {processor.py:642} INFO - Processing file /home/airflow/.local/lib/python3.7/site-packages/airflow/example_dags/example_latest_only_with_trigger.py for tasks to queue
[2022-03-16 00:13:53,593] {logging_mixin.py:109} INFO - [2022-03-16 00:13:53,593] {dagbag.py:500} INFO - Filling up the DagBag from /home/airflow/.local/lib/python3.7/site-packages/airflow/example_dags/example_latest_only_with_trigger.py
[2022-03-16 00:13:53,643] {processor.py:654} INFO - DAG(s) dict_keys(['latest_only_with_trigger']) retrieved from /home/airflow/.local/lib/python3.7/site-packages/airflow/example_dags/example_latest_only_with_trigger.py
[2022-03-16 00:13:53,651] {logging_mixin.py:109} INFO - [2022-03-16 00:13:53,651] {dag.py:2398} INFO - Sync 1 DAGs
[2022-03-16 00:13:53,662] {logging_mixin.py:109} INFO - [2022-03-16 00:13:53,662] {dag.py:2937} INFO - Setting next_dagrun for latest_only_with_trigger to 2022-03-15T20:13:53.662342+00:00
[2022-03-16 00:13:53,715] {processor.py:171} INFO - Processing /home/airflow/.local/lib/python3.7/site-packages/airflow/example_dags/example_latest_only_with_trigger.py took 0.206 seconds
[2022-03-16 00:14:24,150] {processor.py:163} INFO - Started process (PID=3861) to work on /home/airflow/.local/lib/python3.7/site-packages/airflow/example_dags/example_latest_only_with_trigger.py
[2022-03-16 00:14:24,171] {processor.py:642} INFO - Processing file /home/airflow/.local/lib/python3.7/site-packages/airflow/example_dags/example_latest_only_with_trigger.py for tasks to queue
[2022-03-16 00:14:24,172] {logging_mixin.py:109} INFO - [2022-03-16 00:14:24,172] {dagbag.py:500} INFO - Filling up the DagBag from /home/airflow/.local/lib/python3.7/site-packages/airflow/example_dags/example_latest_only_with_trigger.py
[2022-03-16 00:14:24,197] {processor.py:654} INFO - DAG(s) dict_keys(['latest_only_with_trigger']) retrieved from /home/airflow/.local/lib/python3.7/site-packages/airflow/example_dags/example_latest_only_with_trigger.py
[2022-03-16 00:14:24,204] {logging_mixin.py:109} INFO - [2022-03-16 00:14:24,204] {dag.py:2398} INFO - Sync 1 DAGs
[2022-03-16 00:14:24,217] {logging_mixin.py:109} INFO - [2022-03-16 00:14:24,217] {dag.py:2937} INFO - Setting next_dagrun for latest_only_with_trigger to 2022-03-15T20:14:24.217558+00:00
[2022-03-16 00:14:24,624] {processor.py:171} INFO - Processing /home/airflow/.local/lib/python3.7/site-packages/airflow/example_dags/example_latest_only_with_trigger.py took 0.476 seconds
[2022-03-16 00:14:55,729] {processor.py:163} INFO - Started process (PID=3934) to work on /home/airflow/.local/lib/python3.7/site-packages/airflow/example_dags/example_latest_only_with_trigger.py
[2022-03-16 00:14:55,756] {processor.py:642} INFO - Processing file /home/airflow/.local/lib/python3.7/site-packages/airflow/example_dags/example_latest_only_with_trigger.py for tasks to queue
[2022-03-16 00:14:55,757] {logging_mixin.py:109} INFO - [2022-03-16 00:14:55,757] {dagbag.py:500} INFO - Filling up the DagBag from /home/airflow/.local/lib/python3.7/site-packages/airflow/example_dags/example_latest_only_with_trigger.py
[2022-03-16 00:14:55,795] {processor.py:654} INFO - DAG(s) dict_keys(['latest_only_with_trigger']) retrieved from /home/airflow/.local/lib/python3.7/site-packages/airflow/example_dags/example_latest_only_with_trigger.py
[2022-03-16 00:14:55,807] {logging_mixin.py:109} INFO - [2022-03-16 00:14:55,807] {dag.py:2398} INFO - Sync 1 DAGs
[2022-03-16 00:14:55,828] {logging_mixin.py:109} INFO - [2022-03-16 00:14:55,828] {dag.py:2937} INFO - Setting next_dagrun for latest_only_with_trigger to 2022-03-15T20:14:55.827999+00:00
[2022-03-16 00:14:55,880] {processor.py:171} INFO - Processing /home/airflow/.local/lib/python3.7/site-packages/airflow/example_dags/example_latest_only_with_trigger.py took 0.155 seconds
[2022-03-16 00:15:26,399] {processor.py:163} INFO - Started process (PID=3987) to work on /home/airflow/.local/lib/python3.7/site-packages/airflow/example_dags/example_latest_only_with_trigger.py
[2022-03-16 00:15:26,429] {processor.py:642} INFO - Processing file /home/airflow/.local/lib/python3.7/site-packages/airflow/example_dags/example_latest_only_with_trigger.py for tasks to queue
[2022-03-16 00:15:26,430] {logging_mixin.py:109} INFO - [2022-03-16 00:15:26,430] {dagbag.py:500} INFO - Filling up the DagBag from /home/airflow/.local/lib/python3.7/site-packages/airflow/example_dags/example_latest_only_with_trigger.py
[2022-03-16 00:15:26,450] {processor.py:654} INFO - DAG(s) dict_keys(['latest_only_with_trigger']) retrieved from /home/airflow/.local/lib/python3.7/site-packages/airflow/example_dags/example_latest_only_with_trigger.py
[2022-03-16 00:15:26,457] {logging_mixin.py:109} INFO - [2022-03-16 00:15:26,457] {dag.py:2398} INFO - Sync 1 DAGs
[2022-03-16 00:15:26,470] {logging_mixin.py:109} INFO - [2022-03-16 00:15:26,470] {dag.py:2937} INFO - Setting next_dagrun for latest_only_with_trigger to 2022-03-15T20:15:26.470511+00:00
[2022-03-16 00:15:26,516] {processor.py:171} INFO - Processing /home/airflow/.local/lib/python3.7/site-packages/airflow/example_dags/example_latest_only_with_trigger.py took 0.120 seconds
[2022-03-16 00:15:56,796] {processor.py:163} INFO - Started process (PID=4037) to work on /home/airflow/.local/lib/python3.7/site-packages/airflow/example_dags/example_latest_only_with_trigger.py
[2022-03-16 00:15:56,800] {processor.py:642} INFO - Processing file /home/airflow/.local/lib/python3.7/site-packages/airflow/example_dags/example_latest_only_with_trigger.py for tasks to queue
[2022-03-16 00:15:56,800] {logging_mixin.py:109} INFO - [2022-03-16 00:15:56,800] {dagbag.py:500} INFO - Filling up the DagBag from /home/airflow/.local/lib/python3.7/site-packages/airflow/example_dags/example_latest_only_with_trigger.py
[2022-03-16 00:15:56,819] {processor.py:654} INFO - DAG(s) dict_keys(['latest_only_with_trigger']) retrieved from /home/airflow/.local/lib/python3.7/site-packages/airflow/example_dags/example_latest_only_with_trigger.py
[2022-03-16 00:15:56,826] {logging_mixin.py:109} INFO - [2022-03-16 00:15:56,826] {dag.py:2398} INFO - Sync 1 DAGs
[2022-03-16 00:15:56,838] {logging_mixin.py:109} INFO - [2022-03-16 00:15:56,837] {dag.py:2937} INFO - Setting next_dagrun for latest_only_with_trigger to 2022-03-15T20:15:56.837707+00:00
[2022-03-16 00:15:58,074] {processor.py:171} INFO - Processing /home/airflow/.local/lib/python3.7/site-packages/airflow/example_dags/example_latest_only_with_trigger.py took 1.280 seconds
[2022-03-16 00:16:28,300] {processor.py:163} INFO - Started process (PID=4106) to work on /home/airflow/.local/lib/python3.7/site-packages/airflow/example_dags/example_latest_only_with_trigger.py
[2022-03-16 00:16:28,304] {processor.py:642} INFO - Processing file /home/airflow/.local/lib/python3.7/site-packages/airflow/example_dags/example_latest_only_with_trigger.py for tasks to queue
[2022-03-16 00:16:28,305] {logging_mixin.py:109} INFO - [2022-03-16 00:16:28,305] {dagbag.py:500} INFO - Filling up the DagBag from /home/airflow/.local/lib/python3.7/site-packages/airflow/example_dags/example_latest_only_with_trigger.py
[2022-03-16 00:16:28,324] {processor.py:654} INFO - DAG(s) dict_keys(['latest_only_with_trigger']) retrieved from /home/airflow/.local/lib/python3.7/site-packages/airflow/example_dags/example_latest_only_with_trigger.py
[2022-03-16 00:16:28,331] {logging_mixin.py:109} INFO - [2022-03-16 00:16:28,331] {dag.py:2398} INFO - Sync 1 DAGs
[2022-03-16 00:16:28,343] {logging_mixin.py:109} INFO - [2022-03-16 00:16:28,343] {dag.py:2937} INFO - Setting next_dagrun for latest_only_with_trigger to 2022-03-15T20:16:28.343076+00:00
[2022-03-16 00:16:28,542] {processor.py:171} INFO - Processing /home/airflow/.local/lib/python3.7/site-packages/airflow/example_dags/example_latest_only_with_trigger.py took 0.243 seconds
[2022-03-16 00:16:59,432] {processor.py:163} INFO - Started process (PID=4166) to work on /home/airflow/.local/lib/python3.7/site-packages/airflow/example_dags/example_latest_only_with_trigger.py
[2022-03-16 00:16:59,439] {processor.py:642} INFO - Processing file /home/airflow/.local/lib/python3.7/site-packages/airflow/example_dags/example_latest_only_with_trigger.py for tasks to queue
[2022-03-16 00:16:59,440] {logging_mixin.py:109} INFO - [2022-03-16 00:16:59,440] {dagbag.py:500} INFO - Filling up the DagBag from /home/airflow/.local/lib/python3.7/site-packages/airflow/example_dags/example_latest_only_with_trigger.py
[2022-03-16 00:16:59,460] {processor.py:654} INFO - DAG(s) dict_keys(['latest_only_with_trigger']) retrieved from /home/airflow/.local/lib/python3.7/site-packages/airflow/example_dags/example_latest_only_with_trigger.py
[2022-03-16 00:16:59,469] {logging_mixin.py:109} INFO - [2022-03-16 00:16:59,468] {dag.py:2398} INFO - Sync 1 DAGs
[2022-03-16 00:16:59,481] {logging_mixin.py:109} INFO - [2022-03-16 00:16:59,481] {dag.py:2937} INFO - Setting next_dagrun for latest_only_with_trigger to 2022-03-15T20:16:59.481162+00:00
[2022-03-16 00:16:59,519] {processor.py:171} INFO - Processing /home/airflow/.local/lib/python3.7/site-packages/airflow/example_dags/example_latest_only_with_trigger.py took 0.089 seconds
[2022-03-16 00:17:29,832] {processor.py:163} INFO - Started process (PID=4227) to work on /home/airflow/.local/lib/python3.7/site-packages/airflow/example_dags/example_latest_only_with_trigger.py
[2022-03-16 00:17:29,847] {processor.py:642} INFO - Processing file /home/airflow/.local/lib/python3.7/site-packages/airflow/example_dags/example_latest_only_with_trigger.py for tasks to queue
[2022-03-16 00:17:29,848] {logging_mixin.py:109} INFO - [2022-03-16 00:17:29,848] {dagbag.py:500} INFO - Filling up the DagBag from /home/airflow/.local/lib/python3.7/site-packages/airflow/example_dags/example_latest_only_with_trigger.py
[2022-03-16 00:17:29,881] {processor.py:654} INFO - DAG(s) dict_keys(['latest_only_with_trigger']) retrieved from /home/airflow/.local/lib/python3.7/site-packages/airflow/example_dags/example_latest_only_with_trigger.py
[2022-03-16 00:17:29,892] {logging_mixin.py:109} INFO - [2022-03-16 00:17:29,892] {dag.py:2398} INFO - Sync 1 DAGs
[2022-03-16 00:17:29,910] {logging_mixin.py:109} INFO - [2022-03-16 00:17:29,910] {dag.py:2937} INFO - Setting next_dagrun for latest_only_with_trigger to 2022-03-15T20:17:29.909851+00:00
[2022-03-16 00:17:31,131] {processor.py:171} INFO - Processing /home/airflow/.local/lib/python3.7/site-packages/airflow/example_dags/example_latest_only_with_trigger.py took 1.301 seconds
[2022-03-16 00:18:01,635] {processor.py:163} INFO - Started process (PID=4277) to work on /home/airflow/.local/lib/python3.7/site-packages/airflow/example_dags/example_latest_only_with_trigger.py
[2022-03-16 00:18:01,662] {processor.py:642} INFO - Processing file /home/airflow/.local/lib/python3.7/site-packages/airflow/example_dags/example_latest_only_with_trigger.py for tasks to queue
[2022-03-16 00:18:01,663] {logging_mixin.py:109} INFO - [2022-03-16 00:18:01,662] {dagbag.py:500} INFO - Filling up the DagBag from /home/airflow/.local/lib/python3.7/site-packages/airflow/example_dags/example_latest_only_with_trigger.py
[2022-03-16 00:18:01,684] {processor.py:654} INFO - DAG(s) dict_keys(['latest_only_with_trigger']) retrieved from /home/airflow/.local/lib/python3.7/site-packages/airflow/example_dags/example_latest_only_with_trigger.py
[2022-03-16 00:18:01,691] {logging_mixin.py:109} INFO - [2022-03-16 00:18:01,691] {dag.py:2398} INFO - Sync 1 DAGs
[2022-03-16 00:18:01,706] {logging_mixin.py:109} INFO - [2022-03-16 00:18:01,706] {dag.py:2937} INFO - Setting next_dagrun for latest_only_with_trigger to 2022-03-15T20:18:01.705824+00:00
[2022-03-16 00:18:01,795] {processor.py:171} INFO - Processing /home/airflow/.local/lib/python3.7/site-packages/airflow/example_dags/example_latest_only_with_trigger.py took 0.162 seconds
[2022-03-16 00:18:31,890] {processor.py:163} INFO - Started process (PID=4351) to work on /home/airflow/.local/lib/python3.7/site-packages/airflow/example_dags/example_latest_only_with_trigger.py
[2022-03-16 00:18:31,905] {processor.py:642} INFO - Processing file /home/airflow/.local/lib/python3.7/site-packages/airflow/example_dags/example_latest_only_with_trigger.py for tasks to queue
[2022-03-16 00:18:31,906] {logging_mixin.py:109} INFO - [2022-03-16 00:18:31,906] {dagbag.py:500} INFO - Filling up the DagBag from /home/airflow/.local/lib/python3.7/site-packages/airflow/example_dags/example_latest_only_with_trigger.py
[2022-03-16 00:18:31,930] {processor.py:654} INFO - DAG(s) dict_keys(['latest_only_with_trigger']) retrieved from /home/airflow/.local/lib/python3.7/site-packages/airflow/example_dags/example_latest_only_with_trigger.py
[2022-03-16 00:18:31,941] {logging_mixin.py:109} INFO - [2022-03-16 00:18:31,941] {dag.py:2398} INFO - Sync 1 DAGs
[2022-03-16 00:18:31,958] {logging_mixin.py:109} INFO - [2022-03-16 00:18:31,958] {dag.py:2937} INFO - Setting next_dagrun for latest_only_with_trigger to 2022-03-15T20:18:31.958455+00:00
[2022-03-16 00:18:32,898] {processor.py:171} INFO - Processing /home/airflow/.local/lib/python3.7/site-packages/airflow/example_dags/example_latest_only_with_trigger.py took 1.010 seconds
[2022-03-16 00:19:03,445] {processor.py:163} INFO - Started process (PID=4414) to work on /home/airflow/.local/lib/python3.7/site-packages/airflow/example_dags/example_latest_only_with_trigger.py
[2022-03-16 00:19:03,462] {processor.py:642} INFO - Processing file /home/airflow/.local/lib/python3.7/site-packages/airflow/example_dags/example_latest_only_with_trigger.py for tasks to queue
[2022-03-16 00:19:03,462] {logging_mixin.py:109} INFO - [2022-03-16 00:19:03,462] {dagbag.py:500} INFO - Filling up the DagBag from /home/airflow/.local/lib/python3.7/site-packages/airflow/example_dags/example_latest_only_with_trigger.py
[2022-03-16 00:19:03,489] {processor.py:654} INFO - DAG(s) dict_keys(['latest_only_with_trigger']) retrieved from /home/airflow/.local/lib/python3.7/site-packages/airflow/example_dags/example_latest_only_with_trigger.py
[2022-03-16 00:19:03,498] {logging_mixin.py:109} INFO - [2022-03-16 00:19:03,498] {dag.py:2398} INFO - Sync 1 DAGs
[2022-03-16 00:19:03,512] {logging_mixin.py:109} INFO - [2022-03-16 00:19:03,512] {dag.py:2937} INFO - Setting next_dagrun for latest_only_with_trigger to 2022-03-15T20:19:03.512575+00:00
[2022-03-16 00:19:04,424] {processor.py:171} INFO - Processing /home/airflow/.local/lib/python3.7/site-packages/airflow/example_dags/example_latest_only_with_trigger.py took 0.980 seconds
[2022-03-16 00:19:35,304] {processor.py:163} INFO - Started process (PID=4473) to work on /home/airflow/.local/lib/python3.7/site-packages/airflow/example_dags/example_latest_only_with_trigger.py
[2022-03-16 00:19:35,329] {processor.py:642} INFO - Processing file /home/airflow/.local/lib/python3.7/site-packages/airflow/example_dags/example_latest_only_with_trigger.py for tasks to queue
[2022-03-16 00:19:35,330] {logging_mixin.py:109} INFO - [2022-03-16 00:19:35,329] {dagbag.py:500} INFO - Filling up the DagBag from /home/airflow/.local/lib/python3.7/site-packages/airflow/example_dags/example_latest_only_with_trigger.py
[2022-03-16 00:19:35,359] {processor.py:654} INFO - DAG(s) dict_keys(['latest_only_with_trigger']) retrieved from /home/airflow/.local/lib/python3.7/site-packages/airflow/example_dags/example_latest_only_with_trigger.py
[2022-03-16 00:19:35,370] {logging_mixin.py:109} INFO - [2022-03-16 00:19:35,370] {dag.py:2398} INFO - Sync 1 DAGs
[2022-03-16 00:19:35,389] {logging_mixin.py:109} INFO - [2022-03-16 00:19:35,388] {dag.py:2937} INFO - Setting next_dagrun for latest_only_with_trigger to 2022-03-15T20:19:35.388604+00:00
[2022-03-16 00:19:35,765] {processor.py:171} INFO - Processing /home/airflow/.local/lib/python3.7/site-packages/airflow/example_dags/example_latest_only_with_trigger.py took 0.463 seconds
[2022-03-16 00:20:06,433] {processor.py:163} INFO - Started process (PID=4525) to work on /home/airflow/.local/lib/python3.7/site-packages/airflow/example_dags/example_latest_only_with_trigger.py
[2022-03-16 00:20:06,437] {processor.py:642} INFO - Processing file /home/airflow/.local/lib/python3.7/site-packages/airflow/example_dags/example_latest_only_with_trigger.py for tasks to queue
[2022-03-16 00:20:06,438] {logging_mixin.py:109} INFO - [2022-03-16 00:20:06,438] {dagbag.py:500} INFO - Filling up the DagBag from /home/airflow/.local/lib/python3.7/site-packages/airflow/example_dags/example_latest_only_with_trigger.py
[2022-03-16 00:20:06,488] {processor.py:654} INFO - DAG(s) dict_keys(['latest_only_with_trigger']) retrieved from /home/airflow/.local/lib/python3.7/site-packages/airflow/example_dags/example_latest_only_with_trigger.py
[2022-03-16 00:20:06,496] {logging_mixin.py:109} INFO - [2022-03-16 00:20:06,495] {dag.py:2398} INFO - Sync 1 DAGs
[2022-03-16 00:20:06,508] {logging_mixin.py:109} INFO - [2022-03-16 00:20:06,508] {dag.py:2937} INFO - Setting next_dagrun for latest_only_with_trigger to 2022-03-15T20:20:06.507942+00:00
[2022-03-16 00:20:06,566] {processor.py:171} INFO - Processing /home/airflow/.local/lib/python3.7/site-packages/airflow/example_dags/example_latest_only_with_trigger.py took 0.135 seconds
[2022-03-16 00:20:36,634] {processor.py:163} INFO - Started process (PID=4588) to work on /home/airflow/.local/lib/python3.7/site-packages/airflow/example_dags/example_latest_only_with_trigger.py
[2022-03-16 00:20:36,649] {processor.py:642} INFO - Processing file /home/airflow/.local/lib/python3.7/site-packages/airflow/example_dags/example_latest_only_with_trigger.py for tasks to queue
[2022-03-16 00:20:36,651] {logging_mixin.py:109} INFO - [2022-03-16 00:20:36,651] {dagbag.py:500} INFO - Filling up the DagBag from /home/airflow/.local/lib/python3.7/site-packages/airflow/example_dags/example_latest_only_with_trigger.py
[2022-03-16 00:20:36,684] {processor.py:654} INFO - DAG(s) dict_keys(['latest_only_with_trigger']) retrieved from /home/airflow/.local/lib/python3.7/site-packages/airflow/example_dags/example_latest_only_with_trigger.py
[2022-03-16 00:20:36,691] {logging_mixin.py:109} INFO - [2022-03-16 00:20:36,691] {dag.py:2398} INFO - Sync 1 DAGs
[2022-03-16 00:20:36,702] {logging_mixin.py:109} INFO - [2022-03-16 00:20:36,702] {dag.py:2937} INFO - Setting next_dagrun for latest_only_with_trigger to 2022-03-15T20:20:36.701887+00:00
[2022-03-16 00:20:37,168] {processor.py:171} INFO - Processing /home/airflow/.local/lib/python3.7/site-packages/airflow/example_dags/example_latest_only_with_trigger.py took 0.540 seconds
[2022-03-16 00:21:07,208] {processor.py:163} INFO - Started process (PID=4660) to work on /home/airflow/.local/lib/python3.7/site-packages/airflow/example_dags/example_latest_only_with_trigger.py
[2022-03-16 00:21:07,247] {processor.py:642} INFO - Processing file /home/airflow/.local/lib/python3.7/site-packages/airflow/example_dags/example_latest_only_with_trigger.py for tasks to queue
[2022-03-16 00:21:07,248] {logging_mixin.py:109} INFO - [2022-03-16 00:21:07,248] {dagbag.py:500} INFO - Filling up the DagBag from /home/airflow/.local/lib/python3.7/site-packages/airflow/example_dags/example_latest_only_with_trigger.py
[2022-03-16 00:21:07,267] {processor.py:654} INFO - DAG(s) dict_keys(['latest_only_with_trigger']) retrieved from /home/airflow/.local/lib/python3.7/site-packages/airflow/example_dags/example_latest_only_with_trigger.py
[2022-03-16 00:21:07,274] {logging_mixin.py:109} INFO - [2022-03-16 00:21:07,274] {dag.py:2398} INFO - Sync 1 DAGs
[2022-03-16 00:21:07,287] {logging_mixin.py:109} INFO - [2022-03-16 00:21:07,287] {dag.py:2937} INFO - Setting next_dagrun for latest_only_with_trigger to 2022-03-15T20:21:07.286995+00:00
[2022-03-16 00:21:07,429] {processor.py:171} INFO - Processing /home/airflow/.local/lib/python3.7/site-packages/airflow/example_dags/example_latest_only_with_trigger.py took 0.223 seconds
[2022-03-16 00:21:37,467] {processor.py:163} INFO - Started process (PID=4710) to work on /home/airflow/.local/lib/python3.7/site-packages/airflow/example_dags/example_latest_only_with_trigger.py
[2022-03-16 00:21:37,487] {processor.py:642} INFO - Processing file /home/airflow/.local/lib/python3.7/site-packages/airflow/example_dags/example_latest_only_with_trigger.py for tasks to queue
[2022-03-16 00:21:37,487] {logging_mixin.py:109} INFO - [2022-03-16 00:21:37,487] {dagbag.py:500} INFO - Filling up the DagBag from /home/airflow/.local/lib/python3.7/site-packages/airflow/example_dags/example_latest_only_with_trigger.py
[2022-03-16 00:21:37,511] {processor.py:654} INFO - DAG(s) dict_keys(['latest_only_with_trigger']) retrieved from /home/airflow/.local/lib/python3.7/site-packages/airflow/example_dags/example_latest_only_with_trigger.py
[2022-03-16 00:21:37,521] {logging_mixin.py:109} INFO - [2022-03-16 00:21:37,521] {dag.py:2398} INFO - Sync 1 DAGs
[2022-03-16 00:21:37,535] {logging_mixin.py:109} INFO - [2022-03-16 00:21:37,535] {dag.py:2937} INFO - Setting next_dagrun for latest_only_with_trigger to 2022-03-15T20:21:37.534944+00:00
[2022-03-16 00:21:37,866] {processor.py:171} INFO - Processing /home/airflow/.local/lib/python3.7/site-packages/airflow/example_dags/example_latest_only_with_trigger.py took 0.401 seconds
[2022-03-16 00:22:08,070] {processor.py:163} INFO - Started process (PID=4773) to work on /home/airflow/.local/lib/python3.7/site-packages/airflow/example_dags/example_latest_only_with_trigger.py
[2022-03-16 00:22:08,079] {processor.py:642} INFO - Processing file /home/airflow/.local/lib/python3.7/site-packages/airflow/example_dags/example_latest_only_with_trigger.py for tasks to queue
[2022-03-16 00:22:08,079] {logging_mixin.py:109} INFO - [2022-03-16 00:22:08,079] {dagbag.py:500} INFO - Filling up the DagBag from /home/airflow/.local/lib/python3.7/site-packages/airflow/example_dags/example_latest_only_with_trigger.py
[2022-03-16 00:22:08,099] {processor.py:654} INFO - DAG(s) dict_keys(['latest_only_with_trigger']) retrieved from /home/airflow/.local/lib/python3.7/site-packages/airflow/example_dags/example_latest_only_with_trigger.py
[2022-03-16 00:22:08,109] {logging_mixin.py:109} INFO - [2022-03-16 00:22:08,109] {dag.py:2398} INFO - Sync 1 DAGs
[2022-03-16 00:22:08,127] {logging_mixin.py:109} INFO - [2022-03-16 00:22:08,127] {dag.py:2937} INFO - Setting next_dagrun for latest_only_with_trigger to 2022-03-15T20:22:08.126721+00:00
[2022-03-16 00:22:08,689] {processor.py:171} INFO - Processing /home/airflow/.local/lib/python3.7/site-packages/airflow/example_dags/example_latest_only_with_trigger.py took 0.620 seconds
[2022-03-16 00:22:38,705] {processor.py:163} INFO - Started process (PID=4838) to work on /home/airflow/.local/lib/python3.7/site-packages/airflow/example_dags/example_latest_only_with_trigger.py
[2022-03-16 00:22:38,719] {processor.py:642} INFO - Processing file /home/airflow/.local/lib/python3.7/site-packages/airflow/example_dags/example_latest_only_with_trigger.py for tasks to queue
[2022-03-16 00:22:38,719] {logging_mixin.py:109} INFO - [2022-03-16 00:22:38,719] {dagbag.py:500} INFO - Filling up the DagBag from /home/airflow/.local/lib/python3.7/site-packages/airflow/example_dags/example_latest_only_with_trigger.py
[2022-03-16 00:22:38,740] {processor.py:654} INFO - DAG(s) dict_keys(['latest_only_with_trigger']) retrieved from /home/airflow/.local/lib/python3.7/site-packages/airflow/example_dags/example_latest_only_with_trigger.py
[2022-03-16 00:22:38,746] {logging_mixin.py:109} INFO - [2022-03-16 00:22:38,746] {dag.py:2398} INFO - Sync 1 DAGs
[2022-03-16 00:22:38,759] {logging_mixin.py:109} INFO - [2022-03-16 00:22:38,759] {dag.py:2937} INFO - Setting next_dagrun for latest_only_with_trigger to 2022-03-15T20:22:38.758956+00:00
[2022-03-16 00:22:38,881] {processor.py:171} INFO - Processing /home/airflow/.local/lib/python3.7/site-packages/airflow/example_dags/example_latest_only_with_trigger.py took 0.178 seconds
[2022-03-16 00:23:09,248] {processor.py:163} INFO - Started process (PID=4909) to work on /home/airflow/.local/lib/python3.7/site-packages/airflow/example_dags/example_latest_only_with_trigger.py
[2022-03-16 00:23:09,249] {processor.py:642} INFO - Processing file /home/airflow/.local/lib/python3.7/site-packages/airflow/example_dags/example_latest_only_with_trigger.py for tasks to queue
[2022-03-16 00:23:09,249] {logging_mixin.py:109} INFO - [2022-03-16 00:23:09,249] {dagbag.py:500} INFO - Filling up the DagBag from /home/airflow/.local/lib/python3.7/site-packages/airflow/example_dags/example_latest_only_with_trigger.py
[2022-03-16 00:23:09,268] {processor.py:654} INFO - DAG(s) dict_keys(['latest_only_with_trigger']) retrieved from /home/airflow/.local/lib/python3.7/site-packages/airflow/example_dags/example_latest_only_with_trigger.py
[2022-03-16 00:23:09,275] {logging_mixin.py:109} INFO - [2022-03-16 00:23:09,275] {dag.py:2398} INFO - Sync 1 DAGs
[2022-03-16 00:23:09,286] {logging_mixin.py:109} INFO - [2022-03-16 00:23:09,286] {dag.py:2937} INFO - Setting next_dagrun for latest_only_with_trigger to 2022-03-15T20:23:09.286269+00:00
[2022-03-16 00:23:10,075] {processor.py:171} INFO - Processing /home/airflow/.local/lib/python3.7/site-packages/airflow/example_dags/example_latest_only_with_trigger.py took 0.829 seconds
[2022-03-16 00:23:41,760] {processor.py:163} INFO - Started process (PID=4959) to work on /home/airflow/.local/lib/python3.7/site-packages/airflow/example_dags/example_latest_only_with_trigger.py
[2022-03-16 00:23:41,761] {processor.py:642} INFO - Processing file /home/airflow/.local/lib/python3.7/site-packages/airflow/example_dags/example_latest_only_with_trigger.py for tasks to queue
[2022-03-16 00:23:41,762] {logging_mixin.py:109} INFO - [2022-03-16 00:23:41,762] {dagbag.py:500} INFO - Filling up the DagBag from /home/airflow/.local/lib/python3.7/site-packages/airflow/example_dags/example_latest_only_with_trigger.py
[2022-03-16 00:23:41,793] {processor.py:654} INFO - DAG(s) dict_keys(['latest_only_with_trigger']) retrieved from /home/airflow/.local/lib/python3.7/site-packages/airflow/example_dags/example_latest_only_with_trigger.py
[2022-03-16 00:23:41,800] {logging_mixin.py:109} INFO - [2022-03-16 00:23:41,800] {dag.py:2398} INFO - Sync 1 DAGs
[2022-03-16 00:23:41,811] {logging_mixin.py:109} INFO - [2022-03-16 00:23:41,811] {dag.py:2937} INFO - Setting next_dagrun for latest_only_with_trigger to 2022-03-15T20:23:41.811419+00:00
[2022-03-16 00:23:41,951] {processor.py:171} INFO - Processing /home/airflow/.local/lib/python3.7/site-packages/airflow/example_dags/example_latest_only_with_trigger.py took 0.196 seconds
[2022-03-16 00:24:13,705] {processor.py:163} INFO - Started process (PID=5025) to work on /home/airflow/.local/lib/python3.7/site-packages/airflow/example_dags/example_latest_only_with_trigger.py
[2022-03-16 00:24:13,708] {processor.py:642} INFO - Processing file /home/airflow/.local/lib/python3.7/site-packages/airflow/example_dags/example_latest_only_with_trigger.py for tasks to queue
[2022-03-16 00:24:13,709] {logging_mixin.py:109} INFO - [2022-03-16 00:24:13,709] {dagbag.py:500} INFO - Filling up the DagBag from /home/airflow/.local/lib/python3.7/site-packages/airflow/example_dags/example_latest_only_with_trigger.py
[2022-03-16 00:24:13,753] {processor.py:654} INFO - DAG(s) dict_keys(['latest_only_with_trigger']) retrieved from /home/airflow/.local/lib/python3.7/site-packages/airflow/example_dags/example_latest_only_with_trigger.py
[2022-03-16 00:24:13,762] {logging_mixin.py:109} INFO - [2022-03-16 00:24:13,762] {dag.py:2398} INFO - Sync 1 DAGs
[2022-03-16 00:24:13,775] {logging_mixin.py:109} INFO - [2022-03-16 00:24:13,775] {dag.py:2937} INFO - Setting next_dagrun for latest_only_with_trigger to 2022-03-15T20:24:13.775148+00:00
[2022-03-16 00:24:13,811] {processor.py:171} INFO - Processing /home/airflow/.local/lib/python3.7/site-packages/airflow/example_dags/example_latest_only_with_trigger.py took 0.112 seconds
[2022-03-16 00:24:45,178] {processor.py:163} INFO - Started process (PID=5089) to work on /home/airflow/.local/lib/python3.7/site-packages/airflow/example_dags/example_latest_only_with_trigger.py
[2022-03-16 00:24:45,184] {processor.py:642} INFO - Processing file /home/airflow/.local/lib/python3.7/site-packages/airflow/example_dags/example_latest_only_with_trigger.py for tasks to queue
[2022-03-16 00:24:45,185] {logging_mixin.py:109} INFO - [2022-03-16 00:24:45,185] {dagbag.py:500} INFO - Filling up the DagBag from /home/airflow/.local/lib/python3.7/site-packages/airflow/example_dags/example_latest_only_with_trigger.py
[2022-03-16 00:24:45,203] {processor.py:654} INFO - DAG(s) dict_keys(['latest_only_with_trigger']) retrieved from /home/airflow/.local/lib/python3.7/site-packages/airflow/example_dags/example_latest_only_with_trigger.py
[2022-03-16 00:24:45,209] {logging_mixin.py:109} INFO - [2022-03-16 00:24:45,209] {dag.py:2398} INFO - Sync 1 DAGs
[2022-03-16 00:24:45,220] {logging_mixin.py:109} INFO - [2022-03-16 00:24:45,220] {dag.py:2937} INFO - Setting next_dagrun for latest_only_with_trigger to 2022-03-15T20:24:45.220124+00:00
[2022-03-16 00:24:45,269] {processor.py:171} INFO - Processing /home/airflow/.local/lib/python3.7/site-packages/airflow/example_dags/example_latest_only_with_trigger.py took 0.093 seconds
[2022-03-16 00:25:15,717] {processor.py:163} INFO - Started process (PID=5157) to work on /home/airflow/.local/lib/python3.7/site-packages/airflow/example_dags/example_latest_only_with_trigger.py
[2022-03-16 00:25:15,727] {processor.py:642} INFO - Processing file /home/airflow/.local/lib/python3.7/site-packages/airflow/example_dags/example_latest_only_with_trigger.py for tasks to queue
[2022-03-16 00:25:15,727] {logging_mixin.py:109} INFO - [2022-03-16 00:25:15,727] {dagbag.py:500} INFO - Filling up the DagBag from /home/airflow/.local/lib/python3.7/site-packages/airflow/example_dags/example_latest_only_with_trigger.py
[2022-03-16 00:25:15,748] {processor.py:654} INFO - DAG(s) dict_keys(['latest_only_with_trigger']) retrieved from /home/airflow/.local/lib/python3.7/site-packages/airflow/example_dags/example_latest_only_with_trigger.py
[2022-03-16 00:25:15,754] {logging_mixin.py:109} INFO - [2022-03-16 00:25:15,754] {dag.py:2398} INFO - Sync 1 DAGs
[2022-03-16 00:25:15,766] {logging_mixin.py:109} INFO - [2022-03-16 00:25:15,766] {dag.py:2937} INFO - Setting next_dagrun for latest_only_with_trigger to 2022-03-15T20:25:15.766507+00:00
[2022-03-16 00:25:15,810] {processor.py:171} INFO - Processing /home/airflow/.local/lib/python3.7/site-packages/airflow/example_dags/example_latest_only_with_trigger.py took 0.096 seconds
[2022-03-16 00:25:46,245] {processor.py:163} INFO - Started process (PID=5207) to work on /home/airflow/.local/lib/python3.7/site-packages/airflow/example_dags/example_latest_only_with_trigger.py
[2022-03-16 00:25:46,247] {processor.py:642} INFO - Processing file /home/airflow/.local/lib/python3.7/site-packages/airflow/example_dags/example_latest_only_with_trigger.py for tasks to queue
[2022-03-16 00:25:46,248] {logging_mixin.py:109} INFO - [2022-03-16 00:25:46,248] {dagbag.py:500} INFO - Filling up the DagBag from /home/airflow/.local/lib/python3.7/site-packages/airflow/example_dags/example_latest_only_with_trigger.py
[2022-03-16 00:25:46,278] {processor.py:654} INFO - DAG(s) dict_keys(['latest_only_with_trigger']) retrieved from /home/airflow/.local/lib/python3.7/site-packages/airflow/example_dags/example_latest_only_with_trigger.py
[2022-03-16 00:25:46,285] {logging_mixin.py:109} INFO - [2022-03-16 00:25:46,285] {dag.py:2398} INFO - Sync 1 DAGs
[2022-03-16 00:25:46,295] {logging_mixin.py:109} INFO - [2022-03-16 00:25:46,295] {dag.py:2937} INFO - Setting next_dagrun for latest_only_with_trigger to 2022-03-15T20:25:46.295403+00:00
[2022-03-16 00:25:46,408] {processor.py:171} INFO - Processing /home/airflow/.local/lib/python3.7/site-packages/airflow/example_dags/example_latest_only_with_trigger.py took 0.167 seconds
[2022-03-16 00:26:18,917] {processor.py:163} INFO - Started process (PID=5273) to work on /home/airflow/.local/lib/python3.7/site-packages/airflow/example_dags/example_latest_only_with_trigger.py
[2022-03-16 00:26:18,929] {processor.py:642} INFO - Processing file /home/airflow/.local/lib/python3.7/site-packages/airflow/example_dags/example_latest_only_with_trigger.py for tasks to queue
[2022-03-16 00:26:18,931] {logging_mixin.py:109} INFO - [2022-03-16 00:26:18,930] {dagbag.py:500} INFO - Filling up the DagBag from /home/airflow/.local/lib/python3.7/site-packages/airflow/example_dags/example_latest_only_with_trigger.py
[2022-03-16 00:26:18,963] {processor.py:654} INFO - DAG(s) dict_keys(['latest_only_with_trigger']) retrieved from /home/airflow/.local/lib/python3.7/site-packages/airflow/example_dags/example_latest_only_with_trigger.py
[2022-03-16 00:26:18,969] {logging_mixin.py:109} INFO - [2022-03-16 00:26:18,969] {dag.py:2398} INFO - Sync 1 DAGs
[2022-03-16 00:26:18,980] {logging_mixin.py:109} INFO - [2022-03-16 00:26:18,980] {dag.py:2937} INFO - Setting next_dagrun for latest_only_with_trigger to 2022-03-15T20:26:18.980523+00:00
[2022-03-16 00:26:19,029] {processor.py:171} INFO - Processing /home/airflow/.local/lib/python3.7/site-packages/airflow/example_dags/example_latest_only_with_trigger.py took 0.119 seconds
[2022-03-16 00:26:49,127] {processor.py:163} INFO - Started process (PID=5336) to work on /home/airflow/.local/lib/python3.7/site-packages/airflow/example_dags/example_latest_only_with_trigger.py
[2022-03-16 00:26:49,138] {processor.py:642} INFO - Processing file /home/airflow/.local/lib/python3.7/site-packages/airflow/example_dags/example_latest_only_with_trigger.py for tasks to queue
[2022-03-16 00:26:49,140] {logging_mixin.py:109} INFO - [2022-03-16 00:26:49,140] {dagbag.py:500} INFO - Filling up the DagBag from /home/airflow/.local/lib/python3.7/site-packages/airflow/example_dags/example_latest_only_with_trigger.py
[2022-03-16 00:26:49,182] {processor.py:654} INFO - DAG(s) dict_keys(['latest_only_with_trigger']) retrieved from /home/airflow/.local/lib/python3.7/site-packages/airflow/example_dags/example_latest_only_with_trigger.py
[2022-03-16 00:26:49,190] {logging_mixin.py:109} INFO - [2022-03-16 00:26:49,189] {dag.py:2398} INFO - Sync 1 DAGs
[2022-03-16 00:26:49,201] {logging_mixin.py:109} INFO - [2022-03-16 00:26:49,201] {dag.py:2937} INFO - Setting next_dagrun for latest_only_with_trigger to 2022-03-15T20:26:49.200900+00:00
[2022-03-16 00:26:49,271] {processor.py:171} INFO - Processing /home/airflow/.local/lib/python3.7/site-packages/airflow/example_dags/example_latest_only_with_trigger.py took 0.150 seconds
[2022-03-16 00:27:21,387] {processor.py:163} INFO - Started process (PID=5400) to work on /home/airflow/.local/lib/python3.7/site-packages/airflow/example_dags/example_latest_only_with_trigger.py
[2022-03-16 00:27:21,397] {processor.py:642} INFO - Processing file /home/airflow/.local/lib/python3.7/site-packages/airflow/example_dags/example_latest_only_with_trigger.py for tasks to queue
[2022-03-16 00:27:21,398] {logging_mixin.py:109} INFO - [2022-03-16 00:27:21,398] {dagbag.py:500} INFO - Filling up the DagBag from /home/airflow/.local/lib/python3.7/site-packages/airflow/example_dags/example_latest_only_with_trigger.py
[2022-03-16 00:27:21,428] {processor.py:654} INFO - DAG(s) dict_keys(['latest_only_with_trigger']) retrieved from /home/airflow/.local/lib/python3.7/site-packages/airflow/example_dags/example_latest_only_with_trigger.py
[2022-03-16 00:27:21,440] {logging_mixin.py:109} INFO - [2022-03-16 00:27:21,440] {dag.py:2398} INFO - Sync 1 DAGs
[2022-03-16 00:27:21,459] {logging_mixin.py:109} INFO - [2022-03-16 00:27:21,459] {dag.py:2937} INFO - Setting next_dagrun for latest_only_with_trigger to 2022-03-15T20:27:21.459008+00:00
[2022-03-16 00:27:21,505] {processor.py:171} INFO - Processing /home/airflow/.local/lib/python3.7/site-packages/airflow/example_dags/example_latest_only_with_trigger.py took 0.120 seconds
[2022-03-16 00:27:52,613] {processor.py:163} INFO - Started process (PID=5451) to work on /home/airflow/.local/lib/python3.7/site-packages/airflow/example_dags/example_latest_only_with_trigger.py
[2022-03-16 00:27:52,614] {processor.py:642} INFO - Processing file /home/airflow/.local/lib/python3.7/site-packages/airflow/example_dags/example_latest_only_with_trigger.py for tasks to queue
[2022-03-16 00:27:52,614] {logging_mixin.py:109} INFO - [2022-03-16 00:27:52,614] {dagbag.py:500} INFO - Filling up the DagBag from /home/airflow/.local/lib/python3.7/site-packages/airflow/example_dags/example_latest_only_with_trigger.py
[2022-03-16 00:27:52,632] {processor.py:654} INFO - DAG(s) dict_keys(['latest_only_with_trigger']) retrieved from /home/airflow/.local/lib/python3.7/site-packages/airflow/example_dags/example_latest_only_with_trigger.py
[2022-03-16 00:27:52,638] {logging_mixin.py:109} INFO - [2022-03-16 00:27:52,638] {dag.py:2398} INFO - Sync 1 DAGs
[2022-03-16 00:27:52,649] {logging_mixin.py:109} INFO - [2022-03-16 00:27:52,649] {dag.py:2937} INFO - Setting next_dagrun for latest_only_with_trigger to 2022-03-15T20:27:52.649032+00:00
[2022-03-16 00:27:52,710] {processor.py:171} INFO - Processing /home/airflow/.local/lib/python3.7/site-packages/airflow/example_dags/example_latest_only_with_trigger.py took 0.099 seconds
[2022-03-16 00:28:23,240] {processor.py:163} INFO - Started process (PID=5511) to work on /home/airflow/.local/lib/python3.7/site-packages/airflow/example_dags/example_latest_only_with_trigger.py
[2022-03-16 00:28:23,241] {processor.py:642} INFO - Processing file /home/airflow/.local/lib/python3.7/site-packages/airflow/example_dags/example_latest_only_with_trigger.py for tasks to queue
[2022-03-16 00:28:23,241] {logging_mixin.py:109} INFO - [2022-03-16 00:28:23,241] {dagbag.py:500} INFO - Filling up the DagBag from /home/airflow/.local/lib/python3.7/site-packages/airflow/example_dags/example_latest_only_with_trigger.py
[2022-03-16 00:28:23,259] {processor.py:654} INFO - DAG(s) dict_keys(['latest_only_with_trigger']) retrieved from /home/airflow/.local/lib/python3.7/site-packages/airflow/example_dags/example_latest_only_with_trigger.py
[2022-03-16 00:28:23,266] {logging_mixin.py:109} INFO - [2022-03-16 00:28:23,265] {dag.py:2398} INFO - Sync 1 DAGs
[2022-03-16 00:28:23,279] {logging_mixin.py:109} INFO - [2022-03-16 00:28:23,279] {dag.py:2937} INFO - Setting next_dagrun for latest_only_with_trigger to 2022-03-15T20:28:23.279209+00:00
[2022-03-16 00:28:23,335] {processor.py:171} INFO - Processing /home/airflow/.local/lib/python3.7/site-packages/airflow/example_dags/example_latest_only_with_trigger.py took 0.097 seconds
[2022-03-16 00:28:54,821] {processor.py:163} INFO - Started process (PID=5582) to work on /home/airflow/.local/lib/python3.7/site-packages/airflow/example_dags/example_latest_only_with_trigger.py
[2022-03-16 00:28:54,822] {processor.py:642} INFO - Processing file /home/airflow/.local/lib/python3.7/site-packages/airflow/example_dags/example_latest_only_with_trigger.py for tasks to queue
[2022-03-16 00:28:54,823] {logging_mixin.py:109} INFO - [2022-03-16 00:28:54,823] {dagbag.py:500} INFO - Filling up the DagBag from /home/airflow/.local/lib/python3.7/site-packages/airflow/example_dags/example_latest_only_with_trigger.py
[2022-03-16 00:28:54,847] {processor.py:654} INFO - DAG(s) dict_keys(['latest_only_with_trigger']) retrieved from /home/airflow/.local/lib/python3.7/site-packages/airflow/example_dags/example_latest_only_with_trigger.py
[2022-03-16 00:28:54,854] {logging_mixin.py:109} INFO - [2022-03-16 00:28:54,854] {dag.py:2398} INFO - Sync 1 DAGs
[2022-03-16 00:28:54,865] {logging_mixin.py:109} INFO - [2022-03-16 00:28:54,865] {dag.py:2937} INFO - Setting next_dagrun for latest_only_with_trigger to 2022-03-15T20:28:54.865113+00:00
[2022-03-16 00:28:54,909] {processor.py:171} INFO - Processing /home/airflow/.local/lib/python3.7/site-packages/airflow/example_dags/example_latest_only_with_trigger.py took 0.091 seconds
[2022-03-16 00:29:25,381] {processor.py:163} INFO - Started process (PID=5634) to work on /home/airflow/.local/lib/python3.7/site-packages/airflow/example_dags/example_latest_only_with_trigger.py
[2022-03-16 00:29:25,383] {processor.py:642} INFO - Processing file /home/airflow/.local/lib/python3.7/site-packages/airflow/example_dags/example_latest_only_with_trigger.py for tasks to queue
[2022-03-16 00:29:25,384] {logging_mixin.py:109} INFO - [2022-03-16 00:29:25,384] {dagbag.py:500} INFO - Filling up the DagBag from /home/airflow/.local/lib/python3.7/site-packages/airflow/example_dags/example_latest_only_with_trigger.py
[2022-03-16 00:29:25,404] {processor.py:654} INFO - DAG(s) dict_keys(['latest_only_with_trigger']) retrieved from /home/airflow/.local/lib/python3.7/site-packages/airflow/example_dags/example_latest_only_with_trigger.py
[2022-03-16 00:29:25,413] {logging_mixin.py:109} INFO - [2022-03-16 00:29:25,413] {dag.py:2398} INFO - Sync 1 DAGs
[2022-03-16 00:29:25,429] {logging_mixin.py:109} INFO - [2022-03-16 00:29:25,429] {dag.py:2937} INFO - Setting next_dagrun for latest_only_with_trigger to 2022-03-15T20:29:25.429128+00:00
[2022-03-16 00:29:25,512] {processor.py:171} INFO - Processing /home/airflow/.local/lib/python3.7/site-packages/airflow/example_dags/example_latest_only_with_trigger.py took 0.133 seconds
[2022-03-16 00:29:57,185] {processor.py:163} INFO - Started process (PID=5694) to work on /home/airflow/.local/lib/python3.7/site-packages/airflow/example_dags/example_latest_only_with_trigger.py
[2022-03-16 00:29:57,187] {processor.py:642} INFO - Processing file /home/airflow/.local/lib/python3.7/site-packages/airflow/example_dags/example_latest_only_with_trigger.py for tasks to queue
[2022-03-16 00:29:57,188] {logging_mixin.py:109} INFO - [2022-03-16 00:29:57,188] {dagbag.py:500} INFO - Filling up the DagBag from /home/airflow/.local/lib/python3.7/site-packages/airflow/example_dags/example_latest_only_with_trigger.py
[2022-03-16 00:29:57,219] {processor.py:654} INFO - DAG(s) dict_keys(['latest_only_with_trigger']) retrieved from /home/airflow/.local/lib/python3.7/site-packages/airflow/example_dags/example_latest_only_with_trigger.py
[2022-03-16 00:29:57,228] {logging_mixin.py:109} INFO - [2022-03-16 00:29:57,228] {dag.py:2398} INFO - Sync 1 DAGs
[2022-03-16 00:29:57,242] {logging_mixin.py:109} INFO - [2022-03-16 00:29:57,242] {dag.py:2937} INFO - Setting next_dagrun for latest_only_with_trigger to 2022-03-15T20:29:57.242244+00:00
[2022-03-16 00:29:57,282] {processor.py:171} INFO - Processing /home/airflow/.local/lib/python3.7/site-packages/airflow/example_dags/example_latest_only_with_trigger.py took 0.102 seconds
[2022-03-16 00:30:28,453] {processor.py:163} INFO - Started process (PID=5759) to work on /home/airflow/.local/lib/python3.7/site-packages/airflow/example_dags/example_latest_only_with_trigger.py
[2022-03-16 00:30:28,497] {processor.py:642} INFO - Processing file /home/airflow/.local/lib/python3.7/site-packages/airflow/example_dags/example_latest_only_with_trigger.py for tasks to queue
[2022-03-16 00:30:28,498] {logging_mixin.py:109} INFO - [2022-03-16 00:30:28,498] {dagbag.py:500} INFO - Filling up the DagBag from /home/airflow/.local/lib/python3.7/site-packages/airflow/example_dags/example_latest_only_with_trigger.py
[2022-03-16 00:30:28,517] {processor.py:654} INFO - DAG(s) dict_keys(['latest_only_with_trigger']) retrieved from /home/airflow/.local/lib/python3.7/site-packages/airflow/example_dags/example_latest_only_with_trigger.py
[2022-03-16 00:30:28,524] {logging_mixin.py:109} INFO - [2022-03-16 00:30:28,524] {dag.py:2398} INFO - Sync 1 DAGs
[2022-03-16 00:30:28,535] {logging_mixin.py:109} INFO - [2022-03-16 00:30:28,535] {dag.py:2937} INFO - Setting next_dagrun for latest_only_with_trigger to 2022-03-15T20:30:28.535474+00:00
[2022-03-16 00:30:28,617] {processor.py:171} INFO - Processing /home/airflow/.local/lib/python3.7/site-packages/airflow/example_dags/example_latest_only_with_trigger.py took 0.166 seconds
[2022-03-16 00:30:58,755] {processor.py:163} INFO - Started process (PID=5831) to work on /home/airflow/.local/lib/python3.7/site-packages/airflow/example_dags/example_latest_only_with_trigger.py
[2022-03-16 00:30:58,786] {processor.py:642} INFO - Processing file /home/airflow/.local/lib/python3.7/site-packages/airflow/example_dags/example_latest_only_with_trigger.py for tasks to queue
[2022-03-16 00:30:58,787] {logging_mixin.py:109} INFO - [2022-03-16 00:30:58,786] {dagbag.py:500} INFO - Filling up the DagBag from /home/airflow/.local/lib/python3.7/site-packages/airflow/example_dags/example_latest_only_with_trigger.py
[2022-03-16 00:30:58,812] {processor.py:654} INFO - DAG(s) dict_keys(['latest_only_with_trigger']) retrieved from /home/airflow/.local/lib/python3.7/site-packages/airflow/example_dags/example_latest_only_with_trigger.py
[2022-03-16 00:30:58,823] {logging_mixin.py:109} INFO - [2022-03-16 00:30:58,822] {dag.py:2398} INFO - Sync 1 DAGs
[2022-03-16 00:30:58,842] {logging_mixin.py:109} INFO - [2022-03-16 00:30:58,842] {dag.py:2937} INFO - Setting next_dagrun for latest_only_with_trigger to 2022-03-15T20:30:58.842475+00:00
[2022-03-16 00:31:00,065] {processor.py:171} INFO - Processing /home/airflow/.local/lib/python3.7/site-packages/airflow/example_dags/example_latest_only_with_trigger.py took 1.312 seconds
[2022-03-16 00:31:32,072] {processor.py:163} INFO - Started process (PID=5884) to work on /home/airflow/.local/lib/python3.7/site-packages/airflow/example_dags/example_latest_only_with_trigger.py
[2022-03-16 00:31:32,085] {processor.py:642} INFO - Processing file /home/airflow/.local/lib/python3.7/site-packages/airflow/example_dags/example_latest_only_with_trigger.py for tasks to queue
[2022-03-16 00:31:32,085] {logging_mixin.py:109} INFO - [2022-03-16 00:31:32,085] {dagbag.py:500} INFO - Filling up the DagBag from /home/airflow/.local/lib/python3.7/site-packages/airflow/example_dags/example_latest_only_with_trigger.py
[2022-03-16 00:31:32,106] {processor.py:654} INFO - DAG(s) dict_keys(['latest_only_with_trigger']) retrieved from /home/airflow/.local/lib/python3.7/site-packages/airflow/example_dags/example_latest_only_with_trigger.py
[2022-03-16 00:31:32,113] {logging_mixin.py:109} INFO - [2022-03-16 00:31:32,112] {dag.py:2398} INFO - Sync 1 DAGs
[2022-03-16 00:31:32,124] {logging_mixin.py:109} INFO - [2022-03-16 00:31:32,124] {dag.py:2937} INFO - Setting next_dagrun for latest_only_with_trigger to 2022-03-15T20:31:32.124276+00:00
[2022-03-16 00:31:32,168] {processor.py:171} INFO - Processing /home/airflow/.local/lib/python3.7/site-packages/airflow/example_dags/example_latest_only_with_trigger.py took 0.099 seconds
[2022-03-16 00:32:04,781] {processor.py:163} INFO - Started process (PID=5945) to work on /home/airflow/.local/lib/python3.7/site-packages/airflow/example_dags/example_latest_only_with_trigger.py
[2022-03-16 00:32:04,855] {processor.py:642} INFO - Processing file /home/airflow/.local/lib/python3.7/site-packages/airflow/example_dags/example_latest_only_with_trigger.py for tasks to queue
[2022-03-16 00:32:04,856] {logging_mixin.py:109} INFO - [2022-03-16 00:32:04,856] {dagbag.py:500} INFO - Filling up the DagBag from /home/airflow/.local/lib/python3.7/site-packages/airflow/example_dags/example_latest_only_with_trigger.py
[2022-03-16 00:32:04,880] {processor.py:654} INFO - DAG(s) dict_keys(['latest_only_with_trigger']) retrieved from /home/airflow/.local/lib/python3.7/site-packages/airflow/example_dags/example_latest_only_with_trigger.py
[2022-03-16 00:32:04,891] {logging_mixin.py:109} INFO - [2022-03-16 00:32:04,890] {dag.py:2398} INFO - Sync 1 DAGs
[2022-03-16 00:32:04,911] {logging_mixin.py:109} INFO - [2022-03-16 00:32:04,911] {dag.py:2937} INFO - Setting next_dagrun for latest_only_with_trigger to 2022-03-15T20:32:04.911288+00:00
[2022-03-16 00:32:05,485] {processor.py:171} INFO - Processing /home/airflow/.local/lib/python3.7/site-packages/airflow/example_dags/example_latest_only_with_trigger.py took 0.706 seconds
[2022-03-16 00:32:35,750] {processor.py:163} INFO - Started process (PID=6005) to work on /home/airflow/.local/lib/python3.7/site-packages/airflow/example_dags/example_latest_only_with_trigger.py
[2022-03-16 00:32:35,759] {processor.py:642} INFO - Processing file /home/airflow/.local/lib/python3.7/site-packages/airflow/example_dags/example_latest_only_with_trigger.py for tasks to queue
[2022-03-16 00:32:35,761] {logging_mixin.py:109} INFO - [2022-03-16 00:32:35,761] {dagbag.py:500} INFO - Filling up the DagBag from /home/airflow/.local/lib/python3.7/site-packages/airflow/example_dags/example_latest_only_with_trigger.py
[2022-03-16 00:32:35,801] {processor.py:654} INFO - DAG(s) dict_keys(['latest_only_with_trigger']) retrieved from /home/airflow/.local/lib/python3.7/site-packages/airflow/example_dags/example_latest_only_with_trigger.py
[2022-03-16 00:32:35,811] {logging_mixin.py:109} INFO - [2022-03-16 00:32:35,811] {dag.py:2398} INFO - Sync 1 DAGs
[2022-03-16 00:32:35,825] {logging_mixin.py:109} INFO - [2022-03-16 00:32:35,824] {dag.py:2937} INFO - Setting next_dagrun for latest_only_with_trigger to 2022-03-15T20:32:35.824764+00:00
[2022-03-16 00:32:35,920] {processor.py:171} INFO - Processing /home/airflow/.local/lib/python3.7/site-packages/airflow/example_dags/example_latest_only_with_trigger.py took 0.176 seconds
[2022-03-16 00:33:06,671] {processor.py:163} INFO - Started process (PID=6068) to work on /home/airflow/.local/lib/python3.7/site-packages/airflow/example_dags/example_latest_only_with_trigger.py
[2022-03-16 00:33:06,696] {processor.py:642} INFO - Processing file /home/airflow/.local/lib/python3.7/site-packages/airflow/example_dags/example_latest_only_with_trigger.py for tasks to queue
[2022-03-16 00:33:06,697] {logging_mixin.py:109} INFO - [2022-03-16 00:33:06,697] {dagbag.py:500} INFO - Filling up the DagBag from /home/airflow/.local/lib/python3.7/site-packages/airflow/example_dags/example_latest_only_with_trigger.py
[2022-03-16 00:33:06,742] {processor.py:654} INFO - DAG(s) dict_keys(['latest_only_with_trigger']) retrieved from /home/airflow/.local/lib/python3.7/site-packages/airflow/example_dags/example_latest_only_with_trigger.py
[2022-03-16 00:33:06,751] {logging_mixin.py:109} INFO - [2022-03-16 00:33:06,751] {dag.py:2398} INFO - Sync 1 DAGs
[2022-03-16 00:33:06,764] {logging_mixin.py:109} INFO - [2022-03-16 00:33:06,764] {dag.py:2937} INFO - Setting next_dagrun for latest_only_with_trigger to 2022-03-15T20:33:06.764615+00:00
[2022-03-16 00:33:07,149] {processor.py:171} INFO - Processing /home/airflow/.local/lib/python3.7/site-packages/airflow/example_dags/example_latest_only_with_trigger.py took 0.481 seconds
[2022-03-16 00:33:37,178] {processor.py:163} INFO - Started process (PID=6127) to work on /home/airflow/.local/lib/python3.7/site-packages/airflow/example_dags/example_latest_only_with_trigger.py
[2022-03-16 00:33:37,197] {processor.py:642} INFO - Processing file /home/airflow/.local/lib/python3.7/site-packages/airflow/example_dags/example_latest_only_with_trigger.py for tasks to queue
[2022-03-16 00:33:37,198] {logging_mixin.py:109} INFO - [2022-03-16 00:33:37,197] {dagbag.py:500} INFO - Filling up the DagBag from /home/airflow/.local/lib/python3.7/site-packages/airflow/example_dags/example_latest_only_with_trigger.py
[2022-03-16 00:33:37,215] {processor.py:654} INFO - DAG(s) dict_keys(['latest_only_with_trigger']) retrieved from /home/airflow/.local/lib/python3.7/site-packages/airflow/example_dags/example_latest_only_with_trigger.py
[2022-03-16 00:33:37,221] {logging_mixin.py:109} INFO - [2022-03-16 00:33:37,221] {dag.py:2398} INFO - Sync 1 DAGs
[2022-03-16 00:33:37,233] {logging_mixin.py:109} INFO - [2022-03-16 00:33:37,233] {dag.py:2937} INFO - Setting next_dagrun for latest_only_with_trigger to 2022-03-15T20:33:37.232889+00:00
[2022-03-16 00:33:37,315] {processor.py:171} INFO - Processing /home/airflow/.local/lib/python3.7/site-packages/airflow/example_dags/example_latest_only_with_trigger.py took 0.138 seconds
[2022-03-16 00:34:08,377] {processor.py:163} INFO - Started process (PID=6179) to work on /home/airflow/.local/lib/python3.7/site-packages/airflow/example_dags/example_latest_only_with_trigger.py
[2022-03-16 00:34:08,564] {processor.py:642} INFO - Processing file /home/airflow/.local/lib/python3.7/site-packages/airflow/example_dags/example_latest_only_with_trigger.py for tasks to queue
[2022-03-16 00:34:08,566] {logging_mixin.py:109} INFO - [2022-03-16 00:34:08,565] {dagbag.py:500} INFO - Filling up the DagBag from /home/airflow/.local/lib/python3.7/site-packages/airflow/example_dags/example_latest_only_with_trigger.py
[2022-03-16 00:34:08,618] {processor.py:654} INFO - DAG(s) dict_keys(['latest_only_with_trigger']) retrieved from /home/airflow/.local/lib/python3.7/site-packages/airflow/example_dags/example_latest_only_with_trigger.py
[2022-03-16 00:34:08,628] {logging_mixin.py:109} INFO - [2022-03-16 00:34:08,628] {dag.py:2398} INFO - Sync 1 DAGs
[2022-03-16 00:34:08,642] {logging_mixin.py:109} INFO - [2022-03-16 00:34:08,642] {dag.py:2937} INFO - Setting next_dagrun for latest_only_with_trigger to 2022-03-15T20:34:08.641994+00:00
[2022-03-16 00:34:08,933] {processor.py:171} INFO - Processing /home/airflow/.local/lib/python3.7/site-packages/airflow/example_dags/example_latest_only_with_trigger.py took 0.560 seconds
