[2022-03-16 00:00:23,801] {processor.py:163} INFO - Started process (PID=2236) to work on /home/airflow/.local/lib/python3.7/site-packages/airflow/example_dags/example_python_operator.py
[2022-03-16 00:00:23,801] {processor.py:642} INFO - Processing file /home/airflow/.local/lib/python3.7/site-packages/airflow/example_dags/example_python_operator.py for tasks to queue
[2022-03-16 00:00:23,802] {logging_mixin.py:109} INFO - [2022-03-16 00:00:23,802] {dagbag.py:500} INFO - Filling up the DagBag from /home/airflow/.local/lib/python3.7/site-packages/airflow/example_dags/example_python_operator.py
[2022-03-16 00:00:23,823] {processor.py:654} INFO - DAG(s) dict_keys(['example_python_operator']) retrieved from /home/airflow/.local/lib/python3.7/site-packages/airflow/example_dags/example_python_operator.py
[2022-03-16 00:00:23,830] {logging_mixin.py:109} INFO - [2022-03-16 00:00:23,830] {dag.py:2398} INFO - Sync 1 DAGs
[2022-03-16 00:00:23,841] {logging_mixin.py:109} INFO - [2022-03-16 00:00:23,841] {dag.py:2937} INFO - Setting next_dagrun for example_python_operator to None
[2022-03-16 00:00:23,885] {processor.py:171} INFO - Processing /home/airflow/.local/lib/python3.7/site-packages/airflow/example_dags/example_python_operator.py took 0.086 seconds
[2022-03-16 00:00:56,166] {processor.py:163} INFO - Started process (PID=2300) to work on /home/airflow/.local/lib/python3.7/site-packages/airflow/example_dags/example_python_operator.py
[2022-03-16 00:00:56,166] {processor.py:642} INFO - Processing file /home/airflow/.local/lib/python3.7/site-packages/airflow/example_dags/example_python_operator.py for tasks to queue
[2022-03-16 00:00:56,167] {logging_mixin.py:109} INFO - [2022-03-16 00:00:56,167] {dagbag.py:500} INFO - Filling up the DagBag from /home/airflow/.local/lib/python3.7/site-packages/airflow/example_dags/example_python_operator.py
[2022-03-16 00:00:56,192] {processor.py:654} INFO - DAG(s) dict_keys(['example_python_operator']) retrieved from /home/airflow/.local/lib/python3.7/site-packages/airflow/example_dags/example_python_operator.py
[2022-03-16 00:00:56,198] {logging_mixin.py:109} INFO - [2022-03-16 00:00:56,198] {dag.py:2398} INFO - Sync 1 DAGs
[2022-03-16 00:00:56,211] {logging_mixin.py:109} INFO - [2022-03-16 00:00:56,210] {dag.py:2937} INFO - Setting next_dagrun for example_python_operator to None
[2022-03-16 00:00:56,835] {processor.py:171} INFO - Processing /home/airflow/.local/lib/python3.7/site-packages/airflow/example_dags/example_python_operator.py took 0.671 seconds
[2022-03-16 00:01:27,826] {processor.py:163} INFO - Started process (PID=2360) to work on /home/airflow/.local/lib/python3.7/site-packages/airflow/example_dags/example_python_operator.py
[2022-03-16 00:01:27,827] {processor.py:642} INFO - Processing file /home/airflow/.local/lib/python3.7/site-packages/airflow/example_dags/example_python_operator.py for tasks to queue
[2022-03-16 00:01:27,827] {logging_mixin.py:109} INFO - [2022-03-16 00:01:27,827] {dagbag.py:500} INFO - Filling up the DagBag from /home/airflow/.local/lib/python3.7/site-packages/airflow/example_dags/example_python_operator.py
[2022-03-16 00:01:27,851] {processor.py:654} INFO - DAG(s) dict_keys(['example_python_operator']) retrieved from /home/airflow/.local/lib/python3.7/site-packages/airflow/example_dags/example_python_operator.py
[2022-03-16 00:01:27,859] {logging_mixin.py:109} INFO - [2022-03-16 00:01:27,859] {dag.py:2398} INFO - Sync 1 DAGs
[2022-03-16 00:01:27,874] {logging_mixin.py:109} INFO - [2022-03-16 00:01:27,874] {dag.py:2937} INFO - Setting next_dagrun for example_python_operator to None
[2022-03-16 00:01:27,913] {processor.py:171} INFO - Processing /home/airflow/.local/lib/python3.7/site-packages/airflow/example_dags/example_python_operator.py took 0.089 seconds
[2022-03-16 00:01:59,908] {processor.py:163} INFO - Started process (PID=2411) to work on /home/airflow/.local/lib/python3.7/site-packages/airflow/example_dags/example_python_operator.py
[2022-03-16 00:01:59,909] {processor.py:642} INFO - Processing file /home/airflow/.local/lib/python3.7/site-packages/airflow/example_dags/example_python_operator.py for tasks to queue
[2022-03-16 00:01:59,909] {logging_mixin.py:109} INFO - [2022-03-16 00:01:59,909] {dagbag.py:500} INFO - Filling up the DagBag from /home/airflow/.local/lib/python3.7/site-packages/airflow/example_dags/example_python_operator.py
[2022-03-16 00:01:59,936] {processor.py:654} INFO - DAG(s) dict_keys(['example_python_operator']) retrieved from /home/airflow/.local/lib/python3.7/site-packages/airflow/example_dags/example_python_operator.py
[2022-03-16 00:01:59,942] {logging_mixin.py:109} INFO - [2022-03-16 00:01:59,942] {dag.py:2398} INFO - Sync 1 DAGs
[2022-03-16 00:01:59,953] {logging_mixin.py:109} INFO - [2022-03-16 00:01:59,953] {dag.py:2937} INFO - Setting next_dagrun for example_python_operator to None
[2022-03-16 00:01:59,996] {processor.py:171} INFO - Processing /home/airflow/.local/lib/python3.7/site-packages/airflow/example_dags/example_python_operator.py took 0.090 seconds
[2022-03-16 00:02:30,364] {processor.py:163} INFO - Started process (PID=2474) to work on /home/airflow/.local/lib/python3.7/site-packages/airflow/example_dags/example_python_operator.py
[2022-03-16 00:02:30,365] {processor.py:642} INFO - Processing file /home/airflow/.local/lib/python3.7/site-packages/airflow/example_dags/example_python_operator.py for tasks to queue
[2022-03-16 00:02:30,365] {logging_mixin.py:109} INFO - [2022-03-16 00:02:30,365] {dagbag.py:500} INFO - Filling up the DagBag from /home/airflow/.local/lib/python3.7/site-packages/airflow/example_dags/example_python_operator.py
[2022-03-16 00:02:30,387] {processor.py:654} INFO - DAG(s) dict_keys(['example_python_operator']) retrieved from /home/airflow/.local/lib/python3.7/site-packages/airflow/example_dags/example_python_operator.py
[2022-03-16 00:02:30,393] {logging_mixin.py:109} INFO - [2022-03-16 00:02:30,393] {dag.py:2398} INFO - Sync 1 DAGs
[2022-03-16 00:02:30,406] {logging_mixin.py:109} INFO - [2022-03-16 00:02:30,406] {dag.py:2937} INFO - Setting next_dagrun for example_python_operator to None
[2022-03-16 00:02:30,454] {processor.py:171} INFO - Processing /home/airflow/.local/lib/python3.7/site-packages/airflow/example_dags/example_python_operator.py took 0.092 seconds
[2022-03-16 00:03:00,543] {processor.py:163} INFO - Started process (PID=2546) to work on /home/airflow/.local/lib/python3.7/site-packages/airflow/example_dags/example_python_operator.py
[2022-03-16 00:03:00,544] {processor.py:642} INFO - Processing file /home/airflow/.local/lib/python3.7/site-packages/airflow/example_dags/example_python_operator.py for tasks to queue
[2022-03-16 00:03:00,544] {logging_mixin.py:109} INFO - [2022-03-16 00:03:00,544] {dagbag.py:500} INFO - Filling up the DagBag from /home/airflow/.local/lib/python3.7/site-packages/airflow/example_dags/example_python_operator.py
[2022-03-16 00:03:00,566] {processor.py:654} INFO - DAG(s) dict_keys(['example_python_operator']) retrieved from /home/airflow/.local/lib/python3.7/site-packages/airflow/example_dags/example_python_operator.py
[2022-03-16 00:03:00,573] {logging_mixin.py:109} INFO - [2022-03-16 00:03:00,573] {dag.py:2398} INFO - Sync 1 DAGs
[2022-03-16 00:03:00,584] {logging_mixin.py:109} INFO - [2022-03-16 00:03:00,584] {dag.py:2937} INFO - Setting next_dagrun for example_python_operator to None
[2022-03-16 00:03:00,704] {processor.py:171} INFO - Processing /home/airflow/.local/lib/python3.7/site-packages/airflow/example_dags/example_python_operator.py took 0.162 seconds
[2022-03-16 00:03:31,819] {processor.py:163} INFO - Started process (PID=2596) to work on /home/airflow/.local/lib/python3.7/site-packages/airflow/example_dags/example_python_operator.py
[2022-03-16 00:03:31,835] {processor.py:642} INFO - Processing file /home/airflow/.local/lib/python3.7/site-packages/airflow/example_dags/example_python_operator.py for tasks to queue
[2022-03-16 00:03:31,836] {logging_mixin.py:109} INFO - [2022-03-16 00:03:31,836] {dagbag.py:500} INFO - Filling up the DagBag from /home/airflow/.local/lib/python3.7/site-packages/airflow/example_dags/example_python_operator.py
[2022-03-16 00:03:31,876] {processor.py:654} INFO - DAG(s) dict_keys(['example_python_operator']) retrieved from /home/airflow/.local/lib/python3.7/site-packages/airflow/example_dags/example_python_operator.py
[2022-03-16 00:03:31,887] {logging_mixin.py:109} INFO - [2022-03-16 00:03:31,887] {dag.py:2398} INFO - Sync 1 DAGs
[2022-03-16 00:03:31,904] {logging_mixin.py:109} INFO - [2022-03-16 00:03:31,904] {dag.py:2937} INFO - Setting next_dagrun for example_python_operator to None
[2022-03-16 00:03:31,944] {processor.py:171} INFO - Processing /home/airflow/.local/lib/python3.7/site-packages/airflow/example_dags/example_python_operator.py took 0.127 seconds
[2022-03-16 00:04:03,071] {processor.py:163} INFO - Started process (PID=2656) to work on /home/airflow/.local/lib/python3.7/site-packages/airflow/example_dags/example_python_operator.py
[2022-03-16 00:04:03,119] {processor.py:642} INFO - Processing file /home/airflow/.local/lib/python3.7/site-packages/airflow/example_dags/example_python_operator.py for tasks to queue
[2022-03-16 00:04:03,120] {logging_mixin.py:109} INFO - [2022-03-16 00:04:03,120] {dagbag.py:500} INFO - Filling up the DagBag from /home/airflow/.local/lib/python3.7/site-packages/airflow/example_dags/example_python_operator.py
[2022-03-16 00:04:03,153] {processor.py:654} INFO - DAG(s) dict_keys(['example_python_operator']) retrieved from /home/airflow/.local/lib/python3.7/site-packages/airflow/example_dags/example_python_operator.py
[2022-03-16 00:04:03,161] {logging_mixin.py:109} INFO - [2022-03-16 00:04:03,161] {dag.py:2398} INFO - Sync 1 DAGs
[2022-03-16 00:04:03,173] {logging_mixin.py:109} INFO - [2022-03-16 00:04:03,173] {dag.py:2937} INFO - Setting next_dagrun for example_python_operator to None
[2022-03-16 00:04:03,361] {processor.py:171} INFO - Processing /home/airflow/.local/lib/python3.7/site-packages/airflow/example_dags/example_python_operator.py took 0.293 seconds
[2022-03-16 00:04:33,540] {processor.py:163} INFO - Started process (PID=2720) to work on /home/airflow/.local/lib/python3.7/site-packages/airflow/example_dags/example_python_operator.py
[2022-03-16 00:04:33,541] {processor.py:642} INFO - Processing file /home/airflow/.local/lib/python3.7/site-packages/airflow/example_dags/example_python_operator.py for tasks to queue
[2022-03-16 00:04:33,542] {logging_mixin.py:109} INFO - [2022-03-16 00:04:33,542] {dagbag.py:500} INFO - Filling up the DagBag from /home/airflow/.local/lib/python3.7/site-packages/airflow/example_dags/example_python_operator.py
[2022-03-16 00:04:33,570] {processor.py:654} INFO - DAG(s) dict_keys(['example_python_operator']) retrieved from /home/airflow/.local/lib/python3.7/site-packages/airflow/example_dags/example_python_operator.py
[2022-03-16 00:04:33,578] {logging_mixin.py:109} INFO - [2022-03-16 00:04:33,578] {dag.py:2398} INFO - Sync 1 DAGs
[2022-03-16 00:04:33,588] {logging_mixin.py:109} INFO - [2022-03-16 00:04:33,588] {dag.py:2937} INFO - Setting next_dagrun for example_python_operator to None
[2022-03-16 00:04:33,627] {processor.py:171} INFO - Processing /home/airflow/.local/lib/python3.7/site-packages/airflow/example_dags/example_python_operator.py took 0.089 seconds
[2022-03-16 00:05:07,037] {processor.py:163} INFO - Started process (PID=2790) to work on /home/airflow/.local/lib/python3.7/site-packages/airflow/example_dags/example_python_operator.py
[2022-03-16 00:05:07,044] {processor.py:642} INFO - Processing file /home/airflow/.local/lib/python3.7/site-packages/airflow/example_dags/example_python_operator.py for tasks to queue
[2022-03-16 00:05:07,045] {logging_mixin.py:109} INFO - [2022-03-16 00:05:07,045] {dagbag.py:500} INFO - Filling up the DagBag from /home/airflow/.local/lib/python3.7/site-packages/airflow/example_dags/example_python_operator.py
[2022-03-16 00:05:07,091] {processor.py:654} INFO - DAG(s) dict_keys(['example_python_operator']) retrieved from /home/airflow/.local/lib/python3.7/site-packages/airflow/example_dags/example_python_operator.py
[2022-03-16 00:05:07,099] {logging_mixin.py:109} INFO - [2022-03-16 00:05:07,099] {dag.py:2398} INFO - Sync 1 DAGs
[2022-03-16 00:05:07,111] {logging_mixin.py:109} INFO - [2022-03-16 00:05:07,111] {dag.py:2937} INFO - Setting next_dagrun for example_python_operator to None
[2022-03-16 00:05:07,156] {processor.py:171} INFO - Processing /home/airflow/.local/lib/python3.7/site-packages/airflow/example_dags/example_python_operator.py took 0.123 seconds
[2022-03-16 00:05:38,456] {processor.py:163} INFO - Started process (PID=2840) to work on /home/airflow/.local/lib/python3.7/site-packages/airflow/example_dags/example_python_operator.py
[2022-03-16 00:05:38,476] {processor.py:642} INFO - Processing file /home/airflow/.local/lib/python3.7/site-packages/airflow/example_dags/example_python_operator.py for tasks to queue
[2022-03-16 00:05:38,477] {logging_mixin.py:109} INFO - [2022-03-16 00:05:38,477] {dagbag.py:500} INFO - Filling up the DagBag from /home/airflow/.local/lib/python3.7/site-packages/airflow/example_dags/example_python_operator.py
[2022-03-16 00:05:38,498] {processor.py:654} INFO - DAG(s) dict_keys(['example_python_operator']) retrieved from /home/airflow/.local/lib/python3.7/site-packages/airflow/example_dags/example_python_operator.py
[2022-03-16 00:05:38,504] {logging_mixin.py:109} INFO - [2022-03-16 00:05:38,504] {dag.py:2398} INFO - Sync 1 DAGs
[2022-03-16 00:05:38,515] {logging_mixin.py:109} INFO - [2022-03-16 00:05:38,515] {dag.py:2937} INFO - Setting next_dagrun for example_python_operator to None
[2022-03-16 00:05:39,327] {processor.py:171} INFO - Processing /home/airflow/.local/lib/python3.7/site-packages/airflow/example_dags/example_python_operator.py took 0.873 seconds
[2022-03-16 00:06:09,597] {processor.py:163} INFO - Started process (PID=2903) to work on /home/airflow/.local/lib/python3.7/site-packages/airflow/example_dags/example_python_operator.py
[2022-03-16 00:06:09,610] {processor.py:642} INFO - Processing file /home/airflow/.local/lib/python3.7/site-packages/airflow/example_dags/example_python_operator.py for tasks to queue
[2022-03-16 00:06:09,610] {logging_mixin.py:109} INFO - [2022-03-16 00:06:09,610] {dagbag.py:500} INFO - Filling up the DagBag from /home/airflow/.local/lib/python3.7/site-packages/airflow/example_dags/example_python_operator.py
[2022-03-16 00:06:09,637] {processor.py:654} INFO - DAG(s) dict_keys(['example_python_operator']) retrieved from /home/airflow/.local/lib/python3.7/site-packages/airflow/example_dags/example_python_operator.py
[2022-03-16 00:06:09,644] {logging_mixin.py:109} INFO - [2022-03-16 00:06:09,644] {dag.py:2398} INFO - Sync 1 DAGs
[2022-03-16 00:06:09,656] {logging_mixin.py:109} INFO - [2022-03-16 00:06:09,656] {dag.py:2937} INFO - Setting next_dagrun for example_python_operator to None
[2022-03-16 00:06:09,722] {processor.py:171} INFO - Processing /home/airflow/.local/lib/python3.7/site-packages/airflow/example_dags/example_python_operator.py took 0.127 seconds
[2022-03-16 00:06:40,563] {processor.py:163} INFO - Started process (PID=2969) to work on /home/airflow/.local/lib/python3.7/site-packages/airflow/example_dags/example_python_operator.py
[2022-03-16 00:06:40,564] {processor.py:642} INFO - Processing file /home/airflow/.local/lib/python3.7/site-packages/airflow/example_dags/example_python_operator.py for tasks to queue
[2022-03-16 00:06:40,564] {logging_mixin.py:109} INFO - [2022-03-16 00:06:40,564] {dagbag.py:500} INFO - Filling up the DagBag from /home/airflow/.local/lib/python3.7/site-packages/airflow/example_dags/example_python_operator.py
[2022-03-16 00:06:40,585] {processor.py:654} INFO - DAG(s) dict_keys(['example_python_operator']) retrieved from /home/airflow/.local/lib/python3.7/site-packages/airflow/example_dags/example_python_operator.py
[2022-03-16 00:06:40,592] {logging_mixin.py:109} INFO - [2022-03-16 00:06:40,592] {dag.py:2398} INFO - Sync 1 DAGs
[2022-03-16 00:06:40,604] {logging_mixin.py:109} INFO - [2022-03-16 00:06:40,604] {dag.py:2937} INFO - Setting next_dagrun for example_python_operator to None
[2022-03-16 00:06:40,656] {processor.py:171} INFO - Processing /home/airflow/.local/lib/python3.7/site-packages/airflow/example_dags/example_python_operator.py took 0.095 seconds
[2022-03-16 00:07:12,218] {processor.py:163} INFO - Started process (PID=3035) to work on /home/airflow/.local/lib/python3.7/site-packages/airflow/example_dags/example_python_operator.py
[2022-03-16 00:07:12,236] {processor.py:642} INFO - Processing file /home/airflow/.local/lib/python3.7/site-packages/airflow/example_dags/example_python_operator.py for tasks to queue
[2022-03-16 00:07:12,237] {logging_mixin.py:109} INFO - [2022-03-16 00:07:12,237] {dagbag.py:500} INFO - Filling up the DagBag from /home/airflow/.local/lib/python3.7/site-packages/airflow/example_dags/example_python_operator.py
[2022-03-16 00:07:12,259] {processor.py:654} INFO - DAG(s) dict_keys(['example_python_operator']) retrieved from /home/airflow/.local/lib/python3.7/site-packages/airflow/example_dags/example_python_operator.py
[2022-03-16 00:07:12,266] {logging_mixin.py:109} INFO - [2022-03-16 00:07:12,266] {dag.py:2398} INFO - Sync 1 DAGs
[2022-03-16 00:07:12,279] {logging_mixin.py:109} INFO - [2022-03-16 00:07:12,279] {dag.py:2937} INFO - Setting next_dagrun for example_python_operator to None
[2022-03-16 00:07:12,365] {processor.py:171} INFO - Processing /home/airflow/.local/lib/python3.7/site-packages/airflow/example_dags/example_python_operator.py took 0.149 seconds
[2022-03-16 00:07:43,090] {processor.py:163} INFO - Started process (PID=3084) to work on /home/airflow/.local/lib/python3.7/site-packages/airflow/example_dags/example_python_operator.py
[2022-03-16 00:07:43,091] {processor.py:642} INFO - Processing file /home/airflow/.local/lib/python3.7/site-packages/airflow/example_dags/example_python_operator.py for tasks to queue
[2022-03-16 00:07:43,091] {logging_mixin.py:109} INFO - [2022-03-16 00:07:43,091] {dagbag.py:500} INFO - Filling up the DagBag from /home/airflow/.local/lib/python3.7/site-packages/airflow/example_dags/example_python_operator.py
[2022-03-16 00:07:43,114] {processor.py:654} INFO - DAG(s) dict_keys(['example_python_operator']) retrieved from /home/airflow/.local/lib/python3.7/site-packages/airflow/example_dags/example_python_operator.py
[2022-03-16 00:07:43,121] {logging_mixin.py:109} INFO - [2022-03-16 00:07:43,121] {dag.py:2398} INFO - Sync 1 DAGs
[2022-03-16 00:07:43,133] {logging_mixin.py:109} INFO - [2022-03-16 00:07:43,133] {dag.py:2937} INFO - Setting next_dagrun for example_python_operator to None
[2022-03-16 00:07:43,168] {processor.py:171} INFO - Processing /home/airflow/.local/lib/python3.7/site-packages/airflow/example_dags/example_python_operator.py took 0.080 seconds
[2022-03-16 00:08:13,884] {processor.py:163} INFO - Started process (PID=3148) to work on /home/airflow/.local/lib/python3.7/site-packages/airflow/example_dags/example_python_operator.py
[2022-03-16 00:08:13,896] {processor.py:642} INFO - Processing file /home/airflow/.local/lib/python3.7/site-packages/airflow/example_dags/example_python_operator.py for tasks to queue
[2022-03-16 00:08:13,896] {logging_mixin.py:109} INFO - [2022-03-16 00:08:13,896] {dagbag.py:500} INFO - Filling up the DagBag from /home/airflow/.local/lib/python3.7/site-packages/airflow/example_dags/example_python_operator.py
[2022-03-16 00:08:13,924] {processor.py:654} INFO - DAG(s) dict_keys(['example_python_operator']) retrieved from /home/airflow/.local/lib/python3.7/site-packages/airflow/example_dags/example_python_operator.py
[2022-03-16 00:08:13,935] {logging_mixin.py:109} INFO - [2022-03-16 00:08:13,935] {dag.py:2398} INFO - Sync 1 DAGs
[2022-03-16 00:08:13,951] {logging_mixin.py:109} INFO - [2022-03-16 00:08:13,951] {dag.py:2937} INFO - Setting next_dagrun for example_python_operator to None
[2022-03-16 00:08:13,994] {processor.py:171} INFO - Processing /home/airflow/.local/lib/python3.7/site-packages/airflow/example_dags/example_python_operator.py took 0.112 seconds
[2022-03-16 00:08:44,677] {processor.py:163} INFO - Started process (PID=3214) to work on /home/airflow/.local/lib/python3.7/site-packages/airflow/example_dags/example_python_operator.py
[2022-03-16 00:08:44,691] {processor.py:642} INFO - Processing file /home/airflow/.local/lib/python3.7/site-packages/airflow/example_dags/example_python_operator.py for tasks to queue
[2022-03-16 00:08:44,691] {logging_mixin.py:109} INFO - [2022-03-16 00:08:44,691] {dagbag.py:500} INFO - Filling up the DagBag from /home/airflow/.local/lib/python3.7/site-packages/airflow/example_dags/example_python_operator.py
[2022-03-16 00:08:44,722] {processor.py:654} INFO - DAG(s) dict_keys(['example_python_operator']) retrieved from /home/airflow/.local/lib/python3.7/site-packages/airflow/example_dags/example_python_operator.py
[2022-03-16 00:08:44,731] {logging_mixin.py:109} INFO - [2022-03-16 00:08:44,731] {dag.py:2398} INFO - Sync 1 DAGs
[2022-03-16 00:08:44,746] {logging_mixin.py:109} INFO - [2022-03-16 00:08:44,746] {dag.py:2937} INFO - Setting next_dagrun for example_python_operator to None
[2022-03-16 00:08:44,793] {processor.py:171} INFO - Processing /home/airflow/.local/lib/python3.7/site-packages/airflow/example_dags/example_python_operator.py took 0.118 seconds
[2022-03-16 00:09:15,124] {processor.py:163} INFO - Started process (PID=3270) to work on /home/airflow/.local/lib/python3.7/site-packages/airflow/example_dags/example_python_operator.py
[2022-03-16 00:09:15,131] {processor.py:642} INFO - Processing file /home/airflow/.local/lib/python3.7/site-packages/airflow/example_dags/example_python_operator.py for tasks to queue
[2022-03-16 00:09:15,131] {logging_mixin.py:109} INFO - [2022-03-16 00:09:15,131] {dagbag.py:500} INFO - Filling up the DagBag from /home/airflow/.local/lib/python3.7/site-packages/airflow/example_dags/example_python_operator.py
[2022-03-16 00:09:15,156] {processor.py:654} INFO - DAG(s) dict_keys(['example_python_operator']) retrieved from /home/airflow/.local/lib/python3.7/site-packages/airflow/example_dags/example_python_operator.py
[2022-03-16 00:09:15,164] {logging_mixin.py:109} INFO - [2022-03-16 00:09:15,164] {dag.py:2398} INFO - Sync 1 DAGs
[2022-03-16 00:09:15,175] {logging_mixin.py:109} INFO - [2022-03-16 00:09:15,175] {dag.py:2937} INFO - Setting next_dagrun for example_python_operator to None
[2022-03-16 00:09:15,227] {processor.py:171} INFO - Processing /home/airflow/.local/lib/python3.7/site-packages/airflow/example_dags/example_python_operator.py took 0.105 seconds
[2022-03-16 00:09:47,175] {processor.py:163} INFO - Started process (PID=3329) to work on /home/airflow/.local/lib/python3.7/site-packages/airflow/example_dags/example_python_operator.py
[2022-03-16 00:09:47,185] {processor.py:642} INFO - Processing file /home/airflow/.local/lib/python3.7/site-packages/airflow/example_dags/example_python_operator.py for tasks to queue
[2022-03-16 00:09:47,185] {logging_mixin.py:109} INFO - [2022-03-16 00:09:47,185] {dagbag.py:500} INFO - Filling up the DagBag from /home/airflow/.local/lib/python3.7/site-packages/airflow/example_dags/example_python_operator.py
[2022-03-16 00:09:47,209] {processor.py:654} INFO - DAG(s) dict_keys(['example_python_operator']) retrieved from /home/airflow/.local/lib/python3.7/site-packages/airflow/example_dags/example_python_operator.py
[2022-03-16 00:09:47,215] {logging_mixin.py:109} INFO - [2022-03-16 00:09:47,215] {dag.py:2398} INFO - Sync 1 DAGs
[2022-03-16 00:09:47,226] {logging_mixin.py:109} INFO - [2022-03-16 00:09:47,226] {dag.py:2937} INFO - Setting next_dagrun for example_python_operator to None
[2022-03-16 00:09:47,270] {processor.py:171} INFO - Processing /home/airflow/.local/lib/python3.7/site-packages/airflow/example_dags/example_python_operator.py took 0.096 seconds
[2022-03-16 00:10:18,990] {processor.py:163} INFO - Started process (PID=3386) to work on /home/airflow/.local/lib/python3.7/site-packages/airflow/example_dags/example_python_operator.py
[2022-03-16 00:10:18,990] {processor.py:642} INFO - Processing file /home/airflow/.local/lib/python3.7/site-packages/airflow/example_dags/example_python_operator.py for tasks to queue
[2022-03-16 00:10:18,991] {logging_mixin.py:109} INFO - [2022-03-16 00:10:18,991] {dagbag.py:500} INFO - Filling up the DagBag from /home/airflow/.local/lib/python3.7/site-packages/airflow/example_dags/example_python_operator.py
[2022-03-16 00:10:19,013] {processor.py:654} INFO - DAG(s) dict_keys(['example_python_operator']) retrieved from /home/airflow/.local/lib/python3.7/site-packages/airflow/example_dags/example_python_operator.py
[2022-03-16 00:10:19,020] {logging_mixin.py:109} INFO - [2022-03-16 00:10:19,020] {dag.py:2398} INFO - Sync 1 DAGs
[2022-03-16 00:10:19,031] {logging_mixin.py:109} INFO - [2022-03-16 00:10:19,031] {dag.py:2937} INFO - Setting next_dagrun for example_python_operator to None
[2022-03-16 00:10:19,069] {processor.py:171} INFO - Processing /home/airflow/.local/lib/python3.7/site-packages/airflow/example_dags/example_python_operator.py took 0.081 seconds
[2022-03-16 00:10:49,343] {processor.py:163} INFO - Started process (PID=3459) to work on /home/airflow/.local/lib/python3.7/site-packages/airflow/example_dags/example_python_operator.py
[2022-03-16 00:10:49,354] {processor.py:642} INFO - Processing file /home/airflow/.local/lib/python3.7/site-packages/airflow/example_dags/example_python_operator.py for tasks to queue
[2022-03-16 00:10:49,354] {logging_mixin.py:109} INFO - [2022-03-16 00:10:49,354] {dagbag.py:500} INFO - Filling up the DagBag from /home/airflow/.local/lib/python3.7/site-packages/airflow/example_dags/example_python_operator.py
[2022-03-16 00:10:49,379] {processor.py:654} INFO - DAG(s) dict_keys(['example_python_operator']) retrieved from /home/airflow/.local/lib/python3.7/site-packages/airflow/example_dags/example_python_operator.py
[2022-03-16 00:10:49,390] {logging_mixin.py:109} INFO - [2022-03-16 00:10:49,390] {dag.py:2398} INFO - Sync 1 DAGs
[2022-03-16 00:10:49,407] {logging_mixin.py:109} INFO - [2022-03-16 00:10:49,407] {dag.py:2937} INFO - Setting next_dagrun for example_python_operator to None
[2022-03-16 00:10:49,446] {processor.py:171} INFO - Processing /home/airflow/.local/lib/python3.7/site-packages/airflow/example_dags/example_python_operator.py took 0.105 seconds
[2022-03-16 00:11:20,445] {processor.py:163} INFO - Started process (PID=3515) to work on /home/airflow/.local/lib/python3.7/site-packages/airflow/example_dags/example_python_operator.py
[2022-03-16 00:11:20,453] {processor.py:642} INFO - Processing file /home/airflow/.local/lib/python3.7/site-packages/airflow/example_dags/example_python_operator.py for tasks to queue
[2022-03-16 00:11:20,453] {logging_mixin.py:109} INFO - [2022-03-16 00:11:20,453] {dagbag.py:500} INFO - Filling up the DagBag from /home/airflow/.local/lib/python3.7/site-packages/airflow/example_dags/example_python_operator.py
[2022-03-16 00:11:20,482] {processor.py:654} INFO - DAG(s) dict_keys(['example_python_operator']) retrieved from /home/airflow/.local/lib/python3.7/site-packages/airflow/example_dags/example_python_operator.py
[2022-03-16 00:11:20,488] {logging_mixin.py:109} INFO - [2022-03-16 00:11:20,488] {dag.py:2398} INFO - Sync 1 DAGs
[2022-03-16 00:11:20,499] {logging_mixin.py:109} INFO - [2022-03-16 00:11:20,499] {dag.py:2937} INFO - Setting next_dagrun for example_python_operator to None
[2022-03-16 00:11:20,550] {processor.py:171} INFO - Processing /home/airflow/.local/lib/python3.7/site-packages/airflow/example_dags/example_python_operator.py took 0.107 seconds
[2022-03-16 00:11:51,644] {processor.py:163} INFO - Started process (PID=3564) to work on /home/airflow/.local/lib/python3.7/site-packages/airflow/example_dags/example_python_operator.py
[2022-03-16 00:11:51,651] {processor.py:642} INFO - Processing file /home/airflow/.local/lib/python3.7/site-packages/airflow/example_dags/example_python_operator.py for tasks to queue
[2022-03-16 00:11:51,652] {logging_mixin.py:109} INFO - [2022-03-16 00:11:51,652] {dagbag.py:500} INFO - Filling up the DagBag from /home/airflow/.local/lib/python3.7/site-packages/airflow/example_dags/example_python_operator.py
[2022-03-16 00:11:51,673] {processor.py:654} INFO - DAG(s) dict_keys(['example_python_operator']) retrieved from /home/airflow/.local/lib/python3.7/site-packages/airflow/example_dags/example_python_operator.py
[2022-03-16 00:11:51,679] {logging_mixin.py:109} INFO - [2022-03-16 00:11:51,679] {dag.py:2398} INFO - Sync 1 DAGs
[2022-03-16 00:11:51,690] {logging_mixin.py:109} INFO - [2022-03-16 00:11:51,690] {dag.py:2937} INFO - Setting next_dagrun for example_python_operator to None
[2022-03-16 00:11:52,635] {processor.py:171} INFO - Processing /home/airflow/.local/lib/python3.7/site-packages/airflow/example_dags/example_python_operator.py took 0.993 seconds
[2022-03-16 00:12:22,930] {processor.py:163} INFO - Started process (PID=3632) to work on /home/airflow/.local/lib/python3.7/site-packages/airflow/example_dags/example_python_operator.py
[2022-03-16 00:12:22,930] {processor.py:642} INFO - Processing file /home/airflow/.local/lib/python3.7/site-packages/airflow/example_dags/example_python_operator.py for tasks to queue
[2022-03-16 00:12:22,931] {logging_mixin.py:109} INFO - [2022-03-16 00:12:22,931] {dagbag.py:500} INFO - Filling up the DagBag from /home/airflow/.local/lib/python3.7/site-packages/airflow/example_dags/example_python_operator.py
[2022-03-16 00:12:22,953] {processor.py:654} INFO - DAG(s) dict_keys(['example_python_operator']) retrieved from /home/airflow/.local/lib/python3.7/site-packages/airflow/example_dags/example_python_operator.py
[2022-03-16 00:12:22,960] {logging_mixin.py:109} INFO - [2022-03-16 00:12:22,960] {dag.py:2398} INFO - Sync 1 DAGs
[2022-03-16 00:12:22,972] {logging_mixin.py:109} INFO - [2022-03-16 00:12:22,972] {dag.py:2937} INFO - Setting next_dagrun for example_python_operator to None
[2022-03-16 00:12:23,017] {processor.py:171} INFO - Processing /home/airflow/.local/lib/python3.7/site-packages/airflow/example_dags/example_python_operator.py took 0.089 seconds
[2022-03-16 00:12:53,682] {processor.py:163} INFO - Started process (PID=3691) to work on /home/airflow/.local/lib/python3.7/site-packages/airflow/example_dags/example_python_operator.py
[2022-03-16 00:12:53,693] {processor.py:642} INFO - Processing file /home/airflow/.local/lib/python3.7/site-packages/airflow/example_dags/example_python_operator.py for tasks to queue
[2022-03-16 00:12:53,694] {logging_mixin.py:109} INFO - [2022-03-16 00:12:53,694] {dagbag.py:500} INFO - Filling up the DagBag from /home/airflow/.local/lib/python3.7/site-packages/airflow/example_dags/example_python_operator.py
[2022-03-16 00:12:53,719] {processor.py:654} INFO - DAG(s) dict_keys(['example_python_operator']) retrieved from /home/airflow/.local/lib/python3.7/site-packages/airflow/example_dags/example_python_operator.py
[2022-03-16 00:12:53,729] {logging_mixin.py:109} INFO - [2022-03-16 00:12:53,729] {dag.py:2398} INFO - Sync 1 DAGs
[2022-03-16 00:12:53,745] {logging_mixin.py:109} INFO - [2022-03-16 00:12:53,745] {dag.py:2937} INFO - Setting next_dagrun for example_python_operator to None
[2022-03-16 00:12:53,785] {processor.py:171} INFO - Processing /home/airflow/.local/lib/python3.7/site-packages/airflow/example_dags/example_python_operator.py took 0.105 seconds
[2022-03-16 00:13:24,528] {processor.py:163} INFO - Started process (PID=3755) to work on /home/airflow/.local/lib/python3.7/site-packages/airflow/example_dags/example_python_operator.py
[2022-03-16 00:13:24,531] {processor.py:642} INFO - Processing file /home/airflow/.local/lib/python3.7/site-packages/airflow/example_dags/example_python_operator.py for tasks to queue
[2022-03-16 00:13:24,532] {logging_mixin.py:109} INFO - [2022-03-16 00:13:24,532] {dagbag.py:500} INFO - Filling up the DagBag from /home/airflow/.local/lib/python3.7/site-packages/airflow/example_dags/example_python_operator.py
[2022-03-16 00:13:24,562] {processor.py:654} INFO - DAG(s) dict_keys(['example_python_operator']) retrieved from /home/airflow/.local/lib/python3.7/site-packages/airflow/example_dags/example_python_operator.py
[2022-03-16 00:13:24,572] {logging_mixin.py:109} INFO - [2022-03-16 00:13:24,572] {dag.py:2398} INFO - Sync 1 DAGs
[2022-03-16 00:13:24,589] {logging_mixin.py:109} INFO - [2022-03-16 00:13:24,589] {dag.py:2937} INFO - Setting next_dagrun for example_python_operator to None
[2022-03-16 00:13:24,627] {processor.py:171} INFO - Processing /home/airflow/.local/lib/python3.7/site-packages/airflow/example_dags/example_python_operator.py took 0.101 seconds
[2022-03-16 00:13:54,760] {processor.py:163} INFO - Started process (PID=3806) to work on /home/airflow/.local/lib/python3.7/site-packages/airflow/example_dags/example_python_operator.py
[2022-03-16 00:13:54,761] {processor.py:642} INFO - Processing file /home/airflow/.local/lib/python3.7/site-packages/airflow/example_dags/example_python_operator.py for tasks to queue
[2022-03-16 00:13:54,761] {logging_mixin.py:109} INFO - [2022-03-16 00:13:54,761] {dagbag.py:500} INFO - Filling up the DagBag from /home/airflow/.local/lib/python3.7/site-packages/airflow/example_dags/example_python_operator.py
[2022-03-16 00:13:54,782] {processor.py:654} INFO - DAG(s) dict_keys(['example_python_operator']) retrieved from /home/airflow/.local/lib/python3.7/site-packages/airflow/example_dags/example_python_operator.py
[2022-03-16 00:13:54,788] {logging_mixin.py:109} INFO - [2022-03-16 00:13:54,788] {dag.py:2398} INFO - Sync 1 DAGs
[2022-03-16 00:13:54,799] {logging_mixin.py:109} INFO - [2022-03-16 00:13:54,799] {dag.py:2937} INFO - Setting next_dagrun for example_python_operator to None
[2022-03-16 00:13:54,864] {processor.py:171} INFO - Processing /home/airflow/.local/lib/python3.7/site-packages/airflow/example_dags/example_python_operator.py took 0.106 seconds
[2022-03-16 00:14:24,999] {processor.py:163} INFO - Started process (PID=3866) to work on /home/airflow/.local/lib/python3.7/site-packages/airflow/example_dags/example_python_operator.py
[2022-03-16 00:14:24,999] {processor.py:642} INFO - Processing file /home/airflow/.local/lib/python3.7/site-packages/airflow/example_dags/example_python_operator.py for tasks to queue
[2022-03-16 00:14:25,000] {logging_mixin.py:109} INFO - [2022-03-16 00:14:25,000] {dagbag.py:500} INFO - Filling up the DagBag from /home/airflow/.local/lib/python3.7/site-packages/airflow/example_dags/example_python_operator.py
[2022-03-16 00:14:25,022] {processor.py:654} INFO - DAG(s) dict_keys(['example_python_operator']) retrieved from /home/airflow/.local/lib/python3.7/site-packages/airflow/example_dags/example_python_operator.py
[2022-03-16 00:14:25,029] {logging_mixin.py:109} INFO - [2022-03-16 00:14:25,029] {dag.py:2398} INFO - Sync 1 DAGs
[2022-03-16 00:14:25,044] {logging_mixin.py:109} INFO - [2022-03-16 00:14:25,044] {dag.py:2937} INFO - Setting next_dagrun for example_python_operator to None
[2022-03-16 00:14:25,086] {processor.py:171} INFO - Processing /home/airflow/.local/lib/python3.7/site-packages/airflow/example_dags/example_python_operator.py took 0.089 seconds
[2022-03-16 00:14:56,057] {processor.py:163} INFO - Started process (PID=3937) to work on /home/airflow/.local/lib/python3.7/site-packages/airflow/example_dags/example_python_operator.py
[2022-03-16 00:14:56,129] {processor.py:642} INFO - Processing file /home/airflow/.local/lib/python3.7/site-packages/airflow/example_dags/example_python_operator.py for tasks to queue
[2022-03-16 00:14:56,130] {logging_mixin.py:109} INFO - [2022-03-16 00:14:56,130] {dagbag.py:500} INFO - Filling up the DagBag from /home/airflow/.local/lib/python3.7/site-packages/airflow/example_dags/example_python_operator.py
[2022-03-16 00:14:56,166] {processor.py:654} INFO - DAG(s) dict_keys(['example_python_operator']) retrieved from /home/airflow/.local/lib/python3.7/site-packages/airflow/example_dags/example_python_operator.py
[2022-03-16 00:14:56,176] {logging_mixin.py:109} INFO - [2022-03-16 00:14:56,176] {dag.py:2398} INFO - Sync 1 DAGs
[2022-03-16 00:14:56,194] {logging_mixin.py:109} INFO - [2022-03-16 00:14:56,194] {dag.py:2937} INFO - Setting next_dagrun for example_python_operator to None
[2022-03-16 00:14:56,292] {processor.py:171} INFO - Processing /home/airflow/.local/lib/python3.7/site-packages/airflow/example_dags/example_python_operator.py took 0.238 seconds
[2022-03-16 00:15:26,678] {processor.py:163} INFO - Started process (PID=3990) to work on /home/airflow/.local/lib/python3.7/site-packages/airflow/example_dags/example_python_operator.py
[2022-03-16 00:15:26,710] {processor.py:642} INFO - Processing file /home/airflow/.local/lib/python3.7/site-packages/airflow/example_dags/example_python_operator.py for tasks to queue
[2022-03-16 00:15:26,710] {logging_mixin.py:109} INFO - [2022-03-16 00:15:26,710] {dagbag.py:500} INFO - Filling up the DagBag from /home/airflow/.local/lib/python3.7/site-packages/airflow/example_dags/example_python_operator.py
[2022-03-16 00:15:26,733] {processor.py:654} INFO - DAG(s) dict_keys(['example_python_operator']) retrieved from /home/airflow/.local/lib/python3.7/site-packages/airflow/example_dags/example_python_operator.py
[2022-03-16 00:15:26,740] {logging_mixin.py:109} INFO - [2022-03-16 00:15:26,740] {dag.py:2398} INFO - Sync 1 DAGs
[2022-03-16 00:15:26,751] {logging_mixin.py:109} INFO - [2022-03-16 00:15:26,751] {dag.py:2937} INFO - Setting next_dagrun for example_python_operator to None
[2022-03-16 00:15:26,816] {processor.py:171} INFO - Processing /home/airflow/.local/lib/python3.7/site-packages/airflow/example_dags/example_python_operator.py took 0.145 seconds
[2022-03-16 00:15:59,127] {processor.py:163} INFO - Started process (PID=4040) to work on /home/airflow/.local/lib/python3.7/site-packages/airflow/example_dags/example_python_operator.py
[2022-03-16 00:15:59,133] {processor.py:642} INFO - Processing file /home/airflow/.local/lib/python3.7/site-packages/airflow/example_dags/example_python_operator.py for tasks to queue
[2022-03-16 00:15:59,133] {logging_mixin.py:109} INFO - [2022-03-16 00:15:59,133] {dagbag.py:500} INFO - Filling up the DagBag from /home/airflow/.local/lib/python3.7/site-packages/airflow/example_dags/example_python_operator.py
[2022-03-16 00:15:59,159] {processor.py:654} INFO - DAG(s) dict_keys(['example_python_operator']) retrieved from /home/airflow/.local/lib/python3.7/site-packages/airflow/example_dags/example_python_operator.py
[2022-03-16 00:15:59,166] {logging_mixin.py:109} INFO - [2022-03-16 00:15:59,166] {dag.py:2398} INFO - Sync 1 DAGs
[2022-03-16 00:15:59,178] {logging_mixin.py:109} INFO - [2022-03-16 00:15:59,178] {dag.py:2937} INFO - Setting next_dagrun for example_python_operator to None
[2022-03-16 00:15:59,805] {processor.py:171} INFO - Processing /home/airflow/.local/lib/python3.7/site-packages/airflow/example_dags/example_python_operator.py took 0.681 seconds
[2022-03-16 00:16:31,018] {processor.py:163} INFO - Started process (PID=4112) to work on /home/airflow/.local/lib/python3.7/site-packages/airflow/example_dags/example_python_operator.py
[2022-03-16 00:16:31,028] {processor.py:642} INFO - Processing file /home/airflow/.local/lib/python3.7/site-packages/airflow/example_dags/example_python_operator.py for tasks to queue
[2022-03-16 00:16:31,028] {logging_mixin.py:109} INFO - [2022-03-16 00:16:31,028] {dagbag.py:500} INFO - Filling up the DagBag from /home/airflow/.local/lib/python3.7/site-packages/airflow/example_dags/example_python_operator.py
[2022-03-16 00:16:31,059] {processor.py:654} INFO - DAG(s) dict_keys(['example_python_operator']) retrieved from /home/airflow/.local/lib/python3.7/site-packages/airflow/example_dags/example_python_operator.py
[2022-03-16 00:16:31,066] {logging_mixin.py:109} INFO - [2022-03-16 00:16:31,066] {dag.py:2398} INFO - Sync 1 DAGs
[2022-03-16 00:16:31,079] {logging_mixin.py:109} INFO - [2022-03-16 00:16:31,079] {dag.py:2937} INFO - Setting next_dagrun for example_python_operator to None
[2022-03-16 00:16:31,267] {processor.py:171} INFO - Processing /home/airflow/.local/lib/python3.7/site-packages/airflow/example_dags/example_python_operator.py took 0.251 seconds
[2022-03-16 00:17:01,428] {processor.py:163} INFO - Started process (PID=4171) to work on /home/airflow/.local/lib/python3.7/site-packages/airflow/example_dags/example_python_operator.py
[2022-03-16 00:17:01,442] {processor.py:642} INFO - Processing file /home/airflow/.local/lib/python3.7/site-packages/airflow/example_dags/example_python_operator.py for tasks to queue
[2022-03-16 00:17:01,442] {logging_mixin.py:109} INFO - [2022-03-16 00:17:01,442] {dagbag.py:500} INFO - Filling up the DagBag from /home/airflow/.local/lib/python3.7/site-packages/airflow/example_dags/example_python_operator.py
[2022-03-16 00:17:01,473] {processor.py:654} INFO - DAG(s) dict_keys(['example_python_operator']) retrieved from /home/airflow/.local/lib/python3.7/site-packages/airflow/example_dags/example_python_operator.py
[2022-03-16 00:17:01,484] {logging_mixin.py:109} INFO - [2022-03-16 00:17:01,484] {dag.py:2398} INFO - Sync 1 DAGs
[2022-03-16 00:17:01,502] {logging_mixin.py:109} INFO - [2022-03-16 00:17:01,502] {dag.py:2937} INFO - Setting next_dagrun for example_python_operator to None
[2022-03-16 00:17:02,811] {processor.py:171} INFO - Processing /home/airflow/.local/lib/python3.7/site-packages/airflow/example_dags/example_python_operator.py took 1.385 seconds
[2022-03-16 00:17:33,203] {processor.py:163} INFO - Started process (PID=4231) to work on /home/airflow/.local/lib/python3.7/site-packages/airflow/example_dags/example_python_operator.py
[2022-03-16 00:17:33,211] {processor.py:642} INFO - Processing file /home/airflow/.local/lib/python3.7/site-packages/airflow/example_dags/example_python_operator.py for tasks to queue
[2022-03-16 00:17:33,211] {logging_mixin.py:109} INFO - [2022-03-16 00:17:33,211] {dagbag.py:500} INFO - Filling up the DagBag from /home/airflow/.local/lib/python3.7/site-packages/airflow/example_dags/example_python_operator.py
[2022-03-16 00:17:33,234] {processor.py:654} INFO - DAG(s) dict_keys(['example_python_operator']) retrieved from /home/airflow/.local/lib/python3.7/site-packages/airflow/example_dags/example_python_operator.py
[2022-03-16 00:17:33,241] {logging_mixin.py:109} INFO - [2022-03-16 00:17:33,241] {dag.py:2398} INFO - Sync 1 DAGs
[2022-03-16 00:17:33,252] {logging_mixin.py:109} INFO - [2022-03-16 00:17:33,251] {dag.py:2937} INFO - Setting next_dagrun for example_python_operator to None
[2022-03-16 00:17:33,317] {processor.py:171} INFO - Processing /home/airflow/.local/lib/python3.7/site-packages/airflow/example_dags/example_python_operator.py took 0.117 seconds
[2022-03-16 00:18:04,639] {processor.py:163} INFO - Started process (PID=4283) to work on /home/airflow/.local/lib/python3.7/site-packages/airflow/example_dags/example_python_operator.py
[2022-03-16 00:18:04,651] {processor.py:642} INFO - Processing file /home/airflow/.local/lib/python3.7/site-packages/airflow/example_dags/example_python_operator.py for tasks to queue
[2022-03-16 00:18:04,651] {logging_mixin.py:109} INFO - [2022-03-16 00:18:04,651] {dagbag.py:500} INFO - Filling up the DagBag from /home/airflow/.local/lib/python3.7/site-packages/airflow/example_dags/example_python_operator.py
[2022-03-16 00:18:04,682] {processor.py:654} INFO - DAG(s) dict_keys(['example_python_operator']) retrieved from /home/airflow/.local/lib/python3.7/site-packages/airflow/example_dags/example_python_operator.py
[2022-03-16 00:18:04,689] {logging_mixin.py:109} INFO - [2022-03-16 00:18:04,689] {dag.py:2398} INFO - Sync 1 DAGs
[2022-03-16 00:18:04,703] {logging_mixin.py:109} INFO - [2022-03-16 00:18:04,703] {dag.py:2937} INFO - Setting next_dagrun for example_python_operator to None
[2022-03-16 00:18:04,758] {processor.py:171} INFO - Processing /home/airflow/.local/lib/python3.7/site-packages/airflow/example_dags/example_python_operator.py took 0.122 seconds
[2022-03-16 00:18:35,497] {processor.py:163} INFO - Started process (PID=4357) to work on /home/airflow/.local/lib/python3.7/site-packages/airflow/example_dags/example_python_operator.py
[2022-03-16 00:18:35,507] {processor.py:642} INFO - Processing file /home/airflow/.local/lib/python3.7/site-packages/airflow/example_dags/example_python_operator.py for tasks to queue
[2022-03-16 00:18:35,507] {logging_mixin.py:109} INFO - [2022-03-16 00:18:35,507] {dagbag.py:500} INFO - Filling up the DagBag from /home/airflow/.local/lib/python3.7/site-packages/airflow/example_dags/example_python_operator.py
[2022-03-16 00:18:35,535] {processor.py:654} INFO - DAG(s) dict_keys(['example_python_operator']) retrieved from /home/airflow/.local/lib/python3.7/site-packages/airflow/example_dags/example_python_operator.py
[2022-03-16 00:18:35,543] {logging_mixin.py:109} INFO - [2022-03-16 00:18:35,543] {dag.py:2398} INFO - Sync 1 DAGs
[2022-03-16 00:18:35,556] {logging_mixin.py:109} INFO - [2022-03-16 00:18:35,556] {dag.py:2937} INFO - Setting next_dagrun for example_python_operator to None
[2022-03-16 00:18:35,610] {processor.py:171} INFO - Processing /home/airflow/.local/lib/python3.7/site-packages/airflow/example_dags/example_python_operator.py took 0.116 seconds
[2022-03-16 00:19:06,707] {processor.py:163} INFO - Started process (PID=4418) to work on /home/airflow/.local/lib/python3.7/site-packages/airflow/example_dags/example_python_operator.py
[2022-03-16 00:19:06,724] {processor.py:642} INFO - Processing file /home/airflow/.local/lib/python3.7/site-packages/airflow/example_dags/example_python_operator.py for tasks to queue
[2022-03-16 00:19:06,725] {logging_mixin.py:109} INFO - [2022-03-16 00:19:06,725] {dagbag.py:500} INFO - Filling up the DagBag from /home/airflow/.local/lib/python3.7/site-packages/airflow/example_dags/example_python_operator.py
[2022-03-16 00:19:06,752] {processor.py:654} INFO - DAG(s) dict_keys(['example_python_operator']) retrieved from /home/airflow/.local/lib/python3.7/site-packages/airflow/example_dags/example_python_operator.py
[2022-03-16 00:19:06,762] {logging_mixin.py:109} INFO - [2022-03-16 00:19:06,762] {dag.py:2398} INFO - Sync 1 DAGs
[2022-03-16 00:19:06,772] {logging_mixin.py:109} INFO - [2022-03-16 00:19:06,772] {dag.py:2937} INFO - Setting next_dagrun for example_python_operator to None
[2022-03-16 00:19:07,594] {processor.py:171} INFO - Processing /home/airflow/.local/lib/python3.7/site-packages/airflow/example_dags/example_python_operator.py took 0.890 seconds
[2022-03-16 00:19:38,427] {processor.py:163} INFO - Started process (PID=4477) to work on /home/airflow/.local/lib/python3.7/site-packages/airflow/example_dags/example_python_operator.py
[2022-03-16 00:19:38,453] {processor.py:642} INFO - Processing file /home/airflow/.local/lib/python3.7/site-packages/airflow/example_dags/example_python_operator.py for tasks to queue
[2022-03-16 00:19:38,454] {logging_mixin.py:109} INFO - [2022-03-16 00:19:38,453] {dagbag.py:500} INFO - Filling up the DagBag from /home/airflow/.local/lib/python3.7/site-packages/airflow/example_dags/example_python_operator.py
[2022-03-16 00:19:38,496] {processor.py:654} INFO - DAG(s) dict_keys(['example_python_operator']) retrieved from /home/airflow/.local/lib/python3.7/site-packages/airflow/example_dags/example_python_operator.py
[2022-03-16 00:19:38,509] {logging_mixin.py:109} INFO - [2022-03-16 00:19:38,509] {dag.py:2398} INFO - Sync 1 DAGs
[2022-03-16 00:19:38,529] {logging_mixin.py:109} INFO - [2022-03-16 00:19:38,529] {dag.py:2937} INFO - Setting next_dagrun for example_python_operator to None
[2022-03-16 00:19:39,168] {processor.py:171} INFO - Processing /home/airflow/.local/lib/python3.7/site-packages/airflow/example_dags/example_python_operator.py took 0.743 seconds
[2022-03-16 00:20:09,540] {processor.py:163} INFO - Started process (PID=4530) to work on /home/airflow/.local/lib/python3.7/site-packages/airflow/example_dags/example_python_operator.py
[2022-03-16 00:20:09,552] {processor.py:642} INFO - Processing file /home/airflow/.local/lib/python3.7/site-packages/airflow/example_dags/example_python_operator.py for tasks to queue
[2022-03-16 00:20:09,553] {logging_mixin.py:109} INFO - [2022-03-16 00:20:09,553] {dagbag.py:500} INFO - Filling up the DagBag from /home/airflow/.local/lib/python3.7/site-packages/airflow/example_dags/example_python_operator.py
[2022-03-16 00:20:09,576] {processor.py:654} INFO - DAG(s) dict_keys(['example_python_operator']) retrieved from /home/airflow/.local/lib/python3.7/site-packages/airflow/example_dags/example_python_operator.py
[2022-03-16 00:20:09,583] {logging_mixin.py:109} INFO - [2022-03-16 00:20:09,583] {dag.py:2398} INFO - Sync 1 DAGs
[2022-03-16 00:20:09,594] {logging_mixin.py:109} INFO - [2022-03-16 00:20:09,594] {dag.py:2937} INFO - Setting next_dagrun for example_python_operator to None
[2022-03-16 00:20:10,182] {processor.py:171} INFO - Processing /home/airflow/.local/lib/python3.7/site-packages/airflow/example_dags/example_python_operator.py took 0.644 seconds
[2022-03-16 00:20:40,304] {processor.py:163} INFO - Started process (PID=4604) to work on /home/airflow/.local/lib/python3.7/site-packages/airflow/example_dags/example_python_operator.py
[2022-03-16 00:20:40,309] {processor.py:642} INFO - Processing file /home/airflow/.local/lib/python3.7/site-packages/airflow/example_dags/example_python_operator.py for tasks to queue
[2022-03-16 00:20:40,311] {logging_mixin.py:109} INFO - [2022-03-16 00:20:40,311] {dagbag.py:500} INFO - Filling up the DagBag from /home/airflow/.local/lib/python3.7/site-packages/airflow/example_dags/example_python_operator.py
[2022-03-16 00:20:40,353] {processor.py:654} INFO - DAG(s) dict_keys(['example_python_operator']) retrieved from /home/airflow/.local/lib/python3.7/site-packages/airflow/example_dags/example_python_operator.py
[2022-03-16 00:20:40,363] {logging_mixin.py:109} INFO - [2022-03-16 00:20:40,363] {dag.py:2398} INFO - Sync 1 DAGs
[2022-03-16 00:20:40,376] {logging_mixin.py:109} INFO - [2022-03-16 00:20:40,376] {dag.py:2937} INFO - Setting next_dagrun for example_python_operator to None
[2022-03-16 00:20:40,555] {processor.py:171} INFO - Processing /home/airflow/.local/lib/python3.7/site-packages/airflow/example_dags/example_python_operator.py took 0.258 seconds
[2022-03-16 00:21:11,169] {processor.py:163} INFO - Started process (PID=4664) to work on /home/airflow/.local/lib/python3.7/site-packages/airflow/example_dags/example_python_operator.py
[2022-03-16 00:21:11,207] {processor.py:642} INFO - Processing file /home/airflow/.local/lib/python3.7/site-packages/airflow/example_dags/example_python_operator.py for tasks to queue
[2022-03-16 00:21:11,207] {logging_mixin.py:109} INFO - [2022-03-16 00:21:11,207] {dagbag.py:500} INFO - Filling up the DagBag from /home/airflow/.local/lib/python3.7/site-packages/airflow/example_dags/example_python_operator.py
[2022-03-16 00:21:11,231] {processor.py:654} INFO - DAG(s) dict_keys(['example_python_operator']) retrieved from /home/airflow/.local/lib/python3.7/site-packages/airflow/example_dags/example_python_operator.py
[2022-03-16 00:21:11,240] {logging_mixin.py:109} INFO - [2022-03-16 00:21:11,240] {dag.py:2398} INFO - Sync 1 DAGs
[2022-03-16 00:21:11,253] {logging_mixin.py:109} INFO - [2022-03-16 00:21:11,253] {dag.py:2937} INFO - Setting next_dagrun for example_python_operator to None
[2022-03-16 00:21:12,104] {processor.py:171} INFO - Processing /home/airflow/.local/lib/python3.7/site-packages/airflow/example_dags/example_python_operator.py took 0.937 seconds
[2022-03-16 00:21:42,855] {processor.py:163} INFO - Started process (PID=4723) to work on /home/airflow/.local/lib/python3.7/site-packages/airflow/example_dags/example_python_operator.py
[2022-03-16 00:21:43,069] {processor.py:642} INFO - Processing file /home/airflow/.local/lib/python3.7/site-packages/airflow/example_dags/example_python_operator.py for tasks to queue
[2022-03-16 00:21:43,070] {logging_mixin.py:109} INFO - [2022-03-16 00:21:43,070] {dagbag.py:500} INFO - Filling up the DagBag from /home/airflow/.local/lib/python3.7/site-packages/airflow/example_dags/example_python_operator.py
[2022-03-16 00:21:43,122] {processor.py:654} INFO - DAG(s) dict_keys(['example_python_operator']) retrieved from /home/airflow/.local/lib/python3.7/site-packages/airflow/example_dags/example_python_operator.py
[2022-03-16 00:21:43,130] {logging_mixin.py:109} INFO - [2022-03-16 00:21:43,130] {dag.py:2398} INFO - Sync 1 DAGs
[2022-03-16 00:21:43,142] {logging_mixin.py:109} INFO - [2022-03-16 00:21:43,142] {dag.py:2937} INFO - Setting next_dagrun for example_python_operator to None
[2022-03-16 00:21:43,605] {processor.py:171} INFO - Processing /home/airflow/.local/lib/python3.7/site-packages/airflow/example_dags/example_python_operator.py took 0.756 seconds
[2022-03-16 00:22:13,992] {processor.py:163} INFO - Started process (PID=4780) to work on /home/airflow/.local/lib/python3.7/site-packages/airflow/example_dags/example_python_operator.py
[2022-03-16 00:22:14,031] {processor.py:642} INFO - Processing file /home/airflow/.local/lib/python3.7/site-packages/airflow/example_dags/example_python_operator.py for tasks to queue
[2022-03-16 00:22:14,032] {logging_mixin.py:109} INFO - [2022-03-16 00:22:14,032] {dagbag.py:500} INFO - Filling up the DagBag from /home/airflow/.local/lib/python3.7/site-packages/airflow/example_dags/example_python_operator.py
[2022-03-16 00:22:14,053] {processor.py:654} INFO - DAG(s) dict_keys(['example_python_operator']) retrieved from /home/airflow/.local/lib/python3.7/site-packages/airflow/example_dags/example_python_operator.py
[2022-03-16 00:22:14,059] {logging_mixin.py:109} INFO - [2022-03-16 00:22:14,059] {dag.py:2398} INFO - Sync 1 DAGs
[2022-03-16 00:22:14,069] {logging_mixin.py:109} INFO - [2022-03-16 00:22:14,069] {dag.py:2937} INFO - Setting next_dagrun for example_python_operator to None
[2022-03-16 00:22:14,447] {processor.py:171} INFO - Processing /home/airflow/.local/lib/python3.7/site-packages/airflow/example_dags/example_python_operator.py took 0.457 seconds
[2022-03-16 00:22:44,660] {processor.py:163} INFO - Started process (PID=4855) to work on /home/airflow/.local/lib/python3.7/site-packages/airflow/example_dags/example_python_operator.py
[2022-03-16 00:22:44,674] {processor.py:642} INFO - Processing file /home/airflow/.local/lib/python3.7/site-packages/airflow/example_dags/example_python_operator.py for tasks to queue
[2022-03-16 00:22:44,674] {logging_mixin.py:109} INFO - [2022-03-16 00:22:44,674] {dagbag.py:500} INFO - Filling up the DagBag from /home/airflow/.local/lib/python3.7/site-packages/airflow/example_dags/example_python_operator.py
[2022-03-16 00:22:44,701] {processor.py:654} INFO - DAG(s) dict_keys(['example_python_operator']) retrieved from /home/airflow/.local/lib/python3.7/site-packages/airflow/example_dags/example_python_operator.py
[2022-03-16 00:22:44,708] {logging_mixin.py:109} INFO - [2022-03-16 00:22:44,708] {dag.py:2398} INFO - Sync 1 DAGs
[2022-03-16 00:22:44,720] {logging_mixin.py:109} INFO - [2022-03-16 00:22:44,720] {dag.py:2937} INFO - Setting next_dagrun for example_python_operator to None
[2022-03-16 00:22:44,761] {processor.py:171} INFO - Processing /home/airflow/.local/lib/python3.7/site-packages/airflow/example_dags/example_python_operator.py took 0.103 seconds
[2022-03-16 00:23:15,289] {processor.py:163} INFO - Started process (PID=4913) to work on /home/airflow/.local/lib/python3.7/site-packages/airflow/example_dags/example_python_operator.py
[2022-03-16 00:23:15,303] {processor.py:642} INFO - Processing file /home/airflow/.local/lib/python3.7/site-packages/airflow/example_dags/example_python_operator.py for tasks to queue
[2022-03-16 00:23:15,303] {logging_mixin.py:109} INFO - [2022-03-16 00:23:15,303] {dagbag.py:500} INFO - Filling up the DagBag from /home/airflow/.local/lib/python3.7/site-packages/airflow/example_dags/example_python_operator.py
[2022-03-16 00:23:15,328] {processor.py:654} INFO - DAG(s) dict_keys(['example_python_operator']) retrieved from /home/airflow/.local/lib/python3.7/site-packages/airflow/example_dags/example_python_operator.py
[2022-03-16 00:23:15,335] {logging_mixin.py:109} INFO - [2022-03-16 00:23:15,335] {dag.py:2398} INFO - Sync 1 DAGs
[2022-03-16 00:23:15,346] {logging_mixin.py:109} INFO - [2022-03-16 00:23:15,346] {dag.py:2937} INFO - Setting next_dagrun for example_python_operator to None
[2022-03-16 00:23:15,409] {processor.py:171} INFO - Processing /home/airflow/.local/lib/python3.7/site-packages/airflow/example_dags/example_python_operator.py took 0.122 seconds
[2022-03-16 00:23:45,563] {processor.py:163} INFO - Started process (PID=4969) to work on /home/airflow/.local/lib/python3.7/site-packages/airflow/example_dags/example_python_operator.py
[2022-03-16 00:23:45,569] {processor.py:642} INFO - Processing file /home/airflow/.local/lib/python3.7/site-packages/airflow/example_dags/example_python_operator.py for tasks to queue
[2022-03-16 00:23:45,569] {logging_mixin.py:109} INFO - [2022-03-16 00:23:45,569] {dagbag.py:500} INFO - Filling up the DagBag from /home/airflow/.local/lib/python3.7/site-packages/airflow/example_dags/example_python_operator.py
[2022-03-16 00:23:45,593] {processor.py:654} INFO - DAG(s) dict_keys(['example_python_operator']) retrieved from /home/airflow/.local/lib/python3.7/site-packages/airflow/example_dags/example_python_operator.py
[2022-03-16 00:23:45,599] {logging_mixin.py:109} INFO - [2022-03-16 00:23:45,599] {dag.py:2398} INFO - Sync 1 DAGs
[2022-03-16 00:23:45,611] {logging_mixin.py:109} INFO - [2022-03-16 00:23:45,611] {dag.py:2937} INFO - Setting next_dagrun for example_python_operator to None
[2022-03-16 00:23:45,652] {processor.py:171} INFO - Processing /home/airflow/.local/lib/python3.7/site-packages/airflow/example_dags/example_python_operator.py took 0.092 seconds
[2022-03-16 00:24:17,297] {processor.py:163} INFO - Started process (PID=5031) to work on /home/airflow/.local/lib/python3.7/site-packages/airflow/example_dags/example_python_operator.py
[2022-03-16 00:24:17,300] {processor.py:642} INFO - Processing file /home/airflow/.local/lib/python3.7/site-packages/airflow/example_dags/example_python_operator.py for tasks to queue
[2022-03-16 00:24:17,301] {logging_mixin.py:109} INFO - [2022-03-16 00:24:17,301] {dagbag.py:500} INFO - Filling up the DagBag from /home/airflow/.local/lib/python3.7/site-packages/airflow/example_dags/example_python_operator.py
[2022-03-16 00:24:17,340] {processor.py:654} INFO - DAG(s) dict_keys(['example_python_operator']) retrieved from /home/airflow/.local/lib/python3.7/site-packages/airflow/example_dags/example_python_operator.py
[2022-03-16 00:24:17,347] {logging_mixin.py:109} INFO - [2022-03-16 00:24:17,347] {dag.py:2398} INFO - Sync 1 DAGs
[2022-03-16 00:24:17,357] {logging_mixin.py:109} INFO - [2022-03-16 00:24:17,357] {dag.py:2937} INFO - Setting next_dagrun for example_python_operator to None
[2022-03-16 00:24:17,397] {processor.py:171} INFO - Processing /home/airflow/.local/lib/python3.7/site-packages/airflow/example_dags/example_python_operator.py took 0.107 seconds
[2022-03-16 00:24:47,558] {processor.py:163} INFO - Started process (PID=5094) to work on /home/airflow/.local/lib/python3.7/site-packages/airflow/example_dags/example_python_operator.py
[2022-03-16 00:24:47,566] {processor.py:642} INFO - Processing file /home/airflow/.local/lib/python3.7/site-packages/airflow/example_dags/example_python_operator.py for tasks to queue
[2022-03-16 00:24:47,566] {logging_mixin.py:109} INFO - [2022-03-16 00:24:47,566] {dagbag.py:500} INFO - Filling up the DagBag from /home/airflow/.local/lib/python3.7/site-packages/airflow/example_dags/example_python_operator.py
[2022-03-16 00:24:47,590] {processor.py:654} INFO - DAG(s) dict_keys(['example_python_operator']) retrieved from /home/airflow/.local/lib/python3.7/site-packages/airflow/example_dags/example_python_operator.py
[2022-03-16 00:24:47,596] {logging_mixin.py:109} INFO - [2022-03-16 00:24:47,596] {dag.py:2398} INFO - Sync 1 DAGs
[2022-03-16 00:24:47,607] {logging_mixin.py:109} INFO - [2022-03-16 00:24:47,607] {dag.py:2937} INFO - Setting next_dagrun for example_python_operator to None
[2022-03-16 00:24:47,650] {processor.py:171} INFO - Processing /home/airflow/.local/lib/python3.7/site-packages/airflow/example_dags/example_python_operator.py took 0.093 seconds
[2022-03-16 00:25:19,721] {processor.py:163} INFO - Started process (PID=5161) to work on /home/airflow/.local/lib/python3.7/site-packages/airflow/example_dags/example_python_operator.py
[2022-03-16 00:25:19,779] {processor.py:642} INFO - Processing file /home/airflow/.local/lib/python3.7/site-packages/airflow/example_dags/example_python_operator.py for tasks to queue
[2022-03-16 00:25:19,781] {logging_mixin.py:109} INFO - [2022-03-16 00:25:19,781] {dagbag.py:500} INFO - Filling up the DagBag from /home/airflow/.local/lib/python3.7/site-packages/airflow/example_dags/example_python_operator.py
[2022-03-16 00:25:19,841] {processor.py:654} INFO - DAG(s) dict_keys(['example_python_operator']) retrieved from /home/airflow/.local/lib/python3.7/site-packages/airflow/example_dags/example_python_operator.py
[2022-03-16 00:25:19,848] {logging_mixin.py:109} INFO - [2022-03-16 00:25:19,848] {dag.py:2398} INFO - Sync 1 DAGs
[2022-03-16 00:25:19,859] {logging_mixin.py:109} INFO - [2022-03-16 00:25:19,859] {dag.py:2937} INFO - Setting next_dagrun for example_python_operator to None
[2022-03-16 00:25:20,478] {processor.py:171} INFO - Processing /home/airflow/.local/lib/python3.7/site-packages/airflow/example_dags/example_python_operator.py took 0.764 seconds
[2022-03-16 00:25:50,898] {processor.py:163} INFO - Started process (PID=5220) to work on /home/airflow/.local/lib/python3.7/site-packages/airflow/example_dags/example_python_operator.py
[2022-03-16 00:25:50,909] {processor.py:642} INFO - Processing file /home/airflow/.local/lib/python3.7/site-packages/airflow/example_dags/example_python_operator.py for tasks to queue
[2022-03-16 00:25:50,910] {logging_mixin.py:109} INFO - [2022-03-16 00:25:50,910] {dagbag.py:500} INFO - Filling up the DagBag from /home/airflow/.local/lib/python3.7/site-packages/airflow/example_dags/example_python_operator.py
[2022-03-16 00:25:50,931] {processor.py:654} INFO - DAG(s) dict_keys(['example_python_operator']) retrieved from /home/airflow/.local/lib/python3.7/site-packages/airflow/example_dags/example_python_operator.py
[2022-03-16 00:25:50,937] {logging_mixin.py:109} INFO - [2022-03-16 00:25:50,937] {dag.py:2398} INFO - Sync 1 DAGs
[2022-03-16 00:25:50,948] {logging_mixin.py:109} INFO - [2022-03-16 00:25:50,948] {dag.py:2937} INFO - Setting next_dagrun for example_python_operator to None
[2022-03-16 00:25:52,771] {processor.py:171} INFO - Processing /home/airflow/.local/lib/python3.7/site-packages/airflow/example_dags/example_python_operator.py took 1.875 seconds
[2022-03-16 00:26:22,983] {processor.py:163} INFO - Started process (PID=5279) to work on /home/airflow/.local/lib/python3.7/site-packages/airflow/example_dags/example_python_operator.py
[2022-03-16 00:26:22,994] {processor.py:642} INFO - Processing file /home/airflow/.local/lib/python3.7/site-packages/airflow/example_dags/example_python_operator.py for tasks to queue
[2022-03-16 00:26:22,994] {logging_mixin.py:109} INFO - [2022-03-16 00:26:22,994] {dagbag.py:500} INFO - Filling up the DagBag from /home/airflow/.local/lib/python3.7/site-packages/airflow/example_dags/example_python_operator.py
[2022-03-16 00:26:23,024] {processor.py:654} INFO - DAG(s) dict_keys(['example_python_operator']) retrieved from /home/airflow/.local/lib/python3.7/site-packages/airflow/example_dags/example_python_operator.py
[2022-03-16 00:26:23,031] {logging_mixin.py:109} INFO - [2022-03-16 00:26:23,031] {dag.py:2398} INFO - Sync 1 DAGs
[2022-03-16 00:26:23,042] {logging_mixin.py:109} INFO - [2022-03-16 00:26:23,042] {dag.py:2937} INFO - Setting next_dagrun for example_python_operator to None
[2022-03-16 00:26:23,114] {processor.py:171} INFO - Processing /home/airflow/.local/lib/python3.7/site-packages/airflow/example_dags/example_python_operator.py took 0.136 seconds
[2022-03-16 00:26:53,491] {processor.py:163} INFO - Started process (PID=5343) to work on /home/airflow/.local/lib/python3.7/site-packages/airflow/example_dags/example_python_operator.py
[2022-03-16 00:26:53,492] {processor.py:642} INFO - Processing file /home/airflow/.local/lib/python3.7/site-packages/airflow/example_dags/example_python_operator.py for tasks to queue
[2022-03-16 00:26:53,492] {logging_mixin.py:109} INFO - [2022-03-16 00:26:53,492] {dagbag.py:500} INFO - Filling up the DagBag from /home/airflow/.local/lib/python3.7/site-packages/airflow/example_dags/example_python_operator.py
[2022-03-16 00:26:53,513] {processor.py:654} INFO - DAG(s) dict_keys(['example_python_operator']) retrieved from /home/airflow/.local/lib/python3.7/site-packages/airflow/example_dags/example_python_operator.py
[2022-03-16 00:26:53,519] {logging_mixin.py:109} INFO - [2022-03-16 00:26:53,519] {dag.py:2398} INFO - Sync 1 DAGs
[2022-03-16 00:26:53,529] {logging_mixin.py:109} INFO - [2022-03-16 00:26:53,529] {dag.py:2937} INFO - Setting next_dagrun for example_python_operator to None
[2022-03-16 00:26:54,079] {processor.py:171} INFO - Processing /home/airflow/.local/lib/python3.7/site-packages/airflow/example_dags/example_python_operator.py took 0.590 seconds
[2022-03-16 00:27:24,425] {processor.py:163} INFO - Started process (PID=5404) to work on /home/airflow/.local/lib/python3.7/site-packages/airflow/example_dags/example_python_operator.py
[2022-03-16 00:27:24,469] {processor.py:642} INFO - Processing file /home/airflow/.local/lib/python3.7/site-packages/airflow/example_dags/example_python_operator.py for tasks to queue
[2022-03-16 00:27:24,469] {logging_mixin.py:109} INFO - [2022-03-16 00:27:24,469] {dagbag.py:500} INFO - Filling up the DagBag from /home/airflow/.local/lib/python3.7/site-packages/airflow/example_dags/example_python_operator.py
[2022-03-16 00:27:24,491] {processor.py:654} INFO - DAG(s) dict_keys(['example_python_operator']) retrieved from /home/airflow/.local/lib/python3.7/site-packages/airflow/example_dags/example_python_operator.py
[2022-03-16 00:27:24,497] {logging_mixin.py:109} INFO - [2022-03-16 00:27:24,497] {dag.py:2398} INFO - Sync 1 DAGs
[2022-03-16 00:27:24,507] {logging_mixin.py:109} INFO - [2022-03-16 00:27:24,507] {dag.py:2937} INFO - Setting next_dagrun for example_python_operator to None
[2022-03-16 00:27:25,308] {processor.py:171} INFO - Processing /home/airflow/.local/lib/python3.7/site-packages/airflow/example_dags/example_python_operator.py took 0.885 seconds
[2022-03-16 00:27:55,877] {processor.py:163} INFO - Started process (PID=5455) to work on /home/airflow/.local/lib/python3.7/site-packages/airflow/example_dags/example_python_operator.py
[2022-03-16 00:27:55,892] {processor.py:642} INFO - Processing file /home/airflow/.local/lib/python3.7/site-packages/airflow/example_dags/example_python_operator.py for tasks to queue
[2022-03-16 00:27:55,894] {logging_mixin.py:109} INFO - [2022-03-16 00:27:55,894] {dagbag.py:500} INFO - Filling up the DagBag from /home/airflow/.local/lib/python3.7/site-packages/airflow/example_dags/example_python_operator.py
[2022-03-16 00:27:55,953] {processor.py:654} INFO - DAG(s) dict_keys(['example_python_operator']) retrieved from /home/airflow/.local/lib/python3.7/site-packages/airflow/example_dags/example_python_operator.py
[2022-03-16 00:27:55,963] {logging_mixin.py:109} INFO - [2022-03-16 00:27:55,963] {dag.py:2398} INFO - Sync 1 DAGs
[2022-03-16 00:27:55,977] {logging_mixin.py:109} INFO - [2022-03-16 00:27:55,977] {dag.py:2937} INFO - Setting next_dagrun for example_python_operator to None
[2022-03-16 00:27:57,372] {processor.py:171} INFO - Processing /home/airflow/.local/lib/python3.7/site-packages/airflow/example_dags/example_python_operator.py took 1.502 seconds
[2022-03-16 00:28:28,153] {processor.py:163} INFO - Started process (PID=5526) to work on /home/airflow/.local/lib/python3.7/site-packages/airflow/example_dags/example_python_operator.py
[2022-03-16 00:28:28,245] {processor.py:642} INFO - Processing file /home/airflow/.local/lib/python3.7/site-packages/airflow/example_dags/example_python_operator.py for tasks to queue
[2022-03-16 00:28:28,247] {logging_mixin.py:109} INFO - [2022-03-16 00:28:28,247] {dagbag.py:500} INFO - Filling up the DagBag from /home/airflow/.local/lib/python3.7/site-packages/airflow/example_dags/example_python_operator.py
[2022-03-16 00:28:28,291] {processor.py:654} INFO - DAG(s) dict_keys(['example_python_operator']) retrieved from /home/airflow/.local/lib/python3.7/site-packages/airflow/example_dags/example_python_operator.py
[2022-03-16 00:28:28,298] {logging_mixin.py:109} INFO - [2022-03-16 00:28:28,298] {dag.py:2398} INFO - Sync 1 DAGs
[2022-03-16 00:28:28,312] {logging_mixin.py:109} INFO - [2022-03-16 00:28:28,312] {dag.py:2937} INFO - Setting next_dagrun for example_python_operator to None
[2022-03-16 00:28:28,432] {processor.py:171} INFO - Processing /home/airflow/.local/lib/python3.7/site-packages/airflow/example_dags/example_python_operator.py took 0.288 seconds
[2022-03-16 00:28:58,662] {processor.py:163} INFO - Started process (PID=5587) to work on /home/airflow/.local/lib/python3.7/site-packages/airflow/example_dags/example_python_operator.py
[2022-03-16 00:28:58,743] {processor.py:642} INFO - Processing file /home/airflow/.local/lib/python3.7/site-packages/airflow/example_dags/example_python_operator.py for tasks to queue
[2022-03-16 00:28:58,744] {logging_mixin.py:109} INFO - [2022-03-16 00:28:58,744] {dagbag.py:500} INFO - Filling up the DagBag from /home/airflow/.local/lib/python3.7/site-packages/airflow/example_dags/example_python_operator.py
[2022-03-16 00:28:58,795] {processor.py:654} INFO - DAG(s) dict_keys(['example_python_operator']) retrieved from /home/airflow/.local/lib/python3.7/site-packages/airflow/example_dags/example_python_operator.py
[2022-03-16 00:28:58,802] {logging_mixin.py:109} INFO - [2022-03-16 00:28:58,802] {dag.py:2398} INFO - Sync 1 DAGs
[2022-03-16 00:28:58,812] {logging_mixin.py:109} INFO - [2022-03-16 00:28:58,812] {dag.py:2937} INFO - Setting next_dagrun for example_python_operator to None
[2022-03-16 00:28:59,330] {processor.py:171} INFO - Processing /home/airflow/.local/lib/python3.7/site-packages/airflow/example_dags/example_python_operator.py took 0.676 seconds
[2022-03-16 00:29:29,722] {processor.py:163} INFO - Started process (PID=5647) to work on /home/airflow/.local/lib/python3.7/site-packages/airflow/example_dags/example_python_operator.py
[2022-03-16 00:29:29,741] {processor.py:642} INFO - Processing file /home/airflow/.local/lib/python3.7/site-packages/airflow/example_dags/example_python_operator.py for tasks to queue
[2022-03-16 00:29:29,741] {logging_mixin.py:109} INFO - [2022-03-16 00:29:29,741] {dagbag.py:500} INFO - Filling up the DagBag from /home/airflow/.local/lib/python3.7/site-packages/airflow/example_dags/example_python_operator.py
[2022-03-16 00:29:29,807] {processor.py:654} INFO - DAG(s) dict_keys(['example_python_operator']) retrieved from /home/airflow/.local/lib/python3.7/site-packages/airflow/example_dags/example_python_operator.py
[2022-03-16 00:29:29,819] {logging_mixin.py:109} INFO - [2022-03-16 00:29:29,819] {dag.py:2398} INFO - Sync 1 DAGs
[2022-03-16 00:29:29,837] {logging_mixin.py:109} INFO - [2022-03-16 00:29:29,837] {dag.py:2937} INFO - Setting next_dagrun for example_python_operator to None
[2022-03-16 00:29:30,608] {processor.py:171} INFO - Processing /home/airflow/.local/lib/python3.7/site-packages/airflow/example_dags/example_python_operator.py took 0.889 seconds
[2022-03-16 00:30:01,440] {processor.py:163} INFO - Started process (PID=5698) to work on /home/airflow/.local/lib/python3.7/site-packages/airflow/example_dags/example_python_operator.py
[2022-03-16 00:30:01,483] {processor.py:642} INFO - Processing file /home/airflow/.local/lib/python3.7/site-packages/airflow/example_dags/example_python_operator.py for tasks to queue
[2022-03-16 00:30:01,483] {logging_mixin.py:109} INFO - [2022-03-16 00:30:01,483] {dagbag.py:500} INFO - Filling up the DagBag from /home/airflow/.local/lib/python3.7/site-packages/airflow/example_dags/example_python_operator.py
[2022-03-16 00:30:01,505] {processor.py:654} INFO - DAG(s) dict_keys(['example_python_operator']) retrieved from /home/airflow/.local/lib/python3.7/site-packages/airflow/example_dags/example_python_operator.py
[2022-03-16 00:30:01,511] {logging_mixin.py:109} INFO - [2022-03-16 00:30:01,511] {dag.py:2398} INFO - Sync 1 DAGs
[2022-03-16 00:30:01,523] {logging_mixin.py:109} INFO - [2022-03-16 00:30:01,523] {dag.py:2937} INFO - Setting next_dagrun for example_python_operator to None
[2022-03-16 00:30:02,177] {processor.py:171} INFO - Processing /home/airflow/.local/lib/python3.7/site-packages/airflow/example_dags/example_python_operator.py took 0.739 seconds
[2022-03-16 00:30:32,714] {processor.py:163} INFO - Started process (PID=5774) to work on /home/airflow/.local/lib/python3.7/site-packages/airflow/example_dags/example_python_operator.py
[2022-03-16 00:30:32,759] {processor.py:642} INFO - Processing file /home/airflow/.local/lib/python3.7/site-packages/airflow/example_dags/example_python_operator.py for tasks to queue
[2022-03-16 00:30:32,759] {logging_mixin.py:109} INFO - [2022-03-16 00:30:32,759] {dagbag.py:500} INFO - Filling up the DagBag from /home/airflow/.local/lib/python3.7/site-packages/airflow/example_dags/example_python_operator.py
[2022-03-16 00:30:32,793] {processor.py:654} INFO - DAG(s) dict_keys(['example_python_operator']) retrieved from /home/airflow/.local/lib/python3.7/site-packages/airflow/example_dags/example_python_operator.py
[2022-03-16 00:30:32,804] {logging_mixin.py:109} INFO - [2022-03-16 00:30:32,804] {dag.py:2398} INFO - Sync 1 DAGs
[2022-03-16 00:30:32,823] {logging_mixin.py:109} INFO - [2022-03-16 00:30:32,823] {dag.py:2937} INFO - Setting next_dagrun for example_python_operator to None
[2022-03-16 00:30:32,904] {processor.py:171} INFO - Processing /home/airflow/.local/lib/python3.7/site-packages/airflow/example_dags/example_python_operator.py took 0.195 seconds
[2022-03-16 00:31:03,346] {processor.py:163} INFO - Started process (PID=5838) to work on /home/airflow/.local/lib/python3.7/site-packages/airflow/example_dags/example_python_operator.py
[2022-03-16 00:31:03,355] {processor.py:642} INFO - Processing file /home/airflow/.local/lib/python3.7/site-packages/airflow/example_dags/example_python_operator.py for tasks to queue
[2022-03-16 00:31:03,356] {logging_mixin.py:109} INFO - [2022-03-16 00:31:03,356] {dagbag.py:500} INFO - Filling up the DagBag from /home/airflow/.local/lib/python3.7/site-packages/airflow/example_dags/example_python_operator.py
[2022-03-16 00:31:03,380] {processor.py:654} INFO - DAG(s) dict_keys(['example_python_operator']) retrieved from /home/airflow/.local/lib/python3.7/site-packages/airflow/example_dags/example_python_operator.py
[2022-03-16 00:31:03,388] {logging_mixin.py:109} INFO - [2022-03-16 00:31:03,388] {dag.py:2398} INFO - Sync 1 DAGs
[2022-03-16 00:31:03,399] {logging_mixin.py:109} INFO - [2022-03-16 00:31:03,399] {dag.py:2937} INFO - Setting next_dagrun for example_python_operator to None
[2022-03-16 00:31:03,473] {processor.py:171} INFO - Processing /home/airflow/.local/lib/python3.7/site-packages/airflow/example_dags/example_python_operator.py took 0.129 seconds
[2022-03-16 00:31:34,363] {processor.py:163} INFO - Started process (PID=5888) to work on /home/airflow/.local/lib/python3.7/site-packages/airflow/example_dags/example_python_operator.py
[2022-03-16 00:31:34,437] {processor.py:642} INFO - Processing file /home/airflow/.local/lib/python3.7/site-packages/airflow/example_dags/example_python_operator.py for tasks to queue
[2022-03-16 00:31:34,437] {logging_mixin.py:109} INFO - [2022-03-16 00:31:34,437] {dagbag.py:500} INFO - Filling up the DagBag from /home/airflow/.local/lib/python3.7/site-packages/airflow/example_dags/example_python_operator.py
[2022-03-16 00:31:34,463] {processor.py:654} INFO - DAG(s) dict_keys(['example_python_operator']) retrieved from /home/airflow/.local/lib/python3.7/site-packages/airflow/example_dags/example_python_operator.py
[2022-03-16 00:31:34,471] {logging_mixin.py:109} INFO - [2022-03-16 00:31:34,471] {dag.py:2398} INFO - Sync 1 DAGs
[2022-03-16 00:31:34,484] {logging_mixin.py:109} INFO - [2022-03-16 00:31:34,484] {dag.py:2937} INFO - Setting next_dagrun for example_python_operator to None
[2022-03-16 00:31:34,985] {processor.py:171} INFO - Processing /home/airflow/.local/lib/python3.7/site-packages/airflow/example_dags/example_python_operator.py took 0.630 seconds
[2022-03-16 00:32:07,865] {processor.py:163} INFO - Started process (PID=5949) to work on /home/airflow/.local/lib/python3.7/site-packages/airflow/example_dags/example_python_operator.py
[2022-03-16 00:32:07,872] {processor.py:642} INFO - Processing file /home/airflow/.local/lib/python3.7/site-packages/airflow/example_dags/example_python_operator.py for tasks to queue
[2022-03-16 00:32:07,873] {logging_mixin.py:109} INFO - [2022-03-16 00:32:07,873] {dagbag.py:500} INFO - Filling up the DagBag from /home/airflow/.local/lib/python3.7/site-packages/airflow/example_dags/example_python_operator.py
[2022-03-16 00:32:08,000] {processor.py:654} INFO - DAG(s) dict_keys(['example_python_operator']) retrieved from /home/airflow/.local/lib/python3.7/site-packages/airflow/example_dags/example_python_operator.py
[2022-03-16 00:32:08,042] {logging_mixin.py:109} INFO - [2022-03-16 00:32:08,042] {dag.py:2398} INFO - Sync 1 DAGs
[2022-03-16 00:32:08,056] {logging_mixin.py:109} INFO - [2022-03-16 00:32:08,056] {dag.py:2937} INFO - Setting next_dagrun for example_python_operator to None
[2022-03-16 00:32:08,104] {processor.py:171} INFO - Processing /home/airflow/.local/lib/python3.7/site-packages/airflow/example_dags/example_python_operator.py took 0.242 seconds
[2022-03-16 00:32:38,926] {processor.py:163} INFO - Started process (PID=6010) to work on /home/airflow/.local/lib/python3.7/site-packages/airflow/example_dags/example_python_operator.py
[2022-03-16 00:32:39,024] {processor.py:642} INFO - Processing file /home/airflow/.local/lib/python3.7/site-packages/airflow/example_dags/example_python_operator.py for tasks to queue
[2022-03-16 00:32:39,024] {logging_mixin.py:109} INFO - [2022-03-16 00:32:39,024] {dagbag.py:500} INFO - Filling up the DagBag from /home/airflow/.local/lib/python3.7/site-packages/airflow/example_dags/example_python_operator.py
[2022-03-16 00:32:39,062] {processor.py:654} INFO - DAG(s) dict_keys(['example_python_operator']) retrieved from /home/airflow/.local/lib/python3.7/site-packages/airflow/example_dags/example_python_operator.py
[2022-03-16 00:32:39,069] {logging_mixin.py:109} INFO - [2022-03-16 00:32:39,069] {dag.py:2398} INFO - Sync 1 DAGs
[2022-03-16 00:32:39,080] {logging_mixin.py:109} INFO - [2022-03-16 00:32:39,080] {dag.py:2937} INFO - Setting next_dagrun for example_python_operator to None
[2022-03-16 00:32:39,154] {processor.py:171} INFO - Processing /home/airflow/.local/lib/python3.7/site-packages/airflow/example_dags/example_python_operator.py took 0.230 seconds
[2022-03-16 00:33:09,175] {processor.py:163} INFO - Started process (PID=6080) to work on /home/airflow/.local/lib/python3.7/site-packages/airflow/example_dags/example_python_operator.py
[2022-03-16 00:33:09,190] {processor.py:642} INFO - Processing file /home/airflow/.local/lib/python3.7/site-packages/airflow/example_dags/example_python_operator.py for tasks to queue
[2022-03-16 00:33:09,190] {logging_mixin.py:109} INFO - [2022-03-16 00:33:09,190] {dagbag.py:500} INFO - Filling up the DagBag from /home/airflow/.local/lib/python3.7/site-packages/airflow/example_dags/example_python_operator.py
[2022-03-16 00:33:09,220] {processor.py:654} INFO - DAG(s) dict_keys(['example_python_operator']) retrieved from /home/airflow/.local/lib/python3.7/site-packages/airflow/example_dags/example_python_operator.py
[2022-03-16 00:33:09,230] {logging_mixin.py:109} INFO - [2022-03-16 00:33:09,229] {dag.py:2398} INFO - Sync 1 DAGs
[2022-03-16 00:33:09,246] {logging_mixin.py:109} INFO - [2022-03-16 00:33:09,246] {dag.py:2937} INFO - Setting next_dagrun for example_python_operator to None
[2022-03-16 00:33:09,332] {processor.py:171} INFO - Processing /home/airflow/.local/lib/python3.7/site-packages/airflow/example_dags/example_python_operator.py took 0.159 seconds
[2022-03-16 00:33:39,426] {processor.py:163} INFO - Started process (PID=6130) to work on /home/airflow/.local/lib/python3.7/site-packages/airflow/example_dags/example_python_operator.py
[2022-03-16 00:33:39,456] {processor.py:642} INFO - Processing file /home/airflow/.local/lib/python3.7/site-packages/airflow/example_dags/example_python_operator.py for tasks to queue
[2022-03-16 00:33:39,456] {logging_mixin.py:109} INFO - [2022-03-16 00:33:39,456] {dagbag.py:500} INFO - Filling up the DagBag from /home/airflow/.local/lib/python3.7/site-packages/airflow/example_dags/example_python_operator.py
[2022-03-16 00:33:39,480] {processor.py:654} INFO - DAG(s) dict_keys(['example_python_operator']) retrieved from /home/airflow/.local/lib/python3.7/site-packages/airflow/example_dags/example_python_operator.py
[2022-03-16 00:33:39,488] {logging_mixin.py:109} INFO - [2022-03-16 00:33:39,487] {dag.py:2398} INFO - Sync 1 DAGs
[2022-03-16 00:33:39,498] {logging_mixin.py:109} INFO - [2022-03-16 00:33:39,498] {dag.py:2937} INFO - Setting next_dagrun for example_python_operator to None
[2022-03-16 00:33:39,836] {processor.py:171} INFO - Processing /home/airflow/.local/lib/python3.7/site-packages/airflow/example_dags/example_python_operator.py took 0.411 seconds
[2022-03-16 00:34:10,652] {processor.py:163} INFO - Started process (PID=6183) to work on /home/airflow/.local/lib/python3.7/site-packages/airflow/example_dags/example_python_operator.py
[2022-03-16 00:34:10,673] {processor.py:642} INFO - Processing file /home/airflow/.local/lib/python3.7/site-packages/airflow/example_dags/example_python_operator.py for tasks to queue
[2022-03-16 00:34:10,673] {logging_mixin.py:109} INFO - [2022-03-16 00:34:10,673] {dagbag.py:500} INFO - Filling up the DagBag from /home/airflow/.local/lib/python3.7/site-packages/airflow/example_dags/example_python_operator.py
[2022-03-16 00:34:10,697] {processor.py:654} INFO - DAG(s) dict_keys(['example_python_operator']) retrieved from /home/airflow/.local/lib/python3.7/site-packages/airflow/example_dags/example_python_operator.py
[2022-03-16 00:34:10,703] {logging_mixin.py:109} INFO - [2022-03-16 00:34:10,703] {dag.py:2398} INFO - Sync 1 DAGs
[2022-03-16 00:34:10,716] {logging_mixin.py:109} INFO - [2022-03-16 00:34:10,716] {dag.py:2937} INFO - Setting next_dagrun for example_python_operator to None
[2022-03-16 00:34:10,851] {processor.py:171} INFO - Processing /home/airflow/.local/lib/python3.7/site-packages/airflow/example_dags/example_python_operator.py took 0.201 seconds
