[2022-03-16 00:00:30,559] {processor.py:163} INFO - Started process (PID=2251) to work on /home/airflow/.local/lib/python3.7/site-packages/airflow/example_dags/example_xcom.py
[2022-03-16 00:00:30,561] {processor.py:642} INFO - Processing file /home/airflow/.local/lib/python3.7/site-packages/airflow/example_dags/example_xcom.py for tasks to queue
[2022-03-16 00:00:30,563] {logging_mixin.py:109} INFO - [2022-03-16 00:00:30,563] {dagbag.py:500} INFO - Filling up the DagBag from /home/airflow/.local/lib/python3.7/site-packages/airflow/example_dags/example_xcom.py
[2022-03-16 00:00:30,603] {processor.py:654} INFO - DAG(s) dict_keys(['example_xcom']) retrieved from /home/airflow/.local/lib/python3.7/site-packages/airflow/example_dags/example_xcom.py
[2022-03-16 00:00:30,743] {logging_mixin.py:109} INFO - [2022-03-16 00:00:30,743] {dag.py:2398} INFO - Sync 1 DAGs
[2022-03-16 00:00:30,754] {logging_mixin.py:109} INFO - [2022-03-16 00:00:30,754] {dag.py:2937} INFO - Setting next_dagrun for example_xcom to 2021-01-01T00:00:00+00:00
[2022-03-16 00:00:31,570] {processor.py:171} INFO - Processing /home/airflow/.local/lib/python3.7/site-packages/airflow/example_dags/example_xcom.py took 1.018 seconds
[2022-03-16 00:01:02,285] {processor.py:163} INFO - Started process (PID=2320) to work on /home/airflow/.local/lib/python3.7/site-packages/airflow/example_dags/example_xcom.py
[2022-03-16 00:01:02,285] {processor.py:642} INFO - Processing file /home/airflow/.local/lib/python3.7/site-packages/airflow/example_dags/example_xcom.py for tasks to queue
[2022-03-16 00:01:02,286] {logging_mixin.py:109} INFO - [2022-03-16 00:01:02,286] {dagbag.py:500} INFO - Filling up the DagBag from /home/airflow/.local/lib/python3.7/site-packages/airflow/example_dags/example_xcom.py
[2022-03-16 00:01:02,312] {processor.py:654} INFO - DAG(s) dict_keys(['example_xcom']) retrieved from /home/airflow/.local/lib/python3.7/site-packages/airflow/example_dags/example_xcom.py
[2022-03-16 00:01:02,499] {logging_mixin.py:109} INFO - [2022-03-16 00:01:02,499] {dag.py:2398} INFO - Sync 1 DAGs
[2022-03-16 00:01:02,514] {logging_mixin.py:109} INFO - [2022-03-16 00:01:02,514] {dag.py:2937} INFO - Setting next_dagrun for example_xcom to 2021-01-01T00:00:00+00:00
[2022-03-16 00:01:03,054] {processor.py:171} INFO - Processing /home/airflow/.local/lib/python3.7/site-packages/airflow/example_dags/example_xcom.py took 0.772 seconds
[2022-03-16 00:01:33,381] {processor.py:163} INFO - Started process (PID=2370) to work on /home/airflow/.local/lib/python3.7/site-packages/airflow/example_dags/example_xcom.py
[2022-03-16 00:01:33,382] {processor.py:642} INFO - Processing file /home/airflow/.local/lib/python3.7/site-packages/airflow/example_dags/example_xcom.py for tasks to queue
[2022-03-16 00:01:33,382] {logging_mixin.py:109} INFO - [2022-03-16 00:01:33,382] {dagbag.py:500} INFO - Filling up the DagBag from /home/airflow/.local/lib/python3.7/site-packages/airflow/example_dags/example_xcom.py
[2022-03-16 00:01:33,406] {processor.py:654} INFO - DAG(s) dict_keys(['example_xcom']) retrieved from /home/airflow/.local/lib/python3.7/site-packages/airflow/example_dags/example_xcom.py
[2022-03-16 00:01:33,548] {logging_mixin.py:109} INFO - [2022-03-16 00:01:33,548] {dag.py:2398} INFO - Sync 1 DAGs
[2022-03-16 00:01:33,560] {logging_mixin.py:109} INFO - [2022-03-16 00:01:33,560] {dag.py:2937} INFO - Setting next_dagrun for example_xcom to 2021-01-01T00:00:00+00:00
[2022-03-16 00:01:34,008] {processor.py:171} INFO - Processing /home/airflow/.local/lib/python3.7/site-packages/airflow/example_dags/example_xcom.py took 0.628 seconds
[2022-03-16 00:02:04,163] {processor.py:163} INFO - Started process (PID=2423) to work on /home/airflow/.local/lib/python3.7/site-packages/airflow/example_dags/example_xcom.py
[2022-03-16 00:02:04,163] {processor.py:642} INFO - Processing file /home/airflow/.local/lib/python3.7/site-packages/airflow/example_dags/example_xcom.py for tasks to queue
[2022-03-16 00:02:04,164] {logging_mixin.py:109} INFO - [2022-03-16 00:02:04,164] {dagbag.py:500} INFO - Filling up the DagBag from /home/airflow/.local/lib/python3.7/site-packages/airflow/example_dags/example_xcom.py
[2022-03-16 00:02:04,187] {processor.py:654} INFO - DAG(s) dict_keys(['example_xcom']) retrieved from /home/airflow/.local/lib/python3.7/site-packages/airflow/example_dags/example_xcom.py
[2022-03-16 00:02:04,327] {logging_mixin.py:109} INFO - [2022-03-16 00:02:04,327] {dag.py:2398} INFO - Sync 1 DAGs
[2022-03-16 00:02:04,339] {logging_mixin.py:109} INFO - [2022-03-16 00:02:04,339] {dag.py:2937} INFO - Setting next_dagrun for example_xcom to 2021-01-01T00:00:00+00:00
[2022-03-16 00:02:04,417] {processor.py:171} INFO - Processing /home/airflow/.local/lib/python3.7/site-packages/airflow/example_dags/example_xcom.py took 0.256 seconds
[2022-03-16 00:02:34,938] {processor.py:163} INFO - Started process (PID=2495) to work on /home/airflow/.local/lib/python3.7/site-packages/airflow/example_dags/example_xcom.py
[2022-03-16 00:02:34,960] {processor.py:642} INFO - Processing file /home/airflow/.local/lib/python3.7/site-packages/airflow/example_dags/example_xcom.py for tasks to queue
[2022-03-16 00:02:34,961] {logging_mixin.py:109} INFO - [2022-03-16 00:02:34,961] {dagbag.py:500} INFO - Filling up the DagBag from /home/airflow/.local/lib/python3.7/site-packages/airflow/example_dags/example_xcom.py
[2022-03-16 00:02:34,994] {processor.py:654} INFO - DAG(s) dict_keys(['example_xcom']) retrieved from /home/airflow/.local/lib/python3.7/site-packages/airflow/example_dags/example_xcom.py
[2022-03-16 00:02:35,139] {logging_mixin.py:109} INFO - [2022-03-16 00:02:35,139] {dag.py:2398} INFO - Sync 1 DAGs
[2022-03-16 00:02:35,151] {logging_mixin.py:109} INFO - [2022-03-16 00:02:35,151] {dag.py:2937} INFO - Setting next_dagrun for example_xcom to 2021-01-01T00:00:00+00:00
[2022-03-16 00:02:36,026] {processor.py:171} INFO - Processing /home/airflow/.local/lib/python3.7/site-packages/airflow/example_dags/example_xcom.py took 1.090 seconds
[2022-03-16 00:03:06,118] {processor.py:163} INFO - Started process (PID=2557) to work on /home/airflow/.local/lib/python3.7/site-packages/airflow/example_dags/example_xcom.py
[2022-03-16 00:03:06,218] {processor.py:642} INFO - Processing file /home/airflow/.local/lib/python3.7/site-packages/airflow/example_dags/example_xcom.py for tasks to queue
[2022-03-16 00:03:06,219] {logging_mixin.py:109} INFO - [2022-03-16 00:03:06,219] {dagbag.py:500} INFO - Filling up the DagBag from /home/airflow/.local/lib/python3.7/site-packages/airflow/example_dags/example_xcom.py
[2022-03-16 00:03:06,242] {processor.py:654} INFO - DAG(s) dict_keys(['example_xcom']) retrieved from /home/airflow/.local/lib/python3.7/site-packages/airflow/example_dags/example_xcom.py
[2022-03-16 00:03:06,379] {logging_mixin.py:109} INFO - [2022-03-16 00:03:06,379] {dag.py:2398} INFO - Sync 1 DAGs
[2022-03-16 00:03:06,391] {logging_mixin.py:109} INFO - [2022-03-16 00:03:06,391] {dag.py:2937} INFO - Setting next_dagrun for example_xcom to 2021-01-01T00:00:00+00:00
[2022-03-16 00:03:06,493] {processor.py:171} INFO - Processing /home/airflow/.local/lib/python3.7/site-packages/airflow/example_dags/example_xcom.py took 0.377 seconds
[2022-03-16 00:03:36,632] {processor.py:163} INFO - Started process (PID=2616) to work on /home/airflow/.local/lib/python3.7/site-packages/airflow/example_dags/example_xcom.py
[2022-03-16 00:03:36,643] {processor.py:642} INFO - Processing file /home/airflow/.local/lib/python3.7/site-packages/airflow/example_dags/example_xcom.py for tasks to queue
[2022-03-16 00:03:36,645] {logging_mixin.py:109} INFO - [2022-03-16 00:03:36,644] {dagbag.py:500} INFO - Filling up the DagBag from /home/airflow/.local/lib/python3.7/site-packages/airflow/example_dags/example_xcom.py
[2022-03-16 00:03:36,687] {processor.py:654} INFO - DAG(s) dict_keys(['example_xcom']) retrieved from /home/airflow/.local/lib/python3.7/site-packages/airflow/example_dags/example_xcom.py
[2022-03-16 00:03:36,821] {logging_mixin.py:109} INFO - [2022-03-16 00:03:36,820] {dag.py:2398} INFO - Sync 1 DAGs
[2022-03-16 00:03:36,831] {logging_mixin.py:109} INFO - [2022-03-16 00:03:36,831] {dag.py:2937} INFO - Setting next_dagrun for example_xcom to 2021-01-01T00:00:00+00:00
[2022-03-16 00:03:37,860] {processor.py:171} INFO - Processing /home/airflow/.local/lib/python3.7/site-packages/airflow/example_dags/example_xcom.py took 1.234 seconds
[2022-03-16 00:04:08,826] {processor.py:163} INFO - Started process (PID=2669) to work on /home/airflow/.local/lib/python3.7/site-packages/airflow/example_dags/example_xcom.py
[2022-03-16 00:04:08,840] {processor.py:642} INFO - Processing file /home/airflow/.local/lib/python3.7/site-packages/airflow/example_dags/example_xcom.py for tasks to queue
[2022-03-16 00:04:08,841] {logging_mixin.py:109} INFO - [2022-03-16 00:04:08,841] {dagbag.py:500} INFO - Filling up the DagBag from /home/airflow/.local/lib/python3.7/site-packages/airflow/example_dags/example_xcom.py
[2022-03-16 00:04:08,872] {processor.py:654} INFO - DAG(s) dict_keys(['example_xcom']) retrieved from /home/airflow/.local/lib/python3.7/site-packages/airflow/example_dags/example_xcom.py
[2022-03-16 00:04:09,009] {logging_mixin.py:109} INFO - [2022-03-16 00:04:09,009] {dag.py:2398} INFO - Sync 1 DAGs
[2022-03-16 00:04:09,020] {logging_mixin.py:109} INFO - [2022-03-16 00:04:09,020] {dag.py:2937} INFO - Setting next_dagrun for example_xcom to 2021-01-01T00:00:00+00:00
[2022-03-16 00:04:09,060] {processor.py:171} INFO - Processing /home/airflow/.local/lib/python3.7/site-packages/airflow/example_dags/example_xcom.py took 0.236 seconds
[2022-03-16 00:04:39,578] {processor.py:163} INFO - Started process (PID=2741) to work on /home/airflow/.local/lib/python3.7/site-packages/airflow/example_dags/example_xcom.py
[2022-03-16 00:04:39,584] {processor.py:642} INFO - Processing file /home/airflow/.local/lib/python3.7/site-packages/airflow/example_dags/example_xcom.py for tasks to queue
[2022-03-16 00:04:39,585] {logging_mixin.py:109} INFO - [2022-03-16 00:04:39,584] {dagbag.py:500} INFO - Filling up the DagBag from /home/airflow/.local/lib/python3.7/site-packages/airflow/example_dags/example_xcom.py
[2022-03-16 00:04:39,618] {processor.py:654} INFO - DAG(s) dict_keys(['example_xcom']) retrieved from /home/airflow/.local/lib/python3.7/site-packages/airflow/example_dags/example_xcom.py
[2022-03-16 00:04:39,833] {logging_mixin.py:109} INFO - [2022-03-16 00:04:39,832] {dag.py:2398} INFO - Sync 1 DAGs
[2022-03-16 00:04:39,849] {logging_mixin.py:109} INFO - [2022-03-16 00:04:39,849] {dag.py:2937} INFO - Setting next_dagrun for example_xcom to 2021-01-01T00:00:00+00:00
[2022-03-16 00:04:40,907] {processor.py:171} INFO - Processing /home/airflow/.local/lib/python3.7/site-packages/airflow/example_dags/example_xcom.py took 1.332 seconds
[2022-03-16 00:05:11,619] {processor.py:163} INFO - Started process (PID=2800) to work on /home/airflow/.local/lib/python3.7/site-packages/airflow/example_dags/example_xcom.py
[2022-03-16 00:05:11,628] {processor.py:642} INFO - Processing file /home/airflow/.local/lib/python3.7/site-packages/airflow/example_dags/example_xcom.py for tasks to queue
[2022-03-16 00:05:11,628] {logging_mixin.py:109} INFO - [2022-03-16 00:05:11,628] {dagbag.py:500} INFO - Filling up the DagBag from /home/airflow/.local/lib/python3.7/site-packages/airflow/example_dags/example_xcom.py
[2022-03-16 00:05:11,651] {processor.py:654} INFO - DAG(s) dict_keys(['example_xcom']) retrieved from /home/airflow/.local/lib/python3.7/site-packages/airflow/example_dags/example_xcom.py
[2022-03-16 00:05:11,789] {logging_mixin.py:109} INFO - [2022-03-16 00:05:11,789] {dag.py:2398} INFO - Sync 1 DAGs
[2022-03-16 00:05:11,804] {logging_mixin.py:109} INFO - [2022-03-16 00:05:11,804] {dag.py:2937} INFO - Setting next_dagrun for example_xcom to 2021-01-01T00:00:00+00:00
[2022-03-16 00:05:11,848] {processor.py:171} INFO - Processing /home/airflow/.local/lib/python3.7/site-packages/airflow/example_dags/example_xcom.py took 0.231 seconds
[2022-03-16 00:05:42,130] {processor.py:163} INFO - Started process (PID=2857) to work on /home/airflow/.local/lib/python3.7/site-packages/airflow/example_dags/example_xcom.py
[2022-03-16 00:05:42,131] {processor.py:642} INFO - Processing file /home/airflow/.local/lib/python3.7/site-packages/airflow/example_dags/example_xcom.py for tasks to queue
[2022-03-16 00:05:42,131] {logging_mixin.py:109} INFO - [2022-03-16 00:05:42,131] {dagbag.py:500} INFO - Filling up the DagBag from /home/airflow/.local/lib/python3.7/site-packages/airflow/example_dags/example_xcom.py
[2022-03-16 00:05:42,155] {processor.py:654} INFO - DAG(s) dict_keys(['example_xcom']) retrieved from /home/airflow/.local/lib/python3.7/site-packages/airflow/example_dags/example_xcom.py
[2022-03-16 00:05:42,307] {logging_mixin.py:109} INFO - [2022-03-16 00:05:42,307] {dag.py:2398} INFO - Sync 1 DAGs
[2022-03-16 00:05:42,319] {logging_mixin.py:109} INFO - [2022-03-16 00:05:42,318] {dag.py:2937} INFO - Setting next_dagrun for example_xcom to 2021-01-01T00:00:00+00:00
[2022-03-16 00:05:42,364] {processor.py:171} INFO - Processing /home/airflow/.local/lib/python3.7/site-packages/airflow/example_dags/example_xcom.py took 0.236 seconds
[2022-03-16 00:06:12,532] {processor.py:163} INFO - Started process (PID=2914) to work on /home/airflow/.local/lib/python3.7/site-packages/airflow/example_dags/example_xcom.py
[2022-03-16 00:06:12,540] {processor.py:642} INFO - Processing file /home/airflow/.local/lib/python3.7/site-packages/airflow/example_dags/example_xcom.py for tasks to queue
[2022-03-16 00:06:12,541] {logging_mixin.py:109} INFO - [2022-03-16 00:06:12,541] {dagbag.py:500} INFO - Filling up the DagBag from /home/airflow/.local/lib/python3.7/site-packages/airflow/example_dags/example_xcom.py
[2022-03-16 00:06:12,564] {processor.py:654} INFO - DAG(s) dict_keys(['example_xcom']) retrieved from /home/airflow/.local/lib/python3.7/site-packages/airflow/example_dags/example_xcom.py
[2022-03-16 00:06:12,709] {logging_mixin.py:109} INFO - [2022-03-16 00:06:12,709] {dag.py:2398} INFO - Sync 1 DAGs
[2022-03-16 00:06:12,720] {logging_mixin.py:109} INFO - [2022-03-16 00:06:12,720] {dag.py:2937} INFO - Setting next_dagrun for example_xcom to 2021-01-01T00:00:00+00:00
[2022-03-16 00:06:12,789] {processor.py:171} INFO - Processing /home/airflow/.local/lib/python3.7/site-packages/airflow/example_dags/example_xcom.py took 0.259 seconds
[2022-03-16 00:06:43,296] {processor.py:163} INFO - Started process (PID=2980) to work on /home/airflow/.local/lib/python3.7/site-packages/airflow/example_dags/example_xcom.py
[2022-03-16 00:06:43,297] {processor.py:642} INFO - Processing file /home/airflow/.local/lib/python3.7/site-packages/airflow/example_dags/example_xcom.py for tasks to queue
[2022-03-16 00:06:43,297] {logging_mixin.py:109} INFO - [2022-03-16 00:06:43,297] {dagbag.py:500} INFO - Filling up the DagBag from /home/airflow/.local/lib/python3.7/site-packages/airflow/example_dags/example_xcom.py
[2022-03-16 00:06:43,320] {processor.py:654} INFO - DAG(s) dict_keys(['example_xcom']) retrieved from /home/airflow/.local/lib/python3.7/site-packages/airflow/example_dags/example_xcom.py
[2022-03-16 00:06:43,491] {logging_mixin.py:109} INFO - [2022-03-16 00:06:43,491] {dag.py:2398} INFO - Sync 1 DAGs
[2022-03-16 00:06:43,505] {logging_mixin.py:109} INFO - [2022-03-16 00:06:43,505] {dag.py:2937} INFO - Setting next_dagrun for example_xcom to 2021-01-01T00:00:00+00:00
[2022-03-16 00:06:43,567] {processor.py:171} INFO - Processing /home/airflow/.local/lib/python3.7/site-packages/airflow/example_dags/example_xcom.py took 0.273 seconds
[2022-03-16 00:07:13,776] {processor.py:163} INFO - Started process (PID=3045) to work on /home/airflow/.local/lib/python3.7/site-packages/airflow/example_dags/example_xcom.py
[2022-03-16 00:07:13,777] {processor.py:642} INFO - Processing file /home/airflow/.local/lib/python3.7/site-packages/airflow/example_dags/example_xcom.py for tasks to queue
[2022-03-16 00:07:13,777] {logging_mixin.py:109} INFO - [2022-03-16 00:07:13,777] {dagbag.py:500} INFO - Filling up the DagBag from /home/airflow/.local/lib/python3.7/site-packages/airflow/example_dags/example_xcom.py
[2022-03-16 00:07:13,800] {processor.py:654} INFO - DAG(s) dict_keys(['example_xcom']) retrieved from /home/airflow/.local/lib/python3.7/site-packages/airflow/example_dags/example_xcom.py
[2022-03-16 00:07:13,934] {logging_mixin.py:109} INFO - [2022-03-16 00:07:13,934] {dag.py:2398} INFO - Sync 1 DAGs
[2022-03-16 00:07:13,944] {logging_mixin.py:109} INFO - [2022-03-16 00:07:13,944] {dag.py:2937} INFO - Setting next_dagrun for example_xcom to 2021-01-01T00:00:00+00:00
[2022-03-16 00:07:13,998] {processor.py:171} INFO - Processing /home/airflow/.local/lib/python3.7/site-packages/airflow/example_dags/example_xcom.py took 0.224 seconds
[2022-03-16 00:07:46,085] {processor.py:163} INFO - Started process (PID=3094) to work on /home/airflow/.local/lib/python3.7/site-packages/airflow/example_dags/example_xcom.py
[2022-03-16 00:07:46,093] {processor.py:642} INFO - Processing file /home/airflow/.local/lib/python3.7/site-packages/airflow/example_dags/example_xcom.py for tasks to queue
[2022-03-16 00:07:46,093] {logging_mixin.py:109} INFO - [2022-03-16 00:07:46,093] {dagbag.py:500} INFO - Filling up the DagBag from /home/airflow/.local/lib/python3.7/site-packages/airflow/example_dags/example_xcom.py
[2022-03-16 00:07:46,115] {processor.py:654} INFO - DAG(s) dict_keys(['example_xcom']) retrieved from /home/airflow/.local/lib/python3.7/site-packages/airflow/example_dags/example_xcom.py
[2022-03-16 00:07:46,251] {logging_mixin.py:109} INFO - [2022-03-16 00:07:46,251] {dag.py:2398} INFO - Sync 1 DAGs
[2022-03-16 00:07:46,261] {logging_mixin.py:109} INFO - [2022-03-16 00:07:46,261] {dag.py:2937} INFO - Setting next_dagrun for example_xcom to 2021-01-01T00:00:00+00:00
[2022-03-16 00:07:46,297] {processor.py:171} INFO - Processing /home/airflow/.local/lib/python3.7/site-packages/airflow/example_dags/example_xcom.py took 0.214 seconds
[2022-03-16 00:08:16,622] {processor.py:163} INFO - Started process (PID=3159) to work on /home/airflow/.local/lib/python3.7/site-packages/airflow/example_dags/example_xcom.py
[2022-03-16 00:08:16,623] {processor.py:642} INFO - Processing file /home/airflow/.local/lib/python3.7/site-packages/airflow/example_dags/example_xcom.py for tasks to queue
[2022-03-16 00:08:16,623] {logging_mixin.py:109} INFO - [2022-03-16 00:08:16,623] {dagbag.py:500} INFO - Filling up the DagBag from /home/airflow/.local/lib/python3.7/site-packages/airflow/example_dags/example_xcom.py
[2022-03-16 00:08:16,645] {processor.py:654} INFO - DAG(s) dict_keys(['example_xcom']) retrieved from /home/airflow/.local/lib/python3.7/site-packages/airflow/example_dags/example_xcom.py
[2022-03-16 00:08:16,783] {logging_mixin.py:109} INFO - [2022-03-16 00:08:16,782] {dag.py:2398} INFO - Sync 1 DAGs
[2022-03-16 00:08:16,792] {logging_mixin.py:109} INFO - [2022-03-16 00:08:16,792] {dag.py:2937} INFO - Setting next_dagrun for example_xcom to 2021-01-01T00:00:00+00:00
[2022-03-16 00:08:16,850] {processor.py:171} INFO - Processing /home/airflow/.local/lib/python3.7/site-packages/airflow/example_dags/example_xcom.py took 0.230 seconds
[2022-03-16 00:08:47,643] {processor.py:163} INFO - Started process (PID=3225) to work on /home/airflow/.local/lib/python3.7/site-packages/airflow/example_dags/example_xcom.py
[2022-03-16 00:08:47,653] {processor.py:642} INFO - Processing file /home/airflow/.local/lib/python3.7/site-packages/airflow/example_dags/example_xcom.py for tasks to queue
[2022-03-16 00:08:47,654] {logging_mixin.py:109} INFO - [2022-03-16 00:08:47,654] {dagbag.py:500} INFO - Filling up the DagBag from /home/airflow/.local/lib/python3.7/site-packages/airflow/example_dags/example_xcom.py
[2022-03-16 00:08:47,678] {processor.py:654} INFO - DAG(s) dict_keys(['example_xcom']) retrieved from /home/airflow/.local/lib/python3.7/site-packages/airflow/example_dags/example_xcom.py
[2022-03-16 00:08:47,833] {logging_mixin.py:109} INFO - [2022-03-16 00:08:47,833] {dag.py:2398} INFO - Sync 1 DAGs
[2022-03-16 00:08:47,843] {logging_mixin.py:109} INFO - [2022-03-16 00:08:47,843] {dag.py:2937} INFO - Setting next_dagrun for example_xcom to 2021-01-01T00:00:00+00:00
[2022-03-16 00:08:49,107] {processor.py:171} INFO - Processing /home/airflow/.local/lib/python3.7/site-packages/airflow/example_dags/example_xcom.py took 1.466 seconds
[2022-03-16 00:09:20,068] {processor.py:163} INFO - Started process (PID=3289) to work on /home/airflow/.local/lib/python3.7/site-packages/airflow/example_dags/example_xcom.py
[2022-03-16 00:09:20,069] {processor.py:642} INFO - Processing file /home/airflow/.local/lib/python3.7/site-packages/airflow/example_dags/example_xcom.py for tasks to queue
[2022-03-16 00:09:20,069] {logging_mixin.py:109} INFO - [2022-03-16 00:09:20,069] {dagbag.py:500} INFO - Filling up the DagBag from /home/airflow/.local/lib/python3.7/site-packages/airflow/example_dags/example_xcom.py
[2022-03-16 00:09:20,091] {processor.py:654} INFO - DAG(s) dict_keys(['example_xcom']) retrieved from /home/airflow/.local/lib/python3.7/site-packages/airflow/example_dags/example_xcom.py
[2022-03-16 00:09:20,221] {logging_mixin.py:109} INFO - [2022-03-16 00:09:20,221] {dag.py:2398} INFO - Sync 1 DAGs
[2022-03-16 00:09:20,231] {logging_mixin.py:109} INFO - [2022-03-16 00:09:20,231] {dag.py:2937} INFO - Setting next_dagrun for example_xcom to 2021-01-01T00:00:00+00:00
[2022-03-16 00:09:21,066] {processor.py:171} INFO - Processing /home/airflow/.local/lib/python3.7/site-packages/airflow/example_dags/example_xcom.py took 1.000 seconds
[2022-03-16 00:09:51,155] {processor.py:163} INFO - Started process (PID=3339) to work on /home/airflow/.local/lib/python3.7/site-packages/airflow/example_dags/example_xcom.py
[2022-03-16 00:09:51,165] {processor.py:642} INFO - Processing file /home/airflow/.local/lib/python3.7/site-packages/airflow/example_dags/example_xcom.py for tasks to queue
[2022-03-16 00:09:51,165] {logging_mixin.py:109} INFO - [2022-03-16 00:09:51,165] {dagbag.py:500} INFO - Filling up the DagBag from /home/airflow/.local/lib/python3.7/site-packages/airflow/example_dags/example_xcom.py
[2022-03-16 00:09:51,190] {processor.py:654} INFO - DAG(s) dict_keys(['example_xcom']) retrieved from /home/airflow/.local/lib/python3.7/site-packages/airflow/example_dags/example_xcom.py
[2022-03-16 00:09:51,335] {logging_mixin.py:109} INFO - [2022-03-16 00:09:51,335] {dag.py:2398} INFO - Sync 1 DAGs
[2022-03-16 00:09:51,346] {logging_mixin.py:109} INFO - [2022-03-16 00:09:51,346] {dag.py:2937} INFO - Setting next_dagrun for example_xcom to 2021-01-01T00:00:00+00:00
[2022-03-16 00:09:52,239] {processor.py:171} INFO - Processing /home/airflow/.local/lib/python3.7/site-packages/airflow/example_dags/example_xcom.py took 1.085 seconds
[2022-03-16 00:10:23,085] {processor.py:163} INFO - Started process (PID=3398) to work on /home/airflow/.local/lib/python3.7/site-packages/airflow/example_dags/example_xcom.py
[2022-03-16 00:10:23,087] {processor.py:642} INFO - Processing file /home/airflow/.local/lib/python3.7/site-packages/airflow/example_dags/example_xcom.py for tasks to queue
[2022-03-16 00:10:23,088] {logging_mixin.py:109} INFO - [2022-03-16 00:10:23,088] {dagbag.py:500} INFO - Filling up the DagBag from /home/airflow/.local/lib/python3.7/site-packages/airflow/example_dags/example_xcom.py
[2022-03-16 00:10:23,111] {processor.py:654} INFO - DAG(s) dict_keys(['example_xcom']) retrieved from /home/airflow/.local/lib/python3.7/site-packages/airflow/example_dags/example_xcom.py
[2022-03-16 00:10:23,265] {logging_mixin.py:109} INFO - [2022-03-16 00:10:23,265] {dag.py:2398} INFO - Sync 1 DAGs
[2022-03-16 00:10:23,279] {logging_mixin.py:109} INFO - [2022-03-16 00:10:23,279] {dag.py:2937} INFO - Setting next_dagrun for example_xcom to 2021-01-01T00:00:00+00:00
[2022-03-16 00:10:23,326] {processor.py:171} INFO - Processing /home/airflow/.local/lib/python3.7/site-packages/airflow/example_dags/example_xcom.py took 0.243 seconds
[2022-03-16 00:10:53,446] {processor.py:163} INFO - Started process (PID=3471) to work on /home/airflow/.local/lib/python3.7/site-packages/airflow/example_dags/example_xcom.py
[2022-03-16 00:10:53,461] {processor.py:642} INFO - Processing file /home/airflow/.local/lib/python3.7/site-packages/airflow/example_dags/example_xcom.py for tasks to queue
[2022-03-16 00:10:53,462] {logging_mixin.py:109} INFO - [2022-03-16 00:10:53,462] {dagbag.py:500} INFO - Filling up the DagBag from /home/airflow/.local/lib/python3.7/site-packages/airflow/example_dags/example_xcom.py
[2022-03-16 00:10:53,492] {processor.py:654} INFO - DAG(s) dict_keys(['example_xcom']) retrieved from /home/airflow/.local/lib/python3.7/site-packages/airflow/example_dags/example_xcom.py
[2022-03-16 00:10:53,645] {logging_mixin.py:109} INFO - [2022-03-16 00:10:53,645] {dag.py:2398} INFO - Sync 1 DAGs
[2022-03-16 00:10:53,656] {logging_mixin.py:109} INFO - [2022-03-16 00:10:53,655] {dag.py:2937} INFO - Setting next_dagrun for example_xcom to 2021-01-01T00:00:00+00:00
[2022-03-16 00:10:54,908] {processor.py:171} INFO - Processing /home/airflow/.local/lib/python3.7/site-packages/airflow/example_dags/example_xcom.py took 1.465 seconds
[2022-03-16 00:11:25,116] {processor.py:163} INFO - Started process (PID=3524) to work on /home/airflow/.local/lib/python3.7/site-packages/airflow/example_dags/example_xcom.py
[2022-03-16 00:11:25,158] {processor.py:642} INFO - Processing file /home/airflow/.local/lib/python3.7/site-packages/airflow/example_dags/example_xcom.py for tasks to queue
[2022-03-16 00:11:25,158] {logging_mixin.py:109} INFO - [2022-03-16 00:11:25,158] {dagbag.py:500} INFO - Filling up the DagBag from /home/airflow/.local/lib/python3.7/site-packages/airflow/example_dags/example_xcom.py
[2022-03-16 00:11:25,198] {processor.py:654} INFO - DAG(s) dict_keys(['example_xcom']) retrieved from /home/airflow/.local/lib/python3.7/site-packages/airflow/example_dags/example_xcom.py
[2022-03-16 00:11:25,330] {logging_mixin.py:109} INFO - [2022-03-16 00:11:25,330] {dag.py:2398} INFO - Sync 1 DAGs
[2022-03-16 00:11:25,341] {logging_mixin.py:109} INFO - [2022-03-16 00:11:25,341] {dag.py:2937} INFO - Setting next_dagrun for example_xcom to 2021-01-01T00:00:00+00:00
[2022-03-16 00:11:25,876] {processor.py:171} INFO - Processing /home/airflow/.local/lib/python3.7/site-packages/airflow/example_dags/example_xcom.py took 0.762 seconds
[2022-03-16 00:11:56,048] {processor.py:163} INFO - Started process (PID=3583) to work on /home/airflow/.local/lib/python3.7/site-packages/airflow/example_dags/example_xcom.py
[2022-03-16 00:11:56,093] {processor.py:642} INFO - Processing file /home/airflow/.local/lib/python3.7/site-packages/airflow/example_dags/example_xcom.py for tasks to queue
[2022-03-16 00:11:56,094] {logging_mixin.py:109} INFO - [2022-03-16 00:11:56,094] {dagbag.py:500} INFO - Filling up the DagBag from /home/airflow/.local/lib/python3.7/site-packages/airflow/example_dags/example_xcom.py
[2022-03-16 00:11:56,118] {processor.py:654} INFO - DAG(s) dict_keys(['example_xcom']) retrieved from /home/airflow/.local/lib/python3.7/site-packages/airflow/example_dags/example_xcom.py
[2022-03-16 00:11:56,252] {logging_mixin.py:109} INFO - [2022-03-16 00:11:56,252] {dag.py:2398} INFO - Sync 1 DAGs
[2022-03-16 00:11:56,261] {logging_mixin.py:109} INFO - [2022-03-16 00:11:56,261] {dag.py:2937} INFO - Setting next_dagrun for example_xcom to 2021-01-01T00:00:00+00:00
[2022-03-16 00:11:56,761] {processor.py:171} INFO - Processing /home/airflow/.local/lib/python3.7/site-packages/airflow/example_dags/example_xcom.py took 0.715 seconds
[2022-03-16 00:12:27,667] {processor.py:163} INFO - Started process (PID=3643) to work on /home/airflow/.local/lib/python3.7/site-packages/airflow/example_dags/example_xcom.py
[2022-03-16 00:12:27,690] {processor.py:642} INFO - Processing file /home/airflow/.local/lib/python3.7/site-packages/airflow/example_dags/example_xcom.py for tasks to queue
[2022-03-16 00:12:27,691] {logging_mixin.py:109} INFO - [2022-03-16 00:12:27,691] {dagbag.py:500} INFO - Filling up the DagBag from /home/airflow/.local/lib/python3.7/site-packages/airflow/example_dags/example_xcom.py
[2022-03-16 00:12:27,713] {processor.py:654} INFO - DAG(s) dict_keys(['example_xcom']) retrieved from /home/airflow/.local/lib/python3.7/site-packages/airflow/example_dags/example_xcom.py
[2022-03-16 00:12:27,854] {logging_mixin.py:109} INFO - [2022-03-16 00:12:27,854] {dag.py:2398} INFO - Sync 1 DAGs
[2022-03-16 00:12:27,865] {logging_mixin.py:109} INFO - [2022-03-16 00:12:27,865] {dag.py:2937} INFO - Setting next_dagrun for example_xcom to 2021-01-01T00:00:00+00:00
[2022-03-16 00:12:27,921] {processor.py:171} INFO - Processing /home/airflow/.local/lib/python3.7/site-packages/airflow/example_dags/example_xcom.py took 0.256 seconds
[2022-03-16 00:12:58,112] {processor.py:163} INFO - Started process (PID=3712) to work on /home/airflow/.local/lib/python3.7/site-packages/airflow/example_dags/example_xcom.py
[2022-03-16 00:12:58,113] {processor.py:642} INFO - Processing file /home/airflow/.local/lib/python3.7/site-packages/airflow/example_dags/example_xcom.py for tasks to queue
[2022-03-16 00:12:58,113] {logging_mixin.py:109} INFO - [2022-03-16 00:12:58,113] {dagbag.py:500} INFO - Filling up the DagBag from /home/airflow/.local/lib/python3.7/site-packages/airflow/example_dags/example_xcom.py
[2022-03-16 00:12:58,136] {processor.py:654} INFO - DAG(s) dict_keys(['example_xcom']) retrieved from /home/airflow/.local/lib/python3.7/site-packages/airflow/example_dags/example_xcom.py
[2022-03-16 00:12:58,277] {logging_mixin.py:109} INFO - [2022-03-16 00:12:58,277] {dag.py:2398} INFO - Sync 1 DAGs
[2022-03-16 00:12:58,287] {logging_mixin.py:109} INFO - [2022-03-16 00:12:58,287] {dag.py:2937} INFO - Setting next_dagrun for example_xcom to 2021-01-01T00:00:00+00:00
[2022-03-16 00:12:58,333] {processor.py:171} INFO - Processing /home/airflow/.local/lib/python3.7/site-packages/airflow/example_dags/example_xcom.py took 0.223 seconds
[2022-03-16 00:13:28,371] {processor.py:163} INFO - Started process (PID=3764) to work on /home/airflow/.local/lib/python3.7/site-packages/airflow/example_dags/example_xcom.py
[2022-03-16 00:13:28,412] {processor.py:642} INFO - Processing file /home/airflow/.local/lib/python3.7/site-packages/airflow/example_dags/example_xcom.py for tasks to queue
[2022-03-16 00:13:28,412] {logging_mixin.py:109} INFO - [2022-03-16 00:13:28,412] {dagbag.py:500} INFO - Filling up the DagBag from /home/airflow/.local/lib/python3.7/site-packages/airflow/example_dags/example_xcom.py
[2022-03-16 00:13:28,437] {processor.py:654} INFO - DAG(s) dict_keys(['example_xcom']) retrieved from /home/airflow/.local/lib/python3.7/site-packages/airflow/example_dags/example_xcom.py
[2022-03-16 00:13:28,575] {logging_mixin.py:109} INFO - [2022-03-16 00:13:28,574] {dag.py:2398} INFO - Sync 1 DAGs
[2022-03-16 00:13:28,584] {logging_mixin.py:109} INFO - [2022-03-16 00:13:28,584] {dag.py:2937} INFO - Setting next_dagrun for example_xcom to 2021-01-01T00:00:00+00:00
[2022-03-16 00:13:28,697] {processor.py:171} INFO - Processing /home/airflow/.local/lib/python3.7/site-packages/airflow/example_dags/example_xcom.py took 0.328 seconds
[2022-03-16 00:13:58,729] {processor.py:163} INFO - Started process (PID=3815) to work on /home/airflow/.local/lib/python3.7/site-packages/airflow/example_dags/example_xcom.py
[2022-03-16 00:13:58,779] {processor.py:642} INFO - Processing file /home/airflow/.local/lib/python3.7/site-packages/airflow/example_dags/example_xcom.py for tasks to queue
[2022-03-16 00:13:58,779] {logging_mixin.py:109} INFO - [2022-03-16 00:13:58,779] {dagbag.py:500} INFO - Filling up the DagBag from /home/airflow/.local/lib/python3.7/site-packages/airflow/example_dags/example_xcom.py
[2022-03-16 00:13:58,803] {processor.py:654} INFO - DAG(s) dict_keys(['example_xcom']) retrieved from /home/airflow/.local/lib/python3.7/site-packages/airflow/example_dags/example_xcom.py
[2022-03-16 00:13:58,942] {logging_mixin.py:109} INFO - [2022-03-16 00:13:58,942] {dag.py:2398} INFO - Sync 1 DAGs
[2022-03-16 00:13:58,952] {logging_mixin.py:109} INFO - [2022-03-16 00:13:58,952] {dag.py:2937} INFO - Setting next_dagrun for example_xcom to 2021-01-01T00:00:00+00:00
[2022-03-16 00:13:58,990] {processor.py:171} INFO - Processing /home/airflow/.local/lib/python3.7/site-packages/airflow/example_dags/example_xcom.py took 0.263 seconds
[2022-03-16 00:14:29,074] {processor.py:163} INFO - Started process (PID=3886) to work on /home/airflow/.local/lib/python3.7/site-packages/airflow/example_dags/example_xcom.py
[2022-03-16 00:14:29,085] {processor.py:642} INFO - Processing file /home/airflow/.local/lib/python3.7/site-packages/airflow/example_dags/example_xcom.py for tasks to queue
[2022-03-16 00:14:29,086] {logging_mixin.py:109} INFO - [2022-03-16 00:14:29,085] {dagbag.py:500} INFO - Filling up the DagBag from /home/airflow/.local/lib/python3.7/site-packages/airflow/example_dags/example_xcom.py
[2022-03-16 00:14:29,125] {processor.py:654} INFO - DAG(s) dict_keys(['example_xcom']) retrieved from /home/airflow/.local/lib/python3.7/site-packages/airflow/example_dags/example_xcom.py
[2022-03-16 00:14:29,359] {logging_mixin.py:109} INFO - [2022-03-16 00:14:29,359] {dag.py:2398} INFO - Sync 1 DAGs
[2022-03-16 00:14:29,373] {logging_mixin.py:109} INFO - [2022-03-16 00:14:29,373] {dag.py:2937} INFO - Setting next_dagrun for example_xcom to 2021-01-01T00:00:00+00:00
[2022-03-16 00:14:30,756] {processor.py:171} INFO - Processing /home/airflow/.local/lib/python3.7/site-packages/airflow/example_dags/example_xcom.py took 1.685 seconds
[2022-03-16 00:15:00,936] {processor.py:163} INFO - Started process (PID=3948) to work on /home/airflow/.local/lib/python3.7/site-packages/airflow/example_dags/example_xcom.py
[2022-03-16 00:15:00,944] {processor.py:642} INFO - Processing file /home/airflow/.local/lib/python3.7/site-packages/airflow/example_dags/example_xcom.py for tasks to queue
[2022-03-16 00:15:00,944] {logging_mixin.py:109} INFO - [2022-03-16 00:15:00,944] {dagbag.py:500} INFO - Filling up the DagBag from /home/airflow/.local/lib/python3.7/site-packages/airflow/example_dags/example_xcom.py
[2022-03-16 00:15:00,966] {processor.py:654} INFO - DAG(s) dict_keys(['example_xcom']) retrieved from /home/airflow/.local/lib/python3.7/site-packages/airflow/example_dags/example_xcom.py
[2022-03-16 00:15:01,105] {logging_mixin.py:109} INFO - [2022-03-16 00:15:01,105] {dag.py:2398} INFO - Sync 1 DAGs
[2022-03-16 00:15:01,119] {logging_mixin.py:109} INFO - [2022-03-16 00:15:01,119] {dag.py:2937} INFO - Setting next_dagrun for example_xcom to 2021-01-01T00:00:00+00:00
[2022-03-16 00:15:02,794] {processor.py:171} INFO - Processing /home/airflow/.local/lib/python3.7/site-packages/airflow/example_dags/example_xcom.py took 1.861 seconds
[2022-03-16 00:15:33,096] {processor.py:163} INFO - Started process (PID=3999) to work on /home/airflow/.local/lib/python3.7/site-packages/airflow/example_dags/example_xcom.py
[2022-03-16 00:15:33,107] {processor.py:642} INFO - Processing file /home/airflow/.local/lib/python3.7/site-packages/airflow/example_dags/example_xcom.py for tasks to queue
[2022-03-16 00:15:33,107] {logging_mixin.py:109} INFO - [2022-03-16 00:15:33,107] {dagbag.py:500} INFO - Filling up the DagBag from /home/airflow/.local/lib/python3.7/site-packages/airflow/example_dags/example_xcom.py
[2022-03-16 00:15:33,131] {processor.py:654} INFO - DAG(s) dict_keys(['example_xcom']) retrieved from /home/airflow/.local/lib/python3.7/site-packages/airflow/example_dags/example_xcom.py
[2022-03-16 00:15:33,284] {logging_mixin.py:109} INFO - [2022-03-16 00:15:33,284] {dag.py:2398} INFO - Sync 1 DAGs
[2022-03-16 00:15:33,294] {logging_mixin.py:109} INFO - [2022-03-16 00:15:33,294] {dag.py:2937} INFO - Setting next_dagrun for example_xcom to 2021-01-01T00:00:00+00:00
[2022-03-16 00:15:34,353] {processor.py:171} INFO - Processing /home/airflow/.local/lib/python3.7/site-packages/airflow/example_dags/example_xcom.py took 1.259 seconds
[2022-03-16 00:16:04,419] {processor.py:163} INFO - Started process (PID=4060) to work on /home/airflow/.local/lib/python3.7/site-packages/airflow/example_dags/example_xcom.py
[2022-03-16 00:16:04,431] {processor.py:642} INFO - Processing file /home/airflow/.local/lib/python3.7/site-packages/airflow/example_dags/example_xcom.py for tasks to queue
[2022-03-16 00:16:04,431] {logging_mixin.py:109} INFO - [2022-03-16 00:16:04,431] {dagbag.py:500} INFO - Filling up the DagBag from /home/airflow/.local/lib/python3.7/site-packages/airflow/example_dags/example_xcom.py
[2022-03-16 00:16:04,460] {processor.py:654} INFO - DAG(s) dict_keys(['example_xcom']) retrieved from /home/airflow/.local/lib/python3.7/site-packages/airflow/example_dags/example_xcom.py
[2022-03-16 00:16:04,630] {logging_mixin.py:109} INFO - [2022-03-16 00:16:04,630] {dag.py:2398} INFO - Sync 1 DAGs
[2022-03-16 00:16:04,644] {logging_mixin.py:109} INFO - [2022-03-16 00:16:04,644] {dag.py:2937} INFO - Setting next_dagrun for example_xcom to 2021-01-01T00:00:00+00:00
[2022-03-16 00:16:04,708] {processor.py:171} INFO - Processing /home/airflow/.local/lib/python3.7/site-packages/airflow/example_dags/example_xcom.py took 0.292 seconds
[2022-03-16 00:16:34,765] {processor.py:163} INFO - Started process (PID=4122) to work on /home/airflow/.local/lib/python3.7/site-packages/airflow/example_dags/example_xcom.py
[2022-03-16 00:16:34,938] {processor.py:642} INFO - Processing file /home/airflow/.local/lib/python3.7/site-packages/airflow/example_dags/example_xcom.py for tasks to queue
[2022-03-16 00:16:34,939] {logging_mixin.py:109} INFO - [2022-03-16 00:16:34,939] {dagbag.py:500} INFO - Filling up the DagBag from /home/airflow/.local/lib/python3.7/site-packages/airflow/example_dags/example_xcom.py
[2022-03-16 00:16:34,971] {processor.py:654} INFO - DAG(s) dict_keys(['example_xcom']) retrieved from /home/airflow/.local/lib/python3.7/site-packages/airflow/example_dags/example_xcom.py
[2022-03-16 00:16:35,148] {logging_mixin.py:109} INFO - [2022-03-16 00:16:35,148] {dag.py:2398} INFO - Sync 1 DAGs
[2022-03-16 00:16:35,159] {logging_mixin.py:109} INFO - [2022-03-16 00:16:35,159] {dag.py:2937} INFO - Setting next_dagrun for example_xcom to 2021-01-01T00:00:00+00:00
[2022-03-16 00:16:36,123] {processor.py:171} INFO - Processing /home/airflow/.local/lib/python3.7/site-packages/airflow/example_dags/example_xcom.py took 1.360 seconds
[2022-03-16 00:17:06,821] {processor.py:163} INFO - Started process (PID=4191) to work on /home/airflow/.local/lib/python3.7/site-packages/airflow/example_dags/example_xcom.py
[2022-03-16 00:17:06,829] {processor.py:642} INFO - Processing file /home/airflow/.local/lib/python3.7/site-packages/airflow/example_dags/example_xcom.py for tasks to queue
[2022-03-16 00:17:06,829] {logging_mixin.py:109} INFO - [2022-03-16 00:17:06,829] {dagbag.py:500} INFO - Filling up the DagBag from /home/airflow/.local/lib/python3.7/site-packages/airflow/example_dags/example_xcom.py
[2022-03-16 00:17:06,852] {processor.py:654} INFO - DAG(s) dict_keys(['example_xcom']) retrieved from /home/airflow/.local/lib/python3.7/site-packages/airflow/example_dags/example_xcom.py
[2022-03-16 00:17:07,003] {logging_mixin.py:109} INFO - [2022-03-16 00:17:07,002] {dag.py:2398} INFO - Sync 1 DAGs
[2022-03-16 00:17:07,016] {logging_mixin.py:109} INFO - [2022-03-16 00:17:07,016] {dag.py:2937} INFO - Setting next_dagrun for example_xcom to 2021-01-01T00:00:00+00:00
[2022-03-16 00:17:07,061] {processor.py:171} INFO - Processing /home/airflow/.local/lib/python3.7/site-packages/airflow/example_dags/example_xcom.py took 0.243 seconds
[2022-03-16 00:17:37,219] {processor.py:163} INFO - Started process (PID=4241) to work on /home/airflow/.local/lib/python3.7/site-packages/airflow/example_dags/example_xcom.py
[2022-03-16 00:17:37,233] {processor.py:642} INFO - Processing file /home/airflow/.local/lib/python3.7/site-packages/airflow/example_dags/example_xcom.py for tasks to queue
[2022-03-16 00:17:37,234] {logging_mixin.py:109} INFO - [2022-03-16 00:17:37,234] {dagbag.py:500} INFO - Filling up the DagBag from /home/airflow/.local/lib/python3.7/site-packages/airflow/example_dags/example_xcom.py
[2022-03-16 00:17:37,272] {processor.py:654} INFO - DAG(s) dict_keys(['example_xcom']) retrieved from /home/airflow/.local/lib/python3.7/site-packages/airflow/example_dags/example_xcom.py
[2022-03-16 00:17:37,429] {logging_mixin.py:109} INFO - [2022-03-16 00:17:37,429] {dag.py:2398} INFO - Sync 1 DAGs
[2022-03-16 00:17:37,448] {logging_mixin.py:109} INFO - [2022-03-16 00:17:37,447] {dag.py:2937} INFO - Setting next_dagrun for example_xcom to 2021-01-01T00:00:00+00:00
[2022-03-16 00:17:37,555] {processor.py:171} INFO - Processing /home/airflow/.local/lib/python3.7/site-packages/airflow/example_dags/example_xcom.py took 0.340 seconds
[2022-03-16 00:18:08,231] {processor.py:163} INFO - Started process (PID=4302) to work on /home/airflow/.local/lib/python3.7/site-packages/airflow/example_dags/example_xcom.py
[2022-03-16 00:18:08,263] {processor.py:642} INFO - Processing file /home/airflow/.local/lib/python3.7/site-packages/airflow/example_dags/example_xcom.py for tasks to queue
[2022-03-16 00:18:08,264] {logging_mixin.py:109} INFO - [2022-03-16 00:18:08,264] {dagbag.py:500} INFO - Filling up the DagBag from /home/airflow/.local/lib/python3.7/site-packages/airflow/example_dags/example_xcom.py
[2022-03-16 00:18:08,297] {processor.py:654} INFO - DAG(s) dict_keys(['example_xcom']) retrieved from /home/airflow/.local/lib/python3.7/site-packages/airflow/example_dags/example_xcom.py
[2022-03-16 00:18:08,447] {logging_mixin.py:109} INFO - [2022-03-16 00:18:08,447] {dag.py:2398} INFO - Sync 1 DAGs
[2022-03-16 00:18:08,461] {logging_mixin.py:109} INFO - [2022-03-16 00:18:08,461] {dag.py:2937} INFO - Setting next_dagrun for example_xcom to 2021-01-01T00:00:00+00:00
[2022-03-16 00:18:08,504] {processor.py:171} INFO - Processing /home/airflow/.local/lib/python3.7/site-packages/airflow/example_dags/example_xcom.py took 0.274 seconds
[2022-03-16 00:18:38,896] {processor.py:163} INFO - Started process (PID=4368) to work on /home/airflow/.local/lib/python3.7/site-packages/airflow/example_dags/example_xcom.py
[2022-03-16 00:18:38,906] {processor.py:642} INFO - Processing file /home/airflow/.local/lib/python3.7/site-packages/airflow/example_dags/example_xcom.py for tasks to queue
[2022-03-16 00:18:38,906] {logging_mixin.py:109} INFO - [2022-03-16 00:18:38,906] {dagbag.py:500} INFO - Filling up the DagBag from /home/airflow/.local/lib/python3.7/site-packages/airflow/example_dags/example_xcom.py
[2022-03-16 00:18:38,933] {processor.py:654} INFO - DAG(s) dict_keys(['example_xcom']) retrieved from /home/airflow/.local/lib/python3.7/site-packages/airflow/example_dags/example_xcom.py
[2022-03-16 00:18:39,088] {logging_mixin.py:109} INFO - [2022-03-16 00:18:39,088] {dag.py:2398} INFO - Sync 1 DAGs
[2022-03-16 00:18:39,100] {logging_mixin.py:109} INFO - [2022-03-16 00:18:39,100] {dag.py:2937} INFO - Setting next_dagrun for example_xcom to 2021-01-01T00:00:00+00:00
[2022-03-16 00:18:39,790] {processor.py:171} INFO - Processing /home/airflow/.local/lib/python3.7/site-packages/airflow/example_dags/example_xcom.py took 0.896 seconds
[2022-03-16 00:19:10,282] {processor.py:163} INFO - Started process (PID=4436) to work on /home/airflow/.local/lib/python3.7/site-packages/airflow/example_dags/example_xcom.py
[2022-03-16 00:19:10,302] {processor.py:642} INFO - Processing file /home/airflow/.local/lib/python3.7/site-packages/airflow/example_dags/example_xcom.py for tasks to queue
[2022-03-16 00:19:10,303] {logging_mixin.py:109} INFO - [2022-03-16 00:19:10,302] {dagbag.py:500} INFO - Filling up the DagBag from /home/airflow/.local/lib/python3.7/site-packages/airflow/example_dags/example_xcom.py
[2022-03-16 00:19:10,338] {processor.py:654} INFO - DAG(s) dict_keys(['example_xcom']) retrieved from /home/airflow/.local/lib/python3.7/site-packages/airflow/example_dags/example_xcom.py
[2022-03-16 00:19:10,572] {logging_mixin.py:109} INFO - [2022-03-16 00:19:10,572] {dag.py:2398} INFO - Sync 1 DAGs
[2022-03-16 00:19:10,589] {logging_mixin.py:109} INFO - [2022-03-16 00:19:10,589] {dag.py:2937} INFO - Setting next_dagrun for example_xcom to 2021-01-01T00:00:00+00:00
[2022-03-16 00:19:10,805] {processor.py:171} INFO - Processing /home/airflow/.local/lib/python3.7/site-packages/airflow/example_dags/example_xcom.py took 0.525 seconds
[2022-03-16 00:19:41,044] {processor.py:163} INFO - Started process (PID=4486) to work on /home/airflow/.local/lib/python3.7/site-packages/airflow/example_dags/example_xcom.py
[2022-03-16 00:19:41,058] {processor.py:642} INFO - Processing file /home/airflow/.local/lib/python3.7/site-packages/airflow/example_dags/example_xcom.py for tasks to queue
[2022-03-16 00:19:41,058] {logging_mixin.py:109} INFO - [2022-03-16 00:19:41,058] {dagbag.py:500} INFO - Filling up the DagBag from /home/airflow/.local/lib/python3.7/site-packages/airflow/example_dags/example_xcom.py
[2022-03-16 00:19:41,088] {processor.py:654} INFO - DAG(s) dict_keys(['example_xcom']) retrieved from /home/airflow/.local/lib/python3.7/site-packages/airflow/example_dags/example_xcom.py
[2022-03-16 00:19:41,222] {logging_mixin.py:109} INFO - [2022-03-16 00:19:41,222] {dag.py:2398} INFO - Sync 1 DAGs
[2022-03-16 00:19:41,232] {logging_mixin.py:109} INFO - [2022-03-16 00:19:41,232] {dag.py:2937} INFO - Setting next_dagrun for example_xcom to 2021-01-01T00:00:00+00:00
[2022-03-16 00:19:41,429] {processor.py:171} INFO - Processing /home/airflow/.local/lib/python3.7/site-packages/airflow/example_dags/example_xcom.py took 0.387 seconds
[2022-03-16 00:20:11,811] {processor.py:163} INFO - Started process (PID=4540) to work on /home/airflow/.local/lib/python3.7/site-packages/airflow/example_dags/example_xcom.py
[2022-03-16 00:20:11,853] {processor.py:642} INFO - Processing file /home/airflow/.local/lib/python3.7/site-packages/airflow/example_dags/example_xcom.py for tasks to queue
[2022-03-16 00:20:11,853] {logging_mixin.py:109} INFO - [2022-03-16 00:20:11,853] {dagbag.py:500} INFO - Filling up the DagBag from /home/airflow/.local/lib/python3.7/site-packages/airflow/example_dags/example_xcom.py
[2022-03-16 00:20:11,884] {processor.py:654} INFO - DAG(s) dict_keys(['example_xcom']) retrieved from /home/airflow/.local/lib/python3.7/site-packages/airflow/example_dags/example_xcom.py
[2022-03-16 00:20:12,042] {logging_mixin.py:109} INFO - [2022-03-16 00:20:12,042] {dag.py:2398} INFO - Sync 1 DAGs
[2022-03-16 00:20:12,054] {logging_mixin.py:109} INFO - [2022-03-16 00:20:12,054] {dag.py:2937} INFO - Setting next_dagrun for example_xcom to 2021-01-01T00:00:00+00:00
[2022-03-16 00:20:12,763] {processor.py:171} INFO - Processing /home/airflow/.local/lib/python3.7/site-packages/airflow/example_dags/example_xcom.py took 0.954 seconds
[2022-03-16 00:20:42,994] {processor.py:163} INFO - Started process (PID=4615) to work on /home/airflow/.local/lib/python3.7/site-packages/airflow/example_dags/example_xcom.py
[2022-03-16 00:20:43,008] {processor.py:642} INFO - Processing file /home/airflow/.local/lib/python3.7/site-packages/airflow/example_dags/example_xcom.py for tasks to queue
[2022-03-16 00:20:43,008] {logging_mixin.py:109} INFO - [2022-03-16 00:20:43,008] {dagbag.py:500} INFO - Filling up the DagBag from /home/airflow/.local/lib/python3.7/site-packages/airflow/example_dags/example_xcom.py
[2022-03-16 00:20:43,034] {processor.py:654} INFO - DAG(s) dict_keys(['example_xcom']) retrieved from /home/airflow/.local/lib/python3.7/site-packages/airflow/example_dags/example_xcom.py
[2022-03-16 00:20:43,176] {logging_mixin.py:109} INFO - [2022-03-16 00:20:43,175] {dag.py:2398} INFO - Sync 1 DAGs
[2022-03-16 00:20:43,187] {logging_mixin.py:109} INFO - [2022-03-16 00:20:43,186] {dag.py:2937} INFO - Setting next_dagrun for example_xcom to 2021-01-01T00:00:00+00:00
[2022-03-16 00:20:43,620] {processor.py:171} INFO - Processing /home/airflow/.local/lib/python3.7/site-packages/airflow/example_dags/example_xcom.py took 0.628 seconds
[2022-03-16 00:21:13,863] {processor.py:163} INFO - Started process (PID=4674) to work on /home/airflow/.local/lib/python3.7/site-packages/airflow/example_dags/example_xcom.py
[2022-03-16 00:21:13,889] {processor.py:642} INFO - Processing file /home/airflow/.local/lib/python3.7/site-packages/airflow/example_dags/example_xcom.py for tasks to queue
[2022-03-16 00:21:13,891] {logging_mixin.py:109} INFO - [2022-03-16 00:21:13,891] {dagbag.py:500} INFO - Filling up the DagBag from /home/airflow/.local/lib/python3.7/site-packages/airflow/example_dags/example_xcom.py
[2022-03-16 00:21:13,940] {processor.py:654} INFO - DAG(s) dict_keys(['example_xcom']) retrieved from /home/airflow/.local/lib/python3.7/site-packages/airflow/example_dags/example_xcom.py
[2022-03-16 00:21:14,071] {logging_mixin.py:109} INFO - [2022-03-16 00:21:14,071] {dag.py:2398} INFO - Sync 1 DAGs
[2022-03-16 00:21:14,081] {logging_mixin.py:109} INFO - [2022-03-16 00:21:14,081] {dag.py:2937} INFO - Setting next_dagrun for example_xcom to 2021-01-01T00:00:00+00:00
[2022-03-16 00:21:14,236] {processor.py:171} INFO - Processing /home/airflow/.local/lib/python3.7/site-packages/airflow/example_dags/example_xcom.py took 0.380 seconds
[2022-03-16 00:21:44,775] {processor.py:163} INFO - Started process (PID=4732) to work on /home/airflow/.local/lib/python3.7/site-packages/airflow/example_dags/example_xcom.py
[2022-03-16 00:21:44,795] {processor.py:642} INFO - Processing file /home/airflow/.local/lib/python3.7/site-packages/airflow/example_dags/example_xcom.py for tasks to queue
[2022-03-16 00:21:44,796] {logging_mixin.py:109} INFO - [2022-03-16 00:21:44,796] {dagbag.py:500} INFO - Filling up the DagBag from /home/airflow/.local/lib/python3.7/site-packages/airflow/example_dags/example_xcom.py
[2022-03-16 00:21:44,830] {processor.py:654} INFO - DAG(s) dict_keys(['example_xcom']) retrieved from /home/airflow/.local/lib/python3.7/site-packages/airflow/example_dags/example_xcom.py
[2022-03-16 00:21:44,969] {logging_mixin.py:109} INFO - [2022-03-16 00:21:44,969] {dag.py:2398} INFO - Sync 1 DAGs
[2022-03-16 00:21:44,979] {logging_mixin.py:109} INFO - [2022-03-16 00:21:44,979] {dag.py:2937} INFO - Setting next_dagrun for example_xcom to 2021-01-01T00:00:00+00:00
[2022-03-16 00:21:45,078] {processor.py:171} INFO - Processing /home/airflow/.local/lib/python3.7/site-packages/airflow/example_dags/example_xcom.py took 0.306 seconds
