[2022-03-16 00:00:21,723] {processor.py:163} INFO - Started process (PID=2222) to work on /home/airflow/.local/lib/python3.7/site-packages/airflow/example_dags/example_latest_only.py
[2022-03-16 00:00:21,723] {processor.py:642} INFO - Processing file /home/airflow/.local/lib/python3.7/site-packages/airflow/example_dags/example_latest_only.py for tasks to queue
[2022-03-16 00:00:21,724] {logging_mixin.py:109} INFO - [2022-03-16 00:00:21,723] {dagbag.py:500} INFO - Filling up the DagBag from /home/airflow/.local/lib/python3.7/site-packages/airflow/example_dags/example_latest_only.py
[2022-03-16 00:00:21,741] {processor.py:654} INFO - DAG(s) dict_keys(['latest_only']) retrieved from /home/airflow/.local/lib/python3.7/site-packages/airflow/example_dags/example_latest_only.py
[2022-03-16 00:00:21,747] {logging_mixin.py:109} INFO - [2022-03-16 00:00:21,747] {dag.py:2398} INFO - Sync 1 DAGs
[2022-03-16 00:00:21,760] {logging_mixin.py:109} INFO - [2022-03-16 00:00:21,760] {dag.py:2937} INFO - Setting next_dagrun for latest_only to 2022-03-15T20:00:21.760508+00:00
[2022-03-16 00:00:21,894] {processor.py:171} INFO - Processing /home/airflow/.local/lib/python3.7/site-packages/airflow/example_dags/example_latest_only.py took 0.174 seconds
[2022-03-16 00:00:55,932] {processor.py:163} INFO - Started process (PID=2296) to work on /home/airflow/.local/lib/python3.7/site-packages/airflow/example_dags/example_latest_only.py
[2022-03-16 00:00:55,933] {processor.py:642} INFO - Processing file /home/airflow/.local/lib/python3.7/site-packages/airflow/example_dags/example_latest_only.py for tasks to queue
[2022-03-16 00:00:55,934] {logging_mixin.py:109} INFO - [2022-03-16 00:00:55,934] {dagbag.py:500} INFO - Filling up the DagBag from /home/airflow/.local/lib/python3.7/site-packages/airflow/example_dags/example_latest_only.py
[2022-03-16 00:00:55,961] {processor.py:654} INFO - DAG(s) dict_keys(['latest_only']) retrieved from /home/airflow/.local/lib/python3.7/site-packages/airflow/example_dags/example_latest_only.py
[2022-03-16 00:00:55,970] {logging_mixin.py:109} INFO - [2022-03-16 00:00:55,970] {dag.py:2398} INFO - Sync 1 DAGs
[2022-03-16 00:00:55,986] {logging_mixin.py:109} INFO - [2022-03-16 00:00:55,986] {dag.py:2937} INFO - Setting next_dagrun for latest_only to 2022-03-15T20:00:55.985842+00:00
[2022-03-16 00:00:56,051] {processor.py:171} INFO - Processing /home/airflow/.local/lib/python3.7/site-packages/airflow/example_dags/example_latest_only.py took 0.123 seconds
[2022-03-16 00:01:27,514] {processor.py:163} INFO - Started process (PID=2356) to work on /home/airflow/.local/lib/python3.7/site-packages/airflow/example_dags/example_latest_only.py
[2022-03-16 00:01:27,515] {processor.py:642} INFO - Processing file /home/airflow/.local/lib/python3.7/site-packages/airflow/example_dags/example_latest_only.py for tasks to queue
[2022-03-16 00:01:27,515] {logging_mixin.py:109} INFO - [2022-03-16 00:01:27,515] {dagbag.py:500} INFO - Filling up the DagBag from /home/airflow/.local/lib/python3.7/site-packages/airflow/example_dags/example_latest_only.py
[2022-03-16 00:01:27,541] {processor.py:654} INFO - DAG(s) dict_keys(['latest_only']) retrieved from /home/airflow/.local/lib/python3.7/site-packages/airflow/example_dags/example_latest_only.py
[2022-03-16 00:01:27,552] {logging_mixin.py:109} INFO - [2022-03-16 00:01:27,551] {dag.py:2398} INFO - Sync 1 DAGs
[2022-03-16 00:01:27,567] {logging_mixin.py:109} INFO - [2022-03-16 00:01:27,567] {dag.py:2937} INFO - Setting next_dagrun for latest_only to 2022-03-15T20:01:27.567671+00:00
[2022-03-16 00:01:27,697] {processor.py:171} INFO - Processing /home/airflow/.local/lib/python3.7/site-packages/airflow/example_dags/example_latest_only.py took 0.186 seconds
[2022-03-16 00:01:58,916] {processor.py:163} INFO - Started process (PID=2407) to work on /home/airflow/.local/lib/python3.7/site-packages/airflow/example_dags/example_latest_only.py
[2022-03-16 00:01:58,916] {processor.py:642} INFO - Processing file /home/airflow/.local/lib/python3.7/site-packages/airflow/example_dags/example_latest_only.py for tasks to queue
[2022-03-16 00:01:58,917] {logging_mixin.py:109} INFO - [2022-03-16 00:01:58,917] {dagbag.py:500} INFO - Filling up the DagBag from /home/airflow/.local/lib/python3.7/site-packages/airflow/example_dags/example_latest_only.py
[2022-03-16 00:01:58,934] {processor.py:654} INFO - DAG(s) dict_keys(['latest_only']) retrieved from /home/airflow/.local/lib/python3.7/site-packages/airflow/example_dags/example_latest_only.py
[2022-03-16 00:01:58,939] {logging_mixin.py:109} INFO - [2022-03-16 00:01:58,939] {dag.py:2398} INFO - Sync 1 DAGs
[2022-03-16 00:01:58,950] {logging_mixin.py:109} INFO - [2022-03-16 00:01:58,950] {dag.py:2937} INFO - Setting next_dagrun for latest_only to 2022-03-15T20:01:58.949956+00:00
[2022-03-16 00:01:59,022] {processor.py:171} INFO - Processing /home/airflow/.local/lib/python3.7/site-packages/airflow/example_dags/example_latest_only.py took 0.107 seconds
[2022-03-16 00:02:30,003] {processor.py:163} INFO - Started process (PID=2470) to work on /home/airflow/.local/lib/python3.7/site-packages/airflow/example_dags/example_latest_only.py
[2022-03-16 00:02:30,004] {processor.py:642} INFO - Processing file /home/airflow/.local/lib/python3.7/site-packages/airflow/example_dags/example_latest_only.py for tasks to queue
[2022-03-16 00:02:30,004] {logging_mixin.py:109} INFO - [2022-03-16 00:02:30,004] {dagbag.py:500} INFO - Filling up the DagBag from /home/airflow/.local/lib/python3.7/site-packages/airflow/example_dags/example_latest_only.py
[2022-03-16 00:02:30,021] {processor.py:654} INFO - DAG(s) dict_keys(['latest_only']) retrieved from /home/airflow/.local/lib/python3.7/site-packages/airflow/example_dags/example_latest_only.py
[2022-03-16 00:02:30,028] {logging_mixin.py:109} INFO - [2022-03-16 00:02:30,028] {dag.py:2398} INFO - Sync 1 DAGs
[2022-03-16 00:02:30,038] {logging_mixin.py:109} INFO - [2022-03-16 00:02:30,038] {dag.py:2937} INFO - Setting next_dagrun for latest_only to 2022-03-15T20:02:30.038651+00:00
[2022-03-16 00:02:30,221] {processor.py:171} INFO - Processing /home/airflow/.local/lib/python3.7/site-packages/airflow/example_dags/example_latest_only.py took 0.219 seconds
[2022-03-16 00:03:00,308] {processor.py:163} INFO - Started process (PID=2542) to work on /home/airflow/.local/lib/python3.7/site-packages/airflow/example_dags/example_latest_only.py
[2022-03-16 00:03:00,309] {processor.py:642} INFO - Processing file /home/airflow/.local/lib/python3.7/site-packages/airflow/example_dags/example_latest_only.py for tasks to queue
[2022-03-16 00:03:00,310] {logging_mixin.py:109} INFO - [2022-03-16 00:03:00,310] {dagbag.py:500} INFO - Filling up the DagBag from /home/airflow/.local/lib/python3.7/site-packages/airflow/example_dags/example_latest_only.py
[2022-03-16 00:03:00,327] {processor.py:654} INFO - DAG(s) dict_keys(['latest_only']) retrieved from /home/airflow/.local/lib/python3.7/site-packages/airflow/example_dags/example_latest_only.py
[2022-03-16 00:03:00,334] {logging_mixin.py:109} INFO - [2022-03-16 00:03:00,333] {dag.py:2398} INFO - Sync 1 DAGs
[2022-03-16 00:03:00,345] {logging_mixin.py:109} INFO - [2022-03-16 00:03:00,345] {dag.py:2937} INFO - Setting next_dagrun for latest_only to 2022-03-15T20:03:00.345352+00:00
[2022-03-16 00:03:00,403] {processor.py:171} INFO - Processing /home/airflow/.local/lib/python3.7/site-packages/airflow/example_dags/example_latest_only.py took 0.097 seconds
[2022-03-16 00:03:31,453] {processor.py:163} INFO - Started process (PID=2592) to work on /home/airflow/.local/lib/python3.7/site-packages/airflow/example_dags/example_latest_only.py
[2022-03-16 00:03:31,465] {processor.py:642} INFO - Processing file /home/airflow/.local/lib/python3.7/site-packages/airflow/example_dags/example_latest_only.py for tasks to queue
[2022-03-16 00:03:31,465] {logging_mixin.py:109} INFO - [2022-03-16 00:03:31,465] {dagbag.py:500} INFO - Filling up the DagBag from /home/airflow/.local/lib/python3.7/site-packages/airflow/example_dags/example_latest_only.py
[2022-03-16 00:03:31,486] {processor.py:654} INFO - DAG(s) dict_keys(['latest_only']) retrieved from /home/airflow/.local/lib/python3.7/site-packages/airflow/example_dags/example_latest_only.py
[2022-03-16 00:03:31,494] {logging_mixin.py:109} INFO - [2022-03-16 00:03:31,494] {dag.py:2398} INFO - Sync 1 DAGs
[2022-03-16 00:03:31,506] {logging_mixin.py:109} INFO - [2022-03-16 00:03:31,506] {dag.py:2937} INFO - Setting next_dagrun for latest_only to 2022-03-15T20:03:31.505958+00:00
[2022-03-16 00:03:31,677] {processor.py:171} INFO - Processing /home/airflow/.local/lib/python3.7/site-packages/airflow/example_dags/example_latest_only.py took 0.226 seconds
[2022-03-16 00:04:02,824] {processor.py:163} INFO - Started process (PID=2652) to work on /home/airflow/.local/lib/python3.7/site-packages/airflow/example_dags/example_latest_only.py
[2022-03-16 00:04:02,825] {processor.py:642} INFO - Processing file /home/airflow/.local/lib/python3.7/site-packages/airflow/example_dags/example_latest_only.py for tasks to queue
[2022-03-16 00:04:02,826] {logging_mixin.py:109} INFO - [2022-03-16 00:04:02,826] {dagbag.py:500} INFO - Filling up the DagBag from /home/airflow/.local/lib/python3.7/site-packages/airflow/example_dags/example_latest_only.py
[2022-03-16 00:04:02,852] {processor.py:654} INFO - DAG(s) dict_keys(['latest_only']) retrieved from /home/airflow/.local/lib/python3.7/site-packages/airflow/example_dags/example_latest_only.py
[2022-03-16 00:04:02,862] {logging_mixin.py:109} INFO - [2022-03-16 00:04:02,862] {dag.py:2398} INFO - Sync 1 DAGs
[2022-03-16 00:04:02,881] {logging_mixin.py:109} INFO - [2022-03-16 00:04:02,881] {dag.py:2937} INFO - Setting next_dagrun for latest_only to 2022-03-15T20:04:02.880964+00:00
[2022-03-16 00:04:02,936] {processor.py:171} INFO - Processing /home/airflow/.local/lib/python3.7/site-packages/airflow/example_dags/example_latest_only.py took 0.114 seconds
[2022-03-16 00:04:32,956] {processor.py:163} INFO - Started process (PID=2715) to work on /home/airflow/.local/lib/python3.7/site-packages/airflow/example_dags/example_latest_only.py
[2022-03-16 00:04:32,957] {processor.py:642} INFO - Processing file /home/airflow/.local/lib/python3.7/site-packages/airflow/example_dags/example_latest_only.py for tasks to queue
[2022-03-16 00:04:32,958] {logging_mixin.py:109} INFO - [2022-03-16 00:04:32,958] {dagbag.py:500} INFO - Filling up the DagBag from /home/airflow/.local/lib/python3.7/site-packages/airflow/example_dags/example_latest_only.py
[2022-03-16 00:04:32,977] {processor.py:654} INFO - DAG(s) dict_keys(['latest_only']) retrieved from /home/airflow/.local/lib/python3.7/site-packages/airflow/example_dags/example_latest_only.py
[2022-03-16 00:04:32,984] {logging_mixin.py:109} INFO - [2022-03-16 00:04:32,984] {dag.py:2398} INFO - Sync 1 DAGs
[2022-03-16 00:04:32,997] {logging_mixin.py:109} INFO - [2022-03-16 00:04:32,997] {dag.py:2937} INFO - Setting next_dagrun for latest_only to 2022-03-15T20:04:32.997366+00:00
[2022-03-16 00:04:33,175] {processor.py:171} INFO - Processing /home/airflow/.local/lib/python3.7/site-packages/airflow/example_dags/example_latest_only.py took 0.221 seconds
[2022-03-16 00:05:04,123] {processor.py:163} INFO - Started process (PID=2777) to work on /home/airflow/.local/lib/python3.7/site-packages/airflow/example_dags/example_latest_only.py
[2022-03-16 00:05:04,141] {processor.py:642} INFO - Processing file /home/airflow/.local/lib/python3.7/site-packages/airflow/example_dags/example_latest_only.py for tasks to queue
[2022-03-16 00:05:04,141] {logging_mixin.py:109} INFO - [2022-03-16 00:05:04,141] {dagbag.py:500} INFO - Filling up the DagBag from /home/airflow/.local/lib/python3.7/site-packages/airflow/example_dags/example_latest_only.py
[2022-03-16 00:05:04,162] {processor.py:654} INFO - DAG(s) dict_keys(['latest_only']) retrieved from /home/airflow/.local/lib/python3.7/site-packages/airflow/example_dags/example_latest_only.py
[2022-03-16 00:05:04,170] {logging_mixin.py:109} INFO - [2022-03-16 00:05:04,170] {dag.py:2398} INFO - Sync 1 DAGs
[2022-03-16 00:05:04,184] {logging_mixin.py:109} INFO - [2022-03-16 00:05:04,184] {dag.py:2937} INFO - Setting next_dagrun for latest_only to 2022-03-15T20:05:04.183795+00:00
[2022-03-16 00:05:06,045] {processor.py:171} INFO - Processing /home/airflow/.local/lib/python3.7/site-packages/airflow/example_dags/example_latest_only.py took 1.925 seconds
[2022-03-16 00:05:36,269] {processor.py:163} INFO - Started process (PID=2836) to work on /home/airflow/.local/lib/python3.7/site-packages/airflow/example_dags/example_latest_only.py
[2022-03-16 00:05:36,274] {processor.py:642} INFO - Processing file /home/airflow/.local/lib/python3.7/site-packages/airflow/example_dags/example_latest_only.py for tasks to queue
[2022-03-16 00:05:36,274] {logging_mixin.py:109} INFO - [2022-03-16 00:05:36,274] {dagbag.py:500} INFO - Filling up the DagBag from /home/airflow/.local/lib/python3.7/site-packages/airflow/example_dags/example_latest_only.py
[2022-03-16 00:05:36,292] {processor.py:654} INFO - DAG(s) dict_keys(['latest_only']) retrieved from /home/airflow/.local/lib/python3.7/site-packages/airflow/example_dags/example_latest_only.py
[2022-03-16 00:05:36,299] {logging_mixin.py:109} INFO - [2022-03-16 00:05:36,298] {dag.py:2398} INFO - Sync 1 DAGs
[2022-03-16 00:05:36,311] {logging_mixin.py:109} INFO - [2022-03-16 00:05:36,311] {dag.py:2937} INFO - Setting next_dagrun for latest_only to 2022-03-15T20:05:36.310871+00:00
[2022-03-16 00:05:36,356] {processor.py:171} INFO - Processing /home/airflow/.local/lib/python3.7/site-packages/airflow/example_dags/example_latest_only.py took 0.089 seconds
[2022-03-16 00:06:06,896] {processor.py:163} INFO - Started process (PID=2889) to work on /home/airflow/.local/lib/python3.7/site-packages/airflow/example_dags/example_latest_only.py
[2022-03-16 00:06:06,904] {processor.py:642} INFO - Processing file /home/airflow/.local/lib/python3.7/site-packages/airflow/example_dags/example_latest_only.py for tasks to queue
[2022-03-16 00:06:06,905] {logging_mixin.py:109} INFO - [2022-03-16 00:06:06,905] {dagbag.py:500} INFO - Filling up the DagBag from /home/airflow/.local/lib/python3.7/site-packages/airflow/example_dags/example_latest_only.py
[2022-03-16 00:06:06,940] {processor.py:654} INFO - DAG(s) dict_keys(['latest_only']) retrieved from /home/airflow/.local/lib/python3.7/site-packages/airflow/example_dags/example_latest_only.py
[2022-03-16 00:06:06,947] {logging_mixin.py:109} INFO - [2022-03-16 00:06:06,947] {dag.py:2398} INFO - Sync 1 DAGs
[2022-03-16 00:06:06,959] {logging_mixin.py:109} INFO - [2022-03-16 00:06:06,959] {dag.py:2937} INFO - Setting next_dagrun for latest_only to 2022-03-15T20:06:06.959359+00:00
[2022-03-16 00:06:09,366] {processor.py:171} INFO - Processing /home/airflow/.local/lib/python3.7/site-packages/airflow/example_dags/example_latest_only.py took 2.475 seconds
[2022-03-16 00:06:40,015] {processor.py:163} INFO - Started process (PID=2964) to work on /home/airflow/.local/lib/python3.7/site-packages/airflow/example_dags/example_latest_only.py
[2022-03-16 00:06:40,040] {processor.py:642} INFO - Processing file /home/airflow/.local/lib/python3.7/site-packages/airflow/example_dags/example_latest_only.py for tasks to queue
[2022-03-16 00:06:40,041] {logging_mixin.py:109} INFO - [2022-03-16 00:06:40,040] {dagbag.py:500} INFO - Filling up the DagBag from /home/airflow/.local/lib/python3.7/site-packages/airflow/example_dags/example_latest_only.py
[2022-03-16 00:06:40,060] {processor.py:654} INFO - DAG(s) dict_keys(['latest_only']) retrieved from /home/airflow/.local/lib/python3.7/site-packages/airflow/example_dags/example_latest_only.py
[2022-03-16 00:06:40,067] {logging_mixin.py:109} INFO - [2022-03-16 00:06:40,067] {dag.py:2398} INFO - Sync 1 DAGs
[2022-03-16 00:06:40,079] {logging_mixin.py:109} INFO - [2022-03-16 00:06:40,079] {dag.py:2937} INFO - Setting next_dagrun for latest_only to 2022-03-15T20:06:40.079249+00:00
[2022-03-16 00:06:40,219] {processor.py:171} INFO - Processing /home/airflow/.local/lib/python3.7/site-packages/airflow/example_dags/example_latest_only.py took 0.206 seconds
[2022-03-16 00:07:10,809] {processor.py:163} INFO - Started process (PID=3031) to work on /home/airflow/.local/lib/python3.7/site-packages/airflow/example_dags/example_latest_only.py
[2022-03-16 00:07:10,828] {processor.py:642} INFO - Processing file /home/airflow/.local/lib/python3.7/site-packages/airflow/example_dags/example_latest_only.py for tasks to queue
[2022-03-16 00:07:10,829] {logging_mixin.py:109} INFO - [2022-03-16 00:07:10,829] {dagbag.py:500} INFO - Filling up the DagBag from /home/airflow/.local/lib/python3.7/site-packages/airflow/example_dags/example_latest_only.py
[2022-03-16 00:07:10,856] {processor.py:654} INFO - DAG(s) dict_keys(['latest_only']) retrieved from /home/airflow/.local/lib/python3.7/site-packages/airflow/example_dags/example_latest_only.py
[2022-03-16 00:07:10,864] {logging_mixin.py:109} INFO - [2022-03-16 00:07:10,864] {dag.py:2398} INFO - Sync 1 DAGs
[2022-03-16 00:07:10,882] {logging_mixin.py:109} INFO - [2022-03-16 00:07:10,882] {dag.py:2937} INFO - Setting next_dagrun for latest_only to 2022-03-15T20:07:10.882511+00:00
[2022-03-16 00:07:10,929] {processor.py:171} INFO - Processing /home/airflow/.local/lib/python3.7/site-packages/airflow/example_dags/example_latest_only.py took 0.122 seconds
[2022-03-16 00:07:41,847] {processor.py:163} INFO - Started process (PID=3080) to work on /home/airflow/.local/lib/python3.7/site-packages/airflow/example_dags/example_latest_only.py
[2022-03-16 00:07:41,860] {processor.py:642} INFO - Processing file /home/airflow/.local/lib/python3.7/site-packages/airflow/example_dags/example_latest_only.py for tasks to queue
[2022-03-16 00:07:41,861] {logging_mixin.py:109} INFO - [2022-03-16 00:07:41,861] {dagbag.py:500} INFO - Filling up the DagBag from /home/airflow/.local/lib/python3.7/site-packages/airflow/example_dags/example_latest_only.py
[2022-03-16 00:07:41,890] {processor.py:654} INFO - DAG(s) dict_keys(['latest_only']) retrieved from /home/airflow/.local/lib/python3.7/site-packages/airflow/example_dags/example_latest_only.py
[2022-03-16 00:07:41,903] {logging_mixin.py:109} INFO - [2022-03-16 00:07:41,903] {dag.py:2398} INFO - Sync 1 DAGs
[2022-03-16 00:07:41,921] {logging_mixin.py:109} INFO - [2022-03-16 00:07:41,921] {dag.py:2937} INFO - Setting next_dagrun for latest_only to 2022-03-15T20:07:41.921437+00:00
[2022-03-16 00:07:41,962] {processor.py:171} INFO - Processing /home/airflow/.local/lib/python3.7/site-packages/airflow/example_dags/example_latest_only.py took 0.117 seconds
[2022-03-16 00:08:12,143] {processor.py:163} INFO - Started process (PID=3135) to work on /home/airflow/.local/lib/python3.7/site-packages/airflow/example_dags/example_latest_only.py
[2022-03-16 00:08:12,155] {processor.py:642} INFO - Processing file /home/airflow/.local/lib/python3.7/site-packages/airflow/example_dags/example_latest_only.py for tasks to queue
[2022-03-16 00:08:12,156] {logging_mixin.py:109} INFO - [2022-03-16 00:08:12,156] {dagbag.py:500} INFO - Filling up the DagBag from /home/airflow/.local/lib/python3.7/site-packages/airflow/example_dags/example_latest_only.py
[2022-03-16 00:08:12,176] {processor.py:654} INFO - DAG(s) dict_keys(['latest_only']) retrieved from /home/airflow/.local/lib/python3.7/site-packages/airflow/example_dags/example_latest_only.py
[2022-03-16 00:08:12,182] {logging_mixin.py:109} INFO - [2022-03-16 00:08:12,182] {dag.py:2398} INFO - Sync 1 DAGs
[2022-03-16 00:08:12,193] {logging_mixin.py:109} INFO - [2022-03-16 00:08:12,193] {dag.py:2937} INFO - Setting next_dagrun for latest_only to 2022-03-15T20:08:12.193291+00:00
[2022-03-16 00:08:12,410] {processor.py:171} INFO - Processing /home/airflow/.local/lib/python3.7/site-packages/airflow/example_dags/example_latest_only.py took 0.269 seconds
[2022-03-16 00:08:42,939] {processor.py:163} INFO - Started process (PID=3208) to work on /home/airflow/.local/lib/python3.7/site-packages/airflow/example_dags/example_latest_only.py
[2022-03-16 00:08:42,955] {processor.py:642} INFO - Processing file /home/airflow/.local/lib/python3.7/site-packages/airflow/example_dags/example_latest_only.py for tasks to queue
[2022-03-16 00:08:42,955] {logging_mixin.py:109} INFO - [2022-03-16 00:08:42,955] {dagbag.py:500} INFO - Filling up the DagBag from /home/airflow/.local/lib/python3.7/site-packages/airflow/example_dags/example_latest_only.py
[2022-03-16 00:08:42,975] {processor.py:654} INFO - DAG(s) dict_keys(['latest_only']) retrieved from /home/airflow/.local/lib/python3.7/site-packages/airflow/example_dags/example_latest_only.py
[2022-03-16 00:08:42,981] {logging_mixin.py:109} INFO - [2022-03-16 00:08:42,981] {dag.py:2398} INFO - Sync 1 DAGs
[2022-03-16 00:08:42,992] {logging_mixin.py:109} INFO - [2022-03-16 00:08:42,992] {dag.py:2937} INFO - Setting next_dagrun for latest_only to 2022-03-15T20:08:42.991821+00:00
[2022-03-16 00:08:43,380] {processor.py:171} INFO - Processing /home/airflow/.local/lib/python3.7/site-packages/airflow/example_dags/example_latest_only.py took 0.443 seconds
[2022-03-16 00:09:13,858] {processor.py:163} INFO - Started process (PID=3266) to work on /home/airflow/.local/lib/python3.7/site-packages/airflow/example_dags/example_latest_only.py
[2022-03-16 00:09:13,943] {processor.py:642} INFO - Processing file /home/airflow/.local/lib/python3.7/site-packages/airflow/example_dags/example_latest_only.py for tasks to queue
[2022-03-16 00:09:13,943] {logging_mixin.py:109} INFO - [2022-03-16 00:09:13,943] {dagbag.py:500} INFO - Filling up the DagBag from /home/airflow/.local/lib/python3.7/site-packages/airflow/example_dags/example_latest_only.py
[2022-03-16 00:09:13,967] {processor.py:654} INFO - DAG(s) dict_keys(['latest_only']) retrieved from /home/airflow/.local/lib/python3.7/site-packages/airflow/example_dags/example_latest_only.py
[2022-03-16 00:09:13,975] {logging_mixin.py:109} INFO - [2022-03-16 00:09:13,975] {dag.py:2398} INFO - Sync 1 DAGs
[2022-03-16 00:09:13,987] {logging_mixin.py:109} INFO - [2022-03-16 00:09:13,987] {dag.py:2937} INFO - Setting next_dagrun for latest_only to 2022-03-15T20:09:13.987428+00:00
[2022-03-16 00:09:15,078] {processor.py:171} INFO - Processing /home/airflow/.local/lib/python3.7/site-packages/airflow/example_dags/example_latest_only.py took 1.221 seconds
[2022-03-16 00:09:45,299] {processor.py:163} INFO - Started process (PID=3325) to work on /home/airflow/.local/lib/python3.7/site-packages/airflow/example_dags/example_latest_only.py
[2022-03-16 00:09:45,320] {processor.py:642} INFO - Processing file /home/airflow/.local/lib/python3.7/site-packages/airflow/example_dags/example_latest_only.py for tasks to queue
[2022-03-16 00:09:45,321] {logging_mixin.py:109} INFO - [2022-03-16 00:09:45,320] {dagbag.py:500} INFO - Filling up the DagBag from /home/airflow/.local/lib/python3.7/site-packages/airflow/example_dags/example_latest_only.py
[2022-03-16 00:09:45,339] {processor.py:654} INFO - DAG(s) dict_keys(['latest_only']) retrieved from /home/airflow/.local/lib/python3.7/site-packages/airflow/example_dags/example_latest_only.py
[2022-03-16 00:09:45,346] {logging_mixin.py:109} INFO - [2022-03-16 00:09:45,346] {dag.py:2398} INFO - Sync 1 DAGs
[2022-03-16 00:09:45,358] {logging_mixin.py:109} INFO - [2022-03-16 00:09:45,358] {dag.py:2937} INFO - Setting next_dagrun for latest_only to 2022-03-15T20:09:45.358188+00:00
[2022-03-16 00:09:46,926] {processor.py:171} INFO - Processing /home/airflow/.local/lib/python3.7/site-packages/airflow/example_dags/example_latest_only.py took 1.630 seconds
[2022-03-16 00:10:17,649] {processor.py:163} INFO - Started process (PID=3381) to work on /home/airflow/.local/lib/python3.7/site-packages/airflow/example_dags/example_latest_only.py
[2022-03-16 00:10:17,660] {processor.py:642} INFO - Processing file /home/airflow/.local/lib/python3.7/site-packages/airflow/example_dags/example_latest_only.py for tasks to queue
[2022-03-16 00:10:17,661] {logging_mixin.py:109} INFO - [2022-03-16 00:10:17,660] {dagbag.py:500} INFO - Filling up the DagBag from /home/airflow/.local/lib/python3.7/site-packages/airflow/example_dags/example_latest_only.py
[2022-03-16 00:10:17,680] {processor.py:654} INFO - DAG(s) dict_keys(['latest_only']) retrieved from /home/airflow/.local/lib/python3.7/site-packages/airflow/example_dags/example_latest_only.py
[2022-03-16 00:10:17,688] {logging_mixin.py:109} INFO - [2022-03-16 00:10:17,688] {dag.py:2398} INFO - Sync 1 DAGs
[2022-03-16 00:10:17,703] {logging_mixin.py:109} INFO - [2022-03-16 00:10:17,703] {dag.py:2937} INFO - Setting next_dagrun for latest_only to 2022-03-15T20:10:17.702973+00:00
[2022-03-16 00:10:18,740] {processor.py:171} INFO - Processing /home/airflow/.local/lib/python3.7/site-packages/airflow/example_dags/example_latest_only.py took 1.092 seconds
[2022-03-16 00:10:48,834] {processor.py:163} INFO - Started process (PID=3454) to work on /home/airflow/.local/lib/python3.7/site-packages/airflow/example_dags/example_latest_only.py
[2022-03-16 00:10:48,853] {processor.py:642} INFO - Processing file /home/airflow/.local/lib/python3.7/site-packages/airflow/example_dags/example_latest_only.py for tasks to queue
[2022-03-16 00:10:48,853] {logging_mixin.py:109} INFO - [2022-03-16 00:10:48,853] {dagbag.py:500} INFO - Filling up the DagBag from /home/airflow/.local/lib/python3.7/site-packages/airflow/example_dags/example_latest_only.py
[2022-03-16 00:10:48,872] {processor.py:654} INFO - DAG(s) dict_keys(['latest_only']) retrieved from /home/airflow/.local/lib/python3.7/site-packages/airflow/example_dags/example_latest_only.py
[2022-03-16 00:10:48,879] {logging_mixin.py:109} INFO - [2022-03-16 00:10:48,879] {dag.py:2398} INFO - Sync 1 DAGs
[2022-03-16 00:10:48,892] {logging_mixin.py:109} INFO - [2022-03-16 00:10:48,892] {dag.py:2937} INFO - Setting next_dagrun for latest_only to 2022-03-15T20:10:48.892621+00:00
[2022-03-16 00:10:49,083] {processor.py:171} INFO - Processing /home/airflow/.local/lib/python3.7/site-packages/airflow/example_dags/example_latest_only.py took 0.251 seconds
[2022-03-16 00:11:19,400] {processor.py:163} INFO - Started process (PID=3510) to work on /home/airflow/.local/lib/python3.7/site-packages/airflow/example_dags/example_latest_only.py
[2022-03-16 00:11:19,424] {processor.py:642} INFO - Processing file /home/airflow/.local/lib/python3.7/site-packages/airflow/example_dags/example_latest_only.py for tasks to queue
[2022-03-16 00:11:19,424] {logging_mixin.py:109} INFO - [2022-03-16 00:11:19,424] {dagbag.py:500} INFO - Filling up the DagBag from /home/airflow/.local/lib/python3.7/site-packages/airflow/example_dags/example_latest_only.py
[2022-03-16 00:11:19,446] {processor.py:654} INFO - DAG(s) dict_keys(['latest_only']) retrieved from /home/airflow/.local/lib/python3.7/site-packages/airflow/example_dags/example_latest_only.py
[2022-03-16 00:11:19,455] {logging_mixin.py:109} INFO - [2022-03-16 00:11:19,455] {dag.py:2398} INFO - Sync 1 DAGs
[2022-03-16 00:11:19,472] {logging_mixin.py:109} INFO - [2022-03-16 00:11:19,472] {dag.py:2937} INFO - Setting next_dagrun for latest_only to 2022-03-15T20:11:19.472327+00:00
[2022-03-16 00:11:20,115] {processor.py:171} INFO - Processing /home/airflow/.local/lib/python3.7/site-packages/airflow/example_dags/example_latest_only.py took 0.717 seconds
[2022-03-16 00:11:50,605] {processor.py:163} INFO - Started process (PID=3560) to work on /home/airflow/.local/lib/python3.7/site-packages/airflow/example_dags/example_latest_only.py
[2022-03-16 00:11:50,633] {processor.py:642} INFO - Processing file /home/airflow/.local/lib/python3.7/site-packages/airflow/example_dags/example_latest_only.py for tasks to queue
[2022-03-16 00:11:50,634] {logging_mixin.py:109} INFO - [2022-03-16 00:11:50,634] {dagbag.py:500} INFO - Filling up the DagBag from /home/airflow/.local/lib/python3.7/site-packages/airflow/example_dags/example_latest_only.py
[2022-03-16 00:11:50,651] {processor.py:654} INFO - DAG(s) dict_keys(['latest_only']) retrieved from /home/airflow/.local/lib/python3.7/site-packages/airflow/example_dags/example_latest_only.py
[2022-03-16 00:11:50,657] {logging_mixin.py:109} INFO - [2022-03-16 00:11:50,657] {dag.py:2398} INFO - Sync 1 DAGs
[2022-03-16 00:11:50,668] {logging_mixin.py:109} INFO - [2022-03-16 00:11:50,668] {dag.py:2937} INFO - Setting next_dagrun for latest_only to 2022-03-15T20:11:50.668570+00:00
[2022-03-16 00:11:50,714] {processor.py:171} INFO - Processing /home/airflow/.local/lib/python3.7/site-packages/airflow/example_dags/example_latest_only.py took 0.111 seconds
[2022-03-16 00:12:21,271] {processor.py:163} INFO - Started process (PID=3627) to work on /home/airflow/.local/lib/python3.7/site-packages/airflow/example_dags/example_latest_only.py
[2022-03-16 00:12:21,278] {processor.py:642} INFO - Processing file /home/airflow/.local/lib/python3.7/site-packages/airflow/example_dags/example_latest_only.py for tasks to queue
[2022-03-16 00:12:21,279] {logging_mixin.py:109} INFO - [2022-03-16 00:12:21,279] {dagbag.py:500} INFO - Filling up the DagBag from /home/airflow/.local/lib/python3.7/site-packages/airflow/example_dags/example_latest_only.py
[2022-03-16 00:12:21,317] {processor.py:654} INFO - DAG(s) dict_keys(['latest_only']) retrieved from /home/airflow/.local/lib/python3.7/site-packages/airflow/example_dags/example_latest_only.py
[2022-03-16 00:12:21,324] {logging_mixin.py:109} INFO - [2022-03-16 00:12:21,324] {dag.py:2398} INFO - Sync 1 DAGs
[2022-03-16 00:12:21,339] {logging_mixin.py:109} INFO - [2022-03-16 00:12:21,339] {dag.py:2937} INFO - Setting next_dagrun for latest_only to 2022-03-15T20:12:21.338791+00:00
[2022-03-16 00:12:21,694] {processor.py:171} INFO - Processing /home/airflow/.local/lib/python3.7/site-packages/airflow/example_dags/example_latest_only.py took 0.430 seconds
[2022-03-16 00:12:51,764] {processor.py:163} INFO - Started process (PID=3685) to work on /home/airflow/.local/lib/python3.7/site-packages/airflow/example_dags/example_latest_only.py
[2022-03-16 00:12:51,767] {processor.py:642} INFO - Processing file /home/airflow/.local/lib/python3.7/site-packages/airflow/example_dags/example_latest_only.py for tasks to queue
[2022-03-16 00:12:51,768] {logging_mixin.py:109} INFO - [2022-03-16 00:12:51,768] {dagbag.py:500} INFO - Filling up the DagBag from /home/airflow/.local/lib/python3.7/site-packages/airflow/example_dags/example_latest_only.py
[2022-03-16 00:12:51,805] {processor.py:654} INFO - DAG(s) dict_keys(['latest_only']) retrieved from /home/airflow/.local/lib/python3.7/site-packages/airflow/example_dags/example_latest_only.py
[2022-03-16 00:12:51,812] {logging_mixin.py:109} INFO - [2022-03-16 00:12:51,811] {dag.py:2398} INFO - Sync 1 DAGs
[2022-03-16 00:12:51,822] {logging_mixin.py:109} INFO - [2022-03-16 00:12:51,822] {dag.py:2937} INFO - Setting next_dagrun for latest_only to 2022-03-15T20:12:51.822219+00:00
[2022-03-16 00:12:52,374] {processor.py:171} INFO - Processing /home/airflow/.local/lib/python3.7/site-packages/airflow/example_dags/example_latest_only.py took 0.617 seconds
[2022-03-16 00:13:22,717] {processor.py:163} INFO - Started process (PID=3750) to work on /home/airflow/.local/lib/python3.7/site-packages/airflow/example_dags/example_latest_only.py
[2022-03-16 00:13:22,742] {processor.py:642} INFO - Processing file /home/airflow/.local/lib/python3.7/site-packages/airflow/example_dags/example_latest_only.py for tasks to queue
[2022-03-16 00:13:22,743] {logging_mixin.py:109} INFO - [2022-03-16 00:13:22,743] {dagbag.py:500} INFO - Filling up the DagBag from /home/airflow/.local/lib/python3.7/site-packages/airflow/example_dags/example_latest_only.py
[2022-03-16 00:13:22,765] {processor.py:654} INFO - DAG(s) dict_keys(['latest_only']) retrieved from /home/airflow/.local/lib/python3.7/site-packages/airflow/example_dags/example_latest_only.py
[2022-03-16 00:13:22,775] {logging_mixin.py:109} INFO - [2022-03-16 00:13:22,775] {dag.py:2398} INFO - Sync 1 DAGs
[2022-03-16 00:13:22,790] {logging_mixin.py:109} INFO - [2022-03-16 00:13:22,790] {dag.py:2937} INFO - Setting next_dagrun for latest_only to 2022-03-15T20:13:22.790306+00:00
[2022-03-16 00:13:22,854] {processor.py:171} INFO - Processing /home/airflow/.local/lib/python3.7/site-packages/airflow/example_dags/example_latest_only.py took 0.139 seconds
[2022-03-16 00:13:53,508] {processor.py:163} INFO - Started process (PID=3801) to work on /home/airflow/.local/lib/python3.7/site-packages/airflow/example_dags/example_latest_only.py
[2022-03-16 00:13:53,601] {processor.py:642} INFO - Processing file /home/airflow/.local/lib/python3.7/site-packages/airflow/example_dags/example_latest_only.py for tasks to queue
[2022-03-16 00:13:53,602] {logging_mixin.py:109} INFO - [2022-03-16 00:13:53,602] {dagbag.py:500} INFO - Filling up the DagBag from /home/airflow/.local/lib/python3.7/site-packages/airflow/example_dags/example_latest_only.py
[2022-03-16 00:13:53,646] {processor.py:654} INFO - DAG(s) dict_keys(['latest_only']) retrieved from /home/airflow/.local/lib/python3.7/site-packages/airflow/example_dags/example_latest_only.py
[2022-03-16 00:13:53,653] {logging_mixin.py:109} INFO - [2022-03-16 00:13:53,653] {dag.py:2398} INFO - Sync 1 DAGs
[2022-03-16 00:13:53,664] {logging_mixin.py:109} INFO - [2022-03-16 00:13:53,664] {dag.py:2937} INFO - Setting next_dagrun for latest_only to 2022-03-15T20:13:53.664159+00:00
[2022-03-16 00:13:54,502] {processor.py:171} INFO - Processing /home/airflow/.local/lib/python3.7/site-packages/airflow/example_dags/example_latest_only.py took 0.996 seconds
[2022-03-16 00:14:24,673] {processor.py:163} INFO - Started process (PID=3863) to work on /home/airflow/.local/lib/python3.7/site-packages/airflow/example_dags/example_latest_only.py
[2022-03-16 00:14:24,686] {processor.py:642} INFO - Processing file /home/airflow/.local/lib/python3.7/site-packages/airflow/example_dags/example_latest_only.py for tasks to queue
[2022-03-16 00:14:24,688] {logging_mixin.py:109} INFO - [2022-03-16 00:14:24,687] {dagbag.py:500} INFO - Filling up the DagBag from /home/airflow/.local/lib/python3.7/site-packages/airflow/example_dags/example_latest_only.py
[2022-03-16 00:14:24,732] {processor.py:654} INFO - DAG(s) dict_keys(['latest_only']) retrieved from /home/airflow/.local/lib/python3.7/site-packages/airflow/example_dags/example_latest_only.py
[2022-03-16 00:14:24,746] {logging_mixin.py:109} INFO - [2022-03-16 00:14:24,746] {dag.py:2398} INFO - Sync 1 DAGs
[2022-03-16 00:14:24,772] {logging_mixin.py:109} INFO - [2022-03-16 00:14:24,772] {dag.py:2937} INFO - Setting next_dagrun for latest_only to 2022-03-15T20:14:24.771697+00:00
[2022-03-16 00:14:24,871] {processor.py:171} INFO - Processing /home/airflow/.local/lib/python3.7/site-packages/airflow/example_dags/example_latest_only.py took 0.206 seconds
[2022-03-16 00:14:55,561] {processor.py:163} INFO - Started process (PID=3933) to work on /home/airflow/.local/lib/python3.7/site-packages/airflow/example_dags/example_latest_only.py
[2022-03-16 00:14:55,568] {processor.py:642} INFO - Processing file /home/airflow/.local/lib/python3.7/site-packages/airflow/example_dags/example_latest_only.py for tasks to queue
[2022-03-16 00:14:55,568] {logging_mixin.py:109} INFO - [2022-03-16 00:14:55,568] {dagbag.py:500} INFO - Filling up the DagBag from /home/airflow/.local/lib/python3.7/site-packages/airflow/example_dags/example_latest_only.py
[2022-03-16 00:14:55,597] {processor.py:654} INFO - DAG(s) dict_keys(['latest_only']) retrieved from /home/airflow/.local/lib/python3.7/site-packages/airflow/example_dags/example_latest_only.py
[2022-03-16 00:14:55,606] {logging_mixin.py:109} INFO - [2022-03-16 00:14:55,606] {dag.py:2398} INFO - Sync 1 DAGs
[2022-03-16 00:14:55,619] {logging_mixin.py:109} INFO - [2022-03-16 00:14:55,619] {dag.py:2937} INFO - Setting next_dagrun for latest_only to 2022-03-15T20:14:55.618978+00:00
[2022-03-16 00:14:55,690] {processor.py:171} INFO - Processing /home/airflow/.local/lib/python3.7/site-packages/airflow/example_dags/example_latest_only.py took 0.131 seconds
[2022-03-16 00:15:26,136] {processor.py:163} INFO - Started process (PID=3986) to work on /home/airflow/.local/lib/python3.7/site-packages/airflow/example_dags/example_latest_only.py
[2022-03-16 00:15:26,190] {processor.py:642} INFO - Processing file /home/airflow/.local/lib/python3.7/site-packages/airflow/example_dags/example_latest_only.py for tasks to queue
[2022-03-16 00:15:26,190] {logging_mixin.py:109} INFO - [2022-03-16 00:15:26,190] {dagbag.py:500} INFO - Filling up the DagBag from /home/airflow/.local/lib/python3.7/site-packages/airflow/example_dags/example_latest_only.py
[2022-03-16 00:15:26,207] {processor.py:654} INFO - DAG(s) dict_keys(['latest_only']) retrieved from /home/airflow/.local/lib/python3.7/site-packages/airflow/example_dags/example_latest_only.py
[2022-03-16 00:15:26,213] {logging_mixin.py:109} INFO - [2022-03-16 00:15:26,213] {dag.py:2398} INFO - Sync 1 DAGs
[2022-03-16 00:15:26,224] {logging_mixin.py:109} INFO - [2022-03-16 00:15:26,224] {dag.py:2937} INFO - Setting next_dagrun for latest_only to 2022-03-15T20:15:26.224292+00:00
[2022-03-16 00:15:26,380] {processor.py:171} INFO - Processing /home/airflow/.local/lib/python3.7/site-packages/airflow/example_dags/example_latest_only.py took 0.250 seconds
[2022-03-16 00:15:56,653] {processor.py:163} INFO - Started process (PID=4036) to work on /home/airflow/.local/lib/python3.7/site-packages/airflow/example_dags/example_latest_only.py
[2022-03-16 00:15:56,685] {processor.py:642} INFO - Processing file /home/airflow/.local/lib/python3.7/site-packages/airflow/example_dags/example_latest_only.py for tasks to queue
[2022-03-16 00:15:56,686] {logging_mixin.py:109} INFO - [2022-03-16 00:15:56,686] {dagbag.py:500} INFO - Filling up the DagBag from /home/airflow/.local/lib/python3.7/site-packages/airflow/example_dags/example_latest_only.py
[2022-03-16 00:15:56,706] {processor.py:654} INFO - DAG(s) dict_keys(['latest_only']) retrieved from /home/airflow/.local/lib/python3.7/site-packages/airflow/example_dags/example_latest_only.py
[2022-03-16 00:15:56,715] {logging_mixin.py:109} INFO - [2022-03-16 00:15:56,714] {dag.py:2398} INFO - Sync 1 DAGs
[2022-03-16 00:15:56,731] {logging_mixin.py:109} INFO - [2022-03-16 00:15:56,730] {dag.py:2937} INFO - Setting next_dagrun for latest_only to 2022-03-15T20:15:56.730723+00:00
[2022-03-16 00:15:56,784] {processor.py:171} INFO - Processing /home/airflow/.local/lib/python3.7/site-packages/airflow/example_dags/example_latest_only.py took 0.133 seconds
[2022-03-16 00:16:27,505] {processor.py:163} INFO - Started process (PID=4104) to work on /home/airflow/.local/lib/python3.7/site-packages/airflow/example_dags/example_latest_only.py
[2022-03-16 00:16:27,579] {processor.py:642} INFO - Processing file /home/airflow/.local/lib/python3.7/site-packages/airflow/example_dags/example_latest_only.py for tasks to queue
[2022-03-16 00:16:27,580] {logging_mixin.py:109} INFO - [2022-03-16 00:16:27,580] {dagbag.py:500} INFO - Filling up the DagBag from /home/airflow/.local/lib/python3.7/site-packages/airflow/example_dags/example_latest_only.py
[2022-03-16 00:16:27,597] {processor.py:654} INFO - DAG(s) dict_keys(['latest_only']) retrieved from /home/airflow/.local/lib/python3.7/site-packages/airflow/example_dags/example_latest_only.py
[2022-03-16 00:16:27,603] {logging_mixin.py:109} INFO - [2022-03-16 00:16:27,603] {dag.py:2398} INFO - Sync 1 DAGs
[2022-03-16 00:16:27,614] {logging_mixin.py:109} INFO - [2022-03-16 00:16:27,614] {dag.py:2937} INFO - Setting next_dagrun for latest_only to 2022-03-15T20:16:27.614338+00:00
[2022-03-16 00:16:28,289] {processor.py:171} INFO - Processing /home/airflow/.local/lib/python3.7/site-packages/airflow/example_dags/example_latest_only.py took 0.786 seconds
[2022-03-16 00:16:59,290] {processor.py:163} INFO - Started process (PID=4165) to work on /home/airflow/.local/lib/python3.7/site-packages/airflow/example_dags/example_latest_only.py
[2022-03-16 00:16:59,373] {processor.py:642} INFO - Processing file /home/airflow/.local/lib/python3.7/site-packages/airflow/example_dags/example_latest_only.py for tasks to queue
[2022-03-16 00:16:59,374] {logging_mixin.py:109} INFO - [2022-03-16 00:16:59,374] {dagbag.py:500} INFO - Filling up the DagBag from /home/airflow/.local/lib/python3.7/site-packages/airflow/example_dags/example_latest_only.py
[2022-03-16 00:16:59,429] {processor.py:654} INFO - DAG(s) dict_keys(['latest_only']) retrieved from /home/airflow/.local/lib/python3.7/site-packages/airflow/example_dags/example_latest_only.py
[2022-03-16 00:16:59,436] {logging_mixin.py:109} INFO - [2022-03-16 00:16:59,436] {dag.py:2398} INFO - Sync 1 DAGs
[2022-03-16 00:16:59,449] {logging_mixin.py:109} INFO - [2022-03-16 00:16:59,449] {dag.py:2937} INFO - Setting next_dagrun for latest_only to 2022-03-15T20:16:59.448945+00:00
[2022-03-16 00:16:59,485] {processor.py:171} INFO - Processing /home/airflow/.local/lib/python3.7/site-packages/airflow/example_dags/example_latest_only.py took 0.197 seconds
[2022-03-16 00:17:29,828] {processor.py:163} INFO - Started process (PID=4226) to work on /home/airflow/.local/lib/python3.7/site-packages/airflow/example_dags/example_latest_only.py
[2022-03-16 00:17:29,842] {processor.py:642} INFO - Processing file /home/airflow/.local/lib/python3.7/site-packages/airflow/example_dags/example_latest_only.py for tasks to queue
[2022-03-16 00:17:29,842] {logging_mixin.py:109} INFO - [2022-03-16 00:17:29,842] {dagbag.py:500} INFO - Filling up the DagBag from /home/airflow/.local/lib/python3.7/site-packages/airflow/example_dags/example_latest_only.py
[2022-03-16 00:17:29,875] {processor.py:654} INFO - DAG(s) dict_keys(['latest_only']) retrieved from /home/airflow/.local/lib/python3.7/site-packages/airflow/example_dags/example_latest_only.py
[2022-03-16 00:17:29,884] {logging_mixin.py:109} INFO - [2022-03-16 00:17:29,884] {dag.py:2398} INFO - Sync 1 DAGs
[2022-03-16 00:17:29,903] {logging_mixin.py:109} INFO - [2022-03-16 00:17:29,902] {dag.py:2937} INFO - Setting next_dagrun for latest_only to 2022-03-15T20:17:29.902663+00:00
[2022-03-16 00:17:31,096] {processor.py:171} INFO - Processing /home/airflow/.local/lib/python3.7/site-packages/airflow/example_dags/example_latest_only.py took 1.271 seconds
[2022-03-16 00:18:01,632] {processor.py:163} INFO - Started process (PID=4276) to work on /home/airflow/.local/lib/python3.7/site-packages/airflow/example_dags/example_latest_only.py
[2022-03-16 00:18:01,662] {processor.py:642} INFO - Processing file /home/airflow/.local/lib/python3.7/site-packages/airflow/example_dags/example_latest_only.py for tasks to queue
[2022-03-16 00:18:01,662] {logging_mixin.py:109} INFO - [2022-03-16 00:18:01,662] {dagbag.py:500} INFO - Filling up the DagBag from /home/airflow/.local/lib/python3.7/site-packages/airflow/example_dags/example_latest_only.py
[2022-03-16 00:18:01,684] {processor.py:654} INFO - DAG(s) dict_keys(['latest_only']) retrieved from /home/airflow/.local/lib/python3.7/site-packages/airflow/example_dags/example_latest_only.py
[2022-03-16 00:18:01,691] {logging_mixin.py:109} INFO - [2022-03-16 00:18:01,690] {dag.py:2398} INFO - Sync 1 DAGs
[2022-03-16 00:18:01,706] {logging_mixin.py:109} INFO - [2022-03-16 00:18:01,706] {dag.py:2937} INFO - Setting next_dagrun for latest_only to 2022-03-15T20:18:01.705824+00:00
[2022-03-16 00:18:01,795] {processor.py:171} INFO - Processing /home/airflow/.local/lib/python3.7/site-packages/airflow/example_dags/example_latest_only.py took 0.165 seconds
[2022-03-16 00:18:31,885] {processor.py:163} INFO - Started process (PID=4350) to work on /home/airflow/.local/lib/python3.7/site-packages/airflow/example_dags/example_latest_only.py
[2022-03-16 00:18:31,915] {processor.py:642} INFO - Processing file /home/airflow/.local/lib/python3.7/site-packages/airflow/example_dags/example_latest_only.py for tasks to queue
[2022-03-16 00:18:31,916] {logging_mixin.py:109} INFO - [2022-03-16 00:18:31,916] {dagbag.py:500} INFO - Filling up the DagBag from /home/airflow/.local/lib/python3.7/site-packages/airflow/example_dags/example_latest_only.py
[2022-03-16 00:18:31,944] {processor.py:654} INFO - DAG(s) dict_keys(['latest_only']) retrieved from /home/airflow/.local/lib/python3.7/site-packages/airflow/example_dags/example_latest_only.py
[2022-03-16 00:18:31,953] {logging_mixin.py:109} INFO - [2022-03-16 00:18:31,953] {dag.py:2398} INFO - Sync 1 DAGs
[2022-03-16 00:18:31,972] {logging_mixin.py:109} INFO - [2022-03-16 00:18:31,972] {dag.py:2937} INFO - Setting next_dagrun for latest_only to 2022-03-15T20:18:31.971732+00:00
[2022-03-16 00:18:32,898] {processor.py:171} INFO - Processing /home/airflow/.local/lib/python3.7/site-packages/airflow/example_dags/example_latest_only.py took 1.015 seconds
[2022-03-16 00:19:03,443] {processor.py:163} INFO - Started process (PID=4413) to work on /home/airflow/.local/lib/python3.7/site-packages/airflow/example_dags/example_latest_only.py
[2022-03-16 00:19:03,454] {processor.py:642} INFO - Processing file /home/airflow/.local/lib/python3.7/site-packages/airflow/example_dags/example_latest_only.py for tasks to queue
[2022-03-16 00:19:03,454] {logging_mixin.py:109} INFO - [2022-03-16 00:19:03,454] {dagbag.py:500} INFO - Filling up the DagBag from /home/airflow/.local/lib/python3.7/site-packages/airflow/example_dags/example_latest_only.py
[2022-03-16 00:19:03,477] {processor.py:654} INFO - DAG(s) dict_keys(['latest_only']) retrieved from /home/airflow/.local/lib/python3.7/site-packages/airflow/example_dags/example_latest_only.py
[2022-03-16 00:19:03,485] {logging_mixin.py:109} INFO - [2022-03-16 00:19:03,485] {dag.py:2398} INFO - Sync 1 DAGs
[2022-03-16 00:19:03,502] {logging_mixin.py:109} INFO - [2022-03-16 00:19:03,502] {dag.py:2937} INFO - Setting next_dagrun for latest_only to 2022-03-15T20:19:03.502452+00:00
[2022-03-16 00:19:04,424] {processor.py:171} INFO - Processing /home/airflow/.local/lib/python3.7/site-packages/airflow/example_dags/example_latest_only.py took 0.983 seconds
[2022-03-16 00:19:35,300] {processor.py:163} INFO - Started process (PID=4472) to work on /home/airflow/.local/lib/python3.7/site-packages/airflow/example_dags/example_latest_only.py
[2022-03-16 00:19:35,323] {processor.py:642} INFO - Processing file /home/airflow/.local/lib/python3.7/site-packages/airflow/example_dags/example_latest_only.py for tasks to queue
[2022-03-16 00:19:35,323] {logging_mixin.py:109} INFO - [2022-03-16 00:19:35,323] {dagbag.py:500} INFO - Filling up the DagBag from /home/airflow/.local/lib/python3.7/site-packages/airflow/example_dags/example_latest_only.py
[2022-03-16 00:19:35,345] {processor.py:654} INFO - DAG(s) dict_keys(['latest_only']) retrieved from /home/airflow/.local/lib/python3.7/site-packages/airflow/example_dags/example_latest_only.py
[2022-03-16 00:19:35,355] {logging_mixin.py:109} INFO - [2022-03-16 00:19:35,355] {dag.py:2398} INFO - Sync 1 DAGs
[2022-03-16 00:19:35,374] {logging_mixin.py:109} INFO - [2022-03-16 00:19:35,374] {dag.py:2937} INFO - Setting next_dagrun for latest_only to 2022-03-15T20:19:35.373803+00:00
[2022-03-16 00:19:35,713] {processor.py:171} INFO - Processing /home/airflow/.local/lib/python3.7/site-packages/airflow/example_dags/example_latest_only.py took 0.415 seconds
[2022-03-16 00:20:06,181] {processor.py:163} INFO - Started process (PID=4524) to work on /home/airflow/.local/lib/python3.7/site-packages/airflow/example_dags/example_latest_only.py
[2022-03-16 00:20:06,189] {processor.py:642} INFO - Processing file /home/airflow/.local/lib/python3.7/site-packages/airflow/example_dags/example_latest_only.py for tasks to queue
[2022-03-16 00:20:06,190] {logging_mixin.py:109} INFO - [2022-03-16 00:20:06,190] {dagbag.py:500} INFO - Filling up the DagBag from /home/airflow/.local/lib/python3.7/site-packages/airflow/example_dags/example_latest_only.py
[2022-03-16 00:20:06,216] {processor.py:654} INFO - DAG(s) dict_keys(['latest_only']) retrieved from /home/airflow/.local/lib/python3.7/site-packages/airflow/example_dags/example_latest_only.py
[2022-03-16 00:20:06,226] {logging_mixin.py:109} INFO - [2022-03-16 00:20:06,226] {dag.py:2398} INFO - Sync 1 DAGs
[2022-03-16 00:20:06,239] {logging_mixin.py:109} INFO - [2022-03-16 00:20:06,239] {dag.py:2937} INFO - Setting next_dagrun for latest_only to 2022-03-15T20:20:06.239052+00:00
[2022-03-16 00:20:06,447] {processor.py:171} INFO - Processing /home/airflow/.local/lib/python3.7/site-packages/airflow/example_dags/example_latest_only.py took 0.273 seconds
[2022-03-16 00:20:36,626] {processor.py:163} INFO - Started process (PID=4587) to work on /home/airflow/.local/lib/python3.7/site-packages/airflow/example_dags/example_latest_only.py
[2022-03-16 00:20:36,639] {processor.py:642} INFO - Processing file /home/airflow/.local/lib/python3.7/site-packages/airflow/example_dags/example_latest_only.py for tasks to queue
[2022-03-16 00:20:36,640] {logging_mixin.py:109} INFO - [2022-03-16 00:20:36,640] {dagbag.py:500} INFO - Filling up the DagBag from /home/airflow/.local/lib/python3.7/site-packages/airflow/example_dags/example_latest_only.py
[2022-03-16 00:20:36,681] {processor.py:654} INFO - DAG(s) dict_keys(['latest_only']) retrieved from /home/airflow/.local/lib/python3.7/site-packages/airflow/example_dags/example_latest_only.py
[2022-03-16 00:20:36,687] {logging_mixin.py:109} INFO - [2022-03-16 00:20:36,687] {dag.py:2398} INFO - Sync 1 DAGs
[2022-03-16 00:20:36,698] {logging_mixin.py:109} INFO - [2022-03-16 00:20:36,698] {dag.py:2937} INFO - Setting next_dagrun for latest_only to 2022-03-15T20:20:36.698353+00:00
[2022-03-16 00:20:37,168] {processor.py:171} INFO - Processing /home/airflow/.local/lib/python3.7/site-packages/airflow/example_dags/example_latest_only.py took 0.548 seconds
[2022-03-16 00:21:07,205] {processor.py:163} INFO - Started process (PID=4659) to work on /home/airflow/.local/lib/python3.7/site-packages/airflow/example_dags/example_latest_only.py
[2022-03-16 00:21:07,245] {processor.py:642} INFO - Processing file /home/airflow/.local/lib/python3.7/site-packages/airflow/example_dags/example_latest_only.py for tasks to queue
[2022-03-16 00:21:07,246] {logging_mixin.py:109} INFO - [2022-03-16 00:21:07,246] {dagbag.py:500} INFO - Filling up the DagBag from /home/airflow/.local/lib/python3.7/site-packages/airflow/example_dags/example_latest_only.py
[2022-03-16 00:21:07,265] {processor.py:654} INFO - DAG(s) dict_keys(['latest_only']) retrieved from /home/airflow/.local/lib/python3.7/site-packages/airflow/example_dags/example_latest_only.py
[2022-03-16 00:21:07,272] {logging_mixin.py:109} INFO - [2022-03-16 00:21:07,271] {dag.py:2398} INFO - Sync 1 DAGs
[2022-03-16 00:21:07,283] {logging_mixin.py:109} INFO - [2022-03-16 00:21:07,283] {dag.py:2937} INFO - Setting next_dagrun for latest_only to 2022-03-15T20:21:07.283597+00:00
[2022-03-16 00:21:07,321] {processor.py:171} INFO - Processing /home/airflow/.local/lib/python3.7/site-packages/airflow/example_dags/example_latest_only.py took 0.118 seconds
[2022-03-16 00:21:37,464] {processor.py:163} INFO - Started process (PID=4709) to work on /home/airflow/.local/lib/python3.7/site-packages/airflow/example_dags/example_latest_only.py
[2022-03-16 00:21:37,482] {processor.py:642} INFO - Processing file /home/airflow/.local/lib/python3.7/site-packages/airflow/example_dags/example_latest_only.py for tasks to queue
[2022-03-16 00:21:37,483] {logging_mixin.py:109} INFO - [2022-03-16 00:21:37,483] {dagbag.py:500} INFO - Filling up the DagBag from /home/airflow/.local/lib/python3.7/site-packages/airflow/example_dags/example_latest_only.py
[2022-03-16 00:21:37,506] {processor.py:654} INFO - DAG(s) dict_keys(['latest_only']) retrieved from /home/airflow/.local/lib/python3.7/site-packages/airflow/example_dags/example_latest_only.py
[2022-03-16 00:21:37,515] {logging_mixin.py:109} INFO - [2022-03-16 00:21:37,515] {dag.py:2398} INFO - Sync 1 DAGs
[2022-03-16 00:21:37,530] {logging_mixin.py:109} INFO - [2022-03-16 00:21:37,530] {dag.py:2937} INFO - Setting next_dagrun for latest_only to 2022-03-15T20:21:37.530385+00:00
[2022-03-16 00:21:37,868] {processor.py:171} INFO - Processing /home/airflow/.local/lib/python3.7/site-packages/airflow/example_dags/example_latest_only.py took 0.406 seconds
[2022-03-16 00:22:08,066] {processor.py:163} INFO - Started process (PID=4772) to work on /home/airflow/.local/lib/python3.7/site-packages/airflow/example_dags/example_latest_only.py
[2022-03-16 00:22:08,079] {processor.py:642} INFO - Processing file /home/airflow/.local/lib/python3.7/site-packages/airflow/example_dags/example_latest_only.py for tasks to queue
[2022-03-16 00:22:08,079] {logging_mixin.py:109} INFO - [2022-03-16 00:22:08,079] {dagbag.py:500} INFO - Filling up the DagBag from /home/airflow/.local/lib/python3.7/site-packages/airflow/example_dags/example_latest_only.py
[2022-03-16 00:22:08,098] {processor.py:654} INFO - DAG(s) dict_keys(['latest_only']) retrieved from /home/airflow/.local/lib/python3.7/site-packages/airflow/example_dags/example_latest_only.py
[2022-03-16 00:22:08,104] {logging_mixin.py:109} INFO - [2022-03-16 00:22:08,104] {dag.py:2398} INFO - Sync 1 DAGs
[2022-03-16 00:22:08,117] {logging_mixin.py:109} INFO - [2022-03-16 00:22:08,116] {dag.py:2937} INFO - Setting next_dagrun for latest_only to 2022-03-15T20:22:08.116698+00:00
[2022-03-16 00:22:08,636] {processor.py:171} INFO - Processing /home/airflow/.local/lib/python3.7/site-packages/airflow/example_dags/example_latest_only.py took 0.572 seconds
[2022-03-16 00:22:38,702] {processor.py:163} INFO - Started process (PID=4837) to work on /home/airflow/.local/lib/python3.7/site-packages/airflow/example_dags/example_latest_only.py
[2022-03-16 00:22:38,708] {processor.py:642} INFO - Processing file /home/airflow/.local/lib/python3.7/site-packages/airflow/example_dags/example_latest_only.py for tasks to queue
[2022-03-16 00:22:38,708] {logging_mixin.py:109} INFO - [2022-03-16 00:22:38,708] {dagbag.py:500} INFO - Filling up the DagBag from /home/airflow/.local/lib/python3.7/site-packages/airflow/example_dags/example_latest_only.py
[2022-03-16 00:22:38,728] {processor.py:654} INFO - DAG(s) dict_keys(['latest_only']) retrieved from /home/airflow/.local/lib/python3.7/site-packages/airflow/example_dags/example_latest_only.py
[2022-03-16 00:22:38,735] {logging_mixin.py:109} INFO - [2022-03-16 00:22:38,735] {dag.py:2398} INFO - Sync 1 DAGs
[2022-03-16 00:22:38,747] {logging_mixin.py:109} INFO - [2022-03-16 00:22:38,747] {dag.py:2937} INFO - Setting next_dagrun for latest_only to 2022-03-15T20:22:38.746826+00:00
[2022-03-16 00:22:38,881] {processor.py:171} INFO - Processing /home/airflow/.local/lib/python3.7/site-packages/airflow/example_dags/example_latest_only.py took 0.181 seconds
[2022-03-16 00:23:09,245] {processor.py:163} INFO - Started process (PID=4908) to work on /home/airflow/.local/lib/python3.7/site-packages/airflow/example_dags/example_latest_only.py
[2022-03-16 00:23:09,245] {processor.py:642} INFO - Processing file /home/airflow/.local/lib/python3.7/site-packages/airflow/example_dags/example_latest_only.py for tasks to queue
[2022-03-16 00:23:09,246] {logging_mixin.py:109} INFO - [2022-03-16 00:23:09,246] {dagbag.py:500} INFO - Filling up the DagBag from /home/airflow/.local/lib/python3.7/site-packages/airflow/example_dags/example_latest_only.py
[2022-03-16 00:23:09,265] {processor.py:654} INFO - DAG(s) dict_keys(['latest_only']) retrieved from /home/airflow/.local/lib/python3.7/site-packages/airflow/example_dags/example_latest_only.py
[2022-03-16 00:23:09,271] {logging_mixin.py:109} INFO - [2022-03-16 00:23:09,271] {dag.py:2398} INFO - Sync 1 DAGs
[2022-03-16 00:23:09,283] {logging_mixin.py:109} INFO - [2022-03-16 00:23:09,283] {dag.py:2937} INFO - Setting next_dagrun for latest_only to 2022-03-15T20:23:09.283102+00:00
[2022-03-16 00:23:10,075] {processor.py:171} INFO - Processing /home/airflow/.local/lib/python3.7/site-packages/airflow/example_dags/example_latest_only.py took 0.833 seconds
[2022-03-16 00:23:41,754] {processor.py:163} INFO - Started process (PID=4958) to work on /home/airflow/.local/lib/python3.7/site-packages/airflow/example_dags/example_latest_only.py
[2022-03-16 00:23:41,756] {processor.py:642} INFO - Processing file /home/airflow/.local/lib/python3.7/site-packages/airflow/example_dags/example_latest_only.py for tasks to queue
[2022-03-16 00:23:41,756] {logging_mixin.py:109} INFO - [2022-03-16 00:23:41,756] {dagbag.py:500} INFO - Filling up the DagBag from /home/airflow/.local/lib/python3.7/site-packages/airflow/example_dags/example_latest_only.py
[2022-03-16 00:23:41,792] {processor.py:654} INFO - DAG(s) dict_keys(['latest_only']) retrieved from /home/airflow/.local/lib/python3.7/site-packages/airflow/example_dags/example_latest_only.py
[2022-03-16 00:23:41,800] {logging_mixin.py:109} INFO - [2022-03-16 00:23:41,799] {dag.py:2398} INFO - Sync 1 DAGs
[2022-03-16 00:23:41,811] {logging_mixin.py:109} INFO - [2022-03-16 00:23:41,811] {dag.py:2937} INFO - Setting next_dagrun for latest_only to 2022-03-15T20:23:41.811413+00:00
[2022-03-16 00:23:41,951] {processor.py:171} INFO - Processing /home/airflow/.local/lib/python3.7/site-packages/airflow/example_dags/example_latest_only.py took 0.202 seconds
[2022-03-16 00:24:13,547] {processor.py:163} INFO - Started process (PID=5024) to work on /home/airflow/.local/lib/python3.7/site-packages/airflow/example_dags/example_latest_only.py
[2022-03-16 00:24:13,555] {processor.py:642} INFO - Processing file /home/airflow/.local/lib/python3.7/site-packages/airflow/example_dags/example_latest_only.py for tasks to queue
[2022-03-16 00:24:13,555] {logging_mixin.py:109} INFO - [2022-03-16 00:24:13,555] {dagbag.py:500} INFO - Filling up the DagBag from /home/airflow/.local/lib/python3.7/site-packages/airflow/example_dags/example_latest_only.py
[2022-03-16 00:24:13,573] {processor.py:654} INFO - DAG(s) dict_keys(['latest_only']) retrieved from /home/airflow/.local/lib/python3.7/site-packages/airflow/example_dags/example_latest_only.py
[2022-03-16 00:24:13,579] {logging_mixin.py:109} INFO - [2022-03-16 00:24:13,579] {dag.py:2398} INFO - Sync 1 DAGs
[2022-03-16 00:24:13,589] {logging_mixin.py:109} INFO - [2022-03-16 00:24:13,589] {dag.py:2937} INFO - Setting next_dagrun for latest_only to 2022-03-15T20:24:13.589479+00:00
[2022-03-16 00:24:13,670] {processor.py:171} INFO - Processing /home/airflow/.local/lib/python3.7/site-packages/airflow/example_dags/example_latest_only.py took 0.125 seconds
[2022-03-16 00:24:45,042] {processor.py:163} INFO - Started process (PID=5088) to work on /home/airflow/.local/lib/python3.7/site-packages/airflow/example_dags/example_latest_only.py
[2022-03-16 00:24:45,052] {processor.py:642} INFO - Processing file /home/airflow/.local/lib/python3.7/site-packages/airflow/example_dags/example_latest_only.py for tasks to queue
[2022-03-16 00:24:45,052] {logging_mixin.py:109} INFO - [2022-03-16 00:24:45,052] {dagbag.py:500} INFO - Filling up the DagBag from /home/airflow/.local/lib/python3.7/site-packages/airflow/example_dags/example_latest_only.py
[2022-03-16 00:24:45,071] {processor.py:654} INFO - DAG(s) dict_keys(['latest_only']) retrieved from /home/airflow/.local/lib/python3.7/site-packages/airflow/example_dags/example_latest_only.py
[2022-03-16 00:24:45,077] {logging_mixin.py:109} INFO - [2022-03-16 00:24:45,077] {dag.py:2398} INFO - Sync 1 DAGs
[2022-03-16 00:24:45,089] {logging_mixin.py:109} INFO - [2022-03-16 00:24:45,089] {dag.py:2937} INFO - Setting next_dagrun for latest_only to 2022-03-15T20:24:45.089239+00:00
[2022-03-16 00:24:45,166] {processor.py:171} INFO - Processing /home/airflow/.local/lib/python3.7/site-packages/airflow/example_dags/example_latest_only.py took 0.125 seconds
[2022-03-16 00:25:15,635] {processor.py:163} INFO - Started process (PID=5156) to work on /home/airflow/.local/lib/python3.7/site-packages/airflow/example_dags/example_latest_only.py
[2022-03-16 00:25:15,636] {processor.py:642} INFO - Processing file /home/airflow/.local/lib/python3.7/site-packages/airflow/example_dags/example_latest_only.py for tasks to queue
[2022-03-16 00:25:15,636] {logging_mixin.py:109} INFO - [2022-03-16 00:25:15,636] {dagbag.py:500} INFO - Filling up the DagBag from /home/airflow/.local/lib/python3.7/site-packages/airflow/example_dags/example_latest_only.py
[2022-03-16 00:25:15,655] {processor.py:654} INFO - DAG(s) dict_keys(['latest_only']) retrieved from /home/airflow/.local/lib/python3.7/site-packages/airflow/example_dags/example_latest_only.py
[2022-03-16 00:25:15,661] {logging_mixin.py:109} INFO - [2022-03-16 00:25:15,661] {dag.py:2398} INFO - Sync 1 DAGs
[2022-03-16 00:25:15,673] {logging_mixin.py:109} INFO - [2022-03-16 00:25:15,673] {dag.py:2937} INFO - Setting next_dagrun for latest_only to 2022-03-15T20:25:15.673133+00:00
[2022-03-16 00:25:15,736] {processor.py:171} INFO - Processing /home/airflow/.local/lib/python3.7/site-packages/airflow/example_dags/example_latest_only.py took 0.103 seconds
[2022-03-16 00:25:46,239] {processor.py:163} INFO - Started process (PID=5206) to work on /home/airflow/.local/lib/python3.7/site-packages/airflow/example_dags/example_latest_only.py
[2022-03-16 00:25:46,244] {processor.py:642} INFO - Processing file /home/airflow/.local/lib/python3.7/site-packages/airflow/example_dags/example_latest_only.py for tasks to queue
[2022-03-16 00:25:46,245] {logging_mixin.py:109} INFO - [2022-03-16 00:25:46,245] {dagbag.py:500} INFO - Filling up the DagBag from /home/airflow/.local/lib/python3.7/site-packages/airflow/example_dags/example_latest_only.py
[2022-03-16 00:25:46,277] {processor.py:654} INFO - DAG(s) dict_keys(['latest_only']) retrieved from /home/airflow/.local/lib/python3.7/site-packages/airflow/example_dags/example_latest_only.py
[2022-03-16 00:25:46,284] {logging_mixin.py:109} INFO - [2022-03-16 00:25:46,284] {dag.py:2398} INFO - Sync 1 DAGs
[2022-03-16 00:25:46,295] {logging_mixin.py:109} INFO - [2022-03-16 00:25:46,295] {dag.py:2937} INFO - Setting next_dagrun for latest_only to 2022-03-15T20:25:46.294937+00:00
[2022-03-16 00:25:46,350] {processor.py:171} INFO - Processing /home/airflow/.local/lib/python3.7/site-packages/airflow/example_dags/example_latest_only.py took 0.115 seconds
[2022-03-16 00:26:18,312] {processor.py:163} INFO - Started process (PID=5272) to work on /home/airflow/.local/lib/python3.7/site-packages/airflow/example_dags/example_latest_only.py
[2022-03-16 00:26:18,320] {processor.py:642} INFO - Processing file /home/airflow/.local/lib/python3.7/site-packages/airflow/example_dags/example_latest_only.py for tasks to queue
[2022-03-16 00:26:18,321] {logging_mixin.py:109} INFO - [2022-03-16 00:26:18,321] {dagbag.py:500} INFO - Filling up the DagBag from /home/airflow/.local/lib/python3.7/site-packages/airflow/example_dags/example_latest_only.py
[2022-03-16 00:26:18,338] {processor.py:654} INFO - DAG(s) dict_keys(['latest_only']) retrieved from /home/airflow/.local/lib/python3.7/site-packages/airflow/example_dags/example_latest_only.py
[2022-03-16 00:26:18,344] {logging_mixin.py:109} INFO - [2022-03-16 00:26:18,344] {dag.py:2398} INFO - Sync 1 DAGs
[2022-03-16 00:26:18,354] {logging_mixin.py:109} INFO - [2022-03-16 00:26:18,354] {dag.py:2937} INFO - Setting next_dagrun for latest_only to 2022-03-15T20:26:18.354125+00:00
[2022-03-16 00:26:18,923] {processor.py:171} INFO - Processing /home/airflow/.local/lib/python3.7/site-packages/airflow/example_dags/example_latest_only.py took 0.613 seconds
[2022-03-16 00:26:48,971] {processor.py:163} INFO - Started process (PID=5335) to work on /home/airflow/.local/lib/python3.7/site-packages/airflow/example_dags/example_latest_only.py
[2022-03-16 00:26:48,973] {processor.py:642} INFO - Processing file /home/airflow/.local/lib/python3.7/site-packages/airflow/example_dags/example_latest_only.py for tasks to queue
[2022-03-16 00:26:48,974] {logging_mixin.py:109} INFO - [2022-03-16 00:26:48,974] {dagbag.py:500} INFO - Filling up the DagBag from /home/airflow/.local/lib/python3.7/site-packages/airflow/example_dags/example_latest_only.py
[2022-03-16 00:26:49,006] {processor.py:654} INFO - DAG(s) dict_keys(['latest_only']) retrieved from /home/airflow/.local/lib/python3.7/site-packages/airflow/example_dags/example_latest_only.py
[2022-03-16 00:26:49,013] {logging_mixin.py:109} INFO - [2022-03-16 00:26:49,013] {dag.py:2398} INFO - Sync 1 DAGs
[2022-03-16 00:26:49,023] {logging_mixin.py:109} INFO - [2022-03-16 00:26:49,023] {dag.py:2937} INFO - Setting next_dagrun for latest_only to 2022-03-15T20:26:49.023317+00:00
[2022-03-16 00:26:49,092] {processor.py:171} INFO - Processing /home/airflow/.local/lib/python3.7/site-packages/airflow/example_dags/example_latest_only.py took 0.128 seconds
[2022-03-16 00:27:21,280] {processor.py:163} INFO - Started process (PID=5399) to work on /home/airflow/.local/lib/python3.7/site-packages/airflow/example_dags/example_latest_only.py
[2022-03-16 00:27:21,287] {processor.py:642} INFO - Processing file /home/airflow/.local/lib/python3.7/site-packages/airflow/example_dags/example_latest_only.py for tasks to queue
[2022-03-16 00:27:21,287] {logging_mixin.py:109} INFO - [2022-03-16 00:27:21,287] {dagbag.py:500} INFO - Filling up the DagBag from /home/airflow/.local/lib/python3.7/site-packages/airflow/example_dags/example_latest_only.py
[2022-03-16 00:27:21,306] {processor.py:654} INFO - DAG(s) dict_keys(['latest_only']) retrieved from /home/airflow/.local/lib/python3.7/site-packages/airflow/example_dags/example_latest_only.py
[2022-03-16 00:27:21,312] {logging_mixin.py:109} INFO - [2022-03-16 00:27:21,312] {dag.py:2398} INFO - Sync 1 DAGs
[2022-03-16 00:27:21,323] {logging_mixin.py:109} INFO - [2022-03-16 00:27:21,323] {dag.py:2937} INFO - Setting next_dagrun for latest_only to 2022-03-15T20:27:21.323557+00:00
[2022-03-16 00:27:21,374] {processor.py:171} INFO - Processing /home/airflow/.local/lib/python3.7/site-packages/airflow/example_dags/example_latest_only.py took 0.096 seconds
[2022-03-16 00:27:52,520] {processor.py:163} INFO - Started process (PID=5450) to work on /home/airflow/.local/lib/python3.7/site-packages/airflow/example_dags/example_latest_only.py
[2022-03-16 00:27:52,568] {processor.py:642} INFO - Processing file /home/airflow/.local/lib/python3.7/site-packages/airflow/example_dags/example_latest_only.py for tasks to queue
[2022-03-16 00:27:52,569] {logging_mixin.py:109} INFO - [2022-03-16 00:27:52,569] {dagbag.py:500} INFO - Filling up the DagBag from /home/airflow/.local/lib/python3.7/site-packages/airflow/example_dags/example_latest_only.py
[2022-03-16 00:27:52,591] {processor.py:654} INFO - DAG(s) dict_keys(['latest_only']) retrieved from /home/airflow/.local/lib/python3.7/site-packages/airflow/example_dags/example_latest_only.py
[2022-03-16 00:27:52,598] {logging_mixin.py:109} INFO - [2022-03-16 00:27:52,598] {dag.py:2398} INFO - Sync 1 DAGs
[2022-03-16 00:27:52,612] {logging_mixin.py:109} INFO - [2022-03-16 00:27:52,612] {dag.py:2937} INFO - Setting next_dagrun for latest_only to 2022-03-15T20:27:52.612594+00:00
[2022-03-16 00:27:52,669] {processor.py:171} INFO - Processing /home/airflow/.local/lib/python3.7/site-packages/airflow/example_dags/example_latest_only.py took 0.151 seconds
[2022-03-16 00:28:23,173] {processor.py:163} INFO - Started process (PID=5510) to work on /home/airflow/.local/lib/python3.7/site-packages/airflow/example_dags/example_latest_only.py
[2022-03-16 00:28:23,174] {processor.py:642} INFO - Processing file /home/airflow/.local/lib/python3.7/site-packages/airflow/example_dags/example_latest_only.py for tasks to queue
[2022-03-16 00:28:23,174] {logging_mixin.py:109} INFO - [2022-03-16 00:28:23,174] {dagbag.py:500} INFO - Filling up the DagBag from /home/airflow/.local/lib/python3.7/site-packages/airflow/example_dags/example_latest_only.py
[2022-03-16 00:28:23,192] {processor.py:654} INFO - DAG(s) dict_keys(['latest_only']) retrieved from /home/airflow/.local/lib/python3.7/site-packages/airflow/example_dags/example_latest_only.py
[2022-03-16 00:28:23,199] {logging_mixin.py:109} INFO - [2022-03-16 00:28:23,199] {dag.py:2398} INFO - Sync 1 DAGs
[2022-03-16 00:28:23,210] {logging_mixin.py:109} INFO - [2022-03-16 00:28:23,210] {dag.py:2937} INFO - Setting next_dagrun for latest_only to 2022-03-15T20:28:23.210294+00:00
[2022-03-16 00:28:23,276] {processor.py:171} INFO - Processing /home/airflow/.local/lib/python3.7/site-packages/airflow/example_dags/example_latest_only.py took 0.105 seconds
[2022-03-16 00:28:54,693] {processor.py:163} INFO - Started process (PID=5581) to work on /home/airflow/.local/lib/python3.7/site-packages/airflow/example_dags/example_latest_only.py
[2022-03-16 00:28:54,710] {processor.py:642} INFO - Processing file /home/airflow/.local/lib/python3.7/site-packages/airflow/example_dags/example_latest_only.py for tasks to queue
[2022-03-16 00:28:54,711] {logging_mixin.py:109} INFO - [2022-03-16 00:28:54,711] {dagbag.py:500} INFO - Filling up the DagBag from /home/airflow/.local/lib/python3.7/site-packages/airflow/example_dags/example_latest_only.py
[2022-03-16 00:28:54,740] {processor.py:654} INFO - DAG(s) dict_keys(['latest_only']) retrieved from /home/airflow/.local/lib/python3.7/site-packages/airflow/example_dags/example_latest_only.py
[2022-03-16 00:28:54,747] {logging_mixin.py:109} INFO - [2022-03-16 00:28:54,747] {dag.py:2398} INFO - Sync 1 DAGs
[2022-03-16 00:28:54,758] {logging_mixin.py:109} INFO - [2022-03-16 00:28:54,758] {dag.py:2937} INFO - Setting next_dagrun for latest_only to 2022-03-15T20:28:54.758126+00:00
[2022-03-16 00:28:54,806] {processor.py:171} INFO - Processing /home/airflow/.local/lib/python3.7/site-packages/airflow/example_dags/example_latest_only.py took 0.118 seconds
[2022-03-16 00:29:25,379] {processor.py:163} INFO - Started process (PID=5633) to work on /home/airflow/.local/lib/python3.7/site-packages/airflow/example_dags/example_latest_only.py
[2022-03-16 00:29:25,383] {processor.py:642} INFO - Processing file /home/airflow/.local/lib/python3.7/site-packages/airflow/example_dags/example_latest_only.py for tasks to queue
[2022-03-16 00:29:25,384] {logging_mixin.py:109} INFO - [2022-03-16 00:29:25,384] {dagbag.py:500} INFO - Filling up the DagBag from /home/airflow/.local/lib/python3.7/site-packages/airflow/example_dags/example_latest_only.py
[2022-03-16 00:29:25,403] {processor.py:654} INFO - DAG(s) dict_keys(['latest_only']) retrieved from /home/airflow/.local/lib/python3.7/site-packages/airflow/example_dags/example_latest_only.py
[2022-03-16 00:29:25,410] {logging_mixin.py:109} INFO - [2022-03-16 00:29:25,410] {dag.py:2398} INFO - Sync 1 DAGs
[2022-03-16 00:29:25,426] {logging_mixin.py:109} INFO - [2022-03-16 00:29:25,426] {dag.py:2937} INFO - Setting next_dagrun for latest_only to 2022-03-15T20:29:25.426312+00:00
[2022-03-16 00:29:25,471] {processor.py:171} INFO - Processing /home/airflow/.local/lib/python3.7/site-packages/airflow/example_dags/example_latest_only.py took 0.095 seconds
[2022-03-16 00:29:57,178] {processor.py:163} INFO - Started process (PID=5693) to work on /home/airflow/.local/lib/python3.7/site-packages/airflow/example_dags/example_latest_only.py
[2022-03-16 00:29:57,185] {processor.py:642} INFO - Processing file /home/airflow/.local/lib/python3.7/site-packages/airflow/example_dags/example_latest_only.py for tasks to queue
[2022-03-16 00:29:57,186] {logging_mixin.py:109} INFO - [2022-03-16 00:29:57,186] {dagbag.py:500} INFO - Filling up the DagBag from /home/airflow/.local/lib/python3.7/site-packages/airflow/example_dags/example_latest_only.py
[2022-03-16 00:29:57,219] {processor.py:654} INFO - DAG(s) dict_keys(['latest_only']) retrieved from /home/airflow/.local/lib/python3.7/site-packages/airflow/example_dags/example_latest_only.py
[2022-03-16 00:29:57,227] {logging_mixin.py:109} INFO - [2022-03-16 00:29:57,227] {dag.py:2398} INFO - Sync 1 DAGs
[2022-03-16 00:29:57,242] {logging_mixin.py:109} INFO - [2022-03-16 00:29:57,242] {dag.py:2937} INFO - Setting next_dagrun for latest_only to 2022-03-15T20:29:57.242244+00:00
[2022-03-16 00:29:57,282] {processor.py:171} INFO - Processing /home/airflow/.local/lib/python3.7/site-packages/airflow/example_dags/example_latest_only.py took 0.109 seconds
[2022-03-16 00:30:28,449] {processor.py:163} INFO - Started process (PID=5758) to work on /home/airflow/.local/lib/python3.7/site-packages/airflow/example_dags/example_latest_only.py
[2022-03-16 00:30:28,496] {processor.py:642} INFO - Processing file /home/airflow/.local/lib/python3.7/site-packages/airflow/example_dags/example_latest_only.py for tasks to queue
[2022-03-16 00:30:28,497] {logging_mixin.py:109} INFO - [2022-03-16 00:30:28,497] {dagbag.py:500} INFO - Filling up the DagBag from /home/airflow/.local/lib/python3.7/site-packages/airflow/example_dags/example_latest_only.py
[2022-03-16 00:30:28,517] {processor.py:654} INFO - DAG(s) dict_keys(['latest_only']) retrieved from /home/airflow/.local/lib/python3.7/site-packages/airflow/example_dags/example_latest_only.py
[2022-03-16 00:30:28,523] {logging_mixin.py:109} INFO - [2022-03-16 00:30:28,523] {dag.py:2398} INFO - Sync 1 DAGs
[2022-03-16 00:30:28,535] {logging_mixin.py:109} INFO - [2022-03-16 00:30:28,535] {dag.py:2937} INFO - Setting next_dagrun for latest_only to 2022-03-15T20:30:28.535477+00:00
[2022-03-16 00:30:28,575] {processor.py:171} INFO - Processing /home/airflow/.local/lib/python3.7/site-packages/airflow/example_dags/example_latest_only.py took 0.129 seconds
[2022-03-16 00:30:58,624] {processor.py:163} INFO - Started process (PID=5830) to work on /home/airflow/.local/lib/python3.7/site-packages/airflow/example_dags/example_latest_only.py
[2022-03-16 00:30:58,635] {processor.py:642} INFO - Processing file /home/airflow/.local/lib/python3.7/site-packages/airflow/example_dags/example_latest_only.py for tasks to queue
[2022-03-16 00:30:58,636] {logging_mixin.py:109} INFO - [2022-03-16 00:30:58,636] {dagbag.py:500} INFO - Filling up the DagBag from /home/airflow/.local/lib/python3.7/site-packages/airflow/example_dags/example_latest_only.py
[2022-03-16 00:30:58,667] {processor.py:654} INFO - DAG(s) dict_keys(['latest_only']) retrieved from /home/airflow/.local/lib/python3.7/site-packages/airflow/example_dags/example_latest_only.py
[2022-03-16 00:30:58,677] {logging_mixin.py:109} INFO - [2022-03-16 00:30:58,677] {dag.py:2398} INFO - Sync 1 DAGs
[2022-03-16 00:30:58,697] {logging_mixin.py:109} INFO - [2022-03-16 00:30:58,697] {dag.py:2937} INFO - Setting next_dagrun for latest_only to 2022-03-15T20:30:58.697473+00:00
[2022-03-16 00:31:00,030] {processor.py:171} INFO - Processing /home/airflow/.local/lib/python3.7/site-packages/airflow/example_dags/example_latest_only.py took 1.408 seconds
[2022-03-16 00:31:30,661] {processor.py:163} INFO - Started process (PID=5883) to work on /home/airflow/.local/lib/python3.7/site-packages/airflow/example_dags/example_latest_only.py
[2022-03-16 00:31:30,682] {processor.py:642} INFO - Processing file /home/airflow/.local/lib/python3.7/site-packages/airflow/example_dags/example_latest_only.py for tasks to queue
[2022-03-16 00:31:30,682] {logging_mixin.py:109} INFO - [2022-03-16 00:31:30,682] {dagbag.py:500} INFO - Filling up the DagBag from /home/airflow/.local/lib/python3.7/site-packages/airflow/example_dags/example_latest_only.py
[2022-03-16 00:31:30,702] {processor.py:654} INFO - DAG(s) dict_keys(['latest_only']) retrieved from /home/airflow/.local/lib/python3.7/site-packages/airflow/example_dags/example_latest_only.py
[2022-03-16 00:31:30,709] {logging_mixin.py:109} INFO - [2022-03-16 00:31:30,709] {dag.py:2398} INFO - Sync 1 DAGs
[2022-03-16 00:31:30,723] {logging_mixin.py:109} INFO - [2022-03-16 00:31:30,723] {dag.py:2937} INFO - Setting next_dagrun for latest_only to 2022-03-15T20:31:30.722979+00:00
[2022-03-16 00:31:32,038] {processor.py:171} INFO - Processing /home/airflow/.local/lib/python3.7/site-packages/airflow/example_dags/example_latest_only.py took 1.379 seconds
[2022-03-16 00:32:02,748] {processor.py:163} INFO - Started process (PID=5943) to work on /home/airflow/.local/lib/python3.7/site-packages/airflow/example_dags/example_latest_only.py
[2022-03-16 00:32:02,867] {processor.py:642} INFO - Processing file /home/airflow/.local/lib/python3.7/site-packages/airflow/example_dags/example_latest_only.py for tasks to queue
[2022-03-16 00:32:02,868] {logging_mixin.py:109} INFO - [2022-03-16 00:32:02,868] {dagbag.py:500} INFO - Filling up the DagBag from /home/airflow/.local/lib/python3.7/site-packages/airflow/example_dags/example_latest_only.py
[2022-03-16 00:32:03,064] {processor.py:654} INFO - DAG(s) dict_keys(['latest_only']) retrieved from /home/airflow/.local/lib/python3.7/site-packages/airflow/example_dags/example_latest_only.py
[2022-03-16 00:32:03,073] {logging_mixin.py:109} INFO - [2022-03-16 00:32:03,073] {dag.py:2398} INFO - Sync 1 DAGs
[2022-03-16 00:32:03,304] {logging_mixin.py:109} INFO - [2022-03-16 00:32:03,304] {dag.py:2937} INFO - Setting next_dagrun for latest_only to 2022-03-15T20:32:03.304560+00:00
[2022-03-16 00:32:04,320] {processor.py:171} INFO - Processing /home/airflow/.local/lib/python3.7/site-packages/airflow/example_dags/example_latest_only.py took 1.574 seconds
[2022-03-16 00:32:34,515] {processor.py:163} INFO - Started process (PID=6004) to work on /home/airflow/.local/lib/python3.7/site-packages/airflow/example_dags/example_latest_only.py
[2022-03-16 00:32:34,546] {processor.py:642} INFO - Processing file /home/airflow/.local/lib/python3.7/site-packages/airflow/example_dags/example_latest_only.py for tasks to queue
[2022-03-16 00:32:34,546] {logging_mixin.py:109} INFO - [2022-03-16 00:32:34,546] {dagbag.py:500} INFO - Filling up the DagBag from /home/airflow/.local/lib/python3.7/site-packages/airflow/example_dags/example_latest_only.py
[2022-03-16 00:32:34,564] {processor.py:654} INFO - DAG(s) dict_keys(['latest_only']) retrieved from /home/airflow/.local/lib/python3.7/site-packages/airflow/example_dags/example_latest_only.py
[2022-03-16 00:32:34,570] {logging_mixin.py:109} INFO - [2022-03-16 00:32:34,570] {dag.py:2398} INFO - Sync 1 DAGs
[2022-03-16 00:32:34,582] {logging_mixin.py:109} INFO - [2022-03-16 00:32:34,582] {dag.py:2937} INFO - Setting next_dagrun for latest_only to 2022-03-15T20:32:34.582352+00:00
[2022-03-16 00:32:34,721] {processor.py:171} INFO - Processing /home/airflow/.local/lib/python3.7/site-packages/airflow/example_dags/example_latest_only.py took 0.207 seconds
[2022-03-16 00:33:05,527] {processor.py:163} INFO - Started process (PID=6067) to work on /home/airflow/.local/lib/python3.7/site-packages/airflow/example_dags/example_latest_only.py
[2022-03-16 00:33:05,554] {processor.py:642} INFO - Processing file /home/airflow/.local/lib/python3.7/site-packages/airflow/example_dags/example_latest_only.py for tasks to queue
[2022-03-16 00:33:05,555] {logging_mixin.py:109} INFO - [2022-03-16 00:33:05,555] {dagbag.py:500} INFO - Filling up the DagBag from /home/airflow/.local/lib/python3.7/site-packages/airflow/example_dags/example_latest_only.py
[2022-03-16 00:33:05,594] {processor.py:654} INFO - DAG(s) dict_keys(['latest_only']) retrieved from /home/airflow/.local/lib/python3.7/site-packages/airflow/example_dags/example_latest_only.py
[2022-03-16 00:33:05,601] {logging_mixin.py:109} INFO - [2022-03-16 00:33:05,601] {dag.py:2398} INFO - Sync 1 DAGs
[2022-03-16 00:33:05,613] {logging_mixin.py:109} INFO - [2022-03-16 00:33:05,613] {dag.py:2937} INFO - Setting next_dagrun for latest_only to 2022-03-15T20:33:05.613028+00:00
[2022-03-16 00:33:05,653] {processor.py:171} INFO - Processing /home/airflow/.local/lib/python3.7/site-packages/airflow/example_dags/example_latest_only.py took 0.128 seconds
[2022-03-16 00:33:36,003] {processor.py:163} INFO - Started process (PID=6126) to work on /home/airflow/.local/lib/python3.7/site-packages/airflow/example_dags/example_latest_only.py
[2022-03-16 00:33:36,019] {processor.py:642} INFO - Processing file /home/airflow/.local/lib/python3.7/site-packages/airflow/example_dags/example_latest_only.py for tasks to queue
[2022-03-16 00:33:36,019] {logging_mixin.py:109} INFO - [2022-03-16 00:33:36,019] {dagbag.py:500} INFO - Filling up the DagBag from /home/airflow/.local/lib/python3.7/site-packages/airflow/example_dags/example_latest_only.py
[2022-03-16 00:33:36,040] {processor.py:654} INFO - DAG(s) dict_keys(['latest_only']) retrieved from /home/airflow/.local/lib/python3.7/site-packages/airflow/example_dags/example_latest_only.py
[2022-03-16 00:33:36,048] {logging_mixin.py:109} INFO - [2022-03-16 00:33:36,048] {dag.py:2398} INFO - Sync 1 DAGs
[2022-03-16 00:33:36,062] {logging_mixin.py:109} INFO - [2022-03-16 00:33:36,062] {dag.py:2937} INFO - Setting next_dagrun for latest_only to 2022-03-15T20:33:36.061951+00:00
[2022-03-16 00:33:37,167] {processor.py:171} INFO - Processing /home/airflow/.local/lib/python3.7/site-packages/airflow/example_dags/example_latest_only.py took 1.165 seconds
[2022-03-16 00:34:07,862] {processor.py:163} INFO - Started process (PID=6177) to work on /home/airflow/.local/lib/python3.7/site-packages/airflow/example_dags/example_latest_only.py
[2022-03-16 00:34:07,907] {processor.py:642} INFO - Processing file /home/airflow/.local/lib/python3.7/site-packages/airflow/example_dags/example_latest_only.py for tasks to queue
[2022-03-16 00:34:07,908] {logging_mixin.py:109} INFO - [2022-03-16 00:34:07,908] {dagbag.py:500} INFO - Filling up the DagBag from /home/airflow/.local/lib/python3.7/site-packages/airflow/example_dags/example_latest_only.py
[2022-03-16 00:34:07,927] {processor.py:654} INFO - DAG(s) dict_keys(['latest_only']) retrieved from /home/airflow/.local/lib/python3.7/site-packages/airflow/example_dags/example_latest_only.py
[2022-03-16 00:34:07,933] {logging_mixin.py:109} INFO - [2022-03-16 00:34:07,933] {dag.py:2398} INFO - Sync 1 DAGs
[2022-03-16 00:34:07,945] {logging_mixin.py:109} INFO - [2022-03-16 00:34:07,945] {dag.py:2937} INFO - Setting next_dagrun for latest_only to 2022-03-15T20:34:07.945576+00:00
[2022-03-16 00:34:08,166] {processor.py:171} INFO - Processing /home/airflow/.local/lib/python3.7/site-packages/airflow/example_dags/example_latest_only.py took 0.307 seconds
