[2022-03-16 00:00:23,967] {processor.py:163} INFO - Started process (PID=2239) to work on /home/airflow/.local/lib/python3.7/site-packages/airflow/example_dags/example_skip_dag.py
[2022-03-16 00:00:23,968] {processor.py:642} INFO - Processing file /home/airflow/.local/lib/python3.7/site-packages/airflow/example_dags/example_skip_dag.py for tasks to queue
[2022-03-16 00:00:23,968] {logging_mixin.py:109} INFO - [2022-03-16 00:00:23,968] {dagbag.py:500} INFO - Filling up the DagBag from /home/airflow/.local/lib/python3.7/site-packages/airflow/example_dags/example_skip_dag.py
[2022-03-16 00:00:23,987] {processor.py:654} INFO - DAG(s) dict_keys(['example_skip_dag']) retrieved from /home/airflow/.local/lib/python3.7/site-packages/airflow/example_dags/example_skip_dag.py
[2022-03-16 00:00:23,994] {logging_mixin.py:109} INFO - [2022-03-16 00:00:23,994] {dag.py:2398} INFO - Sync 1 DAGs
[2022-03-16 00:00:24,006] {logging_mixin.py:109} INFO - [2022-03-16 00:00:24,005] {dag.py:2937} INFO - Setting next_dagrun for example_skip_dag to 2022-03-15T00:00:24.005746+00:00
[2022-03-16 00:00:24,057] {processor.py:171} INFO - Processing /home/airflow/.local/lib/python3.7/site-packages/airflow/example_dags/example_skip_dag.py took 0.092 seconds
[2022-03-16 00:00:57,633] {processor.py:163} INFO - Started process (PID=2303) to work on /home/airflow/.local/lib/python3.7/site-packages/airflow/example_dags/example_skip_dag.py
[2022-03-16 00:00:57,634] {processor.py:642} INFO - Processing file /home/airflow/.local/lib/python3.7/site-packages/airflow/example_dags/example_skip_dag.py for tasks to queue
[2022-03-16 00:00:57,635] {logging_mixin.py:109} INFO - [2022-03-16 00:00:57,635] {dagbag.py:500} INFO - Filling up the DagBag from /home/airflow/.local/lib/python3.7/site-packages/airflow/example_dags/example_skip_dag.py
[2022-03-16 00:00:57,670] {processor.py:654} INFO - DAG(s) dict_keys(['example_skip_dag']) retrieved from /home/airflow/.local/lib/python3.7/site-packages/airflow/example_dags/example_skip_dag.py
[2022-03-16 00:00:57,681] {logging_mixin.py:109} INFO - [2022-03-16 00:00:57,681] {dag.py:2398} INFO - Sync 1 DAGs
[2022-03-16 00:00:57,695] {logging_mixin.py:109} INFO - [2022-03-16 00:00:57,695] {dag.py:2937} INFO - Setting next_dagrun for example_skip_dag to 2022-03-15T00:00:57.694911+00:00
[2022-03-16 00:00:57,735] {processor.py:171} INFO - Processing /home/airflow/.local/lib/python3.7/site-packages/airflow/example_dags/example_skip_dag.py took 0.106 seconds
[2022-03-16 00:01:27,927] {processor.py:163} INFO - Started process (PID=2362) to work on /home/airflow/.local/lib/python3.7/site-packages/airflow/example_dags/example_skip_dag.py
[2022-03-16 00:01:27,928] {processor.py:642} INFO - Processing file /home/airflow/.local/lib/python3.7/site-packages/airflow/example_dags/example_skip_dag.py for tasks to queue
[2022-03-16 00:01:27,928] {logging_mixin.py:109} INFO - [2022-03-16 00:01:27,928] {dagbag.py:500} INFO - Filling up the DagBag from /home/airflow/.local/lib/python3.7/site-packages/airflow/example_dags/example_skip_dag.py
[2022-03-16 00:01:27,949] {processor.py:654} INFO - DAG(s) dict_keys(['example_skip_dag']) retrieved from /home/airflow/.local/lib/python3.7/site-packages/airflow/example_dags/example_skip_dag.py
[2022-03-16 00:01:27,960] {logging_mixin.py:109} INFO - [2022-03-16 00:01:27,960] {dag.py:2398} INFO - Sync 1 DAGs
[2022-03-16 00:01:27,977] {logging_mixin.py:109} INFO - [2022-03-16 00:01:27,977] {dag.py:2937} INFO - Setting next_dagrun for example_skip_dag to 2022-03-15T00:01:27.976942+00:00
[2022-03-16 00:01:28,016] {processor.py:171} INFO - Processing /home/airflow/.local/lib/python3.7/site-packages/airflow/example_dags/example_skip_dag.py took 0.091 seconds
[2022-03-16 00:02:00,009] {processor.py:163} INFO - Started process (PID=2413) to work on /home/airflow/.local/lib/python3.7/site-packages/airflow/example_dags/example_skip_dag.py
[2022-03-16 00:02:00,010] {processor.py:642} INFO - Processing file /home/airflow/.local/lib/python3.7/site-packages/airflow/example_dags/example_skip_dag.py for tasks to queue
[2022-03-16 00:02:00,011] {logging_mixin.py:109} INFO - [2022-03-16 00:02:00,011] {dagbag.py:500} INFO - Filling up the DagBag from /home/airflow/.local/lib/python3.7/site-packages/airflow/example_dags/example_skip_dag.py
[2022-03-16 00:02:00,041] {processor.py:654} INFO - DAG(s) dict_keys(['example_skip_dag']) retrieved from /home/airflow/.local/lib/python3.7/site-packages/airflow/example_dags/example_skip_dag.py
[2022-03-16 00:02:00,053] {logging_mixin.py:109} INFO - [2022-03-16 00:02:00,052] {dag.py:2398} INFO - Sync 1 DAGs
[2022-03-16 00:02:00,072] {logging_mixin.py:109} INFO - [2022-03-16 00:02:00,072] {dag.py:2937} INFO - Setting next_dagrun for example_skip_dag to 2022-03-15T00:02:00.071862+00:00
[2022-03-16 00:02:00,120] {processor.py:171} INFO - Processing /home/airflow/.local/lib/python3.7/site-packages/airflow/example_dags/example_skip_dag.py took 0.113 seconds
[2022-03-16 00:02:30,468] {processor.py:163} INFO - Started process (PID=2476) to work on /home/airflow/.local/lib/python3.7/site-packages/airflow/example_dags/example_skip_dag.py
[2022-03-16 00:02:30,478] {processor.py:642} INFO - Processing file /home/airflow/.local/lib/python3.7/site-packages/airflow/example_dags/example_skip_dag.py for tasks to queue
[2022-03-16 00:02:30,478] {logging_mixin.py:109} INFO - [2022-03-16 00:02:30,478] {dagbag.py:500} INFO - Filling up the DagBag from /home/airflow/.local/lib/python3.7/site-packages/airflow/example_dags/example_skip_dag.py
[2022-03-16 00:02:30,496] {processor.py:654} INFO - DAG(s) dict_keys(['example_skip_dag']) retrieved from /home/airflow/.local/lib/python3.7/site-packages/airflow/example_dags/example_skip_dag.py
[2022-03-16 00:02:30,503] {logging_mixin.py:109} INFO - [2022-03-16 00:02:30,503] {dag.py:2398} INFO - Sync 1 DAGs
[2022-03-16 00:02:30,513] {logging_mixin.py:109} INFO - [2022-03-16 00:02:30,513] {dag.py:2937} INFO - Setting next_dagrun for example_skip_dag to 2022-03-15T00:02:30.513260+00:00
[2022-03-16 00:02:30,556] {processor.py:171} INFO - Processing /home/airflow/.local/lib/python3.7/site-packages/airflow/example_dags/example_skip_dag.py took 0.090 seconds
[2022-03-16 00:03:00,906] {processor.py:163} INFO - Started process (PID=2549) to work on /home/airflow/.local/lib/python3.7/site-packages/airflow/example_dags/example_skip_dag.py
[2022-03-16 00:03:00,907] {processor.py:642} INFO - Processing file /home/airflow/.local/lib/python3.7/site-packages/airflow/example_dags/example_skip_dag.py for tasks to queue
[2022-03-16 00:03:00,908] {logging_mixin.py:109} INFO - [2022-03-16 00:03:00,908] {dagbag.py:500} INFO - Filling up the DagBag from /home/airflow/.local/lib/python3.7/site-packages/airflow/example_dags/example_skip_dag.py
[2022-03-16 00:03:00,926] {processor.py:654} INFO - DAG(s) dict_keys(['example_skip_dag']) retrieved from /home/airflow/.local/lib/python3.7/site-packages/airflow/example_dags/example_skip_dag.py
[2022-03-16 00:03:00,933] {logging_mixin.py:109} INFO - [2022-03-16 00:03:00,933] {dag.py:2398} INFO - Sync 1 DAGs
[2022-03-16 00:03:00,945] {logging_mixin.py:109} INFO - [2022-03-16 00:03:00,944] {dag.py:2937} INFO - Setting next_dagrun for example_skip_dag to 2022-03-15T00:03:00.944777+00:00
[2022-03-16 00:03:00,985] {processor.py:171} INFO - Processing /home/airflow/.local/lib/python3.7/site-packages/airflow/example_dags/example_skip_dag.py took 0.080 seconds
[2022-03-16 00:03:31,957] {processor.py:163} INFO - Started process (PID=2598) to work on /home/airflow/.local/lib/python3.7/site-packages/airflow/example_dags/example_skip_dag.py
[2022-03-16 00:03:31,966] {processor.py:642} INFO - Processing file /home/airflow/.local/lib/python3.7/site-packages/airflow/example_dags/example_skip_dag.py for tasks to queue
[2022-03-16 00:03:31,967] {logging_mixin.py:109} INFO - [2022-03-16 00:03:31,967] {dagbag.py:500} INFO - Filling up the DagBag from /home/airflow/.local/lib/python3.7/site-packages/airflow/example_dags/example_skip_dag.py
[2022-03-16 00:03:31,985] {processor.py:654} INFO - DAG(s) dict_keys(['example_skip_dag']) retrieved from /home/airflow/.local/lib/python3.7/site-packages/airflow/example_dags/example_skip_dag.py
[2022-03-16 00:03:31,992] {logging_mixin.py:109} INFO - [2022-03-16 00:03:31,992] {dag.py:2398} INFO - Sync 1 DAGs
[2022-03-16 00:03:32,004] {logging_mixin.py:109} INFO - [2022-03-16 00:03:32,004] {dag.py:2937} INFO - Setting next_dagrun for example_skip_dag to 2022-03-15T00:03:32.003961+00:00
[2022-03-16 00:03:32,047] {processor.py:171} INFO - Processing /home/airflow/.local/lib/python3.7/site-packages/airflow/example_dags/example_skip_dag.py took 0.092 seconds
[2022-03-16 00:04:03,372] {processor.py:163} INFO - Started process (PID=2658) to work on /home/airflow/.local/lib/python3.7/site-packages/airflow/example_dags/example_skip_dag.py
[2022-03-16 00:04:03,373] {processor.py:642} INFO - Processing file /home/airflow/.local/lib/python3.7/site-packages/airflow/example_dags/example_skip_dag.py for tasks to queue
[2022-03-16 00:04:03,373] {logging_mixin.py:109} INFO - [2022-03-16 00:04:03,373] {dagbag.py:500} INFO - Filling up the DagBag from /home/airflow/.local/lib/python3.7/site-packages/airflow/example_dags/example_skip_dag.py
[2022-03-16 00:04:03,391] {processor.py:654} INFO - DAG(s) dict_keys(['example_skip_dag']) retrieved from /home/airflow/.local/lib/python3.7/site-packages/airflow/example_dags/example_skip_dag.py
[2022-03-16 00:04:03,401] {logging_mixin.py:109} INFO - [2022-03-16 00:04:03,401] {dag.py:2398} INFO - Sync 1 DAGs
[2022-03-16 00:04:03,415] {logging_mixin.py:109} INFO - [2022-03-16 00:04:03,415] {dag.py:2937} INFO - Setting next_dagrun for example_skip_dag to 2022-03-15T00:04:03.415096+00:00
[2022-03-16 00:04:03,908] {processor.py:171} INFO - Processing /home/airflow/.local/lib/python3.7/site-packages/airflow/example_dags/example_skip_dag.py took 0.538 seconds
[2022-03-16 00:04:34,546] {processor.py:163} INFO - Started process (PID=2722) to work on /home/airflow/.local/lib/python3.7/site-packages/airflow/example_dags/example_skip_dag.py
[2022-03-16 00:04:34,551] {processor.py:642} INFO - Processing file /home/airflow/.local/lib/python3.7/site-packages/airflow/example_dags/example_skip_dag.py for tasks to queue
[2022-03-16 00:04:34,551] {logging_mixin.py:109} INFO - [2022-03-16 00:04:34,551] {dagbag.py:500} INFO - Filling up the DagBag from /home/airflow/.local/lib/python3.7/site-packages/airflow/example_dags/example_skip_dag.py
[2022-03-16 00:04:34,589] {processor.py:654} INFO - DAG(s) dict_keys(['example_skip_dag']) retrieved from /home/airflow/.local/lib/python3.7/site-packages/airflow/example_dags/example_skip_dag.py
[2022-03-16 00:04:34,600] {logging_mixin.py:109} INFO - [2022-03-16 00:04:34,600] {dag.py:2398} INFO - Sync 1 DAGs
[2022-03-16 00:04:34,614] {logging_mixin.py:109} INFO - [2022-03-16 00:04:34,614] {dag.py:2937} INFO - Setting next_dagrun for example_skip_dag to 2022-03-15T00:04:34.614298+00:00
[2022-03-16 00:04:34,753] {processor.py:171} INFO - Processing /home/airflow/.local/lib/python3.7/site-packages/airflow/example_dags/example_skip_dag.py took 0.208 seconds
[2022-03-16 00:05:07,173] {processor.py:163} INFO - Started process (PID=2792) to work on /home/airflow/.local/lib/python3.7/site-packages/airflow/example_dags/example_skip_dag.py
[2022-03-16 00:05:07,174] {processor.py:642} INFO - Processing file /home/airflow/.local/lib/python3.7/site-packages/airflow/example_dags/example_skip_dag.py for tasks to queue
[2022-03-16 00:05:07,174] {logging_mixin.py:109} INFO - [2022-03-16 00:05:07,174] {dagbag.py:500} INFO - Filling up the DagBag from /home/airflow/.local/lib/python3.7/site-packages/airflow/example_dags/example_skip_dag.py
[2022-03-16 00:05:07,194] {processor.py:654} INFO - DAG(s) dict_keys(['example_skip_dag']) retrieved from /home/airflow/.local/lib/python3.7/site-packages/airflow/example_dags/example_skip_dag.py
[2022-03-16 00:05:07,204] {logging_mixin.py:109} INFO - [2022-03-16 00:05:07,203] {dag.py:2398} INFO - Sync 1 DAGs
[2022-03-16 00:05:07,218] {logging_mixin.py:109} INFO - [2022-03-16 00:05:07,218] {dag.py:2937} INFO - Setting next_dagrun for example_skip_dag to 2022-03-15T00:05:07.217974+00:00
[2022-03-16 00:05:07,316] {processor.py:171} INFO - Processing /home/airflow/.local/lib/python3.7/site-packages/airflow/example_dags/example_skip_dag.py took 0.145 seconds
[2022-03-16 00:05:39,344] {processor.py:163} INFO - Started process (PID=2842) to work on /home/airflow/.local/lib/python3.7/site-packages/airflow/example_dags/example_skip_dag.py
[2022-03-16 00:05:39,367] {processor.py:642} INFO - Processing file /home/airflow/.local/lib/python3.7/site-packages/airflow/example_dags/example_skip_dag.py for tasks to queue
[2022-03-16 00:05:39,368] {logging_mixin.py:109} INFO - [2022-03-16 00:05:39,368] {dagbag.py:500} INFO - Filling up the DagBag from /home/airflow/.local/lib/python3.7/site-packages/airflow/example_dags/example_skip_dag.py
[2022-03-16 00:05:39,387] {processor.py:654} INFO - DAG(s) dict_keys(['example_skip_dag']) retrieved from /home/airflow/.local/lib/python3.7/site-packages/airflow/example_dags/example_skip_dag.py
[2022-03-16 00:05:39,395] {logging_mixin.py:109} INFO - [2022-03-16 00:05:39,394] {dag.py:2398} INFO - Sync 1 DAGs
[2022-03-16 00:05:39,409] {logging_mixin.py:109} INFO - [2022-03-16 00:05:39,409] {dag.py:2937} INFO - Setting next_dagrun for example_skip_dag to 2022-03-15T00:05:39.409305+00:00
[2022-03-16 00:05:39,483] {processor.py:171} INFO - Processing /home/airflow/.local/lib/python3.7/site-packages/airflow/example_dags/example_skip_dag.py took 0.140 seconds
[2022-03-16 00:06:09,733] {processor.py:163} INFO - Started process (PID=2905) to work on /home/airflow/.local/lib/python3.7/site-packages/airflow/example_dags/example_skip_dag.py
[2022-03-16 00:06:09,734] {processor.py:642} INFO - Processing file /home/airflow/.local/lib/python3.7/site-packages/airflow/example_dags/example_skip_dag.py for tasks to queue
[2022-03-16 00:06:09,734] {logging_mixin.py:109} INFO - [2022-03-16 00:06:09,734] {dagbag.py:500} INFO - Filling up the DagBag from /home/airflow/.local/lib/python3.7/site-packages/airflow/example_dags/example_skip_dag.py
[2022-03-16 00:06:09,752] {processor.py:654} INFO - DAG(s) dict_keys(['example_skip_dag']) retrieved from /home/airflow/.local/lib/python3.7/site-packages/airflow/example_dags/example_skip_dag.py
[2022-03-16 00:06:09,758] {logging_mixin.py:109} INFO - [2022-03-16 00:06:09,758] {dag.py:2398} INFO - Sync 1 DAGs
[2022-03-16 00:06:09,769] {logging_mixin.py:109} INFO - [2022-03-16 00:06:09,769] {dag.py:2937} INFO - Setting next_dagrun for example_skip_dag to 2022-03-15T00:06:09.768838+00:00
[2022-03-16 00:06:09,824] {processor.py:171} INFO - Processing /home/airflow/.local/lib/python3.7/site-packages/airflow/example_dags/example_skip_dag.py took 0.093 seconds
[2022-03-16 00:06:40,667] {processor.py:163} INFO - Started process (PID=2971) to work on /home/airflow/.local/lib/python3.7/site-packages/airflow/example_dags/example_skip_dag.py
[2022-03-16 00:06:40,667] {processor.py:642} INFO - Processing file /home/airflow/.local/lib/python3.7/site-packages/airflow/example_dags/example_skip_dag.py for tasks to queue
[2022-03-16 00:06:40,668] {logging_mixin.py:109} INFO - [2022-03-16 00:06:40,668] {dagbag.py:500} INFO - Filling up the DagBag from /home/airflow/.local/lib/python3.7/site-packages/airflow/example_dags/example_skip_dag.py
[2022-03-16 00:06:40,685] {processor.py:654} INFO - DAG(s) dict_keys(['example_skip_dag']) retrieved from /home/airflow/.local/lib/python3.7/site-packages/airflow/example_dags/example_skip_dag.py
[2022-03-16 00:06:40,692] {logging_mixin.py:109} INFO - [2022-03-16 00:06:40,691] {dag.py:2398} INFO - Sync 1 DAGs
[2022-03-16 00:06:40,703] {logging_mixin.py:109} INFO - [2022-03-16 00:06:40,703] {dag.py:2937} INFO - Setting next_dagrun for example_skip_dag to 2022-03-15T00:06:40.703307+00:00
[2022-03-16 00:06:40,748] {processor.py:171} INFO - Processing /home/airflow/.local/lib/python3.7/site-packages/airflow/example_dags/example_skip_dag.py took 0.083 seconds
[2022-03-16 00:07:12,380] {processor.py:163} INFO - Started process (PID=3037) to work on /home/airflow/.local/lib/python3.7/site-packages/airflow/example_dags/example_skip_dag.py
[2022-03-16 00:07:12,387] {processor.py:642} INFO - Processing file /home/airflow/.local/lib/python3.7/site-packages/airflow/example_dags/example_skip_dag.py for tasks to queue
[2022-03-16 00:07:12,388] {logging_mixin.py:109} INFO - [2022-03-16 00:07:12,388] {dagbag.py:500} INFO - Filling up the DagBag from /home/airflow/.local/lib/python3.7/site-packages/airflow/example_dags/example_skip_dag.py
[2022-03-16 00:07:12,416] {processor.py:654} INFO - DAG(s) dict_keys(['example_skip_dag']) retrieved from /home/airflow/.local/lib/python3.7/site-packages/airflow/example_dags/example_skip_dag.py
[2022-03-16 00:07:12,424] {logging_mixin.py:109} INFO - [2022-03-16 00:07:12,424] {dag.py:2398} INFO - Sync 1 DAGs
[2022-03-16 00:07:12,436] {logging_mixin.py:109} INFO - [2022-03-16 00:07:12,436] {dag.py:2937} INFO - Setting next_dagrun for example_skip_dag to 2022-03-15T00:07:12.436261+00:00
[2022-03-16 00:07:12,476] {processor.py:171} INFO - Processing /home/airflow/.local/lib/python3.7/site-packages/airflow/example_dags/example_skip_dag.py took 0.099 seconds
[2022-03-16 00:07:43,179] {processor.py:163} INFO - Started process (PID=3086) to work on /home/airflow/.local/lib/python3.7/site-packages/airflow/example_dags/example_skip_dag.py
[2022-03-16 00:07:43,180] {processor.py:642} INFO - Processing file /home/airflow/.local/lib/python3.7/site-packages/airflow/example_dags/example_skip_dag.py for tasks to queue
[2022-03-16 00:07:43,180] {logging_mixin.py:109} INFO - [2022-03-16 00:07:43,180] {dagbag.py:500} INFO - Filling up the DagBag from /home/airflow/.local/lib/python3.7/site-packages/airflow/example_dags/example_skip_dag.py
[2022-03-16 00:07:43,198] {processor.py:654} INFO - DAG(s) dict_keys(['example_skip_dag']) retrieved from /home/airflow/.local/lib/python3.7/site-packages/airflow/example_dags/example_skip_dag.py
[2022-03-16 00:07:43,205] {logging_mixin.py:109} INFO - [2022-03-16 00:07:43,205] {dag.py:2398} INFO - Sync 1 DAGs
[2022-03-16 00:07:43,217] {logging_mixin.py:109} INFO - [2022-03-16 00:07:43,217] {dag.py:2937} INFO - Setting next_dagrun for example_skip_dag to 2022-03-15T00:07:43.217113+00:00
[2022-03-16 00:07:43,260] {processor.py:171} INFO - Processing /home/airflow/.local/lib/python3.7/site-packages/airflow/example_dags/example_skip_dag.py took 0.083 seconds
[2022-03-16 00:08:14,007] {processor.py:163} INFO - Started process (PID=3150) to work on /home/airflow/.local/lib/python3.7/site-packages/airflow/example_dags/example_skip_dag.py
[2022-03-16 00:08:14,017] {processor.py:642} INFO - Processing file /home/airflow/.local/lib/python3.7/site-packages/airflow/example_dags/example_skip_dag.py for tasks to queue
[2022-03-16 00:08:14,018] {logging_mixin.py:109} INFO - [2022-03-16 00:08:14,017] {dagbag.py:500} INFO - Filling up the DagBag from /home/airflow/.local/lib/python3.7/site-packages/airflow/example_dags/example_skip_dag.py
[2022-03-16 00:08:14,039] {processor.py:654} INFO - DAG(s) dict_keys(['example_skip_dag']) retrieved from /home/airflow/.local/lib/python3.7/site-packages/airflow/example_dags/example_skip_dag.py
[2022-03-16 00:08:14,050] {logging_mixin.py:109} INFO - [2022-03-16 00:08:14,050] {dag.py:2398} INFO - Sync 1 DAGs
[2022-03-16 00:08:14,068] {logging_mixin.py:109} INFO - [2022-03-16 00:08:14,068] {dag.py:2937} INFO - Setting next_dagrun for example_skip_dag to 2022-03-15T00:08:14.068219+00:00
[2022-03-16 00:08:14,825] {processor.py:171} INFO - Processing /home/airflow/.local/lib/python3.7/site-packages/airflow/example_dags/example_skip_dag.py took 0.820 seconds
[2022-03-16 00:08:44,979] {processor.py:163} INFO - Started process (PID=3216) to work on /home/airflow/.local/lib/python3.7/site-packages/airflow/example_dags/example_skip_dag.py
[2022-03-16 00:08:44,987] {processor.py:642} INFO - Processing file /home/airflow/.local/lib/python3.7/site-packages/airflow/example_dags/example_skip_dag.py for tasks to queue
[2022-03-16 00:08:44,988] {logging_mixin.py:109} INFO - [2022-03-16 00:08:44,988] {dagbag.py:500} INFO - Filling up the DagBag from /home/airflow/.local/lib/python3.7/site-packages/airflow/example_dags/example_skip_dag.py
[2022-03-16 00:08:45,012] {processor.py:654} INFO - DAG(s) dict_keys(['example_skip_dag']) retrieved from /home/airflow/.local/lib/python3.7/site-packages/airflow/example_dags/example_skip_dag.py
[2022-03-16 00:08:45,018] {logging_mixin.py:109} INFO - [2022-03-16 00:08:45,018] {dag.py:2398} INFO - Sync 1 DAGs
[2022-03-16 00:08:45,029] {logging_mixin.py:109} INFO - [2022-03-16 00:08:45,029] {dag.py:2937} INFO - Setting next_dagrun for example_skip_dag to 2022-03-15T00:08:45.029028+00:00
[2022-03-16 00:08:45,072] {processor.py:171} INFO - Processing /home/airflow/.local/lib/python3.7/site-packages/airflow/example_dags/example_skip_dag.py took 0.099 seconds
[2022-03-16 00:09:15,238] {processor.py:163} INFO - Started process (PID=3272) to work on /home/airflow/.local/lib/python3.7/site-packages/airflow/example_dags/example_skip_dag.py
[2022-03-16 00:09:15,251] {processor.py:642} INFO - Processing file /home/airflow/.local/lib/python3.7/site-packages/airflow/example_dags/example_skip_dag.py for tasks to queue
[2022-03-16 00:09:15,251] {logging_mixin.py:109} INFO - [2022-03-16 00:09:15,251] {dagbag.py:500} INFO - Filling up the DagBag from /home/airflow/.local/lib/python3.7/site-packages/airflow/example_dags/example_skip_dag.py
[2022-03-16 00:09:15,268] {processor.py:654} INFO - DAG(s) dict_keys(['example_skip_dag']) retrieved from /home/airflow/.local/lib/python3.7/site-packages/airflow/example_dags/example_skip_dag.py
[2022-03-16 00:09:15,275] {logging_mixin.py:109} INFO - [2022-03-16 00:09:15,275] {dag.py:2398} INFO - Sync 1 DAGs
[2022-03-16 00:09:15,285] {logging_mixin.py:109} INFO - [2022-03-16 00:09:15,285] {dag.py:2937} INFO - Setting next_dagrun for example_skip_dag to 2022-03-15T00:09:15.285283+00:00
[2022-03-16 00:09:15,343] {processor.py:171} INFO - Processing /home/airflow/.local/lib/python3.7/site-packages/airflow/example_dags/example_skip_dag.py took 0.107 seconds
[2022-03-16 00:09:47,329] {processor.py:163} INFO - Started process (PID=3331) to work on /home/airflow/.local/lib/python3.7/site-packages/airflow/example_dags/example_skip_dag.py
[2022-03-16 00:09:47,330] {processor.py:642} INFO - Processing file /home/airflow/.local/lib/python3.7/site-packages/airflow/example_dags/example_skip_dag.py for tasks to queue
[2022-03-16 00:09:47,331] {logging_mixin.py:109} INFO - [2022-03-16 00:09:47,331] {dagbag.py:500} INFO - Filling up the DagBag from /home/airflow/.local/lib/python3.7/site-packages/airflow/example_dags/example_skip_dag.py
[2022-03-16 00:09:47,357] {processor.py:654} INFO - DAG(s) dict_keys(['example_skip_dag']) retrieved from /home/airflow/.local/lib/python3.7/site-packages/airflow/example_dags/example_skip_dag.py
[2022-03-16 00:09:47,364] {logging_mixin.py:109} INFO - [2022-03-16 00:09:47,364] {dag.py:2398} INFO - Sync 1 DAGs
[2022-03-16 00:09:47,375] {logging_mixin.py:109} INFO - [2022-03-16 00:09:47,375] {dag.py:2937} INFO - Setting next_dagrun for example_skip_dag to 2022-03-15T00:09:47.375033+00:00
[2022-03-16 00:09:47,440] {processor.py:171} INFO - Processing /home/airflow/.local/lib/python3.7/site-packages/airflow/example_dags/example_skip_dag.py took 0.114 seconds
[2022-03-16 00:10:19,081] {processor.py:163} INFO - Started process (PID=3388) to work on /home/airflow/.local/lib/python3.7/site-packages/airflow/example_dags/example_skip_dag.py
[2022-03-16 00:10:19,085] {processor.py:642} INFO - Processing file /home/airflow/.local/lib/python3.7/site-packages/airflow/example_dags/example_skip_dag.py for tasks to queue
[2022-03-16 00:10:19,085] {logging_mixin.py:109} INFO - [2022-03-16 00:10:19,085] {dagbag.py:500} INFO - Filling up the DagBag from /home/airflow/.local/lib/python3.7/site-packages/airflow/example_dags/example_skip_dag.py
[2022-03-16 00:10:19,107] {processor.py:654} INFO - DAG(s) dict_keys(['example_skip_dag']) retrieved from /home/airflow/.local/lib/python3.7/site-packages/airflow/example_dags/example_skip_dag.py
[2022-03-16 00:10:19,118] {logging_mixin.py:109} INFO - [2022-03-16 00:10:19,118] {dag.py:2398} INFO - Sync 1 DAGs
[2022-03-16 00:10:19,129] {logging_mixin.py:109} INFO - [2022-03-16 00:10:19,129] {dag.py:2937} INFO - Setting next_dagrun for example_skip_dag to 2022-03-15T00:10:19.129664+00:00
[2022-03-16 00:10:19,185] {processor.py:171} INFO - Processing /home/airflow/.local/lib/python3.7/site-packages/airflow/example_dags/example_skip_dag.py took 0.106 seconds
[2022-03-16 00:10:49,460] {processor.py:163} INFO - Started process (PID=3461) to work on /home/airflow/.local/lib/python3.7/site-packages/airflow/example_dags/example_skip_dag.py
[2022-03-16 00:10:49,461] {processor.py:642} INFO - Processing file /home/airflow/.local/lib/python3.7/site-packages/airflow/example_dags/example_skip_dag.py for tasks to queue
[2022-03-16 00:10:49,461] {logging_mixin.py:109} INFO - [2022-03-16 00:10:49,461] {dagbag.py:500} INFO - Filling up the DagBag from /home/airflow/.local/lib/python3.7/site-packages/airflow/example_dags/example_skip_dag.py
[2022-03-16 00:10:49,489] {processor.py:654} INFO - DAG(s) dict_keys(['example_skip_dag']) retrieved from /home/airflow/.local/lib/python3.7/site-packages/airflow/example_dags/example_skip_dag.py
[2022-03-16 00:10:49,499] {logging_mixin.py:109} INFO - [2022-03-16 00:10:49,499] {dag.py:2398} INFO - Sync 1 DAGs
[2022-03-16 00:10:49,516] {logging_mixin.py:109} INFO - [2022-03-16 00:10:49,516] {dag.py:2937} INFO - Setting next_dagrun for example_skip_dag to 2022-03-15T00:10:49.516247+00:00
[2022-03-16 00:10:49,567] {processor.py:171} INFO - Processing /home/airflow/.local/lib/python3.7/site-packages/airflow/example_dags/example_skip_dag.py took 0.110 seconds
[2022-03-16 00:11:20,664] {processor.py:163} INFO - Started process (PID=3517) to work on /home/airflow/.local/lib/python3.7/site-packages/airflow/example_dags/example_skip_dag.py
[2022-03-16 00:11:20,665] {processor.py:642} INFO - Processing file /home/airflow/.local/lib/python3.7/site-packages/airflow/example_dags/example_skip_dag.py for tasks to queue
[2022-03-16 00:11:20,665] {logging_mixin.py:109} INFO - [2022-03-16 00:11:20,665] {dagbag.py:500} INFO - Filling up the DagBag from /home/airflow/.local/lib/python3.7/site-packages/airflow/example_dags/example_skip_dag.py
[2022-03-16 00:11:20,685] {processor.py:654} INFO - DAG(s) dict_keys(['example_skip_dag']) retrieved from /home/airflow/.local/lib/python3.7/site-packages/airflow/example_dags/example_skip_dag.py
[2022-03-16 00:11:20,693] {logging_mixin.py:109} INFO - [2022-03-16 00:11:20,693] {dag.py:2398} INFO - Sync 1 DAGs
[2022-03-16 00:11:20,705] {logging_mixin.py:109} INFO - [2022-03-16 00:11:20,705] {dag.py:2937} INFO - Setting next_dagrun for example_skip_dag to 2022-03-15T00:11:20.705277+00:00
[2022-03-16 00:11:20,760] {processor.py:171} INFO - Processing /home/airflow/.local/lib/python3.7/site-packages/airflow/example_dags/example_skip_dag.py took 0.098 seconds
[2022-03-16 00:11:52,715] {processor.py:163} INFO - Started process (PID=3576) to work on /home/airflow/.local/lib/python3.7/site-packages/airflow/example_dags/example_skip_dag.py
[2022-03-16 00:11:52,742] {processor.py:642} INFO - Processing file /home/airflow/.local/lib/python3.7/site-packages/airflow/example_dags/example_skip_dag.py for tasks to queue
[2022-03-16 00:11:52,743] {logging_mixin.py:109} INFO - [2022-03-16 00:11:52,743] {dagbag.py:500} INFO - Filling up the DagBag from /home/airflow/.local/lib/python3.7/site-packages/airflow/example_dags/example_skip_dag.py
[2022-03-16 00:11:52,763] {processor.py:654} INFO - DAG(s) dict_keys(['example_skip_dag']) retrieved from /home/airflow/.local/lib/python3.7/site-packages/airflow/example_dags/example_skip_dag.py
[2022-03-16 00:11:52,772] {logging_mixin.py:109} INFO - [2022-03-16 00:11:52,772] {dag.py:2398} INFO - Sync 1 DAGs
[2022-03-16 00:11:52,784] {logging_mixin.py:109} INFO - [2022-03-16 00:11:52,784] {dag.py:2937} INFO - Setting next_dagrun for example_skip_dag to 2022-03-15T00:11:52.784614+00:00
[2022-03-16 00:11:52,828] {processor.py:171} INFO - Processing /home/airflow/.local/lib/python3.7/site-packages/airflow/example_dags/example_skip_dag.py took 0.115 seconds
[2022-03-16 00:12:23,065] {processor.py:163} INFO - Started process (PID=3634) to work on /home/airflow/.local/lib/python3.7/site-packages/airflow/example_dags/example_skip_dag.py
[2022-03-16 00:12:23,074] {processor.py:642} INFO - Processing file /home/airflow/.local/lib/python3.7/site-packages/airflow/example_dags/example_skip_dag.py for tasks to queue
[2022-03-16 00:12:23,074] {logging_mixin.py:109} INFO - [2022-03-16 00:12:23,074] {dagbag.py:500} INFO - Filling up the DagBag from /home/airflow/.local/lib/python3.7/site-packages/airflow/example_dags/example_skip_dag.py
[2022-03-16 00:12:23,092] {processor.py:654} INFO - DAG(s) dict_keys(['example_skip_dag']) retrieved from /home/airflow/.local/lib/python3.7/site-packages/airflow/example_dags/example_skip_dag.py
[2022-03-16 00:12:23,099] {logging_mixin.py:109} INFO - [2022-03-16 00:12:23,099] {dag.py:2398} INFO - Sync 1 DAGs
[2022-03-16 00:12:23,110] {logging_mixin.py:109} INFO - [2022-03-16 00:12:23,110] {dag.py:2937} INFO - Setting next_dagrun for example_skip_dag to 2022-03-15T00:12:23.110629+00:00
[2022-03-16 00:12:23,154] {processor.py:171} INFO - Processing /home/airflow/.local/lib/python3.7/site-packages/airflow/example_dags/example_skip_dag.py took 0.091 seconds
[2022-03-16 00:12:53,934] {processor.py:163} INFO - Started process (PID=3694) to work on /home/airflow/.local/lib/python3.7/site-packages/airflow/example_dags/example_skip_dag.py
[2022-03-16 00:12:53,935] {processor.py:642} INFO - Processing file /home/airflow/.local/lib/python3.7/site-packages/airflow/example_dags/example_skip_dag.py for tasks to queue
[2022-03-16 00:12:53,936] {logging_mixin.py:109} INFO - [2022-03-16 00:12:53,936] {dagbag.py:500} INFO - Filling up the DagBag from /home/airflow/.local/lib/python3.7/site-packages/airflow/example_dags/example_skip_dag.py
[2022-03-16 00:12:53,954] {processor.py:654} INFO - DAG(s) dict_keys(['example_skip_dag']) retrieved from /home/airflow/.local/lib/python3.7/site-packages/airflow/example_dags/example_skip_dag.py
[2022-03-16 00:12:53,961] {logging_mixin.py:109} INFO - [2022-03-16 00:12:53,961] {dag.py:2398} INFO - Sync 1 DAGs
[2022-03-16 00:12:53,973] {logging_mixin.py:109} INFO - [2022-03-16 00:12:53,973] {dag.py:2937} INFO - Setting next_dagrun for example_skip_dag to 2022-03-15T00:12:53.973021+00:00
[2022-03-16 00:12:54,014] {processor.py:171} INFO - Processing /home/airflow/.local/lib/python3.7/site-packages/airflow/example_dags/example_skip_dag.py took 0.082 seconds
[2022-03-16 00:13:24,677] {processor.py:163} INFO - Started process (PID=3757) to work on /home/airflow/.local/lib/python3.7/site-packages/airflow/example_dags/example_skip_dag.py
[2022-03-16 00:13:24,677] {processor.py:642} INFO - Processing file /home/airflow/.local/lib/python3.7/site-packages/airflow/example_dags/example_skip_dag.py for tasks to queue
[2022-03-16 00:13:24,678] {logging_mixin.py:109} INFO - [2022-03-16 00:13:24,678] {dagbag.py:500} INFO - Filling up the DagBag from /home/airflow/.local/lib/python3.7/site-packages/airflow/example_dags/example_skip_dag.py
[2022-03-16 00:13:24,698] {processor.py:654} INFO - DAG(s) dict_keys(['example_skip_dag']) retrieved from /home/airflow/.local/lib/python3.7/site-packages/airflow/example_dags/example_skip_dag.py
[2022-03-16 00:13:24,705] {logging_mixin.py:109} INFO - [2022-03-16 00:13:24,705] {dag.py:2398} INFO - Sync 1 DAGs
[2022-03-16 00:13:24,715] {logging_mixin.py:109} INFO - [2022-03-16 00:13:24,715] {dag.py:2937} INFO - Setting next_dagrun for example_skip_dag to 2022-03-15T00:13:24.715510+00:00
[2022-03-16 00:13:24,798] {processor.py:171} INFO - Processing /home/airflow/.local/lib/python3.7/site-packages/airflow/example_dags/example_skip_dag.py took 0.123 seconds
[2022-03-16 00:13:54,985] {processor.py:163} INFO - Started process (PID=3808) to work on /home/airflow/.local/lib/python3.7/site-packages/airflow/example_dags/example_skip_dag.py
[2022-03-16 00:13:54,987] {processor.py:642} INFO - Processing file /home/airflow/.local/lib/python3.7/site-packages/airflow/example_dags/example_skip_dag.py for tasks to queue
[2022-03-16 00:13:54,987] {logging_mixin.py:109} INFO - [2022-03-16 00:13:54,987] {dagbag.py:500} INFO - Filling up the DagBag from /home/airflow/.local/lib/python3.7/site-packages/airflow/example_dags/example_skip_dag.py
[2022-03-16 00:13:55,012] {processor.py:654} INFO - DAG(s) dict_keys(['example_skip_dag']) retrieved from /home/airflow/.local/lib/python3.7/site-packages/airflow/example_dags/example_skip_dag.py
[2022-03-16 00:13:55,022] {logging_mixin.py:109} INFO - [2022-03-16 00:13:55,022] {dag.py:2398} INFO - Sync 1 DAGs
[2022-03-16 00:13:55,040] {logging_mixin.py:109} INFO - [2022-03-16 00:13:55,040] {dag.py:2937} INFO - Setting next_dagrun for example_skip_dag to 2022-03-15T00:13:55.039908+00:00
[2022-03-16 00:13:55,105] {processor.py:171} INFO - Processing /home/airflow/.local/lib/python3.7/site-packages/airflow/example_dags/example_skip_dag.py took 0.123 seconds
[2022-03-16 00:14:25,219] {processor.py:163} INFO - Started process (PID=3869) to work on /home/airflow/.local/lib/python3.7/site-packages/airflow/example_dags/example_skip_dag.py
[2022-03-16 00:14:25,220] {processor.py:642} INFO - Processing file /home/airflow/.local/lib/python3.7/site-packages/airflow/example_dags/example_skip_dag.py for tasks to queue
[2022-03-16 00:14:25,220] {logging_mixin.py:109} INFO - [2022-03-16 00:14:25,220] {dagbag.py:500} INFO - Filling up the DagBag from /home/airflow/.local/lib/python3.7/site-packages/airflow/example_dags/example_skip_dag.py
[2022-03-16 00:14:25,239] {processor.py:654} INFO - DAG(s) dict_keys(['example_skip_dag']) retrieved from /home/airflow/.local/lib/python3.7/site-packages/airflow/example_dags/example_skip_dag.py
[2022-03-16 00:14:25,248] {logging_mixin.py:109} INFO - [2022-03-16 00:14:25,247] {dag.py:2398} INFO - Sync 1 DAGs
[2022-03-16 00:14:25,262] {logging_mixin.py:109} INFO - [2022-03-16 00:14:25,262] {dag.py:2937} INFO - Setting next_dagrun for example_skip_dag to 2022-03-15T00:14:25.262296+00:00
[2022-03-16 00:14:25,314] {processor.py:171} INFO - Processing /home/airflow/.local/lib/python3.7/site-packages/airflow/example_dags/example_skip_dag.py took 0.097 seconds
[2022-03-16 00:14:56,259] {processor.py:163} INFO - Started process (PID=3939) to work on /home/airflow/.local/lib/python3.7/site-packages/airflow/example_dags/example_skip_dag.py
[2022-03-16 00:14:56,289] {processor.py:642} INFO - Processing file /home/airflow/.local/lib/python3.7/site-packages/airflow/example_dags/example_skip_dag.py for tasks to queue
[2022-03-16 00:14:56,290] {logging_mixin.py:109} INFO - [2022-03-16 00:14:56,290] {dagbag.py:500} INFO - Filling up the DagBag from /home/airflow/.local/lib/python3.7/site-packages/airflow/example_dags/example_skip_dag.py
[2022-03-16 00:14:56,322] {processor.py:654} INFO - DAG(s) dict_keys(['example_skip_dag']) retrieved from /home/airflow/.local/lib/python3.7/site-packages/airflow/example_dags/example_skip_dag.py
[2022-03-16 00:14:56,335] {logging_mixin.py:109} INFO - [2022-03-16 00:14:56,335] {dag.py:2398} INFO - Sync 1 DAGs
[2022-03-16 00:14:56,357] {logging_mixin.py:109} INFO - [2022-03-16 00:14:56,357] {dag.py:2937} INFO - Setting next_dagrun for example_skip_dag to 2022-03-15T00:14:56.357324+00:00
[2022-03-16 00:14:56,426] {processor.py:171} INFO - Processing /home/airflow/.local/lib/python3.7/site-packages/airflow/example_dags/example_skip_dag.py took 0.169 seconds
[2022-03-16 00:15:26,845] {processor.py:163} INFO - Started process (PID=3992) to work on /home/airflow/.local/lib/python3.7/site-packages/airflow/example_dags/example_skip_dag.py
[2022-03-16 00:15:26,891] {processor.py:642} INFO - Processing file /home/airflow/.local/lib/python3.7/site-packages/airflow/example_dags/example_skip_dag.py for tasks to queue
[2022-03-16 00:15:26,892] {logging_mixin.py:109} INFO - [2022-03-16 00:15:26,891] {dagbag.py:500} INFO - Filling up the DagBag from /home/airflow/.local/lib/python3.7/site-packages/airflow/example_dags/example_skip_dag.py
[2022-03-16 00:15:26,920] {processor.py:654} INFO - DAG(s) dict_keys(['example_skip_dag']) retrieved from /home/airflow/.local/lib/python3.7/site-packages/airflow/example_dags/example_skip_dag.py
[2022-03-16 00:15:26,930] {logging_mixin.py:109} INFO - [2022-03-16 00:15:26,930] {dag.py:2398} INFO - Sync 1 DAGs
[2022-03-16 00:15:26,943] {logging_mixin.py:109} INFO - [2022-03-16 00:15:26,943] {dag.py:2937} INFO - Setting next_dagrun for example_skip_dag to 2022-03-15T00:15:26.942838+00:00
[2022-03-16 00:15:27,018] {processor.py:171} INFO - Processing /home/airflow/.local/lib/python3.7/site-packages/airflow/example_dags/example_skip_dag.py took 0.179 seconds
[2022-03-16 00:15:59,825] {processor.py:163} INFO - Started process (PID=4042) to work on /home/airflow/.local/lib/python3.7/site-packages/airflow/example_dags/example_skip_dag.py
[2022-03-16 00:15:59,831] {processor.py:642} INFO - Processing file /home/airflow/.local/lib/python3.7/site-packages/airflow/example_dags/example_skip_dag.py for tasks to queue
[2022-03-16 00:15:59,831] {logging_mixin.py:109} INFO - [2022-03-16 00:15:59,831] {dagbag.py:500} INFO - Filling up the DagBag from /home/airflow/.local/lib/python3.7/site-packages/airflow/example_dags/example_skip_dag.py
[2022-03-16 00:15:59,852] {processor.py:654} INFO - DAG(s) dict_keys(['example_skip_dag']) retrieved from /home/airflow/.local/lib/python3.7/site-packages/airflow/example_dags/example_skip_dag.py
[2022-03-16 00:15:59,859] {logging_mixin.py:109} INFO - [2022-03-16 00:15:59,859] {dag.py:2398} INFO - Sync 1 DAGs
[2022-03-16 00:15:59,871] {logging_mixin.py:109} INFO - [2022-03-16 00:15:59,871] {dag.py:2937} INFO - Setting next_dagrun for example_skip_dag to 2022-03-15T00:15:59.871355+00:00
[2022-03-16 00:15:59,991] {processor.py:171} INFO - Processing /home/airflow/.local/lib/python3.7/site-packages/airflow/example_dags/example_skip_dag.py took 0.169 seconds
[2022-03-16 00:16:31,279] {processor.py:163} INFO - Started process (PID=4114) to work on /home/airflow/.local/lib/python3.7/site-packages/airflow/example_dags/example_skip_dag.py
[2022-03-16 00:16:31,292] {processor.py:642} INFO - Processing file /home/airflow/.local/lib/python3.7/site-packages/airflow/example_dags/example_skip_dag.py for tasks to queue
[2022-03-16 00:16:31,292] {logging_mixin.py:109} INFO - [2022-03-16 00:16:31,292] {dagbag.py:500} INFO - Filling up the DagBag from /home/airflow/.local/lib/python3.7/site-packages/airflow/example_dags/example_skip_dag.py
[2022-03-16 00:16:31,310] {processor.py:654} INFO - DAG(s) dict_keys(['example_skip_dag']) retrieved from /home/airflow/.local/lib/python3.7/site-packages/airflow/example_dags/example_skip_dag.py
[2022-03-16 00:16:31,317] {logging_mixin.py:109} INFO - [2022-03-16 00:16:31,316] {dag.py:2398} INFO - Sync 1 DAGs
[2022-03-16 00:16:31,328] {logging_mixin.py:109} INFO - [2022-03-16 00:16:31,328] {dag.py:2937} INFO - Setting next_dagrun for example_skip_dag to 2022-03-15T00:16:31.328029+00:00
[2022-03-16 00:16:31,399] {processor.py:171} INFO - Processing /home/airflow/.local/lib/python3.7/site-packages/airflow/example_dags/example_skip_dag.py took 0.122 seconds
[2022-03-16 00:17:02,823] {processor.py:163} INFO - Started process (PID=4173) to work on /home/airflow/.local/lib/python3.7/site-packages/airflow/example_dags/example_skip_dag.py
[2022-03-16 00:17:02,831] {processor.py:642} INFO - Processing file /home/airflow/.local/lib/python3.7/site-packages/airflow/example_dags/example_skip_dag.py for tasks to queue
[2022-03-16 00:17:02,832] {logging_mixin.py:109} INFO - [2022-03-16 00:17:02,832] {dagbag.py:500} INFO - Filling up the DagBag from /home/airflow/.local/lib/python3.7/site-packages/airflow/example_dags/example_skip_dag.py
[2022-03-16 00:17:02,849] {processor.py:654} INFO - DAG(s) dict_keys(['example_skip_dag']) retrieved from /home/airflow/.local/lib/python3.7/site-packages/airflow/example_dags/example_skip_dag.py
[2022-03-16 00:17:02,856] {logging_mixin.py:109} INFO - [2022-03-16 00:17:02,856] {dag.py:2398} INFO - Sync 1 DAGs
[2022-03-16 00:17:02,868] {logging_mixin.py:109} INFO - [2022-03-16 00:17:02,868] {dag.py:2937} INFO - Setting next_dagrun for example_skip_dag to 2022-03-15T00:17:02.868011+00:00
[2022-03-16 00:17:02,953] {processor.py:171} INFO - Processing /home/airflow/.local/lib/python3.7/site-packages/airflow/example_dags/example_skip_dag.py took 0.131 seconds
[2022-03-16 00:17:33,470] {processor.py:163} INFO - Started process (PID=4233) to work on /home/airflow/.local/lib/python3.7/site-packages/airflow/example_dags/example_skip_dag.py
[2022-03-16 00:17:33,482] {processor.py:642} INFO - Processing file /home/airflow/.local/lib/python3.7/site-packages/airflow/example_dags/example_skip_dag.py for tasks to queue
[2022-03-16 00:17:33,482] {logging_mixin.py:109} INFO - [2022-03-16 00:17:33,482] {dagbag.py:500} INFO - Filling up the DagBag from /home/airflow/.local/lib/python3.7/site-packages/airflow/example_dags/example_skip_dag.py
[2022-03-16 00:17:33,500] {processor.py:654} INFO - DAG(s) dict_keys(['example_skip_dag']) retrieved from /home/airflow/.local/lib/python3.7/site-packages/airflow/example_dags/example_skip_dag.py
[2022-03-16 00:17:33,510] {logging_mixin.py:109} INFO - [2022-03-16 00:17:33,510] {dag.py:2398} INFO - Sync 1 DAGs
[2022-03-16 00:17:33,527] {logging_mixin.py:109} INFO - [2022-03-16 00:17:33,526] {dag.py:2937} INFO - Setting next_dagrun for example_skip_dag to 2022-03-15T00:17:33.526703+00:00
[2022-03-16 00:17:33,572] {processor.py:171} INFO - Processing /home/airflow/.local/lib/python3.7/site-packages/airflow/example_dags/example_skip_dag.py took 0.105 seconds
[2022-03-16 00:18:04,816] {processor.py:163} INFO - Started process (PID=4285) to work on /home/airflow/.local/lib/python3.7/site-packages/airflow/example_dags/example_skip_dag.py
[2022-03-16 00:18:04,819] {processor.py:642} INFO - Processing file /home/airflow/.local/lib/python3.7/site-packages/airflow/example_dags/example_skip_dag.py for tasks to queue
[2022-03-16 00:18:04,819] {logging_mixin.py:109} INFO - [2022-03-16 00:18:04,819] {dagbag.py:500} INFO - Filling up the DagBag from /home/airflow/.local/lib/python3.7/site-packages/airflow/example_dags/example_skip_dag.py
[2022-03-16 00:18:04,847] {processor.py:654} INFO - DAG(s) dict_keys(['example_skip_dag']) retrieved from /home/airflow/.local/lib/python3.7/site-packages/airflow/example_dags/example_skip_dag.py
[2022-03-16 00:18:04,858] {logging_mixin.py:109} INFO - [2022-03-16 00:18:04,858] {dag.py:2398} INFO - Sync 1 DAGs
[2022-03-16 00:18:04,877] {logging_mixin.py:109} INFO - [2022-03-16 00:18:04,876] {dag.py:2937} INFO - Setting next_dagrun for example_skip_dag to 2022-03-15T00:18:04.876666+00:00
[2022-03-16 00:18:05,736] {processor.py:171} INFO - Processing /home/airflow/.local/lib/python3.7/site-packages/airflow/example_dags/example_skip_dag.py took 0.923 seconds
[2022-03-16 00:18:36,624] {processor.py:163} INFO - Started process (PID=4359) to work on /home/airflow/.local/lib/python3.7/site-packages/airflow/example_dags/example_skip_dag.py
[2022-03-16 00:18:36,675] {processor.py:642} INFO - Processing file /home/airflow/.local/lib/python3.7/site-packages/airflow/example_dags/example_skip_dag.py for tasks to queue
[2022-03-16 00:18:36,675] {logging_mixin.py:109} INFO - [2022-03-16 00:18:36,675] {dagbag.py:500} INFO - Filling up the DagBag from /home/airflow/.local/lib/python3.7/site-packages/airflow/example_dags/example_skip_dag.py
[2022-03-16 00:18:36,694] {processor.py:654} INFO - DAG(s) dict_keys(['example_skip_dag']) retrieved from /home/airflow/.local/lib/python3.7/site-packages/airflow/example_dags/example_skip_dag.py
[2022-03-16 00:18:36,701] {logging_mixin.py:109} INFO - [2022-03-16 00:18:36,701] {dag.py:2398} INFO - Sync 1 DAGs
[2022-03-16 00:18:36,713] {logging_mixin.py:109} INFO - [2022-03-16 00:18:36,712] {dag.py:2937} INFO - Setting next_dagrun for example_skip_dag to 2022-03-15T00:18:36.712787+00:00
[2022-03-16 00:18:36,954] {processor.py:171} INFO - Processing /home/airflow/.local/lib/python3.7/site-packages/airflow/example_dags/example_skip_dag.py took 0.332 seconds
[2022-03-16 00:19:07,713] {processor.py:163} INFO - Started process (PID=4420) to work on /home/airflow/.local/lib/python3.7/site-packages/airflow/example_dags/example_skip_dag.py
[2022-03-16 00:19:07,723] {processor.py:642} INFO - Processing file /home/airflow/.local/lib/python3.7/site-packages/airflow/example_dags/example_skip_dag.py for tasks to queue
[2022-03-16 00:19:07,724] {logging_mixin.py:109} INFO - [2022-03-16 00:19:07,724] {dagbag.py:500} INFO - Filling up the DagBag from /home/airflow/.local/lib/python3.7/site-packages/airflow/example_dags/example_skip_dag.py
[2022-03-16 00:19:07,747] {processor.py:654} INFO - DAG(s) dict_keys(['example_skip_dag']) retrieved from /home/airflow/.local/lib/python3.7/site-packages/airflow/example_dags/example_skip_dag.py
[2022-03-16 00:19:07,754] {logging_mixin.py:109} INFO - [2022-03-16 00:19:07,754] {dag.py:2398} INFO - Sync 1 DAGs
[2022-03-16 00:19:07,766] {logging_mixin.py:109} INFO - [2022-03-16 00:19:07,765] {dag.py:2937} INFO - Setting next_dagrun for example_skip_dag to 2022-03-15T00:19:07.765778+00:00
[2022-03-16 00:19:07,830] {processor.py:171} INFO - Processing /home/airflow/.local/lib/python3.7/site-packages/airflow/example_dags/example_skip_dag.py took 0.121 seconds
[2022-03-16 00:19:39,387] {processor.py:163} INFO - Started process (PID=4479) to work on /home/airflow/.local/lib/python3.7/site-packages/airflow/example_dags/example_skip_dag.py
[2022-03-16 00:19:39,397] {processor.py:642} INFO - Processing file /home/airflow/.local/lib/python3.7/site-packages/airflow/example_dags/example_skip_dag.py for tasks to queue
[2022-03-16 00:19:39,398] {logging_mixin.py:109} INFO - [2022-03-16 00:19:39,398] {dagbag.py:500} INFO - Filling up the DagBag from /home/airflow/.local/lib/python3.7/site-packages/airflow/example_dags/example_skip_dag.py
[2022-03-16 00:19:39,426] {processor.py:654} INFO - DAG(s) dict_keys(['example_skip_dag']) retrieved from /home/airflow/.local/lib/python3.7/site-packages/airflow/example_dags/example_skip_dag.py
[2022-03-16 00:19:39,434] {logging_mixin.py:109} INFO - [2022-03-16 00:19:39,434] {dag.py:2398} INFO - Sync 1 DAGs
[2022-03-16 00:19:39,450] {logging_mixin.py:109} INFO - [2022-03-16 00:19:39,450] {dag.py:2937} INFO - Setting next_dagrun for example_skip_dag to 2022-03-15T00:19:39.450060+00:00
[2022-03-16 00:19:39,517] {processor.py:171} INFO - Processing /home/airflow/.local/lib/python3.7/site-packages/airflow/example_dags/example_skip_dag.py took 0.133 seconds
[2022-03-16 00:20:10,259] {processor.py:163} INFO - Started process (PID=4533) to work on /home/airflow/.local/lib/python3.7/site-packages/airflow/example_dags/example_skip_dag.py
[2022-03-16 00:20:10,286] {processor.py:642} INFO - Processing file /home/airflow/.local/lib/python3.7/site-packages/airflow/example_dags/example_skip_dag.py for tasks to queue
[2022-03-16 00:20:10,286] {logging_mixin.py:109} INFO - [2022-03-16 00:20:10,286] {dagbag.py:500} INFO - Filling up the DagBag from /home/airflow/.local/lib/python3.7/site-packages/airflow/example_dags/example_skip_dag.py
[2022-03-16 00:20:10,304] {processor.py:654} INFO - DAG(s) dict_keys(['example_skip_dag']) retrieved from /home/airflow/.local/lib/python3.7/site-packages/airflow/example_dags/example_skip_dag.py
[2022-03-16 00:20:10,311] {logging_mixin.py:109} INFO - [2022-03-16 00:20:10,311] {dag.py:2398} INFO - Sync 1 DAGs
[2022-03-16 00:20:10,322] {logging_mixin.py:109} INFO - [2022-03-16 00:20:10,322] {dag.py:2937} INFO - Setting next_dagrun for example_skip_dag to 2022-03-15T00:20:10.321858+00:00
[2022-03-16 00:20:10,362] {processor.py:171} INFO - Processing /home/airflow/.local/lib/python3.7/site-packages/airflow/example_dags/example_skip_dag.py took 0.105 seconds
[2022-03-16 00:20:40,734] {processor.py:163} INFO - Started process (PID=4606) to work on /home/airflow/.local/lib/python3.7/site-packages/airflow/example_dags/example_skip_dag.py
[2022-03-16 00:20:40,753] {processor.py:642} INFO - Processing file /home/airflow/.local/lib/python3.7/site-packages/airflow/example_dags/example_skip_dag.py for tasks to queue
[2022-03-16 00:20:40,754] {logging_mixin.py:109} INFO - [2022-03-16 00:20:40,754] {dagbag.py:500} INFO - Filling up the DagBag from /home/airflow/.local/lib/python3.7/site-packages/airflow/example_dags/example_skip_dag.py
[2022-03-16 00:20:40,784] {processor.py:654} INFO - DAG(s) dict_keys(['example_skip_dag']) retrieved from /home/airflow/.local/lib/python3.7/site-packages/airflow/example_dags/example_skip_dag.py
[2022-03-16 00:20:40,795] {logging_mixin.py:109} INFO - [2022-03-16 00:20:40,795] {dag.py:2398} INFO - Sync 1 DAGs
[2022-03-16 00:20:40,807] {logging_mixin.py:109} INFO - [2022-03-16 00:20:40,807] {dag.py:2937} INFO - Setting next_dagrun for example_skip_dag to 2022-03-15T00:20:40.807703+00:00
[2022-03-16 00:20:40,844] {processor.py:171} INFO - Processing /home/airflow/.local/lib/python3.7/site-packages/airflow/example_dags/example_skip_dag.py took 0.112 seconds
[2022-03-16 00:21:12,318] {processor.py:163} INFO - Started process (PID=4666) to work on /home/airflow/.local/lib/python3.7/site-packages/airflow/example_dags/example_skip_dag.py
[2022-03-16 00:21:12,324] {processor.py:642} INFO - Processing file /home/airflow/.local/lib/python3.7/site-packages/airflow/example_dags/example_skip_dag.py for tasks to queue
[2022-03-16 00:21:12,325] {logging_mixin.py:109} INFO - [2022-03-16 00:21:12,325] {dagbag.py:500} INFO - Filling up the DagBag from /home/airflow/.local/lib/python3.7/site-packages/airflow/example_dags/example_skip_dag.py
[2022-03-16 00:21:12,362] {processor.py:654} INFO - DAG(s) dict_keys(['example_skip_dag']) retrieved from /home/airflow/.local/lib/python3.7/site-packages/airflow/example_dags/example_skip_dag.py
[2022-03-16 00:21:12,370] {logging_mixin.py:109} INFO - [2022-03-16 00:21:12,370] {dag.py:2398} INFO - Sync 1 DAGs
[2022-03-16 00:21:12,382] {logging_mixin.py:109} INFO - [2022-03-16 00:21:12,382] {dag.py:2937} INFO - Setting next_dagrun for example_skip_dag to 2022-03-15T00:21:12.381835+00:00
[2022-03-16 00:21:12,426] {processor.py:171} INFO - Processing /home/airflow/.local/lib/python3.7/site-packages/airflow/example_dags/example_skip_dag.py took 0.113 seconds
[2022-03-16 00:21:43,897] {processor.py:163} INFO - Started process (PID=4725) to work on /home/airflow/.local/lib/python3.7/site-packages/airflow/example_dags/example_skip_dag.py
[2022-03-16 00:21:44,009] {processor.py:642} INFO - Processing file /home/airflow/.local/lib/python3.7/site-packages/airflow/example_dags/example_skip_dag.py for tasks to queue
[2022-03-16 00:21:44,011] {logging_mixin.py:109} INFO - [2022-03-16 00:21:44,010] {dagbag.py:500} INFO - Filling up the DagBag from /home/airflow/.local/lib/python3.7/site-packages/airflow/example_dags/example_skip_dag.py
[2022-03-16 00:21:44,043] {processor.py:654} INFO - DAG(s) dict_keys(['example_skip_dag']) retrieved from /home/airflow/.local/lib/python3.7/site-packages/airflow/example_dags/example_skip_dag.py
[2022-03-16 00:21:44,050] {logging_mixin.py:109} INFO - [2022-03-16 00:21:44,050] {dag.py:2398} INFO - Sync 1 DAGs
[2022-03-16 00:21:44,062] {logging_mixin.py:109} INFO - [2022-03-16 00:21:44,061] {dag.py:2937} INFO - Setting next_dagrun for example_skip_dag to 2022-03-15T00:21:44.061790+00:00
[2022-03-16 00:21:44,120] {processor.py:171} INFO - Processing /home/airflow/.local/lib/python3.7/site-packages/airflow/example_dags/example_skip_dag.py took 0.225 seconds
