[2022-03-16 00:00:25,300] {processor.py:163} INFO - Started process (PID=2244) to work on /home/airflow/.local/lib/python3.7/site-packages/airflow/example_dags/example_trigger_target_dag.py
[2022-03-16 00:00:25,300] {processor.py:642} INFO - Processing file /home/airflow/.local/lib/python3.7/site-packages/airflow/example_dags/example_trigger_target_dag.py for tasks to queue
[2022-03-16 00:00:25,301] {logging_mixin.py:109} INFO - [2022-03-16 00:00:25,301] {dagbag.py:500} INFO - Filling up the DagBag from /home/airflow/.local/lib/python3.7/site-packages/airflow/example_dags/example_trigger_target_dag.py
[2022-03-16 00:00:25,322] {processor.py:654} INFO - DAG(s) dict_keys(['example_trigger_target_dag']) retrieved from /home/airflow/.local/lib/python3.7/site-packages/airflow/example_dags/example_trigger_target_dag.py
[2022-03-16 00:00:25,328] {logging_mixin.py:109} INFO - [2022-03-16 00:00:25,328] {dag.py:2398} INFO - Sync 1 DAGs
[2022-03-16 00:00:25,340] {logging_mixin.py:109} INFO - [2022-03-16 00:00:25,340] {dag.py:2937} INFO - Setting next_dagrun for example_trigger_target_dag to None
[2022-03-16 00:00:25,891] {processor.py:171} INFO - Processing /home/airflow/.local/lib/python3.7/site-packages/airflow/example_dags/example_trigger_target_dag.py took 0.594 seconds
[2022-03-16 00:00:58,117] {processor.py:163} INFO - Started process (PID=2308) to work on /home/airflow/.local/lib/python3.7/site-packages/airflow/example_dags/example_trigger_target_dag.py
[2022-03-16 00:00:58,118] {processor.py:642} INFO - Processing file /home/airflow/.local/lib/python3.7/site-packages/airflow/example_dags/example_trigger_target_dag.py for tasks to queue
[2022-03-16 00:00:58,118] {logging_mixin.py:109} INFO - [2022-03-16 00:00:58,118] {dagbag.py:500} INFO - Filling up the DagBag from /home/airflow/.local/lib/python3.7/site-packages/airflow/example_dags/example_trigger_target_dag.py
[2022-03-16 00:00:58,139] {processor.py:654} INFO - DAG(s) dict_keys(['example_trigger_target_dag']) retrieved from /home/airflow/.local/lib/python3.7/site-packages/airflow/example_dags/example_trigger_target_dag.py
[2022-03-16 00:00:58,145] {logging_mixin.py:109} INFO - [2022-03-16 00:00:58,145] {dag.py:2398} INFO - Sync 1 DAGs
[2022-03-16 00:00:58,156] {logging_mixin.py:109} INFO - [2022-03-16 00:00:58,156] {dag.py:2937} INFO - Setting next_dagrun for example_trigger_target_dag to None
[2022-03-16 00:00:58,196] {processor.py:171} INFO - Processing /home/airflow/.local/lib/python3.7/site-packages/airflow/example_dags/example_trigger_target_dag.py took 0.081 seconds
[2022-03-16 00:01:28,322] {processor.py:163} INFO - Started process (PID=2367) to work on /home/airflow/.local/lib/python3.7/site-packages/airflow/example_dags/example_trigger_target_dag.py
[2022-03-16 00:01:28,323] {processor.py:642} INFO - Processing file /home/airflow/.local/lib/python3.7/site-packages/airflow/example_dags/example_trigger_target_dag.py for tasks to queue
[2022-03-16 00:01:28,323] {logging_mixin.py:109} INFO - [2022-03-16 00:01:28,323] {dagbag.py:500} INFO - Filling up the DagBag from /home/airflow/.local/lib/python3.7/site-packages/airflow/example_dags/example_trigger_target_dag.py
[2022-03-16 00:01:28,349] {processor.py:654} INFO - DAG(s) dict_keys(['example_trigger_target_dag']) retrieved from /home/airflow/.local/lib/python3.7/site-packages/airflow/example_dags/example_trigger_target_dag.py
[2022-03-16 00:01:28,358] {logging_mixin.py:109} INFO - [2022-03-16 00:01:28,358] {dag.py:2398} INFO - Sync 1 DAGs
[2022-03-16 00:01:28,374] {logging_mixin.py:109} INFO - [2022-03-16 00:01:28,374] {dag.py:2937} INFO - Setting next_dagrun for example_trigger_target_dag to None
[2022-03-16 00:01:28,576] {processor.py:171} INFO - Processing /home/airflow/.local/lib/python3.7/site-packages/airflow/example_dags/example_trigger_target_dag.py took 0.256 seconds
[2022-03-16 00:02:00,814] {processor.py:163} INFO - Started process (PID=2418) to work on /home/airflow/.local/lib/python3.7/site-packages/airflow/example_dags/example_trigger_target_dag.py
[2022-03-16 00:02:00,815] {processor.py:642} INFO - Processing file /home/airflow/.local/lib/python3.7/site-packages/airflow/example_dags/example_trigger_target_dag.py for tasks to queue
[2022-03-16 00:02:00,815] {logging_mixin.py:109} INFO - [2022-03-16 00:02:00,815] {dagbag.py:500} INFO - Filling up the DagBag from /home/airflow/.local/lib/python3.7/site-packages/airflow/example_dags/example_trigger_target_dag.py
[2022-03-16 00:02:00,836] {processor.py:654} INFO - DAG(s) dict_keys(['example_trigger_target_dag']) retrieved from /home/airflow/.local/lib/python3.7/site-packages/airflow/example_dags/example_trigger_target_dag.py
[2022-03-16 00:02:00,842] {logging_mixin.py:109} INFO - [2022-03-16 00:02:00,842] {dag.py:2398} INFO - Sync 1 DAGs
[2022-03-16 00:02:00,853] {logging_mixin.py:109} INFO - [2022-03-16 00:02:00,853] {dag.py:2937} INFO - Setting next_dagrun for example_trigger_target_dag to None
[2022-03-16 00:02:01,142] {processor.py:171} INFO - Processing /home/airflow/.local/lib/python3.7/site-packages/airflow/example_dags/example_trigger_target_dag.py took 0.330 seconds
[2022-03-16 00:02:33,463] {processor.py:163} INFO - Started process (PID=2491) to work on /home/airflow/.local/lib/python3.7/site-packages/airflow/example_dags/example_trigger_target_dag.py
[2022-03-16 00:02:33,481] {processor.py:642} INFO - Processing file /home/airflow/.local/lib/python3.7/site-packages/airflow/example_dags/example_trigger_target_dag.py for tasks to queue
[2022-03-16 00:02:33,482] {logging_mixin.py:109} INFO - [2022-03-16 00:02:33,482] {dagbag.py:500} INFO - Filling up the DagBag from /home/airflow/.local/lib/python3.7/site-packages/airflow/example_dags/example_trigger_target_dag.py
[2022-03-16 00:02:33,513] {processor.py:654} INFO - DAG(s) dict_keys(['example_trigger_target_dag']) retrieved from /home/airflow/.local/lib/python3.7/site-packages/airflow/example_dags/example_trigger_target_dag.py
[2022-03-16 00:02:33,520] {logging_mixin.py:109} INFO - [2022-03-16 00:02:33,520] {dag.py:2398} INFO - Sync 1 DAGs
[2022-03-16 00:02:33,533] {logging_mixin.py:109} INFO - [2022-03-16 00:02:33,533] {dag.py:2937} INFO - Setting next_dagrun for example_trigger_target_dag to None
[2022-03-16 00:02:33,585] {processor.py:171} INFO - Processing /home/airflow/.local/lib/python3.7/site-packages/airflow/example_dags/example_trigger_target_dag.py took 0.124 seconds
[2022-03-16 00:03:04,970] {processor.py:163} INFO - Started process (PID=2556) to work on /home/airflow/.local/lib/python3.7/site-packages/airflow/example_dags/example_trigger_target_dag.py
[2022-03-16 00:03:04,988] {processor.py:642} INFO - Processing file /home/airflow/.local/lib/python3.7/site-packages/airflow/example_dags/example_trigger_target_dag.py for tasks to queue
[2022-03-16 00:03:04,988] {logging_mixin.py:109} INFO - [2022-03-16 00:03:04,988] {dagbag.py:500} INFO - Filling up the DagBag from /home/airflow/.local/lib/python3.7/site-packages/airflow/example_dags/example_trigger_target_dag.py
[2022-03-16 00:03:05,014] {processor.py:654} INFO - DAG(s) dict_keys(['example_trigger_target_dag']) retrieved from /home/airflow/.local/lib/python3.7/site-packages/airflow/example_dags/example_trigger_target_dag.py
[2022-03-16 00:03:05,020] {logging_mixin.py:109} INFO - [2022-03-16 00:03:05,020] {dag.py:2398} INFO - Sync 1 DAGs
[2022-03-16 00:03:05,031] {logging_mixin.py:109} INFO - [2022-03-16 00:03:05,031] {dag.py:2937} INFO - Setting next_dagrun for example_trigger_target_dag to None
[2022-03-16 00:03:05,092] {processor.py:171} INFO - Processing /home/airflow/.local/lib/python3.7/site-packages/airflow/example_dags/example_trigger_target_dag.py took 0.125 seconds
[2022-03-16 00:03:35,537] {processor.py:163} INFO - Started process (PID=2615) to work on /home/airflow/.local/lib/python3.7/site-packages/airflow/example_dags/example_trigger_target_dag.py
[2022-03-16 00:03:35,537] {processor.py:642} INFO - Processing file /home/airflow/.local/lib/python3.7/site-packages/airflow/example_dags/example_trigger_target_dag.py for tasks to queue
[2022-03-16 00:03:35,538] {logging_mixin.py:109} INFO - [2022-03-16 00:03:35,538] {dagbag.py:500} INFO - Filling up the DagBag from /home/airflow/.local/lib/python3.7/site-packages/airflow/example_dags/example_trigger_target_dag.py
[2022-03-16 00:03:35,561] {processor.py:654} INFO - DAG(s) dict_keys(['example_trigger_target_dag']) retrieved from /home/airflow/.local/lib/python3.7/site-packages/airflow/example_dags/example_trigger_target_dag.py
[2022-03-16 00:03:35,570] {logging_mixin.py:109} INFO - [2022-03-16 00:03:35,570] {dag.py:2398} INFO - Sync 1 DAGs
[2022-03-16 00:03:35,587] {logging_mixin.py:109} INFO - [2022-03-16 00:03:35,587] {dag.py:2937} INFO - Setting next_dagrun for example_trigger_target_dag to None
[2022-03-16 00:03:35,637] {processor.py:171} INFO - Processing /home/airflow/.local/lib/python3.7/site-packages/airflow/example_dags/example_trigger_target_dag.py took 0.102 seconds
[2022-03-16 00:04:08,262] {processor.py:163} INFO - Started process (PID=2667) to work on /home/airflow/.local/lib/python3.7/site-packages/airflow/example_dags/example_trigger_target_dag.py
[2022-03-16 00:04:08,302] {processor.py:642} INFO - Processing file /home/airflow/.local/lib/python3.7/site-packages/airflow/example_dags/example_trigger_target_dag.py for tasks to queue
[2022-03-16 00:04:08,303] {logging_mixin.py:109} INFO - [2022-03-16 00:04:08,303] {dagbag.py:500} INFO - Filling up the DagBag from /home/airflow/.local/lib/python3.7/site-packages/airflow/example_dags/example_trigger_target_dag.py
[2022-03-16 00:04:08,354] {processor.py:654} INFO - DAG(s) dict_keys(['example_trigger_target_dag']) retrieved from /home/airflow/.local/lib/python3.7/site-packages/airflow/example_dags/example_trigger_target_dag.py
[2022-03-16 00:04:08,361] {logging_mixin.py:109} INFO - [2022-03-16 00:04:08,361] {dag.py:2398} INFO - Sync 1 DAGs
[2022-03-16 00:04:08,371] {logging_mixin.py:109} INFO - [2022-03-16 00:04:08,371] {dag.py:2937} INFO - Setting next_dagrun for example_trigger_target_dag to None
[2022-03-16 00:04:08,796] {processor.py:171} INFO - Processing /home/airflow/.local/lib/python3.7/site-packages/airflow/example_dags/example_trigger_target_dag.py took 0.535 seconds
[2022-03-16 00:04:39,573] {processor.py:163} INFO - Started process (PID=2740) to work on /home/airflow/.local/lib/python3.7/site-packages/airflow/example_dags/example_trigger_target_dag.py
[2022-03-16 00:04:39,584] {processor.py:642} INFO - Processing file /home/airflow/.local/lib/python3.7/site-packages/airflow/example_dags/example_trigger_target_dag.py for tasks to queue
[2022-03-16 00:04:39,584] {logging_mixin.py:109} INFO - [2022-03-16 00:04:39,584] {dagbag.py:500} INFO - Filling up the DagBag from /home/airflow/.local/lib/python3.7/site-packages/airflow/example_dags/example_trigger_target_dag.py
[2022-03-16 00:04:39,608] {processor.py:654} INFO - DAG(s) dict_keys(['example_trigger_target_dag']) retrieved from /home/airflow/.local/lib/python3.7/site-packages/airflow/example_dags/example_trigger_target_dag.py
[2022-03-16 00:04:39,616] {logging_mixin.py:109} INFO - [2022-03-16 00:04:39,616] {dag.py:2398} INFO - Sync 1 DAGs
[2022-03-16 00:04:39,629] {logging_mixin.py:109} INFO - [2022-03-16 00:04:39,629] {dag.py:2937} INFO - Setting next_dagrun for example_trigger_target_dag to None
[2022-03-16 00:04:39,675] {processor.py:171} INFO - Processing /home/airflow/.local/lib/python3.7/site-packages/airflow/example_dags/example_trigger_target_dag.py took 0.104 seconds
[2022-03-16 00:05:10,613] {processor.py:163} INFO - Started process (PID=2799) to work on /home/airflow/.local/lib/python3.7/site-packages/airflow/example_dags/example_trigger_target_dag.py
[2022-03-16 00:05:10,637] {processor.py:642} INFO - Processing file /home/airflow/.local/lib/python3.7/site-packages/airflow/example_dags/example_trigger_target_dag.py for tasks to queue
[2022-03-16 00:05:10,638] {logging_mixin.py:109} INFO - [2022-03-16 00:05:10,638] {dagbag.py:500} INFO - Filling up the DagBag from /home/airflow/.local/lib/python3.7/site-packages/airflow/example_dags/example_trigger_target_dag.py
[2022-03-16 00:05:10,659] {processor.py:654} INFO - DAG(s) dict_keys(['example_trigger_target_dag']) retrieved from /home/airflow/.local/lib/python3.7/site-packages/airflow/example_dags/example_trigger_target_dag.py
[2022-03-16 00:05:10,665] {logging_mixin.py:109} INFO - [2022-03-16 00:05:10,665] {dag.py:2398} INFO - Sync 1 DAGs
[2022-03-16 00:05:10,676] {logging_mixin.py:109} INFO - [2022-03-16 00:05:10,676] {dag.py:2937} INFO - Setting next_dagrun for example_trigger_target_dag to None
[2022-03-16 00:05:10,714] {processor.py:171} INFO - Processing /home/airflow/.local/lib/python3.7/site-packages/airflow/example_dags/example_trigger_target_dag.py took 0.104 seconds
[2022-03-16 00:05:42,038] {processor.py:163} INFO - Started process (PID=2849) to work on /home/airflow/.local/lib/python3.7/site-packages/airflow/example_dags/example_trigger_target_dag.py
[2022-03-16 00:05:42,039] {processor.py:642} INFO - Processing file /home/airflow/.local/lib/python3.7/site-packages/airflow/example_dags/example_trigger_target_dag.py for tasks to queue
[2022-03-16 00:05:42,039] {logging_mixin.py:109} INFO - [2022-03-16 00:05:42,039] {dagbag.py:500} INFO - Filling up the DagBag from /home/airflow/.local/lib/python3.7/site-packages/airflow/example_dags/example_trigger_target_dag.py
[2022-03-16 00:05:42,062] {processor.py:654} INFO - DAG(s) dict_keys(['example_trigger_target_dag']) retrieved from /home/airflow/.local/lib/python3.7/site-packages/airflow/example_dags/example_trigger_target_dag.py
[2022-03-16 00:05:42,069] {logging_mixin.py:109} INFO - [2022-03-16 00:05:42,068] {dag.py:2398} INFO - Sync 1 DAGs
[2022-03-16 00:05:42,079] {logging_mixin.py:109} INFO - [2022-03-16 00:05:42,079] {dag.py:2937} INFO - Setting next_dagrun for example_trigger_target_dag to None
[2022-03-16 00:05:42,118] {processor.py:171} INFO - Processing /home/airflow/.local/lib/python3.7/site-packages/airflow/example_dags/example_trigger_target_dag.py took 0.082 seconds
[2022-03-16 00:06:12,491] {processor.py:163} INFO - Started process (PID=2913) to work on /home/airflow/.local/lib/python3.7/site-packages/airflow/example_dags/example_trigger_target_dag.py
[2022-03-16 00:06:12,500] {processor.py:642} INFO - Processing file /home/airflow/.local/lib/python3.7/site-packages/airflow/example_dags/example_trigger_target_dag.py for tasks to queue
[2022-03-16 00:06:12,501] {logging_mixin.py:109} INFO - [2022-03-16 00:06:12,501] {dagbag.py:500} INFO - Filling up the DagBag from /home/airflow/.local/lib/python3.7/site-packages/airflow/example_dags/example_trigger_target_dag.py
[2022-03-16 00:06:12,526] {processor.py:654} INFO - DAG(s) dict_keys(['example_trigger_target_dag']) retrieved from /home/airflow/.local/lib/python3.7/site-packages/airflow/example_dags/example_trigger_target_dag.py
[2022-03-16 00:06:12,534] {logging_mixin.py:109} INFO - [2022-03-16 00:06:12,533] {dag.py:2398} INFO - Sync 1 DAGs
[2022-03-16 00:06:12,545] {logging_mixin.py:109} INFO - [2022-03-16 00:06:12,545] {dag.py:2937} INFO - Setting next_dagrun for example_trigger_target_dag to None
[2022-03-16 00:06:12,590] {processor.py:171} INFO - Processing /home/airflow/.local/lib/python3.7/site-packages/airflow/example_dags/example_trigger_target_dag.py took 0.101 seconds
[2022-03-16 00:06:43,208] {processor.py:163} INFO - Started process (PID=2979) to work on /home/airflow/.local/lib/python3.7/site-packages/airflow/example_dags/example_trigger_target_dag.py
[2022-03-16 00:06:43,209] {processor.py:642} INFO - Processing file /home/airflow/.local/lib/python3.7/site-packages/airflow/example_dags/example_trigger_target_dag.py for tasks to queue
[2022-03-16 00:06:43,209] {logging_mixin.py:109} INFO - [2022-03-16 00:06:43,209] {dagbag.py:500} INFO - Filling up the DagBag from /home/airflow/.local/lib/python3.7/site-packages/airflow/example_dags/example_trigger_target_dag.py
[2022-03-16 00:06:43,230] {processor.py:654} INFO - DAG(s) dict_keys(['example_trigger_target_dag']) retrieved from /home/airflow/.local/lib/python3.7/site-packages/airflow/example_dags/example_trigger_target_dag.py
[2022-03-16 00:06:43,236] {logging_mixin.py:109} INFO - [2022-03-16 00:06:43,236] {dag.py:2398} INFO - Sync 1 DAGs
[2022-03-16 00:06:43,246] {logging_mixin.py:109} INFO - [2022-03-16 00:06:43,246] {dag.py:2937} INFO - Setting next_dagrun for example_trigger_target_dag to None
[2022-03-16 00:06:43,285] {processor.py:171} INFO - Processing /home/airflow/.local/lib/python3.7/site-packages/airflow/example_dags/example_trigger_target_dag.py took 0.079 seconds
[2022-03-16 00:07:13,736] {processor.py:163} INFO - Started process (PID=3044) to work on /home/airflow/.local/lib/python3.7/site-packages/airflow/example_dags/example_trigger_target_dag.py
[2022-03-16 00:07:13,742] {processor.py:642} INFO - Processing file /home/airflow/.local/lib/python3.7/site-packages/airflow/example_dags/example_trigger_target_dag.py for tasks to queue
[2022-03-16 00:07:13,743] {logging_mixin.py:109} INFO - [2022-03-16 00:07:13,743] {dagbag.py:500} INFO - Filling up the DagBag from /home/airflow/.local/lib/python3.7/site-packages/airflow/example_dags/example_trigger_target_dag.py
[2022-03-16 00:07:13,771] {processor.py:654} INFO - DAG(s) dict_keys(['example_trigger_target_dag']) retrieved from /home/airflow/.local/lib/python3.7/site-packages/airflow/example_dags/example_trigger_target_dag.py
[2022-03-16 00:07:13,778] {logging_mixin.py:109} INFO - [2022-03-16 00:07:13,778] {dag.py:2398} INFO - Sync 1 DAGs
[2022-03-16 00:07:13,788] {logging_mixin.py:109} INFO - [2022-03-16 00:07:13,788] {dag.py:2937} INFO - Setting next_dagrun for example_trigger_target_dag to None
[2022-03-16 00:07:13,841] {processor.py:171} INFO - Processing /home/airflow/.local/lib/python3.7/site-packages/airflow/example_dags/example_trigger_target_dag.py took 0.108 seconds
[2022-03-16 00:07:46,046] {processor.py:163} INFO - Started process (PID=3093) to work on /home/airflow/.local/lib/python3.7/site-packages/airflow/example_dags/example_trigger_target_dag.py
[2022-03-16 00:07:46,064] {processor.py:642} INFO - Processing file /home/airflow/.local/lib/python3.7/site-packages/airflow/example_dags/example_trigger_target_dag.py for tasks to queue
[2022-03-16 00:07:46,064] {logging_mixin.py:109} INFO - [2022-03-16 00:07:46,064] {dagbag.py:500} INFO - Filling up the DagBag from /home/airflow/.local/lib/python3.7/site-packages/airflow/example_dags/example_trigger_target_dag.py
[2022-03-16 00:07:46,089] {processor.py:654} INFO - DAG(s) dict_keys(['example_trigger_target_dag']) retrieved from /home/airflow/.local/lib/python3.7/site-packages/airflow/example_dags/example_trigger_target_dag.py
[2022-03-16 00:07:46,095] {logging_mixin.py:109} INFO - [2022-03-16 00:07:46,095] {dag.py:2398} INFO - Sync 1 DAGs
[2022-03-16 00:07:46,106] {logging_mixin.py:109} INFO - [2022-03-16 00:07:46,105] {dag.py:2937} INFO - Setting next_dagrun for example_trigger_target_dag to None
[2022-03-16 00:07:46,164] {processor.py:171} INFO - Processing /home/airflow/.local/lib/python3.7/site-packages/airflow/example_dags/example_trigger_target_dag.py took 0.119 seconds
[2022-03-16 00:08:16,534] {processor.py:163} INFO - Started process (PID=3158) to work on /home/airflow/.local/lib/python3.7/site-packages/airflow/example_dags/example_trigger_target_dag.py
[2022-03-16 00:08:16,535] {processor.py:642} INFO - Processing file /home/airflow/.local/lib/python3.7/site-packages/airflow/example_dags/example_trigger_target_dag.py for tasks to queue
[2022-03-16 00:08:16,535] {logging_mixin.py:109} INFO - [2022-03-16 00:08:16,535] {dagbag.py:500} INFO - Filling up the DagBag from /home/airflow/.local/lib/python3.7/site-packages/airflow/example_dags/example_trigger_target_dag.py
[2022-03-16 00:08:16,556] {processor.py:654} INFO - DAG(s) dict_keys(['example_trigger_target_dag']) retrieved from /home/airflow/.local/lib/python3.7/site-packages/airflow/example_dags/example_trigger_target_dag.py
[2022-03-16 00:08:16,562] {logging_mixin.py:109} INFO - [2022-03-16 00:08:16,562] {dag.py:2398} INFO - Sync 1 DAGs
[2022-03-16 00:08:16,573] {logging_mixin.py:109} INFO - [2022-03-16 00:08:16,573] {dag.py:2937} INFO - Setting next_dagrun for example_trigger_target_dag to None
[2022-03-16 00:08:16,611] {processor.py:171} INFO - Processing /home/airflow/.local/lib/python3.7/site-packages/airflow/example_dags/example_trigger_target_dag.py took 0.079 seconds
[2022-03-16 00:08:47,542] {processor.py:163} INFO - Started process (PID=3224) to work on /home/airflow/.local/lib/python3.7/site-packages/airflow/example_dags/example_trigger_target_dag.py
[2022-03-16 00:08:47,544] {processor.py:642} INFO - Processing file /home/airflow/.local/lib/python3.7/site-packages/airflow/example_dags/example_trigger_target_dag.py for tasks to queue
[2022-03-16 00:08:47,544] {logging_mixin.py:109} INFO - [2022-03-16 00:08:47,544] {dagbag.py:500} INFO - Filling up the DagBag from /home/airflow/.local/lib/python3.7/site-packages/airflow/example_dags/example_trigger_target_dag.py
[2022-03-16 00:08:47,571] {processor.py:654} INFO - DAG(s) dict_keys(['example_trigger_target_dag']) retrieved from /home/airflow/.local/lib/python3.7/site-packages/airflow/example_dags/example_trigger_target_dag.py
[2022-03-16 00:08:47,578] {logging_mixin.py:109} INFO - [2022-03-16 00:08:47,577] {dag.py:2398} INFO - Sync 1 DAGs
[2022-03-16 00:08:47,589] {logging_mixin.py:109} INFO - [2022-03-16 00:08:47,589] {dag.py:2937} INFO - Setting next_dagrun for example_trigger_target_dag to None
[2022-03-16 00:08:47,630] {processor.py:171} INFO - Processing /home/airflow/.local/lib/python3.7/site-packages/airflow/example_dags/example_trigger_target_dag.py took 0.089 seconds
[2022-03-16 00:09:19,497] {processor.py:163} INFO - Started process (PID=3288) to work on /home/airflow/.local/lib/python3.7/site-packages/airflow/example_dags/example_trigger_target_dag.py
[2022-03-16 00:09:19,498] {processor.py:642} INFO - Processing file /home/airflow/.local/lib/python3.7/site-packages/airflow/example_dags/example_trigger_target_dag.py for tasks to queue
[2022-03-16 00:09:19,499] {logging_mixin.py:109} INFO - [2022-03-16 00:09:19,499] {dagbag.py:500} INFO - Filling up the DagBag from /home/airflow/.local/lib/python3.7/site-packages/airflow/example_dags/example_trigger_target_dag.py
[2022-03-16 00:09:19,518] {processor.py:654} INFO - DAG(s) dict_keys(['example_trigger_target_dag']) retrieved from /home/airflow/.local/lib/python3.7/site-packages/airflow/example_dags/example_trigger_target_dag.py
[2022-03-16 00:09:19,524] {logging_mixin.py:109} INFO - [2022-03-16 00:09:19,524] {dag.py:2398} INFO - Sync 1 DAGs
[2022-03-16 00:09:19,534] {logging_mixin.py:109} INFO - [2022-03-16 00:09:19,534] {dag.py:2937} INFO - Setting next_dagrun for example_trigger_target_dag to None
[2022-03-16 00:09:20,662] {processor.py:171} INFO - Processing /home/airflow/.local/lib/python3.7/site-packages/airflow/example_dags/example_trigger_target_dag.py took 1.166 seconds
[2022-03-16 00:09:51,152] {processor.py:163} INFO - Started process (PID=3338) to work on /home/airflow/.local/lib/python3.7/site-packages/airflow/example_dags/example_trigger_target_dag.py
[2022-03-16 00:09:51,162] {processor.py:642} INFO - Processing file /home/airflow/.local/lib/python3.7/site-packages/airflow/example_dags/example_trigger_target_dag.py for tasks to queue
[2022-03-16 00:09:51,162] {logging_mixin.py:109} INFO - [2022-03-16 00:09:51,162] {dagbag.py:500} INFO - Filling up the DagBag from /home/airflow/.local/lib/python3.7/site-packages/airflow/example_dags/example_trigger_target_dag.py
[2022-03-16 00:09:51,186] {processor.py:654} INFO - DAG(s) dict_keys(['example_trigger_target_dag']) retrieved from /home/airflow/.local/lib/python3.7/site-packages/airflow/example_dags/example_trigger_target_dag.py
[2022-03-16 00:09:51,195] {logging_mixin.py:109} INFO - [2022-03-16 00:09:51,194] {dag.py:2398} INFO - Sync 1 DAGs
[2022-03-16 00:09:51,208] {logging_mixin.py:109} INFO - [2022-03-16 00:09:51,208] {dag.py:2937} INFO - Setting next_dagrun for example_trigger_target_dag to None
[2022-03-16 00:09:52,204] {processor.py:171} INFO - Processing /home/airflow/.local/lib/python3.7/site-packages/airflow/example_dags/example_trigger_target_dag.py took 1.054 seconds
[2022-03-16 00:10:23,082] {processor.py:163} INFO - Started process (PID=3397) to work on /home/airflow/.local/lib/python3.7/site-packages/airflow/example_dags/example_trigger_target_dag.py
[2022-03-16 00:10:23,087] {processor.py:642} INFO - Processing file /home/airflow/.local/lib/python3.7/site-packages/airflow/example_dags/example_trigger_target_dag.py for tasks to queue
[2022-03-16 00:10:23,088] {logging_mixin.py:109} INFO - [2022-03-16 00:10:23,088] {dagbag.py:500} INFO - Filling up the DagBag from /home/airflow/.local/lib/python3.7/site-packages/airflow/example_dags/example_trigger_target_dag.py
[2022-03-16 00:10:23,109] {processor.py:654} INFO - DAG(s) dict_keys(['example_trigger_target_dag']) retrieved from /home/airflow/.local/lib/python3.7/site-packages/airflow/example_dags/example_trigger_target_dag.py
[2022-03-16 00:10:23,116] {logging_mixin.py:109} INFO - [2022-03-16 00:10:23,116] {dag.py:2398} INFO - Sync 1 DAGs
[2022-03-16 00:10:23,127] {logging_mixin.py:109} INFO - [2022-03-16 00:10:23,127] {dag.py:2937} INFO - Setting next_dagrun for example_trigger_target_dag to None
[2022-03-16 00:10:23,175] {processor.py:171} INFO - Processing /home/airflow/.local/lib/python3.7/site-packages/airflow/example_dags/example_trigger_target_dag.py took 0.095 seconds
[2022-03-16 00:10:53,442] {processor.py:163} INFO - Started process (PID=3470) to work on /home/airflow/.local/lib/python3.7/site-packages/airflow/example_dags/example_trigger_target_dag.py
[2022-03-16 00:10:53,461] {processor.py:642} INFO - Processing file /home/airflow/.local/lib/python3.7/site-packages/airflow/example_dags/example_trigger_target_dag.py for tasks to queue
[2022-03-16 00:10:53,462] {logging_mixin.py:109} INFO - [2022-03-16 00:10:53,462] {dagbag.py:500} INFO - Filling up the DagBag from /home/airflow/.local/lib/python3.7/site-packages/airflow/example_dags/example_trigger_target_dag.py
[2022-03-16 00:10:53,494] {processor.py:654} INFO - DAG(s) dict_keys(['example_trigger_target_dag']) retrieved from /home/airflow/.local/lib/python3.7/site-packages/airflow/example_dags/example_trigger_target_dag.py
[2022-03-16 00:10:53,501] {logging_mixin.py:109} INFO - [2022-03-16 00:10:53,501] {dag.py:2398} INFO - Sync 1 DAGs
[2022-03-16 00:10:53,514] {logging_mixin.py:109} INFO - [2022-03-16 00:10:53,514] {dag.py:2937} INFO - Setting next_dagrun for example_trigger_target_dag to None
[2022-03-16 00:10:54,877] {processor.py:171} INFO - Processing /home/airflow/.local/lib/python3.7/site-packages/airflow/example_dags/example_trigger_target_dag.py took 1.438 seconds
[2022-03-16 00:11:25,114] {processor.py:163} INFO - Started process (PID=3523) to work on /home/airflow/.local/lib/python3.7/site-packages/airflow/example_dags/example_trigger_target_dag.py
[2022-03-16 00:11:25,156] {processor.py:642} INFO - Processing file /home/airflow/.local/lib/python3.7/site-packages/airflow/example_dags/example_trigger_target_dag.py for tasks to queue
[2022-03-16 00:11:25,157] {logging_mixin.py:109} INFO - [2022-03-16 00:11:25,157] {dagbag.py:500} INFO - Filling up the DagBag from /home/airflow/.local/lib/python3.7/site-packages/airflow/example_dags/example_trigger_target_dag.py
[2022-03-16 00:11:25,196] {processor.py:654} INFO - DAG(s) dict_keys(['example_trigger_target_dag']) retrieved from /home/airflow/.local/lib/python3.7/site-packages/airflow/example_dags/example_trigger_target_dag.py
[2022-03-16 00:11:25,202] {logging_mixin.py:109} INFO - [2022-03-16 00:11:25,202] {dag.py:2398} INFO - Sync 1 DAGs
[2022-03-16 00:11:25,213] {logging_mixin.py:109} INFO - [2022-03-16 00:11:25,213] {dag.py:2937} INFO - Setting next_dagrun for example_trigger_target_dag to None
[2022-03-16 00:11:25,876] {processor.py:171} INFO - Processing /home/airflow/.local/lib/python3.7/site-packages/airflow/example_dags/example_trigger_target_dag.py took 0.765 seconds
[2022-03-16 00:11:56,045] {processor.py:163} INFO - Started process (PID=3582) to work on /home/airflow/.local/lib/python3.7/site-packages/airflow/example_dags/example_trigger_target_dag.py
[2022-03-16 00:11:56,087] {processor.py:642} INFO - Processing file /home/airflow/.local/lib/python3.7/site-packages/airflow/example_dags/example_trigger_target_dag.py for tasks to queue
[2022-03-16 00:11:56,087] {logging_mixin.py:109} INFO - [2022-03-16 00:11:56,087] {dagbag.py:500} INFO - Filling up the DagBag from /home/airflow/.local/lib/python3.7/site-packages/airflow/example_dags/example_trigger_target_dag.py
[2022-03-16 00:11:56,108] {processor.py:654} INFO - DAG(s) dict_keys(['example_trigger_target_dag']) retrieved from /home/airflow/.local/lib/python3.7/site-packages/airflow/example_dags/example_trigger_target_dag.py
[2022-03-16 00:11:56,115] {logging_mixin.py:109} INFO - [2022-03-16 00:11:56,114] {dag.py:2398} INFO - Sync 1 DAGs
[2022-03-16 00:11:56,126] {logging_mixin.py:109} INFO - [2022-03-16 00:11:56,125] {dag.py:2937} INFO - Setting next_dagrun for example_trigger_target_dag to None
[2022-03-16 00:11:56,498] {processor.py:171} INFO - Processing /home/airflow/.local/lib/python3.7/site-packages/airflow/example_dags/example_trigger_target_dag.py took 0.455 seconds
[2022-03-16 00:12:26,597] {processor.py:163} INFO - Started process (PID=3642) to work on /home/airflow/.local/lib/python3.7/site-packages/airflow/example_dags/example_trigger_target_dag.py
[2022-03-16 00:12:26,617] {processor.py:642} INFO - Processing file /home/airflow/.local/lib/python3.7/site-packages/airflow/example_dags/example_trigger_target_dag.py for tasks to queue
[2022-03-16 00:12:26,617] {logging_mixin.py:109} INFO - [2022-03-16 00:12:26,617] {dagbag.py:500} INFO - Filling up the DagBag from /home/airflow/.local/lib/python3.7/site-packages/airflow/example_dags/example_trigger_target_dag.py
[2022-03-16 00:12:26,639] {processor.py:654} INFO - DAG(s) dict_keys(['example_trigger_target_dag']) retrieved from /home/airflow/.local/lib/python3.7/site-packages/airflow/example_dags/example_trigger_target_dag.py
[2022-03-16 00:12:26,645] {logging_mixin.py:109} INFO - [2022-03-16 00:12:26,645] {dag.py:2398} INFO - Sync 1 DAGs
[2022-03-16 00:12:26,657] {logging_mixin.py:109} INFO - [2022-03-16 00:12:26,657] {dag.py:2937} INFO - Setting next_dagrun for example_trigger_target_dag to None
[2022-03-16 00:12:26,706] {processor.py:171} INFO - Processing /home/airflow/.local/lib/python3.7/site-packages/airflow/example_dags/example_trigger_target_dag.py took 0.111 seconds
[2022-03-16 00:12:57,037] {processor.py:163} INFO - Started process (PID=3710) to work on /home/airflow/.local/lib/python3.7/site-packages/airflow/example_dags/example_trigger_target_dag.py
[2022-03-16 00:12:57,105] {processor.py:642} INFO - Processing file /home/airflow/.local/lib/python3.7/site-packages/airflow/example_dags/example_trigger_target_dag.py for tasks to queue
[2022-03-16 00:12:57,105] {logging_mixin.py:109} INFO - [2022-03-16 00:12:57,105] {dagbag.py:500} INFO - Filling up the DagBag from /home/airflow/.local/lib/python3.7/site-packages/airflow/example_dags/example_trigger_target_dag.py
[2022-03-16 00:12:57,127] {processor.py:654} INFO - DAG(s) dict_keys(['example_trigger_target_dag']) retrieved from /home/airflow/.local/lib/python3.7/site-packages/airflow/example_dags/example_trigger_target_dag.py
[2022-03-16 00:12:57,134] {logging_mixin.py:109} INFO - [2022-03-16 00:12:57,134] {dag.py:2398} INFO - Sync 1 DAGs
[2022-03-16 00:12:57,145] {logging_mixin.py:109} INFO - [2022-03-16 00:12:57,145] {dag.py:2937} INFO - Setting next_dagrun for example_trigger_target_dag to None
[2022-03-16 00:12:57,216] {processor.py:171} INFO - Processing /home/airflow/.local/lib/python3.7/site-packages/airflow/example_dags/example_trigger_target_dag.py took 0.181 seconds
[2022-03-16 00:13:27,281] {processor.py:163} INFO - Started process (PID=3763) to work on /home/airflow/.local/lib/python3.7/site-packages/airflow/example_dags/example_trigger_target_dag.py
[2022-03-16 00:13:27,291] {processor.py:642} INFO - Processing file /home/airflow/.local/lib/python3.7/site-packages/airflow/example_dags/example_trigger_target_dag.py for tasks to queue
[2022-03-16 00:13:27,291] {logging_mixin.py:109} INFO - [2022-03-16 00:13:27,291] {dagbag.py:500} INFO - Filling up the DagBag from /home/airflow/.local/lib/python3.7/site-packages/airflow/example_dags/example_trigger_target_dag.py
[2022-03-16 00:13:27,312] {processor.py:654} INFO - DAG(s) dict_keys(['example_trigger_target_dag']) retrieved from /home/airflow/.local/lib/python3.7/site-packages/airflow/example_dags/example_trigger_target_dag.py
[2022-03-16 00:13:27,318] {logging_mixin.py:109} INFO - [2022-03-16 00:13:27,317] {dag.py:2398} INFO - Sync 1 DAGs
[2022-03-16 00:13:27,328] {logging_mixin.py:109} INFO - [2022-03-16 00:13:27,328] {dag.py:2937} INFO - Setting next_dagrun for example_trigger_target_dag to None
[2022-03-16 00:13:28,357] {processor.py:171} INFO - Processing /home/airflow/.local/lib/python3.7/site-packages/airflow/example_dags/example_trigger_target_dag.py took 1.079 seconds
[2022-03-16 00:13:58,726] {processor.py:163} INFO - Started process (PID=3814) to work on /home/airflow/.local/lib/python3.7/site-packages/airflow/example_dags/example_trigger_target_dag.py
[2022-03-16 00:13:58,773] {processor.py:642} INFO - Processing file /home/airflow/.local/lib/python3.7/site-packages/airflow/example_dags/example_trigger_target_dag.py for tasks to queue
[2022-03-16 00:13:58,773] {logging_mixin.py:109} INFO - [2022-03-16 00:13:58,773] {dagbag.py:500} INFO - Filling up the DagBag from /home/airflow/.local/lib/python3.7/site-packages/airflow/example_dags/example_trigger_target_dag.py
[2022-03-16 00:13:58,795] {processor.py:654} INFO - DAG(s) dict_keys(['example_trigger_target_dag']) retrieved from /home/airflow/.local/lib/python3.7/site-packages/airflow/example_dags/example_trigger_target_dag.py
[2022-03-16 00:13:58,801] {logging_mixin.py:109} INFO - [2022-03-16 00:13:58,801] {dag.py:2398} INFO - Sync 1 DAGs
[2022-03-16 00:13:58,813] {logging_mixin.py:109} INFO - [2022-03-16 00:13:58,813] {dag.py:2937} INFO - Setting next_dagrun for example_trigger_target_dag to None
[2022-03-16 00:13:58,856] {processor.py:171} INFO - Processing /home/airflow/.local/lib/python3.7/site-packages/airflow/example_dags/example_trigger_target_dag.py took 0.132 seconds
[2022-03-16 00:14:28,917] {processor.py:163} INFO - Started process (PID=3885) to work on /home/airflow/.local/lib/python3.7/site-packages/airflow/example_dags/example_trigger_target_dag.py
[2022-03-16 00:14:28,943] {processor.py:642} INFO - Processing file /home/airflow/.local/lib/python3.7/site-packages/airflow/example_dags/example_trigger_target_dag.py for tasks to queue
[2022-03-16 00:14:28,943] {logging_mixin.py:109} INFO - [2022-03-16 00:14:28,943] {dagbag.py:500} INFO - Filling up the DagBag from /home/airflow/.local/lib/python3.7/site-packages/airflow/example_dags/example_trigger_target_dag.py
[2022-03-16 00:14:28,978] {processor.py:654} INFO - DAG(s) dict_keys(['example_trigger_target_dag']) retrieved from /home/airflow/.local/lib/python3.7/site-packages/airflow/example_dags/example_trigger_target_dag.py
[2022-03-16 00:14:28,988] {logging_mixin.py:109} INFO - [2022-03-16 00:14:28,988] {dag.py:2398} INFO - Sync 1 DAGs
[2022-03-16 00:14:29,005] {logging_mixin.py:109} INFO - [2022-03-16 00:14:29,005] {dag.py:2937} INFO - Setting next_dagrun for example_trigger_target_dag to None
[2022-03-16 00:14:29,047] {processor.py:171} INFO - Processing /home/airflow/.local/lib/python3.7/site-packages/airflow/example_dags/example_trigger_target_dag.py took 0.134 seconds
[2022-03-16 00:14:59,613] {processor.py:163} INFO - Started process (PID=3946) to work on /home/airflow/.local/lib/python3.7/site-packages/airflow/example_dags/example_trigger_target_dag.py
[2022-03-16 00:14:59,646] {processor.py:642} INFO - Processing file /home/airflow/.local/lib/python3.7/site-packages/airflow/example_dags/example_trigger_target_dag.py for tasks to queue
[2022-03-16 00:14:59,647] {logging_mixin.py:109} INFO - [2022-03-16 00:14:59,647] {dagbag.py:500} INFO - Filling up the DagBag from /home/airflow/.local/lib/python3.7/site-packages/airflow/example_dags/example_trigger_target_dag.py
[2022-03-16 00:14:59,673] {processor.py:654} INFO - DAG(s) dict_keys(['example_trigger_target_dag']) retrieved from /home/airflow/.local/lib/python3.7/site-packages/airflow/example_dags/example_trigger_target_dag.py
[2022-03-16 00:14:59,682] {logging_mixin.py:109} INFO - [2022-03-16 00:14:59,682] {dag.py:2398} INFO - Sync 1 DAGs
[2022-03-16 00:14:59,699] {logging_mixin.py:109} INFO - [2022-03-16 00:14:59,699] {dag.py:2937} INFO - Setting next_dagrun for example_trigger_target_dag to None
[2022-03-16 00:14:59,775] {processor.py:171} INFO - Processing /home/airflow/.local/lib/python3.7/site-packages/airflow/example_dags/example_trigger_target_dag.py took 0.164 seconds
[2022-03-16 00:15:31,055] {processor.py:163} INFO - Started process (PID=3998) to work on /home/airflow/.local/lib/python3.7/site-packages/airflow/example_dags/example_trigger_target_dag.py
[2022-03-16 00:15:31,067] {processor.py:642} INFO - Processing file /home/airflow/.local/lib/python3.7/site-packages/airflow/example_dags/example_trigger_target_dag.py for tasks to queue
[2022-03-16 00:15:31,068] {logging_mixin.py:109} INFO - [2022-03-16 00:15:31,068] {dagbag.py:500} INFO - Filling up the DagBag from /home/airflow/.local/lib/python3.7/site-packages/airflow/example_dags/example_trigger_target_dag.py
[2022-03-16 00:15:31,091] {processor.py:654} INFO - DAG(s) dict_keys(['example_trigger_target_dag']) retrieved from /home/airflow/.local/lib/python3.7/site-packages/airflow/example_dags/example_trigger_target_dag.py
[2022-03-16 00:15:31,098] {logging_mixin.py:109} INFO - [2022-03-16 00:15:31,098] {dag.py:2398} INFO - Sync 1 DAGs
[2022-03-16 00:15:31,108] {logging_mixin.py:109} INFO - [2022-03-16 00:15:31,108] {dag.py:2937} INFO - Setting next_dagrun for example_trigger_target_dag to None
[2022-03-16 00:15:31,146] {processor.py:171} INFO - Processing /home/airflow/.local/lib/python3.7/site-packages/airflow/example_dags/example_trigger_target_dag.py took 0.093 seconds
[2022-03-16 00:16:03,028] {processor.py:163} INFO - Started process (PID=4058) to work on /home/airflow/.local/lib/python3.7/site-packages/airflow/example_dags/example_trigger_target_dag.py
[2022-03-16 00:16:03,038] {processor.py:642} INFO - Processing file /home/airflow/.local/lib/python3.7/site-packages/airflow/example_dags/example_trigger_target_dag.py for tasks to queue
[2022-03-16 00:16:03,039] {logging_mixin.py:109} INFO - [2022-03-16 00:16:03,038] {dagbag.py:500} INFO - Filling up the DagBag from /home/airflow/.local/lib/python3.7/site-packages/airflow/example_dags/example_trigger_target_dag.py
[2022-03-16 00:16:03,062] {processor.py:654} INFO - DAG(s) dict_keys(['example_trigger_target_dag']) retrieved from /home/airflow/.local/lib/python3.7/site-packages/airflow/example_dags/example_trigger_target_dag.py
[2022-03-16 00:16:03,068] {logging_mixin.py:109} INFO - [2022-03-16 00:16:03,068] {dag.py:2398} INFO - Sync 1 DAGs
[2022-03-16 00:16:03,079] {logging_mixin.py:109} INFO - [2022-03-16 00:16:03,079] {dag.py:2937} INFO - Setting next_dagrun for example_trigger_target_dag to None
[2022-03-16 00:16:04,401] {processor.py:171} INFO - Processing /home/airflow/.local/lib/python3.7/site-packages/airflow/example_dags/example_trigger_target_dag.py took 1.375 seconds
[2022-03-16 00:16:34,510] {processor.py:163} INFO - Started process (PID=4121) to work on /home/airflow/.local/lib/python3.7/site-packages/airflow/example_dags/example_trigger_target_dag.py
[2022-03-16 00:16:34,569] {processor.py:642} INFO - Processing file /home/airflow/.local/lib/python3.7/site-packages/airflow/example_dags/example_trigger_target_dag.py for tasks to queue
[2022-03-16 00:16:34,570] {logging_mixin.py:109} INFO - [2022-03-16 00:16:34,569] {dagbag.py:500} INFO - Filling up the DagBag from /home/airflow/.local/lib/python3.7/site-packages/airflow/example_dags/example_trigger_target_dag.py
[2022-03-16 00:16:34,639] {processor.py:654} INFO - DAG(s) dict_keys(['example_trigger_target_dag']) retrieved from /home/airflow/.local/lib/python3.7/site-packages/airflow/example_dags/example_trigger_target_dag.py
[2022-03-16 00:16:34,646] {logging_mixin.py:109} INFO - [2022-03-16 00:16:34,646] {dag.py:2398} INFO - Sync 1 DAGs
[2022-03-16 00:16:34,661] {logging_mixin.py:109} INFO - [2022-03-16 00:16:34,661] {dag.py:2937} INFO - Setting next_dagrun for example_trigger_target_dag to None
[2022-03-16 00:16:34,753] {processor.py:171} INFO - Processing /home/airflow/.local/lib/python3.7/site-packages/airflow/example_dags/example_trigger_target_dag.py took 0.247 seconds
[2022-03-16 00:17:05,543] {processor.py:163} INFO - Started process (PID=4189) to work on /home/airflow/.local/lib/python3.7/site-packages/airflow/example_dags/example_trigger_target_dag.py
[2022-03-16 00:17:05,561] {processor.py:642} INFO - Processing file /home/airflow/.local/lib/python3.7/site-packages/airflow/example_dags/example_trigger_target_dag.py for tasks to queue
[2022-03-16 00:17:05,561] {logging_mixin.py:109} INFO - [2022-03-16 00:17:05,561] {dagbag.py:500} INFO - Filling up the DagBag from /home/airflow/.local/lib/python3.7/site-packages/airflow/example_dags/example_trigger_target_dag.py
[2022-03-16 00:17:05,581] {processor.py:654} INFO - DAG(s) dict_keys(['example_trigger_target_dag']) retrieved from /home/airflow/.local/lib/python3.7/site-packages/airflow/example_dags/example_trigger_target_dag.py
[2022-03-16 00:17:05,588] {logging_mixin.py:109} INFO - [2022-03-16 00:17:05,587] {dag.py:2398} INFO - Sync 1 DAGs
[2022-03-16 00:17:05,598] {logging_mixin.py:109} INFO - [2022-03-16 00:17:05,598] {dag.py:2937} INFO - Setting next_dagrun for example_trigger_target_dag to None
[2022-03-16 00:17:06,810] {processor.py:171} INFO - Processing /home/airflow/.local/lib/python3.7/site-packages/airflow/example_dags/example_trigger_target_dag.py took 1.268 seconds
[2022-03-16 00:17:36,938] {processor.py:163} INFO - Started process (PID=4239) to work on /home/airflow/.local/lib/python3.7/site-packages/airflow/example_dags/example_trigger_target_dag.py
[2022-03-16 00:17:36,944] {processor.py:642} INFO - Processing file /home/airflow/.local/lib/python3.7/site-packages/airflow/example_dags/example_trigger_target_dag.py for tasks to queue
[2022-03-16 00:17:36,945] {logging_mixin.py:109} INFO - [2022-03-16 00:17:36,945] {dagbag.py:500} INFO - Filling up the DagBag from /home/airflow/.local/lib/python3.7/site-packages/airflow/example_dags/example_trigger_target_dag.py
[2022-03-16 00:17:36,966] {processor.py:654} INFO - DAG(s) dict_keys(['example_trigger_target_dag']) retrieved from /home/airflow/.local/lib/python3.7/site-packages/airflow/example_dags/example_trigger_target_dag.py
[2022-03-16 00:17:36,972] {logging_mixin.py:109} INFO - [2022-03-16 00:17:36,972] {dag.py:2398} INFO - Sync 1 DAGs
[2022-03-16 00:17:36,984] {logging_mixin.py:109} INFO - [2022-03-16 00:17:36,983] {dag.py:2937} INFO - Setting next_dagrun for example_trigger_target_dag to None
[2022-03-16 00:17:37,033] {processor.py:171} INFO - Processing /home/airflow/.local/lib/python3.7/site-packages/airflow/example_dags/example_trigger_target_dag.py took 0.097 seconds
[2022-03-16 00:18:07,318] {processor.py:163} INFO - Started process (PID=4301) to work on /home/airflow/.local/lib/python3.7/site-packages/airflow/example_dags/example_trigger_target_dag.py
[2022-03-16 00:18:07,366] {processor.py:642} INFO - Processing file /home/airflow/.local/lib/python3.7/site-packages/airflow/example_dags/example_trigger_target_dag.py for tasks to queue
[2022-03-16 00:18:07,367] {logging_mixin.py:109} INFO - [2022-03-16 00:18:07,367] {dagbag.py:500} INFO - Filling up the DagBag from /home/airflow/.local/lib/python3.7/site-packages/airflow/example_dags/example_trigger_target_dag.py
[2022-03-16 00:18:07,399] {processor.py:654} INFO - DAG(s) dict_keys(['example_trigger_target_dag']) retrieved from /home/airflow/.local/lib/python3.7/site-packages/airflow/example_dags/example_trigger_target_dag.py
[2022-03-16 00:18:07,411] {logging_mixin.py:109} INFO - [2022-03-16 00:18:07,411] {dag.py:2398} INFO - Sync 1 DAGs
[2022-03-16 00:18:07,432] {logging_mixin.py:109} INFO - [2022-03-16 00:18:07,432] {dag.py:2937} INFO - Setting next_dagrun for example_trigger_target_dag to None
[2022-03-16 00:18:08,220] {processor.py:171} INFO - Processing /home/airflow/.local/lib/python3.7/site-packages/airflow/example_dags/example_trigger_target_dag.py took 0.906 seconds
[2022-03-16 00:18:38,448] {processor.py:163} INFO - Started process (PID=4366) to work on /home/airflow/.local/lib/python3.7/site-packages/airflow/example_dags/example_trigger_target_dag.py
[2022-03-16 00:18:38,512] {processor.py:642} INFO - Processing file /home/airflow/.local/lib/python3.7/site-packages/airflow/example_dags/example_trigger_target_dag.py for tasks to queue
[2022-03-16 00:18:38,512] {logging_mixin.py:109} INFO - [2022-03-16 00:18:38,512] {dagbag.py:500} INFO - Filling up the DagBag from /home/airflow/.local/lib/python3.7/site-packages/airflow/example_dags/example_trigger_target_dag.py
[2022-03-16 00:18:38,548] {processor.py:654} INFO - DAG(s) dict_keys(['example_trigger_target_dag']) retrieved from /home/airflow/.local/lib/python3.7/site-packages/airflow/example_dags/example_trigger_target_dag.py
[2022-03-16 00:18:38,557] {logging_mixin.py:109} INFO - [2022-03-16 00:18:38,557] {dag.py:2398} INFO - Sync 1 DAGs
[2022-03-16 00:18:38,575] {logging_mixin.py:109} INFO - [2022-03-16 00:18:38,574] {dag.py:2937} INFO - Setting next_dagrun for example_trigger_target_dag to None
[2022-03-16 00:18:38,876] {processor.py:171} INFO - Processing /home/airflow/.local/lib/python3.7/site-packages/airflow/example_dags/example_trigger_target_dag.py took 0.430 seconds
[2022-03-16 00:19:09,213] {processor.py:163} INFO - Started process (PID=4435) to work on /home/airflow/.local/lib/python3.7/site-packages/airflow/example_dags/example_trigger_target_dag.py
[2022-03-16 00:19:09,223] {processor.py:642} INFO - Processing file /home/airflow/.local/lib/python3.7/site-packages/airflow/example_dags/example_trigger_target_dag.py for tasks to queue
[2022-03-16 00:19:09,224] {logging_mixin.py:109} INFO - [2022-03-16 00:19:09,224] {dagbag.py:500} INFO - Filling up the DagBag from /home/airflow/.local/lib/python3.7/site-packages/airflow/example_dags/example_trigger_target_dag.py
[2022-03-16 00:19:09,254] {processor.py:654} INFO - DAG(s) dict_keys(['example_trigger_target_dag']) retrieved from /home/airflow/.local/lib/python3.7/site-packages/airflow/example_dags/example_trigger_target_dag.py
[2022-03-16 00:19:09,264] {logging_mixin.py:109} INFO - [2022-03-16 00:19:09,264] {dag.py:2398} INFO - Sync 1 DAGs
[2022-03-16 00:19:09,280] {logging_mixin.py:109} INFO - [2022-03-16 00:19:09,280] {dag.py:2937} INFO - Setting next_dagrun for example_trigger_target_dag to None
[2022-03-16 00:19:09,340] {processor.py:171} INFO - Processing /home/airflow/.local/lib/python3.7/site-packages/airflow/example_dags/example_trigger_target_dag.py took 0.130 seconds
[2022-03-16 00:19:39,945] {processor.py:163} INFO - Started process (PID=4485) to work on /home/airflow/.local/lib/python3.7/site-packages/airflow/example_dags/example_trigger_target_dag.py
[2022-03-16 00:19:39,958] {processor.py:642} INFO - Processing file /home/airflow/.local/lib/python3.7/site-packages/airflow/example_dags/example_trigger_target_dag.py for tasks to queue
[2022-03-16 00:19:39,959] {logging_mixin.py:109} INFO - [2022-03-16 00:19:39,959] {dagbag.py:500} INFO - Filling up the DagBag from /home/airflow/.local/lib/python3.7/site-packages/airflow/example_dags/example_trigger_target_dag.py
[2022-03-16 00:19:39,980] {processor.py:654} INFO - DAG(s) dict_keys(['example_trigger_target_dag']) retrieved from /home/airflow/.local/lib/python3.7/site-packages/airflow/example_dags/example_trigger_target_dag.py
[2022-03-16 00:19:39,986] {logging_mixin.py:109} INFO - [2022-03-16 00:19:39,986] {dag.py:2398} INFO - Sync 1 DAGs
[2022-03-16 00:19:39,996] {logging_mixin.py:109} INFO - [2022-03-16 00:19:39,996] {dag.py:2937} INFO - Setting next_dagrun for example_trigger_target_dag to None
[2022-03-16 00:19:40,058] {processor.py:171} INFO - Processing /home/airflow/.local/lib/python3.7/site-packages/airflow/example_dags/example_trigger_target_dag.py took 0.116 seconds
[2022-03-16 00:20:10,763] {processor.py:163} INFO - Started process (PID=4539) to work on /home/airflow/.local/lib/python3.7/site-packages/airflow/example_dags/example_trigger_target_dag.py
[2022-03-16 00:20:10,770] {processor.py:642} INFO - Processing file /home/airflow/.local/lib/python3.7/site-packages/airflow/example_dags/example_trigger_target_dag.py for tasks to queue
[2022-03-16 00:20:10,770] {logging_mixin.py:109} INFO - [2022-03-16 00:20:10,770] {dagbag.py:500} INFO - Filling up the DagBag from /home/airflow/.local/lib/python3.7/site-packages/airflow/example_dags/example_trigger_target_dag.py
[2022-03-16 00:20:10,792] {processor.py:654} INFO - DAG(s) dict_keys(['example_trigger_target_dag']) retrieved from /home/airflow/.local/lib/python3.7/site-packages/airflow/example_dags/example_trigger_target_dag.py
[2022-03-16 00:20:10,798] {logging_mixin.py:109} INFO - [2022-03-16 00:20:10,798] {dag.py:2398} INFO - Sync 1 DAGs
[2022-03-16 00:20:10,810] {logging_mixin.py:109} INFO - [2022-03-16 00:20:10,809] {dag.py:2937} INFO - Setting next_dagrun for example_trigger_target_dag to None
[2022-03-16 00:20:10,859] {processor.py:171} INFO - Processing /home/airflow/.local/lib/python3.7/site-packages/airflow/example_dags/example_trigger_target_dag.py took 0.097 seconds
[2022-03-16 00:20:41,886] {processor.py:163} INFO - Started process (PID=4613) to work on /home/airflow/.local/lib/python3.7/site-packages/airflow/example_dags/example_trigger_target_dag.py
[2022-03-16 00:20:41,892] {processor.py:642} INFO - Processing file /home/airflow/.local/lib/python3.7/site-packages/airflow/example_dags/example_trigger_target_dag.py for tasks to queue
[2022-03-16 00:20:41,893] {logging_mixin.py:109} INFO - [2022-03-16 00:20:41,893] {dagbag.py:500} INFO - Filling up the DagBag from /home/airflow/.local/lib/python3.7/site-packages/airflow/example_dags/example_trigger_target_dag.py
[2022-03-16 00:20:41,914] {processor.py:654} INFO - DAG(s) dict_keys(['example_trigger_target_dag']) retrieved from /home/airflow/.local/lib/python3.7/site-packages/airflow/example_dags/example_trigger_target_dag.py
[2022-03-16 00:20:41,921] {logging_mixin.py:109} INFO - [2022-03-16 00:20:41,920] {dag.py:2398} INFO - Sync 1 DAGs
[2022-03-16 00:20:41,931] {logging_mixin.py:109} INFO - [2022-03-16 00:20:41,931] {dag.py:2937} INFO - Setting next_dagrun for example_trigger_target_dag to None
[2022-03-16 00:20:41,976] {processor.py:171} INFO - Processing /home/airflow/.local/lib/python3.7/site-packages/airflow/example_dags/example_trigger_target_dag.py took 0.092 seconds
[2022-03-16 00:21:12,725] {processor.py:163} INFO - Started process (PID=4672) to work on /home/airflow/.local/lib/python3.7/site-packages/airflow/example_dags/example_trigger_target_dag.py
[2022-03-16 00:21:12,741] {processor.py:642} INFO - Processing file /home/airflow/.local/lib/python3.7/site-packages/airflow/example_dags/example_trigger_target_dag.py for tasks to queue
[2022-03-16 00:21:12,742] {logging_mixin.py:109} INFO - [2022-03-16 00:21:12,742] {dagbag.py:500} INFO - Filling up the DagBag from /home/airflow/.local/lib/python3.7/site-packages/airflow/example_dags/example_trigger_target_dag.py
[2022-03-16 00:21:12,772] {processor.py:654} INFO - DAG(s) dict_keys(['example_trigger_target_dag']) retrieved from /home/airflow/.local/lib/python3.7/site-packages/airflow/example_dags/example_trigger_target_dag.py
[2022-03-16 00:21:12,781] {logging_mixin.py:109} INFO - [2022-03-16 00:21:12,781] {dag.py:2398} INFO - Sync 1 DAGs
[2022-03-16 00:21:12,792] {logging_mixin.py:109} INFO - [2022-03-16 00:21:12,792] {dag.py:2937} INFO - Setting next_dagrun for example_trigger_target_dag to None
[2022-03-16 00:21:12,833] {processor.py:171} INFO - Processing /home/airflow/.local/lib/python3.7/site-packages/airflow/example_dags/example_trigger_target_dag.py took 0.111 seconds
[2022-03-16 00:21:44,628] {processor.py:163} INFO - Started process (PID=4731) to work on /home/airflow/.local/lib/python3.7/site-packages/airflow/example_dags/example_trigger_target_dag.py
[2022-03-16 00:21:44,745] {processor.py:642} INFO - Processing file /home/airflow/.local/lib/python3.7/site-packages/airflow/example_dags/example_trigger_target_dag.py for tasks to queue
[2022-03-16 00:21:44,745] {logging_mixin.py:109} INFO - [2022-03-16 00:21:44,745] {dagbag.py:500} INFO - Filling up the DagBag from /home/airflow/.local/lib/python3.7/site-packages/airflow/example_dags/example_trigger_target_dag.py
[2022-03-16 00:21:44,778] {processor.py:654} INFO - DAG(s) dict_keys(['example_trigger_target_dag']) retrieved from /home/airflow/.local/lib/python3.7/site-packages/airflow/example_dags/example_trigger_target_dag.py
[2022-03-16 00:21:44,788] {logging_mixin.py:109} INFO - [2022-03-16 00:21:44,788] {dag.py:2398} INFO - Sync 1 DAGs
[2022-03-16 00:21:44,811] {logging_mixin.py:109} INFO - [2022-03-16 00:21:44,811] {dag.py:2937} INFO - Setting next_dagrun for example_trigger_target_dag to None
[2022-03-16 00:21:44,922] {processor.py:171} INFO - Processing /home/airflow/.local/lib/python3.7/site-packages/airflow/example_dags/example_trigger_target_dag.py took 0.295 seconds
