[2022-03-16 00:00:14,004] {processor.py:163} INFO - Started process (PID=2212) to work on /home/airflow/.local/lib/python3.7/site-packages/airflow/example_dags/example_branch_day_of_week_operator.py
[2022-03-16 00:00:14,006] {processor.py:642} INFO - Processing file /home/airflow/.local/lib/python3.7/site-packages/airflow/example_dags/example_branch_day_of_week_operator.py for tasks to queue
[2022-03-16 00:00:14,007] {logging_mixin.py:109} INFO - [2022-03-16 00:00:14,007] {dagbag.py:500} INFO - Filling up the DagBag from /home/airflow/.local/lib/python3.7/site-packages/airflow/example_dags/example_branch_day_of_week_operator.py
[2022-03-16 00:00:14,046] {processor.py:654} INFO - DAG(s) dict_keys(['example_weekday_branch_operator']) retrieved from /home/airflow/.local/lib/python3.7/site-packages/airflow/example_dags/example_branch_day_of_week_operator.py
[2022-03-16 00:00:14,053] {logging_mixin.py:109} INFO - [2022-03-16 00:00:14,053] {dag.py:2398} INFO - Sync 1 DAGs
[2022-03-16 00:00:14,067] {logging_mixin.py:109} INFO - [2022-03-16 00:00:14,067] {dag.py:2937} INFO - Setting next_dagrun for example_weekday_branch_operator to 2022-03-15 00:00:00+00:00
[2022-03-16 00:00:14,164] {processor.py:171} INFO - Processing /home/airflow/.local/lib/python3.7/site-packages/airflow/example_dags/example_branch_day_of_week_operator.py took 0.167 seconds
[2022-03-16 00:00:44,612] {processor.py:163} INFO - Started process (PID=2277) to work on /home/airflow/.local/lib/python3.7/site-packages/airflow/example_dags/example_branch_day_of_week_operator.py
[2022-03-16 00:00:44,613] {processor.py:642} INFO - Processing file /home/airflow/.local/lib/python3.7/site-packages/airflow/example_dags/example_branch_day_of_week_operator.py for tasks to queue
[2022-03-16 00:00:44,613] {logging_mixin.py:109} INFO - [2022-03-16 00:00:44,613] {dagbag.py:500} INFO - Filling up the DagBag from /home/airflow/.local/lib/python3.7/site-packages/airflow/example_dags/example_branch_day_of_week_operator.py
[2022-03-16 00:00:44,636] {processor.py:654} INFO - DAG(s) dict_keys(['example_weekday_branch_operator']) retrieved from /home/airflow/.local/lib/python3.7/site-packages/airflow/example_dags/example_branch_day_of_week_operator.py
[2022-03-16 00:00:44,644] {logging_mixin.py:109} INFO - [2022-03-16 00:00:44,644] {dag.py:2398} INFO - Sync 1 DAGs
[2022-03-16 00:00:44,659] {logging_mixin.py:109} INFO - [2022-03-16 00:00:44,659] {dag.py:2937} INFO - Setting next_dagrun for example_weekday_branch_operator to 2022-03-15 00:00:00+00:00
[2022-03-16 00:00:46,034] {processor.py:171} INFO - Processing /home/airflow/.local/lib/python3.7/site-packages/airflow/example_dags/example_branch_day_of_week_operator.py took 1.423 seconds
[2022-03-16 00:01:16,717] {processor.py:163} INFO - Started process (PID=2341) to work on /home/airflow/.local/lib/python3.7/site-packages/airflow/example_dags/example_branch_day_of_week_operator.py
[2022-03-16 00:01:16,719] {processor.py:642} INFO - Processing file /home/airflow/.local/lib/python3.7/site-packages/airflow/example_dags/example_branch_day_of_week_operator.py for tasks to queue
[2022-03-16 00:01:16,719] {logging_mixin.py:109} INFO - [2022-03-16 00:01:16,719] {dagbag.py:500} INFO - Filling up the DagBag from /home/airflow/.local/lib/python3.7/site-packages/airflow/example_dags/example_branch_day_of_week_operator.py
[2022-03-16 00:01:16,745] {processor.py:654} INFO - DAG(s) dict_keys(['example_weekday_branch_operator']) retrieved from /home/airflow/.local/lib/python3.7/site-packages/airflow/example_dags/example_branch_day_of_week_operator.py
[2022-03-16 00:01:16,753] {logging_mixin.py:109} INFO - [2022-03-16 00:01:16,753] {dag.py:2398} INFO - Sync 1 DAGs
[2022-03-16 00:01:16,769] {logging_mixin.py:109} INFO - [2022-03-16 00:01:16,769] {dag.py:2937} INFO - Setting next_dagrun for example_weekday_branch_operator to 2022-03-15 00:00:00+00:00
[2022-03-16 00:01:17,137] {processor.py:171} INFO - Processing /home/airflow/.local/lib/python3.7/site-packages/airflow/example_dags/example_branch_day_of_week_operator.py took 0.425 seconds
[2022-03-16 00:01:47,765] {processor.py:163} INFO - Started process (PID=2392) to work on /home/airflow/.local/lib/python3.7/site-packages/airflow/example_dags/example_branch_day_of_week_operator.py
[2022-03-16 00:01:47,765] {processor.py:642} INFO - Processing file /home/airflow/.local/lib/python3.7/site-packages/airflow/example_dags/example_branch_day_of_week_operator.py for tasks to queue
[2022-03-16 00:01:47,766] {logging_mixin.py:109} INFO - [2022-03-16 00:01:47,766] {dagbag.py:500} INFO - Filling up the DagBag from /home/airflow/.local/lib/python3.7/site-packages/airflow/example_dags/example_branch_day_of_week_operator.py
[2022-03-16 00:01:47,784] {processor.py:654} INFO - DAG(s) dict_keys(['example_weekday_branch_operator']) retrieved from /home/airflow/.local/lib/python3.7/site-packages/airflow/example_dags/example_branch_day_of_week_operator.py
[2022-03-16 00:01:47,789] {logging_mixin.py:109} INFO - [2022-03-16 00:01:47,789] {dag.py:2398} INFO - Sync 1 DAGs
[2022-03-16 00:01:47,801] {logging_mixin.py:109} INFO - [2022-03-16 00:01:47,801] {dag.py:2937} INFO - Setting next_dagrun for example_weekday_branch_operator to 2022-03-15 00:00:00+00:00
[2022-03-16 00:01:48,306] {processor.py:171} INFO - Processing /home/airflow/.local/lib/python3.7/site-packages/airflow/example_dags/example_branch_day_of_week_operator.py took 0.543 seconds
[2022-03-16 00:02:18,768] {processor.py:163} INFO - Started process (PID=2456) to work on /home/airflow/.local/lib/python3.7/site-packages/airflow/example_dags/example_branch_day_of_week_operator.py
[2022-03-16 00:02:18,790] {processor.py:642} INFO - Processing file /home/airflow/.local/lib/python3.7/site-packages/airflow/example_dags/example_branch_day_of_week_operator.py for tasks to queue
[2022-03-16 00:02:18,790] {logging_mixin.py:109} INFO - [2022-03-16 00:02:18,790] {dagbag.py:500} INFO - Filling up the DagBag from /home/airflow/.local/lib/python3.7/site-packages/airflow/example_dags/example_branch_day_of_week_operator.py
[2022-03-16 00:02:18,809] {processor.py:654} INFO - DAG(s) dict_keys(['example_weekday_branch_operator']) retrieved from /home/airflow/.local/lib/python3.7/site-packages/airflow/example_dags/example_branch_day_of_week_operator.py
[2022-03-16 00:02:18,816] {logging_mixin.py:109} INFO - [2022-03-16 00:02:18,815] {dag.py:2398} INFO - Sync 1 DAGs
[2022-03-16 00:02:18,828] {logging_mixin.py:109} INFO - [2022-03-16 00:02:18,828] {dag.py:2937} INFO - Setting next_dagrun for example_weekday_branch_operator to 2022-03-15 00:00:00+00:00
[2022-03-16 00:02:18,874] {processor.py:171} INFO - Processing /home/airflow/.local/lib/python3.7/site-packages/airflow/example_dags/example_branch_day_of_week_operator.py took 0.109 seconds
[2022-03-16 00:02:49,195] {processor.py:163} INFO - Started process (PID=2523) to work on /home/airflow/.local/lib/python3.7/site-packages/airflow/example_dags/example_branch_day_of_week_operator.py
[2022-03-16 00:02:49,206] {processor.py:642} INFO - Processing file /home/airflow/.local/lib/python3.7/site-packages/airflow/example_dags/example_branch_day_of_week_operator.py for tasks to queue
[2022-03-16 00:02:49,207] {logging_mixin.py:109} INFO - [2022-03-16 00:02:49,207] {dagbag.py:500} INFO - Filling up the DagBag from /home/airflow/.local/lib/python3.7/site-packages/airflow/example_dags/example_branch_day_of_week_operator.py
[2022-03-16 00:02:49,228] {processor.py:654} INFO - DAG(s) dict_keys(['example_weekday_branch_operator']) retrieved from /home/airflow/.local/lib/python3.7/site-packages/airflow/example_dags/example_branch_day_of_week_operator.py
[2022-03-16 00:02:49,235] {logging_mixin.py:109} INFO - [2022-03-16 00:02:49,235] {dag.py:2398} INFO - Sync 1 DAGs
[2022-03-16 00:02:49,249] {logging_mixin.py:109} INFO - [2022-03-16 00:02:49,249] {dag.py:2937} INFO - Setting next_dagrun for example_weekday_branch_operator to 2022-03-15 00:00:00+00:00
[2022-03-16 00:02:49,297] {processor.py:171} INFO - Processing /home/airflow/.local/lib/python3.7/site-packages/airflow/example_dags/example_branch_day_of_week_operator.py took 0.104 seconds
[2022-03-16 00:03:19,384] {processor.py:163} INFO - Started process (PID=2577) to work on /home/airflow/.local/lib/python3.7/site-packages/airflow/example_dags/example_branch_day_of_week_operator.py
[2022-03-16 00:03:19,395] {processor.py:642} INFO - Processing file /home/airflow/.local/lib/python3.7/site-packages/airflow/example_dags/example_branch_day_of_week_operator.py for tasks to queue
[2022-03-16 00:03:19,396] {logging_mixin.py:109} INFO - [2022-03-16 00:03:19,396] {dagbag.py:500} INFO - Filling up the DagBag from /home/airflow/.local/lib/python3.7/site-packages/airflow/example_dags/example_branch_day_of_week_operator.py
[2022-03-16 00:03:19,418] {processor.py:654} INFO - DAG(s) dict_keys(['example_weekday_branch_operator']) retrieved from /home/airflow/.local/lib/python3.7/site-packages/airflow/example_dags/example_branch_day_of_week_operator.py
[2022-03-16 00:03:19,427] {logging_mixin.py:109} INFO - [2022-03-16 00:03:19,427] {dag.py:2398} INFO - Sync 1 DAGs
[2022-03-16 00:03:19,445] {logging_mixin.py:109} INFO - [2022-03-16 00:03:19,445] {dag.py:2937} INFO - Setting next_dagrun for example_weekday_branch_operator to 2022-03-15 00:00:00+00:00
[2022-03-16 00:03:19,492] {processor.py:171} INFO - Processing /home/airflow/.local/lib/python3.7/site-packages/airflow/example_dags/example_branch_day_of_week_operator.py took 0.109 seconds
[2022-03-16 00:03:49,709] {processor.py:163} INFO - Started process (PID=2636) to work on /home/airflow/.local/lib/python3.7/site-packages/airflow/example_dags/example_branch_day_of_week_operator.py
[2022-03-16 00:03:49,721] {processor.py:642} INFO - Processing file /home/airflow/.local/lib/python3.7/site-packages/airflow/example_dags/example_branch_day_of_week_operator.py for tasks to queue
[2022-03-16 00:03:49,721] {logging_mixin.py:109} INFO - [2022-03-16 00:03:49,721] {dagbag.py:500} INFO - Filling up the DagBag from /home/airflow/.local/lib/python3.7/site-packages/airflow/example_dags/example_branch_day_of_week_operator.py
[2022-03-16 00:03:49,741] {processor.py:654} INFO - DAG(s) dict_keys(['example_weekday_branch_operator']) retrieved from /home/airflow/.local/lib/python3.7/site-packages/airflow/example_dags/example_branch_day_of_week_operator.py
[2022-03-16 00:03:49,751] {logging_mixin.py:109} INFO - [2022-03-16 00:03:49,750] {dag.py:2398} INFO - Sync 1 DAGs
[2022-03-16 00:03:49,765] {logging_mixin.py:109} INFO - [2022-03-16 00:03:49,765] {dag.py:2937} INFO - Setting next_dagrun for example_weekday_branch_operator to 2022-03-15 00:00:00+00:00
[2022-03-16 00:03:50,146] {processor.py:171} INFO - Processing /home/airflow/.local/lib/python3.7/site-packages/airflow/example_dags/example_branch_day_of_week_operator.py took 0.439 seconds
[2022-03-16 00:04:20,196] {processor.py:163} INFO - Started process (PID=2694) to work on /home/airflow/.local/lib/python3.7/site-packages/airflow/example_dags/example_branch_day_of_week_operator.py
[2022-03-16 00:04:20,204] {processor.py:642} INFO - Processing file /home/airflow/.local/lib/python3.7/site-packages/airflow/example_dags/example_branch_day_of_week_operator.py for tasks to queue
[2022-03-16 00:04:20,204] {logging_mixin.py:109} INFO - [2022-03-16 00:04:20,204] {dagbag.py:500} INFO - Filling up the DagBag from /home/airflow/.local/lib/python3.7/site-packages/airflow/example_dags/example_branch_day_of_week_operator.py
[2022-03-16 00:04:20,231] {processor.py:654} INFO - DAG(s) dict_keys(['example_weekday_branch_operator']) retrieved from /home/airflow/.local/lib/python3.7/site-packages/airflow/example_dags/example_branch_day_of_week_operator.py
[2022-03-16 00:04:20,238] {logging_mixin.py:109} INFO - [2022-03-16 00:04:20,238] {dag.py:2398} INFO - Sync 1 DAGs
[2022-03-16 00:04:20,251] {logging_mixin.py:109} INFO - [2022-03-16 00:04:20,251] {dag.py:2937} INFO - Setting next_dagrun for example_weekday_branch_operator to 2022-03-15 00:00:00+00:00
[2022-03-16 00:04:20,291] {processor.py:171} INFO - Processing /home/airflow/.local/lib/python3.7/site-packages/airflow/example_dags/example_branch_day_of_week_operator.py took 0.098 seconds
[2022-03-16 00:04:50,387] {processor.py:163} INFO - Started process (PID=2758) to work on /home/airflow/.local/lib/python3.7/site-packages/airflow/example_dags/example_branch_day_of_week_operator.py
[2022-03-16 00:04:50,398] {processor.py:642} INFO - Processing file /home/airflow/.local/lib/python3.7/site-packages/airflow/example_dags/example_branch_day_of_week_operator.py for tasks to queue
[2022-03-16 00:04:50,399] {logging_mixin.py:109} INFO - [2022-03-16 00:04:50,399] {dagbag.py:500} INFO - Filling up the DagBag from /home/airflow/.local/lib/python3.7/site-packages/airflow/example_dags/example_branch_day_of_week_operator.py
[2022-03-16 00:04:50,433] {processor.py:654} INFO - DAG(s) dict_keys(['example_weekday_branch_operator']) retrieved from /home/airflow/.local/lib/python3.7/site-packages/airflow/example_dags/example_branch_day_of_week_operator.py
[2022-03-16 00:04:50,440] {logging_mixin.py:109} INFO - [2022-03-16 00:04:50,440] {dag.py:2398} INFO - Sync 1 DAGs
[2022-03-16 00:04:50,454] {logging_mixin.py:109} INFO - [2022-03-16 00:04:50,454] {dag.py:2937} INFO - Setting next_dagrun for example_weekday_branch_operator to 2022-03-15 00:00:00+00:00
[2022-03-16 00:04:50,497] {processor.py:171} INFO - Processing /home/airflow/.local/lib/python3.7/site-packages/airflow/example_dags/example_branch_day_of_week_operator.py took 0.117 seconds
[2022-03-16 00:05:20,765] {processor.py:163} INFO - Started process (PID=2819) to work on /home/airflow/.local/lib/python3.7/site-packages/airflow/example_dags/example_branch_day_of_week_operator.py
[2022-03-16 00:05:20,781] {processor.py:642} INFO - Processing file /home/airflow/.local/lib/python3.7/site-packages/airflow/example_dags/example_branch_day_of_week_operator.py for tasks to queue
[2022-03-16 00:05:20,781] {logging_mixin.py:109} INFO - [2022-03-16 00:05:20,781] {dagbag.py:500} INFO - Filling up the DagBag from /home/airflow/.local/lib/python3.7/site-packages/airflow/example_dags/example_branch_day_of_week_operator.py
[2022-03-16 00:05:20,802] {processor.py:654} INFO - DAG(s) dict_keys(['example_weekday_branch_operator']) retrieved from /home/airflow/.local/lib/python3.7/site-packages/airflow/example_dags/example_branch_day_of_week_operator.py
[2022-03-16 00:05:20,810] {logging_mixin.py:109} INFO - [2022-03-16 00:05:20,810] {dag.py:2398} INFO - Sync 1 DAGs
[2022-03-16 00:05:20,826] {logging_mixin.py:109} INFO - [2022-03-16 00:05:20,826] {dag.py:2937} INFO - Setting next_dagrun for example_weekday_branch_operator to 2022-03-15 00:00:00+00:00
[2022-03-16 00:05:20,869] {processor.py:171} INFO - Processing /home/airflow/.local/lib/python3.7/site-packages/airflow/example_dags/example_branch_day_of_week_operator.py took 0.106 seconds
[2022-03-16 00:05:51,198] {processor.py:163} INFO - Started process (PID=2869) to work on /home/airflow/.local/lib/python3.7/site-packages/airflow/example_dags/example_branch_day_of_week_operator.py
[2022-03-16 00:05:51,200] {processor.py:642} INFO - Processing file /home/airflow/.local/lib/python3.7/site-packages/airflow/example_dags/example_branch_day_of_week_operator.py for tasks to queue
[2022-03-16 00:05:51,201] {logging_mixin.py:109} INFO - [2022-03-16 00:05:51,201] {dagbag.py:500} INFO - Filling up the DagBag from /home/airflow/.local/lib/python3.7/site-packages/airflow/example_dags/example_branch_day_of_week_operator.py
[2022-03-16 00:05:51,233] {processor.py:654} INFO - DAG(s) dict_keys(['example_weekday_branch_operator']) retrieved from /home/airflow/.local/lib/python3.7/site-packages/airflow/example_dags/example_branch_day_of_week_operator.py
[2022-03-16 00:05:51,239] {logging_mixin.py:109} INFO - [2022-03-16 00:05:51,239] {dag.py:2398} INFO - Sync 1 DAGs
[2022-03-16 00:05:51,252] {logging_mixin.py:109} INFO - [2022-03-16 00:05:51,252] {dag.py:2937} INFO - Setting next_dagrun for example_weekday_branch_operator to 2022-03-15 00:00:00+00:00
[2022-03-16 00:05:51,292] {processor.py:171} INFO - Processing /home/airflow/.local/lib/python3.7/site-packages/airflow/example_dags/example_branch_day_of_week_operator.py took 0.100 seconds
[2022-03-16 00:06:21,309] {processor.py:163} INFO - Started process (PID=2938) to work on /home/airflow/.local/lib/python3.7/site-packages/airflow/example_dags/example_branch_day_of_week_operator.py
[2022-03-16 00:06:21,309] {processor.py:642} INFO - Processing file /home/airflow/.local/lib/python3.7/site-packages/airflow/example_dags/example_branch_day_of_week_operator.py for tasks to queue
[2022-03-16 00:06:21,310] {logging_mixin.py:109} INFO - [2022-03-16 00:06:21,310] {dagbag.py:500} INFO - Filling up the DagBag from /home/airflow/.local/lib/python3.7/site-packages/airflow/example_dags/example_branch_day_of_week_operator.py
[2022-03-16 00:06:21,330] {processor.py:654} INFO - DAG(s) dict_keys(['example_weekday_branch_operator']) retrieved from /home/airflow/.local/lib/python3.7/site-packages/airflow/example_dags/example_branch_day_of_week_operator.py
[2022-03-16 00:06:21,337] {logging_mixin.py:109} INFO - [2022-03-16 00:06:21,337] {dag.py:2398} INFO - Sync 1 DAGs
[2022-03-16 00:06:21,350] {logging_mixin.py:109} INFO - [2022-03-16 00:06:21,350] {dag.py:2937} INFO - Setting next_dagrun for example_weekday_branch_operator to 2022-03-15 00:00:00+00:00
[2022-03-16 00:06:21,386] {processor.py:171} INFO - Processing /home/airflow/.local/lib/python3.7/site-packages/airflow/example_dags/example_branch_day_of_week_operator.py took 0.079 seconds
[2022-03-16 00:06:54,006] {processor.py:163} INFO - Started process (PID=3004) to work on /home/airflow/.local/lib/python3.7/site-packages/airflow/example_dags/example_branch_day_of_week_operator.py
[2022-03-16 00:06:54,030] {processor.py:642} INFO - Processing file /home/airflow/.local/lib/python3.7/site-packages/airflow/example_dags/example_branch_day_of_week_operator.py for tasks to queue
[2022-03-16 00:06:54,031] {logging_mixin.py:109} INFO - [2022-03-16 00:06:54,031] {dagbag.py:500} INFO - Filling up the DagBag from /home/airflow/.local/lib/python3.7/site-packages/airflow/example_dags/example_branch_day_of_week_operator.py
[2022-03-16 00:06:54,050] {processor.py:654} INFO - DAG(s) dict_keys(['example_weekday_branch_operator']) retrieved from /home/airflow/.local/lib/python3.7/site-packages/airflow/example_dags/example_branch_day_of_week_operator.py
[2022-03-16 00:06:54,056] {logging_mixin.py:109} INFO - [2022-03-16 00:06:54,056] {dag.py:2398} INFO - Sync 1 DAGs
[2022-03-16 00:06:54,067] {logging_mixin.py:109} INFO - [2022-03-16 00:06:54,067] {dag.py:2937} INFO - Setting next_dagrun for example_weekday_branch_operator to 2022-03-15 00:00:00+00:00
[2022-03-16 00:06:54,111] {processor.py:171} INFO - Processing /home/airflow/.local/lib/python3.7/site-packages/airflow/example_dags/example_branch_day_of_week_operator.py took 0.107 seconds
[2022-03-16 00:07:24,405] {processor.py:163} INFO - Started process (PID=3063) to work on /home/airflow/.local/lib/python3.7/site-packages/airflow/example_dags/example_branch_day_of_week_operator.py
[2022-03-16 00:07:24,428] {processor.py:642} INFO - Processing file /home/airflow/.local/lib/python3.7/site-packages/airflow/example_dags/example_branch_day_of_week_operator.py for tasks to queue
[2022-03-16 00:07:24,429] {logging_mixin.py:109} INFO - [2022-03-16 00:07:24,429] {dagbag.py:500} INFO - Filling up the DagBag from /home/airflow/.local/lib/python3.7/site-packages/airflow/example_dags/example_branch_day_of_week_operator.py
[2022-03-16 00:07:24,455] {processor.py:654} INFO - DAG(s) dict_keys(['example_weekday_branch_operator']) retrieved from /home/airflow/.local/lib/python3.7/site-packages/airflow/example_dags/example_branch_day_of_week_operator.py
[2022-03-16 00:07:24,464] {logging_mixin.py:109} INFO - [2022-03-16 00:07:24,464] {dag.py:2398} INFO - Sync 1 DAGs
[2022-03-16 00:07:24,481] {logging_mixin.py:109} INFO - [2022-03-16 00:07:24,481] {dag.py:2937} INFO - Setting next_dagrun for example_weekday_branch_operator to 2022-03-15 00:00:00+00:00
[2022-03-16 00:07:24,565] {processor.py:171} INFO - Processing /home/airflow/.local/lib/python3.7/site-packages/airflow/example_dags/example_branch_day_of_week_operator.py took 0.162 seconds
[2022-03-16 00:07:54,820] {processor.py:163} INFO - Started process (PID=3113) to work on /home/airflow/.local/lib/python3.7/site-packages/airflow/example_dags/example_branch_day_of_week_operator.py
[2022-03-16 00:07:54,861] {processor.py:642} INFO - Processing file /home/airflow/.local/lib/python3.7/site-packages/airflow/example_dags/example_branch_day_of_week_operator.py for tasks to queue
[2022-03-16 00:07:54,862] {logging_mixin.py:109} INFO - [2022-03-16 00:07:54,862] {dagbag.py:500} INFO - Filling up the DagBag from /home/airflow/.local/lib/python3.7/site-packages/airflow/example_dags/example_branch_day_of_week_operator.py
[2022-03-16 00:07:54,911] {processor.py:654} INFO - DAG(s) dict_keys(['example_weekday_branch_operator']) retrieved from /home/airflow/.local/lib/python3.7/site-packages/airflow/example_dags/example_branch_day_of_week_operator.py
[2022-03-16 00:07:54,920] {logging_mixin.py:109} INFO - [2022-03-16 00:07:54,920] {dag.py:2398} INFO - Sync 1 DAGs
[2022-03-16 00:07:54,939] {logging_mixin.py:109} INFO - [2022-03-16 00:07:54,939] {dag.py:2937} INFO - Setting next_dagrun for example_weekday_branch_operator to 2022-03-15 00:00:00+00:00
[2022-03-16 00:07:56,531] {processor.py:171} INFO - Processing /home/airflow/.local/lib/python3.7/site-packages/airflow/example_dags/example_branch_day_of_week_operator.py took 1.713 seconds
[2022-03-16 00:08:27,220] {processor.py:163} INFO - Started process (PID=3184) to work on /home/airflow/.local/lib/python3.7/site-packages/airflow/example_dags/example_branch_day_of_week_operator.py
[2022-03-16 00:08:27,227] {processor.py:642} INFO - Processing file /home/airflow/.local/lib/python3.7/site-packages/airflow/example_dags/example_branch_day_of_week_operator.py for tasks to queue
[2022-03-16 00:08:27,227] {logging_mixin.py:109} INFO - [2022-03-16 00:08:27,227] {dagbag.py:500} INFO - Filling up the DagBag from /home/airflow/.local/lib/python3.7/site-packages/airflow/example_dags/example_branch_day_of_week_operator.py
[2022-03-16 00:08:27,246] {processor.py:654} INFO - DAG(s) dict_keys(['example_weekday_branch_operator']) retrieved from /home/airflow/.local/lib/python3.7/site-packages/airflow/example_dags/example_branch_day_of_week_operator.py
[2022-03-16 00:08:27,252] {logging_mixin.py:109} INFO - [2022-03-16 00:08:27,252] {dag.py:2398} INFO - Sync 1 DAGs
[2022-03-16 00:08:27,264] {logging_mixin.py:109} INFO - [2022-03-16 00:08:27,264] {dag.py:2937} INFO - Setting next_dagrun for example_weekday_branch_operator to 2022-03-15 00:00:00+00:00
[2022-03-16 00:08:27,310] {processor.py:171} INFO - Processing /home/airflow/.local/lib/python3.7/site-packages/airflow/example_dags/example_branch_day_of_week_operator.py took 0.092 seconds
[2022-03-16 00:08:57,512] {processor.py:163} INFO - Started process (PID=3249) to work on /home/airflow/.local/lib/python3.7/site-packages/airflow/example_dags/example_branch_day_of_week_operator.py
[2022-03-16 00:08:57,523] {processor.py:642} INFO - Processing file /home/airflow/.local/lib/python3.7/site-packages/airflow/example_dags/example_branch_day_of_week_operator.py for tasks to queue
[2022-03-16 00:08:57,524] {logging_mixin.py:109} INFO - [2022-03-16 00:08:57,524] {dagbag.py:500} INFO - Filling up the DagBag from /home/airflow/.local/lib/python3.7/site-packages/airflow/example_dags/example_branch_day_of_week_operator.py
[2022-03-16 00:08:57,543] {processor.py:654} INFO - DAG(s) dict_keys(['example_weekday_branch_operator']) retrieved from /home/airflow/.local/lib/python3.7/site-packages/airflow/example_dags/example_branch_day_of_week_operator.py
[2022-03-16 00:08:57,549] {logging_mixin.py:109} INFO - [2022-03-16 00:08:57,549] {dag.py:2398} INFO - Sync 1 DAGs
[2022-03-16 00:08:57,563] {logging_mixin.py:109} INFO - [2022-03-16 00:08:57,563] {dag.py:2937} INFO - Setting next_dagrun for example_weekday_branch_operator to 2022-03-15 00:00:00+00:00
[2022-03-16 00:08:57,603] {processor.py:171} INFO - Processing /home/airflow/.local/lib/python3.7/site-packages/airflow/example_dags/example_branch_day_of_week_operator.py took 0.092 seconds
[2022-03-16 00:09:27,777] {processor.py:163} INFO - Started process (PID=3299) to work on /home/airflow/.local/lib/python3.7/site-packages/airflow/example_dags/example_branch_day_of_week_operator.py
[2022-03-16 00:09:27,799] {processor.py:642} INFO - Processing file /home/airflow/.local/lib/python3.7/site-packages/airflow/example_dags/example_branch_day_of_week_operator.py for tasks to queue
[2022-03-16 00:09:27,800] {logging_mixin.py:109} INFO - [2022-03-16 00:09:27,799] {dagbag.py:500} INFO - Filling up the DagBag from /home/airflow/.local/lib/python3.7/site-packages/airflow/example_dags/example_branch_day_of_week_operator.py
[2022-03-16 00:09:27,824] {processor.py:654} INFO - DAG(s) dict_keys(['example_weekday_branch_operator']) retrieved from /home/airflow/.local/lib/python3.7/site-packages/airflow/example_dags/example_branch_day_of_week_operator.py
[2022-03-16 00:09:27,832] {logging_mixin.py:109} INFO - [2022-03-16 00:09:27,832] {dag.py:2398} INFO - Sync 1 DAGs
[2022-03-16 00:09:27,844] {logging_mixin.py:109} INFO - [2022-03-16 00:09:27,844] {dag.py:2937} INFO - Setting next_dagrun for example_weekday_branch_operator to 2022-03-15 00:00:00+00:00
[2022-03-16 00:09:27,912] {processor.py:171} INFO - Processing /home/airflow/.local/lib/python3.7/site-packages/airflow/example_dags/example_branch_day_of_week_operator.py took 0.139 seconds
[2022-03-16 00:09:58,880] {processor.py:163} INFO - Started process (PID=3358) to work on /home/airflow/.local/lib/python3.7/site-packages/airflow/example_dags/example_branch_day_of_week_operator.py
[2022-03-16 00:09:58,887] {processor.py:642} INFO - Processing file /home/airflow/.local/lib/python3.7/site-packages/airflow/example_dags/example_branch_day_of_week_operator.py for tasks to queue
[2022-03-16 00:09:58,887] {logging_mixin.py:109} INFO - [2022-03-16 00:09:58,887] {dagbag.py:500} INFO - Filling up the DagBag from /home/airflow/.local/lib/python3.7/site-packages/airflow/example_dags/example_branch_day_of_week_operator.py
[2022-03-16 00:09:58,913] {processor.py:654} INFO - DAG(s) dict_keys(['example_weekday_branch_operator']) retrieved from /home/airflow/.local/lib/python3.7/site-packages/airflow/example_dags/example_branch_day_of_week_operator.py
[2022-03-16 00:09:58,919] {logging_mixin.py:109} INFO - [2022-03-16 00:09:58,919] {dag.py:2398} INFO - Sync 1 DAGs
[2022-03-16 00:09:58,932] {logging_mixin.py:109} INFO - [2022-03-16 00:09:58,932] {dag.py:2937} INFO - Setting next_dagrun for example_weekday_branch_operator to 2022-03-15 00:00:00+00:00
[2022-03-16 00:09:59,741] {processor.py:171} INFO - Processing /home/airflow/.local/lib/python3.7/site-packages/airflow/example_dags/example_branch_day_of_week_operator.py took 0.862 seconds
[2022-03-16 00:10:30,354] {processor.py:163} INFO - Started process (PID=3421) to work on /home/airflow/.local/lib/python3.7/site-packages/airflow/example_dags/example_branch_day_of_week_operator.py
[2022-03-16 00:10:30,376] {processor.py:642} INFO - Processing file /home/airflow/.local/lib/python3.7/site-packages/airflow/example_dags/example_branch_day_of_week_operator.py for tasks to queue
[2022-03-16 00:10:30,377] {logging_mixin.py:109} INFO - [2022-03-16 00:10:30,376] {dagbag.py:500} INFO - Filling up the DagBag from /home/airflow/.local/lib/python3.7/site-packages/airflow/example_dags/example_branch_day_of_week_operator.py
[2022-03-16 00:10:30,448] {processor.py:654} INFO - DAG(s) dict_keys(['example_weekday_branch_operator']) retrieved from /home/airflow/.local/lib/python3.7/site-packages/airflow/example_dags/example_branch_day_of_week_operator.py
[2022-03-16 00:10:30,473] {logging_mixin.py:109} INFO - [2022-03-16 00:10:30,473] {dag.py:2398} INFO - Sync 1 DAGs
[2022-03-16 00:10:30,521] {logging_mixin.py:109} INFO - [2022-03-16 00:10:30,521] {dag.py:2937} INFO - Setting next_dagrun for example_weekday_branch_operator to 2022-03-15 00:00:00+00:00
[2022-03-16 00:10:30,589] {processor.py:171} INFO - Processing /home/airflow/.local/lib/python3.7/site-packages/airflow/example_dags/example_branch_day_of_week_operator.py took 0.239 seconds
[2022-03-16 00:11:01,172] {processor.py:163} INFO - Started process (PID=3492) to work on /home/airflow/.local/lib/python3.7/site-packages/airflow/example_dags/example_branch_day_of_week_operator.py
[2022-03-16 00:11:01,179] {processor.py:642} INFO - Processing file /home/airflow/.local/lib/python3.7/site-packages/airflow/example_dags/example_branch_day_of_week_operator.py for tasks to queue
[2022-03-16 00:11:01,180] {logging_mixin.py:109} INFO - [2022-03-16 00:11:01,180] {dagbag.py:500} INFO - Filling up the DagBag from /home/airflow/.local/lib/python3.7/site-packages/airflow/example_dags/example_branch_day_of_week_operator.py
[2022-03-16 00:11:01,200] {processor.py:654} INFO - DAG(s) dict_keys(['example_weekday_branch_operator']) retrieved from /home/airflow/.local/lib/python3.7/site-packages/airflow/example_dags/example_branch_day_of_week_operator.py
[2022-03-16 00:11:01,206] {logging_mixin.py:109} INFO - [2022-03-16 00:11:01,206] {dag.py:2398} INFO - Sync 1 DAGs
[2022-03-16 00:11:01,220] {logging_mixin.py:109} INFO - [2022-03-16 00:11:01,220] {dag.py:2937} INFO - Setting next_dagrun for example_weekday_branch_operator to 2022-03-15 00:00:00+00:00
[2022-03-16 00:11:01,301] {processor.py:171} INFO - Processing /home/airflow/.local/lib/python3.7/site-packages/airflow/example_dags/example_branch_day_of_week_operator.py took 0.131 seconds
[2022-03-16 00:11:31,470] {processor.py:163} INFO - Started process (PID=3543) to work on /home/airflow/.local/lib/python3.7/site-packages/airflow/example_dags/example_branch_day_of_week_operator.py
[2022-03-16 00:11:31,471] {processor.py:642} INFO - Processing file /home/airflow/.local/lib/python3.7/site-packages/airflow/example_dags/example_branch_day_of_week_operator.py for tasks to queue
[2022-03-16 00:11:31,471] {logging_mixin.py:109} INFO - [2022-03-16 00:11:31,471] {dagbag.py:500} INFO - Filling up the DagBag from /home/airflow/.local/lib/python3.7/site-packages/airflow/example_dags/example_branch_day_of_week_operator.py
[2022-03-16 00:11:31,492] {processor.py:654} INFO - DAG(s) dict_keys(['example_weekday_branch_operator']) retrieved from /home/airflow/.local/lib/python3.7/site-packages/airflow/example_dags/example_branch_day_of_week_operator.py
[2022-03-16 00:11:31,498] {logging_mixin.py:109} INFO - [2022-03-16 00:11:31,498] {dag.py:2398} INFO - Sync 1 DAGs
[2022-03-16 00:11:31,511] {logging_mixin.py:109} INFO - [2022-03-16 00:11:31,511] {dag.py:2937} INFO - Setting next_dagrun for example_weekday_branch_operator to 2022-03-15 00:00:00+00:00
[2022-03-16 00:11:31,545] {processor.py:171} INFO - Processing /home/airflow/.local/lib/python3.7/site-packages/airflow/example_dags/example_branch_day_of_week_operator.py took 0.077 seconds
[2022-03-16 00:12:01,935] {processor.py:163} INFO - Started process (PID=3593) to work on /home/airflow/.local/lib/python3.7/site-packages/airflow/example_dags/example_branch_day_of_week_operator.py
[2022-03-16 00:12:01,936] {processor.py:642} INFO - Processing file /home/airflow/.local/lib/python3.7/site-packages/airflow/example_dags/example_branch_day_of_week_operator.py for tasks to queue
[2022-03-16 00:12:01,936] {logging_mixin.py:109} INFO - [2022-03-16 00:12:01,936] {dagbag.py:500} INFO - Filling up the DagBag from /home/airflow/.local/lib/python3.7/site-packages/airflow/example_dags/example_branch_day_of_week_operator.py
[2022-03-16 00:12:01,955] {processor.py:654} INFO - DAG(s) dict_keys(['example_weekday_branch_operator']) retrieved from /home/airflow/.local/lib/python3.7/site-packages/airflow/example_dags/example_branch_day_of_week_operator.py
[2022-03-16 00:12:01,961] {logging_mixin.py:109} INFO - [2022-03-16 00:12:01,961] {dag.py:2398} INFO - Sync 1 DAGs
[2022-03-16 00:12:01,974] {logging_mixin.py:109} INFO - [2022-03-16 00:12:01,974] {dag.py:2937} INFO - Setting next_dagrun for example_weekday_branch_operator to 2022-03-15 00:00:00+00:00
[2022-03-16 00:12:02,024] {processor.py:171} INFO - Processing /home/airflow/.local/lib/python3.7/site-packages/airflow/example_dags/example_branch_day_of_week_operator.py took 0.091 seconds
[2022-03-16 00:12:33,518] {processor.py:163} INFO - Started process (PID=3663) to work on /home/airflow/.local/lib/python3.7/site-packages/airflow/example_dags/example_branch_day_of_week_operator.py
[2022-03-16 00:12:33,544] {processor.py:642} INFO - Processing file /home/airflow/.local/lib/python3.7/site-packages/airflow/example_dags/example_branch_day_of_week_operator.py for tasks to queue
[2022-03-16 00:12:33,544] {logging_mixin.py:109} INFO - [2022-03-16 00:12:33,544] {dagbag.py:500} INFO - Filling up the DagBag from /home/airflow/.local/lib/python3.7/site-packages/airflow/example_dags/example_branch_day_of_week_operator.py
[2022-03-16 00:12:33,568] {processor.py:654} INFO - DAG(s) dict_keys(['example_weekday_branch_operator']) retrieved from /home/airflow/.local/lib/python3.7/site-packages/airflow/example_dags/example_branch_day_of_week_operator.py
[2022-03-16 00:12:33,576] {logging_mixin.py:109} INFO - [2022-03-16 00:12:33,576] {dag.py:2398} INFO - Sync 1 DAGs
[2022-03-16 00:12:33,590] {logging_mixin.py:109} INFO - [2022-03-16 00:12:33,589] {dag.py:2937} INFO - Setting next_dagrun for example_weekday_branch_operator to 2022-03-15 00:00:00+00:00
[2022-03-16 00:12:33,669] {processor.py:171} INFO - Processing /home/airflow/.local/lib/python3.7/site-packages/airflow/example_dags/example_branch_day_of_week_operator.py took 0.152 seconds
[2022-03-16 00:13:04,098] {processor.py:163} INFO - Started process (PID=3724) to work on /home/airflow/.local/lib/python3.7/site-packages/airflow/example_dags/example_branch_day_of_week_operator.py
[2022-03-16 00:13:04,108] {processor.py:642} INFO - Processing file /home/airflow/.local/lib/python3.7/site-packages/airflow/example_dags/example_branch_day_of_week_operator.py for tasks to queue
[2022-03-16 00:13:04,109] {logging_mixin.py:109} INFO - [2022-03-16 00:13:04,109] {dagbag.py:500} INFO - Filling up the DagBag from /home/airflow/.local/lib/python3.7/site-packages/airflow/example_dags/example_branch_day_of_week_operator.py
[2022-03-16 00:13:04,129] {processor.py:654} INFO - DAG(s) dict_keys(['example_weekday_branch_operator']) retrieved from /home/airflow/.local/lib/python3.7/site-packages/airflow/example_dags/example_branch_day_of_week_operator.py
[2022-03-16 00:13:04,135] {logging_mixin.py:109} INFO - [2022-03-16 00:13:04,135] {dag.py:2398} INFO - Sync 1 DAGs
[2022-03-16 00:13:04,148] {logging_mixin.py:109} INFO - [2022-03-16 00:13:04,148] {dag.py:2937} INFO - Setting next_dagrun for example_weekday_branch_operator to 2022-03-15 00:00:00+00:00
[2022-03-16 00:13:04,190] {processor.py:171} INFO - Processing /home/airflow/.local/lib/python3.7/site-packages/airflow/example_dags/example_branch_day_of_week_operator.py took 0.093 seconds
[2022-03-16 00:13:34,944] {processor.py:163} INFO - Started process (PID=3784) to work on /home/airflow/.local/lib/python3.7/site-packages/airflow/example_dags/example_branch_day_of_week_operator.py
[2022-03-16 00:13:34,947] {processor.py:642} INFO - Processing file /home/airflow/.local/lib/python3.7/site-packages/airflow/example_dags/example_branch_day_of_week_operator.py for tasks to queue
[2022-03-16 00:13:34,947] {logging_mixin.py:109} INFO - [2022-03-16 00:13:34,947] {dagbag.py:500} INFO - Filling up the DagBag from /home/airflow/.local/lib/python3.7/site-packages/airflow/example_dags/example_branch_day_of_week_operator.py
[2022-03-16 00:13:34,968] {processor.py:654} INFO - DAG(s) dict_keys(['example_weekday_branch_operator']) retrieved from /home/airflow/.local/lib/python3.7/site-packages/airflow/example_dags/example_branch_day_of_week_operator.py
[2022-03-16 00:13:34,975] {logging_mixin.py:109} INFO - [2022-03-16 00:13:34,975] {dag.py:2398} INFO - Sync 1 DAGs
[2022-03-16 00:13:34,988] {logging_mixin.py:109} INFO - [2022-03-16 00:13:34,988] {dag.py:2937} INFO - Setting next_dagrun for example_weekday_branch_operator to 2022-03-15 00:00:00+00:00
[2022-03-16 00:13:35,075] {processor.py:171} INFO - Processing /home/airflow/.local/lib/python3.7/site-packages/airflow/example_dags/example_branch_day_of_week_operator.py took 0.133 seconds
[2022-03-16 00:14:05,435] {processor.py:163} INFO - Started process (PID=3837) to work on /home/airflow/.local/lib/python3.7/site-packages/airflow/example_dags/example_branch_day_of_week_operator.py
[2022-03-16 00:14:05,436] {processor.py:642} INFO - Processing file /home/airflow/.local/lib/python3.7/site-packages/airflow/example_dags/example_branch_day_of_week_operator.py for tasks to queue
[2022-03-16 00:14:05,436] {logging_mixin.py:109} INFO - [2022-03-16 00:14:05,436] {dagbag.py:500} INFO - Filling up the DagBag from /home/airflow/.local/lib/python3.7/site-packages/airflow/example_dags/example_branch_day_of_week_operator.py
[2022-03-16 00:14:05,461] {processor.py:654} INFO - DAG(s) dict_keys(['example_weekday_branch_operator']) retrieved from /home/airflow/.local/lib/python3.7/site-packages/airflow/example_dags/example_branch_day_of_week_operator.py
[2022-03-16 00:14:05,470] {logging_mixin.py:109} INFO - [2022-03-16 00:14:05,470] {dag.py:2398} INFO - Sync 1 DAGs
[2022-03-16 00:14:05,488] {logging_mixin.py:109} INFO - [2022-03-16 00:14:05,488] {dag.py:2937} INFO - Setting next_dagrun for example_weekday_branch_operator to 2022-03-15 00:00:00+00:00
[2022-03-16 00:14:05,616] {processor.py:171} INFO - Processing /home/airflow/.local/lib/python3.7/site-packages/airflow/example_dags/example_branch_day_of_week_operator.py took 0.184 seconds
[2022-03-16 00:14:36,981] {processor.py:163} INFO - Started process (PID=3897) to work on /home/airflow/.local/lib/python3.7/site-packages/airflow/example_dags/example_branch_day_of_week_operator.py
[2022-03-16 00:14:36,992] {processor.py:642} INFO - Processing file /home/airflow/.local/lib/python3.7/site-packages/airflow/example_dags/example_branch_day_of_week_operator.py for tasks to queue
[2022-03-16 00:14:36,993] {logging_mixin.py:109} INFO - [2022-03-16 00:14:36,993] {dagbag.py:500} INFO - Filling up the DagBag from /home/airflow/.local/lib/python3.7/site-packages/airflow/example_dags/example_branch_day_of_week_operator.py
[2022-03-16 00:14:37,016] {processor.py:654} INFO - DAG(s) dict_keys(['example_weekday_branch_operator']) retrieved from /home/airflow/.local/lib/python3.7/site-packages/airflow/example_dags/example_branch_day_of_week_operator.py
[2022-03-16 00:14:37,025] {logging_mixin.py:109} INFO - [2022-03-16 00:14:37,025] {dag.py:2398} INFO - Sync 1 DAGs
[2022-03-16 00:14:37,040] {logging_mixin.py:109} INFO - [2022-03-16 00:14:37,039] {dag.py:2937} INFO - Setting next_dagrun for example_weekday_branch_operator to 2022-03-15 00:00:00+00:00
[2022-03-16 00:14:37,081] {processor.py:171} INFO - Processing /home/airflow/.local/lib/python3.7/site-packages/airflow/example_dags/example_branch_day_of_week_operator.py took 0.103 seconds
[2022-03-16 00:15:07,287] {processor.py:163} INFO - Started process (PID=3957) to work on /home/airflow/.local/lib/python3.7/site-packages/airflow/example_dags/example_branch_day_of_week_operator.py
[2022-03-16 00:15:07,299] {processor.py:642} INFO - Processing file /home/airflow/.local/lib/python3.7/site-packages/airflow/example_dags/example_branch_day_of_week_operator.py for tasks to queue
[2022-03-16 00:15:07,299] {logging_mixin.py:109} INFO - [2022-03-16 00:15:07,299] {dagbag.py:500} INFO - Filling up the DagBag from /home/airflow/.local/lib/python3.7/site-packages/airflow/example_dags/example_branch_day_of_week_operator.py
[2022-03-16 00:15:07,319] {processor.py:654} INFO - DAG(s) dict_keys(['example_weekday_branch_operator']) retrieved from /home/airflow/.local/lib/python3.7/site-packages/airflow/example_dags/example_branch_day_of_week_operator.py
[2022-03-16 00:15:07,325] {logging_mixin.py:109} INFO - [2022-03-16 00:15:07,325] {dag.py:2398} INFO - Sync 1 DAGs
[2022-03-16 00:15:07,338] {logging_mixin.py:109} INFO - [2022-03-16 00:15:07,338] {dag.py:2937} INFO - Setting next_dagrun for example_weekday_branch_operator to 2022-03-15 00:00:00+00:00
[2022-03-16 00:15:07,388] {processor.py:171} INFO - Processing /home/airflow/.local/lib/python3.7/site-packages/airflow/example_dags/example_branch_day_of_week_operator.py took 0.104 seconds
[2022-03-16 00:15:37,930] {processor.py:163} INFO - Started process (PID=4017) to work on /home/airflow/.local/lib/python3.7/site-packages/airflow/example_dags/example_branch_day_of_week_operator.py
[2022-03-16 00:15:37,940] {processor.py:642} INFO - Processing file /home/airflow/.local/lib/python3.7/site-packages/airflow/example_dags/example_branch_day_of_week_operator.py for tasks to queue
[2022-03-16 00:15:37,941] {logging_mixin.py:109} INFO - [2022-03-16 00:15:37,940] {dagbag.py:500} INFO - Filling up the DagBag from /home/airflow/.local/lib/python3.7/site-packages/airflow/example_dags/example_branch_day_of_week_operator.py
[2022-03-16 00:15:37,961] {processor.py:654} INFO - DAG(s) dict_keys(['example_weekday_branch_operator']) retrieved from /home/airflow/.local/lib/python3.7/site-packages/airflow/example_dags/example_branch_day_of_week_operator.py
[2022-03-16 00:15:37,971] {logging_mixin.py:109} INFO - [2022-03-16 00:15:37,970] {dag.py:2398} INFO - Sync 1 DAGs
[2022-03-16 00:15:37,989] {logging_mixin.py:109} INFO - [2022-03-16 00:15:37,989] {dag.py:2937} INFO - Setting next_dagrun for example_weekday_branch_operator to 2022-03-15 00:00:00+00:00
[2022-03-16 00:15:38,030] {processor.py:171} INFO - Processing /home/airflow/.local/lib/python3.7/site-packages/airflow/example_dags/example_branch_day_of_week_operator.py took 0.102 seconds
[2022-03-16 00:16:08,817] {processor.py:163} INFO - Started process (PID=4070) to work on /home/airflow/.local/lib/python3.7/site-packages/airflow/example_dags/example_branch_day_of_week_operator.py
[2022-03-16 00:16:08,818] {processor.py:642} INFO - Processing file /home/airflow/.local/lib/python3.7/site-packages/airflow/example_dags/example_branch_day_of_week_operator.py for tasks to queue
[2022-03-16 00:16:08,819] {logging_mixin.py:109} INFO - [2022-03-16 00:16:08,819] {dagbag.py:500} INFO - Filling up the DagBag from /home/airflow/.local/lib/python3.7/site-packages/airflow/example_dags/example_branch_day_of_week_operator.py
[2022-03-16 00:16:08,840] {processor.py:654} INFO - DAG(s) dict_keys(['example_weekday_branch_operator']) retrieved from /home/airflow/.local/lib/python3.7/site-packages/airflow/example_dags/example_branch_day_of_week_operator.py
[2022-03-16 00:16:08,850] {logging_mixin.py:109} INFO - [2022-03-16 00:16:08,850] {dag.py:2398} INFO - Sync 1 DAGs
[2022-03-16 00:16:08,864] {logging_mixin.py:109} INFO - [2022-03-16 00:16:08,864] {dag.py:2937} INFO - Setting next_dagrun for example_weekday_branch_operator to 2022-03-15 00:00:00+00:00
[2022-03-16 00:16:08,907] {processor.py:171} INFO - Processing /home/airflow/.local/lib/python3.7/site-packages/airflow/example_dags/example_branch_day_of_week_operator.py took 0.093 seconds
[2022-03-16 00:16:39,590] {processor.py:163} INFO - Started process (PID=4140) to work on /home/airflow/.local/lib/python3.7/site-packages/airflow/example_dags/example_branch_day_of_week_operator.py
[2022-03-16 00:16:39,774] {processor.py:642} INFO - Processing file /home/airflow/.local/lib/python3.7/site-packages/airflow/example_dags/example_branch_day_of_week_operator.py for tasks to queue
[2022-03-16 00:16:39,774] {logging_mixin.py:109} INFO - [2022-03-16 00:16:39,774] {dagbag.py:500} INFO - Filling up the DagBag from /home/airflow/.local/lib/python3.7/site-packages/airflow/example_dags/example_branch_day_of_week_operator.py
[2022-03-16 00:16:39,937] {processor.py:654} INFO - DAG(s) dict_keys(['example_weekday_branch_operator']) retrieved from /home/airflow/.local/lib/python3.7/site-packages/airflow/example_dags/example_branch_day_of_week_operator.py
[2022-03-16 00:16:39,968] {logging_mixin.py:109} INFO - [2022-03-16 00:16:39,968] {dag.py:2398} INFO - Sync 1 DAGs
[2022-03-16 00:16:39,993] {logging_mixin.py:109} INFO - [2022-03-16 00:16:39,993] {dag.py:2937} INFO - Setting next_dagrun for example_weekday_branch_operator to 2022-03-15 00:00:00+00:00
[2022-03-16 00:16:40,080] {processor.py:171} INFO - Processing /home/airflow/.local/lib/python3.7/site-packages/airflow/example_dags/example_branch_day_of_week_operator.py took 0.492 seconds
[2022-03-16 00:17:10,311] {processor.py:163} INFO - Started process (PID=4199) to work on /home/airflow/.local/lib/python3.7/site-packages/airflow/example_dags/example_branch_day_of_week_operator.py
[2022-03-16 00:17:10,322] {processor.py:642} INFO - Processing file /home/airflow/.local/lib/python3.7/site-packages/airflow/example_dags/example_branch_day_of_week_operator.py for tasks to queue
[2022-03-16 00:17:10,323] {logging_mixin.py:109} INFO - [2022-03-16 00:17:10,322] {dagbag.py:500} INFO - Filling up the DagBag from /home/airflow/.local/lib/python3.7/site-packages/airflow/example_dags/example_branch_day_of_week_operator.py
[2022-03-16 00:17:10,343] {processor.py:654} INFO - DAG(s) dict_keys(['example_weekday_branch_operator']) retrieved from /home/airflow/.local/lib/python3.7/site-packages/airflow/example_dags/example_branch_day_of_week_operator.py
[2022-03-16 00:17:10,352] {logging_mixin.py:109} INFO - [2022-03-16 00:17:10,352] {dag.py:2398} INFO - Sync 1 DAGs
[2022-03-16 00:17:10,371] {logging_mixin.py:109} INFO - [2022-03-16 00:17:10,371] {dag.py:2937} INFO - Setting next_dagrun for example_weekday_branch_operator to 2022-03-15 00:00:00+00:00
[2022-03-16 00:17:10,414] {processor.py:171} INFO - Processing /home/airflow/.local/lib/python3.7/site-packages/airflow/example_dags/example_branch_day_of_week_operator.py took 0.106 seconds
[2022-03-16 00:17:42,229] {processor.py:163} INFO - Started process (PID=4258) to work on /home/airflow/.local/lib/python3.7/site-packages/airflow/example_dags/example_branch_day_of_week_operator.py
[2022-03-16 00:17:42,251] {processor.py:642} INFO - Processing file /home/airflow/.local/lib/python3.7/site-packages/airflow/example_dags/example_branch_day_of_week_operator.py for tasks to queue
[2022-03-16 00:17:42,252] {logging_mixin.py:109} INFO - [2022-03-16 00:17:42,252] {dagbag.py:500} INFO - Filling up the DagBag from /home/airflow/.local/lib/python3.7/site-packages/airflow/example_dags/example_branch_day_of_week_operator.py
[2022-03-16 00:17:42,278] {processor.py:654} INFO - DAG(s) dict_keys(['example_weekday_branch_operator']) retrieved from /home/airflow/.local/lib/python3.7/site-packages/airflow/example_dags/example_branch_day_of_week_operator.py
[2022-03-16 00:17:42,288] {logging_mixin.py:109} INFO - [2022-03-16 00:17:42,288] {dag.py:2398} INFO - Sync 1 DAGs
[2022-03-16 00:17:42,309] {logging_mixin.py:109} INFO - [2022-03-16 00:17:42,308] {dag.py:2937} INFO - Setting next_dagrun for example_weekday_branch_operator to 2022-03-15 00:00:00+00:00
[2022-03-16 00:17:42,355] {processor.py:171} INFO - Processing /home/airflow/.local/lib/python3.7/site-packages/airflow/example_dags/example_branch_day_of_week_operator.py took 0.128 seconds
[2022-03-16 00:18:12,923] {processor.py:163} INFO - Started process (PID=4313) to work on /home/airflow/.local/lib/python3.7/site-packages/airflow/example_dags/example_branch_day_of_week_operator.py
[2022-03-16 00:18:12,930] {processor.py:642} INFO - Processing file /home/airflow/.local/lib/python3.7/site-packages/airflow/example_dags/example_branch_day_of_week_operator.py for tasks to queue
[2022-03-16 00:18:12,931] {logging_mixin.py:109} INFO - [2022-03-16 00:18:12,930] {dagbag.py:500} INFO - Filling up the DagBag from /home/airflow/.local/lib/python3.7/site-packages/airflow/example_dags/example_branch_day_of_week_operator.py
[2022-03-16 00:18:12,961] {processor.py:654} INFO - DAG(s) dict_keys(['example_weekday_branch_operator']) retrieved from /home/airflow/.local/lib/python3.7/site-packages/airflow/example_dags/example_branch_day_of_week_operator.py
[2022-03-16 00:18:12,971] {logging_mixin.py:109} INFO - [2022-03-16 00:18:12,971] {dag.py:2398} INFO - Sync 1 DAGs
[2022-03-16 00:18:12,992] {logging_mixin.py:109} INFO - [2022-03-16 00:18:12,991] {dag.py:2937} INFO - Setting next_dagrun for example_weekday_branch_operator to 2022-03-15 00:00:00+00:00
[2022-03-16 00:18:13,845] {processor.py:171} INFO - Processing /home/airflow/.local/lib/python3.7/site-packages/airflow/example_dags/example_branch_day_of_week_operator.py took 0.926 seconds
[2022-03-16 00:18:43,956] {processor.py:163} INFO - Started process (PID=4386) to work on /home/airflow/.local/lib/python3.7/site-packages/airflow/example_dags/example_branch_day_of_week_operator.py
[2022-03-16 00:18:43,964] {processor.py:642} INFO - Processing file /home/airflow/.local/lib/python3.7/site-packages/airflow/example_dags/example_branch_day_of_week_operator.py for tasks to queue
[2022-03-16 00:18:43,964] {logging_mixin.py:109} INFO - [2022-03-16 00:18:43,964] {dagbag.py:500} INFO - Filling up the DagBag from /home/airflow/.local/lib/python3.7/site-packages/airflow/example_dags/example_branch_day_of_week_operator.py
[2022-03-16 00:18:43,993] {processor.py:654} INFO - DAG(s) dict_keys(['example_weekday_branch_operator']) retrieved from /home/airflow/.local/lib/python3.7/site-packages/airflow/example_dags/example_branch_day_of_week_operator.py
[2022-03-16 00:18:44,002] {logging_mixin.py:109} INFO - [2022-03-16 00:18:44,002] {dag.py:2398} INFO - Sync 1 DAGs
[2022-03-16 00:18:44,021] {logging_mixin.py:109} INFO - [2022-03-16 00:18:44,021] {dag.py:2937} INFO - Setting next_dagrun for example_weekday_branch_operator to 2022-03-15 00:00:00+00:00
[2022-03-16 00:18:44,070] {processor.py:171} INFO - Processing /home/airflow/.local/lib/python3.7/site-packages/airflow/example_dags/example_branch_day_of_week_operator.py took 0.117 seconds
[2022-03-16 00:19:15,058] {processor.py:163} INFO - Started process (PID=4444) to work on /home/airflow/.local/lib/python3.7/site-packages/airflow/example_dags/example_branch_day_of_week_operator.py
[2022-03-16 00:19:15,081] {processor.py:642} INFO - Processing file /home/airflow/.local/lib/python3.7/site-packages/airflow/example_dags/example_branch_day_of_week_operator.py for tasks to queue
[2022-03-16 00:19:15,082] {logging_mixin.py:109} INFO - [2022-03-16 00:19:15,082] {dagbag.py:500} INFO - Filling up the DagBag from /home/airflow/.local/lib/python3.7/site-packages/airflow/example_dags/example_branch_day_of_week_operator.py
[2022-03-16 00:19:15,100] {processor.py:654} INFO - DAG(s) dict_keys(['example_weekday_branch_operator']) retrieved from /home/airflow/.local/lib/python3.7/site-packages/airflow/example_dags/example_branch_day_of_week_operator.py
[2022-03-16 00:19:15,106] {logging_mixin.py:109} INFO - [2022-03-16 00:19:15,106] {dag.py:2398} INFO - Sync 1 DAGs
[2022-03-16 00:19:15,120] {logging_mixin.py:109} INFO - [2022-03-16 00:19:15,120] {dag.py:2937} INFO - Setting next_dagrun for example_weekday_branch_operator to 2022-03-15 00:00:00+00:00
[2022-03-16 00:19:15,187] {processor.py:171} INFO - Processing /home/airflow/.local/lib/python3.7/site-packages/airflow/example_dags/example_branch_day_of_week_operator.py took 0.135 seconds
[2022-03-16 00:19:46,210] {processor.py:163} INFO - Started process (PID=4494) to work on /home/airflow/.local/lib/python3.7/site-packages/airflow/example_dags/example_branch_day_of_week_operator.py
[2022-03-16 00:19:46,216] {processor.py:642} INFO - Processing file /home/airflow/.local/lib/python3.7/site-packages/airflow/example_dags/example_branch_day_of_week_operator.py for tasks to queue
[2022-03-16 00:19:46,217] {logging_mixin.py:109} INFO - [2022-03-16 00:19:46,217] {dagbag.py:500} INFO - Filling up the DagBag from /home/airflow/.local/lib/python3.7/site-packages/airflow/example_dags/example_branch_day_of_week_operator.py
[2022-03-16 00:19:46,243] {processor.py:654} INFO - DAG(s) dict_keys(['example_weekday_branch_operator']) retrieved from /home/airflow/.local/lib/python3.7/site-packages/airflow/example_dags/example_branch_day_of_week_operator.py
[2022-03-16 00:19:46,250] {logging_mixin.py:109} INFO - [2022-03-16 00:19:46,250] {dag.py:2398} INFO - Sync 1 DAGs
[2022-03-16 00:19:46,265] {logging_mixin.py:109} INFO - [2022-03-16 00:19:46,265] {dag.py:2937} INFO - Setting next_dagrun for example_weekday_branch_operator to 2022-03-15 00:00:00+00:00
[2022-03-16 00:19:46,311] {processor.py:171} INFO - Processing /home/airflow/.local/lib/python3.7/site-packages/airflow/example_dags/example_branch_day_of_week_operator.py took 0.104 seconds
[2022-03-16 00:20:17,219] {processor.py:163} INFO - Started process (PID=4560) to work on /home/airflow/.local/lib/python3.7/site-packages/airflow/example_dags/example_branch_day_of_week_operator.py
[2022-03-16 00:20:17,228] {processor.py:642} INFO - Processing file /home/airflow/.local/lib/python3.7/site-packages/airflow/example_dags/example_branch_day_of_week_operator.py for tasks to queue
[2022-03-16 00:20:17,228] {logging_mixin.py:109} INFO - [2022-03-16 00:20:17,228] {dagbag.py:500} INFO - Filling up the DagBag from /home/airflow/.local/lib/python3.7/site-packages/airflow/example_dags/example_branch_day_of_week_operator.py
[2022-03-16 00:20:17,250] {processor.py:654} INFO - DAG(s) dict_keys(['example_weekday_branch_operator']) retrieved from /home/airflow/.local/lib/python3.7/site-packages/airflow/example_dags/example_branch_day_of_week_operator.py
[2022-03-16 00:20:17,260] {logging_mixin.py:109} INFO - [2022-03-16 00:20:17,260] {dag.py:2398} INFO - Sync 1 DAGs
[2022-03-16 00:20:17,278] {logging_mixin.py:109} INFO - [2022-03-16 00:20:17,278] {dag.py:2937} INFO - Setting next_dagrun for example_weekday_branch_operator to 2022-03-15 00:00:00+00:00
[2022-03-16 00:20:17,321] {processor.py:171} INFO - Processing /home/airflow/.local/lib/python3.7/site-packages/airflow/example_dags/example_branch_day_of_week_operator.py took 0.104 seconds
[2022-03-16 00:20:49,084] {processor.py:163} INFO - Started process (PID=4625) to work on /home/airflow/.local/lib/python3.7/site-packages/airflow/example_dags/example_branch_day_of_week_operator.py
[2022-03-16 00:20:49,095] {processor.py:642} INFO - Processing file /home/airflow/.local/lib/python3.7/site-packages/airflow/example_dags/example_branch_day_of_week_operator.py for tasks to queue
[2022-03-16 00:20:49,095] {logging_mixin.py:109} INFO - [2022-03-16 00:20:49,095] {dagbag.py:500} INFO - Filling up the DagBag from /home/airflow/.local/lib/python3.7/site-packages/airflow/example_dags/example_branch_day_of_week_operator.py
[2022-03-16 00:20:49,124] {processor.py:654} INFO - DAG(s) dict_keys(['example_weekday_branch_operator']) retrieved from /home/airflow/.local/lib/python3.7/site-packages/airflow/example_dags/example_branch_day_of_week_operator.py
[2022-03-16 00:20:49,131] {logging_mixin.py:109} INFO - [2022-03-16 00:20:49,131] {dag.py:2398} INFO - Sync 1 DAGs
[2022-03-16 00:20:49,147] {logging_mixin.py:109} INFO - [2022-03-16 00:20:49,147] {dag.py:2937} INFO - Setting next_dagrun for example_weekday_branch_operator to 2022-03-15 00:00:00+00:00
[2022-03-16 00:20:49,211] {processor.py:171} INFO - Processing /home/airflow/.local/lib/python3.7/site-packages/airflow/example_dags/example_branch_day_of_week_operator.py took 0.129 seconds
[2022-03-16 00:21:19,528] {processor.py:163} INFO - Started process (PID=4690) to work on /home/airflow/.local/lib/python3.7/site-packages/airflow/example_dags/example_branch_day_of_week_operator.py
[2022-03-16 00:21:19,566] {processor.py:642} INFO - Processing file /home/airflow/.local/lib/python3.7/site-packages/airflow/example_dags/example_branch_day_of_week_operator.py for tasks to queue
[2022-03-16 00:21:19,567] {logging_mixin.py:109} INFO - [2022-03-16 00:21:19,566] {dagbag.py:500} INFO - Filling up the DagBag from /home/airflow/.local/lib/python3.7/site-packages/airflow/example_dags/example_branch_day_of_week_operator.py
[2022-03-16 00:21:19,598] {processor.py:654} INFO - DAG(s) dict_keys(['example_weekday_branch_operator']) retrieved from /home/airflow/.local/lib/python3.7/site-packages/airflow/example_dags/example_branch_day_of_week_operator.py
[2022-03-16 00:21:19,607] {logging_mixin.py:109} INFO - [2022-03-16 00:21:19,607] {dag.py:2398} INFO - Sync 1 DAGs
[2022-03-16 00:21:19,620] {logging_mixin.py:109} INFO - [2022-03-16 00:21:19,620] {dag.py:2937} INFO - Setting next_dagrun for example_weekday_branch_operator to 2022-03-15 00:00:00+00:00
[2022-03-16 00:21:19,664] {processor.py:171} INFO - Processing /home/airflow/.local/lib/python3.7/site-packages/airflow/example_dags/example_branch_day_of_week_operator.py took 0.138 seconds
