[2022-03-16 00:00:21,076] {processor.py:163} INFO - Started process (PID=2220) to work on /home/airflow/.local/lib/python3.7/site-packages/airflow/example_dags/example_external_task_marker_dag.py
[2022-03-16 00:00:21,077] {processor.py:642} INFO - Processing file /home/airflow/.local/lib/python3.7/site-packages/airflow/example_dags/example_external_task_marker_dag.py for tasks to queue
[2022-03-16 00:00:21,078] {logging_mixin.py:109} INFO - [2022-03-16 00:00:21,078] {dagbag.py:500} INFO - Filling up the DagBag from /home/airflow/.local/lib/python3.7/site-packages/airflow/example_dags/example_external_task_marker_dag.py
[2022-03-16 00:00:21,107] {processor.py:654} INFO - DAG(s) dict_keys(['example_external_task_marker_parent', 'example_external_task_marker_child']) retrieved from /home/airflow/.local/lib/python3.7/site-packages/airflow/example_dags/example_external_task_marker_dag.py
[2022-03-16 00:00:21,122] {logging_mixin.py:109} INFO - [2022-03-16 00:00:21,122] {dag.py:2398} INFO - Sync 2 DAGs
[2022-03-16 00:00:21,141] {logging_mixin.py:109} INFO - [2022-03-16 00:00:21,140] {dag.py:2937} INFO - Setting next_dagrun for example_external_task_marker_child to None
[2022-03-16 00:00:21,141] {logging_mixin.py:109} INFO - [2022-03-16 00:00:21,141] {dag.py:2937} INFO - Setting next_dagrun for example_external_task_marker_parent to None
[2022-03-16 00:00:21,711] {processor.py:171} INFO - Processing /home/airflow/.local/lib/python3.7/site-packages/airflow/example_dags/example_external_task_marker_dag.py took 0.637 seconds
[2022-03-16 00:00:55,181] {processor.py:163} INFO - Started process (PID=2294) to work on /home/airflow/.local/lib/python3.7/site-packages/airflow/example_dags/example_external_task_marker_dag.py
[2022-03-16 00:00:55,182] {processor.py:642} INFO - Processing file /home/airflow/.local/lib/python3.7/site-packages/airflow/example_dags/example_external_task_marker_dag.py for tasks to queue
[2022-03-16 00:00:55,183] {logging_mixin.py:109} INFO - [2022-03-16 00:00:55,183] {dagbag.py:500} INFO - Filling up the DagBag from /home/airflow/.local/lib/python3.7/site-packages/airflow/example_dags/example_external_task_marker_dag.py
[2022-03-16 00:00:55,209] {processor.py:654} INFO - DAG(s) dict_keys(['example_external_task_marker_parent', 'example_external_task_marker_child']) retrieved from /home/airflow/.local/lib/python3.7/site-packages/airflow/example_dags/example_external_task_marker_dag.py
[2022-03-16 00:00:55,222] {logging_mixin.py:109} INFO - [2022-03-16 00:00:55,222] {dag.py:2398} INFO - Sync 2 DAGs
[2022-03-16 00:00:55,239] {logging_mixin.py:109} INFO - [2022-03-16 00:00:55,239] {dag.py:2937} INFO - Setting next_dagrun for example_external_task_marker_child to None
[2022-03-16 00:00:55,239] {logging_mixin.py:109} INFO - [2022-03-16 00:00:55,239] {dag.py:2937} INFO - Setting next_dagrun for example_external_task_marker_parent to None
[2022-03-16 00:00:55,916] {processor.py:171} INFO - Processing /home/airflow/.local/lib/python3.7/site-packages/airflow/example_dags/example_external_task_marker_dag.py took 0.737 seconds
[2022-03-16 00:01:26,101] {processor.py:163} INFO - Started process (PID=2345) to work on /home/airflow/.local/lib/python3.7/site-packages/airflow/example_dags/example_external_task_marker_dag.py
[2022-03-16 00:01:26,102] {processor.py:642} INFO - Processing file /home/airflow/.local/lib/python3.7/site-packages/airflow/example_dags/example_external_task_marker_dag.py for tasks to queue
[2022-03-16 00:01:26,102] {logging_mixin.py:109} INFO - [2022-03-16 00:01:26,102] {dagbag.py:500} INFO - Filling up the DagBag from /home/airflow/.local/lib/python3.7/site-packages/airflow/example_dags/example_external_task_marker_dag.py
[2022-03-16 00:01:26,120] {processor.py:654} INFO - DAG(s) dict_keys(['example_external_task_marker_parent', 'example_external_task_marker_child']) retrieved from /home/airflow/.local/lib/python3.7/site-packages/airflow/example_dags/example_external_task_marker_dag.py
[2022-03-16 00:01:26,129] {logging_mixin.py:109} INFO - [2022-03-16 00:01:26,129] {dag.py:2398} INFO - Sync 2 DAGs
[2022-03-16 00:01:26,140] {logging_mixin.py:109} INFO - [2022-03-16 00:01:26,140] {dag.py:2937} INFO - Setting next_dagrun for example_external_task_marker_child to None
[2022-03-16 00:01:26,141] {logging_mixin.py:109} INFO - [2022-03-16 00:01:26,141] {dag.py:2937} INFO - Setting next_dagrun for example_external_task_marker_parent to None
[2022-03-16 00:01:27,494] {processor.py:171} INFO - Processing /home/airflow/.local/lib/python3.7/site-packages/airflow/example_dags/example_external_task_marker_dag.py took 1.395 seconds
[2022-03-16 00:01:58,306] {processor.py:163} INFO - Started process (PID=2405) to work on /home/airflow/.local/lib/python3.7/site-packages/airflow/example_dags/example_external_task_marker_dag.py
[2022-03-16 00:01:58,327] {processor.py:642} INFO - Processing file /home/airflow/.local/lib/python3.7/site-packages/airflow/example_dags/example_external_task_marker_dag.py for tasks to queue
[2022-03-16 00:01:58,327] {logging_mixin.py:109} INFO - [2022-03-16 00:01:58,327] {dagbag.py:500} INFO - Filling up the DagBag from /home/airflow/.local/lib/python3.7/site-packages/airflow/example_dags/example_external_task_marker_dag.py
[2022-03-16 00:01:58,345] {processor.py:654} INFO - DAG(s) dict_keys(['example_external_task_marker_parent', 'example_external_task_marker_child']) retrieved from /home/airflow/.local/lib/python3.7/site-packages/airflow/example_dags/example_external_task_marker_dag.py
[2022-03-16 00:01:58,354] {logging_mixin.py:109} INFO - [2022-03-16 00:01:58,354] {dag.py:2398} INFO - Sync 2 DAGs
[2022-03-16 00:01:58,366] {logging_mixin.py:109} INFO - [2022-03-16 00:01:58,366] {dag.py:2937} INFO - Setting next_dagrun for example_external_task_marker_child to None
[2022-03-16 00:01:58,366] {logging_mixin.py:109} INFO - [2022-03-16 00:01:58,366] {dag.py:2937} INFO - Setting next_dagrun for example_external_task_marker_parent to None
[2022-03-16 00:01:58,905] {processor.py:171} INFO - Processing /home/airflow/.local/lib/python3.7/site-packages/airflow/example_dags/example_external_task_marker_dag.py took 0.601 seconds
[2022-03-16 00:02:29,102] {processor.py:163} INFO - Started process (PID=2467) to work on /home/airflow/.local/lib/python3.7/site-packages/airflow/example_dags/example_external_task_marker_dag.py
[2022-03-16 00:02:29,138] {processor.py:642} INFO - Processing file /home/airflow/.local/lib/python3.7/site-packages/airflow/example_dags/example_external_task_marker_dag.py for tasks to queue
[2022-03-16 00:02:29,139] {logging_mixin.py:109} INFO - [2022-03-16 00:02:29,139] {dagbag.py:500} INFO - Filling up the DagBag from /home/airflow/.local/lib/python3.7/site-packages/airflow/example_dags/example_external_task_marker_dag.py
[2022-03-16 00:02:29,159] {processor.py:654} INFO - DAG(s) dict_keys(['example_external_task_marker_parent', 'example_external_task_marker_child']) retrieved from /home/airflow/.local/lib/python3.7/site-packages/airflow/example_dags/example_external_task_marker_dag.py
[2022-03-16 00:02:29,168] {logging_mixin.py:109} INFO - [2022-03-16 00:02:29,168] {dag.py:2398} INFO - Sync 2 DAGs
[2022-03-16 00:02:29,179] {logging_mixin.py:109} INFO - [2022-03-16 00:02:29,179] {dag.py:2937} INFO - Setting next_dagrun for example_external_task_marker_child to None
[2022-03-16 00:02:29,179] {logging_mixin.py:109} INFO - [2022-03-16 00:02:29,179] {dag.py:2937} INFO - Setting next_dagrun for example_external_task_marker_parent to None
[2022-03-16 00:02:29,757] {processor.py:171} INFO - Processing /home/airflow/.local/lib/python3.7/site-packages/airflow/example_dags/example_external_task_marker_dag.py took 0.657 seconds
[2022-03-16 00:02:59,859] {processor.py:163} INFO - Started process (PID=2540) to work on /home/airflow/.local/lib/python3.7/site-packages/airflow/example_dags/example_external_task_marker_dag.py
[2022-03-16 00:02:59,906] {processor.py:642} INFO - Processing file /home/airflow/.local/lib/python3.7/site-packages/airflow/example_dags/example_external_task_marker_dag.py for tasks to queue
[2022-03-16 00:02:59,906] {logging_mixin.py:109} INFO - [2022-03-16 00:02:59,906] {dagbag.py:500} INFO - Filling up the DagBag from /home/airflow/.local/lib/python3.7/site-packages/airflow/example_dags/example_external_task_marker_dag.py
[2022-03-16 00:02:59,925] {processor.py:654} INFO - DAG(s) dict_keys(['example_external_task_marker_parent', 'example_external_task_marker_child']) retrieved from /home/airflow/.local/lib/python3.7/site-packages/airflow/example_dags/example_external_task_marker_dag.py
[2022-03-16 00:02:59,934] {logging_mixin.py:109} INFO - [2022-03-16 00:02:59,934] {dag.py:2398} INFO - Sync 2 DAGs
[2022-03-16 00:02:59,946] {logging_mixin.py:109} INFO - [2022-03-16 00:02:59,946] {dag.py:2937} INFO - Setting next_dagrun for example_external_task_marker_child to None
[2022-03-16 00:02:59,946] {logging_mixin.py:109} INFO - [2022-03-16 00:02:59,946] {dag.py:2937} INFO - Setting next_dagrun for example_external_task_marker_parent to None
[2022-03-16 00:03:00,296] {processor.py:171} INFO - Processing /home/airflow/.local/lib/python3.7/site-packages/airflow/example_dags/example_external_task_marker_dag.py took 0.439 seconds
[2022-03-16 00:03:30,766] {processor.py:163} INFO - Started process (PID=2590) to work on /home/airflow/.local/lib/python3.7/site-packages/airflow/example_dags/example_external_task_marker_dag.py
[2022-03-16 00:03:30,796] {processor.py:642} INFO - Processing file /home/airflow/.local/lib/python3.7/site-packages/airflow/example_dags/example_external_task_marker_dag.py for tasks to queue
[2022-03-16 00:03:30,797] {logging_mixin.py:109} INFO - [2022-03-16 00:03:30,797] {dagbag.py:500} INFO - Filling up the DagBag from /home/airflow/.local/lib/python3.7/site-packages/airflow/example_dags/example_external_task_marker_dag.py
[2022-03-16 00:03:30,818] {processor.py:654} INFO - DAG(s) dict_keys(['example_external_task_marker_parent', 'example_external_task_marker_child']) retrieved from /home/airflow/.local/lib/python3.7/site-packages/airflow/example_dags/example_external_task_marker_dag.py
[2022-03-16 00:03:30,829] {logging_mixin.py:109} INFO - [2022-03-16 00:03:30,828] {dag.py:2398} INFO - Sync 2 DAGs
[2022-03-16 00:03:30,841] {logging_mixin.py:109} INFO - [2022-03-16 00:03:30,841] {dag.py:2937} INFO - Setting next_dagrun for example_external_task_marker_child to None
[2022-03-16 00:03:30,841] {logging_mixin.py:109} INFO - [2022-03-16 00:03:30,841] {dag.py:2937} INFO - Setting next_dagrun for example_external_task_marker_parent to None
[2022-03-16 00:03:31,483] {processor.py:171} INFO - Processing /home/airflow/.local/lib/python3.7/site-packages/airflow/example_dags/example_external_task_marker_dag.py took 0.719 seconds
[2022-03-16 00:04:02,360] {processor.py:163} INFO - Started process (PID=2649) to work on /home/airflow/.local/lib/python3.7/site-packages/airflow/example_dags/example_external_task_marker_dag.py
[2022-03-16 00:04:02,372] {processor.py:642} INFO - Processing file /home/airflow/.local/lib/python3.7/site-packages/airflow/example_dags/example_external_task_marker_dag.py for tasks to queue
[2022-03-16 00:04:02,372] {logging_mixin.py:109} INFO - [2022-03-16 00:04:02,372] {dagbag.py:500} INFO - Filling up the DagBag from /home/airflow/.local/lib/python3.7/site-packages/airflow/example_dags/example_external_task_marker_dag.py
[2022-03-16 00:04:02,394] {processor.py:654} INFO - DAG(s) dict_keys(['example_external_task_marker_parent', 'example_external_task_marker_child']) retrieved from /home/airflow/.local/lib/python3.7/site-packages/airflow/example_dags/example_external_task_marker_dag.py
[2022-03-16 00:04:02,408] {logging_mixin.py:109} INFO - [2022-03-16 00:04:02,408] {dag.py:2398} INFO - Sync 2 DAGs
[2022-03-16 00:04:02,429] {logging_mixin.py:109} INFO - [2022-03-16 00:04:02,429] {dag.py:2937} INFO - Setting next_dagrun for example_external_task_marker_child to None
[2022-03-16 00:04:02,429] {logging_mixin.py:109} INFO - [2022-03-16 00:04:02,429] {dag.py:2937} INFO - Setting next_dagrun for example_external_task_marker_parent to None
[2022-03-16 00:04:02,661] {processor.py:171} INFO - Processing /home/airflow/.local/lib/python3.7/site-packages/airflow/example_dags/example_external_task_marker_dag.py took 0.303 seconds
[2022-03-16 00:04:32,730] {processor.py:163} INFO - Started process (PID=2713) to work on /home/airflow/.local/lib/python3.7/site-packages/airflow/example_dags/example_external_task_marker_dag.py
[2022-03-16 00:04:32,757] {processor.py:642} INFO - Processing file /home/airflow/.local/lib/python3.7/site-packages/airflow/example_dags/example_external_task_marker_dag.py for tasks to queue
[2022-03-16 00:04:32,758] {logging_mixin.py:109} INFO - [2022-03-16 00:04:32,757] {dagbag.py:500} INFO - Filling up the DagBag from /home/airflow/.local/lib/python3.7/site-packages/airflow/example_dags/example_external_task_marker_dag.py
[2022-03-16 00:04:32,791] {processor.py:654} INFO - DAG(s) dict_keys(['example_external_task_marker_parent', 'example_external_task_marker_child']) retrieved from /home/airflow/.local/lib/python3.7/site-packages/airflow/example_dags/example_external_task_marker_dag.py
[2022-03-16 00:04:32,802] {logging_mixin.py:109} INFO - [2022-03-16 00:04:32,802] {dag.py:2398} INFO - Sync 2 DAGs
[2022-03-16 00:04:32,814] {logging_mixin.py:109} INFO - [2022-03-16 00:04:32,814] {dag.py:2937} INFO - Setting next_dagrun for example_external_task_marker_child to None
[2022-03-16 00:04:32,814] {logging_mixin.py:109} INFO - [2022-03-16 00:04:32,814] {dag.py:2937} INFO - Setting next_dagrun for example_external_task_marker_parent to None
[2022-03-16 00:04:32,892] {processor.py:171} INFO - Processing /home/airflow/.local/lib/python3.7/site-packages/airflow/example_dags/example_external_task_marker_dag.py took 0.164 seconds
[2022-03-16 00:05:03,006] {processor.py:163} INFO - Started process (PID=2775) to work on /home/airflow/.local/lib/python3.7/site-packages/airflow/example_dags/example_external_task_marker_dag.py
[2022-03-16 00:05:03,015] {processor.py:642} INFO - Processing file /home/airflow/.local/lib/python3.7/site-packages/airflow/example_dags/example_external_task_marker_dag.py for tasks to queue
[2022-03-16 00:05:03,015] {logging_mixin.py:109} INFO - [2022-03-16 00:05:03,015] {dagbag.py:500} INFO - Filling up the DagBag from /home/airflow/.local/lib/python3.7/site-packages/airflow/example_dags/example_external_task_marker_dag.py
[2022-03-16 00:05:03,035] {processor.py:654} INFO - DAG(s) dict_keys(['example_external_task_marker_parent', 'example_external_task_marker_child']) retrieved from /home/airflow/.local/lib/python3.7/site-packages/airflow/example_dags/example_external_task_marker_dag.py
[2022-03-16 00:05:03,044] {logging_mixin.py:109} INFO - [2022-03-16 00:05:03,044] {dag.py:2398} INFO - Sync 2 DAGs
[2022-03-16 00:05:03,055] {logging_mixin.py:109} INFO - [2022-03-16 00:05:03,055] {dag.py:2937} INFO - Setting next_dagrun for example_external_task_marker_child to None
[2022-03-16 00:05:03,055] {logging_mixin.py:109} INFO - [2022-03-16 00:05:03,055] {dag.py:2937} INFO - Setting next_dagrun for example_external_task_marker_parent to None
[2022-03-16 00:05:03,099] {processor.py:171} INFO - Processing /home/airflow/.local/lib/python3.7/site-packages/airflow/example_dags/example_external_task_marker_dag.py took 0.096 seconds
[2022-03-16 00:05:33,153] {processor.py:163} INFO - Started process (PID=2834) to work on /home/airflow/.local/lib/python3.7/site-packages/airflow/example_dags/example_external_task_marker_dag.py
[2022-03-16 00:05:33,166] {processor.py:642} INFO - Processing file /home/airflow/.local/lib/python3.7/site-packages/airflow/example_dags/example_external_task_marker_dag.py for tasks to queue
[2022-03-16 00:05:33,166] {logging_mixin.py:109} INFO - [2022-03-16 00:05:33,166] {dagbag.py:500} INFO - Filling up the DagBag from /home/airflow/.local/lib/python3.7/site-packages/airflow/example_dags/example_external_task_marker_dag.py
[2022-03-16 00:05:33,185] {processor.py:654} INFO - DAG(s) dict_keys(['example_external_task_marker_parent', 'example_external_task_marker_child']) retrieved from /home/airflow/.local/lib/python3.7/site-packages/airflow/example_dags/example_external_task_marker_dag.py
[2022-03-16 00:05:33,194] {logging_mixin.py:109} INFO - [2022-03-16 00:05:33,194] {dag.py:2398} INFO - Sync 2 DAGs
[2022-03-16 00:05:33,205] {logging_mixin.py:109} INFO - [2022-03-16 00:05:33,205] {dag.py:2937} INFO - Setting next_dagrun for example_external_task_marker_child to None
[2022-03-16 00:05:33,205] {logging_mixin.py:109} INFO - [2022-03-16 00:05:33,205] {dag.py:2937} INFO - Setting next_dagrun for example_external_task_marker_parent to None
[2022-03-16 00:05:34,243] {processor.py:171} INFO - Processing /home/airflow/.local/lib/python3.7/site-packages/airflow/example_dags/example_external_task_marker_dag.py took 1.092 seconds
[2022-03-16 00:06:04,625] {processor.py:163} INFO - Started process (PID=2886) to work on /home/airflow/.local/lib/python3.7/site-packages/airflow/example_dags/example_external_task_marker_dag.py
[2022-03-16 00:06:04,647] {processor.py:642} INFO - Processing file /home/airflow/.local/lib/python3.7/site-packages/airflow/example_dags/example_external_task_marker_dag.py for tasks to queue
[2022-03-16 00:06:04,648] {logging_mixin.py:109} INFO - [2022-03-16 00:06:04,648] {dagbag.py:500} INFO - Filling up the DagBag from /home/airflow/.local/lib/python3.7/site-packages/airflow/example_dags/example_external_task_marker_dag.py
[2022-03-16 00:06:04,693] {processor.py:654} INFO - DAG(s) dict_keys(['example_external_task_marker_parent', 'example_external_task_marker_child']) retrieved from /home/airflow/.local/lib/python3.7/site-packages/airflow/example_dags/example_external_task_marker_dag.py
[2022-03-16 00:06:04,703] {logging_mixin.py:109} INFO - [2022-03-16 00:06:04,703] {dag.py:2398} INFO - Sync 2 DAGs
[2022-03-16 00:06:04,714] {logging_mixin.py:109} INFO - [2022-03-16 00:06:04,714] {dag.py:2937} INFO - Setting next_dagrun for example_external_task_marker_child to None
[2022-03-16 00:06:04,714] {logging_mixin.py:109} INFO - [2022-03-16 00:06:04,714] {dag.py:2937} INFO - Setting next_dagrun for example_external_task_marker_parent to None
[2022-03-16 00:06:04,770] {processor.py:171} INFO - Processing /home/airflow/.local/lib/python3.7/site-packages/airflow/example_dags/example_external_task_marker_dag.py took 0.152 seconds
[2022-03-16 00:06:35,123] {processor.py:163} INFO - Started process (PID=2960) to work on /home/airflow/.local/lib/python3.7/site-packages/airflow/example_dags/example_external_task_marker_dag.py
[2022-03-16 00:06:35,179] {processor.py:642} INFO - Processing file /home/airflow/.local/lib/python3.7/site-packages/airflow/example_dags/example_external_task_marker_dag.py for tasks to queue
[2022-03-16 00:06:35,181] {logging_mixin.py:109} INFO - [2022-03-16 00:06:35,181] {dagbag.py:500} INFO - Filling up the DagBag from /home/airflow/.local/lib/python3.7/site-packages/airflow/example_dags/example_external_task_marker_dag.py
[2022-03-16 00:06:35,201] {processor.py:654} INFO - DAG(s) dict_keys(['example_external_task_marker_parent', 'example_external_task_marker_child']) retrieved from /home/airflow/.local/lib/python3.7/site-packages/airflow/example_dags/example_external_task_marker_dag.py
[2022-03-16 00:06:35,210] {logging_mixin.py:109} INFO - [2022-03-16 00:06:35,210] {dag.py:2398} INFO - Sync 2 DAGs
[2022-03-16 00:06:35,221] {logging_mixin.py:109} INFO - [2022-03-16 00:06:35,221] {dag.py:2937} INFO - Setting next_dagrun for example_external_task_marker_child to None
[2022-03-16 00:06:35,221] {logging_mixin.py:109} INFO - [2022-03-16 00:06:35,221] {dag.py:2937} INFO - Setting next_dagrun for example_external_task_marker_parent to None
[2022-03-16 00:06:35,329] {processor.py:171} INFO - Processing /home/airflow/.local/lib/python3.7/site-packages/airflow/example_dags/example_external_task_marker_dag.py took 0.208 seconds
[2022-03-16 00:07:05,386] {processor.py:163} INFO - Started process (PID=3020) to work on /home/airflow/.local/lib/python3.7/site-packages/airflow/example_dags/example_external_task_marker_dag.py
[2022-03-16 00:07:05,403] {processor.py:642} INFO - Processing file /home/airflow/.local/lib/python3.7/site-packages/airflow/example_dags/example_external_task_marker_dag.py for tasks to queue
[2022-03-16 00:07:05,404] {logging_mixin.py:109} INFO - [2022-03-16 00:07:05,404] {dagbag.py:500} INFO - Filling up the DagBag from /home/airflow/.local/lib/python3.7/site-packages/airflow/example_dags/example_external_task_marker_dag.py
[2022-03-16 00:07:05,426] {processor.py:654} INFO - DAG(s) dict_keys(['example_external_task_marker_parent', 'example_external_task_marker_child']) retrieved from /home/airflow/.local/lib/python3.7/site-packages/airflow/example_dags/example_external_task_marker_dag.py
[2022-03-16 00:07:05,437] {logging_mixin.py:109} INFO - [2022-03-16 00:07:05,437] {dag.py:2398} INFO - Sync 2 DAGs
[2022-03-16 00:07:05,450] {logging_mixin.py:109} INFO - [2022-03-16 00:07:05,450] {dag.py:2937} INFO - Setting next_dagrun for example_external_task_marker_child to None
[2022-03-16 00:07:05,450] {logging_mixin.py:109} INFO - [2022-03-16 00:07:05,450] {dag.py:2937} INFO - Setting next_dagrun for example_external_task_marker_parent to None
[2022-03-16 00:07:05,753] {processor.py:171} INFO - Processing /home/airflow/.local/lib/python3.7/site-packages/airflow/example_dags/example_external_task_marker_dag.py took 0.369 seconds
[2022-03-16 00:07:36,350] {processor.py:163} INFO - Started process (PID=3078) to work on /home/airflow/.local/lib/python3.7/site-packages/airflow/example_dags/example_external_task_marker_dag.py
[2022-03-16 00:07:36,361] {processor.py:642} INFO - Processing file /home/airflow/.local/lib/python3.7/site-packages/airflow/example_dags/example_external_task_marker_dag.py for tasks to queue
[2022-03-16 00:07:36,361] {logging_mixin.py:109} INFO - [2022-03-16 00:07:36,361] {dagbag.py:500} INFO - Filling up the DagBag from /home/airflow/.local/lib/python3.7/site-packages/airflow/example_dags/example_external_task_marker_dag.py
[2022-03-16 00:07:36,382] {processor.py:654} INFO - DAG(s) dict_keys(['example_external_task_marker_parent', 'example_external_task_marker_child']) retrieved from /home/airflow/.local/lib/python3.7/site-packages/airflow/example_dags/example_external_task_marker_dag.py
[2022-03-16 00:07:36,391] {logging_mixin.py:109} INFO - [2022-03-16 00:07:36,391] {dag.py:2398} INFO - Sync 2 DAGs
[2022-03-16 00:07:36,406] {logging_mixin.py:109} INFO - [2022-03-16 00:07:36,406] {dag.py:2937} INFO - Setting next_dagrun for example_external_task_marker_child to None
[2022-03-16 00:07:36,406] {logging_mixin.py:109} INFO - [2022-03-16 00:07:36,406] {dag.py:2937} INFO - Setting next_dagrun for example_external_task_marker_parent to None
[2022-03-16 00:07:36,741] {processor.py:171} INFO - Processing /home/airflow/.local/lib/python3.7/site-packages/airflow/example_dags/example_external_task_marker_dag.py took 0.393 seconds
[2022-03-16 00:08:07,457] {processor.py:163} INFO - Started process (PID=3131) to work on /home/airflow/.local/lib/python3.7/site-packages/airflow/example_dags/example_external_task_marker_dag.py
[2022-03-16 00:08:07,457] {processor.py:642} INFO - Processing file /home/airflow/.local/lib/python3.7/site-packages/airflow/example_dags/example_external_task_marker_dag.py for tasks to queue
[2022-03-16 00:08:07,458] {logging_mixin.py:109} INFO - [2022-03-16 00:08:07,458] {dagbag.py:500} INFO - Filling up the DagBag from /home/airflow/.local/lib/python3.7/site-packages/airflow/example_dags/example_external_task_marker_dag.py
[2022-03-16 00:08:07,479] {processor.py:654} INFO - DAG(s) dict_keys(['example_external_task_marker_parent', 'example_external_task_marker_child']) retrieved from /home/airflow/.local/lib/python3.7/site-packages/airflow/example_dags/example_external_task_marker_dag.py
[2022-03-16 00:08:07,489] {logging_mixin.py:109} INFO - [2022-03-16 00:08:07,489] {dag.py:2398} INFO - Sync 2 DAGs
[2022-03-16 00:08:07,502] {logging_mixin.py:109} INFO - [2022-03-16 00:08:07,502] {dag.py:2937} INFO - Setting next_dagrun for example_external_task_marker_child to None
[2022-03-16 00:08:07,502] {logging_mixin.py:109} INFO - [2022-03-16 00:08:07,502] {dag.py:2937} INFO - Setting next_dagrun for example_external_task_marker_parent to None
[2022-03-16 00:08:07,569] {processor.py:171} INFO - Processing /home/airflow/.local/lib/python3.7/site-packages/airflow/example_dags/example_external_task_marker_dag.py took 0.115 seconds
[2022-03-16 00:08:37,645] {processor.py:163} INFO - Started process (PID=3202) to work on /home/airflow/.local/lib/python3.7/site-packages/airflow/example_dags/example_external_task_marker_dag.py
[2022-03-16 00:08:37,645] {processor.py:642} INFO - Processing file /home/airflow/.local/lib/python3.7/site-packages/airflow/example_dags/example_external_task_marker_dag.py for tasks to queue
[2022-03-16 00:08:37,646] {logging_mixin.py:109} INFO - [2022-03-16 00:08:37,646] {dagbag.py:500} INFO - Filling up the DagBag from /home/airflow/.local/lib/python3.7/site-packages/airflow/example_dags/example_external_task_marker_dag.py
[2022-03-16 00:08:37,669] {processor.py:654} INFO - DAG(s) dict_keys(['example_external_task_marker_parent', 'example_external_task_marker_child']) retrieved from /home/airflow/.local/lib/python3.7/site-packages/airflow/example_dags/example_external_task_marker_dag.py
[2022-03-16 00:08:37,679] {logging_mixin.py:109} INFO - [2022-03-16 00:08:37,679] {dag.py:2398} INFO - Sync 2 DAGs
[2022-03-16 00:08:37,692] {logging_mixin.py:109} INFO - [2022-03-16 00:08:37,692] {dag.py:2937} INFO - Setting next_dagrun for example_external_task_marker_child to None
[2022-03-16 00:08:37,692] {logging_mixin.py:109} INFO - [2022-03-16 00:08:37,692] {dag.py:2937} INFO - Setting next_dagrun for example_external_task_marker_parent to None
[2022-03-16 00:08:37,737] {processor.py:171} INFO - Processing /home/airflow/.local/lib/python3.7/site-packages/airflow/example_dags/example_external_task_marker_dag.py took 0.095 seconds
[2022-03-16 00:09:08,711] {processor.py:163} INFO - Started process (PID=3264) to work on /home/airflow/.local/lib/python3.7/site-packages/airflow/example_dags/example_external_task_marker_dag.py
[2022-03-16 00:09:08,712] {processor.py:642} INFO - Processing file /home/airflow/.local/lib/python3.7/site-packages/airflow/example_dags/example_external_task_marker_dag.py for tasks to queue
[2022-03-16 00:09:08,712] {logging_mixin.py:109} INFO - [2022-03-16 00:09:08,712] {dagbag.py:500} INFO - Filling up the DagBag from /home/airflow/.local/lib/python3.7/site-packages/airflow/example_dags/example_external_task_marker_dag.py
[2022-03-16 00:09:08,732] {processor.py:654} INFO - DAG(s) dict_keys(['example_external_task_marker_parent', 'example_external_task_marker_child']) retrieved from /home/airflow/.local/lib/python3.7/site-packages/airflow/example_dags/example_external_task_marker_dag.py
[2022-03-16 00:09:08,744] {logging_mixin.py:109} INFO - [2022-03-16 00:09:08,744] {dag.py:2398} INFO - Sync 2 DAGs
[2022-03-16 00:09:08,756] {logging_mixin.py:109} INFO - [2022-03-16 00:09:08,756] {dag.py:2937} INFO - Setting next_dagrun for example_external_task_marker_child to None
[2022-03-16 00:09:08,756] {logging_mixin.py:109} INFO - [2022-03-16 00:09:08,756] {dag.py:2937} INFO - Setting next_dagrun for example_external_task_marker_parent to None
[2022-03-16 00:09:08,801] {processor.py:171} INFO - Processing /home/airflow/.local/lib/python3.7/site-packages/airflow/example_dags/example_external_task_marker_dag.py took 0.092 seconds
[2022-03-16 00:09:39,164] {processor.py:163} INFO - Started process (PID=3314) to work on /home/airflow/.local/lib/python3.7/site-packages/airflow/example_dags/example_external_task_marker_dag.py
[2022-03-16 00:09:39,165] {processor.py:642} INFO - Processing file /home/airflow/.local/lib/python3.7/site-packages/airflow/example_dags/example_external_task_marker_dag.py for tasks to queue
[2022-03-16 00:09:39,165] {logging_mixin.py:109} INFO - [2022-03-16 00:09:39,165] {dagbag.py:500} INFO - Filling up the DagBag from /home/airflow/.local/lib/python3.7/site-packages/airflow/example_dags/example_external_task_marker_dag.py
[2022-03-16 00:09:39,183] {processor.py:654} INFO - DAG(s) dict_keys(['example_external_task_marker_parent', 'example_external_task_marker_child']) retrieved from /home/airflow/.local/lib/python3.7/site-packages/airflow/example_dags/example_external_task_marker_dag.py
[2022-03-16 00:09:39,192] {logging_mixin.py:109} INFO - [2022-03-16 00:09:39,192] {dag.py:2398} INFO - Sync 2 DAGs
[2022-03-16 00:09:39,203] {logging_mixin.py:109} INFO - [2022-03-16 00:09:39,203] {dag.py:2937} INFO - Setting next_dagrun for example_external_task_marker_child to None
[2022-03-16 00:09:39,204] {logging_mixin.py:109} INFO - [2022-03-16 00:09:39,204] {dag.py:2937} INFO - Setting next_dagrun for example_external_task_marker_parent to None
[2022-03-16 00:09:39,244] {processor.py:171} INFO - Processing /home/airflow/.local/lib/python3.7/site-packages/airflow/example_dags/example_external_task_marker_dag.py took 0.082 seconds
[2022-03-16 00:10:10,969] {processor.py:163} INFO - Started process (PID=3377) to work on /home/airflow/.local/lib/python3.7/site-packages/airflow/example_dags/example_external_task_marker_dag.py
[2022-03-16 00:10:10,975] {processor.py:642} INFO - Processing file /home/airflow/.local/lib/python3.7/site-packages/airflow/example_dags/example_external_task_marker_dag.py for tasks to queue
[2022-03-16 00:10:10,976] {logging_mixin.py:109} INFO - [2022-03-16 00:10:10,976] {dagbag.py:500} INFO - Filling up the DagBag from /home/airflow/.local/lib/python3.7/site-packages/airflow/example_dags/example_external_task_marker_dag.py
[2022-03-16 00:10:10,995] {processor.py:654} INFO - DAG(s) dict_keys(['example_external_task_marker_parent', 'example_external_task_marker_child']) retrieved from /home/airflow/.local/lib/python3.7/site-packages/airflow/example_dags/example_external_task_marker_dag.py
[2022-03-16 00:10:11,005] {logging_mixin.py:109} INFO - [2022-03-16 00:10:11,005] {dag.py:2398} INFO - Sync 2 DAGs
[2022-03-16 00:10:11,016] {logging_mixin.py:109} INFO - [2022-03-16 00:10:11,016] {dag.py:2937} INFO - Setting next_dagrun for example_external_task_marker_child to None
[2022-03-16 00:10:11,016] {logging_mixin.py:109} INFO - [2022-03-16 00:10:11,016] {dag.py:2937} INFO - Setting next_dagrun for example_external_task_marker_parent to None
[2022-03-16 00:10:11,065] {processor.py:171} INFO - Processing /home/airflow/.local/lib/python3.7/site-packages/airflow/example_dags/example_external_task_marker_dag.py took 0.099 seconds
[2022-03-16 00:10:41,920] {processor.py:163} INFO - Started process (PID=3440) to work on /home/airflow/.local/lib/python3.7/site-packages/airflow/example_dags/example_external_task_marker_dag.py
[2022-03-16 00:10:42,011] {processor.py:642} INFO - Processing file /home/airflow/.local/lib/python3.7/site-packages/airflow/example_dags/example_external_task_marker_dag.py for tasks to queue
[2022-03-16 00:10:42,012] {logging_mixin.py:109} INFO - [2022-03-16 00:10:42,012] {dagbag.py:500} INFO - Filling up the DagBag from /home/airflow/.local/lib/python3.7/site-packages/airflow/example_dags/example_external_task_marker_dag.py
[2022-03-16 00:10:42,033] {processor.py:654} INFO - DAG(s) dict_keys(['example_external_task_marker_parent', 'example_external_task_marker_child']) retrieved from /home/airflow/.local/lib/python3.7/site-packages/airflow/example_dags/example_external_task_marker_dag.py
[2022-03-16 00:10:42,044] {logging_mixin.py:109} INFO - [2022-03-16 00:10:42,044] {dag.py:2398} INFO - Sync 2 DAGs
[2022-03-16 00:10:42,055] {logging_mixin.py:109} INFO - [2022-03-16 00:10:42,055] {dag.py:2937} INFO - Setting next_dagrun for example_external_task_marker_child to None
[2022-03-16 00:10:42,056] {logging_mixin.py:109} INFO - [2022-03-16 00:10:42,056] {dag.py:2937} INFO - Setting next_dagrun for example_external_task_marker_parent to None
[2022-03-16 00:10:42,147] {processor.py:171} INFO - Processing /home/airflow/.local/lib/python3.7/site-packages/airflow/example_dags/example_external_task_marker_dag.py took 0.229 seconds
[2022-03-16 00:11:12,202] {processor.py:163} INFO - Started process (PID=3499) to work on /home/airflow/.local/lib/python3.7/site-packages/airflow/example_dags/example_external_task_marker_dag.py
[2022-03-16 00:11:12,244] {processor.py:642} INFO - Processing file /home/airflow/.local/lib/python3.7/site-packages/airflow/example_dags/example_external_task_marker_dag.py for tasks to queue
[2022-03-16 00:11:12,245] {logging_mixin.py:109} INFO - [2022-03-16 00:11:12,245] {dagbag.py:500} INFO - Filling up the DagBag from /home/airflow/.local/lib/python3.7/site-packages/airflow/example_dags/example_external_task_marker_dag.py
[2022-03-16 00:11:12,295] {processor.py:654} INFO - DAG(s) dict_keys(['example_external_task_marker_parent', 'example_external_task_marker_child']) retrieved from /home/airflow/.local/lib/python3.7/site-packages/airflow/example_dags/example_external_task_marker_dag.py
[2022-03-16 00:11:12,304] {logging_mixin.py:109} INFO - [2022-03-16 00:11:12,304] {dag.py:2398} INFO - Sync 2 DAGs
[2022-03-16 00:11:12,315] {logging_mixin.py:109} INFO - [2022-03-16 00:11:12,315] {dag.py:2937} INFO - Setting next_dagrun for example_external_task_marker_child to None
[2022-03-16 00:11:12,315] {logging_mixin.py:109} INFO - [2022-03-16 00:11:12,315] {dag.py:2937} INFO - Setting next_dagrun for example_external_task_marker_parent to None
[2022-03-16 00:11:12,358] {processor.py:171} INFO - Processing /home/airflow/.local/lib/python3.7/site-packages/airflow/example_dags/example_external_task_marker_dag.py took 0.158 seconds
[2022-03-16 00:11:43,449] {processor.py:163} INFO - Started process (PID=3558) to work on /home/airflow/.local/lib/python3.7/site-packages/airflow/example_dags/example_external_task_marker_dag.py
[2022-03-16 00:11:43,474] {processor.py:642} INFO - Processing file /home/airflow/.local/lib/python3.7/site-packages/airflow/example_dags/example_external_task_marker_dag.py for tasks to queue
[2022-03-16 00:11:43,474] {logging_mixin.py:109} INFO - [2022-03-16 00:11:43,474] {dagbag.py:500} INFO - Filling up the DagBag from /home/airflow/.local/lib/python3.7/site-packages/airflow/example_dags/example_external_task_marker_dag.py
[2022-03-16 00:11:43,493] {processor.py:654} INFO - DAG(s) dict_keys(['example_external_task_marker_parent', 'example_external_task_marker_child']) retrieved from /home/airflow/.local/lib/python3.7/site-packages/airflow/example_dags/example_external_task_marker_dag.py
[2022-03-16 00:11:43,500] {logging_mixin.py:109} INFO - [2022-03-16 00:11:43,500] {dag.py:2398} INFO - Sync 2 DAGs
[2022-03-16 00:11:43,511] {logging_mixin.py:109} INFO - [2022-03-16 00:11:43,511] {dag.py:2937} INFO - Setting next_dagrun for example_external_task_marker_child to None
[2022-03-16 00:11:43,511] {logging_mixin.py:109} INFO - [2022-03-16 00:11:43,511] {dag.py:2937} INFO - Setting next_dagrun for example_external_task_marker_parent to None
[2022-03-16 00:11:43,558] {processor.py:171} INFO - Processing /home/airflow/.local/lib/python3.7/site-packages/airflow/example_dags/example_external_task_marker_dag.py took 0.112 seconds
[2022-03-16 00:12:14,397] {processor.py:163} INFO - Started process (PID=3613) to work on /home/airflow/.local/lib/python3.7/site-packages/airflow/example_dags/example_external_task_marker_dag.py
[2022-03-16 00:12:14,403] {processor.py:642} INFO - Processing file /home/airflow/.local/lib/python3.7/site-packages/airflow/example_dags/example_external_task_marker_dag.py for tasks to queue
[2022-03-16 00:12:14,404] {logging_mixin.py:109} INFO - [2022-03-16 00:12:14,404] {dagbag.py:500} INFO - Filling up the DagBag from /home/airflow/.local/lib/python3.7/site-packages/airflow/example_dags/example_external_task_marker_dag.py
[2022-03-16 00:12:14,429] {processor.py:654} INFO - DAG(s) dict_keys(['example_external_task_marker_parent', 'example_external_task_marker_child']) retrieved from /home/airflow/.local/lib/python3.7/site-packages/airflow/example_dags/example_external_task_marker_dag.py
[2022-03-16 00:12:14,440] {logging_mixin.py:109} INFO - [2022-03-16 00:12:14,440] {dag.py:2398} INFO - Sync 2 DAGs
[2022-03-16 00:12:14,453] {logging_mixin.py:109} INFO - [2022-03-16 00:12:14,453] {dag.py:2937} INFO - Setting next_dagrun for example_external_task_marker_child to None
[2022-03-16 00:12:14,454] {logging_mixin.py:109} INFO - [2022-03-16 00:12:14,454] {dag.py:2937} INFO - Setting next_dagrun for example_external_task_marker_parent to None
[2022-03-16 00:12:14,787] {processor.py:171} INFO - Processing /home/airflow/.local/lib/python3.7/site-packages/airflow/example_dags/example_external_task_marker_dag.py took 0.393 seconds
[2022-03-16 00:12:47,086] {processor.py:163} INFO - Started process (PID=3682) to work on /home/airflow/.local/lib/python3.7/site-packages/airflow/example_dags/example_external_task_marker_dag.py
[2022-03-16 00:12:47,110] {processor.py:642} INFO - Processing file /home/airflow/.local/lib/python3.7/site-packages/airflow/example_dags/example_external_task_marker_dag.py for tasks to queue
[2022-03-16 00:12:47,111] {logging_mixin.py:109} INFO - [2022-03-16 00:12:47,110] {dagbag.py:500} INFO - Filling up the DagBag from /home/airflow/.local/lib/python3.7/site-packages/airflow/example_dags/example_external_task_marker_dag.py
[2022-03-16 00:12:47,151] {processor.py:654} INFO - DAG(s) dict_keys(['example_external_task_marker_parent', 'example_external_task_marker_child']) retrieved from /home/airflow/.local/lib/python3.7/site-packages/airflow/example_dags/example_external_task_marker_dag.py
[2022-03-16 00:12:47,162] {logging_mixin.py:109} INFO - [2022-03-16 00:12:47,162] {dag.py:2398} INFO - Sync 2 DAGs
[2022-03-16 00:12:47,173] {logging_mixin.py:109} INFO - [2022-03-16 00:12:47,173] {dag.py:2937} INFO - Setting next_dagrun for example_external_task_marker_child to None
[2022-03-16 00:12:47,173] {logging_mixin.py:109} INFO - [2022-03-16 00:12:47,173] {dag.py:2937} INFO - Setting next_dagrun for example_external_task_marker_parent to None
[2022-03-16 00:12:48,247] {processor.py:171} INFO - Processing /home/airflow/.local/lib/python3.7/site-packages/airflow/example_dags/example_external_task_marker_dag.py took 1.163 seconds
[2022-03-16 00:13:18,646] {processor.py:163} INFO - Started process (PID=3739) to work on /home/airflow/.local/lib/python3.7/site-packages/airflow/example_dags/example_external_task_marker_dag.py
[2022-03-16 00:13:18,685] {processor.py:642} INFO - Processing file /home/airflow/.local/lib/python3.7/site-packages/airflow/example_dags/example_external_task_marker_dag.py for tasks to queue
[2022-03-16 00:13:18,686] {logging_mixin.py:109} INFO - [2022-03-16 00:13:18,685] {dagbag.py:500} INFO - Filling up the DagBag from /home/airflow/.local/lib/python3.7/site-packages/airflow/example_dags/example_external_task_marker_dag.py
[2022-03-16 00:13:18,711] {processor.py:654} INFO - DAG(s) dict_keys(['example_external_task_marker_parent', 'example_external_task_marker_child']) retrieved from /home/airflow/.local/lib/python3.7/site-packages/airflow/example_dags/example_external_task_marker_dag.py
[2022-03-16 00:13:18,723] {logging_mixin.py:109} INFO - [2022-03-16 00:13:18,723] {dag.py:2398} INFO - Sync 2 DAGs
[2022-03-16 00:13:18,739] {logging_mixin.py:109} INFO - [2022-03-16 00:13:18,739] {dag.py:2937} INFO - Setting next_dagrun for example_external_task_marker_child to None
[2022-03-16 00:13:18,740] {logging_mixin.py:109} INFO - [2022-03-16 00:13:18,739] {dag.py:2937} INFO - Setting next_dagrun for example_external_task_marker_parent to None
[2022-03-16 00:13:19,248] {processor.py:171} INFO - Processing /home/airflow/.local/lib/python3.7/site-packages/airflow/example_dags/example_external_task_marker_dag.py took 0.604 seconds
[2022-03-16 00:13:49,345] {processor.py:163} INFO - Started process (PID=3799) to work on /home/airflow/.local/lib/python3.7/site-packages/airflow/example_dags/example_external_task_marker_dag.py
[2022-03-16 00:13:49,375] {processor.py:642} INFO - Processing file /home/airflow/.local/lib/python3.7/site-packages/airflow/example_dags/example_external_task_marker_dag.py for tasks to queue
[2022-03-16 00:13:49,376] {logging_mixin.py:109} INFO - [2022-03-16 00:13:49,375] {dagbag.py:500} INFO - Filling up the DagBag from /home/airflow/.local/lib/python3.7/site-packages/airflow/example_dags/example_external_task_marker_dag.py
[2022-03-16 00:13:49,398] {processor.py:654} INFO - DAG(s) dict_keys(['example_external_task_marker_parent', 'example_external_task_marker_child']) retrieved from /home/airflow/.local/lib/python3.7/site-packages/airflow/example_dags/example_external_task_marker_dag.py
[2022-03-16 00:13:49,414] {logging_mixin.py:109} INFO - [2022-03-16 00:13:49,414] {dag.py:2398} INFO - Sync 2 DAGs
[2022-03-16 00:13:49,431] {logging_mixin.py:109} INFO - [2022-03-16 00:13:49,431] {dag.py:2937} INFO - Setting next_dagrun for example_external_task_marker_child to None
[2022-03-16 00:13:49,431] {logging_mixin.py:109} INFO - [2022-03-16 00:13:49,431] {dag.py:2937} INFO - Setting next_dagrun for example_external_task_marker_parent to None
[2022-03-16 00:13:49,477] {processor.py:171} INFO - Processing /home/airflow/.local/lib/python3.7/site-packages/airflow/example_dags/example_external_task_marker_dag.py took 0.133 seconds
[2022-03-16 00:14:20,107] {processor.py:163} INFO - Started process (PID=3857) to work on /home/airflow/.local/lib/python3.7/site-packages/airflow/example_dags/example_external_task_marker_dag.py
[2022-03-16 00:14:20,186] {processor.py:642} INFO - Processing file /home/airflow/.local/lib/python3.7/site-packages/airflow/example_dags/example_external_task_marker_dag.py for tasks to queue
[2022-03-16 00:14:20,188] {logging_mixin.py:109} INFO - [2022-03-16 00:14:20,188] {dagbag.py:500} INFO - Filling up the DagBag from /home/airflow/.local/lib/python3.7/site-packages/airflow/example_dags/example_external_task_marker_dag.py
[2022-03-16 00:14:20,236] {processor.py:654} INFO - DAG(s) dict_keys(['example_external_task_marker_parent', 'example_external_task_marker_child']) retrieved from /home/airflow/.local/lib/python3.7/site-packages/airflow/example_dags/example_external_task_marker_dag.py
[2022-03-16 00:14:20,246] {logging_mixin.py:109} INFO - [2022-03-16 00:14:20,246] {dag.py:2398} INFO - Sync 2 DAGs
[2022-03-16 00:14:20,257] {logging_mixin.py:109} INFO - [2022-03-16 00:14:20,257] {dag.py:2937} INFO - Setting next_dagrun for example_external_task_marker_child to None
[2022-03-16 00:14:20,257] {logging_mixin.py:109} INFO - [2022-03-16 00:14:20,257] {dag.py:2937} INFO - Setting next_dagrun for example_external_task_marker_parent to None
[2022-03-16 00:14:21,333] {processor.py:171} INFO - Processing /home/airflow/.local/lib/python3.7/site-packages/airflow/example_dags/example_external_task_marker_dag.py took 1.229 seconds
[2022-03-16 00:14:52,161] {processor.py:163} INFO - Started process (PID=3919) to work on /home/airflow/.local/lib/python3.7/site-packages/airflow/example_dags/example_external_task_marker_dag.py
[2022-03-16 00:14:52,188] {processor.py:642} INFO - Processing file /home/airflow/.local/lib/python3.7/site-packages/airflow/example_dags/example_external_task_marker_dag.py for tasks to queue
[2022-03-16 00:14:52,189] {logging_mixin.py:109} INFO - [2022-03-16 00:14:52,189] {dagbag.py:500} INFO - Filling up the DagBag from /home/airflow/.local/lib/python3.7/site-packages/airflow/example_dags/example_external_task_marker_dag.py
[2022-03-16 00:14:52,231] {processor.py:654} INFO - DAG(s) dict_keys(['example_external_task_marker_parent', 'example_external_task_marker_child']) retrieved from /home/airflow/.local/lib/python3.7/site-packages/airflow/example_dags/example_external_task_marker_dag.py
[2022-03-16 00:14:52,240] {logging_mixin.py:109} INFO - [2022-03-16 00:14:52,240] {dag.py:2398} INFO - Sync 2 DAGs
[2022-03-16 00:14:52,251] {logging_mixin.py:109} INFO - [2022-03-16 00:14:52,251] {dag.py:2937} INFO - Setting next_dagrun for example_external_task_marker_child to None
[2022-03-16 00:14:52,251] {logging_mixin.py:109} INFO - [2022-03-16 00:14:52,251] {dag.py:2937} INFO - Setting next_dagrun for example_external_task_marker_parent to None
[2022-03-16 00:14:52,389] {processor.py:171} INFO - Processing /home/airflow/.local/lib/python3.7/site-packages/airflow/example_dags/example_external_task_marker_dag.py took 0.235 seconds
[2022-03-16 00:15:23,040] {processor.py:163} INFO - Started process (PID=3983) to work on /home/airflow/.local/lib/python3.7/site-packages/airflow/example_dags/example_external_task_marker_dag.py
[2022-03-16 00:15:23,049] {processor.py:642} INFO - Processing file /home/airflow/.local/lib/python3.7/site-packages/airflow/example_dags/example_external_task_marker_dag.py for tasks to queue
[2022-03-16 00:15:23,049] {logging_mixin.py:109} INFO - [2022-03-16 00:15:23,049] {dagbag.py:500} INFO - Filling up the DagBag from /home/airflow/.local/lib/python3.7/site-packages/airflow/example_dags/example_external_task_marker_dag.py
[2022-03-16 00:15:23,078] {processor.py:654} INFO - DAG(s) dict_keys(['example_external_task_marker_parent', 'example_external_task_marker_child']) retrieved from /home/airflow/.local/lib/python3.7/site-packages/airflow/example_dags/example_external_task_marker_dag.py
[2022-03-16 00:15:23,094] {logging_mixin.py:109} INFO - [2022-03-16 00:15:23,094] {dag.py:2398} INFO - Sync 2 DAGs
[2022-03-16 00:15:23,116] {logging_mixin.py:109} INFO - [2022-03-16 00:15:23,115] {dag.py:2937} INFO - Setting next_dagrun for example_external_task_marker_child to None
[2022-03-16 00:15:23,116] {logging_mixin.py:109} INFO - [2022-03-16 00:15:23,116] {dag.py:2937} INFO - Setting next_dagrun for example_external_task_marker_parent to None
[2022-03-16 00:15:23,438] {processor.py:171} INFO - Processing /home/airflow/.local/lib/python3.7/site-packages/airflow/example_dags/example_external_task_marker_dag.py took 0.401 seconds
[2022-03-16 00:15:53,474] {processor.py:163} INFO - Started process (PID=4033) to work on /home/airflow/.local/lib/python3.7/site-packages/airflow/example_dags/example_external_task_marker_dag.py
[2022-03-16 00:15:53,523] {processor.py:642} INFO - Processing file /home/airflow/.local/lib/python3.7/site-packages/airflow/example_dags/example_external_task_marker_dag.py for tasks to queue
[2022-03-16 00:15:53,524] {logging_mixin.py:109} INFO - [2022-03-16 00:15:53,523] {dagbag.py:500} INFO - Filling up the DagBag from /home/airflow/.local/lib/python3.7/site-packages/airflow/example_dags/example_external_task_marker_dag.py
[2022-03-16 00:15:53,547] {processor.py:654} INFO - DAG(s) dict_keys(['example_external_task_marker_parent', 'example_external_task_marker_child']) retrieved from /home/airflow/.local/lib/python3.7/site-packages/airflow/example_dags/example_external_task_marker_dag.py
[2022-03-16 00:15:53,559] {logging_mixin.py:109} INFO - [2022-03-16 00:15:53,559] {dag.py:2398} INFO - Sync 2 DAGs
[2022-03-16 00:15:53,575] {logging_mixin.py:109} INFO - [2022-03-16 00:15:53,575] {dag.py:2937} INFO - Setting next_dagrun for example_external_task_marker_child to None
[2022-03-16 00:15:53,575] {logging_mixin.py:109} INFO - [2022-03-16 00:15:53,575] {dag.py:2937} INFO - Setting next_dagrun for example_external_task_marker_parent to None
[2022-03-16 00:15:53,617] {processor.py:171} INFO - Processing /home/airflow/.local/lib/python3.7/site-packages/airflow/example_dags/example_external_task_marker_dag.py took 0.145 seconds
[2022-03-16 00:16:23,669] {processor.py:163} INFO - Started process (PID=4092) to work on /home/airflow/.local/lib/python3.7/site-packages/airflow/example_dags/example_external_task_marker_dag.py
[2022-03-16 00:16:23,737] {processor.py:642} INFO - Processing file /home/airflow/.local/lib/python3.7/site-packages/airflow/example_dags/example_external_task_marker_dag.py for tasks to queue
[2022-03-16 00:16:23,737] {logging_mixin.py:109} INFO - [2022-03-16 00:16:23,737] {dagbag.py:500} INFO - Filling up the DagBag from /home/airflow/.local/lib/python3.7/site-packages/airflow/example_dags/example_external_task_marker_dag.py
[2022-03-16 00:16:23,765] {processor.py:654} INFO - DAG(s) dict_keys(['example_external_task_marker_parent', 'example_external_task_marker_child']) retrieved from /home/airflow/.local/lib/python3.7/site-packages/airflow/example_dags/example_external_task_marker_dag.py
[2022-03-16 00:16:23,779] {logging_mixin.py:109} INFO - [2022-03-16 00:16:23,779] {dag.py:2398} INFO - Sync 2 DAGs
[2022-03-16 00:16:23,797] {logging_mixin.py:109} INFO - [2022-03-16 00:16:23,797] {dag.py:2937} INFO - Setting next_dagrun for example_external_task_marker_child to None
[2022-03-16 00:16:23,798] {logging_mixin.py:109} INFO - [2022-03-16 00:16:23,798] {dag.py:2937} INFO - Setting next_dagrun for example_external_task_marker_parent to None
[2022-03-16 00:16:23,836] {processor.py:171} INFO - Processing /home/airflow/.local/lib/python3.7/site-packages/airflow/example_dags/example_external_task_marker_dag.py took 0.169 seconds
[2022-03-16 00:16:54,671] {processor.py:163} INFO - Started process (PID=4161) to work on /home/airflow/.local/lib/python3.7/site-packages/airflow/example_dags/example_external_task_marker_dag.py
[2022-03-16 00:16:54,677] {processor.py:642} INFO - Processing file /home/airflow/.local/lib/python3.7/site-packages/airflow/example_dags/example_external_task_marker_dag.py for tasks to queue
[2022-03-16 00:16:54,677] {logging_mixin.py:109} INFO - [2022-03-16 00:16:54,677] {dagbag.py:500} INFO - Filling up the DagBag from /home/airflow/.local/lib/python3.7/site-packages/airflow/example_dags/example_external_task_marker_dag.py
[2022-03-16 00:16:54,697] {processor.py:654} INFO - DAG(s) dict_keys(['example_external_task_marker_parent', 'example_external_task_marker_child']) retrieved from /home/airflow/.local/lib/python3.7/site-packages/airflow/example_dags/example_external_task_marker_dag.py
[2022-03-16 00:16:54,706] {logging_mixin.py:109} INFO - [2022-03-16 00:16:54,706] {dag.py:2398} INFO - Sync 2 DAGs
[2022-03-16 00:16:54,719] {logging_mixin.py:109} INFO - [2022-03-16 00:16:54,719] {dag.py:2937} INFO - Setting next_dagrun for example_external_task_marker_child to None
[2022-03-16 00:16:54,719] {logging_mixin.py:109} INFO - [2022-03-16 00:16:54,719] {dag.py:2937} INFO - Setting next_dagrun for example_external_task_marker_parent to None
[2022-03-16 00:16:54,774] {processor.py:171} INFO - Processing /home/airflow/.local/lib/python3.7/site-packages/airflow/example_dags/example_external_task_marker_dag.py took 0.105 seconds
[2022-03-16 00:17:24,885] {processor.py:163} INFO - Started process (PID=4215) to work on /home/airflow/.local/lib/python3.7/site-packages/airflow/example_dags/example_external_task_marker_dag.py
[2022-03-16 00:17:24,897] {processor.py:642} INFO - Processing file /home/airflow/.local/lib/python3.7/site-packages/airflow/example_dags/example_external_task_marker_dag.py for tasks to queue
[2022-03-16 00:17:24,897] {logging_mixin.py:109} INFO - [2022-03-16 00:17:24,897] {dagbag.py:500} INFO - Filling up the DagBag from /home/airflow/.local/lib/python3.7/site-packages/airflow/example_dags/example_external_task_marker_dag.py
[2022-03-16 00:17:24,917] {processor.py:654} INFO - DAG(s) dict_keys(['example_external_task_marker_parent', 'example_external_task_marker_child']) retrieved from /home/airflow/.local/lib/python3.7/site-packages/airflow/example_dags/example_external_task_marker_dag.py
[2022-03-16 00:17:24,927] {logging_mixin.py:109} INFO - [2022-03-16 00:17:24,927] {dag.py:2398} INFO - Sync 2 DAGs
[2022-03-16 00:17:24,939] {logging_mixin.py:109} INFO - [2022-03-16 00:17:24,939] {dag.py:2937} INFO - Setting next_dagrun for example_external_task_marker_child to None
[2022-03-16 00:17:24,939] {logging_mixin.py:109} INFO - [2022-03-16 00:17:24,939] {dag.py:2937} INFO - Setting next_dagrun for example_external_task_marker_parent to None
[2022-03-16 00:17:25,784] {processor.py:171} INFO - Processing /home/airflow/.local/lib/python3.7/site-packages/airflow/example_dags/example_external_task_marker_dag.py took 0.901 seconds
[2022-03-16 00:17:56,439] {processor.py:163} INFO - Started process (PID=4274) to work on /home/airflow/.local/lib/python3.7/site-packages/airflow/example_dags/example_external_task_marker_dag.py
[2022-03-16 00:17:56,452] {processor.py:642} INFO - Processing file /home/airflow/.local/lib/python3.7/site-packages/airflow/example_dags/example_external_task_marker_dag.py for tasks to queue
[2022-03-16 00:17:56,453] {logging_mixin.py:109} INFO - [2022-03-16 00:17:56,453] {dagbag.py:500} INFO - Filling up the DagBag from /home/airflow/.local/lib/python3.7/site-packages/airflow/example_dags/example_external_task_marker_dag.py
[2022-03-16 00:17:56,473] {processor.py:654} INFO - DAG(s) dict_keys(['example_external_task_marker_parent', 'example_external_task_marker_child']) retrieved from /home/airflow/.local/lib/python3.7/site-packages/airflow/example_dags/example_external_task_marker_dag.py
[2022-03-16 00:17:56,484] {logging_mixin.py:109} INFO - [2022-03-16 00:17:56,484] {dag.py:2398} INFO - Sync 2 DAGs
[2022-03-16 00:17:56,495] {logging_mixin.py:109} INFO - [2022-03-16 00:17:56,495] {dag.py:2937} INFO - Setting next_dagrun for example_external_task_marker_child to None
[2022-03-16 00:17:56,495] {logging_mixin.py:109} INFO - [2022-03-16 00:17:56,495] {dag.py:2937} INFO - Setting next_dagrun for example_external_task_marker_parent to None
[2022-03-16 00:17:56,577] {processor.py:171} INFO - Processing /home/airflow/.local/lib/python3.7/site-packages/airflow/example_dags/example_external_task_marker_dag.py took 0.140 seconds
[2022-03-16 00:18:27,633] {processor.py:163} INFO - Started process (PID=4337) to work on /home/airflow/.local/lib/python3.7/site-packages/airflow/example_dags/example_external_task_marker_dag.py
[2022-03-16 00:18:27,659] {processor.py:642} INFO - Processing file /home/airflow/.local/lib/python3.7/site-packages/airflow/example_dags/example_external_task_marker_dag.py for tasks to queue
[2022-03-16 00:18:27,659] {logging_mixin.py:109} INFO - [2022-03-16 00:18:27,659] {dagbag.py:500} INFO - Filling up the DagBag from /home/airflow/.local/lib/python3.7/site-packages/airflow/example_dags/example_external_task_marker_dag.py
[2022-03-16 00:18:27,679] {processor.py:654} INFO - DAG(s) dict_keys(['example_external_task_marker_parent', 'example_external_task_marker_child']) retrieved from /home/airflow/.local/lib/python3.7/site-packages/airflow/example_dags/example_external_task_marker_dag.py
[2022-03-16 00:18:27,691] {logging_mixin.py:109} INFO - [2022-03-16 00:18:27,691] {dag.py:2398} INFO - Sync 2 DAGs
[2022-03-16 00:18:27,706] {logging_mixin.py:109} INFO - [2022-03-16 00:18:27,706] {dag.py:2937} INFO - Setting next_dagrun for example_external_task_marker_child to None
[2022-03-16 00:18:27,706] {logging_mixin.py:109} INFO - [2022-03-16 00:18:27,706] {dag.py:2937} INFO - Setting next_dagrun for example_external_task_marker_parent to None
[2022-03-16 00:18:28,067] {processor.py:171} INFO - Processing /home/airflow/.local/lib/python3.7/site-packages/airflow/example_dags/example_external_task_marker_dag.py took 0.435 seconds
[2022-03-16 00:18:58,405] {processor.py:163} INFO - Started process (PID=4410) to work on /home/airflow/.local/lib/python3.7/site-packages/airflow/example_dags/example_external_task_marker_dag.py
[2022-03-16 00:18:58,416] {processor.py:642} INFO - Processing file /home/airflow/.local/lib/python3.7/site-packages/airflow/example_dags/example_external_task_marker_dag.py for tasks to queue
[2022-03-16 00:18:58,417] {logging_mixin.py:109} INFO - [2022-03-16 00:18:58,417] {dagbag.py:500} INFO - Filling up the DagBag from /home/airflow/.local/lib/python3.7/site-packages/airflow/example_dags/example_external_task_marker_dag.py
[2022-03-16 00:18:58,445] {processor.py:654} INFO - DAG(s) dict_keys(['example_external_task_marker_parent', 'example_external_task_marker_child']) retrieved from /home/airflow/.local/lib/python3.7/site-packages/airflow/example_dags/example_external_task_marker_dag.py
[2022-03-16 00:18:58,457] {logging_mixin.py:109} INFO - [2022-03-16 00:18:58,456] {dag.py:2398} INFO - Sync 2 DAGs
[2022-03-16 00:18:58,474] {logging_mixin.py:109} INFO - [2022-03-16 00:18:58,474] {dag.py:2937} INFO - Setting next_dagrun for example_external_task_marker_child to None
[2022-03-16 00:18:58,474] {logging_mixin.py:109} INFO - [2022-03-16 00:18:58,474] {dag.py:2937} INFO - Setting next_dagrun for example_external_task_marker_parent to None
[2022-03-16 00:18:58,607] {processor.py:171} INFO - Processing /home/airflow/.local/lib/python3.7/site-packages/airflow/example_dags/example_external_task_marker_dag.py took 0.206 seconds
[2022-03-16 00:19:29,522] {processor.py:163} INFO - Started process (PID=4460) to work on /home/airflow/.local/lib/python3.7/site-packages/airflow/example_dags/example_external_task_marker_dag.py
[2022-03-16 00:19:29,529] {processor.py:642} INFO - Processing file /home/airflow/.local/lib/python3.7/site-packages/airflow/example_dags/example_external_task_marker_dag.py for tasks to queue
[2022-03-16 00:19:29,529] {logging_mixin.py:109} INFO - [2022-03-16 00:19:29,529] {dagbag.py:500} INFO - Filling up the DagBag from /home/airflow/.local/lib/python3.7/site-packages/airflow/example_dags/example_external_task_marker_dag.py
[2022-03-16 00:19:29,547] {processor.py:654} INFO - DAG(s) dict_keys(['example_external_task_marker_parent', 'example_external_task_marker_child']) retrieved from /home/airflow/.local/lib/python3.7/site-packages/airflow/example_dags/example_external_task_marker_dag.py
[2022-03-16 00:19:29,555] {logging_mixin.py:109} INFO - [2022-03-16 00:19:29,555] {dag.py:2398} INFO - Sync 2 DAGs
[2022-03-16 00:19:29,565] {logging_mixin.py:109} INFO - [2022-03-16 00:19:29,565] {dag.py:2937} INFO - Setting next_dagrun for example_external_task_marker_child to None
[2022-03-16 00:19:29,565] {logging_mixin.py:109} INFO - [2022-03-16 00:19:29,565] {dag.py:2937} INFO - Setting next_dagrun for example_external_task_marker_parent to None
[2022-03-16 00:19:30,229] {processor.py:171} INFO - Processing /home/airflow/.local/lib/python3.7/site-packages/airflow/example_dags/example_external_task_marker_dag.py took 0.709 seconds
[2022-03-16 00:20:00,562] {processor.py:163} INFO - Started process (PID=4519) to work on /home/airflow/.local/lib/python3.7/site-packages/airflow/example_dags/example_external_task_marker_dag.py
[2022-03-16 00:20:00,572] {processor.py:642} INFO - Processing file /home/airflow/.local/lib/python3.7/site-packages/airflow/example_dags/example_external_task_marker_dag.py for tasks to queue
[2022-03-16 00:20:00,572] {logging_mixin.py:109} INFO - [2022-03-16 00:20:00,572] {dagbag.py:500} INFO - Filling up the DagBag from /home/airflow/.local/lib/python3.7/site-packages/airflow/example_dags/example_external_task_marker_dag.py
[2022-03-16 00:20:00,594] {processor.py:654} INFO - DAG(s) dict_keys(['example_external_task_marker_parent', 'example_external_task_marker_child']) retrieved from /home/airflow/.local/lib/python3.7/site-packages/airflow/example_dags/example_external_task_marker_dag.py
[2022-03-16 00:20:00,611] {logging_mixin.py:109} INFO - [2022-03-16 00:20:00,611] {dag.py:2398} INFO - Sync 2 DAGs
[2022-03-16 00:20:00,624] {logging_mixin.py:109} INFO - [2022-03-16 00:20:00,623] {dag.py:2937} INFO - Setting next_dagrun for example_external_task_marker_child to None
[2022-03-16 00:20:00,624] {logging_mixin.py:109} INFO - [2022-03-16 00:20:00,624] {dag.py:2937} INFO - Setting next_dagrun for example_external_task_marker_parent to None
[2022-03-16 00:20:02,067] {processor.py:171} INFO - Processing /home/airflow/.local/lib/python3.7/site-packages/airflow/example_dags/example_external_task_marker_dag.py took 1.508 seconds
[2022-03-16 00:20:32,356] {processor.py:163} INFO - Started process (PID=4583) to work on /home/airflow/.local/lib/python3.7/site-packages/airflow/example_dags/example_external_task_marker_dag.py
[2022-03-16 00:20:32,376] {processor.py:642} INFO - Processing file /home/airflow/.local/lib/python3.7/site-packages/airflow/example_dags/example_external_task_marker_dag.py for tasks to queue
[2022-03-16 00:20:32,376] {logging_mixin.py:109} INFO - [2022-03-16 00:20:32,376] {dagbag.py:500} INFO - Filling up the DagBag from /home/airflow/.local/lib/python3.7/site-packages/airflow/example_dags/example_external_task_marker_dag.py
[2022-03-16 00:20:32,420] {processor.py:654} INFO - DAG(s) dict_keys(['example_external_task_marker_parent', 'example_external_task_marker_child']) retrieved from /home/airflow/.local/lib/python3.7/site-packages/airflow/example_dags/example_external_task_marker_dag.py
[2022-03-16 00:20:32,430] {logging_mixin.py:109} INFO - [2022-03-16 00:20:32,430] {dag.py:2398} INFO - Sync 2 DAGs
[2022-03-16 00:20:32,448] {logging_mixin.py:109} INFO - [2022-03-16 00:20:32,448] {dag.py:2937} INFO - Setting next_dagrun for example_external_task_marker_child to None
[2022-03-16 00:20:32,448] {logging_mixin.py:109} INFO - [2022-03-16 00:20:32,448] {dag.py:2937} INFO - Setting next_dagrun for example_external_task_marker_parent to None
[2022-03-16 00:20:32,666] {processor.py:171} INFO - Processing /home/airflow/.local/lib/python3.7/site-packages/airflow/example_dags/example_external_task_marker_dag.py took 0.312 seconds
[2022-03-16 00:21:02,697] {processor.py:163} INFO - Started process (PID=4657) to work on /home/airflow/.local/lib/python3.7/site-packages/airflow/example_dags/example_external_task_marker_dag.py
[2022-03-16 00:21:02,741] {processor.py:642} INFO - Processing file /home/airflow/.local/lib/python3.7/site-packages/airflow/example_dags/example_external_task_marker_dag.py for tasks to queue
[2022-03-16 00:21:02,742] {logging_mixin.py:109} INFO - [2022-03-16 00:21:02,742] {dagbag.py:500} INFO - Filling up the DagBag from /home/airflow/.local/lib/python3.7/site-packages/airflow/example_dags/example_external_task_marker_dag.py
[2022-03-16 00:21:02,767] {processor.py:654} INFO - DAG(s) dict_keys(['example_external_task_marker_parent', 'example_external_task_marker_child']) retrieved from /home/airflow/.local/lib/python3.7/site-packages/airflow/example_dags/example_external_task_marker_dag.py
[2022-03-16 00:21:02,780] {logging_mixin.py:109} INFO - [2022-03-16 00:21:02,780] {dag.py:2398} INFO - Sync 2 DAGs
[2022-03-16 00:21:02,793] {logging_mixin.py:109} INFO - [2022-03-16 00:21:02,793] {dag.py:2937} INFO - Setting next_dagrun for example_external_task_marker_child to None
[2022-03-16 00:21:02,793] {logging_mixin.py:109} INFO - [2022-03-16 00:21:02,793] {dag.py:2937} INFO - Setting next_dagrun for example_external_task_marker_parent to None
[2022-03-16 00:21:03,177] {processor.py:171} INFO - Processing /home/airflow/.local/lib/python3.7/site-packages/airflow/example_dags/example_external_task_marker_dag.py took 0.482 seconds
[2022-03-16 00:21:33,198] {processor.py:163} INFO - Started process (PID=4707) to work on /home/airflow/.local/lib/python3.7/site-packages/airflow/example_dags/example_external_task_marker_dag.py
[2022-03-16 00:21:33,295] {processor.py:642} INFO - Processing file /home/airflow/.local/lib/python3.7/site-packages/airflow/example_dags/example_external_task_marker_dag.py for tasks to queue
[2022-03-16 00:21:33,296] {logging_mixin.py:109} INFO - [2022-03-16 00:21:33,296] {dagbag.py:500} INFO - Filling up the DagBag from /home/airflow/.local/lib/python3.7/site-packages/airflow/example_dags/example_external_task_marker_dag.py
[2022-03-16 00:21:33,316] {processor.py:654} INFO - DAG(s) dict_keys(['example_external_task_marker_parent', 'example_external_task_marker_child']) retrieved from /home/airflow/.local/lib/python3.7/site-packages/airflow/example_dags/example_external_task_marker_dag.py
[2022-03-16 00:21:33,325] {logging_mixin.py:109} INFO - [2022-03-16 00:21:33,325] {dag.py:2398} INFO - Sync 2 DAGs
[2022-03-16 00:21:33,336] {logging_mixin.py:109} INFO - [2022-03-16 00:21:33,336] {dag.py:2937} INFO - Setting next_dagrun for example_external_task_marker_child to None
[2022-03-16 00:21:33,336] {logging_mixin.py:109} INFO - [2022-03-16 00:21:33,336] {dag.py:2937} INFO - Setting next_dagrun for example_external_task_marker_parent to None
[2022-03-16 00:21:34,231] {processor.py:171} INFO - Processing /home/airflow/.local/lib/python3.7/site-packages/airflow/example_dags/example_external_task_marker_dag.py took 1.035 seconds
