[2022-03-16 00:00:23,899] {processor.py:163} INFO - Started process (PID=2238) to work on /home/airflow/.local/lib/python3.7/site-packages/airflow/example_dags/example_short_circuit_operator.py
[2022-03-16 00:00:23,900] {processor.py:642} INFO - Processing file /home/airflow/.local/lib/python3.7/site-packages/airflow/example_dags/example_short_circuit_operator.py for tasks to queue
[2022-03-16 00:00:23,901] {logging_mixin.py:109} INFO - [2022-03-16 00:00:23,901] {dagbag.py:500} INFO - Filling up the DagBag from /home/airflow/.local/lib/python3.7/site-packages/airflow/example_dags/example_short_circuit_operator.py
[2022-03-16 00:00:23,927] {processor.py:654} INFO - DAG(s) dict_keys(['example_short_circuit_operator']) retrieved from /home/airflow/.local/lib/python3.7/site-packages/airflow/example_dags/example_short_circuit_operator.py
[2022-03-16 00:00:23,937] {logging_mixin.py:109} INFO - [2022-03-16 00:00:23,937] {dag.py:2398} INFO - Sync 1 DAGs
[2022-03-16 00:00:23,952] {logging_mixin.py:109} INFO - [2022-03-16 00:00:23,952] {dag.py:2937} INFO - Setting next_dagrun for example_short_circuit_operator to 2022-03-15T00:00:23.952422+00:00
[2022-03-16 00:00:24,023] {processor.py:171} INFO - Processing /home/airflow/.local/lib/python3.7/site-packages/airflow/example_dags/example_short_circuit_operator.py took 0.126 seconds
[2022-03-16 00:00:57,528] {processor.py:163} INFO - Started process (PID=2302) to work on /home/airflow/.local/lib/python3.7/site-packages/airflow/example_dags/example_short_circuit_operator.py
[2022-03-16 00:00:57,528] {processor.py:642} INFO - Processing file /home/airflow/.local/lib/python3.7/site-packages/airflow/example_dags/example_short_circuit_operator.py for tasks to queue
[2022-03-16 00:00:57,529] {logging_mixin.py:109} INFO - [2022-03-16 00:00:57,529] {dagbag.py:500} INFO - Filling up the DagBag from /home/airflow/.local/lib/python3.7/site-packages/airflow/example_dags/example_short_circuit_operator.py
[2022-03-16 00:00:57,549] {processor.py:654} INFO - DAG(s) dict_keys(['example_short_circuit_operator']) retrieved from /home/airflow/.local/lib/python3.7/site-packages/airflow/example_dags/example_short_circuit_operator.py
[2022-03-16 00:00:57,556] {logging_mixin.py:109} INFO - [2022-03-16 00:00:57,556] {dag.py:2398} INFO - Sync 1 DAGs
[2022-03-16 00:00:57,567] {logging_mixin.py:109} INFO - [2022-03-16 00:00:57,567] {dag.py:2937} INFO - Setting next_dagrun for example_short_circuit_operator to 2022-03-15T00:00:57.567303+00:00
[2022-03-16 00:00:57,613] {processor.py:171} INFO - Processing /home/airflow/.local/lib/python3.7/site-packages/airflow/example_dags/example_short_circuit_operator.py took 0.087 seconds
[2022-03-16 00:01:27,875] {processor.py:163} INFO - Started process (PID=2361) to work on /home/airflow/.local/lib/python3.7/site-packages/airflow/example_dags/example_short_circuit_operator.py
[2022-03-16 00:01:27,876] {processor.py:642} INFO - Processing file /home/airflow/.local/lib/python3.7/site-packages/airflow/example_dags/example_short_circuit_operator.py for tasks to queue
[2022-03-16 00:01:27,877] {logging_mixin.py:109} INFO - [2022-03-16 00:01:27,877] {dagbag.py:500} INFO - Filling up the DagBag from /home/airflow/.local/lib/python3.7/site-packages/airflow/example_dags/example_short_circuit_operator.py
[2022-03-16 00:01:27,906] {processor.py:654} INFO - DAG(s) dict_keys(['example_short_circuit_operator']) retrieved from /home/airflow/.local/lib/python3.7/site-packages/airflow/example_dags/example_short_circuit_operator.py
[2022-03-16 00:01:27,918] {logging_mixin.py:109} INFO - [2022-03-16 00:01:27,917] {dag.py:2398} INFO - Sync 1 DAGs
[2022-03-16 00:01:27,936] {logging_mixin.py:109} INFO - [2022-03-16 00:01:27,936] {dag.py:2937} INFO - Setting next_dagrun for example_short_circuit_operator to 2022-03-15T00:01:27.936148+00:00
[2022-03-16 00:01:27,981] {processor.py:171} INFO - Processing /home/airflow/.local/lib/python3.7/site-packages/airflow/example_dags/example_short_circuit_operator.py took 0.109 seconds
[2022-03-16 00:01:59,911] {processor.py:163} INFO - Started process (PID=2412) to work on /home/airflow/.local/lib/python3.7/site-packages/airflow/example_dags/example_short_circuit_operator.py
[2022-03-16 00:01:59,912] {processor.py:642} INFO - Processing file /home/airflow/.local/lib/python3.7/site-packages/airflow/example_dags/example_short_circuit_operator.py for tasks to queue
[2022-03-16 00:01:59,913] {logging_mixin.py:109} INFO - [2022-03-16 00:01:59,913] {dagbag.py:500} INFO - Filling up the DagBag from /home/airflow/.local/lib/python3.7/site-packages/airflow/example_dags/example_short_circuit_operator.py
[2022-03-16 00:01:59,935] {processor.py:654} INFO - DAG(s) dict_keys(['example_short_circuit_operator']) retrieved from /home/airflow/.local/lib/python3.7/site-packages/airflow/example_dags/example_short_circuit_operator.py
[2022-03-16 00:01:59,942] {logging_mixin.py:109} INFO - [2022-03-16 00:01:59,942] {dag.py:2398} INFO - Sync 1 DAGs
[2022-03-16 00:01:59,953] {logging_mixin.py:109} INFO - [2022-03-16 00:01:59,953] {dag.py:2937} INFO - Setting next_dagrun for example_short_circuit_operator to 2022-03-15T00:01:59.953108+00:00
[2022-03-16 00:02:00,031] {processor.py:171} INFO - Processing /home/airflow/.local/lib/python3.7/site-packages/airflow/example_dags/example_short_circuit_operator.py took 0.122 seconds
[2022-03-16 00:02:30,433] {processor.py:163} INFO - Started process (PID=2475) to work on /home/airflow/.local/lib/python3.7/site-packages/airflow/example_dags/example_short_circuit_operator.py
[2022-03-16 00:02:30,434] {processor.py:642} INFO - Processing file /home/airflow/.local/lib/python3.7/site-packages/airflow/example_dags/example_short_circuit_operator.py for tasks to queue
[2022-03-16 00:02:30,434] {logging_mixin.py:109} INFO - [2022-03-16 00:02:30,434] {dagbag.py:500} INFO - Filling up the DagBag from /home/airflow/.local/lib/python3.7/site-packages/airflow/example_dags/example_short_circuit_operator.py
[2022-03-16 00:02:30,456] {processor.py:654} INFO - DAG(s) dict_keys(['example_short_circuit_operator']) retrieved from /home/airflow/.local/lib/python3.7/site-packages/airflow/example_dags/example_short_circuit_operator.py
[2022-03-16 00:02:30,466] {logging_mixin.py:109} INFO - [2022-03-16 00:02:30,466] {dag.py:2398} INFO - Sync 1 DAGs
[2022-03-16 00:02:30,480] {logging_mixin.py:109} INFO - [2022-03-16 00:02:30,480] {dag.py:2937} INFO - Setting next_dagrun for example_short_circuit_operator to 2022-03-15T00:02:30.480031+00:00
[2022-03-16 00:02:30,521] {processor.py:171} INFO - Processing /home/airflow/.local/lib/python3.7/site-packages/airflow/example_dags/example_short_circuit_operator.py took 0.090 seconds
[2022-03-16 00:03:00,597] {processor.py:163} INFO - Started process (PID=2547) to work on /home/airflow/.local/lib/python3.7/site-packages/airflow/example_dags/example_short_circuit_operator.py
[2022-03-16 00:03:00,597] {processor.py:642} INFO - Processing file /home/airflow/.local/lib/python3.7/site-packages/airflow/example_dags/example_short_circuit_operator.py for tasks to queue
[2022-03-16 00:03:00,598] {logging_mixin.py:109} INFO - [2022-03-16 00:03:00,598] {dagbag.py:500} INFO - Filling up the DagBag from /home/airflow/.local/lib/python3.7/site-packages/airflow/example_dags/example_short_circuit_operator.py
[2022-03-16 00:03:00,616] {processor.py:654} INFO - DAG(s) dict_keys(['example_short_circuit_operator']) retrieved from /home/airflow/.local/lib/python3.7/site-packages/airflow/example_dags/example_short_circuit_operator.py
[2022-03-16 00:03:00,623] {logging_mixin.py:109} INFO - [2022-03-16 00:03:00,623] {dag.py:2398} INFO - Sync 1 DAGs
[2022-03-16 00:03:00,634] {logging_mixin.py:109} INFO - [2022-03-16 00:03:00,634] {dag.py:2937} INFO - Setting next_dagrun for example_short_circuit_operator to 2022-03-15T00:03:00.633873+00:00
[2022-03-16 00:03:00,704] {processor.py:171} INFO - Processing /home/airflow/.local/lib/python3.7/site-packages/airflow/example_dags/example_short_circuit_operator.py took 0.109 seconds
[2022-03-16 00:03:31,869] {processor.py:163} INFO - Started process (PID=2597) to work on /home/airflow/.local/lib/python3.7/site-packages/airflow/example_dags/example_short_circuit_operator.py
[2022-03-16 00:03:31,877] {processor.py:642} INFO - Processing file /home/airflow/.local/lib/python3.7/site-packages/airflow/example_dags/example_short_circuit_operator.py for tasks to queue
[2022-03-16 00:03:31,878] {logging_mixin.py:109} INFO - [2022-03-16 00:03:31,878] {dagbag.py:500} INFO - Filling up the DagBag from /home/airflow/.local/lib/python3.7/site-packages/airflow/example_dags/example_short_circuit_operator.py
[2022-03-16 00:03:31,899] {processor.py:654} INFO - DAG(s) dict_keys(['example_short_circuit_operator']) retrieved from /home/airflow/.local/lib/python3.7/site-packages/airflow/example_dags/example_short_circuit_operator.py
[2022-03-16 00:03:31,906] {logging_mixin.py:109} INFO - [2022-03-16 00:03:31,906] {dag.py:2398} INFO - Sync 1 DAGs
[2022-03-16 00:03:31,918] {logging_mixin.py:109} INFO - [2022-03-16 00:03:31,918] {dag.py:2937} INFO - Setting next_dagrun for example_short_circuit_operator to 2022-03-15T00:03:31.917843+00:00
[2022-03-16 00:03:31,979] {processor.py:171} INFO - Processing /home/airflow/.local/lib/python3.7/site-packages/airflow/example_dags/example_short_circuit_operator.py took 0.113 seconds
[2022-03-16 00:04:03,200] {processor.py:163} INFO - Started process (PID=2657) to work on /home/airflow/.local/lib/python3.7/site-packages/airflow/example_dags/example_short_circuit_operator.py
[2022-03-16 00:04:03,214] {processor.py:642} INFO - Processing file /home/airflow/.local/lib/python3.7/site-packages/airflow/example_dags/example_short_circuit_operator.py for tasks to queue
[2022-03-16 00:04:03,214] {logging_mixin.py:109} INFO - [2022-03-16 00:04:03,214] {dagbag.py:500} INFO - Filling up the DagBag from /home/airflow/.local/lib/python3.7/site-packages/airflow/example_dags/example_short_circuit_operator.py
[2022-03-16 00:04:03,235] {processor.py:654} INFO - DAG(s) dict_keys(['example_short_circuit_operator']) retrieved from /home/airflow/.local/lib/python3.7/site-packages/airflow/example_dags/example_short_circuit_operator.py
[2022-03-16 00:04:03,243] {logging_mixin.py:109} INFO - [2022-03-16 00:04:03,242] {dag.py:2398} INFO - Sync 1 DAGs
[2022-03-16 00:04:03,254] {logging_mixin.py:109} INFO - [2022-03-16 00:04:03,254] {dag.py:2937} INFO - Setting next_dagrun for example_short_circuit_operator to 2022-03-15T00:04:03.254085+00:00
[2022-03-16 00:04:03,711] {processor.py:171} INFO - Processing /home/airflow/.local/lib/python3.7/site-packages/airflow/example_dags/example_short_circuit_operator.py took 0.513 seconds
[2022-03-16 00:04:34,544] {processor.py:163} INFO - Started process (PID=2721) to work on /home/airflow/.local/lib/python3.7/site-packages/airflow/example_dags/example_short_circuit_operator.py
[2022-03-16 00:04:34,551] {processor.py:642} INFO - Processing file /home/airflow/.local/lib/python3.7/site-packages/airflow/example_dags/example_short_circuit_operator.py for tasks to queue
[2022-03-16 00:04:34,551] {logging_mixin.py:109} INFO - [2022-03-16 00:04:34,551] {dagbag.py:500} INFO - Filling up the DagBag from /home/airflow/.local/lib/python3.7/site-packages/airflow/example_dags/example_short_circuit_operator.py
[2022-03-16 00:04:34,588] {processor.py:654} INFO - DAG(s) dict_keys(['example_short_circuit_operator']) retrieved from /home/airflow/.local/lib/python3.7/site-packages/airflow/example_dags/example_short_circuit_operator.py
[2022-03-16 00:04:34,596] {logging_mixin.py:109} INFO - [2022-03-16 00:04:34,596] {dag.py:2398} INFO - Sync 1 DAGs
[2022-03-16 00:04:34,609] {logging_mixin.py:109} INFO - [2022-03-16 00:04:34,609] {dag.py:2937} INFO - Setting next_dagrun for example_short_circuit_operator to 2022-03-15T00:04:34.608931+00:00
[2022-03-16 00:04:34,683] {processor.py:171} INFO - Processing /home/airflow/.local/lib/python3.7/site-packages/airflow/example_dags/example_short_circuit_operator.py took 0.141 seconds
[2022-03-16 00:05:07,169] {processor.py:163} INFO - Started process (PID=2791) to work on /home/airflow/.local/lib/python3.7/site-packages/airflow/example_dags/example_short_circuit_operator.py
[2022-03-16 00:05:07,170] {processor.py:642} INFO - Processing file /home/airflow/.local/lib/python3.7/site-packages/airflow/example_dags/example_short_circuit_operator.py for tasks to queue
[2022-03-16 00:05:07,170] {logging_mixin.py:109} INFO - [2022-03-16 00:05:07,170] {dagbag.py:500} INFO - Filling up the DagBag from /home/airflow/.local/lib/python3.7/site-packages/airflow/example_dags/example_short_circuit_operator.py
[2022-03-16 00:05:07,192] {processor.py:654} INFO - DAG(s) dict_keys(['example_short_circuit_operator']) retrieved from /home/airflow/.local/lib/python3.7/site-packages/airflow/example_dags/example_short_circuit_operator.py
[2022-03-16 00:05:07,202] {logging_mixin.py:109} INFO - [2022-03-16 00:05:07,202] {dag.py:2398} INFO - Sync 1 DAGs
[2022-03-16 00:05:07,217] {logging_mixin.py:109} INFO - [2022-03-16 00:05:07,217] {dag.py:2937} INFO - Setting next_dagrun for example_short_circuit_operator to 2022-03-15T00:05:07.217023+00:00
[2022-03-16 00:05:07,316] {processor.py:171} INFO - Processing /home/airflow/.local/lib/python3.7/site-packages/airflow/example_dags/example_short_circuit_operator.py took 0.148 seconds
[2022-03-16 00:05:39,342] {processor.py:163} INFO - Started process (PID=2841) to work on /home/airflow/.local/lib/python3.7/site-packages/airflow/example_dags/example_short_circuit_operator.py
[2022-03-16 00:05:39,360] {processor.py:642} INFO - Processing file /home/airflow/.local/lib/python3.7/site-packages/airflow/example_dags/example_short_circuit_operator.py for tasks to queue
[2022-03-16 00:05:39,361] {logging_mixin.py:109} INFO - [2022-03-16 00:05:39,361] {dagbag.py:500} INFO - Filling up the DagBag from /home/airflow/.local/lib/python3.7/site-packages/airflow/example_dags/example_short_circuit_operator.py
[2022-03-16 00:05:39,383] {processor.py:654} INFO - DAG(s) dict_keys(['example_short_circuit_operator']) retrieved from /home/airflow/.local/lib/python3.7/site-packages/airflow/example_dags/example_short_circuit_operator.py
[2022-03-16 00:05:39,390] {logging_mixin.py:109} INFO - [2022-03-16 00:05:39,390] {dag.py:2398} INFO - Sync 1 DAGs
[2022-03-16 00:05:39,408] {logging_mixin.py:109} INFO - [2022-03-16 00:05:39,407] {dag.py:2937} INFO - Setting next_dagrun for example_short_circuit_operator to 2022-03-15T00:05:39.407556+00:00
[2022-03-16 00:05:39,449] {processor.py:171} INFO - Processing /home/airflow/.local/lib/python3.7/site-packages/airflow/example_dags/example_short_circuit_operator.py took 0.109 seconds
[2022-03-16 00:06:09,669] {processor.py:163} INFO - Started process (PID=2904) to work on /home/airflow/.local/lib/python3.7/site-packages/airflow/example_dags/example_short_circuit_operator.py
[2022-03-16 00:06:09,670] {processor.py:642} INFO - Processing file /home/airflow/.local/lib/python3.7/site-packages/airflow/example_dags/example_short_circuit_operator.py for tasks to queue
[2022-03-16 00:06:09,670] {logging_mixin.py:109} INFO - [2022-03-16 00:06:09,670] {dagbag.py:500} INFO - Filling up the DagBag from /home/airflow/.local/lib/python3.7/site-packages/airflow/example_dags/example_short_circuit_operator.py
[2022-03-16 00:06:09,692] {processor.py:654} INFO - DAG(s) dict_keys(['example_short_circuit_operator']) retrieved from /home/airflow/.local/lib/python3.7/site-packages/airflow/example_dags/example_short_circuit_operator.py
[2022-03-16 00:06:09,700] {logging_mixin.py:109} INFO - [2022-03-16 00:06:09,700] {dag.py:2398} INFO - Sync 1 DAGs
[2022-03-16 00:06:09,713] {logging_mixin.py:109} INFO - [2022-03-16 00:06:09,713] {dag.py:2937} INFO - Setting next_dagrun for example_short_circuit_operator to 2022-03-15T00:06:09.713677+00:00
[2022-03-16 00:06:09,779] {processor.py:171} INFO - Processing /home/airflow/.local/lib/python3.7/site-packages/airflow/example_dags/example_short_circuit_operator.py took 0.112 seconds
[2022-03-16 00:06:40,598] {processor.py:163} INFO - Started process (PID=2970) to work on /home/airflow/.local/lib/python3.7/site-packages/airflow/example_dags/example_short_circuit_operator.py
[2022-03-16 00:06:40,599] {processor.py:642} INFO - Processing file /home/airflow/.local/lib/python3.7/site-packages/airflow/example_dags/example_short_circuit_operator.py for tasks to queue
[2022-03-16 00:06:40,600] {logging_mixin.py:109} INFO - [2022-03-16 00:06:40,599] {dagbag.py:500} INFO - Filling up the DagBag from /home/airflow/.local/lib/python3.7/site-packages/airflow/example_dags/example_short_circuit_operator.py
[2022-03-16 00:06:40,621] {processor.py:654} INFO - DAG(s) dict_keys(['example_short_circuit_operator']) retrieved from /home/airflow/.local/lib/python3.7/site-packages/airflow/example_dags/example_short_circuit_operator.py
[2022-03-16 00:06:40,628] {logging_mixin.py:109} INFO - [2022-03-16 00:06:40,627] {dag.py:2398} INFO - Sync 1 DAGs
[2022-03-16 00:06:40,638] {logging_mixin.py:109} INFO - [2022-03-16 00:06:40,638] {dag.py:2937} INFO - Setting next_dagrun for example_short_circuit_operator to 2022-03-15T00:06:40.638725+00:00
[2022-03-16 00:06:40,691] {processor.py:171} INFO - Processing /home/airflow/.local/lib/python3.7/site-packages/airflow/example_dags/example_short_circuit_operator.py took 0.094 seconds
[2022-03-16 00:07:12,275] {processor.py:163} INFO - Started process (PID=3036) to work on /home/airflow/.local/lib/python3.7/site-packages/airflow/example_dags/example_short_circuit_operator.py
[2022-03-16 00:07:12,280] {processor.py:642} INFO - Processing file /home/airflow/.local/lib/python3.7/site-packages/airflow/example_dags/example_short_circuit_operator.py for tasks to queue
[2022-03-16 00:07:12,281] {logging_mixin.py:109} INFO - [2022-03-16 00:07:12,281] {dagbag.py:500} INFO - Filling up the DagBag from /home/airflow/.local/lib/python3.7/site-packages/airflow/example_dags/example_short_circuit_operator.py
[2022-03-16 00:07:12,299] {processor.py:654} INFO - DAG(s) dict_keys(['example_short_circuit_operator']) retrieved from /home/airflow/.local/lib/python3.7/site-packages/airflow/example_dags/example_short_circuit_operator.py
[2022-03-16 00:07:12,306] {logging_mixin.py:109} INFO - [2022-03-16 00:07:12,305] {dag.py:2398} INFO - Sync 1 DAGs
[2022-03-16 00:07:12,316] {logging_mixin.py:109} INFO - [2022-03-16 00:07:12,316] {dag.py:2937} INFO - Setting next_dagrun for example_short_circuit_operator to 2022-03-15T00:07:12.316449+00:00
[2022-03-16 00:07:12,365] {processor.py:171} INFO - Processing /home/airflow/.local/lib/python3.7/site-packages/airflow/example_dags/example_short_circuit_operator.py took 0.092 seconds
[2022-03-16 00:07:43,124] {processor.py:163} INFO - Started process (PID=3085) to work on /home/airflow/.local/lib/python3.7/site-packages/airflow/example_dags/example_short_circuit_operator.py
[2022-03-16 00:07:43,124] {processor.py:642} INFO - Processing file /home/airflow/.local/lib/python3.7/site-packages/airflow/example_dags/example_short_circuit_operator.py for tasks to queue
[2022-03-16 00:07:43,125] {logging_mixin.py:109} INFO - [2022-03-16 00:07:43,125] {dagbag.py:500} INFO - Filling up the DagBag from /home/airflow/.local/lib/python3.7/site-packages/airflow/example_dags/example_short_circuit_operator.py
[2022-03-16 00:07:43,145] {processor.py:654} INFO - DAG(s) dict_keys(['example_short_circuit_operator']) retrieved from /home/airflow/.local/lib/python3.7/site-packages/airflow/example_dags/example_short_circuit_operator.py
[2022-03-16 00:07:43,152] {logging_mixin.py:109} INFO - [2022-03-16 00:07:43,152] {dag.py:2398} INFO - Sync 1 DAGs
[2022-03-16 00:07:43,163] {logging_mixin.py:109} INFO - [2022-03-16 00:07:43,163] {dag.py:2937} INFO - Setting next_dagrun for example_short_circuit_operator to 2022-03-15T00:07:43.163024+00:00
[2022-03-16 00:07:43,203] {processor.py:171} INFO - Processing /home/airflow/.local/lib/python3.7/site-packages/airflow/example_dags/example_short_circuit_operator.py took 0.081 seconds
[2022-03-16 00:08:13,922] {processor.py:163} INFO - Started process (PID=3149) to work on /home/airflow/.local/lib/python3.7/site-packages/airflow/example_dags/example_short_circuit_operator.py
[2022-03-16 00:08:13,923] {processor.py:642} INFO - Processing file /home/airflow/.local/lib/python3.7/site-packages/airflow/example_dags/example_short_circuit_operator.py for tasks to queue
[2022-03-16 00:08:13,923] {logging_mixin.py:109} INFO - [2022-03-16 00:08:13,923] {dagbag.py:500} INFO - Filling up the DagBag from /home/airflow/.local/lib/python3.7/site-packages/airflow/example_dags/example_short_circuit_operator.py
[2022-03-16 00:08:13,950] {processor.py:654} INFO - DAG(s) dict_keys(['example_short_circuit_operator']) retrieved from /home/airflow/.local/lib/python3.7/site-packages/airflow/example_dags/example_short_circuit_operator.py
[2022-03-16 00:08:13,961] {logging_mixin.py:109} INFO - [2022-03-16 00:08:13,960] {dag.py:2398} INFO - Sync 1 DAGs
[2022-03-16 00:08:13,976] {logging_mixin.py:109} INFO - [2022-03-16 00:08:13,976] {dag.py:2937} INFO - Setting next_dagrun for example_short_circuit_operator to 2022-03-15T00:08:13.976042+00:00
[2022-03-16 00:08:14,776] {processor.py:171} INFO - Processing /home/airflow/.local/lib/python3.7/site-packages/airflow/example_dags/example_short_circuit_operator.py took 0.857 seconds
[2022-03-16 00:08:44,815] {processor.py:163} INFO - Started process (PID=3215) to work on /home/airflow/.local/lib/python3.7/site-packages/airflow/example_dags/example_short_circuit_operator.py
[2022-03-16 00:08:44,827] {processor.py:642} INFO - Processing file /home/airflow/.local/lib/python3.7/site-packages/airflow/example_dags/example_short_circuit_operator.py for tasks to queue
[2022-03-16 00:08:44,828] {logging_mixin.py:109} INFO - [2022-03-16 00:08:44,827] {dagbag.py:500} INFO - Filling up the DagBag from /home/airflow/.local/lib/python3.7/site-packages/airflow/example_dags/example_short_circuit_operator.py
[2022-03-16 00:08:44,866] {processor.py:654} INFO - DAG(s) dict_keys(['example_short_circuit_operator']) retrieved from /home/airflow/.local/lib/python3.7/site-packages/airflow/example_dags/example_short_circuit_operator.py
[2022-03-16 00:08:44,875] {logging_mixin.py:109} INFO - [2022-03-16 00:08:44,875] {dag.py:2398} INFO - Sync 1 DAGs
[2022-03-16 00:08:44,890] {logging_mixin.py:109} INFO - [2022-03-16 00:08:44,890] {dag.py:2937} INFO - Setting next_dagrun for example_short_circuit_operator to 2022-03-15T00:08:44.890037+00:00
[2022-03-16 00:08:44,942] {processor.py:171} INFO - Processing /home/airflow/.local/lib/python3.7/site-packages/airflow/example_dags/example_short_circuit_operator.py took 0.131 seconds
[2022-03-16 00:09:15,205] {processor.py:163} INFO - Started process (PID=3271) to work on /home/airflow/.local/lib/python3.7/site-packages/airflow/example_dags/example_short_circuit_operator.py
[2022-03-16 00:09:15,213] {processor.py:642} INFO - Processing file /home/airflow/.local/lib/python3.7/site-packages/airflow/example_dags/example_short_circuit_operator.py for tasks to queue
[2022-03-16 00:09:15,213] {logging_mixin.py:109} INFO - [2022-03-16 00:09:15,213] {dagbag.py:500} INFO - Filling up the DagBag from /home/airflow/.local/lib/python3.7/site-packages/airflow/example_dags/example_short_circuit_operator.py
[2022-03-16 00:09:15,232] {processor.py:654} INFO - DAG(s) dict_keys(['example_short_circuit_operator']) retrieved from /home/airflow/.local/lib/python3.7/site-packages/airflow/example_dags/example_short_circuit_operator.py
[2022-03-16 00:09:15,239] {logging_mixin.py:109} INFO - [2022-03-16 00:09:15,239] {dag.py:2398} INFO - Sync 1 DAGs
[2022-03-16 00:09:15,249] {logging_mixin.py:109} INFO - [2022-03-16 00:09:15,249] {dag.py:2937} INFO - Setting next_dagrun for example_short_circuit_operator to 2022-03-15T00:09:15.249503+00:00
[2022-03-16 00:09:15,307] {processor.py:171} INFO - Processing /home/airflow/.local/lib/python3.7/site-packages/airflow/example_dags/example_short_circuit_operator.py took 0.104 seconds
[2022-03-16 00:09:47,285] {processor.py:163} INFO - Started process (PID=3330) to work on /home/airflow/.local/lib/python3.7/site-packages/airflow/example_dags/example_short_circuit_operator.py
[2022-03-16 00:09:47,295] {processor.py:642} INFO - Processing file /home/airflow/.local/lib/python3.7/site-packages/airflow/example_dags/example_short_circuit_operator.py for tasks to queue
[2022-03-16 00:09:47,296] {logging_mixin.py:109} INFO - [2022-03-16 00:09:47,295] {dagbag.py:500} INFO - Filling up the DagBag from /home/airflow/.local/lib/python3.7/site-packages/airflow/example_dags/example_short_circuit_operator.py
[2022-03-16 00:09:47,337] {processor.py:654} INFO - DAG(s) dict_keys(['example_short_circuit_operator']) retrieved from /home/airflow/.local/lib/python3.7/site-packages/airflow/example_dags/example_short_circuit_operator.py
[2022-03-16 00:09:47,348] {logging_mixin.py:109} INFO - [2022-03-16 00:09:47,348] {dag.py:2398} INFO - Sync 1 DAGs
[2022-03-16 00:09:47,361] {logging_mixin.py:109} INFO - [2022-03-16 00:09:47,360] {dag.py:2937} INFO - Setting next_dagrun for example_short_circuit_operator to 2022-03-15T00:09:47.360772+00:00
[2022-03-16 00:09:47,405] {processor.py:171} INFO - Processing /home/airflow/.local/lib/python3.7/site-packages/airflow/example_dags/example_short_circuit_operator.py took 0.123 seconds
[2022-03-16 00:10:19,024] {processor.py:163} INFO - Started process (PID=3387) to work on /home/airflow/.local/lib/python3.7/site-packages/airflow/example_dags/example_short_circuit_operator.py
[2022-03-16 00:10:19,034] {processor.py:642} INFO - Processing file /home/airflow/.local/lib/python3.7/site-packages/airflow/example_dags/example_short_circuit_operator.py for tasks to queue
[2022-03-16 00:10:19,035] {logging_mixin.py:109} INFO - [2022-03-16 00:10:19,035] {dagbag.py:500} INFO - Filling up the DagBag from /home/airflow/.local/lib/python3.7/site-packages/airflow/example_dags/example_short_circuit_operator.py
[2022-03-16 00:10:19,053] {processor.py:654} INFO - DAG(s) dict_keys(['example_short_circuit_operator']) retrieved from /home/airflow/.local/lib/python3.7/site-packages/airflow/example_dags/example_short_circuit_operator.py
[2022-03-16 00:10:19,060] {logging_mixin.py:109} INFO - [2022-03-16 00:10:19,060] {dag.py:2398} INFO - Sync 1 DAGs
[2022-03-16 00:10:19,071] {logging_mixin.py:109} INFO - [2022-03-16 00:10:19,071] {dag.py:2937} INFO - Setting next_dagrun for example_short_circuit_operator to 2022-03-15T00:10:19.071071+00:00
[2022-03-16 00:10:19,117] {processor.py:171} INFO - Processing /home/airflow/.local/lib/python3.7/site-packages/airflow/example_dags/example_short_circuit_operator.py took 0.094 seconds
[2022-03-16 00:10:49,380] {processor.py:163} INFO - Started process (PID=3460) to work on /home/airflow/.local/lib/python3.7/site-packages/airflow/example_dags/example_short_circuit_operator.py
[2022-03-16 00:10:49,381] {processor.py:642} INFO - Processing file /home/airflow/.local/lib/python3.7/site-packages/airflow/example_dags/example_short_circuit_operator.py for tasks to queue
[2022-03-16 00:10:49,382] {logging_mixin.py:109} INFO - [2022-03-16 00:10:49,381] {dagbag.py:500} INFO - Filling up the DagBag from /home/airflow/.local/lib/python3.7/site-packages/airflow/example_dags/example_short_circuit_operator.py
[2022-03-16 00:10:49,403] {processor.py:654} INFO - DAG(s) dict_keys(['example_short_circuit_operator']) retrieved from /home/airflow/.local/lib/python3.7/site-packages/airflow/example_dags/example_short_circuit_operator.py
[2022-03-16 00:10:49,413] {logging_mixin.py:109} INFO - [2022-03-16 00:10:49,413] {dag.py:2398} INFO - Sync 1 DAGs
[2022-03-16 00:10:49,430] {logging_mixin.py:109} INFO - [2022-03-16 00:10:49,430] {dag.py:2937} INFO - Setting next_dagrun for example_short_circuit_operator to 2022-03-15T00:10:49.429972+00:00
[2022-03-16 00:10:49,480] {processor.py:171} INFO - Processing /home/airflow/.local/lib/python3.7/site-packages/airflow/example_dags/example_short_circuit_operator.py took 0.102 seconds
[2022-03-16 00:11:20,561] {processor.py:163} INFO - Started process (PID=3516) to work on /home/airflow/.local/lib/python3.7/site-packages/airflow/example_dags/example_short_circuit_operator.py
[2022-03-16 00:11:20,562] {processor.py:642} INFO - Processing file /home/airflow/.local/lib/python3.7/site-packages/airflow/example_dags/example_short_circuit_operator.py for tasks to queue
[2022-03-16 00:11:20,562] {logging_mixin.py:109} INFO - [2022-03-16 00:11:20,562] {dagbag.py:500} INFO - Filling up the DagBag from /home/airflow/.local/lib/python3.7/site-packages/airflow/example_dags/example_short_circuit_operator.py
[2022-03-16 00:11:20,581] {processor.py:654} INFO - DAG(s) dict_keys(['example_short_circuit_operator']) retrieved from /home/airflow/.local/lib/python3.7/site-packages/airflow/example_dags/example_short_circuit_operator.py
[2022-03-16 00:11:20,588] {logging_mixin.py:109} INFO - [2022-03-16 00:11:20,588] {dag.py:2398} INFO - Sync 1 DAGs
[2022-03-16 00:11:20,598] {logging_mixin.py:109} INFO - [2022-03-16 00:11:20,598] {dag.py:2937} INFO - Setting next_dagrun for example_short_circuit_operator to 2022-03-15T00:11:20.598576+00:00
[2022-03-16 00:11:20,653] {processor.py:171} INFO - Processing /home/airflow/.local/lib/python3.7/site-packages/airflow/example_dags/example_short_circuit_operator.py took 0.093 seconds
[2022-03-16 00:11:52,649] {processor.py:163} INFO - Started process (PID=3575) to work on /home/airflow/.local/lib/python3.7/site-packages/airflow/example_dags/example_short_circuit_operator.py
[2022-03-16 00:11:52,654] {processor.py:642} INFO - Processing file /home/airflow/.local/lib/python3.7/site-packages/airflow/example_dags/example_short_circuit_operator.py for tasks to queue
[2022-03-16 00:11:52,655] {logging_mixin.py:109} INFO - [2022-03-16 00:11:52,655] {dagbag.py:500} INFO - Filling up the DagBag from /home/airflow/.local/lib/python3.7/site-packages/airflow/example_dags/example_short_circuit_operator.py
[2022-03-16 00:11:52,674] {processor.py:654} INFO - DAG(s) dict_keys(['example_short_circuit_operator']) retrieved from /home/airflow/.local/lib/python3.7/site-packages/airflow/example_dags/example_short_circuit_operator.py
[2022-03-16 00:11:52,681] {logging_mixin.py:109} INFO - [2022-03-16 00:11:52,680] {dag.py:2398} INFO - Sync 1 DAGs
[2022-03-16 00:11:52,691] {logging_mixin.py:109} INFO - [2022-03-16 00:11:52,691] {dag.py:2937} INFO - Setting next_dagrun for example_short_circuit_operator to 2022-03-15T00:11:52.691295+00:00
[2022-03-16 00:11:52,738] {processor.py:171} INFO - Processing /home/airflow/.local/lib/python3.7/site-packages/airflow/example_dags/example_short_circuit_operator.py took 0.091 seconds
[2022-03-16 00:12:23,028] {processor.py:163} INFO - Started process (PID=3633) to work on /home/airflow/.local/lib/python3.7/site-packages/airflow/example_dags/example_short_circuit_operator.py
[2022-03-16 00:12:23,035] {processor.py:642} INFO - Processing file /home/airflow/.local/lib/python3.7/site-packages/airflow/example_dags/example_short_circuit_operator.py for tasks to queue
[2022-03-16 00:12:23,035] {logging_mixin.py:109} INFO - [2022-03-16 00:12:23,035] {dagbag.py:500} INFO - Filling up the DagBag from /home/airflow/.local/lib/python3.7/site-packages/airflow/example_dags/example_short_circuit_operator.py
[2022-03-16 00:12:23,055] {processor.py:654} INFO - DAG(s) dict_keys(['example_short_circuit_operator']) retrieved from /home/airflow/.local/lib/python3.7/site-packages/airflow/example_dags/example_short_circuit_operator.py
[2022-03-16 00:12:23,063] {logging_mixin.py:109} INFO - [2022-03-16 00:12:23,062] {dag.py:2398} INFO - Sync 1 DAGs
[2022-03-16 00:12:23,078] {logging_mixin.py:109} INFO - [2022-03-16 00:12:23,077] {dag.py:2937} INFO - Setting next_dagrun for example_short_circuit_operator to 2022-03-15T00:12:23.077663+00:00
[2022-03-16 00:12:23,119] {processor.py:171} INFO - Processing /home/airflow/.local/lib/python3.7/site-packages/airflow/example_dags/example_short_circuit_operator.py took 0.093 seconds
[2022-03-16 00:12:53,796] {processor.py:163} INFO - Started process (PID=3692) to work on /home/airflow/.local/lib/python3.7/site-packages/airflow/example_dags/example_short_circuit_operator.py
[2022-03-16 00:12:53,802] {processor.py:642} INFO - Processing file /home/airflow/.local/lib/python3.7/site-packages/airflow/example_dags/example_short_circuit_operator.py for tasks to queue
[2022-03-16 00:12:53,802] {logging_mixin.py:109} INFO - [2022-03-16 00:12:53,802] {dagbag.py:500} INFO - Filling up the DagBag from /home/airflow/.local/lib/python3.7/site-packages/airflow/example_dags/example_short_circuit_operator.py
[2022-03-16 00:12:53,822] {processor.py:654} INFO - DAG(s) dict_keys(['example_short_circuit_operator']) retrieved from /home/airflow/.local/lib/python3.7/site-packages/airflow/example_dags/example_short_circuit_operator.py
[2022-03-16 00:12:53,831] {logging_mixin.py:109} INFO - [2022-03-16 00:12:53,831] {dag.py:2398} INFO - Sync 1 DAGs
[2022-03-16 00:12:53,843] {logging_mixin.py:109} INFO - [2022-03-16 00:12:53,843] {dag.py:2937} INFO - Setting next_dagrun for example_short_circuit_operator to 2022-03-15T00:12:53.843558+00:00
[2022-03-16 00:12:53,922] {processor.py:171} INFO - Processing /home/airflow/.local/lib/python3.7/site-packages/airflow/example_dags/example_short_circuit_operator.py took 0.128 seconds
[2022-03-16 00:13:24,639] {processor.py:163} INFO - Started process (PID=3756) to work on /home/airflow/.local/lib/python3.7/site-packages/airflow/example_dags/example_short_circuit_operator.py
[2022-03-16 00:13:24,640] {processor.py:642} INFO - Processing file /home/airflow/.local/lib/python3.7/site-packages/airflow/example_dags/example_short_circuit_operator.py for tasks to queue
[2022-03-16 00:13:24,640] {logging_mixin.py:109} INFO - [2022-03-16 00:13:24,640] {dagbag.py:500} INFO - Filling up the DagBag from /home/airflow/.local/lib/python3.7/site-packages/airflow/example_dags/example_short_circuit_operator.py
[2022-03-16 00:13:24,660] {processor.py:654} INFO - DAG(s) dict_keys(['example_short_circuit_operator']) retrieved from /home/airflow/.local/lib/python3.7/site-packages/airflow/example_dags/example_short_circuit_operator.py
[2022-03-16 00:13:24,669] {logging_mixin.py:109} INFO - [2022-03-16 00:13:24,669] {dag.py:2398} INFO - Sync 1 DAGs
[2022-03-16 00:13:24,682] {logging_mixin.py:109} INFO - [2022-03-16 00:13:24,682] {dag.py:2937} INFO - Setting next_dagrun for example_short_circuit_operator to 2022-03-15T00:13:24.682421+00:00
[2022-03-16 00:13:24,728] {processor.py:171} INFO - Processing /home/airflow/.local/lib/python3.7/site-packages/airflow/example_dags/example_short_circuit_operator.py took 0.092 seconds
[2022-03-16 00:13:54,875] {processor.py:163} INFO - Started process (PID=3807) to work on /home/airflow/.local/lib/python3.7/site-packages/airflow/example_dags/example_short_circuit_operator.py
[2022-03-16 00:13:54,876] {processor.py:642} INFO - Processing file /home/airflow/.local/lib/python3.7/site-packages/airflow/example_dags/example_short_circuit_operator.py for tasks to queue
[2022-03-16 00:13:54,877] {logging_mixin.py:109} INFO - [2022-03-16 00:13:54,877] {dagbag.py:500} INFO - Filling up the DagBag from /home/airflow/.local/lib/python3.7/site-packages/airflow/example_dags/example_short_circuit_operator.py
[2022-03-16 00:13:54,895] {processor.py:654} INFO - DAG(s) dict_keys(['example_short_circuit_operator']) retrieved from /home/airflow/.local/lib/python3.7/site-packages/airflow/example_dags/example_short_circuit_operator.py
[2022-03-16 00:13:54,902] {logging_mixin.py:109} INFO - [2022-03-16 00:13:54,902] {dag.py:2398} INFO - Sync 1 DAGs
[2022-03-16 00:13:54,913] {logging_mixin.py:109} INFO - [2022-03-16 00:13:54,912] {dag.py:2937} INFO - Setting next_dagrun for example_short_circuit_operator to 2022-03-15T00:13:54.912738+00:00
[2022-03-16 00:13:54,970] {processor.py:171} INFO - Processing /home/airflow/.local/lib/python3.7/site-packages/airflow/example_dags/example_short_circuit_operator.py took 0.097 seconds
[2022-03-16 00:14:25,098] {processor.py:163} INFO - Started process (PID=3867) to work on /home/airflow/.local/lib/python3.7/site-packages/airflow/example_dags/example_short_circuit_operator.py
[2022-03-16 00:14:25,108] {processor.py:642} INFO - Processing file /home/airflow/.local/lib/python3.7/site-packages/airflow/example_dags/example_short_circuit_operator.py for tasks to queue
[2022-03-16 00:14:25,108] {logging_mixin.py:109} INFO - [2022-03-16 00:14:25,108] {dagbag.py:500} INFO - Filling up the DagBag from /home/airflow/.local/lib/python3.7/site-packages/airflow/example_dags/example_short_circuit_operator.py
[2022-03-16 00:14:25,130] {processor.py:654} INFO - DAG(s) dict_keys(['example_short_circuit_operator']) retrieved from /home/airflow/.local/lib/python3.7/site-packages/airflow/example_dags/example_short_circuit_operator.py
[2022-03-16 00:14:25,141] {logging_mixin.py:109} INFO - [2022-03-16 00:14:25,140] {dag.py:2398} INFO - Sync 1 DAGs
[2022-03-16 00:14:25,158] {logging_mixin.py:109} INFO - [2022-03-16 00:14:25,158] {dag.py:2937} INFO - Setting next_dagrun for example_short_circuit_operator to 2022-03-15T00:14:25.158481+00:00
[2022-03-16 00:14:25,206] {processor.py:171} INFO - Processing /home/airflow/.local/lib/python3.7/site-packages/airflow/example_dags/example_short_circuit_operator.py took 0.110 seconds
[2022-03-16 00:14:56,134] {processor.py:163} INFO - Started process (PID=3938) to work on /home/airflow/.local/lib/python3.7/site-packages/airflow/example_dags/example_short_circuit_operator.py
[2022-03-16 00:14:56,142] {processor.py:642} INFO - Processing file /home/airflow/.local/lib/python3.7/site-packages/airflow/example_dags/example_short_circuit_operator.py for tasks to queue
[2022-03-16 00:14:56,142] {logging_mixin.py:109} INFO - [2022-03-16 00:14:56,142] {dagbag.py:500} INFO - Filling up the DagBag from /home/airflow/.local/lib/python3.7/site-packages/airflow/example_dags/example_short_circuit_operator.py
[2022-03-16 00:14:56,166] {processor.py:654} INFO - DAG(s) dict_keys(['example_short_circuit_operator']) retrieved from /home/airflow/.local/lib/python3.7/site-packages/airflow/example_dags/example_short_circuit_operator.py
[2022-03-16 00:14:56,176] {logging_mixin.py:109} INFO - [2022-03-16 00:14:56,176] {dag.py:2398} INFO - Sync 1 DAGs
[2022-03-16 00:14:56,192] {logging_mixin.py:109} INFO - [2022-03-16 00:14:56,192] {dag.py:2937} INFO - Setting next_dagrun for example_short_circuit_operator to 2022-03-15T00:14:56.192264+00:00
[2022-03-16 00:14:56,244] {processor.py:171} INFO - Processing /home/airflow/.local/lib/python3.7/site-packages/airflow/example_dags/example_short_circuit_operator.py took 0.114 seconds
[2022-03-16 00:15:26,790] {processor.py:163} INFO - Started process (PID=3991) to work on /home/airflow/.local/lib/python3.7/site-packages/airflow/example_dags/example_short_circuit_operator.py
[2022-03-16 00:15:26,858] {processor.py:642} INFO - Processing file /home/airflow/.local/lib/python3.7/site-packages/airflow/example_dags/example_short_circuit_operator.py for tasks to queue
[2022-03-16 00:15:26,859] {logging_mixin.py:109} INFO - [2022-03-16 00:15:26,859] {dagbag.py:500} INFO - Filling up the DagBag from /home/airflow/.local/lib/python3.7/site-packages/airflow/example_dags/example_short_circuit_operator.py
[2022-03-16 00:15:26,910] {processor.py:654} INFO - DAG(s) dict_keys(['example_short_circuit_operator']) retrieved from /home/airflow/.local/lib/python3.7/site-packages/airflow/example_dags/example_short_circuit_operator.py
[2022-03-16 00:15:26,919] {logging_mixin.py:109} INFO - [2022-03-16 00:15:26,919] {dag.py:2398} INFO - Sync 1 DAGs
[2022-03-16 00:15:26,934] {logging_mixin.py:109} INFO - [2022-03-16 00:15:26,934] {dag.py:2937} INFO - Setting next_dagrun for example_short_circuit_operator to 2022-03-15T00:15:26.934005+00:00
[2022-03-16 00:15:26,981] {processor.py:171} INFO - Processing /home/airflow/.local/lib/python3.7/site-packages/airflow/example_dags/example_short_circuit_operator.py took 0.193 seconds
[2022-03-16 00:15:59,442] {processor.py:163} INFO - Started process (PID=4041) to work on /home/airflow/.local/lib/python3.7/site-packages/airflow/example_dags/example_short_circuit_operator.py
[2022-03-16 00:15:59,453] {processor.py:642} INFO - Processing file /home/airflow/.local/lib/python3.7/site-packages/airflow/example_dags/example_short_circuit_operator.py for tasks to queue
[2022-03-16 00:15:59,454] {logging_mixin.py:109} INFO - [2022-03-16 00:15:59,454] {dagbag.py:500} INFO - Filling up the DagBag from /home/airflow/.local/lib/python3.7/site-packages/airflow/example_dags/example_short_circuit_operator.py
[2022-03-16 00:15:59,476] {processor.py:654} INFO - DAG(s) dict_keys(['example_short_circuit_operator']) retrieved from /home/airflow/.local/lib/python3.7/site-packages/airflow/example_dags/example_short_circuit_operator.py
[2022-03-16 00:15:59,485] {logging_mixin.py:109} INFO - [2022-03-16 00:15:59,485] {dag.py:2398} INFO - Sync 1 DAGs
[2022-03-16 00:15:59,497] {logging_mixin.py:109} INFO - [2022-03-16 00:15:59,497] {dag.py:2937} INFO - Setting next_dagrun for example_short_circuit_operator to 2022-03-15T00:15:59.497116+00:00
[2022-03-16 00:15:59,845] {processor.py:171} INFO - Processing /home/airflow/.local/lib/python3.7/site-packages/airflow/example_dags/example_short_circuit_operator.py took 0.405 seconds
[2022-03-16 00:16:31,218] {processor.py:163} INFO - Started process (PID=4113) to work on /home/airflow/.local/lib/python3.7/site-packages/airflow/example_dags/example_short_circuit_operator.py
[2022-03-16 00:16:31,224] {processor.py:642} INFO - Processing file /home/airflow/.local/lib/python3.7/site-packages/airflow/example_dags/example_short_circuit_operator.py for tasks to queue
[2022-03-16 00:16:31,225] {logging_mixin.py:109} INFO - [2022-03-16 00:16:31,225] {dagbag.py:500} INFO - Filling up the DagBag from /home/airflow/.local/lib/python3.7/site-packages/airflow/example_dags/example_short_circuit_operator.py
[2022-03-16 00:16:31,243] {processor.py:654} INFO - DAG(s) dict_keys(['example_short_circuit_operator']) retrieved from /home/airflow/.local/lib/python3.7/site-packages/airflow/example_dags/example_short_circuit_operator.py
[2022-03-16 00:16:31,250] {logging_mixin.py:109} INFO - [2022-03-16 00:16:31,250] {dag.py:2398} INFO - Sync 1 DAGs
[2022-03-16 00:16:31,261] {logging_mixin.py:109} INFO - [2022-03-16 00:16:31,261] {dag.py:2937} INFO - Setting next_dagrun for example_short_circuit_operator to 2022-03-15T00:16:31.261372+00:00
[2022-03-16 00:16:31,327] {processor.py:171} INFO - Processing /home/airflow/.local/lib/python3.7/site-packages/airflow/example_dags/example_short_circuit_operator.py took 0.111 seconds
[2022-03-16 00:17:01,527] {processor.py:163} INFO - Started process (PID=4172) to work on /home/airflow/.local/lib/python3.7/site-packages/airflow/example_dags/example_short_circuit_operator.py
[2022-03-16 00:17:01,538] {processor.py:642} INFO - Processing file /home/airflow/.local/lib/python3.7/site-packages/airflow/example_dags/example_short_circuit_operator.py for tasks to queue
[2022-03-16 00:17:01,539] {logging_mixin.py:109} INFO - [2022-03-16 00:17:01,539] {dagbag.py:500} INFO - Filling up the DagBag from /home/airflow/.local/lib/python3.7/site-packages/airflow/example_dags/example_short_circuit_operator.py
[2022-03-16 00:17:01,563] {processor.py:654} INFO - DAG(s) dict_keys(['example_short_circuit_operator']) retrieved from /home/airflow/.local/lib/python3.7/site-packages/airflow/example_dags/example_short_circuit_operator.py
[2022-03-16 00:17:01,571] {logging_mixin.py:109} INFO - [2022-03-16 00:17:01,571] {dag.py:2398} INFO - Sync 1 DAGs
[2022-03-16 00:17:01,583] {logging_mixin.py:109} INFO - [2022-03-16 00:17:01,583] {dag.py:2937} INFO - Setting next_dagrun for example_short_circuit_operator to 2022-03-15T00:17:01.583669+00:00
[2022-03-16 00:17:02,883] {processor.py:171} INFO - Processing /home/airflow/.local/lib/python3.7/site-packages/airflow/example_dags/example_short_circuit_operator.py took 1.357 seconds
[2022-03-16 00:17:33,350] {processor.py:163} INFO - Started process (PID=4232) to work on /home/airflow/.local/lib/python3.7/site-packages/airflow/example_dags/example_short_circuit_operator.py
[2022-03-16 00:17:33,359] {processor.py:642} INFO - Processing file /home/airflow/.local/lib/python3.7/site-packages/airflow/example_dags/example_short_circuit_operator.py for tasks to queue
[2022-03-16 00:17:33,359] {logging_mixin.py:109} INFO - [2022-03-16 00:17:33,359] {dagbag.py:500} INFO - Filling up the DagBag from /home/airflow/.local/lib/python3.7/site-packages/airflow/example_dags/example_short_circuit_operator.py
[2022-03-16 00:17:33,383] {processor.py:654} INFO - DAG(s) dict_keys(['example_short_circuit_operator']) retrieved from /home/airflow/.local/lib/python3.7/site-packages/airflow/example_dags/example_short_circuit_operator.py
[2022-03-16 00:17:33,391] {logging_mixin.py:109} INFO - [2022-03-16 00:17:33,391] {dag.py:2398} INFO - Sync 1 DAGs
[2022-03-16 00:17:33,405] {logging_mixin.py:109} INFO - [2022-03-16 00:17:33,405] {dag.py:2937} INFO - Setting next_dagrun for example_short_circuit_operator to 2022-03-15T00:17:33.404961+00:00
[2022-03-16 00:17:33,455] {processor.py:171} INFO - Processing /home/airflow/.local/lib/python3.7/site-packages/airflow/example_dags/example_short_circuit_operator.py took 0.110 seconds
[2022-03-16 00:18:04,774] {processor.py:163} INFO - Started process (PID=4284) to work on /home/airflow/.local/lib/python3.7/site-packages/airflow/example_dags/example_short_circuit_operator.py
[2022-03-16 00:18:04,775] {processor.py:642} INFO - Processing file /home/airflow/.local/lib/python3.7/site-packages/airflow/example_dags/example_short_circuit_operator.py for tasks to queue
[2022-03-16 00:18:04,776] {logging_mixin.py:109} INFO - [2022-03-16 00:18:04,775] {dagbag.py:500} INFO - Filling up the DagBag from /home/airflow/.local/lib/python3.7/site-packages/airflow/example_dags/example_short_circuit_operator.py
[2022-03-16 00:18:04,804] {processor.py:654} INFO - DAG(s) dict_keys(['example_short_circuit_operator']) retrieved from /home/airflow/.local/lib/python3.7/site-packages/airflow/example_dags/example_short_circuit_operator.py
[2022-03-16 00:18:04,816] {logging_mixin.py:109} INFO - [2022-03-16 00:18:04,816] {dag.py:2398} INFO - Sync 1 DAGs
[2022-03-16 00:18:04,837] {logging_mixin.py:109} INFO - [2022-03-16 00:18:04,836] {dag.py:2937} INFO - Setting next_dagrun for example_short_circuit_operator to 2022-03-15T00:18:04.836662+00:00
[2022-03-16 00:18:04,884] {processor.py:171} INFO - Processing /home/airflow/.local/lib/python3.7/site-packages/airflow/example_dags/example_short_circuit_operator.py took 0.113 seconds
[2022-03-16 00:18:35,581] {processor.py:163} INFO - Started process (PID=4358) to work on /home/airflow/.local/lib/python3.7/site-packages/airflow/example_dags/example_short_circuit_operator.py
[2022-03-16 00:18:35,593] {processor.py:642} INFO - Processing file /home/airflow/.local/lib/python3.7/site-packages/airflow/example_dags/example_short_circuit_operator.py for tasks to queue
[2022-03-16 00:18:35,593] {logging_mixin.py:109} INFO - [2022-03-16 00:18:35,593] {dagbag.py:500} INFO - Filling up the DagBag from /home/airflow/.local/lib/python3.7/site-packages/airflow/example_dags/example_short_circuit_operator.py
[2022-03-16 00:18:35,614] {processor.py:654} INFO - DAG(s) dict_keys(['example_short_circuit_operator']) retrieved from /home/airflow/.local/lib/python3.7/site-packages/airflow/example_dags/example_short_circuit_operator.py
[2022-03-16 00:18:35,622] {logging_mixin.py:109} INFO - [2022-03-16 00:18:35,622] {dag.py:2398} INFO - Sync 1 DAGs
[2022-03-16 00:18:35,634] {logging_mixin.py:109} INFO - [2022-03-16 00:18:35,634] {dag.py:2937} INFO - Setting next_dagrun for example_short_circuit_operator to 2022-03-15T00:18:35.634031+00:00
[2022-03-16 00:18:35,685] {processor.py:171} INFO - Processing /home/airflow/.local/lib/python3.7/site-packages/airflow/example_dags/example_short_circuit_operator.py took 0.106 seconds
[2022-03-16 00:19:07,625] {processor.py:163} INFO - Started process (PID=4419) to work on /home/airflow/.local/lib/python3.7/site-packages/airflow/example_dags/example_short_circuit_operator.py
[2022-03-16 00:19:07,687] {processor.py:642} INFO - Processing file /home/airflow/.local/lib/python3.7/site-packages/airflow/example_dags/example_short_circuit_operator.py for tasks to queue
[2022-03-16 00:19:07,688] {logging_mixin.py:109} INFO - [2022-03-16 00:19:07,688] {dagbag.py:500} INFO - Filling up the DagBag from /home/airflow/.local/lib/python3.7/site-packages/airflow/example_dags/example_short_circuit_operator.py
[2022-03-16 00:19:07,723] {processor.py:654} INFO - DAG(s) dict_keys(['example_short_circuit_operator']) retrieved from /home/airflow/.local/lib/python3.7/site-packages/airflow/example_dags/example_short_circuit_operator.py
[2022-03-16 00:19:07,732] {logging_mixin.py:109} INFO - [2022-03-16 00:19:07,732] {dag.py:2398} INFO - Sync 1 DAGs
[2022-03-16 00:19:07,747] {logging_mixin.py:109} INFO - [2022-03-16 00:19:07,747] {dag.py:2937} INFO - Setting next_dagrun for example_short_circuit_operator to 2022-03-15T00:19:07.747490+00:00
[2022-03-16 00:19:07,796] {processor.py:171} INFO - Processing /home/airflow/.local/lib/python3.7/site-packages/airflow/example_dags/example_short_circuit_operator.py took 0.175 seconds
[2022-03-16 00:19:39,199] {processor.py:163} INFO - Started process (PID=4478) to work on /home/airflow/.local/lib/python3.7/site-packages/airflow/example_dags/example_short_circuit_operator.py
[2022-03-16 00:19:39,222] {processor.py:642} INFO - Processing file /home/airflow/.local/lib/python3.7/site-packages/airflow/example_dags/example_short_circuit_operator.py for tasks to queue
[2022-03-16 00:19:39,223] {logging_mixin.py:109} INFO - [2022-03-16 00:19:39,222] {dagbag.py:500} INFO - Filling up the DagBag from /home/airflow/.local/lib/python3.7/site-packages/airflow/example_dags/example_short_circuit_operator.py
[2022-03-16 00:19:39,245] {processor.py:654} INFO - DAG(s) dict_keys(['example_short_circuit_operator']) retrieved from /home/airflow/.local/lib/python3.7/site-packages/airflow/example_dags/example_short_circuit_operator.py
[2022-03-16 00:19:39,253] {logging_mixin.py:109} INFO - [2022-03-16 00:19:39,253] {dag.py:2398} INFO - Sync 1 DAGs
[2022-03-16 00:19:39,265] {logging_mixin.py:109} INFO - [2022-03-16 00:19:39,265] {dag.py:2937} INFO - Setting next_dagrun for example_short_circuit_operator to 2022-03-15T00:19:39.265212+00:00
[2022-03-16 00:19:39,355] {processor.py:171} INFO - Processing /home/airflow/.local/lib/python3.7/site-packages/airflow/example_dags/example_short_circuit_operator.py took 0.160 seconds
[2022-03-16 00:20:09,960] {processor.py:163} INFO - Started process (PID=4531) to work on /home/airflow/.local/lib/python3.7/site-packages/airflow/example_dags/example_short_circuit_operator.py
[2022-03-16 00:20:09,964] {processor.py:642} INFO - Processing file /home/airflow/.local/lib/python3.7/site-packages/airflow/example_dags/example_short_circuit_operator.py for tasks to queue
[2022-03-16 00:20:09,965] {logging_mixin.py:109} INFO - [2022-03-16 00:20:09,965] {dagbag.py:500} INFO - Filling up the DagBag from /home/airflow/.local/lib/python3.7/site-packages/airflow/example_dags/example_short_circuit_operator.py
[2022-03-16 00:20:09,997] {processor.py:654} INFO - DAG(s) dict_keys(['example_short_circuit_operator']) retrieved from /home/airflow/.local/lib/python3.7/site-packages/airflow/example_dags/example_short_circuit_operator.py
[2022-03-16 00:20:10,004] {logging_mixin.py:109} INFO - [2022-03-16 00:20:10,004] {dag.py:2398} INFO - Sync 1 DAGs
[2022-03-16 00:20:10,015] {logging_mixin.py:109} INFO - [2022-03-16 00:20:10,015] {dag.py:2937} INFO - Setting next_dagrun for example_short_circuit_operator to 2022-03-15T00:20:10.015588+00:00
[2022-03-16 00:20:10,247] {processor.py:171} INFO - Processing /home/airflow/.local/lib/python3.7/site-packages/airflow/example_dags/example_short_circuit_operator.py took 0.295 seconds
[2022-03-16 00:20:40,590] {processor.py:163} INFO - Started process (PID=4605) to work on /home/airflow/.local/lib/python3.7/site-packages/airflow/example_dags/example_short_circuit_operator.py
[2022-03-16 00:20:40,613] {processor.py:642} INFO - Processing file /home/airflow/.local/lib/python3.7/site-packages/airflow/example_dags/example_short_circuit_operator.py for tasks to queue
[2022-03-16 00:20:40,615] {logging_mixin.py:109} INFO - [2022-03-16 00:20:40,614] {dagbag.py:500} INFO - Filling up the DagBag from /home/airflow/.local/lib/python3.7/site-packages/airflow/example_dags/example_short_circuit_operator.py
[2022-03-16 00:20:40,661] {processor.py:654} INFO - DAG(s) dict_keys(['example_short_circuit_operator']) retrieved from /home/airflow/.local/lib/python3.7/site-packages/airflow/example_dags/example_short_circuit_operator.py
[2022-03-16 00:20:40,667] {logging_mixin.py:109} INFO - [2022-03-16 00:20:40,667] {dag.py:2398} INFO - Sync 1 DAGs
[2022-03-16 00:20:40,678] {logging_mixin.py:109} INFO - [2022-03-16 00:20:40,678] {dag.py:2937} INFO - Setting next_dagrun for example_short_circuit_operator to 2022-03-15T00:20:40.678461+00:00
[2022-03-16 00:20:40,722] {processor.py:171} INFO - Processing /home/airflow/.local/lib/python3.7/site-packages/airflow/example_dags/example_short_circuit_operator.py took 0.138 seconds
[2022-03-16 00:21:12,116] {processor.py:163} INFO - Started process (PID=4665) to work on /home/airflow/.local/lib/python3.7/site-packages/airflow/example_dags/example_short_circuit_operator.py
[2022-03-16 00:21:12,181] {processor.py:642} INFO - Processing file /home/airflow/.local/lib/python3.7/site-packages/airflow/example_dags/example_short_circuit_operator.py for tasks to queue
[2022-03-16 00:21:12,183] {logging_mixin.py:109} INFO - [2022-03-16 00:21:12,182] {dagbag.py:500} INFO - Filling up the DagBag from /home/airflow/.local/lib/python3.7/site-packages/airflow/example_dags/example_short_circuit_operator.py
[2022-03-16 00:21:12,230] {processor.py:654} INFO - DAG(s) dict_keys(['example_short_circuit_operator']) retrieved from /home/airflow/.local/lib/python3.7/site-packages/airflow/example_dags/example_short_circuit_operator.py
[2022-03-16 00:21:12,238] {logging_mixin.py:109} INFO - [2022-03-16 00:21:12,238] {dag.py:2398} INFO - Sync 1 DAGs
[2022-03-16 00:21:12,252] {logging_mixin.py:109} INFO - [2022-03-16 00:21:12,252] {dag.py:2937} INFO - Setting next_dagrun for example_short_circuit_operator to 2022-03-15T00:21:12.252230+00:00
[2022-03-16 00:21:12,294] {processor.py:171} INFO - Processing /home/airflow/.local/lib/python3.7/site-packages/airflow/example_dags/example_short_circuit_operator.py took 0.180 seconds
[2022-03-16 00:21:43,617] {processor.py:163} INFO - Started process (PID=4724) to work on /home/airflow/.local/lib/python3.7/site-packages/airflow/example_dags/example_short_circuit_operator.py
[2022-03-16 00:21:43,813] {processor.py:642} INFO - Processing file /home/airflow/.local/lib/python3.7/site-packages/airflow/example_dags/example_short_circuit_operator.py for tasks to queue
[2022-03-16 00:21:43,814] {logging_mixin.py:109} INFO - [2022-03-16 00:21:43,814] {dagbag.py:500} INFO - Filling up the DagBag from /home/airflow/.local/lib/python3.7/site-packages/airflow/example_dags/example_short_circuit_operator.py
[2022-03-16 00:21:43,863] {processor.py:654} INFO - DAG(s) dict_keys(['example_short_circuit_operator']) retrieved from /home/airflow/.local/lib/python3.7/site-packages/airflow/example_dags/example_short_circuit_operator.py
[2022-03-16 00:21:43,870] {logging_mixin.py:109} INFO - [2022-03-16 00:21:43,870] {dag.py:2398} INFO - Sync 1 DAGs
[2022-03-16 00:21:43,881] {logging_mixin.py:109} INFO - [2022-03-16 00:21:43,881] {dag.py:2937} INFO - Setting next_dagrun for example_short_circuit_operator to 2022-03-15T00:21:43.881377+00:00
[2022-03-16 00:21:43,948] {processor.py:171} INFO - Processing /home/airflow/.local/lib/python3.7/site-packages/airflow/example_dags/example_short_circuit_operator.py took 0.333 seconds
[2022-03-16 00:22:14,460] {processor.py:163} INFO - Started process (PID=4781) to work on /home/airflow/.local/lib/python3.7/site-packages/airflow/example_dags/example_short_circuit_operator.py
[2022-03-16 00:22:14,467] {processor.py:642} INFO - Processing file /home/airflow/.local/lib/python3.7/site-packages/airflow/example_dags/example_short_circuit_operator.py for tasks to queue
[2022-03-16 00:22:14,468] {logging_mixin.py:109} INFO - [2022-03-16 00:22:14,468] {dagbag.py:500} INFO - Filling up the DagBag from /home/airflow/.local/lib/python3.7/site-packages/airflow/example_dags/example_short_circuit_operator.py
[2022-03-16 00:22:14,489] {processor.py:654} INFO - DAG(s) dict_keys(['example_short_circuit_operator']) retrieved from /home/airflow/.local/lib/python3.7/site-packages/airflow/example_dags/example_short_circuit_operator.py
[2022-03-16 00:22:14,495] {logging_mixin.py:109} INFO - [2022-03-16 00:22:14,495] {dag.py:2398} INFO - Sync 1 DAGs
[2022-03-16 00:22:14,506] {logging_mixin.py:109} INFO - [2022-03-16 00:22:14,506] {dag.py:2937} INFO - Setting next_dagrun for example_short_circuit_operator to 2022-03-15T00:22:14.506616+00:00
[2022-03-16 00:22:15,239] {processor.py:171} INFO - Processing /home/airflow/.local/lib/python3.7/site-packages/airflow/example_dags/example_short_circuit_operator.py took 0.781 seconds
[2022-03-16 00:22:45,778] {processor.py:163} INFO - Started process (PID=4856) to work on /home/airflow/.local/lib/python3.7/site-packages/airflow/example_dags/example_short_circuit_operator.py
[2022-03-16 00:22:45,820] {processor.py:642} INFO - Processing file /home/airflow/.local/lib/python3.7/site-packages/airflow/example_dags/example_short_circuit_operator.py for tasks to queue
[2022-03-16 00:22:45,821] {logging_mixin.py:109} INFO - [2022-03-16 00:22:45,820] {dagbag.py:500} INFO - Filling up the DagBag from /home/airflow/.local/lib/python3.7/site-packages/airflow/example_dags/example_short_circuit_operator.py
[2022-03-16 00:22:45,849] {processor.py:654} INFO - DAG(s) dict_keys(['example_short_circuit_operator']) retrieved from /home/airflow/.local/lib/python3.7/site-packages/airflow/example_dags/example_short_circuit_operator.py
[2022-03-16 00:22:45,858] {logging_mixin.py:109} INFO - [2022-03-16 00:22:45,858] {dag.py:2398} INFO - Sync 1 DAGs
[2022-03-16 00:22:45,872] {logging_mixin.py:109} INFO - [2022-03-16 00:22:45,872] {dag.py:2937} INFO - Setting next_dagrun for example_short_circuit_operator to 2022-03-15T00:22:45.872588+00:00
[2022-03-16 00:22:45,914] {processor.py:171} INFO - Processing /home/airflow/.local/lib/python3.7/site-packages/airflow/example_dags/example_short_circuit_operator.py took 0.138 seconds
[2022-03-16 00:23:16,325] {processor.py:163} INFO - Started process (PID=4914) to work on /home/airflow/.local/lib/python3.7/site-packages/airflow/example_dags/example_short_circuit_operator.py
[2022-03-16 00:23:16,326] {processor.py:642} INFO - Processing file /home/airflow/.local/lib/python3.7/site-packages/airflow/example_dags/example_short_circuit_operator.py for tasks to queue
[2022-03-16 00:23:16,326] {logging_mixin.py:109} INFO - [2022-03-16 00:23:16,326] {dagbag.py:500} INFO - Filling up the DagBag from /home/airflow/.local/lib/python3.7/site-packages/airflow/example_dags/example_short_circuit_operator.py
[2022-03-16 00:23:16,347] {processor.py:654} INFO - DAG(s) dict_keys(['example_short_circuit_operator']) retrieved from /home/airflow/.local/lib/python3.7/site-packages/airflow/example_dags/example_short_circuit_operator.py
[2022-03-16 00:23:16,354] {logging_mixin.py:109} INFO - [2022-03-16 00:23:16,354] {dag.py:2398} INFO - Sync 1 DAGs
[2022-03-16 00:23:16,366] {logging_mixin.py:109} INFO - [2022-03-16 00:23:16,366] {dag.py:2937} INFO - Setting next_dagrun for example_short_circuit_operator to 2022-03-15T00:23:16.365957+00:00
[2022-03-16 00:23:16,429] {processor.py:171} INFO - Processing /home/airflow/.local/lib/python3.7/site-packages/airflow/example_dags/example_short_circuit_operator.py took 0.106 seconds
[2022-03-16 00:23:46,568] {processor.py:163} INFO - Started process (PID=4973) to work on /home/airflow/.local/lib/python3.7/site-packages/airflow/example_dags/example_short_circuit_operator.py
[2022-03-16 00:23:46,592] {processor.py:642} INFO - Processing file /home/airflow/.local/lib/python3.7/site-packages/airflow/example_dags/example_short_circuit_operator.py for tasks to queue
[2022-03-16 00:23:46,593] {logging_mixin.py:109} INFO - [2022-03-16 00:23:46,592] {dagbag.py:500} INFO - Filling up the DagBag from /home/airflow/.local/lib/python3.7/site-packages/airflow/example_dags/example_short_circuit_operator.py
[2022-03-16 00:23:46,611] {processor.py:654} INFO - DAG(s) dict_keys(['example_short_circuit_operator']) retrieved from /home/airflow/.local/lib/python3.7/site-packages/airflow/example_dags/example_short_circuit_operator.py
[2022-03-16 00:23:46,618] {logging_mixin.py:109} INFO - [2022-03-16 00:23:46,617] {dag.py:2398} INFO - Sync 1 DAGs
[2022-03-16 00:23:46,628] {logging_mixin.py:109} INFO - [2022-03-16 00:23:46,628] {dag.py:2937} INFO - Setting next_dagrun for example_short_circuit_operator to 2022-03-15T00:23:46.628551+00:00
[2022-03-16 00:23:47,638] {processor.py:171} INFO - Processing /home/airflow/.local/lib/python3.7/site-packages/airflow/example_dags/example_short_circuit_operator.py took 1.071 seconds
[2022-03-16 00:24:18,414] {processor.py:163} INFO - Started process (PID=5032) to work on /home/airflow/.local/lib/python3.7/site-packages/airflow/example_dags/example_short_circuit_operator.py
[2022-03-16 00:24:18,435] {processor.py:642} INFO - Processing file /home/airflow/.local/lib/python3.7/site-packages/airflow/example_dags/example_short_circuit_operator.py for tasks to queue
[2022-03-16 00:24:18,436] {logging_mixin.py:109} INFO - [2022-03-16 00:24:18,435] {dagbag.py:500} INFO - Filling up the DagBag from /home/airflow/.local/lib/python3.7/site-packages/airflow/example_dags/example_short_circuit_operator.py
[2022-03-16 00:24:18,462] {processor.py:654} INFO - DAG(s) dict_keys(['example_short_circuit_operator']) retrieved from /home/airflow/.local/lib/python3.7/site-packages/airflow/example_dags/example_short_circuit_operator.py
[2022-03-16 00:24:18,472] {logging_mixin.py:109} INFO - [2022-03-16 00:24:18,472] {dag.py:2398} INFO - Sync 1 DAGs
[2022-03-16 00:24:18,487] {logging_mixin.py:109} INFO - [2022-03-16 00:24:18,487] {dag.py:2937} INFO - Setting next_dagrun for example_short_circuit_operator to 2022-03-15T00:24:18.487406+00:00
[2022-03-16 00:24:19,059] {processor.py:171} INFO - Processing /home/airflow/.local/lib/python3.7/site-packages/airflow/example_dags/example_short_circuit_operator.py took 0.649 seconds
[2022-03-16 00:24:49,088] {processor.py:163} INFO - Started process (PID=5105) to work on /home/airflow/.local/lib/python3.7/site-packages/airflow/example_dags/example_short_circuit_operator.py
[2022-03-16 00:24:49,095] {processor.py:642} INFO - Processing file /home/airflow/.local/lib/python3.7/site-packages/airflow/example_dags/example_short_circuit_operator.py for tasks to queue
[2022-03-16 00:24:49,096] {logging_mixin.py:109} INFO - [2022-03-16 00:24:49,095] {dagbag.py:500} INFO - Filling up the DagBag from /home/airflow/.local/lib/python3.7/site-packages/airflow/example_dags/example_short_circuit_operator.py
[2022-03-16 00:24:49,114] {processor.py:654} INFO - DAG(s) dict_keys(['example_short_circuit_operator']) retrieved from /home/airflow/.local/lib/python3.7/site-packages/airflow/example_dags/example_short_circuit_operator.py
[2022-03-16 00:24:49,120] {logging_mixin.py:109} INFO - [2022-03-16 00:24:49,120] {dag.py:2398} INFO - Sync 1 DAGs
[2022-03-16 00:24:49,131] {logging_mixin.py:109} INFO - [2022-03-16 00:24:49,131] {dag.py:2937} INFO - Setting next_dagrun for example_short_circuit_operator to 2022-03-15T00:24:49.130951+00:00
[2022-03-16 00:24:49,191] {processor.py:171} INFO - Processing /home/airflow/.local/lib/python3.7/site-packages/airflow/example_dags/example_short_circuit_operator.py took 0.105 seconds
[2022-03-16 00:25:20,020] {processor.py:163} INFO - Started process (PID=5162) to work on /home/airflow/.local/lib/python3.7/site-packages/airflow/example_dags/example_short_circuit_operator.py
[2022-03-16 00:25:20,028] {processor.py:642} INFO - Processing file /home/airflow/.local/lib/python3.7/site-packages/airflow/example_dags/example_short_circuit_operator.py for tasks to queue
[2022-03-16 00:25:20,029] {logging_mixin.py:109} INFO - [2022-03-16 00:25:20,029] {dagbag.py:500} INFO - Filling up the DagBag from /home/airflow/.local/lib/python3.7/site-packages/airflow/example_dags/example_short_circuit_operator.py
[2022-03-16 00:25:20,063] {processor.py:654} INFO - DAG(s) dict_keys(['example_short_circuit_operator']) retrieved from /home/airflow/.local/lib/python3.7/site-packages/airflow/example_dags/example_short_circuit_operator.py
[2022-03-16 00:25:20,070] {logging_mixin.py:109} INFO - [2022-03-16 00:25:20,070] {dag.py:2398} INFO - Sync 1 DAGs
[2022-03-16 00:25:20,080] {logging_mixin.py:109} INFO - [2022-03-16 00:25:20,080] {dag.py:2937} INFO - Setting next_dagrun for example_short_circuit_operator to 2022-03-15T00:25:20.080585+00:00
[2022-03-16 00:25:20,524] {processor.py:171} INFO - Processing /home/airflow/.local/lib/python3.7/site-packages/airflow/example_dags/example_short_circuit_operator.py took 0.510 seconds
[2022-03-16 00:25:51,782] {processor.py:163} INFO - Started process (PID=5221) to work on /home/airflow/.local/lib/python3.7/site-packages/airflow/example_dags/example_short_circuit_operator.py
[2022-03-16 00:25:51,783] {processor.py:642} INFO - Processing file /home/airflow/.local/lib/python3.7/site-packages/airflow/example_dags/example_short_circuit_operator.py for tasks to queue
[2022-03-16 00:25:51,783] {logging_mixin.py:109} INFO - [2022-03-16 00:25:51,783] {dagbag.py:500} INFO - Filling up the DagBag from /home/airflow/.local/lib/python3.7/site-packages/airflow/example_dags/example_short_circuit_operator.py
[2022-03-16 00:25:51,802] {processor.py:654} INFO - DAG(s) dict_keys(['example_short_circuit_operator']) retrieved from /home/airflow/.local/lib/python3.7/site-packages/airflow/example_dags/example_short_circuit_operator.py
[2022-03-16 00:25:51,808] {logging_mixin.py:109} INFO - [2022-03-16 00:25:51,808] {dag.py:2398} INFO - Sync 1 DAGs
[2022-03-16 00:25:51,819] {logging_mixin.py:109} INFO - [2022-03-16 00:25:51,819] {dag.py:2937} INFO - Setting next_dagrun for example_short_circuit_operator to 2022-03-15T00:25:51.819188+00:00
[2022-03-16 00:25:52,817] {processor.py:171} INFO - Processing /home/airflow/.local/lib/python3.7/site-packages/airflow/example_dags/example_short_circuit_operator.py took 1.037 seconds
[2022-03-16 00:26:22,988] {processor.py:163} INFO - Started process (PID=5280) to work on /home/airflow/.local/lib/python3.7/site-packages/airflow/example_dags/example_short_circuit_operator.py
[2022-03-16 00:26:22,994] {processor.py:642} INFO - Processing file /home/airflow/.local/lib/python3.7/site-packages/airflow/example_dags/example_short_circuit_operator.py for tasks to queue
[2022-03-16 00:26:22,994] {logging_mixin.py:109} INFO - [2022-03-16 00:26:22,994] {dagbag.py:500} INFO - Filling up the DagBag from /home/airflow/.local/lib/python3.7/site-packages/airflow/example_dags/example_short_circuit_operator.py
[2022-03-16 00:26:23,022] {processor.py:654} INFO - DAG(s) dict_keys(['example_short_circuit_operator']) retrieved from /home/airflow/.local/lib/python3.7/site-packages/airflow/example_dags/example_short_circuit_operator.py
[2022-03-16 00:26:23,029] {logging_mixin.py:109} INFO - [2022-03-16 00:26:23,029] {dag.py:2398} INFO - Sync 1 DAGs
[2022-03-16 00:26:23,040] {logging_mixin.py:109} INFO - [2022-03-16 00:26:23,039] {dag.py:2937} INFO - Setting next_dagrun for example_short_circuit_operator to 2022-03-15T00:26:23.039761+00:00
[2022-03-16 00:26:23,080] {processor.py:171} INFO - Processing /home/airflow/.local/lib/python3.7/site-packages/airflow/example_dags/example_short_circuit_operator.py took 0.095 seconds
[2022-03-16 00:26:54,111] {processor.py:163} INFO - Started process (PID=5344) to work on /home/airflow/.local/lib/python3.7/site-packages/airflow/example_dags/example_short_circuit_operator.py
[2022-03-16 00:26:54,113] {processor.py:642} INFO - Processing file /home/airflow/.local/lib/python3.7/site-packages/airflow/example_dags/example_short_circuit_operator.py for tasks to queue
[2022-03-16 00:26:54,114] {logging_mixin.py:109} INFO - [2022-03-16 00:26:54,114] {dagbag.py:500} INFO - Filling up the DagBag from /home/airflow/.local/lib/python3.7/site-packages/airflow/example_dags/example_short_circuit_operator.py
[2022-03-16 00:26:54,144] {processor.py:654} INFO - DAG(s) dict_keys(['example_short_circuit_operator']) retrieved from /home/airflow/.local/lib/python3.7/site-packages/airflow/example_dags/example_short_circuit_operator.py
[2022-03-16 00:26:54,151] {logging_mixin.py:109} INFO - [2022-03-16 00:26:54,151] {dag.py:2398} INFO - Sync 1 DAGs
[2022-03-16 00:26:54,161] {logging_mixin.py:109} INFO - [2022-03-16 00:26:54,161] {dag.py:2937} INFO - Setting next_dagrun for example_short_circuit_operator to 2022-03-15T00:26:54.161237+00:00
[2022-03-16 00:26:54,505] {processor.py:171} INFO - Processing /home/airflow/.local/lib/python3.7/site-packages/airflow/example_dags/example_short_circuit_operator.py took 0.398 seconds
[2022-03-16 00:27:24,518] {processor.py:163} INFO - Started process (PID=5405) to work on /home/airflow/.local/lib/python3.7/site-packages/airflow/example_dags/example_short_circuit_operator.py
[2022-03-16 00:27:24,526] {processor.py:642} INFO - Processing file /home/airflow/.local/lib/python3.7/site-packages/airflow/example_dags/example_short_circuit_operator.py for tasks to queue
[2022-03-16 00:27:24,526] {logging_mixin.py:109} INFO - [2022-03-16 00:27:24,526] {dagbag.py:500} INFO - Filling up the DagBag from /home/airflow/.local/lib/python3.7/site-packages/airflow/example_dags/example_short_circuit_operator.py
[2022-03-16 00:27:24,545] {processor.py:654} INFO - DAG(s) dict_keys(['example_short_circuit_operator']) retrieved from /home/airflow/.local/lib/python3.7/site-packages/airflow/example_dags/example_short_circuit_operator.py
[2022-03-16 00:27:24,551] {logging_mixin.py:109} INFO - [2022-03-16 00:27:24,551] {dag.py:2398} INFO - Sync 1 DAGs
[2022-03-16 00:27:24,561] {logging_mixin.py:109} INFO - [2022-03-16 00:27:24,561] {dag.py:2937} INFO - Setting next_dagrun for example_short_circuit_operator to 2022-03-15T00:27:24.561727+00:00
[2022-03-16 00:27:25,406] {processor.py:171} INFO - Processing /home/airflow/.local/lib/python3.7/site-packages/airflow/example_dags/example_short_circuit_operator.py took 0.890 seconds
[2022-03-16 00:27:55,886] {processor.py:163} INFO - Started process (PID=5456) to work on /home/airflow/.local/lib/python3.7/site-packages/airflow/example_dags/example_short_circuit_operator.py
[2022-03-16 00:27:55,908] {processor.py:642} INFO - Processing file /home/airflow/.local/lib/python3.7/site-packages/airflow/example_dags/example_short_circuit_operator.py for tasks to queue
[2022-03-16 00:27:55,910] {logging_mixin.py:109} INFO - [2022-03-16 00:27:55,910] {dagbag.py:500} INFO - Filling up the DagBag from /home/airflow/.local/lib/python3.7/site-packages/airflow/example_dags/example_short_circuit_operator.py
[2022-03-16 00:27:55,954] {processor.py:654} INFO - DAG(s) dict_keys(['example_short_circuit_operator']) retrieved from /home/airflow/.local/lib/python3.7/site-packages/airflow/example_dags/example_short_circuit_operator.py
[2022-03-16 00:27:55,963] {logging_mixin.py:109} INFO - [2022-03-16 00:27:55,963] {dag.py:2398} INFO - Sync 1 DAGs
[2022-03-16 00:27:55,978] {logging_mixin.py:109} INFO - [2022-03-16 00:27:55,977] {dag.py:2937} INFO - Setting next_dagrun for example_short_circuit_operator to 2022-03-15T00:27:55.977700+00:00
[2022-03-16 00:27:57,427] {processor.py:171} INFO - Processing /home/airflow/.local/lib/python3.7/site-packages/airflow/example_dags/example_short_circuit_operator.py took 1.548 seconds
[2022-03-16 00:28:28,160] {processor.py:163} INFO - Started process (PID=5527) to work on /home/airflow/.local/lib/python3.7/site-packages/airflow/example_dags/example_short_circuit_operator.py
[2022-03-16 00:28:28,234] {processor.py:642} INFO - Processing file /home/airflow/.local/lib/python3.7/site-packages/airflow/example_dags/example_short_circuit_operator.py for tasks to queue
[2022-03-16 00:28:28,236] {logging_mixin.py:109} INFO - [2022-03-16 00:28:28,235] {dagbag.py:500} INFO - Filling up the DagBag from /home/airflow/.local/lib/python3.7/site-packages/airflow/example_dags/example_short_circuit_operator.py
[2022-03-16 00:28:28,282] {processor.py:654} INFO - DAG(s) dict_keys(['example_short_circuit_operator']) retrieved from /home/airflow/.local/lib/python3.7/site-packages/airflow/example_dags/example_short_circuit_operator.py
[2022-03-16 00:28:28,292] {logging_mixin.py:109} INFO - [2022-03-16 00:28:28,292] {dag.py:2398} INFO - Sync 1 DAGs
[2022-03-16 00:28:28,305] {logging_mixin.py:109} INFO - [2022-03-16 00:28:28,305] {dag.py:2937} INFO - Setting next_dagrun for example_short_circuit_operator to 2022-03-15T00:28:28.305291+00:00
[2022-03-16 00:28:28,432] {processor.py:171} INFO - Processing /home/airflow/.local/lib/python3.7/site-packages/airflow/example_dags/example_short_circuit_operator.py took 0.278 seconds
[2022-03-16 00:28:58,676] {processor.py:163} INFO - Started process (PID=5588) to work on /home/airflow/.local/lib/python3.7/site-packages/airflow/example_dags/example_short_circuit_operator.py
[2022-03-16 00:28:58,752] {processor.py:642} INFO - Processing file /home/airflow/.local/lib/python3.7/site-packages/airflow/example_dags/example_short_circuit_operator.py for tasks to queue
[2022-03-16 00:28:58,753] {logging_mixin.py:109} INFO - [2022-03-16 00:28:58,753] {dagbag.py:500} INFO - Filling up the DagBag from /home/airflow/.local/lib/python3.7/site-packages/airflow/example_dags/example_short_circuit_operator.py
[2022-03-16 00:28:58,795] {processor.py:654} INFO - DAG(s) dict_keys(['example_short_circuit_operator']) retrieved from /home/airflow/.local/lib/python3.7/site-packages/airflow/example_dags/example_short_circuit_operator.py
[2022-03-16 00:28:58,802] {logging_mixin.py:109} INFO - [2022-03-16 00:28:58,802] {dag.py:2398} INFO - Sync 1 DAGs
[2022-03-16 00:28:58,813] {logging_mixin.py:109} INFO - [2022-03-16 00:28:58,813] {dag.py:2937} INFO - Setting next_dagrun for example_short_circuit_operator to 2022-03-15T00:28:58.812826+00:00
[2022-03-16 00:28:59,329] {processor.py:171} INFO - Processing /home/airflow/.local/lib/python3.7/site-packages/airflow/example_dags/example_short_circuit_operator.py took 0.663 seconds
[2022-03-16 00:29:29,726] {processor.py:163} INFO - Started process (PID=5648) to work on /home/airflow/.local/lib/python3.7/site-packages/airflow/example_dags/example_short_circuit_operator.py
[2022-03-16 00:29:29,746] {processor.py:642} INFO - Processing file /home/airflow/.local/lib/python3.7/site-packages/airflow/example_dags/example_short_circuit_operator.py for tasks to queue
[2022-03-16 00:29:29,747] {logging_mixin.py:109} INFO - [2022-03-16 00:29:29,746] {dagbag.py:500} INFO - Filling up the DagBag from /home/airflow/.local/lib/python3.7/site-packages/airflow/example_dags/example_short_circuit_operator.py
[2022-03-16 00:29:29,806] {processor.py:654} INFO - DAG(s) dict_keys(['example_short_circuit_operator']) retrieved from /home/airflow/.local/lib/python3.7/site-packages/airflow/example_dags/example_short_circuit_operator.py
[2022-03-16 00:29:29,817] {logging_mixin.py:109} INFO - [2022-03-16 00:29:29,817] {dag.py:2398} INFO - Sync 1 DAGs
[2022-03-16 00:29:29,837] {logging_mixin.py:109} INFO - [2022-03-16 00:29:29,837] {dag.py:2937} INFO - Setting next_dagrun for example_short_circuit_operator to 2022-03-15T00:29:29.837122+00:00
[2022-03-16 00:29:30,607] {processor.py:171} INFO - Processing /home/airflow/.local/lib/python3.7/site-packages/airflow/example_dags/example_short_circuit_operator.py took 0.884 seconds
[2022-03-16 00:30:01,444] {processor.py:163} INFO - Started process (PID=5699) to work on /home/airflow/.local/lib/python3.7/site-packages/airflow/example_dags/example_short_circuit_operator.py
[2022-03-16 00:30:01,495] {processor.py:642} INFO - Processing file /home/airflow/.local/lib/python3.7/site-packages/airflow/example_dags/example_short_circuit_operator.py for tasks to queue
[2022-03-16 00:30:01,495] {logging_mixin.py:109} INFO - [2022-03-16 00:30:01,495] {dagbag.py:500} INFO - Filling up the DagBag from /home/airflow/.local/lib/python3.7/site-packages/airflow/example_dags/example_short_circuit_operator.py
[2022-03-16 00:30:01,515] {processor.py:654} INFO - DAG(s) dict_keys(['example_short_circuit_operator']) retrieved from /home/airflow/.local/lib/python3.7/site-packages/airflow/example_dags/example_short_circuit_operator.py
[2022-03-16 00:30:01,522] {logging_mixin.py:109} INFO - [2022-03-16 00:30:01,522] {dag.py:2398} INFO - Sync 1 DAGs
[2022-03-16 00:30:01,533] {logging_mixin.py:109} INFO - [2022-03-16 00:30:01,533] {dag.py:2937} INFO - Setting next_dagrun for example_short_circuit_operator to 2022-03-15T00:30:01.533099+00:00
[2022-03-16 00:30:02,177] {processor.py:171} INFO - Processing /home/airflow/.local/lib/python3.7/site-packages/airflow/example_dags/example_short_circuit_operator.py took 0.735 seconds
[2022-03-16 00:30:32,717] {processor.py:163} INFO - Started process (PID=5775) to work on /home/airflow/.local/lib/python3.7/site-packages/airflow/example_dags/example_short_circuit_operator.py
[2022-03-16 00:30:32,749] {processor.py:642} INFO - Processing file /home/airflow/.local/lib/python3.7/site-packages/airflow/example_dags/example_short_circuit_operator.py for tasks to queue
[2022-03-16 00:30:32,750] {logging_mixin.py:109} INFO - [2022-03-16 00:30:32,750] {dagbag.py:500} INFO - Filling up the DagBag from /home/airflow/.local/lib/python3.7/site-packages/airflow/example_dags/example_short_circuit_operator.py
[2022-03-16 00:30:32,786] {processor.py:654} INFO - DAG(s) dict_keys(['example_short_circuit_operator']) retrieved from /home/airflow/.local/lib/python3.7/site-packages/airflow/example_dags/example_short_circuit_operator.py
[2022-03-16 00:30:32,797] {logging_mixin.py:109} INFO - [2022-03-16 00:30:32,797] {dag.py:2398} INFO - Sync 1 DAGs
[2022-03-16 00:30:32,817] {logging_mixin.py:109} INFO - [2022-03-16 00:30:32,816] {dag.py:2937} INFO - Setting next_dagrun for example_short_circuit_operator to 2022-03-15T00:30:32.816543+00:00
[2022-03-16 00:30:32,871] {processor.py:171} INFO - Processing /home/airflow/.local/lib/python3.7/site-packages/airflow/example_dags/example_short_circuit_operator.py took 0.157 seconds
[2022-03-16 00:31:03,349] {processor.py:163} INFO - Started process (PID=5839) to work on /home/airflow/.local/lib/python3.7/site-packages/airflow/example_dags/example_short_circuit_operator.py
[2022-03-16 00:31:03,355] {processor.py:642} INFO - Processing file /home/airflow/.local/lib/python3.7/site-packages/airflow/example_dags/example_short_circuit_operator.py for tasks to queue
[2022-03-16 00:31:03,356] {logging_mixin.py:109} INFO - [2022-03-16 00:31:03,356] {dagbag.py:500} INFO - Filling up the DagBag from /home/airflow/.local/lib/python3.7/site-packages/airflow/example_dags/example_short_circuit_operator.py
[2022-03-16 00:31:03,376] {processor.py:654} INFO - DAG(s) dict_keys(['example_short_circuit_operator']) retrieved from /home/airflow/.local/lib/python3.7/site-packages/airflow/example_dags/example_short_circuit_operator.py
[2022-03-16 00:31:03,384] {logging_mixin.py:109} INFO - [2022-03-16 00:31:03,384] {dag.py:2398} INFO - Sync 1 DAGs
[2022-03-16 00:31:03,398] {logging_mixin.py:109} INFO - [2022-03-16 00:31:03,397] {dag.py:2937} INFO - Setting next_dagrun for example_short_circuit_operator to 2022-03-15T00:31:03.397717+00:00
[2022-03-16 00:31:03,438] {processor.py:171} INFO - Processing /home/airflow/.local/lib/python3.7/site-packages/airflow/example_dags/example_short_circuit_operator.py took 0.091 seconds
[2022-03-16 00:31:34,370] {processor.py:163} INFO - Started process (PID=5889) to work on /home/airflow/.local/lib/python3.7/site-packages/airflow/example_dags/example_short_circuit_operator.py
[2022-03-16 00:31:34,437] {processor.py:642} INFO - Processing file /home/airflow/.local/lib/python3.7/site-packages/airflow/example_dags/example_short_circuit_operator.py for tasks to queue
[2022-03-16 00:31:34,437] {logging_mixin.py:109} INFO - [2022-03-16 00:31:34,437] {dagbag.py:500} INFO - Filling up the DagBag from /home/airflow/.local/lib/python3.7/site-packages/airflow/example_dags/example_short_circuit_operator.py
[2022-03-16 00:31:34,462] {processor.py:654} INFO - DAG(s) dict_keys(['example_short_circuit_operator']) retrieved from /home/airflow/.local/lib/python3.7/site-packages/airflow/example_dags/example_short_circuit_operator.py
[2022-03-16 00:31:34,471] {logging_mixin.py:109} INFO - [2022-03-16 00:31:34,471] {dag.py:2398} INFO - Sync 1 DAGs
[2022-03-16 00:31:34,489] {logging_mixin.py:109} INFO - [2022-03-16 00:31:34,489] {dag.py:2937} INFO - Setting next_dagrun for example_short_circuit_operator to 2022-03-15T00:31:34.489038+00:00
[2022-03-16 00:31:34,986] {processor.py:171} INFO - Processing /home/airflow/.local/lib/python3.7/site-packages/airflow/example_dags/example_short_circuit_operator.py took 0.622 seconds
[2022-03-16 00:32:08,117] {processor.py:163} INFO - Started process (PID=5950) to work on /home/airflow/.local/lib/python3.7/site-packages/airflow/example_dags/example_short_circuit_operator.py
[2022-03-16 00:32:08,176] {processor.py:642} INFO - Processing file /home/airflow/.local/lib/python3.7/site-packages/airflow/example_dags/example_short_circuit_operator.py for tasks to queue
[2022-03-16 00:32:08,177] {logging_mixin.py:109} INFO - [2022-03-16 00:32:08,177] {dagbag.py:500} INFO - Filling up the DagBag from /home/airflow/.local/lib/python3.7/site-packages/airflow/example_dags/example_short_circuit_operator.py
[2022-03-16 00:32:08,199] {processor.py:654} INFO - DAG(s) dict_keys(['example_short_circuit_operator']) retrieved from /home/airflow/.local/lib/python3.7/site-packages/airflow/example_dags/example_short_circuit_operator.py
[2022-03-16 00:32:08,208] {logging_mixin.py:109} INFO - [2022-03-16 00:32:08,208] {dag.py:2398} INFO - Sync 1 DAGs
[2022-03-16 00:32:08,220] {logging_mixin.py:109} INFO - [2022-03-16 00:32:08,220] {dag.py:2937} INFO - Setting next_dagrun for example_short_circuit_operator to 2022-03-15T00:32:08.220501+00:00
[2022-03-16 00:32:08,297] {processor.py:171} INFO - Processing /home/airflow/.local/lib/python3.7/site-packages/airflow/example_dags/example_short_circuit_operator.py took 0.182 seconds
[2022-03-16 00:32:38,973] {processor.py:163} INFO - Started process (PID=6011) to work on /home/airflow/.local/lib/python3.7/site-packages/airflow/example_dags/example_short_circuit_operator.py
[2022-03-16 00:32:39,013] {processor.py:642} INFO - Processing file /home/airflow/.local/lib/python3.7/site-packages/airflow/example_dags/example_short_circuit_operator.py for tasks to queue
[2022-03-16 00:32:39,014] {logging_mixin.py:109} INFO - [2022-03-16 00:32:39,014] {dagbag.py:500} INFO - Filling up the DagBag from /home/airflow/.local/lib/python3.7/site-packages/airflow/example_dags/example_short_circuit_operator.py
[2022-03-16 00:32:39,054] {processor.py:654} INFO - DAG(s) dict_keys(['example_short_circuit_operator']) retrieved from /home/airflow/.local/lib/python3.7/site-packages/airflow/example_dags/example_short_circuit_operator.py
[2022-03-16 00:32:39,063] {logging_mixin.py:109} INFO - [2022-03-16 00:32:39,063] {dag.py:2398} INFO - Sync 1 DAGs
[2022-03-16 00:32:39,075] {logging_mixin.py:109} INFO - [2022-03-16 00:32:39,075] {dag.py:2937} INFO - Setting next_dagrun for example_short_circuit_operator to 2022-03-15T00:32:39.074886+00:00
[2022-03-16 00:32:39,118] {processor.py:171} INFO - Processing /home/airflow/.local/lib/python3.7/site-packages/airflow/example_dags/example_short_circuit_operator.py took 0.149 seconds
[2022-03-16 00:33:09,311] {processor.py:163} INFO - Started process (PID=6081) to work on /home/airflow/.local/lib/python3.7/site-packages/airflow/example_dags/example_short_circuit_operator.py
[2022-03-16 00:33:09,312] {processor.py:642} INFO - Processing file /home/airflow/.local/lib/python3.7/site-packages/airflow/example_dags/example_short_circuit_operator.py for tasks to queue
[2022-03-16 00:33:09,312] {logging_mixin.py:109} INFO - [2022-03-16 00:33:09,312] {dagbag.py:500} INFO - Filling up the DagBag from /home/airflow/.local/lib/python3.7/site-packages/airflow/example_dags/example_short_circuit_operator.py
[2022-03-16 00:33:09,331] {processor.py:654} INFO - DAG(s) dict_keys(['example_short_circuit_operator']) retrieved from /home/airflow/.local/lib/python3.7/site-packages/airflow/example_dags/example_short_circuit_operator.py
[2022-03-16 00:33:09,339] {logging_mixin.py:109} INFO - [2022-03-16 00:33:09,339] {dag.py:2398} INFO - Sync 1 DAGs
[2022-03-16 00:33:09,352] {logging_mixin.py:109} INFO - [2022-03-16 00:33:09,352] {dag.py:2937} INFO - Setting next_dagrun for example_short_circuit_operator to 2022-03-15T00:33:09.352321+00:00
[2022-03-16 00:33:09,457] {processor.py:171} INFO - Processing /home/airflow/.local/lib/python3.7/site-packages/airflow/example_dags/example_short_circuit_operator.py took 0.148 seconds
[2022-03-16 00:33:39,871] {processor.py:163} INFO - Started process (PID=6131) to work on /home/airflow/.local/lib/python3.7/site-packages/airflow/example_dags/example_short_circuit_operator.py
[2022-03-16 00:33:39,871] {processor.py:642} INFO - Processing file /home/airflow/.local/lib/python3.7/site-packages/airflow/example_dags/example_short_circuit_operator.py for tasks to queue
[2022-03-16 00:33:39,872] {logging_mixin.py:109} INFO - [2022-03-16 00:33:39,872] {dagbag.py:500} INFO - Filling up the DagBag from /home/airflow/.local/lib/python3.7/site-packages/airflow/example_dags/example_short_circuit_operator.py
[2022-03-16 00:33:39,892] {processor.py:654} INFO - DAG(s) dict_keys(['example_short_circuit_operator']) retrieved from /home/airflow/.local/lib/python3.7/site-packages/airflow/example_dags/example_short_circuit_operator.py
[2022-03-16 00:33:39,899] {logging_mixin.py:109} INFO - [2022-03-16 00:33:39,899] {dag.py:2398} INFO - Sync 1 DAGs
[2022-03-16 00:33:39,910] {logging_mixin.py:109} INFO - [2022-03-16 00:33:39,910] {dag.py:2937} INFO - Setting next_dagrun for example_short_circuit_operator to 2022-03-15T00:33:39.910024+00:00
[2022-03-16 00:33:39,988] {processor.py:171} INFO - Processing /home/airflow/.local/lib/python3.7/site-packages/airflow/example_dags/example_short_circuit_operator.py took 0.119 seconds
[2022-03-16 00:34:10,793] {processor.py:163} INFO - Started process (PID=6184) to work on /home/airflow/.local/lib/python3.7/site-packages/airflow/example_dags/example_short_circuit_operator.py
[2022-03-16 00:34:10,806] {processor.py:642} INFO - Processing file /home/airflow/.local/lib/python3.7/site-packages/airflow/example_dags/example_short_circuit_operator.py for tasks to queue
[2022-03-16 00:34:10,807] {logging_mixin.py:109} INFO - [2022-03-16 00:34:10,807] {dagbag.py:500} INFO - Filling up the DagBag from /home/airflow/.local/lib/python3.7/site-packages/airflow/example_dags/example_short_circuit_operator.py
[2022-03-16 00:34:10,826] {processor.py:654} INFO - DAG(s) dict_keys(['example_short_circuit_operator']) retrieved from /home/airflow/.local/lib/python3.7/site-packages/airflow/example_dags/example_short_circuit_operator.py
[2022-03-16 00:34:10,834] {logging_mixin.py:109} INFO - [2022-03-16 00:34:10,834] {dag.py:2398} INFO - Sync 1 DAGs
[2022-03-16 00:34:10,845] {logging_mixin.py:109} INFO - [2022-03-16 00:34:10,845] {dag.py:2937} INFO - Setting next_dagrun for example_short_circuit_operator to 2022-03-15T00:34:10.845399+00:00
[2022-03-16 00:34:10,886] {processor.py:171} INFO - Processing /home/airflow/.local/lib/python3.7/site-packages/airflow/example_dags/example_short_circuit_operator.py took 0.094 seconds
