[2022-03-16 00:00:19,878] {processor.py:163} INFO - Started process (PID=2217) to work on /home/airflow/.local/lib/python3.7/site-packages/airflow/example_dags/example_branch_operator.py
[2022-03-16 00:00:19,880] {processor.py:642} INFO - Processing file /home/airflow/.local/lib/python3.7/site-packages/airflow/example_dags/example_branch_operator.py for tasks to queue
[2022-03-16 00:00:19,881] {logging_mixin.py:109} INFO - [2022-03-16 00:00:19,881] {dagbag.py:500} INFO - Filling up the DagBag from /home/airflow/.local/lib/python3.7/site-packages/airflow/example_dags/example_branch_operator.py
[2022-03-16 00:00:19,912] {processor.py:654} INFO - DAG(s) dict_keys(['example_branch_operator']) retrieved from /home/airflow/.local/lib/python3.7/site-packages/airflow/example_dags/example_branch_operator.py
[2022-03-16 00:00:19,920] {logging_mixin.py:109} INFO - [2022-03-16 00:00:19,920] {dag.py:2398} INFO - Sync 1 DAGs
[2022-03-16 00:00:19,932] {logging_mixin.py:109} INFO - [2022-03-16 00:00:19,932] {dag.py:2937} INFO - Setting next_dagrun for example_branch_operator to 2022-03-16T00:00:00+00:00
[2022-03-16 00:00:20,758] {processor.py:171} INFO - Processing /home/airflow/.local/lib/python3.7/site-packages/airflow/example_dags/example_branch_operator.py took 0.887 seconds
[2022-03-16 00:00:51,513] {processor.py:163} INFO - Started process (PID=2291) to work on /home/airflow/.local/lib/python3.7/site-packages/airflow/example_dags/example_branch_operator.py
[2022-03-16 00:00:51,514] {processor.py:642} INFO - Processing file /home/airflow/.local/lib/python3.7/site-packages/airflow/example_dags/example_branch_operator.py for tasks to queue
[2022-03-16 00:00:51,515] {logging_mixin.py:109} INFO - [2022-03-16 00:00:51,515] {dagbag.py:500} INFO - Filling up the DagBag from /home/airflow/.local/lib/python3.7/site-packages/airflow/example_dags/example_branch_operator.py
[2022-03-16 00:00:51,642] {processor.py:654} INFO - DAG(s) dict_keys(['example_branch_operator']) retrieved from /home/airflow/.local/lib/python3.7/site-packages/airflow/example_dags/example_branch_operator.py
[2022-03-16 00:00:51,707] {logging_mixin.py:109} INFO - [2022-03-16 00:00:51,707] {dag.py:2398} INFO - Sync 1 DAGs
[2022-03-16 00:00:51,742] {logging_mixin.py:109} INFO - [2022-03-16 00:00:51,742] {dag.py:2937} INFO - Setting next_dagrun for example_branch_operator to 2022-03-16T00:00:00+00:00
[2022-03-16 00:00:54,173] {processor.py:171} INFO - Processing /home/airflow/.local/lib/python3.7/site-packages/airflow/example_dags/example_branch_operator.py took 2.662 seconds
[2022-03-16 00:01:24,880] {processor.py:163} INFO - Started process (PID=2343) to work on /home/airflow/.local/lib/python3.7/site-packages/airflow/example_dags/example_branch_operator.py
[2022-03-16 00:01:24,881] {processor.py:642} INFO - Processing file /home/airflow/.local/lib/python3.7/site-packages/airflow/example_dags/example_branch_operator.py for tasks to queue
[2022-03-16 00:01:24,881] {logging_mixin.py:109} INFO - [2022-03-16 00:01:24,881] {dagbag.py:500} INFO - Filling up the DagBag from /home/airflow/.local/lib/python3.7/site-packages/airflow/example_dags/example_branch_operator.py
[2022-03-16 00:01:24,902] {processor.py:654} INFO - DAG(s) dict_keys(['example_branch_operator']) retrieved from /home/airflow/.local/lib/python3.7/site-packages/airflow/example_dags/example_branch_operator.py
[2022-03-16 00:01:24,910] {logging_mixin.py:109} INFO - [2022-03-16 00:01:24,910] {dag.py:2398} INFO - Sync 1 DAGs
[2022-03-16 00:01:24,922] {logging_mixin.py:109} INFO - [2022-03-16 00:01:24,922] {dag.py:2937} INFO - Setting next_dagrun for example_branch_operator to 2022-03-16T00:00:00+00:00
[2022-03-16 00:01:25,069] {processor.py:171} INFO - Processing /home/airflow/.local/lib/python3.7/site-packages/airflow/example_dags/example_branch_operator.py took 0.191 seconds
[2022-03-16 00:01:55,351] {processor.py:163} INFO - Started process (PID=2403) to work on /home/airflow/.local/lib/python3.7/site-packages/airflow/example_dags/example_branch_operator.py
[2022-03-16 00:01:55,352] {processor.py:642} INFO - Processing file /home/airflow/.local/lib/python3.7/site-packages/airflow/example_dags/example_branch_operator.py for tasks to queue
[2022-03-16 00:01:55,352] {logging_mixin.py:109} INFO - [2022-03-16 00:01:55,352] {dagbag.py:500} INFO - Filling up the DagBag from /home/airflow/.local/lib/python3.7/site-packages/airflow/example_dags/example_branch_operator.py
[2022-03-16 00:01:55,374] {processor.py:654} INFO - DAG(s) dict_keys(['example_branch_operator']) retrieved from /home/airflow/.local/lib/python3.7/site-packages/airflow/example_dags/example_branch_operator.py
[2022-03-16 00:01:55,381] {logging_mixin.py:109} INFO - [2022-03-16 00:01:55,381] {dag.py:2398} INFO - Sync 1 DAGs
[2022-03-16 00:01:55,394] {logging_mixin.py:109} INFO - [2022-03-16 00:01:55,394] {dag.py:2937} INFO - Setting next_dagrun for example_branch_operator to 2022-03-16T00:00:00+00:00
[2022-03-16 00:01:56,279] {processor.py:171} INFO - Processing /home/airflow/.local/lib/python3.7/site-packages/airflow/example_dags/example_branch_operator.py took 0.930 seconds
[2022-03-16 00:02:26,920] {processor.py:163} INFO - Started process (PID=2465) to work on /home/airflow/.local/lib/python3.7/site-packages/airflow/example_dags/example_branch_operator.py
[2022-03-16 00:02:26,931] {processor.py:642} INFO - Processing file /home/airflow/.local/lib/python3.7/site-packages/airflow/example_dags/example_branch_operator.py for tasks to queue
[2022-03-16 00:02:26,932] {logging_mixin.py:109} INFO - [2022-03-16 00:02:26,932] {dagbag.py:500} INFO - Filling up the DagBag from /home/airflow/.local/lib/python3.7/site-packages/airflow/example_dags/example_branch_operator.py
[2022-03-16 00:02:26,965] {processor.py:654} INFO - DAG(s) dict_keys(['example_branch_operator']) retrieved from /home/airflow/.local/lib/python3.7/site-packages/airflow/example_dags/example_branch_operator.py
[2022-03-16 00:02:26,973] {logging_mixin.py:109} INFO - [2022-03-16 00:02:26,973] {dag.py:2398} INFO - Sync 1 DAGs
[2022-03-16 00:02:26,986] {logging_mixin.py:109} INFO - [2022-03-16 00:02:26,986] {dag.py:2937} INFO - Setting next_dagrun for example_branch_operator to 2022-03-16T00:00:00+00:00
[2022-03-16 00:02:27,069] {processor.py:171} INFO - Processing /home/airflow/.local/lib/python3.7/site-packages/airflow/example_dags/example_branch_operator.py took 0.154 seconds
[2022-03-16 00:02:57,456] {processor.py:163} INFO - Started process (PID=2535) to work on /home/airflow/.local/lib/python3.7/site-packages/airflow/example_dags/example_branch_operator.py
[2022-03-16 00:02:57,522] {processor.py:642} INFO - Processing file /home/airflow/.local/lib/python3.7/site-packages/airflow/example_dags/example_branch_operator.py for tasks to queue
[2022-03-16 00:02:57,522] {logging_mixin.py:109} INFO - [2022-03-16 00:02:57,522] {dagbag.py:500} INFO - Filling up the DagBag from /home/airflow/.local/lib/python3.7/site-packages/airflow/example_dags/example_branch_operator.py
[2022-03-16 00:02:57,546] {processor.py:654} INFO - DAG(s) dict_keys(['example_branch_operator']) retrieved from /home/airflow/.local/lib/python3.7/site-packages/airflow/example_dags/example_branch_operator.py
[2022-03-16 00:02:57,557] {logging_mixin.py:109} INFO - [2022-03-16 00:02:57,557] {dag.py:2398} INFO - Sync 1 DAGs
[2022-03-16 00:02:57,573] {logging_mixin.py:109} INFO - [2022-03-16 00:02:57,573] {dag.py:2937} INFO - Setting next_dagrun for example_branch_operator to 2022-03-16T00:00:00+00:00
[2022-03-16 00:02:57,623] {processor.py:171} INFO - Processing /home/airflow/.local/lib/python3.7/site-packages/airflow/example_dags/example_branch_operator.py took 0.170 seconds
[2022-03-16 00:03:27,716] {processor.py:163} INFO - Started process (PID=2588) to work on /home/airflow/.local/lib/python3.7/site-packages/airflow/example_dags/example_branch_operator.py
[2022-03-16 00:03:27,747] {processor.py:642} INFO - Processing file /home/airflow/.local/lib/python3.7/site-packages/airflow/example_dags/example_branch_operator.py for tasks to queue
[2022-03-16 00:03:27,749] {logging_mixin.py:109} INFO - [2022-03-16 00:03:27,748] {dagbag.py:500} INFO - Filling up the DagBag from /home/airflow/.local/lib/python3.7/site-packages/airflow/example_dags/example_branch_operator.py
[2022-03-16 00:03:27,816] {processor.py:654} INFO - DAG(s) dict_keys(['example_branch_operator']) retrieved from /home/airflow/.local/lib/python3.7/site-packages/airflow/example_dags/example_branch_operator.py
[2022-03-16 00:03:27,827] {logging_mixin.py:109} INFO - [2022-03-16 00:03:27,827] {dag.py:2398} INFO - Sync 1 DAGs
[2022-03-16 00:03:27,842] {logging_mixin.py:109} INFO - [2022-03-16 00:03:27,842] {dag.py:2937} INFO - Setting next_dagrun for example_branch_operator to 2022-03-16T00:00:00+00:00
[2022-03-16 00:03:28,815] {processor.py:171} INFO - Processing /home/airflow/.local/lib/python3.7/site-packages/airflow/example_dags/example_branch_operator.py took 1.107 seconds
[2022-03-16 00:03:59,203] {processor.py:163} INFO - Started process (PID=2638) to work on /home/airflow/.local/lib/python3.7/site-packages/airflow/example_dags/example_branch_operator.py
[2022-03-16 00:03:59,247] {processor.py:642} INFO - Processing file /home/airflow/.local/lib/python3.7/site-packages/airflow/example_dags/example_branch_operator.py for tasks to queue
[2022-03-16 00:03:59,247] {logging_mixin.py:109} INFO - [2022-03-16 00:03:59,247] {dagbag.py:500} INFO - Filling up the DagBag from /home/airflow/.local/lib/python3.7/site-packages/airflow/example_dags/example_branch_operator.py
[2022-03-16 00:03:59,268] {processor.py:654} INFO - DAG(s) dict_keys(['example_branch_operator']) retrieved from /home/airflow/.local/lib/python3.7/site-packages/airflow/example_dags/example_branch_operator.py
[2022-03-16 00:03:59,277] {logging_mixin.py:109} INFO - [2022-03-16 00:03:59,277] {dag.py:2398} INFO - Sync 1 DAGs
[2022-03-16 00:03:59,290] {logging_mixin.py:109} INFO - [2022-03-16 00:03:59,290] {dag.py:2937} INFO - Setting next_dagrun for example_branch_operator to 2022-03-16T00:00:00+00:00
[2022-03-16 00:03:59,327] {processor.py:171} INFO - Processing /home/airflow/.local/lib/python3.7/site-packages/airflow/example_dags/example_branch_operator.py took 0.126 seconds
[2022-03-16 00:04:29,930] {processor.py:163} INFO - Started process (PID=2710) to work on /home/airflow/.local/lib/python3.7/site-packages/airflow/example_dags/example_branch_operator.py
[2022-03-16 00:04:29,955] {processor.py:642} INFO - Processing file /home/airflow/.local/lib/python3.7/site-packages/airflow/example_dags/example_branch_operator.py for tasks to queue
[2022-03-16 00:04:29,956] {logging_mixin.py:109} INFO - [2022-03-16 00:04:29,956] {dagbag.py:500} INFO - Filling up the DagBag from /home/airflow/.local/lib/python3.7/site-packages/airflow/example_dags/example_branch_operator.py
[2022-03-16 00:04:29,976] {processor.py:654} INFO - DAG(s) dict_keys(['example_branch_operator']) retrieved from /home/airflow/.local/lib/python3.7/site-packages/airflow/example_dags/example_branch_operator.py
[2022-03-16 00:04:29,984] {logging_mixin.py:109} INFO - [2022-03-16 00:04:29,984] {dag.py:2398} INFO - Sync 1 DAGs
[2022-03-16 00:04:29,997] {logging_mixin.py:109} INFO - [2022-03-16 00:04:29,997] {dag.py:2937} INFO - Setting next_dagrun for example_branch_operator to 2022-03-16T00:00:00+00:00
[2022-03-16 00:04:30,107] {processor.py:171} INFO - Processing /home/airflow/.local/lib/python3.7/site-packages/airflow/example_dags/example_branch_operator.py took 0.179 seconds
[2022-03-16 00:05:00,415] {processor.py:163} INFO - Started process (PID=2773) to work on /home/airflow/.local/lib/python3.7/site-packages/airflow/example_dags/example_branch_operator.py
[2022-03-16 00:05:00,421] {processor.py:642} INFO - Processing file /home/airflow/.local/lib/python3.7/site-packages/airflow/example_dags/example_branch_operator.py for tasks to queue
[2022-03-16 00:05:00,421] {logging_mixin.py:109} INFO - [2022-03-16 00:05:00,421] {dagbag.py:500} INFO - Filling up the DagBag from /home/airflow/.local/lib/python3.7/site-packages/airflow/example_dags/example_branch_operator.py
[2022-03-16 00:05:00,444] {processor.py:654} INFO - DAG(s) dict_keys(['example_branch_operator']) retrieved from /home/airflow/.local/lib/python3.7/site-packages/airflow/example_dags/example_branch_operator.py
[2022-03-16 00:05:00,453] {logging_mixin.py:109} INFO - [2022-03-16 00:05:00,452] {dag.py:2398} INFO - Sync 1 DAGs
[2022-03-16 00:05:00,466] {logging_mixin.py:109} INFO - [2022-03-16 00:05:00,466] {dag.py:2937} INFO - Setting next_dagrun for example_branch_operator to 2022-03-16T00:00:00+00:00
[2022-03-16 00:05:00,511] {processor.py:171} INFO - Processing /home/airflow/.local/lib/python3.7/site-packages/airflow/example_dags/example_branch_operator.py took 0.099 seconds
[2022-03-16 00:05:30,998] {processor.py:163} INFO - Started process (PID=2831) to work on /home/airflow/.local/lib/python3.7/site-packages/airflow/example_dags/example_branch_operator.py
[2022-03-16 00:05:31,048] {processor.py:642} INFO - Processing file /home/airflow/.local/lib/python3.7/site-packages/airflow/example_dags/example_branch_operator.py for tasks to queue
[2022-03-16 00:05:31,049] {logging_mixin.py:109} INFO - [2022-03-16 00:05:31,049] {dagbag.py:500} INFO - Filling up the DagBag from /home/airflow/.local/lib/python3.7/site-packages/airflow/example_dags/example_branch_operator.py
[2022-03-16 00:05:31,076] {processor.py:654} INFO - DAG(s) dict_keys(['example_branch_operator']) retrieved from /home/airflow/.local/lib/python3.7/site-packages/airflow/example_dags/example_branch_operator.py
[2022-03-16 00:05:31,087] {logging_mixin.py:109} INFO - [2022-03-16 00:05:31,087] {dag.py:2398} INFO - Sync 1 DAGs
[2022-03-16 00:05:31,108] {logging_mixin.py:109} INFO - [2022-03-16 00:05:31,108] {dag.py:2937} INFO - Setting next_dagrun for example_branch_operator to 2022-03-16T00:00:00+00:00
[2022-03-16 00:05:32,003] {processor.py:171} INFO - Processing /home/airflow/.local/lib/python3.7/site-packages/airflow/example_dags/example_branch_operator.py took 1.007 seconds
[2022-03-16 00:06:02,113] {processor.py:163} INFO - Started process (PID=2882) to work on /home/airflow/.local/lib/python3.7/site-packages/airflow/example_dags/example_branch_operator.py
[2022-03-16 00:06:02,113] {processor.py:642} INFO - Processing file /home/airflow/.local/lib/python3.7/site-packages/airflow/example_dags/example_branch_operator.py for tasks to queue
[2022-03-16 00:06:02,114] {logging_mixin.py:109} INFO - [2022-03-16 00:06:02,114] {dagbag.py:500} INFO - Filling up the DagBag from /home/airflow/.local/lib/python3.7/site-packages/airflow/example_dags/example_branch_operator.py
[2022-03-16 00:06:02,133] {processor.py:654} INFO - DAG(s) dict_keys(['example_branch_operator']) retrieved from /home/airflow/.local/lib/python3.7/site-packages/airflow/example_dags/example_branch_operator.py
[2022-03-16 00:06:02,140] {logging_mixin.py:109} INFO - [2022-03-16 00:06:02,140] {dag.py:2398} INFO - Sync 1 DAGs
[2022-03-16 00:06:02,151] {logging_mixin.py:109} INFO - [2022-03-16 00:06:02,151] {dag.py:2937} INFO - Setting next_dagrun for example_branch_operator to 2022-03-16T00:00:00+00:00
[2022-03-16 00:06:02,453] {processor.py:171} INFO - Processing /home/airflow/.local/lib/python3.7/site-packages/airflow/example_dags/example_branch_operator.py took 0.342 seconds
[2022-03-16 00:06:32,925] {processor.py:163} INFO - Started process (PID=2957) to work on /home/airflow/.local/lib/python3.7/site-packages/airflow/example_dags/example_branch_operator.py
[2022-03-16 00:06:32,932] {processor.py:642} INFO - Processing file /home/airflow/.local/lib/python3.7/site-packages/airflow/example_dags/example_branch_operator.py for tasks to queue
[2022-03-16 00:06:32,932] {logging_mixin.py:109} INFO - [2022-03-16 00:06:32,932] {dagbag.py:500} INFO - Filling up the DagBag from /home/airflow/.local/lib/python3.7/site-packages/airflow/example_dags/example_branch_operator.py
[2022-03-16 00:06:32,956] {processor.py:654} INFO - DAG(s) dict_keys(['example_branch_operator']) retrieved from /home/airflow/.local/lib/python3.7/site-packages/airflow/example_dags/example_branch_operator.py
[2022-03-16 00:06:32,968] {logging_mixin.py:109} INFO - [2022-03-16 00:06:32,967] {dag.py:2398} INFO - Sync 1 DAGs
[2022-03-16 00:06:32,987] {logging_mixin.py:109} INFO - [2022-03-16 00:06:32,987] {dag.py:2937} INFO - Setting next_dagrun for example_branch_operator to 2022-03-16T00:00:00+00:00
[2022-03-16 00:06:33,303] {processor.py:171} INFO - Processing /home/airflow/.local/lib/python3.7/site-packages/airflow/example_dags/example_branch_operator.py took 0.380 seconds
[2022-03-16 00:07:03,360] {processor.py:163} INFO - Started process (PID=3018) to work on /home/airflow/.local/lib/python3.7/site-packages/airflow/example_dags/example_branch_operator.py
[2022-03-16 00:07:03,365] {processor.py:642} INFO - Processing file /home/airflow/.local/lib/python3.7/site-packages/airflow/example_dags/example_branch_operator.py for tasks to queue
[2022-03-16 00:07:03,365] {logging_mixin.py:109} INFO - [2022-03-16 00:07:03,365] {dagbag.py:500} INFO - Filling up the DagBag from /home/airflow/.local/lib/python3.7/site-packages/airflow/example_dags/example_branch_operator.py
[2022-03-16 00:07:03,391] {processor.py:654} INFO - DAG(s) dict_keys(['example_branch_operator']) retrieved from /home/airflow/.local/lib/python3.7/site-packages/airflow/example_dags/example_branch_operator.py
[2022-03-16 00:07:03,400] {logging_mixin.py:109} INFO - [2022-03-16 00:07:03,400] {dag.py:2398} INFO - Sync 1 DAGs
[2022-03-16 00:07:03,415] {logging_mixin.py:109} INFO - [2022-03-16 00:07:03,415] {dag.py:2937} INFO - Setting next_dagrun for example_branch_operator to 2022-03-16T00:00:00+00:00
[2022-03-16 00:07:04,426] {processor.py:171} INFO - Processing /home/airflow/.local/lib/python3.7/site-packages/airflow/example_dags/example_branch_operator.py took 1.068 seconds
[2022-03-16 00:07:34,935] {processor.py:163} INFO - Started process (PID=3076) to work on /home/airflow/.local/lib/python3.7/site-packages/airflow/example_dags/example_branch_operator.py
[2022-03-16 00:07:35,029] {processor.py:642} INFO - Processing file /home/airflow/.local/lib/python3.7/site-packages/airflow/example_dags/example_branch_operator.py for tasks to queue
[2022-03-16 00:07:35,029] {logging_mixin.py:109} INFO - [2022-03-16 00:07:35,029] {dagbag.py:500} INFO - Filling up the DagBag from /home/airflow/.local/lib/python3.7/site-packages/airflow/example_dags/example_branch_operator.py
[2022-03-16 00:07:35,057] {processor.py:654} INFO - DAG(s) dict_keys(['example_branch_operator']) retrieved from /home/airflow/.local/lib/python3.7/site-packages/airflow/example_dags/example_branch_operator.py
[2022-03-16 00:07:35,068] {logging_mixin.py:109} INFO - [2022-03-16 00:07:35,068] {dag.py:2398} INFO - Sync 1 DAGs
[2022-03-16 00:07:35,086] {logging_mixin.py:109} INFO - [2022-03-16 00:07:35,086] {dag.py:2937} INFO - Setting next_dagrun for example_branch_operator to 2022-03-16T00:00:00+00:00
[2022-03-16 00:07:36,337] {processor.py:171} INFO - Processing /home/airflow/.local/lib/python3.7/site-packages/airflow/example_dags/example_branch_operator.py took 1.404 seconds
[2022-03-16 00:08:07,246] {processor.py:163} INFO - Started process (PID=3129) to work on /home/airflow/.local/lib/python3.7/site-packages/airflow/example_dags/example_branch_operator.py
[2022-03-16 00:08:07,271] {processor.py:642} INFO - Processing file /home/airflow/.local/lib/python3.7/site-packages/airflow/example_dags/example_branch_operator.py for tasks to queue
[2022-03-16 00:08:07,272] {logging_mixin.py:109} INFO - [2022-03-16 00:08:07,271] {dagbag.py:500} INFO - Filling up the DagBag from /home/airflow/.local/lib/python3.7/site-packages/airflow/example_dags/example_branch_operator.py
[2022-03-16 00:08:07,294] {processor.py:654} INFO - DAG(s) dict_keys(['example_branch_operator']) retrieved from /home/airflow/.local/lib/python3.7/site-packages/airflow/example_dags/example_branch_operator.py
[2022-03-16 00:08:07,301] {logging_mixin.py:109} INFO - [2022-03-16 00:08:07,301] {dag.py:2398} INFO - Sync 1 DAGs
[2022-03-16 00:08:07,313] {logging_mixin.py:109} INFO - [2022-03-16 00:08:07,313] {dag.py:2937} INFO - Setting next_dagrun for example_branch_operator to 2022-03-16T00:00:00+00:00
[2022-03-16 00:08:07,444] {processor.py:171} INFO - Processing /home/airflow/.local/lib/python3.7/site-packages/airflow/example_dags/example_branch_operator.py took 0.199 seconds
[2022-03-16 00:08:37,495] {processor.py:163} INFO - Started process (PID=3200) to work on /home/airflow/.local/lib/python3.7/site-packages/airflow/example_dags/example_branch_operator.py
[2022-03-16 00:08:37,535] {processor.py:642} INFO - Processing file /home/airflow/.local/lib/python3.7/site-packages/airflow/example_dags/example_branch_operator.py for tasks to queue
[2022-03-16 00:08:37,535] {logging_mixin.py:109} INFO - [2022-03-16 00:08:37,535] {dagbag.py:500} INFO - Filling up the DagBag from /home/airflow/.local/lib/python3.7/site-packages/airflow/example_dags/example_branch_operator.py
[2022-03-16 00:08:37,558] {processor.py:654} INFO - DAG(s) dict_keys(['example_branch_operator']) retrieved from /home/airflow/.local/lib/python3.7/site-packages/airflow/example_dags/example_branch_operator.py
[2022-03-16 00:08:37,569] {logging_mixin.py:109} INFO - [2022-03-16 00:08:37,569] {dag.py:2398} INFO - Sync 1 DAGs
[2022-03-16 00:08:37,586] {logging_mixin.py:109} INFO - [2022-03-16 00:08:37,586] {dag.py:2937} INFO - Setting next_dagrun for example_branch_operator to 2022-03-16T00:00:00+00:00
[2022-03-16 00:08:37,625] {processor.py:171} INFO - Processing /home/airflow/.local/lib/python3.7/site-packages/airflow/example_dags/example_branch_operator.py took 0.132 seconds
[2022-03-16 00:09:07,940] {processor.py:163} INFO - Started process (PID=3262) to work on /home/airflow/.local/lib/python3.7/site-packages/airflow/example_dags/example_branch_operator.py
[2022-03-16 00:09:07,982] {processor.py:642} INFO - Processing file /home/airflow/.local/lib/python3.7/site-packages/airflow/example_dags/example_branch_operator.py for tasks to queue
[2022-03-16 00:09:07,983] {logging_mixin.py:109} INFO - [2022-03-16 00:09:07,983] {dagbag.py:500} INFO - Filling up the DagBag from /home/airflow/.local/lib/python3.7/site-packages/airflow/example_dags/example_branch_operator.py
[2022-03-16 00:09:08,012] {processor.py:654} INFO - DAG(s) dict_keys(['example_branch_operator']) retrieved from /home/airflow/.local/lib/python3.7/site-packages/airflow/example_dags/example_branch_operator.py
[2022-03-16 00:09:08,019] {logging_mixin.py:109} INFO - [2022-03-16 00:09:08,019] {dag.py:2398} INFO - Sync 1 DAGs
[2022-03-16 00:09:08,031] {logging_mixin.py:109} INFO - [2022-03-16 00:09:08,031] {dag.py:2937} INFO - Setting next_dagrun for example_branch_operator to 2022-03-16T00:00:00+00:00
[2022-03-16 00:09:08,699] {processor.py:171} INFO - Processing /home/airflow/.local/lib/python3.7/site-packages/airflow/example_dags/example_branch_operator.py took 0.761 seconds
[2022-03-16 00:09:39,034] {processor.py:163} INFO - Started process (PID=3312) to work on /home/airflow/.local/lib/python3.7/site-packages/airflow/example_dags/example_branch_operator.py
[2022-03-16 00:09:39,075] {processor.py:642} INFO - Processing file /home/airflow/.local/lib/python3.7/site-packages/airflow/example_dags/example_branch_operator.py for tasks to queue
[2022-03-16 00:09:39,075] {logging_mixin.py:109} INFO - [2022-03-16 00:09:39,075] {dagbag.py:500} INFO - Filling up the DagBag from /home/airflow/.local/lib/python3.7/site-packages/airflow/example_dags/example_branch_operator.py
[2022-03-16 00:09:39,095] {processor.py:654} INFO - DAG(s) dict_keys(['example_branch_operator']) retrieved from /home/airflow/.local/lib/python3.7/site-packages/airflow/example_dags/example_branch_operator.py
[2022-03-16 00:09:39,102] {logging_mixin.py:109} INFO - [2022-03-16 00:09:39,102] {dag.py:2398} INFO - Sync 1 DAGs
[2022-03-16 00:09:39,115] {logging_mixin.py:109} INFO - [2022-03-16 00:09:39,115] {dag.py:2937} INFO - Setting next_dagrun for example_branch_operator to 2022-03-16T00:00:00+00:00
[2022-03-16 00:09:39,153] {processor.py:171} INFO - Processing /home/airflow/.local/lib/python3.7/site-packages/airflow/example_dags/example_branch_operator.py took 0.121 seconds
[2022-03-16 00:10:09,183] {processor.py:163} INFO - Started process (PID=3365) to work on /home/airflow/.local/lib/python3.7/site-packages/airflow/example_dags/example_branch_operator.py
[2022-03-16 00:10:09,190] {processor.py:642} INFO - Processing file /home/airflow/.local/lib/python3.7/site-packages/airflow/example_dags/example_branch_operator.py for tasks to queue
[2022-03-16 00:10:09,190] {logging_mixin.py:109} INFO - [2022-03-16 00:10:09,190] {dagbag.py:500} INFO - Filling up the DagBag from /home/airflow/.local/lib/python3.7/site-packages/airflow/example_dags/example_branch_operator.py
[2022-03-16 00:10:09,215] {processor.py:654} INFO - DAG(s) dict_keys(['example_branch_operator']) retrieved from /home/airflow/.local/lib/python3.7/site-packages/airflow/example_dags/example_branch_operator.py
[2022-03-16 00:10:09,224] {logging_mixin.py:109} INFO - [2022-03-16 00:10:09,224] {dag.py:2398} INFO - Sync 1 DAGs
[2022-03-16 00:10:09,236] {logging_mixin.py:109} INFO - [2022-03-16 00:10:09,236] {dag.py:2937} INFO - Setting next_dagrun for example_branch_operator to 2022-03-16T00:00:00+00:00
[2022-03-16 00:10:10,297] {processor.py:171} INFO - Processing /home/airflow/.local/lib/python3.7/site-packages/airflow/example_dags/example_branch_operator.py took 1.116 seconds
[2022-03-16 00:10:40,395] {processor.py:163} INFO - Started process (PID=3437) to work on /home/airflow/.local/lib/python3.7/site-packages/airflow/example_dags/example_branch_operator.py
[2022-03-16 00:10:40,441] {processor.py:642} INFO - Processing file /home/airflow/.local/lib/python3.7/site-packages/airflow/example_dags/example_branch_operator.py for tasks to queue
[2022-03-16 00:10:40,441] {logging_mixin.py:109} INFO - [2022-03-16 00:10:40,441] {dagbag.py:500} INFO - Filling up the DagBag from /home/airflow/.local/lib/python3.7/site-packages/airflow/example_dags/example_branch_operator.py
[2022-03-16 00:10:40,465] {processor.py:654} INFO - DAG(s) dict_keys(['example_branch_operator']) retrieved from /home/airflow/.local/lib/python3.7/site-packages/airflow/example_dags/example_branch_operator.py
[2022-03-16 00:10:40,475] {logging_mixin.py:109} INFO - [2022-03-16 00:10:40,475] {dag.py:2398} INFO - Sync 1 DAGs
[2022-03-16 00:10:40,488] {logging_mixin.py:109} INFO - [2022-03-16 00:10:40,488] {dag.py:2937} INFO - Setting next_dagrun for example_branch_operator to 2022-03-16T00:00:00+00:00
[2022-03-16 00:10:40,886] {processor.py:171} INFO - Processing /home/airflow/.local/lib/python3.7/site-packages/airflow/example_dags/example_branch_operator.py took 0.493 seconds
[2022-03-16 00:11:11,341] {processor.py:163} INFO - Started process (PID=3497) to work on /home/airflow/.local/lib/python3.7/site-packages/airflow/example_dags/example_branch_operator.py
[2022-03-16 00:11:11,349] {processor.py:642} INFO - Processing file /home/airflow/.local/lib/python3.7/site-packages/airflow/example_dags/example_branch_operator.py for tasks to queue
[2022-03-16 00:11:11,349] {logging_mixin.py:109} INFO - [2022-03-16 00:11:11,349] {dagbag.py:500} INFO - Filling up the DagBag from /home/airflow/.local/lib/python3.7/site-packages/airflow/example_dags/example_branch_operator.py
[2022-03-16 00:11:11,371] {processor.py:654} INFO - DAG(s) dict_keys(['example_branch_operator']) retrieved from /home/airflow/.local/lib/python3.7/site-packages/airflow/example_dags/example_branch_operator.py
[2022-03-16 00:11:11,378] {logging_mixin.py:109} INFO - [2022-03-16 00:11:11,378] {dag.py:2398} INFO - Sync 1 DAGs
[2022-03-16 00:11:11,389] {logging_mixin.py:109} INFO - [2022-03-16 00:11:11,389] {dag.py:2937} INFO - Setting next_dagrun for example_branch_operator to 2022-03-16T00:00:00+00:00
[2022-03-16 00:11:12,189] {processor.py:171} INFO - Processing /home/airflow/.local/lib/python3.7/site-packages/airflow/example_dags/example_branch_operator.py took 0.851 seconds
[2022-03-16 00:11:42,746] {processor.py:163} INFO - Started process (PID=3556) to work on /home/airflow/.local/lib/python3.7/site-packages/airflow/example_dags/example_branch_operator.py
[2022-03-16 00:11:42,784] {processor.py:642} INFO - Processing file /home/airflow/.local/lib/python3.7/site-packages/airflow/example_dags/example_branch_operator.py for tasks to queue
[2022-03-16 00:11:42,785] {logging_mixin.py:109} INFO - [2022-03-16 00:11:42,785] {dagbag.py:500} INFO - Filling up the DagBag from /home/airflow/.local/lib/python3.7/site-packages/airflow/example_dags/example_branch_operator.py
[2022-03-16 00:11:42,836] {processor.py:654} INFO - DAG(s) dict_keys(['example_branch_operator']) retrieved from /home/airflow/.local/lib/python3.7/site-packages/airflow/example_dags/example_branch_operator.py
[2022-03-16 00:11:42,845] {logging_mixin.py:109} INFO - [2022-03-16 00:11:42,844] {dag.py:2398} INFO - Sync 1 DAGs
[2022-03-16 00:11:42,857] {logging_mixin.py:109} INFO - [2022-03-16 00:11:42,857] {dag.py:2937} INFO - Setting next_dagrun for example_branch_operator to 2022-03-16T00:00:00+00:00
[2022-03-16 00:11:43,433] {processor.py:171} INFO - Processing /home/airflow/.local/lib/python3.7/site-packages/airflow/example_dags/example_branch_operator.py took 0.694 seconds
[2022-03-16 00:12:13,566] {processor.py:163} INFO - Started process (PID=3610) to work on /home/airflow/.local/lib/python3.7/site-packages/airflow/example_dags/example_branch_operator.py
[2022-03-16 00:12:13,579] {processor.py:642} INFO - Processing file /home/airflow/.local/lib/python3.7/site-packages/airflow/example_dags/example_branch_operator.py for tasks to queue
[2022-03-16 00:12:13,580] {logging_mixin.py:109} INFO - [2022-03-16 00:12:13,580] {dagbag.py:500} INFO - Filling up the DagBag from /home/airflow/.local/lib/python3.7/site-packages/airflow/example_dags/example_branch_operator.py
[2022-03-16 00:12:13,599] {processor.py:654} INFO - DAG(s) dict_keys(['example_branch_operator']) retrieved from /home/airflow/.local/lib/python3.7/site-packages/airflow/example_dags/example_branch_operator.py
[2022-03-16 00:12:13,607] {logging_mixin.py:109} INFO - [2022-03-16 00:12:13,607] {dag.py:2398} INFO - Sync 1 DAGs
[2022-03-16 00:12:13,623] {logging_mixin.py:109} INFO - [2022-03-16 00:12:13,623] {dag.py:2937} INFO - Setting next_dagrun for example_branch_operator to 2022-03-16T00:00:00+00:00
[2022-03-16 00:12:13,935] {processor.py:171} INFO - Processing /home/airflow/.local/lib/python3.7/site-packages/airflow/example_dags/example_branch_operator.py took 0.371 seconds
[2022-03-16 00:12:44,002] {processor.py:163} INFO - Started process (PID=3679) to work on /home/airflow/.local/lib/python3.7/site-packages/airflow/example_dags/example_branch_operator.py
[2022-03-16 00:12:44,010] {processor.py:642} INFO - Processing file /home/airflow/.local/lib/python3.7/site-packages/airflow/example_dags/example_branch_operator.py for tasks to queue
[2022-03-16 00:12:44,011] {logging_mixin.py:109} INFO - [2022-03-16 00:12:44,010] {dagbag.py:500} INFO - Filling up the DagBag from /home/airflow/.local/lib/python3.7/site-packages/airflow/example_dags/example_branch_operator.py
[2022-03-16 00:12:44,034] {processor.py:654} INFO - DAG(s) dict_keys(['example_branch_operator']) retrieved from /home/airflow/.local/lib/python3.7/site-packages/airflow/example_dags/example_branch_operator.py
[2022-03-16 00:12:44,044] {logging_mixin.py:109} INFO - [2022-03-16 00:12:44,044] {dag.py:2398} INFO - Sync 1 DAGs
[2022-03-16 00:12:44,064] {logging_mixin.py:109} INFO - [2022-03-16 00:12:44,064] {dag.py:2937} INFO - Setting next_dagrun for example_branch_operator to 2022-03-16T00:00:00+00:00
[2022-03-16 00:12:46,076] {processor.py:171} INFO - Processing /home/airflow/.local/lib/python3.7/site-packages/airflow/example_dags/example_branch_operator.py took 2.076 seconds
[2022-03-16 00:13:16,470] {processor.py:163} INFO - Started process (PID=3737) to work on /home/airflow/.local/lib/python3.7/site-packages/airflow/example_dags/example_branch_operator.py
[2022-03-16 00:13:16,512] {processor.py:642} INFO - Processing file /home/airflow/.local/lib/python3.7/site-packages/airflow/example_dags/example_branch_operator.py for tasks to queue
[2022-03-16 00:13:16,512] {logging_mixin.py:109} INFO - [2022-03-16 00:13:16,512] {dagbag.py:500} INFO - Filling up the DagBag from /home/airflow/.local/lib/python3.7/site-packages/airflow/example_dags/example_branch_operator.py
[2022-03-16 00:13:16,533] {processor.py:654} INFO - DAG(s) dict_keys(['example_branch_operator']) retrieved from /home/airflow/.local/lib/python3.7/site-packages/airflow/example_dags/example_branch_operator.py
[2022-03-16 00:13:16,543] {logging_mixin.py:109} INFO - [2022-03-16 00:13:16,543] {dag.py:2398} INFO - Sync 1 DAGs
[2022-03-16 00:13:16,562] {logging_mixin.py:109} INFO - [2022-03-16 00:13:16,561] {dag.py:2937} INFO - Setting next_dagrun for example_branch_operator to 2022-03-16T00:00:00+00:00
[2022-03-16 00:13:16,627] {processor.py:171} INFO - Processing /home/airflow/.local/lib/python3.7/site-packages/airflow/example_dags/example_branch_operator.py took 0.160 seconds
[2022-03-16 00:13:47,277] {processor.py:163} INFO - Started process (PID=3788) to work on /home/airflow/.local/lib/python3.7/site-packages/airflow/example_dags/example_branch_operator.py
[2022-03-16 00:13:47,316] {processor.py:642} INFO - Processing file /home/airflow/.local/lib/python3.7/site-packages/airflow/example_dags/example_branch_operator.py for tasks to queue
[2022-03-16 00:13:47,317] {logging_mixin.py:109} INFO - [2022-03-16 00:13:47,317] {dagbag.py:500} INFO - Filling up the DagBag from /home/airflow/.local/lib/python3.7/site-packages/airflow/example_dags/example_branch_operator.py
[2022-03-16 00:13:47,340] {processor.py:654} INFO - DAG(s) dict_keys(['example_branch_operator']) retrieved from /home/airflow/.local/lib/python3.7/site-packages/airflow/example_dags/example_branch_operator.py
[2022-03-16 00:13:47,347] {logging_mixin.py:109} INFO - [2022-03-16 00:13:47,347] {dag.py:2398} INFO - Sync 1 DAGs
[2022-03-16 00:13:47,359] {logging_mixin.py:109} INFO - [2022-03-16 00:13:47,359] {dag.py:2937} INFO - Setting next_dagrun for example_branch_operator to 2022-03-16T00:00:00+00:00
[2022-03-16 00:13:47,800] {processor.py:171} INFO - Processing /home/airflow/.local/lib/python3.7/site-packages/airflow/example_dags/example_branch_operator.py took 0.526 seconds
[2022-03-16 00:14:18,503] {processor.py:163} INFO - Started process (PID=3854) to work on /home/airflow/.local/lib/python3.7/site-packages/airflow/example_dags/example_branch_operator.py
[2022-03-16 00:14:18,593] {processor.py:642} INFO - Processing file /home/airflow/.local/lib/python3.7/site-packages/airflow/example_dags/example_branch_operator.py for tasks to queue
[2022-03-16 00:14:18,594] {logging_mixin.py:109} INFO - [2022-03-16 00:14:18,594] {dagbag.py:500} INFO - Filling up the DagBag from /home/airflow/.local/lib/python3.7/site-packages/airflow/example_dags/example_branch_operator.py
[2022-03-16 00:14:18,643] {processor.py:654} INFO - DAG(s) dict_keys(['example_branch_operator']) retrieved from /home/airflow/.local/lib/python3.7/site-packages/airflow/example_dags/example_branch_operator.py
[2022-03-16 00:14:18,651] {logging_mixin.py:109} INFO - [2022-03-16 00:14:18,651] {dag.py:2398} INFO - Sync 1 DAGs
[2022-03-16 00:14:18,667] {logging_mixin.py:109} INFO - [2022-03-16 00:14:18,667] {dag.py:2937} INFO - Setting next_dagrun for example_branch_operator to 2022-03-16T00:00:00+00:00
[2022-03-16 00:14:19,087] {processor.py:171} INFO - Processing /home/airflow/.local/lib/python3.7/site-packages/airflow/example_dags/example_branch_operator.py took 0.586 seconds
[2022-03-16 00:14:49,653] {processor.py:163} INFO - Started process (PID=3916) to work on /home/airflow/.local/lib/python3.7/site-packages/airflow/example_dags/example_branch_operator.py
[2022-03-16 00:14:49,667] {processor.py:642} INFO - Processing file /home/airflow/.local/lib/python3.7/site-packages/airflow/example_dags/example_branch_operator.py for tasks to queue
[2022-03-16 00:14:49,668] {logging_mixin.py:109} INFO - [2022-03-16 00:14:49,668] {dagbag.py:500} INFO - Filling up the DagBag from /home/airflow/.local/lib/python3.7/site-packages/airflow/example_dags/example_branch_operator.py
[2022-03-16 00:14:49,710] {processor.py:654} INFO - DAG(s) dict_keys(['example_branch_operator']) retrieved from /home/airflow/.local/lib/python3.7/site-packages/airflow/example_dags/example_branch_operator.py
[2022-03-16 00:14:49,718] {logging_mixin.py:109} INFO - [2022-03-16 00:14:49,717] {dag.py:2398} INFO - Sync 1 DAGs
[2022-03-16 00:14:49,730] {logging_mixin.py:109} INFO - [2022-03-16 00:14:49,730] {dag.py:2937} INFO - Setting next_dagrun for example_branch_operator to 2022-03-16T00:00:00+00:00
[2022-03-16 00:14:50,108] {processor.py:171} INFO - Processing /home/airflow/.local/lib/python3.7/site-packages/airflow/example_dags/example_branch_operator.py took 0.458 seconds
[2022-03-16 00:15:20,848] {processor.py:163} INFO - Started process (PID=3972) to work on /home/airflow/.local/lib/python3.7/site-packages/airflow/example_dags/example_branch_operator.py
[2022-03-16 00:15:20,929] {processor.py:642} INFO - Processing file /home/airflow/.local/lib/python3.7/site-packages/airflow/example_dags/example_branch_operator.py for tasks to queue
[2022-03-16 00:15:20,930] {logging_mixin.py:109} INFO - [2022-03-16 00:15:20,930] {dagbag.py:500} INFO - Filling up the DagBag from /home/airflow/.local/lib/python3.7/site-packages/airflow/example_dags/example_branch_operator.py
[2022-03-16 00:15:20,958] {processor.py:654} INFO - DAG(s) dict_keys(['example_branch_operator']) retrieved from /home/airflow/.local/lib/python3.7/site-packages/airflow/example_dags/example_branch_operator.py
[2022-03-16 00:15:20,969] {logging_mixin.py:109} INFO - [2022-03-16 00:15:20,968] {dag.py:2398} INFO - Sync 1 DAGs
[2022-03-16 00:15:20,984] {logging_mixin.py:109} INFO - [2022-03-16 00:15:20,983] {dag.py:2937} INFO - Setting next_dagrun for example_branch_operator to 2022-03-16T00:00:00+00:00
[2022-03-16 00:15:21,062] {processor.py:171} INFO - Processing /home/airflow/.local/lib/python3.7/site-packages/airflow/example_dags/example_branch_operator.py took 0.216 seconds
[2022-03-16 00:15:51,254] {processor.py:163} INFO - Started process (PID=4031) to work on /home/airflow/.local/lib/python3.7/site-packages/airflow/example_dags/example_branch_operator.py
[2022-03-16 00:15:51,333] {processor.py:642} INFO - Processing file /home/airflow/.local/lib/python3.7/site-packages/airflow/example_dags/example_branch_operator.py for tasks to queue
[2022-03-16 00:15:51,334] {logging_mixin.py:109} INFO - [2022-03-16 00:15:51,334] {dagbag.py:500} INFO - Filling up the DagBag from /home/airflow/.local/lib/python3.7/site-packages/airflow/example_dags/example_branch_operator.py
[2022-03-16 00:15:51,355] {processor.py:654} INFO - DAG(s) dict_keys(['example_branch_operator']) retrieved from /home/airflow/.local/lib/python3.7/site-packages/airflow/example_dags/example_branch_operator.py
[2022-03-16 00:15:51,362] {logging_mixin.py:109} INFO - [2022-03-16 00:15:51,362] {dag.py:2398} INFO - Sync 1 DAGs
[2022-03-16 00:15:51,375] {logging_mixin.py:109} INFO - [2022-03-16 00:15:51,375] {dag.py:2937} INFO - Setting next_dagrun for example_branch_operator to 2022-03-16T00:00:00+00:00
[2022-03-16 00:15:52,644] {processor.py:171} INFO - Processing /home/airflow/.local/lib/python3.7/site-packages/airflow/example_dags/example_branch_operator.py took 1.392 seconds
[2022-03-16 00:16:22,970] {processor.py:163} INFO - Started process (PID=4089) to work on /home/airflow/.local/lib/python3.7/site-packages/airflow/example_dags/example_branch_operator.py
[2022-03-16 00:16:22,983] {processor.py:642} INFO - Processing file /home/airflow/.local/lib/python3.7/site-packages/airflow/example_dags/example_branch_operator.py for tasks to queue
[2022-03-16 00:16:22,983] {logging_mixin.py:109} INFO - [2022-03-16 00:16:22,983] {dagbag.py:500} INFO - Filling up the DagBag from /home/airflow/.local/lib/python3.7/site-packages/airflow/example_dags/example_branch_operator.py
[2022-03-16 00:16:23,009] {processor.py:654} INFO - DAG(s) dict_keys(['example_branch_operator']) retrieved from /home/airflow/.local/lib/python3.7/site-packages/airflow/example_dags/example_branch_operator.py
[2022-03-16 00:16:23,019] {logging_mixin.py:109} INFO - [2022-03-16 00:16:23,019] {dag.py:2398} INFO - Sync 1 DAGs
[2022-03-16 00:16:23,036] {logging_mixin.py:109} INFO - [2022-03-16 00:16:23,036] {dag.py:2937} INFO - Setting next_dagrun for example_branch_operator to 2022-03-16T00:00:00+00:00
[2022-03-16 00:16:23,586] {processor.py:171} INFO - Processing /home/airflow/.local/lib/python3.7/site-packages/airflow/example_dags/example_branch_operator.py took 0.618 seconds
[2022-03-16 00:16:54,057] {processor.py:163} INFO - Started process (PID=4158) to work on /home/airflow/.local/lib/python3.7/site-packages/airflow/example_dags/example_branch_operator.py
[2022-03-16 00:16:54,078] {processor.py:642} INFO - Processing file /home/airflow/.local/lib/python3.7/site-packages/airflow/example_dags/example_branch_operator.py for tasks to queue
[2022-03-16 00:16:54,079] {logging_mixin.py:109} INFO - [2022-03-16 00:16:54,079] {dagbag.py:500} INFO - Filling up the DagBag from /home/airflow/.local/lib/python3.7/site-packages/airflow/example_dags/example_branch_operator.py
[2022-03-16 00:16:54,100] {processor.py:654} INFO - DAG(s) dict_keys(['example_branch_operator']) retrieved from /home/airflow/.local/lib/python3.7/site-packages/airflow/example_dags/example_branch_operator.py
[2022-03-16 00:16:54,108] {logging_mixin.py:109} INFO - [2022-03-16 00:16:54,107] {dag.py:2398} INFO - Sync 1 DAGs
[2022-03-16 00:16:54,121] {logging_mixin.py:109} INFO - [2022-03-16 00:16:54,121] {dag.py:2937} INFO - Setting next_dagrun for example_branch_operator to 2022-03-16T00:00:00+00:00
[2022-03-16 00:16:54,496] {processor.py:171} INFO - Processing /home/airflow/.local/lib/python3.7/site-packages/airflow/example_dags/example_branch_operator.py took 0.441 seconds
[2022-03-16 00:17:24,732] {processor.py:163} INFO - Started process (PID=4213) to work on /home/airflow/.local/lib/python3.7/site-packages/airflow/example_dags/example_branch_operator.py
[2022-03-16 00:17:24,782] {processor.py:642} INFO - Processing file /home/airflow/.local/lib/python3.7/site-packages/airflow/example_dags/example_branch_operator.py for tasks to queue
[2022-03-16 00:17:24,782] {logging_mixin.py:109} INFO - [2022-03-16 00:17:24,782] {dagbag.py:500} INFO - Filling up the DagBag from /home/airflow/.local/lib/python3.7/site-packages/airflow/example_dags/example_branch_operator.py
[2022-03-16 00:17:24,803] {processor.py:654} INFO - DAG(s) dict_keys(['example_branch_operator']) retrieved from /home/airflow/.local/lib/python3.7/site-packages/airflow/example_dags/example_branch_operator.py
[2022-03-16 00:17:24,810] {logging_mixin.py:109} INFO - [2022-03-16 00:17:24,810] {dag.py:2398} INFO - Sync 1 DAGs
[2022-03-16 00:17:24,823] {logging_mixin.py:109} INFO - [2022-03-16 00:17:24,823] {dag.py:2937} INFO - Setting next_dagrun for example_branch_operator to 2022-03-16T00:00:00+00:00
[2022-03-16 00:17:24,873] {processor.py:171} INFO - Processing /home/airflow/.local/lib/python3.7/site-packages/airflow/example_dags/example_branch_operator.py took 0.143 seconds
[2022-03-16 00:17:55,695] {processor.py:163} INFO - Started process (PID=4272) to work on /home/airflow/.local/lib/python3.7/site-packages/airflow/example_dags/example_branch_operator.py
[2022-03-16 00:17:55,702] {processor.py:642} INFO - Processing file /home/airflow/.local/lib/python3.7/site-packages/airflow/example_dags/example_branch_operator.py for tasks to queue
[2022-03-16 00:17:55,703] {logging_mixin.py:109} INFO - [2022-03-16 00:17:55,703] {dagbag.py:500} INFO - Filling up the DagBag from /home/airflow/.local/lib/python3.7/site-packages/airflow/example_dags/example_branch_operator.py
[2022-03-16 00:17:55,730] {processor.py:654} INFO - DAG(s) dict_keys(['example_branch_operator']) retrieved from /home/airflow/.local/lib/python3.7/site-packages/airflow/example_dags/example_branch_operator.py
[2022-03-16 00:17:55,741] {logging_mixin.py:109} INFO - [2022-03-16 00:17:55,741] {dag.py:2398} INFO - Sync 1 DAGs
[2022-03-16 00:17:55,761] {logging_mixin.py:109} INFO - [2022-03-16 00:17:55,761] {dag.py:2937} INFO - Setting next_dagrun for example_branch_operator to 2022-03-16T00:00:00+00:00
[2022-03-16 00:17:56,423] {processor.py:171} INFO - Processing /home/airflow/.local/lib/python3.7/site-packages/airflow/example_dags/example_branch_operator.py took 0.730 seconds
[2022-03-16 00:18:26,687] {processor.py:163} INFO - Started process (PID=4335) to work on /home/airflow/.local/lib/python3.7/site-packages/airflow/example_dags/example_branch_operator.py
[2022-03-16 00:18:26,697] {processor.py:642} INFO - Processing file /home/airflow/.local/lib/python3.7/site-packages/airflow/example_dags/example_branch_operator.py for tasks to queue
[2022-03-16 00:18:26,698] {logging_mixin.py:109} INFO - [2022-03-16 00:18:26,698] {dagbag.py:500} INFO - Filling up the DagBag from /home/airflow/.local/lib/python3.7/site-packages/airflow/example_dags/example_branch_operator.py
[2022-03-16 00:18:26,722] {processor.py:654} INFO - DAG(s) dict_keys(['example_branch_operator']) retrieved from /home/airflow/.local/lib/python3.7/site-packages/airflow/example_dags/example_branch_operator.py
[2022-03-16 00:18:26,728] {logging_mixin.py:109} INFO - [2022-03-16 00:18:26,728] {dag.py:2398} INFO - Sync 1 DAGs
[2022-03-16 00:18:26,740] {logging_mixin.py:109} INFO - [2022-03-16 00:18:26,740] {dag.py:2937} INFO - Setting next_dagrun for example_branch_operator to 2022-03-16T00:00:00+00:00
[2022-03-16 00:18:27,430] {processor.py:171} INFO - Processing /home/airflow/.local/lib/python3.7/site-packages/airflow/example_dags/example_branch_operator.py took 0.746 seconds
[2022-03-16 00:18:58,202] {processor.py:163} INFO - Started process (PID=4407) to work on /home/airflow/.local/lib/python3.7/site-packages/airflow/example_dags/example_branch_operator.py
[2022-03-16 00:18:58,220] {processor.py:642} INFO - Processing file /home/airflow/.local/lib/python3.7/site-packages/airflow/example_dags/example_branch_operator.py for tasks to queue
[2022-03-16 00:18:58,221] {logging_mixin.py:109} INFO - [2022-03-16 00:18:58,221] {dagbag.py:500} INFO - Filling up the DagBag from /home/airflow/.local/lib/python3.7/site-packages/airflow/example_dags/example_branch_operator.py
[2022-03-16 00:18:58,249] {processor.py:654} INFO - DAG(s) dict_keys(['example_branch_operator']) retrieved from /home/airflow/.local/lib/python3.7/site-packages/airflow/example_dags/example_branch_operator.py
[2022-03-16 00:18:58,258] {logging_mixin.py:109} INFO - [2022-03-16 00:18:58,258] {dag.py:2398} INFO - Sync 1 DAGs
[2022-03-16 00:18:58,276] {logging_mixin.py:109} INFO - [2022-03-16 00:18:58,276] {dag.py:2937} INFO - Setting next_dagrun for example_branch_operator to 2022-03-16T00:00:00+00:00
[2022-03-16 00:18:58,331] {processor.py:171} INFO - Processing /home/airflow/.local/lib/python3.7/site-packages/airflow/example_dags/example_branch_operator.py took 0.131 seconds
[2022-03-16 00:19:28,528] {processor.py:163} INFO - Started process (PID=4458) to work on /home/airflow/.local/lib/python3.7/site-packages/airflow/example_dags/example_branch_operator.py
[2022-03-16 00:19:28,573] {processor.py:642} INFO - Processing file /home/airflow/.local/lib/python3.7/site-packages/airflow/example_dags/example_branch_operator.py for tasks to queue
[2022-03-16 00:19:28,574] {logging_mixin.py:109} INFO - [2022-03-16 00:19:28,573] {dagbag.py:500} INFO - Filling up the DagBag from /home/airflow/.local/lib/python3.7/site-packages/airflow/example_dags/example_branch_operator.py
[2022-03-16 00:19:28,625] {processor.py:654} INFO - DAG(s) dict_keys(['example_branch_operator']) retrieved from /home/airflow/.local/lib/python3.7/site-packages/airflow/example_dags/example_branch_operator.py
[2022-03-16 00:19:28,637] {logging_mixin.py:109} INFO - [2022-03-16 00:19:28,636] {dag.py:2398} INFO - Sync 1 DAGs
[2022-03-16 00:19:28,654] {logging_mixin.py:109} INFO - [2022-03-16 00:19:28,653] {dag.py:2937} INFO - Setting next_dagrun for example_branch_operator to 2022-03-16T00:00:00+00:00
[2022-03-16 00:19:29,511] {processor.py:171} INFO - Processing /home/airflow/.local/lib/python3.7/site-packages/airflow/example_dags/example_branch_operator.py took 0.984 seconds
[2022-03-16 00:19:59,840] {processor.py:163} INFO - Started process (PID=4517) to work on /home/airflow/.local/lib/python3.7/site-packages/airflow/example_dags/example_branch_operator.py
[2022-03-16 00:19:59,859] {processor.py:642} INFO - Processing file /home/airflow/.local/lib/python3.7/site-packages/airflow/example_dags/example_branch_operator.py for tasks to queue
[2022-03-16 00:19:59,860] {logging_mixin.py:109} INFO - [2022-03-16 00:19:59,859] {dagbag.py:500} INFO - Filling up the DagBag from /home/airflow/.local/lib/python3.7/site-packages/airflow/example_dags/example_branch_operator.py
[2022-03-16 00:19:59,892] {processor.py:654} INFO - DAG(s) dict_keys(['example_branch_operator']) retrieved from /home/airflow/.local/lib/python3.7/site-packages/airflow/example_dags/example_branch_operator.py
[2022-03-16 00:19:59,901] {logging_mixin.py:109} INFO - [2022-03-16 00:19:59,901] {dag.py:2398} INFO - Sync 1 DAGs
[2022-03-16 00:19:59,919] {logging_mixin.py:109} INFO - [2022-03-16 00:19:59,919] {dag.py:2937} INFO - Setting next_dagrun for example_branch_operator to 2022-03-16T00:00:00+00:00
[2022-03-16 00:19:59,966] {processor.py:171} INFO - Processing /home/airflow/.local/lib/python3.7/site-packages/airflow/example_dags/example_branch_operator.py took 0.129 seconds
[2022-03-16 00:20:30,336] {processor.py:163} INFO - Started process (PID=4581) to work on /home/airflow/.local/lib/python3.7/site-packages/airflow/example_dags/example_branch_operator.py
[2022-03-16 00:20:30,345] {processor.py:642} INFO - Processing file /home/airflow/.local/lib/python3.7/site-packages/airflow/example_dags/example_branch_operator.py for tasks to queue
[2022-03-16 00:20:30,345] {logging_mixin.py:109} INFO - [2022-03-16 00:20:30,345] {dagbag.py:500} INFO - Filling up the DagBag from /home/airflow/.local/lib/python3.7/site-packages/airflow/example_dags/example_branch_operator.py
[2022-03-16 00:20:30,368] {processor.py:654} INFO - DAG(s) dict_keys(['example_branch_operator']) retrieved from /home/airflow/.local/lib/python3.7/site-packages/airflow/example_dags/example_branch_operator.py
[2022-03-16 00:20:30,376] {logging_mixin.py:109} INFO - [2022-03-16 00:20:30,376] {dag.py:2398} INFO - Sync 1 DAGs
[2022-03-16 00:20:30,390] {logging_mixin.py:109} INFO - [2022-03-16 00:20:30,390] {dag.py:2937} INFO - Setting next_dagrun for example_branch_operator to 2022-03-16T00:00:00+00:00
[2022-03-16 00:20:30,463] {processor.py:171} INFO - Processing /home/airflow/.local/lib/python3.7/site-packages/airflow/example_dags/example_branch_operator.py took 0.129 seconds
[2022-03-16 00:21:01,011] {processor.py:163} INFO - Started process (PID=4645) to work on /home/airflow/.local/lib/python3.7/site-packages/airflow/example_dags/example_branch_operator.py
[2022-03-16 00:21:01,017] {processor.py:642} INFO - Processing file /home/airflow/.local/lib/python3.7/site-packages/airflow/example_dags/example_branch_operator.py for tasks to queue
[2022-03-16 00:21:01,017] {logging_mixin.py:109} INFO - [2022-03-16 00:21:01,017] {dagbag.py:500} INFO - Filling up the DagBag from /home/airflow/.local/lib/python3.7/site-packages/airflow/example_dags/example_branch_operator.py
[2022-03-16 00:21:01,047] {processor.py:654} INFO - DAG(s) dict_keys(['example_branch_operator']) retrieved from /home/airflow/.local/lib/python3.7/site-packages/airflow/example_dags/example_branch_operator.py
[2022-03-16 00:21:01,058] {logging_mixin.py:109} INFO - [2022-03-16 00:21:01,058] {dag.py:2398} INFO - Sync 1 DAGs
[2022-03-16 00:21:01,070] {logging_mixin.py:109} INFO - [2022-03-16 00:21:01,070] {dag.py:2937} INFO - Setting next_dagrun for example_branch_operator to 2022-03-16T00:00:00+00:00
[2022-03-16 00:21:01,122] {processor.py:171} INFO - Processing /home/airflow/.local/lib/python3.7/site-packages/airflow/example_dags/example_branch_operator.py took 0.113 seconds
[2022-03-16 00:21:31,306] {processor.py:163} INFO - Started process (PID=4704) to work on /home/airflow/.local/lib/python3.7/site-packages/airflow/example_dags/example_branch_operator.py
[2022-03-16 00:21:32,056] {processor.py:642} INFO - Processing file /home/airflow/.local/lib/python3.7/site-packages/airflow/example_dags/example_branch_operator.py for tasks to queue
[2022-03-16 00:21:32,056] {logging_mixin.py:109} INFO - [2022-03-16 00:21:32,056] {dagbag.py:500} INFO - Filling up the DagBag from /home/airflow/.local/lib/python3.7/site-packages/airflow/example_dags/example_branch_operator.py
[2022-03-16 00:21:32,077] {processor.py:654} INFO - DAG(s) dict_keys(['example_branch_operator']) retrieved from /home/airflow/.local/lib/python3.7/site-packages/airflow/example_dags/example_branch_operator.py
[2022-03-16 00:21:32,084] {logging_mixin.py:109} INFO - [2022-03-16 00:21:32,084] {dag.py:2398} INFO - Sync 1 DAGs
[2022-03-16 00:21:32,097] {logging_mixin.py:109} INFO - [2022-03-16 00:21:32,097] {dag.py:2937} INFO - Setting next_dagrun for example_branch_operator to 2022-03-16T00:00:00+00:00
[2022-03-16 00:21:32,183] {processor.py:171} INFO - Processing /home/airflow/.local/lib/python3.7/site-packages/airflow/example_dags/example_branch_operator.py took 0.884 seconds
[2022-03-16 00:22:02,410] {processor.py:163} INFO - Started process (PID=4754) to work on /home/airflow/.local/lib/python3.7/site-packages/airflow/example_dags/example_branch_operator.py
[2022-03-16 00:22:02,487] {processor.py:642} INFO - Processing file /home/airflow/.local/lib/python3.7/site-packages/airflow/example_dags/example_branch_operator.py for tasks to queue
[2022-03-16 00:22:02,488] {logging_mixin.py:109} INFO - [2022-03-16 00:22:02,488] {dagbag.py:500} INFO - Filling up the DagBag from /home/airflow/.local/lib/python3.7/site-packages/airflow/example_dags/example_branch_operator.py
[2022-03-16 00:22:02,511] {processor.py:654} INFO - DAG(s) dict_keys(['example_branch_operator']) retrieved from /home/airflow/.local/lib/python3.7/site-packages/airflow/example_dags/example_branch_operator.py
[2022-03-16 00:22:02,521] {logging_mixin.py:109} INFO - [2022-03-16 00:22:02,521] {dag.py:2398} INFO - Sync 1 DAGs
[2022-03-16 00:22:02,538] {logging_mixin.py:109} INFO - [2022-03-16 00:22:02,538] {dag.py:2937} INFO - Setting next_dagrun for example_branch_operator to 2022-03-16T00:00:00+00:00
[2022-03-16 00:22:02,606] {processor.py:171} INFO - Processing /home/airflow/.local/lib/python3.7/site-packages/airflow/example_dags/example_branch_operator.py took 0.199 seconds
[2022-03-16 00:22:32,661] {processor.py:163} INFO - Started process (PID=4830) to work on /home/airflow/.local/lib/python3.7/site-packages/airflow/example_dags/example_branch_operator.py
[2022-03-16 00:22:32,681] {processor.py:642} INFO - Processing file /home/airflow/.local/lib/python3.7/site-packages/airflow/example_dags/example_branch_operator.py for tasks to queue
[2022-03-16 00:22:32,682] {logging_mixin.py:109} INFO - [2022-03-16 00:22:32,682] {dagbag.py:500} INFO - Filling up the DagBag from /home/airflow/.local/lib/python3.7/site-packages/airflow/example_dags/example_branch_operator.py
[2022-03-16 00:22:32,709] {processor.py:654} INFO - DAG(s) dict_keys(['example_branch_operator']) retrieved from /home/airflow/.local/lib/python3.7/site-packages/airflow/example_dags/example_branch_operator.py
[2022-03-16 00:22:32,717] {logging_mixin.py:109} INFO - [2022-03-16 00:22:32,717] {dag.py:2398} INFO - Sync 1 DAGs
[2022-03-16 00:22:32,730] {logging_mixin.py:109} INFO - [2022-03-16 00:22:32,730] {dag.py:2937} INFO - Setting next_dagrun for example_branch_operator to 2022-03-16T00:00:00+00:00
[2022-03-16 00:22:32,938] {processor.py:171} INFO - Processing /home/airflow/.local/lib/python3.7/site-packages/airflow/example_dags/example_branch_operator.py took 0.279 seconds
[2022-03-16 00:23:03,469] {processor.py:163} INFO - Started process (PID=4895) to work on /home/airflow/.local/lib/python3.7/site-packages/airflow/example_dags/example_branch_operator.py
[2022-03-16 00:23:03,477] {processor.py:642} INFO - Processing file /home/airflow/.local/lib/python3.7/site-packages/airflow/example_dags/example_branch_operator.py for tasks to queue
[2022-03-16 00:23:03,478] {logging_mixin.py:109} INFO - [2022-03-16 00:23:03,478] {dagbag.py:500} INFO - Filling up the DagBag from /home/airflow/.local/lib/python3.7/site-packages/airflow/example_dags/example_branch_operator.py
[2022-03-16 00:23:03,509] {processor.py:654} INFO - DAG(s) dict_keys(['example_branch_operator']) retrieved from /home/airflow/.local/lib/python3.7/site-packages/airflow/example_dags/example_branch_operator.py
[2022-03-16 00:23:03,520] {logging_mixin.py:109} INFO - [2022-03-16 00:23:03,520] {dag.py:2398} INFO - Sync 1 DAGs
[2022-03-16 00:23:03,540] {logging_mixin.py:109} INFO - [2022-03-16 00:23:03,539] {dag.py:2937} INFO - Setting next_dagrun for example_branch_operator to 2022-03-16T00:00:00+00:00
[2022-03-16 00:23:03,604] {processor.py:171} INFO - Processing /home/airflow/.local/lib/python3.7/site-packages/airflow/example_dags/example_branch_operator.py took 0.138 seconds
[2022-03-16 00:23:34,553] {processor.py:163} INFO - Started process (PID=4954) to work on /home/airflow/.local/lib/python3.7/site-packages/airflow/example_dags/example_branch_operator.py
[2022-03-16 00:23:34,573] {processor.py:642} INFO - Processing file /home/airflow/.local/lib/python3.7/site-packages/airflow/example_dags/example_branch_operator.py for tasks to queue
[2022-03-16 00:23:34,574] {logging_mixin.py:109} INFO - [2022-03-16 00:23:34,574] {dagbag.py:500} INFO - Filling up the DagBag from /home/airflow/.local/lib/python3.7/site-packages/airflow/example_dags/example_branch_operator.py
[2022-03-16 00:23:34,599] {processor.py:654} INFO - DAG(s) dict_keys(['example_branch_operator']) retrieved from /home/airflow/.local/lib/python3.7/site-packages/airflow/example_dags/example_branch_operator.py
[2022-03-16 00:23:34,607] {logging_mixin.py:109} INFO - [2022-03-16 00:23:34,607] {dag.py:2398} INFO - Sync 1 DAGs
[2022-03-16 00:23:34,621] {logging_mixin.py:109} INFO - [2022-03-16 00:23:34,621] {dag.py:2937} INFO - Setting next_dagrun for example_branch_operator to 2022-03-16T00:00:00+00:00
[2022-03-16 00:23:35,459] {processor.py:171} INFO - Processing /home/airflow/.local/lib/python3.7/site-packages/airflow/example_dags/example_branch_operator.py took 0.908 seconds
[2022-03-16 00:24:06,104] {processor.py:163} INFO - Started process (PID=5007) to work on /home/airflow/.local/lib/python3.7/site-packages/airflow/example_dags/example_branch_operator.py
[2022-03-16 00:24:06,145] {processor.py:642} INFO - Processing file /home/airflow/.local/lib/python3.7/site-packages/airflow/example_dags/example_branch_operator.py for tasks to queue
[2022-03-16 00:24:06,146] {logging_mixin.py:109} INFO - [2022-03-16 00:24:06,145] {dagbag.py:500} INFO - Filling up the DagBag from /home/airflow/.local/lib/python3.7/site-packages/airflow/example_dags/example_branch_operator.py
[2022-03-16 00:24:06,182] {processor.py:654} INFO - DAG(s) dict_keys(['example_branch_operator']) retrieved from /home/airflow/.local/lib/python3.7/site-packages/airflow/example_dags/example_branch_operator.py
[2022-03-16 00:24:06,196] {logging_mixin.py:109} INFO - [2022-03-16 00:24:06,196] {dag.py:2398} INFO - Sync 1 DAGs
[2022-03-16 00:24:06,216] {logging_mixin.py:109} INFO - [2022-03-16 00:24:06,216] {dag.py:2937} INFO - Setting next_dagrun for example_branch_operator to 2022-03-16T00:00:00+00:00
[2022-03-16 00:24:06,511] {processor.py:171} INFO - Processing /home/airflow/.local/lib/python3.7/site-packages/airflow/example_dags/example_branch_operator.py took 0.413 seconds
[2022-03-16 00:24:37,176] {processor.py:163} INFO - Started process (PID=5080) to work on /home/airflow/.local/lib/python3.7/site-packages/airflow/example_dags/example_branch_operator.py
[2022-03-16 00:24:37,228] {processor.py:642} INFO - Processing file /home/airflow/.local/lib/python3.7/site-packages/airflow/example_dags/example_branch_operator.py for tasks to queue
[2022-03-16 00:24:37,228] {logging_mixin.py:109} INFO - [2022-03-16 00:24:37,228] {dagbag.py:500} INFO - Filling up the DagBag from /home/airflow/.local/lib/python3.7/site-packages/airflow/example_dags/example_branch_operator.py
[2022-03-16 00:24:37,250] {processor.py:654} INFO - DAG(s) dict_keys(['example_branch_operator']) retrieved from /home/airflow/.local/lib/python3.7/site-packages/airflow/example_dags/example_branch_operator.py
[2022-03-16 00:24:37,257] {logging_mixin.py:109} INFO - [2022-03-16 00:24:37,257] {dag.py:2398} INFO - Sync 1 DAGs
[2022-03-16 00:24:37,269] {logging_mixin.py:109} INFO - [2022-03-16 00:24:37,269] {dag.py:2937} INFO - Setting next_dagrun for example_branch_operator to 2022-03-16T00:00:00+00:00
[2022-03-16 00:24:37,312] {processor.py:171} INFO - Processing /home/airflow/.local/lib/python3.7/site-packages/airflow/example_dags/example_branch_operator.py took 0.138 seconds
[2022-03-16 00:25:07,379] {processor.py:163} INFO - Started process (PID=5143) to work on /home/airflow/.local/lib/python3.7/site-packages/airflow/example_dags/example_branch_operator.py
[2022-03-16 00:25:07,390] {processor.py:642} INFO - Processing file /home/airflow/.local/lib/python3.7/site-packages/airflow/example_dags/example_branch_operator.py for tasks to queue
[2022-03-16 00:25:07,392] {logging_mixin.py:109} INFO - [2022-03-16 00:25:07,392] {dagbag.py:500} INFO - Filling up the DagBag from /home/airflow/.local/lib/python3.7/site-packages/airflow/example_dags/example_branch_operator.py
[2022-03-16 00:25:07,440] {processor.py:654} INFO - DAG(s) dict_keys(['example_branch_operator']) retrieved from /home/airflow/.local/lib/python3.7/site-packages/airflow/example_dags/example_branch_operator.py
[2022-03-16 00:25:07,450] {logging_mixin.py:109} INFO - [2022-03-16 00:25:07,450] {dag.py:2398} INFO - Sync 1 DAGs
[2022-03-16 00:25:07,467] {logging_mixin.py:109} INFO - [2022-03-16 00:25:07,467] {dag.py:2937} INFO - Setting next_dagrun for example_branch_operator to 2022-03-16T00:00:00+00:00
[2022-03-16 00:25:07,530] {processor.py:171} INFO - Processing /home/airflow/.local/lib/python3.7/site-packages/airflow/example_dags/example_branch_operator.py took 0.158 seconds
[2022-03-16 00:25:37,825] {processor.py:163} INFO - Started process (PID=5193) to work on /home/airflow/.local/lib/python3.7/site-packages/airflow/example_dags/example_branch_operator.py
[2022-03-16 00:25:37,836] {processor.py:642} INFO - Processing file /home/airflow/.local/lib/python3.7/site-packages/airflow/example_dags/example_branch_operator.py for tasks to queue
[2022-03-16 00:25:37,837] {logging_mixin.py:109} INFO - [2022-03-16 00:25:37,837] {dagbag.py:500} INFO - Filling up the DagBag from /home/airflow/.local/lib/python3.7/site-packages/airflow/example_dags/example_branch_operator.py
[2022-03-16 00:25:37,857] {processor.py:654} INFO - DAG(s) dict_keys(['example_branch_operator']) retrieved from /home/airflow/.local/lib/python3.7/site-packages/airflow/example_dags/example_branch_operator.py
[2022-03-16 00:25:37,864] {logging_mixin.py:109} INFO - [2022-03-16 00:25:37,864] {dag.py:2398} INFO - Sync 1 DAGs
[2022-03-16 00:25:37,876] {logging_mixin.py:109} INFO - [2022-03-16 00:25:37,876] {dag.py:2937} INFO - Setting next_dagrun for example_branch_operator to 2022-03-16T00:00:00+00:00
[2022-03-16 00:25:38,811] {processor.py:171} INFO - Processing /home/airflow/.local/lib/python3.7/site-packages/airflow/example_dags/example_branch_operator.py took 0.988 seconds
[2022-03-16 00:26:09,370] {processor.py:163} INFO - Started process (PID=5254) to work on /home/airflow/.local/lib/python3.7/site-packages/airflow/example_dags/example_branch_operator.py
[2022-03-16 00:26:09,416] {processor.py:642} INFO - Processing file /home/airflow/.local/lib/python3.7/site-packages/airflow/example_dags/example_branch_operator.py for tasks to queue
[2022-03-16 00:26:09,417] {logging_mixin.py:109} INFO - [2022-03-16 00:26:09,417] {dagbag.py:500} INFO - Filling up the DagBag from /home/airflow/.local/lib/python3.7/site-packages/airflow/example_dags/example_branch_operator.py
[2022-03-16 00:26:09,468] {processor.py:654} INFO - DAG(s) dict_keys(['example_branch_operator']) retrieved from /home/airflow/.local/lib/python3.7/site-packages/airflow/example_dags/example_branch_operator.py
[2022-03-16 00:26:09,476] {logging_mixin.py:109} INFO - [2022-03-16 00:26:09,476] {dag.py:2398} INFO - Sync 1 DAGs
[2022-03-16 00:26:09,491] {logging_mixin.py:109} INFO - [2022-03-16 00:26:09,491] {dag.py:2937} INFO - Setting next_dagrun for example_branch_operator to 2022-03-16T00:00:00+00:00
[2022-03-16 00:26:09,900] {processor.py:171} INFO - Processing /home/airflow/.local/lib/python3.7/site-packages/airflow/example_dags/example_branch_operator.py took 0.531 seconds
[2022-03-16 00:26:40,598] {processor.py:163} INFO - Started process (PID=5318) to work on /home/airflow/.local/lib/python3.7/site-packages/airflow/example_dags/example_branch_operator.py
[2022-03-16 00:26:40,621] {processor.py:642} INFO - Processing file /home/airflow/.local/lib/python3.7/site-packages/airflow/example_dags/example_branch_operator.py for tasks to queue
[2022-03-16 00:26:40,622] {logging_mixin.py:109} INFO - [2022-03-16 00:26:40,622] {dagbag.py:500} INFO - Filling up the DagBag from /home/airflow/.local/lib/python3.7/site-packages/airflow/example_dags/example_branch_operator.py
[2022-03-16 00:26:40,670] {processor.py:654} INFO - DAG(s) dict_keys(['example_branch_operator']) retrieved from /home/airflow/.local/lib/python3.7/site-packages/airflow/example_dags/example_branch_operator.py
[2022-03-16 00:26:40,681] {logging_mixin.py:109} INFO - [2022-03-16 00:26:40,681] {dag.py:2398} INFO - Sync 1 DAGs
[2022-03-16 00:26:40,696] {logging_mixin.py:109} INFO - [2022-03-16 00:26:40,696] {dag.py:2937} INFO - Setting next_dagrun for example_branch_operator to 2022-03-16T00:00:00+00:00
[2022-03-16 00:26:41,697] {processor.py:171} INFO - Processing /home/airflow/.local/lib/python3.7/site-packages/airflow/example_dags/example_branch_operator.py took 1.106 seconds
[2022-03-16 00:27:11,798] {processor.py:163} INFO - Started process (PID=5386) to work on /home/airflow/.local/lib/python3.7/site-packages/airflow/example_dags/example_branch_operator.py
[2022-03-16 00:27:11,827] {processor.py:642} INFO - Processing file /home/airflow/.local/lib/python3.7/site-packages/airflow/example_dags/example_branch_operator.py for tasks to queue
[2022-03-16 00:27:11,828] {logging_mixin.py:109} INFO - [2022-03-16 00:27:11,828] {dagbag.py:500} INFO - Filling up the DagBag from /home/airflow/.local/lib/python3.7/site-packages/airflow/example_dags/example_branch_operator.py
[2022-03-16 00:27:11,877] {processor.py:654} INFO - DAG(s) dict_keys(['example_branch_operator']) retrieved from /home/airflow/.local/lib/python3.7/site-packages/airflow/example_dags/example_branch_operator.py
[2022-03-16 00:27:11,884] {logging_mixin.py:109} INFO - [2022-03-16 00:27:11,884] {dag.py:2398} INFO - Sync 1 DAGs
[2022-03-16 00:27:11,897] {logging_mixin.py:109} INFO - [2022-03-16 00:27:11,897] {dag.py:2937} INFO - Setting next_dagrun for example_branch_operator to 2022-03-16T00:00:00+00:00
[2022-03-16 00:27:12,217] {processor.py:171} INFO - Processing /home/airflow/.local/lib/python3.7/site-packages/airflow/example_dags/example_branch_operator.py took 0.425 seconds
[2022-03-16 00:27:43,102] {processor.py:163} INFO - Started process (PID=5437) to work on /home/airflow/.local/lib/python3.7/site-packages/airflow/example_dags/example_branch_operator.py
[2022-03-16 00:27:43,126] {processor.py:642} INFO - Processing file /home/airflow/.local/lib/python3.7/site-packages/airflow/example_dags/example_branch_operator.py for tasks to queue
[2022-03-16 00:27:43,126] {logging_mixin.py:109} INFO - [2022-03-16 00:27:43,126] {dagbag.py:500} INFO - Filling up the DagBag from /home/airflow/.local/lib/python3.7/site-packages/airflow/example_dags/example_branch_operator.py
[2022-03-16 00:27:43,147] {processor.py:654} INFO - DAG(s) dict_keys(['example_branch_operator']) retrieved from /home/airflow/.local/lib/python3.7/site-packages/airflow/example_dags/example_branch_operator.py
[2022-03-16 00:27:43,154] {logging_mixin.py:109} INFO - [2022-03-16 00:27:43,154] {dag.py:2398} INFO - Sync 1 DAGs
[2022-03-16 00:27:43,168] {logging_mixin.py:109} INFO - [2022-03-16 00:27:43,168] {dag.py:2937} INFO - Setting next_dagrun for example_branch_operator to 2022-03-16T00:00:00+00:00
[2022-03-16 00:27:43,702] {processor.py:171} INFO - Processing /home/airflow/.local/lib/python3.7/site-packages/airflow/example_dags/example_branch_operator.py took 0.602 seconds
[2022-03-16 00:28:13,834] {processor.py:163} INFO - Started process (PID=5502) to work on /home/airflow/.local/lib/python3.7/site-packages/airflow/example_dags/example_branch_operator.py
[2022-03-16 00:28:13,843] {processor.py:642} INFO - Processing file /home/airflow/.local/lib/python3.7/site-packages/airflow/example_dags/example_branch_operator.py for tasks to queue
[2022-03-16 00:28:13,844] {logging_mixin.py:109} INFO - [2022-03-16 00:28:13,843] {dagbag.py:500} INFO - Filling up the DagBag from /home/airflow/.local/lib/python3.7/site-packages/airflow/example_dags/example_branch_operator.py
[2022-03-16 00:28:13,884] {processor.py:654} INFO - DAG(s) dict_keys(['example_branch_operator']) retrieved from /home/airflow/.local/lib/python3.7/site-packages/airflow/example_dags/example_branch_operator.py
[2022-03-16 00:28:13,893] {logging_mixin.py:109} INFO - [2022-03-16 00:28:13,893] {dag.py:2398} INFO - Sync 1 DAGs
[2022-03-16 00:28:13,905] {logging_mixin.py:109} INFO - [2022-03-16 00:28:13,905] {dag.py:2937} INFO - Setting next_dagrun for example_branch_operator to 2022-03-16T00:00:00+00:00
[2022-03-16 00:28:13,952] {processor.py:171} INFO - Processing /home/airflow/.local/lib/python3.7/site-packages/airflow/example_dags/example_branch_operator.py took 0.121 seconds
[2022-03-16 00:28:44,801] {processor.py:163} INFO - Started process (PID=5564) to work on /home/airflow/.local/lib/python3.7/site-packages/airflow/example_dags/example_branch_operator.py
[2022-03-16 00:28:44,817] {processor.py:642} INFO - Processing file /home/airflow/.local/lib/python3.7/site-packages/airflow/example_dags/example_branch_operator.py for tasks to queue
[2022-03-16 00:28:44,818] {logging_mixin.py:109} INFO - [2022-03-16 00:28:44,818] {dagbag.py:500} INFO - Filling up the DagBag from /home/airflow/.local/lib/python3.7/site-packages/airflow/example_dags/example_branch_operator.py
[2022-03-16 00:28:44,837] {processor.py:654} INFO - DAG(s) dict_keys(['example_branch_operator']) retrieved from /home/airflow/.local/lib/python3.7/site-packages/airflow/example_dags/example_branch_operator.py
[2022-03-16 00:28:44,844] {logging_mixin.py:109} INFO - [2022-03-16 00:28:44,844] {dag.py:2398} INFO - Sync 1 DAGs
[2022-03-16 00:28:44,856] {logging_mixin.py:109} INFO - [2022-03-16 00:28:44,855] {dag.py:2937} INFO - Setting next_dagrun for example_branch_operator to 2022-03-16T00:00:00+00:00
[2022-03-16 00:28:45,179] {processor.py:171} INFO - Processing /home/airflow/.local/lib/python3.7/site-packages/airflow/example_dags/example_branch_operator.py took 0.380 seconds
[2022-03-16 00:29:15,593] {processor.py:163} INFO - Started process (PID=5620) to work on /home/airflow/.local/lib/python3.7/site-packages/airflow/example_dags/example_branch_operator.py
[2022-03-16 00:29:15,651] {processor.py:642} INFO - Processing file /home/airflow/.local/lib/python3.7/site-packages/airflow/example_dags/example_branch_operator.py for tasks to queue
[2022-03-16 00:29:15,652] {logging_mixin.py:109} INFO - [2022-03-16 00:29:15,652] {dagbag.py:500} INFO - Filling up the DagBag from /home/airflow/.local/lib/python3.7/site-packages/airflow/example_dags/example_branch_operator.py
[2022-03-16 00:29:15,682] {processor.py:654} INFO - DAG(s) dict_keys(['example_branch_operator']) retrieved from /home/airflow/.local/lib/python3.7/site-packages/airflow/example_dags/example_branch_operator.py
[2022-03-16 00:29:15,696] {logging_mixin.py:109} INFO - [2022-03-16 00:29:15,695] {dag.py:2398} INFO - Sync 1 DAGs
[2022-03-16 00:29:15,716] {logging_mixin.py:109} INFO - [2022-03-16 00:29:15,716] {dag.py:2937} INFO - Setting next_dagrun for example_branch_operator to 2022-03-16T00:00:00+00:00
[2022-03-16 00:29:15,759] {processor.py:171} INFO - Processing /home/airflow/.local/lib/python3.7/site-packages/airflow/example_dags/example_branch_operator.py took 0.168 seconds
[2022-03-16 00:29:45,871] {processor.py:163} INFO - Started process (PID=5680) to work on /home/airflow/.local/lib/python3.7/site-packages/airflow/example_dags/example_branch_operator.py
[2022-03-16 00:29:45,917] {processor.py:642} INFO - Processing file /home/airflow/.local/lib/python3.7/site-packages/airflow/example_dags/example_branch_operator.py for tasks to queue
[2022-03-16 00:29:45,918] {logging_mixin.py:109} INFO - [2022-03-16 00:29:45,918] {dagbag.py:500} INFO - Filling up the DagBag from /home/airflow/.local/lib/python3.7/site-packages/airflow/example_dags/example_branch_operator.py
[2022-03-16 00:29:45,967] {processor.py:654} INFO - DAG(s) dict_keys(['example_branch_operator']) retrieved from /home/airflow/.local/lib/python3.7/site-packages/airflow/example_dags/example_branch_operator.py
[2022-03-16 00:29:45,975] {logging_mixin.py:109} INFO - [2022-03-16 00:29:45,975] {dag.py:2398} INFO - Sync 1 DAGs
[2022-03-16 00:29:45,986] {logging_mixin.py:109} INFO - [2022-03-16 00:29:45,986] {dag.py:2937} INFO - Setting next_dagrun for example_branch_operator to 2022-03-16T00:00:00+00:00
[2022-03-16 00:29:47,126] {processor.py:171} INFO - Processing /home/airflow/.local/lib/python3.7/site-packages/airflow/example_dags/example_branch_operator.py took 1.261 seconds
[2022-03-16 00:30:18,001] {processor.py:163} INFO - Started process (PID=5739) to work on /home/airflow/.local/lib/python3.7/site-packages/airflow/example_dags/example_branch_operator.py
[2022-03-16 00:30:18,064] {processor.py:642} INFO - Processing file /home/airflow/.local/lib/python3.7/site-packages/airflow/example_dags/example_branch_operator.py for tasks to queue
[2022-03-16 00:30:18,065] {logging_mixin.py:109} INFO - [2022-03-16 00:30:18,065] {dagbag.py:500} INFO - Filling up the DagBag from /home/airflow/.local/lib/python3.7/site-packages/airflow/example_dags/example_branch_operator.py
[2022-03-16 00:30:18,116] {processor.py:654} INFO - DAG(s) dict_keys(['example_branch_operator']) retrieved from /home/airflow/.local/lib/python3.7/site-packages/airflow/example_dags/example_branch_operator.py
[2022-03-16 00:30:18,124] {logging_mixin.py:109} INFO - [2022-03-16 00:30:18,124] {dag.py:2398} INFO - Sync 1 DAGs
[2022-03-16 00:30:18,136] {logging_mixin.py:109} INFO - [2022-03-16 00:30:18,136] {dag.py:2937} INFO - Setting next_dagrun for example_branch_operator to 2022-03-16T00:00:00+00:00
[2022-03-16 00:30:18,691] {processor.py:171} INFO - Processing /home/airflow/.local/lib/python3.7/site-packages/airflow/example_dags/example_branch_operator.py took 0.692 seconds
[2022-03-16 00:30:48,817] {processor.py:163} INFO - Started process (PID=5814) to work on /home/airflow/.local/lib/python3.7/site-packages/airflow/example_dags/example_branch_operator.py
[2022-03-16 00:30:48,868] {processor.py:642} INFO - Processing file /home/airflow/.local/lib/python3.7/site-packages/airflow/example_dags/example_branch_operator.py for tasks to queue
[2022-03-16 00:30:48,869] {logging_mixin.py:109} INFO - [2022-03-16 00:30:48,868] {dagbag.py:500} INFO - Filling up the DagBag from /home/airflow/.local/lib/python3.7/site-packages/airflow/example_dags/example_branch_operator.py
[2022-03-16 00:30:48,891] {processor.py:654} INFO - DAG(s) dict_keys(['example_branch_operator']) retrieved from /home/airflow/.local/lib/python3.7/site-packages/airflow/example_dags/example_branch_operator.py
[2022-03-16 00:30:48,900] {logging_mixin.py:109} INFO - [2022-03-16 00:30:48,900] {dag.py:2398} INFO - Sync 1 DAGs
[2022-03-16 00:30:48,912] {logging_mixin.py:109} INFO - [2022-03-16 00:30:48,912] {dag.py:2937} INFO - Setting next_dagrun for example_branch_operator to 2022-03-16T00:00:00+00:00
[2022-03-16 00:30:48,965] {processor.py:171} INFO - Processing /home/airflow/.local/lib/python3.7/site-packages/airflow/example_dags/example_branch_operator.py took 0.150 seconds
[2022-03-16 00:31:19,174] {processor.py:163} INFO - Started process (PID=5869) to work on /home/airflow/.local/lib/python3.7/site-packages/airflow/example_dags/example_branch_operator.py
[2022-03-16 00:31:19,180] {processor.py:642} INFO - Processing file /home/airflow/.local/lib/python3.7/site-packages/airflow/example_dags/example_branch_operator.py for tasks to queue
[2022-03-16 00:31:19,180] {logging_mixin.py:109} INFO - [2022-03-16 00:31:19,180] {dagbag.py:500} INFO - Filling up the DagBag from /home/airflow/.local/lib/python3.7/site-packages/airflow/example_dags/example_branch_operator.py
[2022-03-16 00:31:19,199] {processor.py:654} INFO - DAG(s) dict_keys(['example_branch_operator']) retrieved from /home/airflow/.local/lib/python3.7/site-packages/airflow/example_dags/example_branch_operator.py
[2022-03-16 00:31:19,206] {logging_mixin.py:109} INFO - [2022-03-16 00:31:19,206] {dag.py:2398} INFO - Sync 1 DAGs
[2022-03-16 00:31:19,218] {logging_mixin.py:109} INFO - [2022-03-16 00:31:19,218] {dag.py:2937} INFO - Setting next_dagrun for example_branch_operator to 2022-03-16T00:00:00+00:00
[2022-03-16 00:31:20,422] {processor.py:171} INFO - Processing /home/airflow/.local/lib/python3.7/site-packages/airflow/example_dags/example_branch_operator.py took 1.250 seconds
[2022-03-16 00:31:50,987] {processor.py:163} INFO - Started process (PID=5929) to work on /home/airflow/.local/lib/python3.7/site-packages/airflow/example_dags/example_branch_operator.py
[2022-03-16 00:31:51,036] {processor.py:642} INFO - Processing file /home/airflow/.local/lib/python3.7/site-packages/airflow/example_dags/example_branch_operator.py for tasks to queue
[2022-03-16 00:31:51,037] {logging_mixin.py:109} INFO - [2022-03-16 00:31:51,037] {dagbag.py:500} INFO - Filling up the DagBag from /home/airflow/.local/lib/python3.7/site-packages/airflow/example_dags/example_branch_operator.py
[2022-03-16 00:31:51,058] {processor.py:654} INFO - DAG(s) dict_keys(['example_branch_operator']) retrieved from /home/airflow/.local/lib/python3.7/site-packages/airflow/example_dags/example_branch_operator.py
[2022-03-16 00:31:51,068] {logging_mixin.py:109} INFO - [2022-03-16 00:31:51,068] {dag.py:2398} INFO - Sync 1 DAGs
[2022-03-16 00:31:51,086] {logging_mixin.py:109} INFO - [2022-03-16 00:31:51,086] {dag.py:2937} INFO - Setting next_dagrun for example_branch_operator to 2022-03-16T00:00:00+00:00
[2022-03-16 00:31:52,022] {processor.py:171} INFO - Processing /home/airflow/.local/lib/python3.7/site-packages/airflow/example_dags/example_branch_operator.py took 1.037 seconds
[2022-03-16 00:32:22,547] {processor.py:163} INFO - Started process (PID=5984) to work on /home/airflow/.local/lib/python3.7/site-packages/airflow/example_dags/example_branch_operator.py
[2022-03-16 00:32:22,556] {processor.py:642} INFO - Processing file /home/airflow/.local/lib/python3.7/site-packages/airflow/example_dags/example_branch_operator.py for tasks to queue
[2022-03-16 00:32:22,557] {logging_mixin.py:109} INFO - [2022-03-16 00:32:22,556] {dagbag.py:500} INFO - Filling up the DagBag from /home/airflow/.local/lib/python3.7/site-packages/airflow/example_dags/example_branch_operator.py
[2022-03-16 00:32:22,595] {processor.py:654} INFO - DAG(s) dict_keys(['example_branch_operator']) retrieved from /home/airflow/.local/lib/python3.7/site-packages/airflow/example_dags/example_branch_operator.py
[2022-03-16 00:32:22,604] {logging_mixin.py:109} INFO - [2022-03-16 00:32:22,604] {dag.py:2398} INFO - Sync 1 DAGs
[2022-03-16 00:32:22,619] {logging_mixin.py:109} INFO - [2022-03-16 00:32:22,619] {dag.py:2937} INFO - Setting next_dagrun for example_branch_operator to 2022-03-16T00:00:00+00:00
[2022-03-16 00:32:23,111] {processor.py:171} INFO - Processing /home/airflow/.local/lib/python3.7/site-packages/airflow/example_dags/example_branch_operator.py took 0.567 seconds
[2022-03-16 00:32:53,234] {processor.py:163} INFO - Started process (PID=6047) to work on /home/airflow/.local/lib/python3.7/site-packages/airflow/example_dags/example_branch_operator.py
[2022-03-16 00:32:53,241] {processor.py:642} INFO - Processing file /home/airflow/.local/lib/python3.7/site-packages/airflow/example_dags/example_branch_operator.py for tasks to queue
[2022-03-16 00:32:53,241] {logging_mixin.py:109} INFO - [2022-03-16 00:32:53,241] {dagbag.py:500} INFO - Filling up the DagBag from /home/airflow/.local/lib/python3.7/site-packages/airflow/example_dags/example_branch_operator.py
[2022-03-16 00:32:53,261] {processor.py:654} INFO - DAG(s) dict_keys(['example_branch_operator']) retrieved from /home/airflow/.local/lib/python3.7/site-packages/airflow/example_dags/example_branch_operator.py
[2022-03-16 00:32:53,268] {logging_mixin.py:109} INFO - [2022-03-16 00:32:53,268] {dag.py:2398} INFO - Sync 1 DAGs
[2022-03-16 00:32:53,280] {logging_mixin.py:109} INFO - [2022-03-16 00:32:53,280] {dag.py:2937} INFO - Setting next_dagrun for example_branch_operator to 2022-03-16T00:00:00+00:00
[2022-03-16 00:32:54,778] {processor.py:171} INFO - Processing /home/airflow/.local/lib/python3.7/site-packages/airflow/example_dags/example_branch_operator.py took 1.547 seconds
[2022-03-16 00:33:25,156] {processor.py:163} INFO - Started process (PID=6111) to work on /home/airflow/.local/lib/python3.7/site-packages/airflow/example_dags/example_branch_operator.py
[2022-03-16 00:33:25,230] {processor.py:642} INFO - Processing file /home/airflow/.local/lib/python3.7/site-packages/airflow/example_dags/example_branch_operator.py for tasks to queue
[2022-03-16 00:33:25,231] {logging_mixin.py:109} INFO - [2022-03-16 00:33:25,231] {dagbag.py:500} INFO - Filling up the DagBag from /home/airflow/.local/lib/python3.7/site-packages/airflow/example_dags/example_branch_operator.py
[2022-03-16 00:33:25,250] {processor.py:654} INFO - DAG(s) dict_keys(['example_branch_operator']) retrieved from /home/airflow/.local/lib/python3.7/site-packages/airflow/example_dags/example_branch_operator.py
[2022-03-16 00:33:25,257] {logging_mixin.py:109} INFO - [2022-03-16 00:33:25,257] {dag.py:2398} INFO - Sync 1 DAGs
[2022-03-16 00:33:25,270] {logging_mixin.py:109} INFO - [2022-03-16 00:33:25,270] {dag.py:2937} INFO - Setting next_dagrun for example_branch_operator to 2022-03-16T00:00:00+00:00
[2022-03-16 00:33:25,318] {processor.py:171} INFO - Processing /home/airflow/.local/lib/python3.7/site-packages/airflow/example_dags/example_branch_operator.py took 0.164 seconds
[2022-03-16 00:33:55,526] {processor.py:163} INFO - Started process (PID=6161) to work on /home/airflow/.local/lib/python3.7/site-packages/airflow/example_dags/example_branch_operator.py
[2022-03-16 00:33:55,581] {processor.py:642} INFO - Processing file /home/airflow/.local/lib/python3.7/site-packages/airflow/example_dags/example_branch_operator.py for tasks to queue
[2022-03-16 00:33:55,583] {logging_mixin.py:109} INFO - [2022-03-16 00:33:55,583] {dagbag.py:500} INFO - Filling up the DagBag from /home/airflow/.local/lib/python3.7/site-packages/airflow/example_dags/example_branch_operator.py
[2022-03-16 00:33:55,634] {processor.py:654} INFO - DAG(s) dict_keys(['example_branch_operator']) retrieved from /home/airflow/.local/lib/python3.7/site-packages/airflow/example_dags/example_branch_operator.py
[2022-03-16 00:33:55,643] {logging_mixin.py:109} INFO - [2022-03-16 00:33:55,643] {dag.py:2398} INFO - Sync 1 DAGs
[2022-03-16 00:33:55,661] {logging_mixin.py:109} INFO - [2022-03-16 00:33:55,661] {dag.py:2937} INFO - Setting next_dagrun for example_branch_operator to 2022-03-16T00:00:00+00:00
[2022-03-16 00:33:56,161] {processor.py:171} INFO - Processing /home/airflow/.local/lib/python3.7/site-packages/airflow/example_dags/example_branch_operator.py took 0.638 seconds
