[2022-03-16 00:00:21,193] {processor.py:163} INFO - Started process (PID=2221) to work on /home/airflow/.local/lib/python3.7/site-packages/airflow/example_dags/example_kubernetes_executor.py
[2022-03-16 00:00:21,194] {processor.py:642} INFO - Processing file /home/airflow/.local/lib/python3.7/site-packages/airflow/example_dags/example_kubernetes_executor.py for tasks to queue
[2022-03-16 00:00:21,194] {logging_mixin.py:109} INFO - [2022-03-16 00:00:21,194] {dagbag.py:500} INFO - Filling up the DagBag from /home/airflow/.local/lib/python3.7/site-packages/airflow/example_dags/example_kubernetes_executor.py
[2022-03-16 00:00:21,227] {processor.py:654} INFO - DAG(s) dict_keys(['example_kubernetes_executor']) retrieved from /home/airflow/.local/lib/python3.7/site-packages/airflow/example_dags/example_kubernetes_executor.py
[2022-03-16 00:00:21,240] {logging_mixin.py:109} INFO - [2022-03-16 00:00:21,240] {dag.py:2398} INFO - Sync 1 DAGs
[2022-03-16 00:00:21,257] {logging_mixin.py:109} INFO - [2022-03-16 00:00:21,257] {dag.py:2937} INFO - Setting next_dagrun for example_kubernetes_executor to None
[2022-03-16 00:00:21,757] {processor.py:171} INFO - Processing /home/airflow/.local/lib/python3.7/site-packages/airflow/example_dags/example_kubernetes_executor.py took 0.567 seconds
[2022-03-16 00:00:55,911] {processor.py:163} INFO - Started process (PID=2295) to work on /home/airflow/.local/lib/python3.7/site-packages/airflow/example_dags/example_kubernetes_executor.py
[2022-03-16 00:00:55,912] {processor.py:642} INFO - Processing file /home/airflow/.local/lib/python3.7/site-packages/airflow/example_dags/example_kubernetes_executor.py for tasks to queue
[2022-03-16 00:00:55,912] {logging_mixin.py:109} INFO - [2022-03-16 00:00:55,912] {dagbag.py:500} INFO - Filling up the DagBag from /home/airflow/.local/lib/python3.7/site-packages/airflow/example_dags/example_kubernetes_executor.py
[2022-03-16 00:00:55,946] {processor.py:654} INFO - DAG(s) dict_keys(['example_kubernetes_executor']) retrieved from /home/airflow/.local/lib/python3.7/site-packages/airflow/example_dags/example_kubernetes_executor.py
[2022-03-16 00:00:55,960] {logging_mixin.py:109} INFO - [2022-03-16 00:00:55,960] {dag.py:2398} INFO - Sync 1 DAGs
[2022-03-16 00:00:55,976] {logging_mixin.py:109} INFO - [2022-03-16 00:00:55,976] {dag.py:2937} INFO - Setting next_dagrun for example_kubernetes_executor to None
[2022-03-16 00:00:56,016] {processor.py:171} INFO - Processing /home/airflow/.local/lib/python3.7/site-packages/airflow/example_dags/example_kubernetes_executor.py took 0.108 seconds
[2022-03-16 00:01:26,104] {processor.py:163} INFO - Started process (PID=2346) to work on /home/airflow/.local/lib/python3.7/site-packages/airflow/example_dags/example_kubernetes_executor.py
[2022-03-16 00:01:26,104] {processor.py:642} INFO - Processing file /home/airflow/.local/lib/python3.7/site-packages/airflow/example_dags/example_kubernetes_executor.py for tasks to queue
[2022-03-16 00:01:26,105] {logging_mixin.py:109} INFO - [2022-03-16 00:01:26,105] {dagbag.py:500} INFO - Filling up the DagBag from /home/airflow/.local/lib/python3.7/site-packages/airflow/example_dags/example_kubernetes_executor.py
[2022-03-16 00:01:26,127] {processor.py:654} INFO - DAG(s) dict_keys(['example_kubernetes_executor']) retrieved from /home/airflow/.local/lib/python3.7/site-packages/airflow/example_dags/example_kubernetes_executor.py
[2022-03-16 00:01:26,135] {logging_mixin.py:109} INFO - [2022-03-16 00:01:26,135] {dag.py:2398} INFO - Sync 1 DAGs
[2022-03-16 00:01:26,147] {logging_mixin.py:109} INFO - [2022-03-16 00:01:26,147] {dag.py:2937} INFO - Setting next_dagrun for example_kubernetes_executor to None
[2022-03-16 00:01:27,539] {processor.py:171} INFO - Processing /home/airflow/.local/lib/python3.7/site-packages/airflow/example_dags/example_kubernetes_executor.py took 1.437 seconds
[2022-03-16 00:01:58,308] {processor.py:163} INFO - Started process (PID=2406) to work on /home/airflow/.local/lib/python3.7/site-packages/airflow/example_dags/example_kubernetes_executor.py
[2022-03-16 00:01:58,309] {processor.py:642} INFO - Processing file /home/airflow/.local/lib/python3.7/site-packages/airflow/example_dags/example_kubernetes_executor.py for tasks to queue
[2022-03-16 00:01:58,309] {logging_mixin.py:109} INFO - [2022-03-16 00:01:58,309] {dagbag.py:500} INFO - Filling up the DagBag from /home/airflow/.local/lib/python3.7/site-packages/airflow/example_dags/example_kubernetes_executor.py
[2022-03-16 00:01:58,331] {processor.py:654} INFO - DAG(s) dict_keys(['example_kubernetes_executor']) retrieved from /home/airflow/.local/lib/python3.7/site-packages/airflow/example_dags/example_kubernetes_executor.py
[2022-03-16 00:01:58,340] {logging_mixin.py:109} INFO - [2022-03-16 00:01:58,339] {dag.py:2398} INFO - Sync 1 DAGs
[2022-03-16 00:01:58,351] {logging_mixin.py:109} INFO - [2022-03-16 00:01:58,350] {dag.py:2937} INFO - Setting next_dagrun for example_kubernetes_executor to None
[2022-03-16 00:01:58,906] {processor.py:171} INFO - Processing /home/airflow/.local/lib/python3.7/site-packages/airflow/example_dags/example_kubernetes_executor.py took 0.599 seconds
[2022-03-16 00:02:29,105] {processor.py:163} INFO - Started process (PID=2468) to work on /home/airflow/.local/lib/python3.7/site-packages/airflow/example_dags/example_kubernetes_executor.py
[2022-03-16 00:02:29,130] {processor.py:642} INFO - Processing file /home/airflow/.local/lib/python3.7/site-packages/airflow/example_dags/example_kubernetes_executor.py for tasks to queue
[2022-03-16 00:02:29,131] {logging_mixin.py:109} INFO - [2022-03-16 00:02:29,131] {dagbag.py:500} INFO - Filling up the DagBag from /home/airflow/.local/lib/python3.7/site-packages/airflow/example_dags/example_kubernetes_executor.py
[2022-03-16 00:02:29,159] {processor.py:654} INFO - DAG(s) dict_keys(['example_kubernetes_executor']) retrieved from /home/airflow/.local/lib/python3.7/site-packages/airflow/example_dags/example_kubernetes_executor.py
[2022-03-16 00:02:29,167] {logging_mixin.py:109} INFO - [2022-03-16 00:02:29,167] {dag.py:2398} INFO - Sync 1 DAGs
[2022-03-16 00:02:29,179] {logging_mixin.py:109} INFO - [2022-03-16 00:02:29,179] {dag.py:2937} INFO - Setting next_dagrun for example_kubernetes_executor to None
[2022-03-16 00:02:29,757] {processor.py:171} INFO - Processing /home/airflow/.local/lib/python3.7/site-packages/airflow/example_dags/example_kubernetes_executor.py took 0.654 seconds
[2022-03-16 00:02:59,862] {processor.py:163} INFO - Started process (PID=2541) to work on /home/airflow/.local/lib/python3.7/site-packages/airflow/example_dags/example_kubernetes_executor.py
[2022-03-16 00:02:59,906] {processor.py:642} INFO - Processing file /home/airflow/.local/lib/python3.7/site-packages/airflow/example_dags/example_kubernetes_executor.py for tasks to queue
[2022-03-16 00:02:59,906] {logging_mixin.py:109} INFO - [2022-03-16 00:02:59,906] {dagbag.py:500} INFO - Filling up the DagBag from /home/airflow/.local/lib/python3.7/site-packages/airflow/example_dags/example_kubernetes_executor.py
[2022-03-16 00:02:59,929] {processor.py:654} INFO - DAG(s) dict_keys(['example_kubernetes_executor']) retrieved from /home/airflow/.local/lib/python3.7/site-packages/airflow/example_dags/example_kubernetes_executor.py
[2022-03-16 00:02:59,938] {logging_mixin.py:109} INFO - [2022-03-16 00:02:59,938] {dag.py:2398} INFO - Sync 1 DAGs
[2022-03-16 00:02:59,949] {logging_mixin.py:109} INFO - [2022-03-16 00:02:59,949] {dag.py:2937} INFO - Setting next_dagrun for example_kubernetes_executor to None
[2022-03-16 00:03:00,350] {processor.py:171} INFO - Processing /home/airflow/.local/lib/python3.7/site-packages/airflow/example_dags/example_kubernetes_executor.py took 0.490 seconds
[2022-03-16 00:03:30,770] {processor.py:163} INFO - Started process (PID=2591) to work on /home/airflow/.local/lib/python3.7/site-packages/airflow/example_dags/example_kubernetes_executor.py
[2022-03-16 00:03:30,790] {processor.py:642} INFO - Processing file /home/airflow/.local/lib/python3.7/site-packages/airflow/example_dags/example_kubernetes_executor.py for tasks to queue
[2022-03-16 00:03:30,790] {logging_mixin.py:109} INFO - [2022-03-16 00:03:30,790] {dagbag.py:500} INFO - Filling up the DagBag from /home/airflow/.local/lib/python3.7/site-packages/airflow/example_dags/example_kubernetes_executor.py
[2022-03-16 00:03:30,816] {processor.py:654} INFO - DAG(s) dict_keys(['example_kubernetes_executor']) retrieved from /home/airflow/.local/lib/python3.7/site-packages/airflow/example_dags/example_kubernetes_executor.py
[2022-03-16 00:03:30,826] {logging_mixin.py:109} INFO - [2022-03-16 00:03:30,826] {dag.py:2398} INFO - Sync 1 DAGs
[2022-03-16 00:03:30,838] {logging_mixin.py:109} INFO - [2022-03-16 00:03:30,838] {dag.py:2937} INFO - Setting next_dagrun for example_kubernetes_executor to None
[2022-03-16 00:03:31,441] {processor.py:171} INFO - Processing /home/airflow/.local/lib/python3.7/site-packages/airflow/example_dags/example_kubernetes_executor.py took 0.673 seconds
[2022-03-16 00:04:02,364] {processor.py:163} INFO - Started process (PID=2650) to work on /home/airflow/.local/lib/python3.7/site-packages/airflow/example_dags/example_kubernetes_executor.py
[2022-03-16 00:04:02,380] {processor.py:642} INFO - Processing file /home/airflow/.local/lib/python3.7/site-packages/airflow/example_dags/example_kubernetes_executor.py for tasks to queue
[2022-03-16 00:04:02,380] {logging_mixin.py:109} INFO - [2022-03-16 00:04:02,380] {dagbag.py:500} INFO - Filling up the DagBag from /home/airflow/.local/lib/python3.7/site-packages/airflow/example_dags/example_kubernetes_executor.py
[2022-03-16 00:04:02,414] {processor.py:654} INFO - DAG(s) dict_keys(['example_kubernetes_executor']) retrieved from /home/airflow/.local/lib/python3.7/site-packages/airflow/example_dags/example_kubernetes_executor.py
[2022-03-16 00:04:02,427] {logging_mixin.py:109} INFO - [2022-03-16 00:04:02,426] {dag.py:2398} INFO - Sync 1 DAGs
[2022-03-16 00:04:02,442] {logging_mixin.py:109} INFO - [2022-03-16 00:04:02,442] {dag.py:2937} INFO - Setting next_dagrun for example_kubernetes_executor to None
[2022-03-16 00:04:02,661] {processor.py:171} INFO - Processing /home/airflow/.local/lib/python3.7/site-packages/airflow/example_dags/example_kubernetes_executor.py took 0.300 seconds
[2022-03-16 00:04:32,733] {processor.py:163} INFO - Started process (PID=2714) to work on /home/airflow/.local/lib/python3.7/site-packages/airflow/example_dags/example_kubernetes_executor.py
[2022-03-16 00:04:32,757] {processor.py:642} INFO - Processing file /home/airflow/.local/lib/python3.7/site-packages/airflow/example_dags/example_kubernetes_executor.py for tasks to queue
[2022-03-16 00:04:32,758] {logging_mixin.py:109} INFO - [2022-03-16 00:04:32,758] {dagbag.py:500} INFO - Filling up the DagBag from /home/airflow/.local/lib/python3.7/site-packages/airflow/example_dags/example_kubernetes_executor.py
[2022-03-16 00:04:32,797] {processor.py:654} INFO - DAG(s) dict_keys(['example_kubernetes_executor']) retrieved from /home/airflow/.local/lib/python3.7/site-packages/airflow/example_dags/example_kubernetes_executor.py
[2022-03-16 00:04:32,806] {logging_mixin.py:109} INFO - [2022-03-16 00:04:32,806] {dag.py:2398} INFO - Sync 1 DAGs
[2022-03-16 00:04:32,818] {logging_mixin.py:109} INFO - [2022-03-16 00:04:32,818] {dag.py:2937} INFO - Setting next_dagrun for example_kubernetes_executor to None
[2022-03-16 00:04:32,935] {processor.py:171} INFO - Processing /home/airflow/.local/lib/python3.7/site-packages/airflow/example_dags/example_kubernetes_executor.py took 0.204 seconds
[2022-03-16 00:05:03,009] {processor.py:163} INFO - Started process (PID=2776) to work on /home/airflow/.local/lib/python3.7/site-packages/airflow/example_dags/example_kubernetes_executor.py
[2022-03-16 00:05:03,015] {processor.py:642} INFO - Processing file /home/airflow/.local/lib/python3.7/site-packages/airflow/example_dags/example_kubernetes_executor.py for tasks to queue
[2022-03-16 00:05:03,015] {logging_mixin.py:109} INFO - [2022-03-16 00:05:03,015] {dagbag.py:500} INFO - Filling up the DagBag from /home/airflow/.local/lib/python3.7/site-packages/airflow/example_dags/example_kubernetes_executor.py
[2022-03-16 00:05:03,039] {processor.py:654} INFO - DAG(s) dict_keys(['example_kubernetes_executor']) retrieved from /home/airflow/.local/lib/python3.7/site-packages/airflow/example_dags/example_kubernetes_executor.py
[2022-03-16 00:05:03,047] {logging_mixin.py:109} INFO - [2022-03-16 00:05:03,047] {dag.py:2398} INFO - Sync 1 DAGs
[2022-03-16 00:05:03,058] {logging_mixin.py:109} INFO - [2022-03-16 00:05:03,058] {dag.py:2937} INFO - Setting next_dagrun for example_kubernetes_executor to None
[2022-03-16 00:05:03,139] {processor.py:171} INFO - Processing /home/airflow/.local/lib/python3.7/site-packages/airflow/example_dags/example_kubernetes_executor.py took 0.132 seconds
[2022-03-16 00:05:34,027] {processor.py:163} INFO - Started process (PID=2835) to work on /home/airflow/.local/lib/python3.7/site-packages/airflow/example_dags/example_kubernetes_executor.py
[2022-03-16 00:05:34,049] {processor.py:642} INFO - Processing file /home/airflow/.local/lib/python3.7/site-packages/airflow/example_dags/example_kubernetes_executor.py for tasks to queue
[2022-03-16 00:05:34,050] {logging_mixin.py:109} INFO - [2022-03-16 00:05:34,050] {dagbag.py:500} INFO - Filling up the DagBag from /home/airflow/.local/lib/python3.7/site-packages/airflow/example_dags/example_kubernetes_executor.py
[2022-03-16 00:05:34,072] {processor.py:654} INFO - DAG(s) dict_keys(['example_kubernetes_executor']) retrieved from /home/airflow/.local/lib/python3.7/site-packages/airflow/example_dags/example_kubernetes_executor.py
[2022-03-16 00:05:34,080] {logging_mixin.py:109} INFO - [2022-03-16 00:05:34,080] {dag.py:2398} INFO - Sync 1 DAGs
[2022-03-16 00:05:34,091] {logging_mixin.py:109} INFO - [2022-03-16 00:05:34,091] {dag.py:2937} INFO - Setting next_dagrun for example_kubernetes_executor to None
[2022-03-16 00:05:34,290] {processor.py:171} INFO - Processing /home/airflow/.local/lib/python3.7/site-packages/airflow/example_dags/example_kubernetes_executor.py took 0.265 seconds
[2022-03-16 00:06:04,633] {processor.py:163} INFO - Started process (PID=2887) to work on /home/airflow/.local/lib/python3.7/site-packages/airflow/example_dags/example_kubernetes_executor.py
[2022-03-16 00:06:04,654] {processor.py:642} INFO - Processing file /home/airflow/.local/lib/python3.7/site-packages/airflow/example_dags/example_kubernetes_executor.py for tasks to queue
[2022-03-16 00:06:04,655] {logging_mixin.py:109} INFO - [2022-03-16 00:06:04,655] {dagbag.py:500} INFO - Filling up the DagBag from /home/airflow/.local/lib/python3.7/site-packages/airflow/example_dags/example_kubernetes_executor.py
[2022-03-16 00:06:04,700] {processor.py:654} INFO - DAG(s) dict_keys(['example_kubernetes_executor']) retrieved from /home/airflow/.local/lib/python3.7/site-packages/airflow/example_dags/example_kubernetes_executor.py
[2022-03-16 00:06:04,708] {logging_mixin.py:109} INFO - [2022-03-16 00:06:04,708] {dag.py:2398} INFO - Sync 1 DAGs
[2022-03-16 00:06:04,719] {logging_mixin.py:109} INFO - [2022-03-16 00:06:04,719] {dag.py:2937} INFO - Setting next_dagrun for example_kubernetes_executor to None
[2022-03-16 00:06:04,821] {processor.py:171} INFO - Processing /home/airflow/.local/lib/python3.7/site-packages/airflow/example_dags/example_kubernetes_executor.py took 0.195 seconds
[2022-03-16 00:06:35,126] {processor.py:163} INFO - Started process (PID=2961) to work on /home/airflow/.local/lib/python3.7/site-packages/airflow/example_dags/example_kubernetes_executor.py
[2022-03-16 00:06:35,183] {processor.py:642} INFO - Processing file /home/airflow/.local/lib/python3.7/site-packages/airflow/example_dags/example_kubernetes_executor.py for tasks to queue
[2022-03-16 00:06:35,183] {logging_mixin.py:109} INFO - [2022-03-16 00:06:35,183] {dagbag.py:500} INFO - Filling up the DagBag from /home/airflow/.local/lib/python3.7/site-packages/airflow/example_dags/example_kubernetes_executor.py
[2022-03-16 00:06:35,206] {processor.py:654} INFO - DAG(s) dict_keys(['example_kubernetes_executor']) retrieved from /home/airflow/.local/lib/python3.7/site-packages/airflow/example_dags/example_kubernetes_executor.py
[2022-03-16 00:06:35,214] {logging_mixin.py:109} INFO - [2022-03-16 00:06:35,214] {dag.py:2398} INFO - Sync 1 DAGs
[2022-03-16 00:06:35,225] {logging_mixin.py:109} INFO - [2022-03-16 00:06:35,225] {dag.py:2937} INFO - Setting next_dagrun for example_kubernetes_executor to None
[2022-03-16 00:06:35,551] {processor.py:171} INFO - Processing /home/airflow/.local/lib/python3.7/site-packages/airflow/example_dags/example_kubernetes_executor.py took 0.426 seconds
[2022-03-16 00:07:05,764] {processor.py:163} INFO - Started process (PID=3021) to work on /home/airflow/.local/lib/python3.7/site-packages/airflow/example_dags/example_kubernetes_executor.py
[2022-03-16 00:07:05,765] {processor.py:642} INFO - Processing file /home/airflow/.local/lib/python3.7/site-packages/airflow/example_dags/example_kubernetes_executor.py for tasks to queue
[2022-03-16 00:07:05,765] {logging_mixin.py:109} INFO - [2022-03-16 00:07:05,765] {dagbag.py:500} INFO - Filling up the DagBag from /home/airflow/.local/lib/python3.7/site-packages/airflow/example_dags/example_kubernetes_executor.py
[2022-03-16 00:07:05,787] {processor.py:654} INFO - DAG(s) dict_keys(['example_kubernetes_executor']) retrieved from /home/airflow/.local/lib/python3.7/site-packages/airflow/example_dags/example_kubernetes_executor.py
[2022-03-16 00:07:05,795] {logging_mixin.py:109} INFO - [2022-03-16 00:07:05,794] {dag.py:2398} INFO - Sync 1 DAGs
[2022-03-16 00:07:05,805] {logging_mixin.py:109} INFO - [2022-03-16 00:07:05,804] {dag.py:2937} INFO - Setting next_dagrun for example_kubernetes_executor to None
[2022-03-16 00:07:05,869] {processor.py:171} INFO - Processing /home/airflow/.local/lib/python3.7/site-packages/airflow/example_dags/example_kubernetes_executor.py took 0.107 seconds
[2022-03-16 00:07:36,694] {processor.py:163} INFO - Started process (PID=3079) to work on /home/airflow/.local/lib/python3.7/site-packages/airflow/example_dags/example_kubernetes_executor.py
[2022-03-16 00:07:36,695] {processor.py:642} INFO - Processing file /home/airflow/.local/lib/python3.7/site-packages/airflow/example_dags/example_kubernetes_executor.py for tasks to queue
[2022-03-16 00:07:36,695] {logging_mixin.py:109} INFO - [2022-03-16 00:07:36,695] {dagbag.py:500} INFO - Filling up the DagBag from /home/airflow/.local/lib/python3.7/site-packages/airflow/example_dags/example_kubernetes_executor.py
[2022-03-16 00:07:36,719] {processor.py:654} INFO - DAG(s) dict_keys(['example_kubernetes_executor']) retrieved from /home/airflow/.local/lib/python3.7/site-packages/airflow/example_dags/example_kubernetes_executor.py
[2022-03-16 00:07:36,727] {logging_mixin.py:109} INFO - [2022-03-16 00:07:36,727] {dag.py:2398} INFO - Sync 1 DAGs
[2022-03-16 00:07:36,738] {logging_mixin.py:109} INFO - [2022-03-16 00:07:36,738] {dag.py:2937} INFO - Setting next_dagrun for example_kubernetes_executor to None
[2022-03-16 00:07:36,862] {processor.py:171} INFO - Processing /home/airflow/.local/lib/python3.7/site-packages/airflow/example_dags/example_kubernetes_executor.py took 0.170 seconds
[2022-03-16 00:08:07,508] {processor.py:163} INFO - Started process (PID=3132) to work on /home/airflow/.local/lib/python3.7/site-packages/airflow/example_dags/example_kubernetes_executor.py
[2022-03-16 00:08:07,509] {processor.py:642} INFO - Processing file /home/airflow/.local/lib/python3.7/site-packages/airflow/example_dags/example_kubernetes_executor.py for tasks to queue
[2022-03-16 00:08:07,509] {logging_mixin.py:109} INFO - [2022-03-16 00:08:07,509] {dagbag.py:500} INFO - Filling up the DagBag from /home/airflow/.local/lib/python3.7/site-packages/airflow/example_dags/example_kubernetes_executor.py
[2022-03-16 00:08:07,531] {processor.py:654} INFO - DAG(s) dict_keys(['example_kubernetes_executor']) retrieved from /home/airflow/.local/lib/python3.7/site-packages/airflow/example_dags/example_kubernetes_executor.py
[2022-03-16 00:08:07,539] {logging_mixin.py:109} INFO - [2022-03-16 00:08:07,538] {dag.py:2398} INFO - Sync 1 DAGs
[2022-03-16 00:08:07,548] {logging_mixin.py:109} INFO - [2022-03-16 00:08:07,548] {dag.py:2937} INFO - Setting next_dagrun for example_kubernetes_executor to None
[2022-03-16 00:08:07,604] {processor.py:171} INFO - Processing /home/airflow/.local/lib/python3.7/site-packages/airflow/example_dags/example_kubernetes_executor.py took 0.098 seconds
[2022-03-16 00:08:37,749] {processor.py:163} INFO - Started process (PID=3203) to work on /home/airflow/.local/lib/python3.7/site-packages/airflow/example_dags/example_kubernetes_executor.py
[2022-03-16 00:08:37,750] {processor.py:642} INFO - Processing file /home/airflow/.local/lib/python3.7/site-packages/airflow/example_dags/example_kubernetes_executor.py for tasks to queue
[2022-03-16 00:08:37,750] {logging_mixin.py:109} INFO - [2022-03-16 00:08:37,750] {dagbag.py:500} INFO - Filling up the DagBag from /home/airflow/.local/lib/python3.7/site-packages/airflow/example_dags/example_kubernetes_executor.py
[2022-03-16 00:08:37,774] {processor.py:654} INFO - DAG(s) dict_keys(['example_kubernetes_executor']) retrieved from /home/airflow/.local/lib/python3.7/site-packages/airflow/example_dags/example_kubernetes_executor.py
[2022-03-16 00:08:37,784] {logging_mixin.py:109} INFO - [2022-03-16 00:08:37,784] {dag.py:2398} INFO - Sync 1 DAGs
[2022-03-16 00:08:37,796] {logging_mixin.py:109} INFO - [2022-03-16 00:08:37,796] {dag.py:2937} INFO - Setting next_dagrun for example_kubernetes_executor to None
[2022-03-16 00:08:37,840] {processor.py:171} INFO - Processing /home/airflow/.local/lib/python3.7/site-packages/airflow/example_dags/example_kubernetes_executor.py took 0.093 seconds
[2022-03-16 00:09:08,745] {processor.py:163} INFO - Started process (PID=3265) to work on /home/airflow/.local/lib/python3.7/site-packages/airflow/example_dags/example_kubernetes_executor.py
[2022-03-16 00:09:08,746] {processor.py:642} INFO - Processing file /home/airflow/.local/lib/python3.7/site-packages/airflow/example_dags/example_kubernetes_executor.py for tasks to queue
[2022-03-16 00:09:08,746] {logging_mixin.py:109} INFO - [2022-03-16 00:09:08,746] {dagbag.py:500} INFO - Filling up the DagBag from /home/airflow/.local/lib/python3.7/site-packages/airflow/example_dags/example_kubernetes_executor.py
[2022-03-16 00:09:08,769] {processor.py:654} INFO - DAG(s) dict_keys(['example_kubernetes_executor']) retrieved from /home/airflow/.local/lib/python3.7/site-packages/airflow/example_dags/example_kubernetes_executor.py
[2022-03-16 00:09:08,777] {logging_mixin.py:109} INFO - [2022-03-16 00:09:08,777] {dag.py:2398} INFO - Sync 1 DAGs
[2022-03-16 00:09:08,787] {logging_mixin.py:109} INFO - [2022-03-16 00:09:08,787] {dag.py:2937} INFO - Setting next_dagrun for example_kubernetes_executor to None
[2022-03-16 00:09:08,836] {processor.py:171} INFO - Processing /home/airflow/.local/lib/python3.7/site-packages/airflow/example_dags/example_kubernetes_executor.py took 0.093 seconds
[2022-03-16 00:09:39,199] {processor.py:163} INFO - Started process (PID=3315) to work on /home/airflow/.local/lib/python3.7/site-packages/airflow/example_dags/example_kubernetes_executor.py
[2022-03-16 00:09:39,200] {processor.py:642} INFO - Processing file /home/airflow/.local/lib/python3.7/site-packages/airflow/example_dags/example_kubernetes_executor.py for tasks to queue
[2022-03-16 00:09:39,200] {logging_mixin.py:109} INFO - [2022-03-16 00:09:39,200] {dagbag.py:500} INFO - Filling up the DagBag from /home/airflow/.local/lib/python3.7/site-packages/airflow/example_dags/example_kubernetes_executor.py
[2022-03-16 00:09:39,222] {processor.py:654} INFO - DAG(s) dict_keys(['example_kubernetes_executor']) retrieved from /home/airflow/.local/lib/python3.7/site-packages/airflow/example_dags/example_kubernetes_executor.py
[2022-03-16 00:09:39,230] {logging_mixin.py:109} INFO - [2022-03-16 00:09:39,230] {dag.py:2398} INFO - Sync 1 DAGs
[2022-03-16 00:09:39,240] {logging_mixin.py:109} INFO - [2022-03-16 00:09:39,240] {dag.py:2937} INFO - Setting next_dagrun for example_kubernetes_executor to None
[2022-03-16 00:09:39,279] {processor.py:171} INFO - Processing /home/airflow/.local/lib/python3.7/site-packages/airflow/example_dags/example_kubernetes_executor.py took 0.081 seconds
[2022-03-16 00:10:10,971] {processor.py:163} INFO - Started process (PID=3378) to work on /home/airflow/.local/lib/python3.7/site-packages/airflow/example_dags/example_kubernetes_executor.py
[2022-03-16 00:10:10,985] {processor.py:642} INFO - Processing file /home/airflow/.local/lib/python3.7/site-packages/airflow/example_dags/example_kubernetes_executor.py for tasks to queue
[2022-03-16 00:10:10,986] {logging_mixin.py:109} INFO - [2022-03-16 00:10:10,986] {dagbag.py:500} INFO - Filling up the DagBag from /home/airflow/.local/lib/python3.7/site-packages/airflow/example_dags/example_kubernetes_executor.py
[2022-03-16 00:10:11,011] {processor.py:654} INFO - DAG(s) dict_keys(['example_kubernetes_executor']) retrieved from /home/airflow/.local/lib/python3.7/site-packages/airflow/example_dags/example_kubernetes_executor.py
[2022-03-16 00:10:11,019] {logging_mixin.py:109} INFO - [2022-03-16 00:10:11,019] {dag.py:2398} INFO - Sync 1 DAGs
[2022-03-16 00:10:11,030] {logging_mixin.py:109} INFO - [2022-03-16 00:10:11,030] {dag.py:2937} INFO - Setting next_dagrun for example_kubernetes_executor to None
[2022-03-16 00:10:11,105] {processor.py:171} INFO - Processing /home/airflow/.local/lib/python3.7/site-packages/airflow/example_dags/example_kubernetes_executor.py took 0.136 seconds
[2022-03-16 00:10:41,923] {processor.py:163} INFO - Started process (PID=3441) to work on /home/airflow/.local/lib/python3.7/site-packages/airflow/example_dags/example_kubernetes_executor.py
[2022-03-16 00:10:42,008] {processor.py:642} INFO - Processing file /home/airflow/.local/lib/python3.7/site-packages/airflow/example_dags/example_kubernetes_executor.py for tasks to queue
[2022-03-16 00:10:42,009] {logging_mixin.py:109} INFO - [2022-03-16 00:10:42,009] {dagbag.py:500} INFO - Filling up the DagBag from /home/airflow/.local/lib/python3.7/site-packages/airflow/example_dags/example_kubernetes_executor.py
[2022-03-16 00:10:42,041] {processor.py:654} INFO - DAG(s) dict_keys(['example_kubernetes_executor']) retrieved from /home/airflow/.local/lib/python3.7/site-packages/airflow/example_dags/example_kubernetes_executor.py
[2022-03-16 00:10:42,052] {logging_mixin.py:109} INFO - [2022-03-16 00:10:42,052] {dag.py:2398} INFO - Sync 1 DAGs
[2022-03-16 00:10:42,068] {logging_mixin.py:109} INFO - [2022-03-16 00:10:42,068] {dag.py:2937} INFO - Setting next_dagrun for example_kubernetes_executor to None
[2022-03-16 00:10:42,213] {processor.py:171} INFO - Processing /home/airflow/.local/lib/python3.7/site-packages/airflow/example_dags/example_kubernetes_executor.py took 0.292 seconds
[2022-03-16 00:11:12,372] {processor.py:163} INFO - Started process (PID=3500) to work on /home/airflow/.local/lib/python3.7/site-packages/airflow/example_dags/example_kubernetes_executor.py
[2022-03-16 00:11:12,382] {processor.py:642} INFO - Processing file /home/airflow/.local/lib/python3.7/site-packages/airflow/example_dags/example_kubernetes_executor.py for tasks to queue
[2022-03-16 00:11:12,383] {logging_mixin.py:109} INFO - [2022-03-16 00:11:12,383] {dagbag.py:500} INFO - Filling up the DagBag from /home/airflow/.local/lib/python3.7/site-packages/airflow/example_dags/example_kubernetes_executor.py
[2022-03-16 00:11:12,413] {processor.py:654} INFO - DAG(s) dict_keys(['example_kubernetes_executor']) retrieved from /home/airflow/.local/lib/python3.7/site-packages/airflow/example_dags/example_kubernetes_executor.py
[2022-03-16 00:11:12,424] {logging_mixin.py:109} INFO - [2022-03-16 00:11:12,424] {dag.py:2398} INFO - Sync 1 DAGs
[2022-03-16 00:11:12,439] {logging_mixin.py:109} INFO - [2022-03-16 00:11:12,439] {dag.py:2937} INFO - Setting next_dagrun for example_kubernetes_executor to None
[2022-03-16 00:11:12,551] {processor.py:171} INFO - Processing /home/airflow/.local/lib/python3.7/site-packages/airflow/example_dags/example_kubernetes_executor.py took 0.181 seconds
[2022-03-16 00:11:43,572] {processor.py:163} INFO - Started process (PID=3559) to work on /home/airflow/.local/lib/python3.7/site-packages/airflow/example_dags/example_kubernetes_executor.py
[2022-03-16 00:11:43,576] {processor.py:642} INFO - Processing file /home/airflow/.local/lib/python3.7/site-packages/airflow/example_dags/example_kubernetes_executor.py for tasks to queue
[2022-03-16 00:11:43,577] {logging_mixin.py:109} INFO - [2022-03-16 00:11:43,577] {dagbag.py:500} INFO - Filling up the DagBag from /home/airflow/.local/lib/python3.7/site-packages/airflow/example_dags/example_kubernetes_executor.py
[2022-03-16 00:11:43,605] {processor.py:654} INFO - DAG(s) dict_keys(['example_kubernetes_executor']) retrieved from /home/airflow/.local/lib/python3.7/site-packages/airflow/example_dags/example_kubernetes_executor.py
[2022-03-16 00:11:43,613] {logging_mixin.py:109} INFO - [2022-03-16 00:11:43,613] {dag.py:2398} INFO - Sync 1 DAGs
[2022-03-16 00:11:43,623] {logging_mixin.py:109} INFO - [2022-03-16 00:11:43,623] {dag.py:2937} INFO - Setting next_dagrun for example_kubernetes_executor to None
[2022-03-16 00:11:43,670] {processor.py:171} INFO - Processing /home/airflow/.local/lib/python3.7/site-packages/airflow/example_dags/example_kubernetes_executor.py took 0.101 seconds
[2022-03-16 00:12:14,400] {processor.py:163} INFO - Started process (PID=3614) to work on /home/airflow/.local/lib/python3.7/site-packages/airflow/example_dags/example_kubernetes_executor.py
[2022-03-16 00:12:14,403] {processor.py:642} INFO - Processing file /home/airflow/.local/lib/python3.7/site-packages/airflow/example_dags/example_kubernetes_executor.py for tasks to queue
[2022-03-16 00:12:14,404] {logging_mixin.py:109} INFO - [2022-03-16 00:12:14,404] {dagbag.py:500} INFO - Filling up the DagBag from /home/airflow/.local/lib/python3.7/site-packages/airflow/example_dags/example_kubernetes_executor.py
[2022-03-16 00:12:14,432] {processor.py:654} INFO - DAG(s) dict_keys(['example_kubernetes_executor']) retrieved from /home/airflow/.local/lib/python3.7/site-packages/airflow/example_dags/example_kubernetes_executor.py
[2022-03-16 00:12:14,442] {logging_mixin.py:109} INFO - [2022-03-16 00:12:14,442] {dag.py:2398} INFO - Sync 1 DAGs
[2022-03-16 00:12:14,457] {logging_mixin.py:109} INFO - [2022-03-16 00:12:14,457] {dag.py:2937} INFO - Setting next_dagrun for example_kubernetes_executor to None
[2022-03-16 00:12:14,788] {processor.py:171} INFO - Processing /home/airflow/.local/lib/python3.7/site-packages/airflow/example_dags/example_kubernetes_executor.py took 0.390 seconds
[2022-03-16 00:12:47,530] {processor.py:163} INFO - Started process (PID=3683) to work on /home/airflow/.local/lib/python3.7/site-packages/airflow/example_dags/example_kubernetes_executor.py
[2022-03-16 00:12:47,545] {processor.py:642} INFO - Processing file /home/airflow/.local/lib/python3.7/site-packages/airflow/example_dags/example_kubernetes_executor.py for tasks to queue
[2022-03-16 00:12:47,546] {logging_mixin.py:109} INFO - [2022-03-16 00:12:47,546] {dagbag.py:500} INFO - Filling up the DagBag from /home/airflow/.local/lib/python3.7/site-packages/airflow/example_dags/example_kubernetes_executor.py
[2022-03-16 00:12:47,597] {processor.py:654} INFO - DAG(s) dict_keys(['example_kubernetes_executor']) retrieved from /home/airflow/.local/lib/python3.7/site-packages/airflow/example_dags/example_kubernetes_executor.py
[2022-03-16 00:12:47,605] {logging_mixin.py:109} INFO - [2022-03-16 00:12:47,605] {dag.py:2398} INFO - Sync 1 DAGs
[2022-03-16 00:12:47,615] {logging_mixin.py:109} INFO - [2022-03-16 00:12:47,615] {dag.py:2937} INFO - Setting next_dagrun for example_kubernetes_executor to None
[2022-03-16 00:12:48,281] {processor.py:171} INFO - Processing /home/airflow/.local/lib/python3.7/site-packages/airflow/example_dags/example_kubernetes_executor.py took 0.754 seconds
[2022-03-16 00:13:18,650] {processor.py:163} INFO - Started process (PID=3740) to work on /home/airflow/.local/lib/python3.7/site-packages/airflow/example_dags/example_kubernetes_executor.py
[2022-03-16 00:13:18,690] {processor.py:642} INFO - Processing file /home/airflow/.local/lib/python3.7/site-packages/airflow/example_dags/example_kubernetes_executor.py for tasks to queue
[2022-03-16 00:13:18,691] {logging_mixin.py:109} INFO - [2022-03-16 00:13:18,691] {dagbag.py:500} INFO - Filling up the DagBag from /home/airflow/.local/lib/python3.7/site-packages/airflow/example_dags/example_kubernetes_executor.py
[2022-03-16 00:13:18,714] {processor.py:654} INFO - DAG(s) dict_keys(['example_kubernetes_executor']) retrieved from /home/airflow/.local/lib/python3.7/site-packages/airflow/example_dags/example_kubernetes_executor.py
[2022-03-16 00:13:18,722] {logging_mixin.py:109} INFO - [2022-03-16 00:13:18,722] {dag.py:2398} INFO - Sync 1 DAGs
[2022-03-16 00:13:18,733] {logging_mixin.py:109} INFO - [2022-03-16 00:13:18,732] {dag.py:2937} INFO - Setting next_dagrun for example_kubernetes_executor to None
[2022-03-16 00:13:19,248] {processor.py:171} INFO - Processing /home/airflow/.local/lib/python3.7/site-packages/airflow/example_dags/example_kubernetes_executor.py took 0.599 seconds
[2022-03-16 00:13:49,350] {processor.py:163} INFO - Started process (PID=3800) to work on /home/airflow/.local/lib/python3.7/site-packages/airflow/example_dags/example_kubernetes_executor.py
[2022-03-16 00:13:49,386] {processor.py:642} INFO - Processing file /home/airflow/.local/lib/python3.7/site-packages/airflow/example_dags/example_kubernetes_executor.py for tasks to queue
[2022-03-16 00:13:49,387] {logging_mixin.py:109} INFO - [2022-03-16 00:13:49,386] {dagbag.py:500} INFO - Filling up the DagBag from /home/airflow/.local/lib/python3.7/site-packages/airflow/example_dags/example_kubernetes_executor.py
[2022-03-16 00:13:49,424] {processor.py:654} INFO - DAG(s) dict_keys(['example_kubernetes_executor']) retrieved from /home/airflow/.local/lib/python3.7/site-packages/airflow/example_dags/example_kubernetes_executor.py
[2022-03-16 00:13:49,437] {logging_mixin.py:109} INFO - [2022-03-16 00:13:49,437] {dag.py:2398} INFO - Sync 1 DAGs
[2022-03-16 00:13:49,451] {logging_mixin.py:109} INFO - [2022-03-16 00:13:49,451] {dag.py:2937} INFO - Setting next_dagrun for example_kubernetes_executor to None
[2022-03-16 00:13:49,512] {processor.py:171} INFO - Processing /home/airflow/.local/lib/python3.7/site-packages/airflow/example_dags/example_kubernetes_executor.py took 0.164 seconds
[2022-03-16 00:14:20,110] {processor.py:163} INFO - Started process (PID=3858) to work on /home/airflow/.local/lib/python3.7/site-packages/airflow/example_dags/example_kubernetes_executor.py
[2022-03-16 00:14:20,186] {processor.py:642} INFO - Processing file /home/airflow/.local/lib/python3.7/site-packages/airflow/example_dags/example_kubernetes_executor.py for tasks to queue
[2022-03-16 00:14:20,187] {logging_mixin.py:109} INFO - [2022-03-16 00:14:20,187] {dagbag.py:500} INFO - Filling up the DagBag from /home/airflow/.local/lib/python3.7/site-packages/airflow/example_dags/example_kubernetes_executor.py
[2022-03-16 00:14:20,237] {processor.py:654} INFO - DAG(s) dict_keys(['example_kubernetes_executor']) retrieved from /home/airflow/.local/lib/python3.7/site-packages/airflow/example_dags/example_kubernetes_executor.py
[2022-03-16 00:14:20,245] {logging_mixin.py:109} INFO - [2022-03-16 00:14:20,245] {dag.py:2398} INFO - Sync 1 DAGs
[2022-03-16 00:14:20,257] {logging_mixin.py:109} INFO - [2022-03-16 00:14:20,257] {dag.py:2937} INFO - Setting next_dagrun for example_kubernetes_executor to None
[2022-03-16 00:14:21,333] {processor.py:171} INFO - Processing /home/airflow/.local/lib/python3.7/site-packages/airflow/example_dags/example_kubernetes_executor.py took 1.225 seconds
[2022-03-16 00:14:52,169] {processor.py:163} INFO - Started process (PID=3920) to work on /home/airflow/.local/lib/python3.7/site-packages/airflow/example_dags/example_kubernetes_executor.py
[2022-03-16 00:14:52,195] {processor.py:642} INFO - Processing file /home/airflow/.local/lib/python3.7/site-packages/airflow/example_dags/example_kubernetes_executor.py for tasks to queue
[2022-03-16 00:14:52,197] {logging_mixin.py:109} INFO - [2022-03-16 00:14:52,196] {dagbag.py:500} INFO - Filling up the DagBag from /home/airflow/.local/lib/python3.7/site-packages/airflow/example_dags/example_kubernetes_executor.py
[2022-03-16 00:14:52,237] {processor.py:654} INFO - DAG(s) dict_keys(['example_kubernetes_executor']) retrieved from /home/airflow/.local/lib/python3.7/site-packages/airflow/example_dags/example_kubernetes_executor.py
[2022-03-16 00:14:52,245] {logging_mixin.py:109} INFO - [2022-03-16 00:14:52,245] {dag.py:2398} INFO - Sync 1 DAGs
[2022-03-16 00:14:52,256] {logging_mixin.py:109} INFO - [2022-03-16 00:14:52,256] {dag.py:2937} INFO - Setting next_dagrun for example_kubernetes_executor to None
[2022-03-16 00:14:52,389] {processor.py:171} INFO - Processing /home/airflow/.local/lib/python3.7/site-packages/airflow/example_dags/example_kubernetes_executor.py took 0.227 seconds
[2022-03-16 00:15:23,044] {processor.py:163} INFO - Started process (PID=3984) to work on /home/airflow/.local/lib/python3.7/site-packages/airflow/example_dags/example_kubernetes_executor.py
[2022-03-16 00:15:23,056] {processor.py:642} INFO - Processing file /home/airflow/.local/lib/python3.7/site-packages/airflow/example_dags/example_kubernetes_executor.py for tasks to queue
[2022-03-16 00:15:23,057] {logging_mixin.py:109} INFO - [2022-03-16 00:15:23,056] {dagbag.py:500} INFO - Filling up the DagBag from /home/airflow/.local/lib/python3.7/site-packages/airflow/example_dags/example_kubernetes_executor.py
[2022-03-16 00:15:23,090] {processor.py:654} INFO - DAG(s) dict_keys(['example_kubernetes_executor']) retrieved from /home/airflow/.local/lib/python3.7/site-packages/airflow/example_dags/example_kubernetes_executor.py
[2022-03-16 00:15:23,106] {logging_mixin.py:109} INFO - [2022-03-16 00:15:23,106] {dag.py:2398} INFO - Sync 1 DAGs
[2022-03-16 00:15:23,124] {logging_mixin.py:109} INFO - [2022-03-16 00:15:23,124] {dag.py:2937} INFO - Setting next_dagrun for example_kubernetes_executor to None
[2022-03-16 00:15:23,439] {processor.py:171} INFO - Processing /home/airflow/.local/lib/python3.7/site-packages/airflow/example_dags/example_kubernetes_executor.py took 0.397 seconds
[2022-03-16 00:15:53,479] {processor.py:163} INFO - Started process (PID=4034) to work on /home/airflow/.local/lib/python3.7/site-packages/airflow/example_dags/example_kubernetes_executor.py
[2022-03-16 00:15:53,533] {processor.py:642} INFO - Processing file /home/airflow/.local/lib/python3.7/site-packages/airflow/example_dags/example_kubernetes_executor.py for tasks to queue
[2022-03-16 00:15:53,534] {logging_mixin.py:109} INFO - [2022-03-16 00:15:53,534] {dagbag.py:500} INFO - Filling up the DagBag from /home/airflow/.local/lib/python3.7/site-packages/airflow/example_dags/example_kubernetes_executor.py
[2022-03-16 00:15:53,559] {processor.py:654} INFO - DAG(s) dict_keys(['example_kubernetes_executor']) retrieved from /home/airflow/.local/lib/python3.7/site-packages/airflow/example_dags/example_kubernetes_executor.py
[2022-03-16 00:15:53,569] {logging_mixin.py:109} INFO - [2022-03-16 00:15:53,568] {dag.py:2398} INFO - Sync 1 DAGs
[2022-03-16 00:15:53,581] {logging_mixin.py:109} INFO - [2022-03-16 00:15:53,581] {dag.py:2937} INFO - Setting next_dagrun for example_kubernetes_executor to None
[2022-03-16 00:15:53,652] {processor.py:171} INFO - Processing /home/airflow/.local/lib/python3.7/site-packages/airflow/example_dags/example_kubernetes_executor.py took 0.175 seconds
[2022-03-16 00:16:23,794] {processor.py:163} INFO - Started process (PID=4093) to work on /home/airflow/.local/lib/python3.7/site-packages/airflow/example_dags/example_kubernetes_executor.py
[2022-03-16 00:16:23,800] {processor.py:642} INFO - Processing file /home/airflow/.local/lib/python3.7/site-packages/airflow/example_dags/example_kubernetes_executor.py for tasks to queue
[2022-03-16 00:16:23,801] {logging_mixin.py:109} INFO - [2022-03-16 00:16:23,801] {dagbag.py:500} INFO - Filling up the DagBag from /home/airflow/.local/lib/python3.7/site-packages/airflow/example_dags/example_kubernetes_executor.py
[2022-03-16 00:16:23,833] {processor.py:654} INFO - DAG(s) dict_keys(['example_kubernetes_executor']) retrieved from /home/airflow/.local/lib/python3.7/site-packages/airflow/example_dags/example_kubernetes_executor.py
[2022-03-16 00:16:23,846] {logging_mixin.py:109} INFO - [2022-03-16 00:16:23,846] {dag.py:2398} INFO - Sync 1 DAGs
[2022-03-16 00:16:23,862] {logging_mixin.py:109} INFO - [2022-03-16 00:16:23,862] {dag.py:2937} INFO - Setting next_dagrun for example_kubernetes_executor to None
[2022-03-16 00:16:23,904] {processor.py:171} INFO - Processing /home/airflow/.local/lib/python3.7/site-packages/airflow/example_dags/example_kubernetes_executor.py took 0.112 seconds
[2022-03-16 00:16:54,676] {processor.py:163} INFO - Started process (PID=4162) to work on /home/airflow/.local/lib/python3.7/site-packages/airflow/example_dags/example_kubernetes_executor.py
[2022-03-16 00:16:54,684] {processor.py:642} INFO - Processing file /home/airflow/.local/lib/python3.7/site-packages/airflow/example_dags/example_kubernetes_executor.py for tasks to queue
[2022-03-16 00:16:54,684] {logging_mixin.py:109} INFO - [2022-03-16 00:16:54,684] {dagbag.py:500} INFO - Filling up the DagBag from /home/airflow/.local/lib/python3.7/site-packages/airflow/example_dags/example_kubernetes_executor.py
[2022-03-16 00:16:54,707] {processor.py:654} INFO - DAG(s) dict_keys(['example_kubernetes_executor']) retrieved from /home/airflow/.local/lib/python3.7/site-packages/airflow/example_dags/example_kubernetes_executor.py
[2022-03-16 00:16:54,717] {logging_mixin.py:109} INFO - [2022-03-16 00:16:54,717] {dag.py:2398} INFO - Sync 1 DAGs
[2022-03-16 00:16:54,728] {logging_mixin.py:109} INFO - [2022-03-16 00:16:54,728] {dag.py:2937} INFO - Setting next_dagrun for example_kubernetes_executor to None
[2022-03-16 00:16:54,826] {processor.py:171} INFO - Processing /home/airflow/.local/lib/python3.7/site-packages/airflow/example_dags/example_kubernetes_executor.py took 0.153 seconds
[2022-03-16 00:17:24,927] {processor.py:163} INFO - Started process (PID=4216) to work on /home/airflow/.local/lib/python3.7/site-packages/airflow/example_dags/example_kubernetes_executor.py
[2022-03-16 00:17:24,928] {processor.py:642} INFO - Processing file /home/airflow/.local/lib/python3.7/site-packages/airflow/example_dags/example_kubernetes_executor.py for tasks to queue
[2022-03-16 00:17:24,928] {logging_mixin.py:109} INFO - [2022-03-16 00:17:24,928] {dagbag.py:500} INFO - Filling up the DagBag from /home/airflow/.local/lib/python3.7/site-packages/airflow/example_dags/example_kubernetes_executor.py
[2022-03-16 00:17:24,950] {processor.py:654} INFO - DAG(s) dict_keys(['example_kubernetes_executor']) retrieved from /home/airflow/.local/lib/python3.7/site-packages/airflow/example_dags/example_kubernetes_executor.py
[2022-03-16 00:17:24,958] {logging_mixin.py:109} INFO - [2022-03-16 00:17:24,958] {dag.py:2398} INFO - Sync 1 DAGs
[2022-03-16 00:17:24,969] {logging_mixin.py:109} INFO - [2022-03-16 00:17:24,969] {dag.py:2937} INFO - Setting next_dagrun for example_kubernetes_executor to None
[2022-03-16 00:17:25,824] {processor.py:171} INFO - Processing /home/airflow/.local/lib/python3.7/site-packages/airflow/example_dags/example_kubernetes_executor.py took 0.900 seconds
[2022-03-16 00:17:56,612] {processor.py:163} INFO - Started process (PID=4275) to work on /home/airflow/.local/lib/python3.7/site-packages/airflow/example_dags/example_kubernetes_executor.py
[2022-03-16 00:17:56,626] {processor.py:642} INFO - Processing file /home/airflow/.local/lib/python3.7/site-packages/airflow/example_dags/example_kubernetes_executor.py for tasks to queue
[2022-03-16 00:17:56,627] {logging_mixin.py:109} INFO - [2022-03-16 00:17:56,627] {dagbag.py:500} INFO - Filling up the DagBag from /home/airflow/.local/lib/python3.7/site-packages/airflow/example_dags/example_kubernetes_executor.py
[2022-03-16 00:17:56,667] {processor.py:654} INFO - DAG(s) dict_keys(['example_kubernetes_executor']) retrieved from /home/airflow/.local/lib/python3.7/site-packages/airflow/example_dags/example_kubernetes_executor.py
[2022-03-16 00:17:56,676] {logging_mixin.py:109} INFO - [2022-03-16 00:17:56,676] {dag.py:2398} INFO - Sync 1 DAGs
[2022-03-16 00:17:56,687] {logging_mixin.py:109} INFO - [2022-03-16 00:17:56,687] {dag.py:2937} INFO - Setting next_dagrun for example_kubernetes_executor to None
[2022-03-16 00:17:56,776] {processor.py:171} INFO - Processing /home/airflow/.local/lib/python3.7/site-packages/airflow/example_dags/example_kubernetes_executor.py took 0.170 seconds
[2022-03-16 00:18:28,103] {processor.py:163} INFO - Started process (PID=4338) to work on /home/airflow/.local/lib/python3.7/site-packages/airflow/example_dags/example_kubernetes_executor.py
[2022-03-16 00:18:28,112] {processor.py:642} INFO - Processing file /home/airflow/.local/lib/python3.7/site-packages/airflow/example_dags/example_kubernetes_executor.py for tasks to queue
[2022-03-16 00:18:28,113] {logging_mixin.py:109} INFO - [2022-03-16 00:18:28,113] {dagbag.py:500} INFO - Filling up the DagBag from /home/airflow/.local/lib/python3.7/site-packages/airflow/example_dags/example_kubernetes_executor.py
[2022-03-16 00:18:28,151] {processor.py:654} INFO - DAG(s) dict_keys(['example_kubernetes_executor']) retrieved from /home/airflow/.local/lib/python3.7/site-packages/airflow/example_dags/example_kubernetes_executor.py
[2022-03-16 00:18:28,160] {logging_mixin.py:109} INFO - [2022-03-16 00:18:28,160] {dag.py:2398} INFO - Sync 1 DAGs
[2022-03-16 00:18:28,170] {logging_mixin.py:109} INFO - [2022-03-16 00:18:28,170] {dag.py:2937} INFO - Setting next_dagrun for example_kubernetes_executor to None
[2022-03-16 00:18:28,577] {processor.py:171} INFO - Processing /home/airflow/.local/lib/python3.7/site-packages/airflow/example_dags/example_kubernetes_executor.py took 0.481 seconds
[2022-03-16 00:18:58,641] {processor.py:163} INFO - Started process (PID=4411) to work on /home/airflow/.local/lib/python3.7/site-packages/airflow/example_dags/example_kubernetes_executor.py
[2022-03-16 00:18:58,644] {processor.py:642} INFO - Processing file /home/airflow/.local/lib/python3.7/site-packages/airflow/example_dags/example_kubernetes_executor.py for tasks to queue
[2022-03-16 00:18:58,645] {logging_mixin.py:109} INFO - [2022-03-16 00:18:58,645] {dagbag.py:500} INFO - Filling up the DagBag from /home/airflow/.local/lib/python3.7/site-packages/airflow/example_dags/example_kubernetes_executor.py
[2022-03-16 00:18:58,707] {processor.py:654} INFO - DAG(s) dict_keys(['example_kubernetes_executor']) retrieved from /home/airflow/.local/lib/python3.7/site-packages/airflow/example_dags/example_kubernetes_executor.py
[2022-03-16 00:18:58,722] {logging_mixin.py:109} INFO - [2022-03-16 00:18:58,722] {dag.py:2398} INFO - Sync 1 DAGs
[2022-03-16 00:18:58,735] {logging_mixin.py:109} INFO - [2022-03-16 00:18:58,735] {dag.py:2937} INFO - Setting next_dagrun for example_kubernetes_executor to None
[2022-03-16 00:18:58,794] {processor.py:171} INFO - Processing /home/airflow/.local/lib/python3.7/site-packages/airflow/example_dags/example_kubernetes_executor.py took 0.159 seconds
[2022-03-16 00:19:29,923] {processor.py:163} INFO - Started process (PID=4461) to work on /home/airflow/.local/lib/python3.7/site-packages/airflow/example_dags/example_kubernetes_executor.py
[2022-03-16 00:19:29,929] {processor.py:642} INFO - Processing file /home/airflow/.local/lib/python3.7/site-packages/airflow/example_dags/example_kubernetes_executor.py for tasks to queue
[2022-03-16 00:19:29,929] {logging_mixin.py:109} INFO - [2022-03-16 00:19:29,929] {dagbag.py:500} INFO - Filling up the DagBag from /home/airflow/.local/lib/python3.7/site-packages/airflow/example_dags/example_kubernetes_executor.py
[2022-03-16 00:19:29,951] {processor.py:654} INFO - DAG(s) dict_keys(['example_kubernetes_executor']) retrieved from /home/airflow/.local/lib/python3.7/site-packages/airflow/example_dags/example_kubernetes_executor.py
[2022-03-16 00:19:29,958] {logging_mixin.py:109} INFO - [2022-03-16 00:19:29,958] {dag.py:2398} INFO - Sync 1 DAGs
[2022-03-16 00:19:29,969] {logging_mixin.py:109} INFO - [2022-03-16 00:19:29,968] {dag.py:2937} INFO - Setting next_dagrun for example_kubernetes_executor to None
[2022-03-16 00:19:30,264] {processor.py:171} INFO - Processing /home/airflow/.local/lib/python3.7/site-packages/airflow/example_dags/example_kubernetes_executor.py took 0.344 seconds
[2022-03-16 00:20:00,565] {processor.py:163} INFO - Started process (PID=4520) to work on /home/airflow/.local/lib/python3.7/site-packages/airflow/example_dags/example_kubernetes_executor.py
[2022-03-16 00:20:00,572] {processor.py:642} INFO - Processing file /home/airflow/.local/lib/python3.7/site-packages/airflow/example_dags/example_kubernetes_executor.py for tasks to queue
[2022-03-16 00:20:00,572] {logging_mixin.py:109} INFO - [2022-03-16 00:20:00,572] {dagbag.py:500} INFO - Filling up the DagBag from /home/airflow/.local/lib/python3.7/site-packages/airflow/example_dags/example_kubernetes_executor.py
[2022-03-16 00:20:00,597] {processor.py:654} INFO - DAG(s) dict_keys(['example_kubernetes_executor']) retrieved from /home/airflow/.local/lib/python3.7/site-packages/airflow/example_dags/example_kubernetes_executor.py
[2022-03-16 00:20:00,609] {logging_mixin.py:109} INFO - [2022-03-16 00:20:00,609] {dag.py:2398} INFO - Sync 1 DAGs
[2022-03-16 00:20:00,624] {logging_mixin.py:109} INFO - [2022-03-16 00:20:00,623] {dag.py:2937} INFO - Setting next_dagrun for example_kubernetes_executor to None
[2022-03-16 00:20:02,067] {processor.py:171} INFO - Processing /home/airflow/.local/lib/python3.7/site-packages/airflow/example_dags/example_kubernetes_executor.py took 1.504 seconds
[2022-03-16 00:20:32,611] {processor.py:163} INFO - Started process (PID=4584) to work on /home/airflow/.local/lib/python3.7/site-packages/airflow/example_dags/example_kubernetes_executor.py
[2022-03-16 00:20:32,621] {processor.py:642} INFO - Processing file /home/airflow/.local/lib/python3.7/site-packages/airflow/example_dags/example_kubernetes_executor.py for tasks to queue
[2022-03-16 00:20:32,623] {logging_mixin.py:109} INFO - [2022-03-16 00:20:32,623] {dagbag.py:500} INFO - Filling up the DagBag from /home/airflow/.local/lib/python3.7/site-packages/airflow/example_dags/example_kubernetes_executor.py
[2022-03-16 00:20:32,667] {processor.py:654} INFO - DAG(s) dict_keys(['example_kubernetes_executor']) retrieved from /home/airflow/.local/lib/python3.7/site-packages/airflow/example_dags/example_kubernetes_executor.py
[2022-03-16 00:20:32,679] {logging_mixin.py:109} INFO - [2022-03-16 00:20:32,679] {dag.py:2398} INFO - Sync 1 DAGs
[2022-03-16 00:20:32,692] {logging_mixin.py:109} INFO - [2022-03-16 00:20:32,692] {dag.py:2937} INFO - Setting next_dagrun for example_kubernetes_executor to None
[2022-03-16 00:20:32,788] {processor.py:171} INFO - Processing /home/airflow/.local/lib/python3.7/site-packages/airflow/example_dags/example_kubernetes_executor.py took 0.184 seconds
[2022-03-16 00:21:03,190] {processor.py:163} INFO - Started process (PID=4658) to work on /home/airflow/.local/lib/python3.7/site-packages/airflow/example_dags/example_kubernetes_executor.py
[2022-03-16 00:21:03,201] {processor.py:642} INFO - Processing file /home/airflow/.local/lib/python3.7/site-packages/airflow/example_dags/example_kubernetes_executor.py for tasks to queue
[2022-03-16 00:21:03,201] {logging_mixin.py:109} INFO - [2022-03-16 00:21:03,201] {dagbag.py:500} INFO - Filling up the DagBag from /home/airflow/.local/lib/python3.7/site-packages/airflow/example_dags/example_kubernetes_executor.py
[2022-03-16 00:21:03,224] {processor.py:654} INFO - DAG(s) dict_keys(['example_kubernetes_executor']) retrieved from /home/airflow/.local/lib/python3.7/site-packages/airflow/example_dags/example_kubernetes_executor.py
[2022-03-16 00:21:03,233] {logging_mixin.py:109} INFO - [2022-03-16 00:21:03,233] {dag.py:2398} INFO - Sync 1 DAGs
[2022-03-16 00:21:03,244] {logging_mixin.py:109} INFO - [2022-03-16 00:21:03,244] {dag.py:2937} INFO - Setting next_dagrun for example_kubernetes_executor to None
[2022-03-16 00:21:03,306] {processor.py:171} INFO - Processing /home/airflow/.local/lib/python3.7/site-packages/airflow/example_dags/example_kubernetes_executor.py took 0.118 seconds
[2022-03-16 00:21:34,242] {processor.py:163} INFO - Started process (PID=4708) to work on /home/airflow/.local/lib/python3.7/site-packages/airflow/example_dags/example_kubernetes_executor.py
[2022-03-16 00:21:34,254] {processor.py:642} INFO - Processing file /home/airflow/.local/lib/python3.7/site-packages/airflow/example_dags/example_kubernetes_executor.py for tasks to queue
[2022-03-16 00:21:34,254] {logging_mixin.py:109} INFO - [2022-03-16 00:21:34,254] {dagbag.py:500} INFO - Filling up the DagBag from /home/airflow/.local/lib/python3.7/site-packages/airflow/example_dags/example_kubernetes_executor.py
[2022-03-16 00:21:34,277] {processor.py:654} INFO - DAG(s) dict_keys(['example_kubernetes_executor']) retrieved from /home/airflow/.local/lib/python3.7/site-packages/airflow/example_dags/example_kubernetes_executor.py
[2022-03-16 00:21:34,285] {logging_mixin.py:109} INFO - [2022-03-16 00:21:34,285] {dag.py:2398} INFO - Sync 1 DAGs
[2022-03-16 00:21:34,296] {logging_mixin.py:109} INFO - [2022-03-16 00:21:34,295] {dag.py:2937} INFO - Setting next_dagrun for example_kubernetes_executor to None
[2022-03-16 00:21:34,444] {processor.py:171} INFO - Processing /home/airflow/.local/lib/python3.7/site-packages/airflow/example_dags/example_kubernetes_executor.py took 0.204 seconds
