[2022-03-16 00:00:24,034] {processor.py:163} INFO - Started process (PID=2240) to work on /home/airflow/.local/lib/python3.7/site-packages/airflow/example_dags/example_subdag_operator.py
[2022-03-16 00:00:24,035] {processor.py:642} INFO - Processing file /home/airflow/.local/lib/python3.7/site-packages/airflow/example_dags/example_subdag_operator.py for tasks to queue
[2022-03-16 00:00:24,035] {logging_mixin.py:109} INFO - [2022-03-16 00:00:24,035] {dagbag.py:500} INFO - Filling up the DagBag from /home/airflow/.local/lib/python3.7/site-packages/airflow/example_dags/example_subdag_operator.py
[2022-03-16 00:00:24,057] {processor.py:654} INFO - DAG(s) dict_keys(['example_subdag_operator.section-1', 'example_subdag_operator.section-2', 'example_subdag_operator']) retrieved from /home/airflow/.local/lib/python3.7/site-packages/airflow/example_dags/example_subdag_operator.py
[2022-03-16 00:00:24,198] {logging_mixin.py:109} INFO - [2022-03-16 00:00:24,198] {dag.py:2398} INFO - Sync 3 DAGs
[2022-03-16 00:00:24,209] {logging_mixin.py:109} INFO - [2022-03-16 00:00:24,209] {dag.py:2937} INFO - Setting next_dagrun for example_subdag_operator to 2022-03-14T00:00:00+00:00
[2022-03-16 00:00:24,209] {logging_mixin.py:109} INFO - [2022-03-16 00:00:24,209] {dag.py:2937} INFO - Setting next_dagrun for example_subdag_operator.section-1 to None
[2022-03-16 00:00:24,209] {logging_mixin.py:109} INFO - [2022-03-16 00:00:24,209] {dag.py:2937} INFO - Setting next_dagrun for example_subdag_operator.section-2 to None
[2022-03-16 00:00:24,215] {logging_mixin.py:109} INFO - [2022-03-16 00:00:24,215] {dag.py:2398} INFO - Sync 2 DAGs
[2022-03-16 00:00:24,221] {logging_mixin.py:109} INFO - [2022-03-16 00:00:24,221] {dag.py:2937} INFO - Setting next_dagrun for example_subdag_operator.section-1 to None
[2022-03-16 00:00:24,221] {logging_mixin.py:109} INFO - [2022-03-16 00:00:24,221] {dag.py:2937} INFO - Setting next_dagrun for example_subdag_operator.section-2 to None
[2022-03-16 00:00:24,273] {processor.py:171} INFO - Processing /home/airflow/.local/lib/python3.7/site-packages/airflow/example_dags/example_subdag_operator.py took 0.241 seconds
[2022-03-16 00:00:57,749] {processor.py:163} INFO - Started process (PID=2304) to work on /home/airflow/.local/lib/python3.7/site-packages/airflow/example_dags/example_subdag_operator.py
[2022-03-16 00:00:57,750] {processor.py:642} INFO - Processing file /home/airflow/.local/lib/python3.7/site-packages/airflow/example_dags/example_subdag_operator.py for tasks to queue
[2022-03-16 00:00:57,750] {logging_mixin.py:109} INFO - [2022-03-16 00:00:57,750] {dagbag.py:500} INFO - Filling up the DagBag from /home/airflow/.local/lib/python3.7/site-packages/airflow/example_dags/example_subdag_operator.py
[2022-03-16 00:00:57,773] {processor.py:654} INFO - DAG(s) dict_keys(['example_subdag_operator.section-1', 'example_subdag_operator.section-2', 'example_subdag_operator']) retrieved from /home/airflow/.local/lib/python3.7/site-packages/airflow/example_dags/example_subdag_operator.py
[2022-03-16 00:00:57,780] {logging_mixin.py:109} INFO - [2022-03-16 00:00:57,780] {dag.py:2398} INFO - Sync 3 DAGs
[2022-03-16 00:00:57,791] {logging_mixin.py:109} INFO - [2022-03-16 00:00:57,791] {dag.py:2937} INFO - Setting next_dagrun for example_subdag_operator to 2022-03-14T00:00:00+00:00
[2022-03-16 00:00:57,791] {logging_mixin.py:109} INFO - [2022-03-16 00:00:57,791] {dag.py:2937} INFO - Setting next_dagrun for example_subdag_operator.section-1 to None
[2022-03-16 00:00:57,791] {logging_mixin.py:109} INFO - [2022-03-16 00:00:57,791] {dag.py:2937} INFO - Setting next_dagrun for example_subdag_operator.section-2 to None
[2022-03-16 00:00:57,795] {logging_mixin.py:109} INFO - [2022-03-16 00:00:57,795] {dag.py:2398} INFO - Sync 2 DAGs
[2022-03-16 00:00:57,800] {logging_mixin.py:109} INFO - [2022-03-16 00:00:57,800] {dag.py:2937} INFO - Setting next_dagrun for example_subdag_operator.section-1 to None
[2022-03-16 00:00:57,800] {logging_mixin.py:109} INFO - [2022-03-16 00:00:57,800] {dag.py:2937} INFO - Setting next_dagrun for example_subdag_operator.section-2 to None
[2022-03-16 00:00:57,835] {processor.py:171} INFO - Processing /home/airflow/.local/lib/python3.7/site-packages/airflow/example_dags/example_subdag_operator.py took 0.088 seconds
[2022-03-16 00:01:27,996] {processor.py:163} INFO - Started process (PID=2363) to work on /home/airflow/.local/lib/python3.7/site-packages/airflow/example_dags/example_subdag_operator.py
[2022-03-16 00:01:28,069] {processor.py:642} INFO - Processing file /home/airflow/.local/lib/python3.7/site-packages/airflow/example_dags/example_subdag_operator.py for tasks to queue
[2022-03-16 00:01:28,069] {logging_mixin.py:109} INFO - [2022-03-16 00:01:28,069] {dagbag.py:500} INFO - Filling up the DagBag from /home/airflow/.local/lib/python3.7/site-packages/airflow/example_dags/example_subdag_operator.py
[2022-03-16 00:01:28,095] {processor.py:654} INFO - DAG(s) dict_keys(['example_subdag_operator.section-1', 'example_subdag_operator.section-2', 'example_subdag_operator']) retrieved from /home/airflow/.local/lib/python3.7/site-packages/airflow/example_dags/example_subdag_operator.py
[2022-03-16 00:01:28,103] {logging_mixin.py:109} INFO - [2022-03-16 00:01:28,103] {dag.py:2398} INFO - Sync 3 DAGs
[2022-03-16 00:01:28,115] {logging_mixin.py:109} INFO - [2022-03-16 00:01:28,115] {dag.py:2937} INFO - Setting next_dagrun for example_subdag_operator to 2022-03-14T00:00:00+00:00
[2022-03-16 00:01:28,116] {logging_mixin.py:109} INFO - [2022-03-16 00:01:28,116] {dag.py:2937} INFO - Setting next_dagrun for example_subdag_operator.section-1 to None
[2022-03-16 00:01:28,116] {logging_mixin.py:109} INFO - [2022-03-16 00:01:28,116] {dag.py:2937} INFO - Setting next_dagrun for example_subdag_operator.section-2 to None
[2022-03-16 00:01:28,120] {logging_mixin.py:109} INFO - [2022-03-16 00:01:28,120] {dag.py:2398} INFO - Sync 2 DAGs
[2022-03-16 00:01:28,130] {logging_mixin.py:109} INFO - [2022-03-16 00:01:28,130] {dag.py:2937} INFO - Setting next_dagrun for example_subdag_operator.section-1 to None
[2022-03-16 00:01:28,130] {logging_mixin.py:109} INFO - [2022-03-16 00:01:28,130] {dag.py:2937} INFO - Setting next_dagrun for example_subdag_operator.section-2 to None
[2022-03-16 00:01:28,229] {processor.py:171} INFO - Processing /home/airflow/.local/lib/python3.7/site-packages/airflow/example_dags/example_subdag_operator.py took 0.235 seconds
[2022-03-16 00:02:00,049] {processor.py:163} INFO - Started process (PID=2414) to work on /home/airflow/.local/lib/python3.7/site-packages/airflow/example_dags/example_subdag_operator.py
[2022-03-16 00:02:00,055] {processor.py:642} INFO - Processing file /home/airflow/.local/lib/python3.7/site-packages/airflow/example_dags/example_subdag_operator.py for tasks to queue
[2022-03-16 00:02:00,056] {logging_mixin.py:109} INFO - [2022-03-16 00:02:00,056] {dagbag.py:500} INFO - Filling up the DagBag from /home/airflow/.local/lib/python3.7/site-packages/airflow/example_dags/example_subdag_operator.py
[2022-03-16 00:02:00,091] {processor.py:654} INFO - DAG(s) dict_keys(['example_subdag_operator.section-1', 'example_subdag_operator.section-2', 'example_subdag_operator']) retrieved from /home/airflow/.local/lib/python3.7/site-packages/airflow/example_dags/example_subdag_operator.py
[2022-03-16 00:02:00,101] {logging_mixin.py:109} INFO - [2022-03-16 00:02:00,101] {dag.py:2398} INFO - Sync 3 DAGs
[2022-03-16 00:02:00,115] {logging_mixin.py:109} INFO - [2022-03-16 00:02:00,115] {dag.py:2937} INFO - Setting next_dagrun for example_subdag_operator to 2022-03-14T00:00:00+00:00
[2022-03-16 00:02:00,115] {logging_mixin.py:109} INFO - [2022-03-16 00:02:00,115] {dag.py:2937} INFO - Setting next_dagrun for example_subdag_operator.section-1 to None
[2022-03-16 00:02:00,115] {logging_mixin.py:109} INFO - [2022-03-16 00:02:00,115] {dag.py:2937} INFO - Setting next_dagrun for example_subdag_operator.section-2 to None
[2022-03-16 00:02:00,120] {logging_mixin.py:109} INFO - [2022-03-16 00:02:00,120] {dag.py:2398} INFO - Sync 2 DAGs
[2022-03-16 00:02:00,126] {logging_mixin.py:109} INFO - [2022-03-16 00:02:00,126] {dag.py:2937} INFO - Setting next_dagrun for example_subdag_operator.section-1 to None
[2022-03-16 00:02:00,126] {logging_mixin.py:109} INFO - [2022-03-16 00:02:00,126] {dag.py:2937} INFO - Setting next_dagrun for example_subdag_operator.section-2 to None
[2022-03-16 00:02:00,165] {processor.py:171} INFO - Processing /home/airflow/.local/lib/python3.7/site-packages/airflow/example_dags/example_subdag_operator.py took 0.119 seconds
[2022-03-16 00:02:30,532] {processor.py:163} INFO - Started process (PID=2477) to work on /home/airflow/.local/lib/python3.7/site-packages/airflow/example_dags/example_subdag_operator.py
[2022-03-16 00:02:30,533] {processor.py:642} INFO - Processing file /home/airflow/.local/lib/python3.7/site-packages/airflow/example_dags/example_subdag_operator.py for tasks to queue
[2022-03-16 00:02:30,533] {logging_mixin.py:109} INFO - [2022-03-16 00:02:30,533] {dagbag.py:500} INFO - Filling up the DagBag from /home/airflow/.local/lib/python3.7/site-packages/airflow/example_dags/example_subdag_operator.py
[2022-03-16 00:02:30,556] {processor.py:654} INFO - DAG(s) dict_keys(['example_subdag_operator.section-1', 'example_subdag_operator.section-2', 'example_subdag_operator']) retrieved from /home/airflow/.local/lib/python3.7/site-packages/airflow/example_dags/example_subdag_operator.py
[2022-03-16 00:02:30,565] {logging_mixin.py:109} INFO - [2022-03-16 00:02:30,565] {dag.py:2398} INFO - Sync 3 DAGs
[2022-03-16 00:02:30,576] {logging_mixin.py:109} INFO - [2022-03-16 00:02:30,576] {dag.py:2937} INFO - Setting next_dagrun for example_subdag_operator to 2022-03-14T00:00:00+00:00
[2022-03-16 00:02:30,576] {logging_mixin.py:109} INFO - [2022-03-16 00:02:30,576] {dag.py:2937} INFO - Setting next_dagrun for example_subdag_operator.section-1 to None
[2022-03-16 00:02:30,577] {logging_mixin.py:109} INFO - [2022-03-16 00:02:30,577] {dag.py:2937} INFO - Setting next_dagrun for example_subdag_operator.section-2 to None
[2022-03-16 00:02:30,581] {logging_mixin.py:109} INFO - [2022-03-16 00:02:30,581] {dag.py:2398} INFO - Sync 2 DAGs
[2022-03-16 00:02:30,587] {logging_mixin.py:109} INFO - [2022-03-16 00:02:30,587] {dag.py:2937} INFO - Setting next_dagrun for example_subdag_operator.section-1 to None
[2022-03-16 00:02:30,587] {logging_mixin.py:109} INFO - [2022-03-16 00:02:30,587] {dag.py:2937} INFO - Setting next_dagrun for example_subdag_operator.section-2 to None
[2022-03-16 00:02:30,623] {processor.py:171} INFO - Processing /home/airflow/.local/lib/python3.7/site-packages/airflow/example_dags/example_subdag_operator.py took 0.093 seconds
[2022-03-16 00:03:00,996] {processor.py:163} INFO - Started process (PID=2550) to work on /home/airflow/.local/lib/python3.7/site-packages/airflow/example_dags/example_subdag_operator.py
[2022-03-16 00:03:00,997] {processor.py:642} INFO - Processing file /home/airflow/.local/lib/python3.7/site-packages/airflow/example_dags/example_subdag_operator.py for tasks to queue
[2022-03-16 00:03:00,997] {logging_mixin.py:109} INFO - [2022-03-16 00:03:00,997] {dagbag.py:500} INFO - Filling up the DagBag from /home/airflow/.local/lib/python3.7/site-packages/airflow/example_dags/example_subdag_operator.py
[2022-03-16 00:03:01,022] {processor.py:654} INFO - DAG(s) dict_keys(['example_subdag_operator.section-1', 'example_subdag_operator.section-2', 'example_subdag_operator']) retrieved from /home/airflow/.local/lib/python3.7/site-packages/airflow/example_dags/example_subdag_operator.py
[2022-03-16 00:03:01,030] {logging_mixin.py:109} INFO - [2022-03-16 00:03:01,030] {dag.py:2398} INFO - Sync 3 DAGs
[2022-03-16 00:03:01,043] {logging_mixin.py:109} INFO - [2022-03-16 00:03:01,043] {dag.py:2937} INFO - Setting next_dagrun for example_subdag_operator to 2022-03-14T00:00:00+00:00
[2022-03-16 00:03:01,043] {logging_mixin.py:109} INFO - [2022-03-16 00:03:01,043] {dag.py:2937} INFO - Setting next_dagrun for example_subdag_operator.section-1 to None
[2022-03-16 00:03:01,043] {logging_mixin.py:109} INFO - [2022-03-16 00:03:01,043] {dag.py:2937} INFO - Setting next_dagrun for example_subdag_operator.section-2 to None
[2022-03-16 00:03:01,047] {logging_mixin.py:109} INFO - [2022-03-16 00:03:01,047] {dag.py:2398} INFO - Sync 2 DAGs
[2022-03-16 00:03:01,053] {logging_mixin.py:109} INFO - [2022-03-16 00:03:01,053] {dag.py:2937} INFO - Setting next_dagrun for example_subdag_operator.section-1 to None
[2022-03-16 00:03:01,053] {logging_mixin.py:109} INFO - [2022-03-16 00:03:01,053] {dag.py:2937} INFO - Setting next_dagrun for example_subdag_operator.section-2 to None
[2022-03-16 00:03:01,120] {processor.py:171} INFO - Processing /home/airflow/.local/lib/python3.7/site-packages/airflow/example_dags/example_subdag_operator.py took 0.126 seconds
[2022-03-16 00:03:32,059] {processor.py:163} INFO - Started process (PID=2600) to work on /home/airflow/.local/lib/python3.7/site-packages/airflow/example_dags/example_subdag_operator.py
[2022-03-16 00:03:32,060] {processor.py:642} INFO - Processing file /home/airflow/.local/lib/python3.7/site-packages/airflow/example_dags/example_subdag_operator.py for tasks to queue
[2022-03-16 00:03:32,061] {logging_mixin.py:109} INFO - [2022-03-16 00:03:32,061] {dagbag.py:500} INFO - Filling up the DagBag from /home/airflow/.local/lib/python3.7/site-packages/airflow/example_dags/example_subdag_operator.py
[2022-03-16 00:03:32,084] {processor.py:654} INFO - DAG(s) dict_keys(['example_subdag_operator.section-1', 'example_subdag_operator.section-2', 'example_subdag_operator']) retrieved from /home/airflow/.local/lib/python3.7/site-packages/airflow/example_dags/example_subdag_operator.py
[2022-03-16 00:03:32,095] {logging_mixin.py:109} INFO - [2022-03-16 00:03:32,095] {dag.py:2398} INFO - Sync 3 DAGs
[2022-03-16 00:03:32,111] {logging_mixin.py:109} INFO - [2022-03-16 00:03:32,111] {dag.py:2937} INFO - Setting next_dagrun for example_subdag_operator to 2022-03-14T00:00:00+00:00
[2022-03-16 00:03:32,112] {logging_mixin.py:109} INFO - [2022-03-16 00:03:32,111] {dag.py:2937} INFO - Setting next_dagrun for example_subdag_operator.section-1 to None
[2022-03-16 00:03:32,112] {logging_mixin.py:109} INFO - [2022-03-16 00:03:32,112] {dag.py:2937} INFO - Setting next_dagrun for example_subdag_operator.section-2 to None
[2022-03-16 00:03:32,117] {logging_mixin.py:109} INFO - [2022-03-16 00:03:32,117] {dag.py:2398} INFO - Sync 2 DAGs
[2022-03-16 00:03:32,125] {logging_mixin.py:109} INFO - [2022-03-16 00:03:32,125] {dag.py:2937} INFO - Setting next_dagrun for example_subdag_operator.section-1 to None
[2022-03-16 00:03:32,125] {logging_mixin.py:109} INFO - [2022-03-16 00:03:32,125] {dag.py:2937} INFO - Setting next_dagrun for example_subdag_operator.section-2 to None
[2022-03-16 00:03:32,171] {processor.py:171} INFO - Processing /home/airflow/.local/lib/python3.7/site-packages/airflow/example_dags/example_subdag_operator.py took 0.113 seconds
[2022-03-16 00:04:03,746] {processor.py:163} INFO - Started process (PID=2659) to work on /home/airflow/.local/lib/python3.7/site-packages/airflow/example_dags/example_subdag_operator.py
[2022-03-16 00:04:03,759] {processor.py:642} INFO - Processing file /home/airflow/.local/lib/python3.7/site-packages/airflow/example_dags/example_subdag_operator.py for tasks to queue
[2022-03-16 00:04:03,760] {logging_mixin.py:109} INFO - [2022-03-16 00:04:03,760] {dagbag.py:500} INFO - Filling up the DagBag from /home/airflow/.local/lib/python3.7/site-packages/airflow/example_dags/example_subdag_operator.py
[2022-03-16 00:04:03,805] {processor.py:654} INFO - DAG(s) dict_keys(['example_subdag_operator.section-1', 'example_subdag_operator.section-2', 'example_subdag_operator']) retrieved from /home/airflow/.local/lib/python3.7/site-packages/airflow/example_dags/example_subdag_operator.py
[2022-03-16 00:04:03,813] {logging_mixin.py:109} INFO - [2022-03-16 00:04:03,813] {dag.py:2398} INFO - Sync 3 DAGs
[2022-03-16 00:04:03,824] {logging_mixin.py:109} INFO - [2022-03-16 00:04:03,824] {dag.py:2937} INFO - Setting next_dagrun for example_subdag_operator to 2022-03-14T00:00:00+00:00
[2022-03-16 00:04:03,825] {logging_mixin.py:109} INFO - [2022-03-16 00:04:03,825] {dag.py:2937} INFO - Setting next_dagrun for example_subdag_operator.section-1 to None
[2022-03-16 00:04:03,825] {logging_mixin.py:109} INFO - [2022-03-16 00:04:03,825] {dag.py:2937} INFO - Setting next_dagrun for example_subdag_operator.section-2 to None
[2022-03-16 00:04:03,828] {logging_mixin.py:109} INFO - [2022-03-16 00:04:03,828] {dag.py:2398} INFO - Sync 2 DAGs
[2022-03-16 00:04:03,834] {logging_mixin.py:109} INFO - [2022-03-16 00:04:03,834] {dag.py:2937} INFO - Setting next_dagrun for example_subdag_operator.section-1 to None
[2022-03-16 00:04:03,834] {logging_mixin.py:109} INFO - [2022-03-16 00:04:03,834] {dag.py:2937} INFO - Setting next_dagrun for example_subdag_operator.section-2 to None
[2022-03-16 00:04:03,942] {processor.py:171} INFO - Processing /home/airflow/.local/lib/python3.7/site-packages/airflow/example_dags/example_subdag_operator.py took 0.203 seconds
[2022-03-16 00:04:34,694] {processor.py:163} INFO - Started process (PID=2723) to work on /home/airflow/.local/lib/python3.7/site-packages/airflow/example_dags/example_subdag_operator.py
[2022-03-16 00:04:34,695] {processor.py:642} INFO - Processing file /home/airflow/.local/lib/python3.7/site-packages/airflow/example_dags/example_subdag_operator.py for tasks to queue
[2022-03-16 00:04:34,695] {logging_mixin.py:109} INFO - [2022-03-16 00:04:34,695] {dagbag.py:500} INFO - Filling up the DagBag from /home/airflow/.local/lib/python3.7/site-packages/airflow/example_dags/example_subdag_operator.py
[2022-03-16 00:04:34,719] {processor.py:654} INFO - DAG(s) dict_keys(['example_subdag_operator.section-1', 'example_subdag_operator.section-2', 'example_subdag_operator']) retrieved from /home/airflow/.local/lib/python3.7/site-packages/airflow/example_dags/example_subdag_operator.py
[2022-03-16 00:04:34,727] {logging_mixin.py:109} INFO - [2022-03-16 00:04:34,727] {dag.py:2398} INFO - Sync 3 DAGs
[2022-03-16 00:04:34,737] {logging_mixin.py:109} INFO - [2022-03-16 00:04:34,737] {dag.py:2937} INFO - Setting next_dagrun for example_subdag_operator to 2022-03-14T00:00:00+00:00
[2022-03-16 00:04:34,738] {logging_mixin.py:109} INFO - [2022-03-16 00:04:34,738] {dag.py:2937} INFO - Setting next_dagrun for example_subdag_operator.section-1 to None
[2022-03-16 00:04:34,738] {logging_mixin.py:109} INFO - [2022-03-16 00:04:34,738] {dag.py:2937} INFO - Setting next_dagrun for example_subdag_operator.section-2 to None
[2022-03-16 00:04:34,741] {logging_mixin.py:109} INFO - [2022-03-16 00:04:34,741] {dag.py:2398} INFO - Sync 2 DAGs
[2022-03-16 00:04:34,747] {logging_mixin.py:109} INFO - [2022-03-16 00:04:34,747] {dag.py:2937} INFO - Setting next_dagrun for example_subdag_operator.section-1 to None
[2022-03-16 00:04:34,747] {logging_mixin.py:109} INFO - [2022-03-16 00:04:34,747] {dag.py:2937} INFO - Setting next_dagrun for example_subdag_operator.section-2 to None
[2022-03-16 00:04:35,677] {processor.py:171} INFO - Processing /home/airflow/.local/lib/python3.7/site-packages/airflow/example_dags/example_subdag_operator.py took 0.985 seconds
[2022-03-16 00:05:07,328] {processor.py:163} INFO - Started process (PID=2793) to work on /home/airflow/.local/lib/python3.7/site-packages/airflow/example_dags/example_subdag_operator.py
[2022-03-16 00:05:07,329] {processor.py:642} INFO - Processing file /home/airflow/.local/lib/python3.7/site-packages/airflow/example_dags/example_subdag_operator.py for tasks to queue
[2022-03-16 00:05:07,329] {logging_mixin.py:109} INFO - [2022-03-16 00:05:07,329] {dagbag.py:500} INFO - Filling up the DagBag from /home/airflow/.local/lib/python3.7/site-packages/airflow/example_dags/example_subdag_operator.py
[2022-03-16 00:05:07,352] {processor.py:654} INFO - DAG(s) dict_keys(['example_subdag_operator.section-1', 'example_subdag_operator.section-2', 'example_subdag_operator']) retrieved from /home/airflow/.local/lib/python3.7/site-packages/airflow/example_dags/example_subdag_operator.py
[2022-03-16 00:05:07,361] {logging_mixin.py:109} INFO - [2022-03-16 00:05:07,361] {dag.py:2398} INFO - Sync 3 DAGs
[2022-03-16 00:05:07,372] {logging_mixin.py:109} INFO - [2022-03-16 00:05:07,372] {dag.py:2937} INFO - Setting next_dagrun for example_subdag_operator to 2022-03-14T00:00:00+00:00
[2022-03-16 00:05:07,372] {logging_mixin.py:109} INFO - [2022-03-16 00:05:07,372] {dag.py:2937} INFO - Setting next_dagrun for example_subdag_operator.section-1 to None
[2022-03-16 00:05:07,372] {logging_mixin.py:109} INFO - [2022-03-16 00:05:07,372] {dag.py:2937} INFO - Setting next_dagrun for example_subdag_operator.section-2 to None
[2022-03-16 00:05:07,376] {logging_mixin.py:109} INFO - [2022-03-16 00:05:07,376] {dag.py:2398} INFO - Sync 2 DAGs
[2022-03-16 00:05:07,382] {logging_mixin.py:109} INFO - [2022-03-16 00:05:07,382] {dag.py:2937} INFO - Setting next_dagrun for example_subdag_operator.section-1 to None
[2022-03-16 00:05:07,382] {logging_mixin.py:109} INFO - [2022-03-16 00:05:07,382] {dag.py:2937} INFO - Setting next_dagrun for example_subdag_operator.section-2 to None
[2022-03-16 00:05:07,597] {processor.py:171} INFO - Processing /home/airflow/.local/lib/python3.7/site-packages/airflow/example_dags/example_subdag_operator.py took 0.270 seconds
[2022-03-16 00:05:39,462] {processor.py:163} INFO - Started process (PID=2843) to work on /home/airflow/.local/lib/python3.7/site-packages/airflow/example_dags/example_subdag_operator.py
[2022-03-16 00:05:39,464] {processor.py:642} INFO - Processing file /home/airflow/.local/lib/python3.7/site-packages/airflow/example_dags/example_subdag_operator.py for tasks to queue
[2022-03-16 00:05:39,465] {logging_mixin.py:109} INFO - [2022-03-16 00:05:39,465] {dagbag.py:500} INFO - Filling up the DagBag from /home/airflow/.local/lib/python3.7/site-packages/airflow/example_dags/example_subdag_operator.py
[2022-03-16 00:05:39,494] {processor.py:654} INFO - DAG(s) dict_keys(['example_subdag_operator.section-1', 'example_subdag_operator.section-2', 'example_subdag_operator']) retrieved from /home/airflow/.local/lib/python3.7/site-packages/airflow/example_dags/example_subdag_operator.py
[2022-03-16 00:05:39,501] {logging_mixin.py:109} INFO - [2022-03-16 00:05:39,501] {dag.py:2398} INFO - Sync 3 DAGs
[2022-03-16 00:05:39,513] {logging_mixin.py:109} INFO - [2022-03-16 00:05:39,513] {dag.py:2937} INFO - Setting next_dagrun for example_subdag_operator to 2022-03-14T00:00:00+00:00
[2022-03-16 00:05:39,513] {logging_mixin.py:109} INFO - [2022-03-16 00:05:39,513] {dag.py:2937} INFO - Setting next_dagrun for example_subdag_operator.section-1 to None
[2022-03-16 00:05:39,513] {logging_mixin.py:109} INFO - [2022-03-16 00:05:39,513] {dag.py:2937} INFO - Setting next_dagrun for example_subdag_operator.section-2 to None
[2022-03-16 00:05:39,516] {logging_mixin.py:109} INFO - [2022-03-16 00:05:39,516] {dag.py:2398} INFO - Sync 2 DAGs
[2022-03-16 00:05:39,522] {logging_mixin.py:109} INFO - [2022-03-16 00:05:39,522] {dag.py:2937} INFO - Setting next_dagrun for example_subdag_operator.section-1 to None
[2022-03-16 00:05:39,523] {logging_mixin.py:109} INFO - [2022-03-16 00:05:39,522] {dag.py:2937} INFO - Setting next_dagrun for example_subdag_operator.section-2 to None
[2022-03-16 00:05:39,561] {processor.py:171} INFO - Processing /home/airflow/.local/lib/python3.7/site-packages/airflow/example_dags/example_subdag_operator.py took 0.101 seconds
[2022-03-16 00:06:09,789] {processor.py:163} INFO - Started process (PID=2906) to work on /home/airflow/.local/lib/python3.7/site-packages/airflow/example_dags/example_subdag_operator.py
[2022-03-16 00:06:09,795] {processor.py:642} INFO - Processing file /home/airflow/.local/lib/python3.7/site-packages/airflow/example_dags/example_subdag_operator.py for tasks to queue
[2022-03-16 00:06:09,795] {logging_mixin.py:109} INFO - [2022-03-16 00:06:09,795] {dagbag.py:500} INFO - Filling up the DagBag from /home/airflow/.local/lib/python3.7/site-packages/airflow/example_dags/example_subdag_operator.py
[2022-03-16 00:06:09,819] {processor.py:654} INFO - DAG(s) dict_keys(['example_subdag_operator.section-1', 'example_subdag_operator.section-2', 'example_subdag_operator']) retrieved from /home/airflow/.local/lib/python3.7/site-packages/airflow/example_dags/example_subdag_operator.py
[2022-03-16 00:06:09,828] {logging_mixin.py:109} INFO - [2022-03-16 00:06:09,828] {dag.py:2398} INFO - Sync 3 DAGs
[2022-03-16 00:06:09,840] {logging_mixin.py:109} INFO - [2022-03-16 00:06:09,840] {dag.py:2937} INFO - Setting next_dagrun for example_subdag_operator to 2022-03-14T00:00:00+00:00
[2022-03-16 00:06:09,840] {logging_mixin.py:109} INFO - [2022-03-16 00:06:09,840] {dag.py:2937} INFO - Setting next_dagrun for example_subdag_operator.section-1 to None
[2022-03-16 00:06:09,840] {logging_mixin.py:109} INFO - [2022-03-16 00:06:09,840] {dag.py:2937} INFO - Setting next_dagrun for example_subdag_operator.section-2 to None
[2022-03-16 00:06:09,844] {logging_mixin.py:109} INFO - [2022-03-16 00:06:09,844] {dag.py:2398} INFO - Sync 2 DAGs
[2022-03-16 00:06:09,849] {logging_mixin.py:109} INFO - [2022-03-16 00:06:09,849] {dag.py:2937} INFO - Setting next_dagrun for example_subdag_operator.section-1 to None
[2022-03-16 00:06:09,850] {logging_mixin.py:109} INFO - [2022-03-16 00:06:09,850] {dag.py:2937} INFO - Setting next_dagrun for example_subdag_operator.section-2 to None
[2022-03-16 00:06:09,899] {processor.py:171} INFO - Processing /home/airflow/.local/lib/python3.7/site-packages/airflow/example_dags/example_subdag_operator.py took 0.111 seconds
[2022-03-16 00:06:40,702] {processor.py:163} INFO - Started process (PID=2972) to work on /home/airflow/.local/lib/python3.7/site-packages/airflow/example_dags/example_subdag_operator.py
[2022-03-16 00:06:40,702] {processor.py:642} INFO - Processing file /home/airflow/.local/lib/python3.7/site-packages/airflow/example_dags/example_subdag_operator.py for tasks to queue
[2022-03-16 00:06:40,703] {logging_mixin.py:109} INFO - [2022-03-16 00:06:40,703] {dagbag.py:500} INFO - Filling up the DagBag from /home/airflow/.local/lib/python3.7/site-packages/airflow/example_dags/example_subdag_operator.py
[2022-03-16 00:06:40,725] {processor.py:654} INFO - DAG(s) dict_keys(['example_subdag_operator.section-1', 'example_subdag_operator.section-2', 'example_subdag_operator']) retrieved from /home/airflow/.local/lib/python3.7/site-packages/airflow/example_dags/example_subdag_operator.py
[2022-03-16 00:06:40,732] {logging_mixin.py:109} INFO - [2022-03-16 00:06:40,732] {dag.py:2398} INFO - Sync 3 DAGs
[2022-03-16 00:06:40,743] {logging_mixin.py:109} INFO - [2022-03-16 00:06:40,743] {dag.py:2937} INFO - Setting next_dagrun for example_subdag_operator to 2022-03-14T00:00:00+00:00
[2022-03-16 00:06:40,743] {logging_mixin.py:109} INFO - [2022-03-16 00:06:40,743] {dag.py:2937} INFO - Setting next_dagrun for example_subdag_operator.section-1 to None
[2022-03-16 00:06:40,743] {logging_mixin.py:109} INFO - [2022-03-16 00:06:40,743] {dag.py:2937} INFO - Setting next_dagrun for example_subdag_operator.section-2 to None
[2022-03-16 00:06:40,747] {logging_mixin.py:109} INFO - [2022-03-16 00:06:40,746] {dag.py:2398} INFO - Sync 2 DAGs
[2022-03-16 00:06:40,753] {logging_mixin.py:109} INFO - [2022-03-16 00:06:40,753] {dag.py:2937} INFO - Setting next_dagrun for example_subdag_operator.section-1 to None
[2022-03-16 00:06:40,753] {logging_mixin.py:109} INFO - [2022-03-16 00:06:40,753] {dag.py:2937} INFO - Setting next_dagrun for example_subdag_operator.section-2 to None
[2022-03-16 00:06:40,993] {processor.py:171} INFO - Processing /home/airflow/.local/lib/python3.7/site-packages/airflow/example_dags/example_subdag_operator.py took 0.293 seconds
[2022-03-16 00:07:12,487] {processor.py:163} INFO - Started process (PID=3038) to work on /home/airflow/.local/lib/python3.7/site-packages/airflow/example_dags/example_subdag_operator.py
[2022-03-16 00:07:12,495] {processor.py:642} INFO - Processing file /home/airflow/.local/lib/python3.7/site-packages/airflow/example_dags/example_subdag_operator.py for tasks to queue
[2022-03-16 00:07:12,495] {logging_mixin.py:109} INFO - [2022-03-16 00:07:12,495] {dagbag.py:500} INFO - Filling up the DagBag from /home/airflow/.local/lib/python3.7/site-packages/airflow/example_dags/example_subdag_operator.py
[2022-03-16 00:07:12,520] {processor.py:654} INFO - DAG(s) dict_keys(['example_subdag_operator.section-1', 'example_subdag_operator.section-2', 'example_subdag_operator']) retrieved from /home/airflow/.local/lib/python3.7/site-packages/airflow/example_dags/example_subdag_operator.py
[2022-03-16 00:07:12,527] {logging_mixin.py:109} INFO - [2022-03-16 00:07:12,527] {dag.py:2398} INFO - Sync 3 DAGs
[2022-03-16 00:07:12,538] {logging_mixin.py:109} INFO - [2022-03-16 00:07:12,538] {dag.py:2937} INFO - Setting next_dagrun for example_subdag_operator to 2022-03-14T00:00:00+00:00
[2022-03-16 00:07:12,539] {logging_mixin.py:109} INFO - [2022-03-16 00:07:12,539] {dag.py:2937} INFO - Setting next_dagrun for example_subdag_operator.section-1 to None
[2022-03-16 00:07:12,539] {logging_mixin.py:109} INFO - [2022-03-16 00:07:12,539] {dag.py:2937} INFO - Setting next_dagrun for example_subdag_operator.section-2 to None
[2022-03-16 00:07:12,542] {logging_mixin.py:109} INFO - [2022-03-16 00:07:12,542] {dag.py:2398} INFO - Sync 2 DAGs
[2022-03-16 00:07:12,548] {logging_mixin.py:109} INFO - [2022-03-16 00:07:12,548] {dag.py:2937} INFO - Setting next_dagrun for example_subdag_operator.section-1 to None
[2022-03-16 00:07:12,548] {logging_mixin.py:109} INFO - [2022-03-16 00:07:12,548] {dag.py:2937} INFO - Setting next_dagrun for example_subdag_operator.section-2 to None
[2022-03-16 00:07:12,612] {processor.py:171} INFO - Processing /home/airflow/.local/lib/python3.7/site-packages/airflow/example_dags/example_subdag_operator.py took 0.127 seconds
[2022-03-16 00:07:43,214] {processor.py:163} INFO - Started process (PID=3087) to work on /home/airflow/.local/lib/python3.7/site-packages/airflow/example_dags/example_subdag_operator.py
[2022-03-16 00:07:43,226] {processor.py:642} INFO - Processing file /home/airflow/.local/lib/python3.7/site-packages/airflow/example_dags/example_subdag_operator.py for tasks to queue
[2022-03-16 00:07:43,227] {logging_mixin.py:109} INFO - [2022-03-16 00:07:43,226] {dagbag.py:500} INFO - Filling up the DagBag from /home/airflow/.local/lib/python3.7/site-packages/airflow/example_dags/example_subdag_operator.py
[2022-03-16 00:07:43,250] {processor.py:654} INFO - DAG(s) dict_keys(['example_subdag_operator.section-1', 'example_subdag_operator.section-2', 'example_subdag_operator']) retrieved from /home/airflow/.local/lib/python3.7/site-packages/airflow/example_dags/example_subdag_operator.py
[2022-03-16 00:07:43,257] {logging_mixin.py:109} INFO - [2022-03-16 00:07:43,257] {dag.py:2398} INFO - Sync 3 DAGs
[2022-03-16 00:07:43,272] {logging_mixin.py:109} INFO - [2022-03-16 00:07:43,271] {dag.py:2937} INFO - Setting next_dagrun for example_subdag_operator to 2022-03-14T00:00:00+00:00
[2022-03-16 00:07:43,272] {logging_mixin.py:109} INFO - [2022-03-16 00:07:43,272] {dag.py:2937} INFO - Setting next_dagrun for example_subdag_operator.section-1 to None
[2022-03-16 00:07:43,272] {logging_mixin.py:109} INFO - [2022-03-16 00:07:43,272] {dag.py:2937} INFO - Setting next_dagrun for example_subdag_operator.section-2 to None
[2022-03-16 00:07:43,276] {logging_mixin.py:109} INFO - [2022-03-16 00:07:43,276] {dag.py:2398} INFO - Sync 2 DAGs
[2022-03-16 00:07:43,283] {logging_mixin.py:109} INFO - [2022-03-16 00:07:43,283] {dag.py:2937} INFO - Setting next_dagrun for example_subdag_operator.section-1 to None
[2022-03-16 00:07:43,283] {logging_mixin.py:109} INFO - [2022-03-16 00:07:43,283] {dag.py:2937} INFO - Setting next_dagrun for example_subdag_operator.section-2 to None
[2022-03-16 00:07:43,327] {processor.py:171} INFO - Processing /home/airflow/.local/lib/python3.7/site-packages/airflow/example_dags/example_subdag_operator.py took 0.115 seconds
[2022-03-16 00:08:14,813] {processor.py:163} INFO - Started process (PID=3151) to work on /home/airflow/.local/lib/python3.7/site-packages/airflow/example_dags/example_subdag_operator.py
[2022-03-16 00:08:14,837] {processor.py:642} INFO - Processing file /home/airflow/.local/lib/python3.7/site-packages/airflow/example_dags/example_subdag_operator.py for tasks to queue
[2022-03-16 00:08:14,839] {logging_mixin.py:109} INFO - [2022-03-16 00:08:14,839] {dagbag.py:500} INFO - Filling up the DagBag from /home/airflow/.local/lib/python3.7/site-packages/airflow/example_dags/example_subdag_operator.py
[2022-03-16 00:08:14,939] {processor.py:654} INFO - DAG(s) dict_keys(['example_subdag_operator.section-1', 'example_subdag_operator.section-2', 'example_subdag_operator']) retrieved from /home/airflow/.local/lib/python3.7/site-packages/airflow/example_dags/example_subdag_operator.py
[2022-03-16 00:08:14,954] {logging_mixin.py:109} INFO - [2022-03-16 00:08:14,954] {dag.py:2398} INFO - Sync 3 DAGs
[2022-03-16 00:08:14,975] {logging_mixin.py:109} INFO - [2022-03-16 00:08:14,974] {dag.py:2937} INFO - Setting next_dagrun for example_subdag_operator to 2022-03-14T00:00:00+00:00
[2022-03-16 00:08:14,975] {logging_mixin.py:109} INFO - [2022-03-16 00:08:14,975] {dag.py:2937} INFO - Setting next_dagrun for example_subdag_operator.section-1 to None
[2022-03-16 00:08:14,975] {logging_mixin.py:109} INFO - [2022-03-16 00:08:14,975] {dag.py:2937} INFO - Setting next_dagrun for example_subdag_operator.section-2 to None
[2022-03-16 00:08:14,980] {logging_mixin.py:109} INFO - [2022-03-16 00:08:14,980] {dag.py:2398} INFO - Sync 2 DAGs
[2022-03-16 00:08:14,987] {logging_mixin.py:109} INFO - [2022-03-16 00:08:14,987] {dag.py:2937} INFO - Setting next_dagrun for example_subdag_operator.section-1 to None
[2022-03-16 00:08:14,987] {logging_mixin.py:109} INFO - [2022-03-16 00:08:14,987] {dag.py:2937} INFO - Setting next_dagrun for example_subdag_operator.section-2 to None
[2022-03-16 00:08:15,127] {processor.py:171} INFO - Processing /home/airflow/.local/lib/python3.7/site-packages/airflow/example_dags/example_subdag_operator.py took 0.322 seconds
[2022-03-16 00:08:45,978] {processor.py:163} INFO - Started process (PID=3218) to work on /home/airflow/.local/lib/python3.7/site-packages/airflow/example_dags/example_subdag_operator.py
[2022-03-16 00:08:46,062] {processor.py:642} INFO - Processing file /home/airflow/.local/lib/python3.7/site-packages/airflow/example_dags/example_subdag_operator.py for tasks to queue
[2022-03-16 00:08:46,062] {logging_mixin.py:109} INFO - [2022-03-16 00:08:46,062] {dagbag.py:500} INFO - Filling up the DagBag from /home/airflow/.local/lib/python3.7/site-packages/airflow/example_dags/example_subdag_operator.py
[2022-03-16 00:08:46,085] {processor.py:654} INFO - DAG(s) dict_keys(['example_subdag_operator.section-1', 'example_subdag_operator.section-2', 'example_subdag_operator']) retrieved from /home/airflow/.local/lib/python3.7/site-packages/airflow/example_dags/example_subdag_operator.py
[2022-03-16 00:08:46,092] {logging_mixin.py:109} INFO - [2022-03-16 00:08:46,092] {dag.py:2398} INFO - Sync 3 DAGs
[2022-03-16 00:08:46,104] {logging_mixin.py:109} INFO - [2022-03-16 00:08:46,104] {dag.py:2937} INFO - Setting next_dagrun for example_subdag_operator to 2022-03-14T00:00:00+00:00
[2022-03-16 00:08:46,104] {logging_mixin.py:109} INFO - [2022-03-16 00:08:46,104] {dag.py:2937} INFO - Setting next_dagrun for example_subdag_operator.section-1 to None
[2022-03-16 00:08:46,104] {logging_mixin.py:109} INFO - [2022-03-16 00:08:46,104] {dag.py:2937} INFO - Setting next_dagrun for example_subdag_operator.section-2 to None
[2022-03-16 00:08:46,108] {logging_mixin.py:109} INFO - [2022-03-16 00:08:46,108] {dag.py:2398} INFO - Sync 2 DAGs
[2022-03-16 00:08:46,114] {logging_mixin.py:109} INFO - [2022-03-16 00:08:46,114] {dag.py:2937} INFO - Setting next_dagrun for example_subdag_operator.section-1 to None
[2022-03-16 00:08:46,114] {logging_mixin.py:109} INFO - [2022-03-16 00:08:46,114] {dag.py:2937} INFO - Setting next_dagrun for example_subdag_operator.section-2 to None
[2022-03-16 00:08:46,172] {processor.py:171} INFO - Processing /home/airflow/.local/lib/python3.7/site-packages/airflow/example_dags/example_subdag_operator.py took 0.196 seconds
[2022-03-16 00:09:16,324] {processor.py:163} INFO - Started process (PID=3274) to work on /home/airflow/.local/lib/python3.7/site-packages/airflow/example_dags/example_subdag_operator.py
[2022-03-16 00:09:16,335] {processor.py:642} INFO - Processing file /home/airflow/.local/lib/python3.7/site-packages/airflow/example_dags/example_subdag_operator.py for tasks to queue
[2022-03-16 00:09:16,335] {logging_mixin.py:109} INFO - [2022-03-16 00:09:16,335] {dagbag.py:500} INFO - Filling up the DagBag from /home/airflow/.local/lib/python3.7/site-packages/airflow/example_dags/example_subdag_operator.py
[2022-03-16 00:09:16,360] {processor.py:654} INFO - DAG(s) dict_keys(['example_subdag_operator.section-1', 'example_subdag_operator.section-2', 'example_subdag_operator']) retrieved from /home/airflow/.local/lib/python3.7/site-packages/airflow/example_dags/example_subdag_operator.py
[2022-03-16 00:09:16,368] {logging_mixin.py:109} INFO - [2022-03-16 00:09:16,367] {dag.py:2398} INFO - Sync 3 DAGs
[2022-03-16 00:09:16,379] {logging_mixin.py:109} INFO - [2022-03-16 00:09:16,378] {dag.py:2937} INFO - Setting next_dagrun for example_subdag_operator to 2022-03-14T00:00:00+00:00
[2022-03-16 00:09:16,379] {logging_mixin.py:109} INFO - [2022-03-16 00:09:16,379] {dag.py:2937} INFO - Setting next_dagrun for example_subdag_operator.section-1 to None
[2022-03-16 00:09:16,379] {logging_mixin.py:109} INFO - [2022-03-16 00:09:16,379] {dag.py:2937} INFO - Setting next_dagrun for example_subdag_operator.section-2 to None
[2022-03-16 00:09:16,383] {logging_mixin.py:109} INFO - [2022-03-16 00:09:16,383] {dag.py:2398} INFO - Sync 2 DAGs
[2022-03-16 00:09:16,389] {logging_mixin.py:109} INFO - [2022-03-16 00:09:16,389] {dag.py:2937} INFO - Setting next_dagrun for example_subdag_operator.section-1 to None
[2022-03-16 00:09:16,390] {logging_mixin.py:109} INFO - [2022-03-16 00:09:16,390] {dag.py:2937} INFO - Setting next_dagrun for example_subdag_operator.section-2 to None
[2022-03-16 00:09:17,316] {processor.py:171} INFO - Processing /home/airflow/.local/lib/python3.7/site-packages/airflow/example_dags/example_subdag_operator.py took 0.994 seconds
[2022-03-16 00:09:47,452] {processor.py:163} INFO - Started process (PID=3333) to work on /home/airflow/.local/lib/python3.7/site-packages/airflow/example_dags/example_subdag_operator.py
[2022-03-16 00:09:47,461] {processor.py:642} INFO - Processing file /home/airflow/.local/lib/python3.7/site-packages/airflow/example_dags/example_subdag_operator.py for tasks to queue
[2022-03-16 00:09:47,461] {logging_mixin.py:109} INFO - [2022-03-16 00:09:47,461] {dagbag.py:500} INFO - Filling up the DagBag from /home/airflow/.local/lib/python3.7/site-packages/airflow/example_dags/example_subdag_operator.py
[2022-03-16 00:09:47,487] {processor.py:654} INFO - DAG(s) dict_keys(['example_subdag_operator.section-1', 'example_subdag_operator.section-2', 'example_subdag_operator']) retrieved from /home/airflow/.local/lib/python3.7/site-packages/airflow/example_dags/example_subdag_operator.py
[2022-03-16 00:09:47,494] {logging_mixin.py:109} INFO - [2022-03-16 00:09:47,494] {dag.py:2398} INFO - Sync 3 DAGs
[2022-03-16 00:09:47,505] {logging_mixin.py:109} INFO - [2022-03-16 00:09:47,505] {dag.py:2937} INFO - Setting next_dagrun for example_subdag_operator to 2022-03-14T00:00:00+00:00
[2022-03-16 00:09:47,505] {logging_mixin.py:109} INFO - [2022-03-16 00:09:47,505] {dag.py:2937} INFO - Setting next_dagrun for example_subdag_operator.section-1 to None
[2022-03-16 00:09:47,506] {logging_mixin.py:109} INFO - [2022-03-16 00:09:47,506] {dag.py:2937} INFO - Setting next_dagrun for example_subdag_operator.section-2 to None
[2022-03-16 00:09:47,509] {logging_mixin.py:109} INFO - [2022-03-16 00:09:47,509] {dag.py:2398} INFO - Sync 2 DAGs
[2022-03-16 00:09:47,515] {logging_mixin.py:109} INFO - [2022-03-16 00:09:47,515] {dag.py:2937} INFO - Setting next_dagrun for example_subdag_operator.section-1 to None
[2022-03-16 00:09:47,515] {logging_mixin.py:109} INFO - [2022-03-16 00:09:47,515] {dag.py:2937} INFO - Setting next_dagrun for example_subdag_operator.section-2 to None
[2022-03-16 00:09:47,552] {processor.py:171} INFO - Processing /home/airflow/.local/lib/python3.7/site-packages/airflow/example_dags/example_subdag_operator.py took 0.101 seconds
[2022-03-16 00:10:19,155] {processor.py:163} INFO - Started process (PID=3389) to work on /home/airflow/.local/lib/python3.7/site-packages/airflow/example_dags/example_subdag_operator.py
[2022-03-16 00:10:19,159] {processor.py:642} INFO - Processing file /home/airflow/.local/lib/python3.7/site-packages/airflow/example_dags/example_subdag_operator.py for tasks to queue
[2022-03-16 00:10:19,160] {logging_mixin.py:109} INFO - [2022-03-16 00:10:19,159] {dagbag.py:500} INFO - Filling up the DagBag from /home/airflow/.local/lib/python3.7/site-packages/airflow/example_dags/example_subdag_operator.py
[2022-03-16 00:10:19,192] {processor.py:654} INFO - DAG(s) dict_keys(['example_subdag_operator.section-1', 'example_subdag_operator.section-2', 'example_subdag_operator']) retrieved from /home/airflow/.local/lib/python3.7/site-packages/airflow/example_dags/example_subdag_operator.py
[2022-03-16 00:10:19,205] {logging_mixin.py:109} INFO - [2022-03-16 00:10:19,205] {dag.py:2398} INFO - Sync 3 DAGs
[2022-03-16 00:10:19,219] {logging_mixin.py:109} INFO - [2022-03-16 00:10:19,219] {dag.py:2937} INFO - Setting next_dagrun for example_subdag_operator to 2022-03-14T00:00:00+00:00
[2022-03-16 00:10:19,220] {logging_mixin.py:109} INFO - [2022-03-16 00:10:19,220] {dag.py:2937} INFO - Setting next_dagrun for example_subdag_operator.section-1 to None
[2022-03-16 00:10:19,220] {logging_mixin.py:109} INFO - [2022-03-16 00:10:19,220] {dag.py:2937} INFO - Setting next_dagrun for example_subdag_operator.section-2 to None
[2022-03-16 00:10:19,225] {logging_mixin.py:109} INFO - [2022-03-16 00:10:19,225] {dag.py:2398} INFO - Sync 2 DAGs
[2022-03-16 00:10:19,233] {logging_mixin.py:109} INFO - [2022-03-16 00:10:19,233] {dag.py:2937} INFO - Setting next_dagrun for example_subdag_operator.section-1 to None
[2022-03-16 00:10:19,233] {logging_mixin.py:109} INFO - [2022-03-16 00:10:19,233] {dag.py:2937} INFO - Setting next_dagrun for example_subdag_operator.section-2 to None
[2022-03-16 00:10:19,299] {processor.py:171} INFO - Processing /home/airflow/.local/lib/python3.7/site-packages/airflow/example_dags/example_subdag_operator.py took 0.147 seconds
[2022-03-16 00:10:49,582] {processor.py:163} INFO - Started process (PID=3463) to work on /home/airflow/.local/lib/python3.7/site-packages/airflow/example_dags/example_subdag_operator.py
[2022-03-16 00:10:49,583] {processor.py:642} INFO - Processing file /home/airflow/.local/lib/python3.7/site-packages/airflow/example_dags/example_subdag_operator.py for tasks to queue
[2022-03-16 00:10:49,583] {logging_mixin.py:109} INFO - [2022-03-16 00:10:49,583] {dagbag.py:500} INFO - Filling up the DagBag from /home/airflow/.local/lib/python3.7/site-packages/airflow/example_dags/example_subdag_operator.py
[2022-03-16 00:10:49,612] {processor.py:654} INFO - DAG(s) dict_keys(['example_subdag_operator.section-1', 'example_subdag_operator.section-2', 'example_subdag_operator']) retrieved from /home/airflow/.local/lib/python3.7/site-packages/airflow/example_dags/example_subdag_operator.py
[2022-03-16 00:10:49,624] {logging_mixin.py:109} INFO - [2022-03-16 00:10:49,623] {dag.py:2398} INFO - Sync 3 DAGs
[2022-03-16 00:10:49,640] {logging_mixin.py:109} INFO - [2022-03-16 00:10:49,640] {dag.py:2937} INFO - Setting next_dagrun for example_subdag_operator to 2022-03-14T00:00:00+00:00
[2022-03-16 00:10:49,640] {logging_mixin.py:109} INFO - [2022-03-16 00:10:49,640] {dag.py:2937} INFO - Setting next_dagrun for example_subdag_operator.section-1 to None
[2022-03-16 00:10:49,641] {logging_mixin.py:109} INFO - [2022-03-16 00:10:49,641] {dag.py:2937} INFO - Setting next_dagrun for example_subdag_operator.section-2 to None
[2022-03-16 00:10:49,647] {logging_mixin.py:109} INFO - [2022-03-16 00:10:49,646] {dag.py:2398} INFO - Sync 2 DAGs
[2022-03-16 00:10:49,656] {logging_mixin.py:109} INFO - [2022-03-16 00:10:49,656] {dag.py:2937} INFO - Setting next_dagrun for example_subdag_operator.section-1 to None
[2022-03-16 00:10:49,657] {logging_mixin.py:109} INFO - [2022-03-16 00:10:49,657] {dag.py:2937} INFO - Setting next_dagrun for example_subdag_operator.section-2 to None
[2022-03-16 00:10:49,707] {processor.py:171} INFO - Processing /home/airflow/.local/lib/python3.7/site-packages/airflow/example_dags/example_subdag_operator.py took 0.127 seconds
[2022-03-16 00:11:20,725] {processor.py:163} INFO - Started process (PID=3518) to work on /home/airflow/.local/lib/python3.7/site-packages/airflow/example_dags/example_subdag_operator.py
[2022-03-16 00:11:20,742] {processor.py:642} INFO - Processing file /home/airflow/.local/lib/python3.7/site-packages/airflow/example_dags/example_subdag_operator.py for tasks to queue
[2022-03-16 00:11:20,743] {logging_mixin.py:109} INFO - [2022-03-16 00:11:20,743] {dagbag.py:500} INFO - Filling up the DagBag from /home/airflow/.local/lib/python3.7/site-packages/airflow/example_dags/example_subdag_operator.py
[2022-03-16 00:11:20,791] {processor.py:654} INFO - DAG(s) dict_keys(['example_subdag_operator.section-1', 'example_subdag_operator.section-2', 'example_subdag_operator']) retrieved from /home/airflow/.local/lib/python3.7/site-packages/airflow/example_dags/example_subdag_operator.py
[2022-03-16 00:11:20,805] {logging_mixin.py:109} INFO - [2022-03-16 00:11:20,805] {dag.py:2398} INFO - Sync 3 DAGs
[2022-03-16 00:11:20,822] {logging_mixin.py:109} INFO - [2022-03-16 00:11:20,822] {dag.py:2937} INFO - Setting next_dagrun for example_subdag_operator to 2022-03-14T00:00:00+00:00
[2022-03-16 00:11:20,822] {logging_mixin.py:109} INFO - [2022-03-16 00:11:20,822] {dag.py:2937} INFO - Setting next_dagrun for example_subdag_operator.section-1 to None
[2022-03-16 00:11:20,822] {logging_mixin.py:109} INFO - [2022-03-16 00:11:20,822] {dag.py:2937} INFO - Setting next_dagrun for example_subdag_operator.section-2 to None
[2022-03-16 00:11:20,826] {logging_mixin.py:109} INFO - [2022-03-16 00:11:20,826] {dag.py:2398} INFO - Sync 2 DAGs
[2022-03-16 00:11:20,832] {logging_mixin.py:109} INFO - [2022-03-16 00:11:20,832] {dag.py:2937} INFO - Setting next_dagrun for example_subdag_operator.section-1 to None
[2022-03-16 00:11:20,832] {logging_mixin.py:109} INFO - [2022-03-16 00:11:20,832] {dag.py:2937} INFO - Setting next_dagrun for example_subdag_operator.section-2 to None
[2022-03-16 00:11:20,984] {processor.py:171} INFO - Processing /home/airflow/.local/lib/python3.7/site-packages/airflow/example_dags/example_subdag_operator.py took 0.261 seconds
[2022-03-16 00:11:52,749] {processor.py:163} INFO - Started process (PID=3577) to work on /home/airflow/.local/lib/python3.7/site-packages/airflow/example_dags/example_subdag_operator.py
[2022-03-16 00:11:52,756] {processor.py:642} INFO - Processing file /home/airflow/.local/lib/python3.7/site-packages/airflow/example_dags/example_subdag_operator.py for tasks to queue
[2022-03-16 00:11:52,757] {logging_mixin.py:109} INFO - [2022-03-16 00:11:52,757] {dagbag.py:500} INFO - Filling up the DagBag from /home/airflow/.local/lib/python3.7/site-packages/airflow/example_dags/example_subdag_operator.py
[2022-03-16 00:11:52,788] {processor.py:654} INFO - DAG(s) dict_keys(['example_subdag_operator.section-1', 'example_subdag_operator.section-2', 'example_subdag_operator']) retrieved from /home/airflow/.local/lib/python3.7/site-packages/airflow/example_dags/example_subdag_operator.py
[2022-03-16 00:11:52,800] {logging_mixin.py:109} INFO - [2022-03-16 00:11:52,800] {dag.py:2398} INFO - Sync 3 DAGs
[2022-03-16 00:11:52,816] {logging_mixin.py:109} INFO - [2022-03-16 00:11:52,816] {dag.py:2937} INFO - Setting next_dagrun for example_subdag_operator to 2022-03-14T00:00:00+00:00
[2022-03-16 00:11:52,816] {logging_mixin.py:109} INFO - [2022-03-16 00:11:52,816] {dag.py:2937} INFO - Setting next_dagrun for example_subdag_operator.section-1 to None
[2022-03-16 00:11:52,816] {logging_mixin.py:109} INFO - [2022-03-16 00:11:52,816] {dag.py:2937} INFO - Setting next_dagrun for example_subdag_operator.section-2 to None
[2022-03-16 00:11:52,821] {logging_mixin.py:109} INFO - [2022-03-16 00:11:52,821] {dag.py:2398} INFO - Sync 2 DAGs
[2022-03-16 00:11:52,829] {logging_mixin.py:109} INFO - [2022-03-16 00:11:52,829] {dag.py:2937} INFO - Setting next_dagrun for example_subdag_operator.section-1 to None
[2022-03-16 00:11:52,830] {logging_mixin.py:109} INFO - [2022-03-16 00:11:52,830] {dag.py:2937} INFO - Setting next_dagrun for example_subdag_operator.section-2 to None
[2022-03-16 00:11:52,873] {processor.py:171} INFO - Processing /home/airflow/.local/lib/python3.7/site-packages/airflow/example_dags/example_subdag_operator.py took 0.126 seconds
[2022-03-16 00:12:23,131] {processor.py:163} INFO - Started process (PID=3635) to work on /home/airflow/.local/lib/python3.7/site-packages/airflow/example_dags/example_subdag_operator.py
[2022-03-16 00:12:23,132] {processor.py:642} INFO - Processing file /home/airflow/.local/lib/python3.7/site-packages/airflow/example_dags/example_subdag_operator.py for tasks to queue
[2022-03-16 00:12:23,132] {logging_mixin.py:109} INFO - [2022-03-16 00:12:23,132] {dagbag.py:500} INFO - Filling up the DagBag from /home/airflow/.local/lib/python3.7/site-packages/airflow/example_dags/example_subdag_operator.py
[2022-03-16 00:12:23,156] {processor.py:654} INFO - DAG(s) dict_keys(['example_subdag_operator.section-1', 'example_subdag_operator.section-2', 'example_subdag_operator']) retrieved from /home/airflow/.local/lib/python3.7/site-packages/airflow/example_dags/example_subdag_operator.py
[2022-03-16 00:12:23,166] {logging_mixin.py:109} INFO - [2022-03-16 00:12:23,165] {dag.py:2398} INFO - Sync 3 DAGs
[2022-03-16 00:12:23,177] {logging_mixin.py:109} INFO - [2022-03-16 00:12:23,177] {dag.py:2937} INFO - Setting next_dagrun for example_subdag_operator to 2022-03-14T00:00:00+00:00
[2022-03-16 00:12:23,178] {logging_mixin.py:109} INFO - [2022-03-16 00:12:23,177] {dag.py:2937} INFO - Setting next_dagrun for example_subdag_operator.section-1 to None
[2022-03-16 00:12:23,178] {logging_mixin.py:109} INFO - [2022-03-16 00:12:23,178] {dag.py:2937} INFO - Setting next_dagrun for example_subdag_operator.section-2 to None
[2022-03-16 00:12:23,182] {logging_mixin.py:109} INFO - [2022-03-16 00:12:23,182] {dag.py:2398} INFO - Sync 2 DAGs
[2022-03-16 00:12:23,188] {logging_mixin.py:109} INFO - [2022-03-16 00:12:23,188] {dag.py:2937} INFO - Setting next_dagrun for example_subdag_operator.section-1 to None
[2022-03-16 00:12:23,189] {logging_mixin.py:109} INFO - [2022-03-16 00:12:23,189] {dag.py:2937} INFO - Setting next_dagrun for example_subdag_operator.section-2 to None
[2022-03-16 00:12:23,233] {processor.py:171} INFO - Processing /home/airflow/.local/lib/python3.7/site-packages/airflow/example_dags/example_subdag_operator.py took 0.104 seconds
[2022-03-16 00:12:53,969] {processor.py:163} INFO - Started process (PID=3695) to work on /home/airflow/.local/lib/python3.7/site-packages/airflow/example_dags/example_subdag_operator.py
[2022-03-16 00:12:53,974] {processor.py:642} INFO - Processing file /home/airflow/.local/lib/python3.7/site-packages/airflow/example_dags/example_subdag_operator.py for tasks to queue
[2022-03-16 00:12:53,974] {logging_mixin.py:109} INFO - [2022-03-16 00:12:53,974] {dagbag.py:500} INFO - Filling up the DagBag from /home/airflow/.local/lib/python3.7/site-packages/airflow/example_dags/example_subdag_operator.py
[2022-03-16 00:12:53,998] {processor.py:654} INFO - DAG(s) dict_keys(['example_subdag_operator.section-1', 'example_subdag_operator.section-2', 'example_subdag_operator']) retrieved from /home/airflow/.local/lib/python3.7/site-packages/airflow/example_dags/example_subdag_operator.py
[2022-03-16 00:12:54,005] {logging_mixin.py:109} INFO - [2022-03-16 00:12:54,005] {dag.py:2398} INFO - Sync 3 DAGs
[2022-03-16 00:12:54,018] {logging_mixin.py:109} INFO - [2022-03-16 00:12:54,018] {dag.py:2937} INFO - Setting next_dagrun for example_subdag_operator to 2022-03-14T00:00:00+00:00
[2022-03-16 00:12:54,018] {logging_mixin.py:109} INFO - [2022-03-16 00:12:54,018] {dag.py:2937} INFO - Setting next_dagrun for example_subdag_operator.section-1 to None
[2022-03-16 00:12:54,019] {logging_mixin.py:109} INFO - [2022-03-16 00:12:54,019] {dag.py:2937} INFO - Setting next_dagrun for example_subdag_operator.section-2 to None
[2022-03-16 00:12:54,024] {logging_mixin.py:109} INFO - [2022-03-16 00:12:54,024] {dag.py:2398} INFO - Sync 2 DAGs
[2022-03-16 00:12:54,030] {logging_mixin.py:109} INFO - [2022-03-16 00:12:54,030] {dag.py:2937} INFO - Setting next_dagrun for example_subdag_operator.section-1 to None
[2022-03-16 00:12:54,031] {logging_mixin.py:109} INFO - [2022-03-16 00:12:54,031] {dag.py:2937} INFO - Setting next_dagrun for example_subdag_operator.section-2 to None
[2022-03-16 00:12:54,070] {processor.py:171} INFO - Processing /home/airflow/.local/lib/python3.7/site-packages/airflow/example_dags/example_subdag_operator.py took 0.103 seconds
[2022-03-16 00:13:24,739] {processor.py:163} INFO - Started process (PID=3758) to work on /home/airflow/.local/lib/python3.7/site-packages/airflow/example_dags/example_subdag_operator.py
[2022-03-16 00:13:24,744] {processor.py:642} INFO - Processing file /home/airflow/.local/lib/python3.7/site-packages/airflow/example_dags/example_subdag_operator.py for tasks to queue
[2022-03-16 00:13:24,745] {logging_mixin.py:109} INFO - [2022-03-16 00:13:24,745] {dagbag.py:500} INFO - Filling up the DagBag from /home/airflow/.local/lib/python3.7/site-packages/airflow/example_dags/example_subdag_operator.py
[2022-03-16 00:13:24,767] {processor.py:654} INFO - DAG(s) dict_keys(['example_subdag_operator.section-1', 'example_subdag_operator.section-2', 'example_subdag_operator']) retrieved from /home/airflow/.local/lib/python3.7/site-packages/airflow/example_dags/example_subdag_operator.py
[2022-03-16 00:13:24,774] {logging_mixin.py:109} INFO - [2022-03-16 00:13:24,774] {dag.py:2398} INFO - Sync 3 DAGs
[2022-03-16 00:13:24,785] {logging_mixin.py:109} INFO - [2022-03-16 00:13:24,784] {dag.py:2937} INFO - Setting next_dagrun for example_subdag_operator to 2022-03-14T00:00:00+00:00
[2022-03-16 00:13:24,785] {logging_mixin.py:109} INFO - [2022-03-16 00:13:24,785] {dag.py:2937} INFO - Setting next_dagrun for example_subdag_operator.section-1 to None
[2022-03-16 00:13:24,785] {logging_mixin.py:109} INFO - [2022-03-16 00:13:24,785] {dag.py:2937} INFO - Setting next_dagrun for example_subdag_operator.section-2 to None
[2022-03-16 00:13:24,788] {logging_mixin.py:109} INFO - [2022-03-16 00:13:24,788] {dag.py:2398} INFO - Sync 2 DAGs
[2022-03-16 00:13:24,794] {logging_mixin.py:109} INFO - [2022-03-16 00:13:24,794] {dag.py:2937} INFO - Setting next_dagrun for example_subdag_operator.section-1 to None
[2022-03-16 00:13:24,794] {logging_mixin.py:109} INFO - [2022-03-16 00:13:24,794] {dag.py:2937} INFO - Setting next_dagrun for example_subdag_operator.section-2 to None
[2022-03-16 00:13:24,867] {processor.py:171} INFO - Processing /home/airflow/.local/lib/python3.7/site-packages/airflow/example_dags/example_subdag_operator.py took 0.130 seconds
[2022-03-16 00:13:55,041] {processor.py:163} INFO - Started process (PID=3809) to work on /home/airflow/.local/lib/python3.7/site-packages/airflow/example_dags/example_subdag_operator.py
[2022-03-16 00:13:55,042] {processor.py:642} INFO - Processing file /home/airflow/.local/lib/python3.7/site-packages/airflow/example_dags/example_subdag_operator.py for tasks to queue
[2022-03-16 00:13:55,043] {logging_mixin.py:109} INFO - [2022-03-16 00:13:55,043] {dagbag.py:500} INFO - Filling up the DagBag from /home/airflow/.local/lib/python3.7/site-packages/airflow/example_dags/example_subdag_operator.py
[2022-03-16 00:13:55,074] {processor.py:654} INFO - DAG(s) dict_keys(['example_subdag_operator.section-1', 'example_subdag_operator.section-2', 'example_subdag_operator']) retrieved from /home/airflow/.local/lib/python3.7/site-packages/airflow/example_dags/example_subdag_operator.py
[2022-03-16 00:13:55,082] {logging_mixin.py:109} INFO - [2022-03-16 00:13:55,082] {dag.py:2398} INFO - Sync 3 DAGs
[2022-03-16 00:13:55,092] {logging_mixin.py:109} INFO - [2022-03-16 00:13:55,092] {dag.py:2937} INFO - Setting next_dagrun for example_subdag_operator to 2022-03-14T00:00:00+00:00
[2022-03-16 00:13:55,093] {logging_mixin.py:109} INFO - [2022-03-16 00:13:55,093] {dag.py:2937} INFO - Setting next_dagrun for example_subdag_operator.section-1 to None
[2022-03-16 00:13:55,093] {logging_mixin.py:109} INFO - [2022-03-16 00:13:55,093] {dag.py:2937} INFO - Setting next_dagrun for example_subdag_operator.section-2 to None
[2022-03-16 00:13:55,096] {logging_mixin.py:109} INFO - [2022-03-16 00:13:55,096] {dag.py:2398} INFO - Sync 2 DAGs
[2022-03-16 00:13:55,101] {logging_mixin.py:109} INFO - [2022-03-16 00:13:55,101] {dag.py:2937} INFO - Setting next_dagrun for example_subdag_operator.section-1 to None
[2022-03-16 00:13:55,102] {logging_mixin.py:109} INFO - [2022-03-16 00:13:55,102] {dag.py:2937} INFO - Setting next_dagrun for example_subdag_operator.section-2 to None
[2022-03-16 00:13:55,233] {processor.py:171} INFO - Processing /home/airflow/.local/lib/python3.7/site-packages/airflow/example_dags/example_subdag_operator.py took 0.195 seconds
[2022-03-16 00:14:25,329] {processor.py:163} INFO - Started process (PID=3870) to work on /home/airflow/.local/lib/python3.7/site-packages/airflow/example_dags/example_subdag_operator.py
[2022-03-16 00:14:25,330] {processor.py:642} INFO - Processing file /home/airflow/.local/lib/python3.7/site-packages/airflow/example_dags/example_subdag_operator.py for tasks to queue
[2022-03-16 00:14:25,331] {logging_mixin.py:109} INFO - [2022-03-16 00:14:25,331] {dagbag.py:500} INFO - Filling up the DagBag from /home/airflow/.local/lib/python3.7/site-packages/airflow/example_dags/example_subdag_operator.py
[2022-03-16 00:14:25,361] {processor.py:654} INFO - DAG(s) dict_keys(['example_subdag_operator.section-1', 'example_subdag_operator.section-2', 'example_subdag_operator']) retrieved from /home/airflow/.local/lib/python3.7/site-packages/airflow/example_dags/example_subdag_operator.py
[2022-03-16 00:14:25,370] {logging_mixin.py:109} INFO - [2022-03-16 00:14:25,370] {dag.py:2398} INFO - Sync 3 DAGs
[2022-03-16 00:14:25,382] {logging_mixin.py:109} INFO - [2022-03-16 00:14:25,381] {dag.py:2937} INFO - Setting next_dagrun for example_subdag_operator to 2022-03-14T00:00:00+00:00
[2022-03-16 00:14:25,382] {logging_mixin.py:109} INFO - [2022-03-16 00:14:25,382] {dag.py:2937} INFO - Setting next_dagrun for example_subdag_operator.section-1 to None
[2022-03-16 00:14:25,382] {logging_mixin.py:109} INFO - [2022-03-16 00:14:25,382] {dag.py:2937} INFO - Setting next_dagrun for example_subdag_operator.section-2 to None
[2022-03-16 00:14:25,386] {logging_mixin.py:109} INFO - [2022-03-16 00:14:25,386] {dag.py:2398} INFO - Sync 2 DAGs
[2022-03-16 00:14:25,396] {logging_mixin.py:109} INFO - [2022-03-16 00:14:25,396] {dag.py:2937} INFO - Setting next_dagrun for example_subdag_operator.section-1 to None
[2022-03-16 00:14:25,396] {logging_mixin.py:109} INFO - [2022-03-16 00:14:25,396] {dag.py:2937} INFO - Setting next_dagrun for example_subdag_operator.section-2 to None
[2022-03-16 00:14:25,469] {processor.py:171} INFO - Processing /home/airflow/.local/lib/python3.7/site-packages/airflow/example_dags/example_subdag_operator.py took 0.142 seconds
[2022-03-16 00:14:56,310] {processor.py:163} INFO - Started process (PID=3940) to work on /home/airflow/.local/lib/python3.7/site-packages/airflow/example_dags/example_subdag_operator.py
[2022-03-16 00:14:56,319] {processor.py:642} INFO - Processing file /home/airflow/.local/lib/python3.7/site-packages/airflow/example_dags/example_subdag_operator.py for tasks to queue
[2022-03-16 00:14:56,319] {logging_mixin.py:109} INFO - [2022-03-16 00:14:56,319] {dagbag.py:500} INFO - Filling up the DagBag from /home/airflow/.local/lib/python3.7/site-packages/airflow/example_dags/example_subdag_operator.py
[2022-03-16 00:14:56,363] {processor.py:654} INFO - DAG(s) dict_keys(['example_subdag_operator.section-1', 'example_subdag_operator.section-2', 'example_subdag_operator']) retrieved from /home/airflow/.local/lib/python3.7/site-packages/airflow/example_dags/example_subdag_operator.py
[2022-03-16 00:14:56,375] {logging_mixin.py:109} INFO - [2022-03-16 00:14:56,375] {dag.py:2398} INFO - Sync 3 DAGs
[2022-03-16 00:14:56,397] {logging_mixin.py:109} INFO - [2022-03-16 00:14:56,397] {dag.py:2937} INFO - Setting next_dagrun for example_subdag_operator to 2022-03-14T00:00:00+00:00
[2022-03-16 00:14:56,397] {logging_mixin.py:109} INFO - [2022-03-16 00:14:56,397] {dag.py:2937} INFO - Setting next_dagrun for example_subdag_operator.section-1 to None
[2022-03-16 00:14:56,398] {logging_mixin.py:109} INFO - [2022-03-16 00:14:56,398] {dag.py:2937} INFO - Setting next_dagrun for example_subdag_operator.section-2 to None
[2022-03-16 00:14:56,408] {logging_mixin.py:109} INFO - [2022-03-16 00:14:56,408] {dag.py:2398} INFO - Sync 2 DAGs
[2022-03-16 00:14:56,422] {logging_mixin.py:109} INFO - [2022-03-16 00:14:56,422] {dag.py:2937} INFO - Setting next_dagrun for example_subdag_operator.section-1 to None
[2022-03-16 00:14:56,423] {logging_mixin.py:109} INFO - [2022-03-16 00:14:56,422] {dag.py:2937} INFO - Setting next_dagrun for example_subdag_operator.section-2 to None
[2022-03-16 00:14:56,489] {processor.py:171} INFO - Processing /home/airflow/.local/lib/python3.7/site-packages/airflow/example_dags/example_subdag_operator.py took 0.181 seconds
[2022-03-16 00:15:26,994] {processor.py:163} INFO - Started process (PID=3993) to work on /home/airflow/.local/lib/python3.7/site-packages/airflow/example_dags/example_subdag_operator.py
[2022-03-16 00:15:27,018] {processor.py:642} INFO - Processing file /home/airflow/.local/lib/python3.7/site-packages/airflow/example_dags/example_subdag_operator.py for tasks to queue
[2022-03-16 00:15:27,019] {logging_mixin.py:109} INFO - [2022-03-16 00:15:27,019] {dagbag.py:500} INFO - Filling up the DagBag from /home/airflow/.local/lib/python3.7/site-packages/airflow/example_dags/example_subdag_operator.py
[2022-03-16 00:15:27,071] {processor.py:654} INFO - DAG(s) dict_keys(['example_subdag_operator.section-1', 'example_subdag_operator.section-2', 'example_subdag_operator']) retrieved from /home/airflow/.local/lib/python3.7/site-packages/airflow/example_dags/example_subdag_operator.py
[2022-03-16 00:15:27,084] {logging_mixin.py:109} INFO - [2022-03-16 00:15:27,084] {dag.py:2398} INFO - Sync 3 DAGs
[2022-03-16 00:15:27,099] {logging_mixin.py:109} INFO - [2022-03-16 00:15:27,099] {dag.py:2937} INFO - Setting next_dagrun for example_subdag_operator to 2022-03-14T00:00:00+00:00
[2022-03-16 00:15:27,100] {logging_mixin.py:109} INFO - [2022-03-16 00:15:27,100] {dag.py:2937} INFO - Setting next_dagrun for example_subdag_operator.section-1 to None
[2022-03-16 00:15:27,100] {logging_mixin.py:109} INFO - [2022-03-16 00:15:27,100] {dag.py:2937} INFO - Setting next_dagrun for example_subdag_operator.section-2 to None
[2022-03-16 00:15:27,104] {logging_mixin.py:109} INFO - [2022-03-16 00:15:27,104] {dag.py:2398} INFO - Sync 2 DAGs
[2022-03-16 00:15:27,109] {logging_mixin.py:109} INFO - [2022-03-16 00:15:27,109] {dag.py:2937} INFO - Setting next_dagrun for example_subdag_operator.section-1 to None
[2022-03-16 00:15:27,109] {logging_mixin.py:109} INFO - [2022-03-16 00:15:27,109] {dag.py:2937} INFO - Setting next_dagrun for example_subdag_operator.section-2 to None
[2022-03-16 00:15:27,150] {processor.py:171} INFO - Processing /home/airflow/.local/lib/python3.7/site-packages/airflow/example_dags/example_subdag_operator.py took 0.158 seconds
[2022-03-16 00:15:59,858] {processor.py:163} INFO - Started process (PID=4043) to work on /home/airflow/.local/lib/python3.7/site-packages/airflow/example_dags/example_subdag_operator.py
[2022-03-16 00:15:59,864] {processor.py:642} INFO - Processing file /home/airflow/.local/lib/python3.7/site-packages/airflow/example_dags/example_subdag_operator.py for tasks to queue
[2022-03-16 00:15:59,864] {logging_mixin.py:109} INFO - [2022-03-16 00:15:59,864] {dagbag.py:500} INFO - Filling up the DagBag from /home/airflow/.local/lib/python3.7/site-packages/airflow/example_dags/example_subdag_operator.py
[2022-03-16 00:15:59,889] {processor.py:654} INFO - DAG(s) dict_keys(['example_subdag_operator.section-1', 'example_subdag_operator.section-2', 'example_subdag_operator']) retrieved from /home/airflow/.local/lib/python3.7/site-packages/airflow/example_dags/example_subdag_operator.py
[2022-03-16 00:15:59,898] {logging_mixin.py:109} INFO - [2022-03-16 00:15:59,898] {dag.py:2398} INFO - Sync 3 DAGs
[2022-03-16 00:15:59,909] {logging_mixin.py:109} INFO - [2022-03-16 00:15:59,909] {dag.py:2937} INFO - Setting next_dagrun for example_subdag_operator to 2022-03-14T00:00:00+00:00
[2022-03-16 00:15:59,910] {logging_mixin.py:109} INFO - [2022-03-16 00:15:59,910] {dag.py:2937} INFO - Setting next_dagrun for example_subdag_operator.section-1 to None
[2022-03-16 00:15:59,910] {logging_mixin.py:109} INFO - [2022-03-16 00:15:59,910] {dag.py:2937} INFO - Setting next_dagrun for example_subdag_operator.section-2 to None
[2022-03-16 00:15:59,914] {logging_mixin.py:109} INFO - [2022-03-16 00:15:59,914] {dag.py:2398} INFO - Sync 2 DAGs
[2022-03-16 00:15:59,919] {logging_mixin.py:109} INFO - [2022-03-16 00:15:59,919] {dag.py:2937} INFO - Setting next_dagrun for example_subdag_operator.section-1 to None
[2022-03-16 00:15:59,920] {logging_mixin.py:109} INFO - [2022-03-16 00:15:59,920] {dag.py:2937} INFO - Setting next_dagrun for example_subdag_operator.section-2 to None
[2022-03-16 00:16:00,038] {processor.py:171} INFO - Processing /home/airflow/.local/lib/python3.7/site-packages/airflow/example_dags/example_subdag_operator.py took 0.182 seconds
[2022-03-16 00:16:31,338] {processor.py:163} INFO - Started process (PID=4115) to work on /home/airflow/.local/lib/python3.7/site-packages/airflow/example_dags/example_subdag_operator.py
[2022-03-16 00:16:31,347] {processor.py:642} INFO - Processing file /home/airflow/.local/lib/python3.7/site-packages/airflow/example_dags/example_subdag_operator.py for tasks to queue
[2022-03-16 00:16:31,348] {logging_mixin.py:109} INFO - [2022-03-16 00:16:31,348] {dagbag.py:500} INFO - Filling up the DagBag from /home/airflow/.local/lib/python3.7/site-packages/airflow/example_dags/example_subdag_operator.py
[2022-03-16 00:16:31,371] {processor.py:654} INFO - DAG(s) dict_keys(['example_subdag_operator.section-1', 'example_subdag_operator.section-2', 'example_subdag_operator']) retrieved from /home/airflow/.local/lib/python3.7/site-packages/airflow/example_dags/example_subdag_operator.py
[2022-03-16 00:16:31,378] {logging_mixin.py:109} INFO - [2022-03-16 00:16:31,378] {dag.py:2398} INFO - Sync 3 DAGs
[2022-03-16 00:16:31,389] {logging_mixin.py:109} INFO - [2022-03-16 00:16:31,389] {dag.py:2937} INFO - Setting next_dagrun for example_subdag_operator to 2022-03-14T00:00:00+00:00
[2022-03-16 00:16:31,389] {logging_mixin.py:109} INFO - [2022-03-16 00:16:31,389] {dag.py:2937} INFO - Setting next_dagrun for example_subdag_operator.section-1 to None
[2022-03-16 00:16:31,389] {logging_mixin.py:109} INFO - [2022-03-16 00:16:31,389] {dag.py:2937} INFO - Setting next_dagrun for example_subdag_operator.section-2 to None
[2022-03-16 00:16:31,393] {logging_mixin.py:109} INFO - [2022-03-16 00:16:31,393] {dag.py:2398} INFO - Sync 2 DAGs
[2022-03-16 00:16:31,402] {logging_mixin.py:109} INFO - [2022-03-16 00:16:31,402] {dag.py:2937} INFO - Setting next_dagrun for example_subdag_operator.section-1 to None
[2022-03-16 00:16:31,402] {logging_mixin.py:109} INFO - [2022-03-16 00:16:31,402] {dag.py:2937} INFO - Setting next_dagrun for example_subdag_operator.section-2 to None
[2022-03-16 00:16:31,480] {processor.py:171} INFO - Processing /home/airflow/.local/lib/python3.7/site-packages/airflow/example_dags/example_subdag_operator.py took 0.144 seconds
[2022-03-16 00:17:02,896] {processor.py:163} INFO - Started process (PID=4174) to work on /home/airflow/.local/lib/python3.7/site-packages/airflow/example_dags/example_subdag_operator.py
[2022-03-16 00:17:02,904] {processor.py:642} INFO - Processing file /home/airflow/.local/lib/python3.7/site-packages/airflow/example_dags/example_subdag_operator.py for tasks to queue
[2022-03-16 00:17:02,904] {logging_mixin.py:109} INFO - [2022-03-16 00:17:02,904] {dagbag.py:500} INFO - Filling up the DagBag from /home/airflow/.local/lib/python3.7/site-packages/airflow/example_dags/example_subdag_operator.py
[2022-03-16 00:17:02,928] {processor.py:654} INFO - DAG(s) dict_keys(['example_subdag_operator.section-1', 'example_subdag_operator.section-2', 'example_subdag_operator']) retrieved from /home/airflow/.local/lib/python3.7/site-packages/airflow/example_dags/example_subdag_operator.py
[2022-03-16 00:17:02,936] {logging_mixin.py:109} INFO - [2022-03-16 00:17:02,936] {dag.py:2398} INFO - Sync 3 DAGs
[2022-03-16 00:17:02,948] {logging_mixin.py:109} INFO - [2022-03-16 00:17:02,948] {dag.py:2937} INFO - Setting next_dagrun for example_subdag_operator to 2022-03-14T00:00:00+00:00
[2022-03-16 00:17:02,948] {logging_mixin.py:109} INFO - [2022-03-16 00:17:02,948] {dag.py:2937} INFO - Setting next_dagrun for example_subdag_operator.section-1 to None
[2022-03-16 00:17:02,948] {logging_mixin.py:109} INFO - [2022-03-16 00:17:02,948] {dag.py:2937} INFO - Setting next_dagrun for example_subdag_operator.section-2 to None
[2022-03-16 00:17:02,953] {logging_mixin.py:109} INFO - [2022-03-16 00:17:02,953] {dag.py:2398} INFO - Sync 2 DAGs
[2022-03-16 00:17:02,961] {logging_mixin.py:109} INFO - [2022-03-16 00:17:02,961] {dag.py:2937} INFO - Setting next_dagrun for example_subdag_operator.section-1 to None
[2022-03-16 00:17:02,961] {logging_mixin.py:109} INFO - [2022-03-16 00:17:02,961] {dag.py:2937} INFO - Setting next_dagrun for example_subdag_operator.section-2 to None
[2022-03-16 00:17:03,077] {processor.py:171} INFO - Processing /home/airflow/.local/lib/python3.7/site-packages/airflow/example_dags/example_subdag_operator.py took 0.183 seconds
[2022-03-16 00:17:33,473] {processor.py:163} INFO - Started process (PID=4234) to work on /home/airflow/.local/lib/python3.7/site-packages/airflow/example_dags/example_subdag_operator.py
[2022-03-16 00:17:33,487] {processor.py:642} INFO - Processing file /home/airflow/.local/lib/python3.7/site-packages/airflow/example_dags/example_subdag_operator.py for tasks to queue
[2022-03-16 00:17:33,487] {logging_mixin.py:109} INFO - [2022-03-16 00:17:33,487] {dagbag.py:500} INFO - Filling up the DagBag from /home/airflow/.local/lib/python3.7/site-packages/airflow/example_dags/example_subdag_operator.py
[2022-03-16 00:17:33,515] {processor.py:654} INFO - DAG(s) dict_keys(['example_subdag_operator.section-1', 'example_subdag_operator.section-2', 'example_subdag_operator']) retrieved from /home/airflow/.local/lib/python3.7/site-packages/airflow/example_dags/example_subdag_operator.py
[2022-03-16 00:17:33,527] {logging_mixin.py:109} INFO - [2022-03-16 00:17:33,526] {dag.py:2398} INFO - Sync 3 DAGs
[2022-03-16 00:17:33,539] {logging_mixin.py:109} INFO - [2022-03-16 00:17:33,539] {dag.py:2937} INFO - Setting next_dagrun for example_subdag_operator to 2022-03-14T00:00:00+00:00
[2022-03-16 00:17:33,539] {logging_mixin.py:109} INFO - [2022-03-16 00:17:33,539] {dag.py:2937} INFO - Setting next_dagrun for example_subdag_operator.section-1 to None
[2022-03-16 00:17:33,539] {logging_mixin.py:109} INFO - [2022-03-16 00:17:33,539] {dag.py:2937} INFO - Setting next_dagrun for example_subdag_operator.section-2 to None
[2022-03-16 00:17:33,543] {logging_mixin.py:109} INFO - [2022-03-16 00:17:33,543] {dag.py:2398} INFO - Sync 2 DAGs
[2022-03-16 00:17:33,549] {logging_mixin.py:109} INFO - [2022-03-16 00:17:33,549] {dag.py:2937} INFO - Setting next_dagrun for example_subdag_operator.section-1 to None
[2022-03-16 00:17:33,549] {logging_mixin.py:109} INFO - [2022-03-16 00:17:33,549] {dag.py:2937} INFO - Setting next_dagrun for example_subdag_operator.section-2 to None
[2022-03-16 00:17:33,614] {processor.py:171} INFO - Processing /home/airflow/.local/lib/python3.7/site-packages/airflow/example_dags/example_subdag_operator.py took 0.142 seconds
[2022-03-16 00:18:04,903] {processor.py:163} INFO - Started process (PID=4286) to work on /home/airflow/.local/lib/python3.7/site-packages/airflow/example_dags/example_subdag_operator.py
[2022-03-16 00:18:04,914] {processor.py:642} INFO - Processing file /home/airflow/.local/lib/python3.7/site-packages/airflow/example_dags/example_subdag_operator.py for tasks to queue
[2022-03-16 00:18:04,914] {logging_mixin.py:109} INFO - [2022-03-16 00:18:04,914] {dagbag.py:500} INFO - Filling up the DagBag from /home/airflow/.local/lib/python3.7/site-packages/airflow/example_dags/example_subdag_operator.py
[2022-03-16 00:18:04,947] {processor.py:654} INFO - DAG(s) dict_keys(['example_subdag_operator.section-1', 'example_subdag_operator.section-2', 'example_subdag_operator']) retrieved from /home/airflow/.local/lib/python3.7/site-packages/airflow/example_dags/example_subdag_operator.py
[2022-03-16 00:18:04,956] {logging_mixin.py:109} INFO - [2022-03-16 00:18:04,956] {dag.py:2398} INFO - Sync 3 DAGs
[2022-03-16 00:18:04,976] {logging_mixin.py:109} INFO - [2022-03-16 00:18:04,975] {dag.py:2937} INFO - Setting next_dagrun for example_subdag_operator to 2022-03-14T00:00:00+00:00
[2022-03-16 00:18:04,976] {logging_mixin.py:109} INFO - [2022-03-16 00:18:04,976] {dag.py:2937} INFO - Setting next_dagrun for example_subdag_operator.section-1 to None
[2022-03-16 00:18:04,976] {logging_mixin.py:109} INFO - [2022-03-16 00:18:04,976] {dag.py:2937} INFO - Setting next_dagrun for example_subdag_operator.section-2 to None
[2022-03-16 00:18:04,983] {logging_mixin.py:109} INFO - [2022-03-16 00:18:04,983] {dag.py:2398} INFO - Sync 2 DAGs
[2022-03-16 00:18:04,994] {logging_mixin.py:109} INFO - [2022-03-16 00:18:04,994] {dag.py:2937} INFO - Setting next_dagrun for example_subdag_operator.section-1 to None
[2022-03-16 00:18:04,994] {logging_mixin.py:109} INFO - [2022-03-16 00:18:04,994] {dag.py:2937} INFO - Setting next_dagrun for example_subdag_operator.section-2 to None
[2022-03-16 00:18:05,828] {processor.py:171} INFO - Processing /home/airflow/.local/lib/python3.7/site-packages/airflow/example_dags/example_subdag_operator.py took 0.928 seconds
[2022-03-16 00:18:36,627] {processor.py:163} INFO - Started process (PID=4360) to work on /home/airflow/.local/lib/python3.7/site-packages/airflow/example_dags/example_subdag_operator.py
[2022-03-16 00:18:36,679] {processor.py:642} INFO - Processing file /home/airflow/.local/lib/python3.7/site-packages/airflow/example_dags/example_subdag_operator.py for tasks to queue
[2022-03-16 00:18:36,679] {logging_mixin.py:109} INFO - [2022-03-16 00:18:36,679] {dagbag.py:500} INFO - Filling up the DagBag from /home/airflow/.local/lib/python3.7/site-packages/airflow/example_dags/example_subdag_operator.py
[2022-03-16 00:18:36,702] {processor.py:654} INFO - DAG(s) dict_keys(['example_subdag_operator.section-1', 'example_subdag_operator.section-2', 'example_subdag_operator']) retrieved from /home/airflow/.local/lib/python3.7/site-packages/airflow/example_dags/example_subdag_operator.py
[2022-03-16 00:18:36,710] {logging_mixin.py:109} INFO - [2022-03-16 00:18:36,710] {dag.py:2398} INFO - Sync 3 DAGs
[2022-03-16 00:18:36,721] {logging_mixin.py:109} INFO - [2022-03-16 00:18:36,721] {dag.py:2937} INFO - Setting next_dagrun for example_subdag_operator to 2022-03-14T00:00:00+00:00
[2022-03-16 00:18:36,722] {logging_mixin.py:109} INFO - [2022-03-16 00:18:36,722] {dag.py:2937} INFO - Setting next_dagrun for example_subdag_operator.section-1 to None
[2022-03-16 00:18:36,722] {logging_mixin.py:109} INFO - [2022-03-16 00:18:36,722] {dag.py:2937} INFO - Setting next_dagrun for example_subdag_operator.section-2 to None
[2022-03-16 00:18:36,726] {logging_mixin.py:109} INFO - [2022-03-16 00:18:36,726] {dag.py:2398} INFO - Sync 2 DAGs
[2022-03-16 00:18:36,732] {logging_mixin.py:109} INFO - [2022-03-16 00:18:36,732] {dag.py:2937} INFO - Setting next_dagrun for example_subdag_operator.section-1 to None
[2022-03-16 00:18:36,732] {logging_mixin.py:109} INFO - [2022-03-16 00:18:36,732] {dag.py:2937} INFO - Setting next_dagrun for example_subdag_operator.section-2 to None
[2022-03-16 00:18:36,954] {processor.py:171} INFO - Processing /home/airflow/.local/lib/python3.7/site-packages/airflow/example_dags/example_subdag_operator.py took 0.329 seconds
[2022-03-16 00:19:07,807] {processor.py:163} INFO - Started process (PID=4421) to work on /home/airflow/.local/lib/python3.7/site-packages/airflow/example_dags/example_subdag_operator.py
[2022-03-16 00:19:07,813] {processor.py:642} INFO - Processing file /home/airflow/.local/lib/python3.7/site-packages/airflow/example_dags/example_subdag_operator.py for tasks to queue
[2022-03-16 00:19:07,813] {logging_mixin.py:109} INFO - [2022-03-16 00:19:07,813] {dagbag.py:500} INFO - Filling up the DagBag from /home/airflow/.local/lib/python3.7/site-packages/airflow/example_dags/example_subdag_operator.py
[2022-03-16 00:19:07,836] {processor.py:654} INFO - DAG(s) dict_keys(['example_subdag_operator.section-1', 'example_subdag_operator.section-2', 'example_subdag_operator']) retrieved from /home/airflow/.local/lib/python3.7/site-packages/airflow/example_dags/example_subdag_operator.py
[2022-03-16 00:19:07,844] {logging_mixin.py:109} INFO - [2022-03-16 00:19:07,844] {dag.py:2398} INFO - Sync 3 DAGs
[2022-03-16 00:19:07,855] {logging_mixin.py:109} INFO - [2022-03-16 00:19:07,855] {dag.py:2937} INFO - Setting next_dagrun for example_subdag_operator to 2022-03-14T00:00:00+00:00
[2022-03-16 00:19:07,856] {logging_mixin.py:109} INFO - [2022-03-16 00:19:07,856] {dag.py:2937} INFO - Setting next_dagrun for example_subdag_operator.section-1 to None
[2022-03-16 00:19:07,856] {logging_mixin.py:109} INFO - [2022-03-16 00:19:07,856] {dag.py:2937} INFO - Setting next_dagrun for example_subdag_operator.section-2 to None
[2022-03-16 00:19:07,861] {logging_mixin.py:109} INFO - [2022-03-16 00:19:07,861] {dag.py:2398} INFO - Sync 2 DAGs
[2022-03-16 00:19:07,870] {logging_mixin.py:109} INFO - [2022-03-16 00:19:07,870] {dag.py:2937} INFO - Setting next_dagrun for example_subdag_operator.section-1 to None
[2022-03-16 00:19:07,870] {logging_mixin.py:109} INFO - [2022-03-16 00:19:07,870] {dag.py:2937} INFO - Setting next_dagrun for example_subdag_operator.section-2 to None
[2022-03-16 00:19:07,922] {processor.py:171} INFO - Processing /home/airflow/.local/lib/python3.7/site-packages/airflow/example_dags/example_subdag_operator.py took 0.116 seconds
[2022-03-16 00:19:39,391] {processor.py:163} INFO - Started process (PID=4480) to work on /home/airflow/.local/lib/python3.7/site-packages/airflow/example_dags/example_subdag_operator.py
[2022-03-16 00:19:39,403] {processor.py:642} INFO - Processing file /home/airflow/.local/lib/python3.7/site-packages/airflow/example_dags/example_subdag_operator.py for tasks to queue
[2022-03-16 00:19:39,403] {logging_mixin.py:109} INFO - [2022-03-16 00:19:39,403] {dagbag.py:500} INFO - Filling up the DagBag from /home/airflow/.local/lib/python3.7/site-packages/airflow/example_dags/example_subdag_operator.py
[2022-03-16 00:19:39,437] {processor.py:654} INFO - DAG(s) dict_keys(['example_subdag_operator.section-1', 'example_subdag_operator.section-2', 'example_subdag_operator']) retrieved from /home/airflow/.local/lib/python3.7/site-packages/airflow/example_dags/example_subdag_operator.py
[2022-03-16 00:19:39,449] {logging_mixin.py:109} INFO - [2022-03-16 00:19:39,449] {dag.py:2398} INFO - Sync 3 DAGs
[2022-03-16 00:19:39,464] {logging_mixin.py:109} INFO - [2022-03-16 00:19:39,464] {dag.py:2937} INFO - Setting next_dagrun for example_subdag_operator to 2022-03-14T00:00:00+00:00
[2022-03-16 00:19:39,464] {logging_mixin.py:109} INFO - [2022-03-16 00:19:39,464] {dag.py:2937} INFO - Setting next_dagrun for example_subdag_operator.section-1 to None
[2022-03-16 00:19:39,464] {logging_mixin.py:109} INFO - [2022-03-16 00:19:39,464] {dag.py:2937} INFO - Setting next_dagrun for example_subdag_operator.section-2 to None
[2022-03-16 00:19:39,469] {logging_mixin.py:109} INFO - [2022-03-16 00:19:39,469] {dag.py:2398} INFO - Sync 2 DAGs
[2022-03-16 00:19:39,476] {logging_mixin.py:109} INFO - [2022-03-16 00:19:39,476] {dag.py:2937} INFO - Setting next_dagrun for example_subdag_operator.section-1 to None
[2022-03-16 00:19:39,476] {logging_mixin.py:109} INFO - [2022-03-16 00:19:39,476] {dag.py:2937} INFO - Setting next_dagrun for example_subdag_operator.section-2 to None
[2022-03-16 00:19:39,576] {processor.py:171} INFO - Processing /home/airflow/.local/lib/python3.7/site-packages/airflow/example_dags/example_subdag_operator.py took 0.188 seconds
[2022-03-16 00:20:10,373] {processor.py:163} INFO - Started process (PID=4534) to work on /home/airflow/.local/lib/python3.7/site-packages/airflow/example_dags/example_subdag_operator.py
[2022-03-16 00:20:10,430] {processor.py:642} INFO - Processing file /home/airflow/.local/lib/python3.7/site-packages/airflow/example_dags/example_subdag_operator.py for tasks to queue
[2022-03-16 00:20:10,431] {logging_mixin.py:109} INFO - [2022-03-16 00:20:10,431] {dagbag.py:500} INFO - Filling up the DagBag from /home/airflow/.local/lib/python3.7/site-packages/airflow/example_dags/example_subdag_operator.py
[2022-03-16 00:20:10,460] {processor.py:654} INFO - DAG(s) dict_keys(['example_subdag_operator.section-1', 'example_subdag_operator.section-2', 'example_subdag_operator']) retrieved from /home/airflow/.local/lib/python3.7/site-packages/airflow/example_dags/example_subdag_operator.py
[2022-03-16 00:20:10,470] {logging_mixin.py:109} INFO - [2022-03-16 00:20:10,470] {dag.py:2398} INFO - Sync 3 DAGs
[2022-03-16 00:20:10,483] {logging_mixin.py:109} INFO - [2022-03-16 00:20:10,483] {dag.py:2937} INFO - Setting next_dagrun for example_subdag_operator to 2022-03-14T00:00:00+00:00
[2022-03-16 00:20:10,483] {logging_mixin.py:109} INFO - [2022-03-16 00:20:10,483] {dag.py:2937} INFO - Setting next_dagrun for example_subdag_operator.section-1 to None
[2022-03-16 00:20:10,483] {logging_mixin.py:109} INFO - [2022-03-16 00:20:10,483] {dag.py:2937} INFO - Setting next_dagrun for example_subdag_operator.section-2 to None
[2022-03-16 00:20:10,488] {logging_mixin.py:109} INFO - [2022-03-16 00:20:10,488] {dag.py:2398} INFO - Sync 2 DAGs
[2022-03-16 00:20:10,498] {logging_mixin.py:109} INFO - [2022-03-16 00:20:10,497] {dag.py:2937} INFO - Setting next_dagrun for example_subdag_operator.section-1 to None
[2022-03-16 00:20:10,498] {logging_mixin.py:109} INFO - [2022-03-16 00:20:10,498] {dag.py:2937} INFO - Setting next_dagrun for example_subdag_operator.section-2 to None
[2022-03-16 00:20:10,532] {processor.py:171} INFO - Processing /home/airflow/.local/lib/python3.7/site-packages/airflow/example_dags/example_subdag_operator.py took 0.161 seconds
[2022-03-16 00:20:40,738] {processor.py:163} INFO - Started process (PID=4607) to work on /home/airflow/.local/lib/python3.7/site-packages/airflow/example_dags/example_subdag_operator.py
[2022-03-16 00:20:40,764] {processor.py:642} INFO - Processing file /home/airflow/.local/lib/python3.7/site-packages/airflow/example_dags/example_subdag_operator.py for tasks to queue
[2022-03-16 00:20:40,764] {logging_mixin.py:109} INFO - [2022-03-16 00:20:40,764] {dagbag.py:500} INFO - Filling up the DagBag from /home/airflow/.local/lib/python3.7/site-packages/airflow/example_dags/example_subdag_operator.py
[2022-03-16 00:20:40,801] {processor.py:654} INFO - DAG(s) dict_keys(['example_subdag_operator.section-1', 'example_subdag_operator.section-2', 'example_subdag_operator']) retrieved from /home/airflow/.local/lib/python3.7/site-packages/airflow/example_dags/example_subdag_operator.py
[2022-03-16 00:20:40,809] {logging_mixin.py:109} INFO - [2022-03-16 00:20:40,809] {dag.py:2398} INFO - Sync 3 DAGs
[2022-03-16 00:20:40,819] {logging_mixin.py:109} INFO - [2022-03-16 00:20:40,819] {dag.py:2937} INFO - Setting next_dagrun for example_subdag_operator to 2022-03-14T00:00:00+00:00
[2022-03-16 00:20:40,820] {logging_mixin.py:109} INFO - [2022-03-16 00:20:40,820] {dag.py:2937} INFO - Setting next_dagrun for example_subdag_operator.section-1 to None
[2022-03-16 00:20:40,820] {logging_mixin.py:109} INFO - [2022-03-16 00:20:40,820] {dag.py:2937} INFO - Setting next_dagrun for example_subdag_operator.section-2 to None
[2022-03-16 00:20:40,824] {logging_mixin.py:109} INFO - [2022-03-16 00:20:40,824] {dag.py:2398} INFO - Sync 2 DAGs
[2022-03-16 00:20:40,830] {logging_mixin.py:109} INFO - [2022-03-16 00:20:40,830] {dag.py:2937} INFO - Setting next_dagrun for example_subdag_operator.section-1 to None
[2022-03-16 00:20:40,830] {logging_mixin.py:109} INFO - [2022-03-16 00:20:40,830] {dag.py:2937} INFO - Setting next_dagrun for example_subdag_operator.section-2 to None
[2022-03-16 00:20:40,951] {processor.py:171} INFO - Processing /home/airflow/.local/lib/python3.7/site-packages/airflow/example_dags/example_subdag_operator.py took 0.215 seconds
[2022-03-16 00:21:12,324] {processor.py:163} INFO - Started process (PID=4667) to work on /home/airflow/.local/lib/python3.7/site-packages/airflow/example_dags/example_subdag_operator.py
[2022-03-16 00:21:12,326] {processor.py:642} INFO - Processing file /home/airflow/.local/lib/python3.7/site-packages/airflow/example_dags/example_subdag_operator.py for tasks to queue
[2022-03-16 00:21:12,327] {logging_mixin.py:109} INFO - [2022-03-16 00:21:12,326] {dagbag.py:500} INFO - Filling up the DagBag from /home/airflow/.local/lib/python3.7/site-packages/airflow/example_dags/example_subdag_operator.py
[2022-03-16 00:21:12,368] {processor.py:654} INFO - DAG(s) dict_keys(['example_subdag_operator.section-1', 'example_subdag_operator.section-2', 'example_subdag_operator']) retrieved from /home/airflow/.local/lib/python3.7/site-packages/airflow/example_dags/example_subdag_operator.py
[2022-03-16 00:21:12,377] {logging_mixin.py:109} INFO - [2022-03-16 00:21:12,377] {dag.py:2398} INFO - Sync 3 DAGs
[2022-03-16 00:21:12,388] {logging_mixin.py:109} INFO - [2022-03-16 00:21:12,388] {dag.py:2937} INFO - Setting next_dagrun for example_subdag_operator to 2022-03-14T00:00:00+00:00
[2022-03-16 00:21:12,388] {logging_mixin.py:109} INFO - [2022-03-16 00:21:12,388] {dag.py:2937} INFO - Setting next_dagrun for example_subdag_operator.section-1 to None
[2022-03-16 00:21:12,389] {logging_mixin.py:109} INFO - [2022-03-16 00:21:12,389] {dag.py:2937} INFO - Setting next_dagrun for example_subdag_operator.section-2 to None
[2022-03-16 00:21:12,392] {logging_mixin.py:109} INFO - [2022-03-16 00:21:12,392] {dag.py:2398} INFO - Sync 2 DAGs
[2022-03-16 00:21:12,399] {logging_mixin.py:109} INFO - [2022-03-16 00:21:12,399] {dag.py:2937} INFO - Setting next_dagrun for example_subdag_operator.section-1 to None
[2022-03-16 00:21:12,399] {logging_mixin.py:109} INFO - [2022-03-16 00:21:12,399] {dag.py:2937} INFO - Setting next_dagrun for example_subdag_operator.section-2 to None
[2022-03-16 00:21:12,461] {processor.py:171} INFO - Processing /home/airflow/.local/lib/python3.7/site-packages/airflow/example_dags/example_subdag_operator.py took 0.142 seconds
[2022-03-16 00:21:43,983] {processor.py:163} INFO - Started process (PID=4726) to work on /home/airflow/.local/lib/python3.7/site-packages/airflow/example_dags/example_subdag_operator.py
[2022-03-16 00:21:43,998] {processor.py:642} INFO - Processing file /home/airflow/.local/lib/python3.7/site-packages/airflow/example_dags/example_subdag_operator.py for tasks to queue
[2022-03-16 00:21:44,000] {logging_mixin.py:109} INFO - [2022-03-16 00:21:43,999] {dagbag.py:500} INFO - Filling up the DagBag from /home/airflow/.local/lib/python3.7/site-packages/airflow/example_dags/example_subdag_operator.py
[2022-03-16 00:21:44,046] {processor.py:654} INFO - DAG(s) dict_keys(['example_subdag_operator.section-1', 'example_subdag_operator.section-2', 'example_subdag_operator']) retrieved from /home/airflow/.local/lib/python3.7/site-packages/airflow/example_dags/example_subdag_operator.py
[2022-03-16 00:21:44,054] {logging_mixin.py:109} INFO - [2022-03-16 00:21:44,054] {dag.py:2398} INFO - Sync 3 DAGs
[2022-03-16 00:21:44,065] {logging_mixin.py:109} INFO - [2022-03-16 00:21:44,065] {dag.py:2937} INFO - Setting next_dagrun for example_subdag_operator to 2022-03-14T00:00:00+00:00
[2022-03-16 00:21:44,065] {logging_mixin.py:109} INFO - [2022-03-16 00:21:44,065] {dag.py:2937} INFO - Setting next_dagrun for example_subdag_operator.section-1 to None
[2022-03-16 00:21:44,065] {logging_mixin.py:109} INFO - [2022-03-16 00:21:44,065] {dag.py:2937} INFO - Setting next_dagrun for example_subdag_operator.section-2 to None
[2022-03-16 00:21:44,069] {logging_mixin.py:109} INFO - [2022-03-16 00:21:44,069] {dag.py:2398} INFO - Sync 2 DAGs
[2022-03-16 00:21:44,074] {logging_mixin.py:109} INFO - [2022-03-16 00:21:44,074] {dag.py:2937} INFO - Setting next_dagrun for example_subdag_operator.section-1 to None
[2022-03-16 00:21:44,075] {logging_mixin.py:109} INFO - [2022-03-16 00:21:44,075] {dag.py:2937} INFO - Setting next_dagrun for example_subdag_operator.section-2 to None
[2022-03-16 00:21:44,172] {processor.py:171} INFO - Processing /home/airflow/.local/lib/python3.7/site-packages/airflow/example_dags/example_subdag_operator.py took 0.196 seconds
