[2022-03-16 00:00:09,923] {processor.py:163} INFO - Started process (PID=2208) to work on /home/airflow/.local/lib/python3.7/site-packages/airflow/example_dags/example_bash_operator.py
[2022-03-16 00:00:09,924] {processor.py:642} INFO - Processing file /home/airflow/.local/lib/python3.7/site-packages/airflow/example_dags/example_bash_operator.py for tasks to queue
[2022-03-16 00:00:09,924] {logging_mixin.py:109} INFO - [2022-03-16 00:00:09,924] {dagbag.py:500} INFO - Filling up the DagBag from /home/airflow/.local/lib/python3.7/site-packages/airflow/example_dags/example_bash_operator.py
[2022-03-16 00:00:09,944] {processor.py:654} INFO - DAG(s) dict_keys(['example_bash_operator']) retrieved from /home/airflow/.local/lib/python3.7/site-packages/airflow/example_dags/example_bash_operator.py
[2022-03-16 00:00:09,950] {logging_mixin.py:109} INFO - [2022-03-16 00:00:09,950] {dag.py:2398} INFO - Sync 1 DAGs
[2022-03-16 00:00:09,962] {logging_mixin.py:109} INFO - [2022-03-16 00:00:09,962] {dag.py:2937} INFO - Setting next_dagrun for example_bash_operator to 2022-03-16T00:00:00+00:00
[2022-03-16 00:00:11,347] {processor.py:171} INFO - Processing /home/airflow/.local/lib/python3.7/site-packages/airflow/example_dags/example_bash_operator.py took 1.425 seconds
[2022-03-16 00:00:41,470] {processor.py:163} INFO - Started process (PID=2272) to work on /home/airflow/.local/lib/python3.7/site-packages/airflow/example_dags/example_bash_operator.py
[2022-03-16 00:00:41,471] {processor.py:642} INFO - Processing file /home/airflow/.local/lib/python3.7/site-packages/airflow/example_dags/example_bash_operator.py for tasks to queue
[2022-03-16 00:00:41,471] {logging_mixin.py:109} INFO - [2022-03-16 00:00:41,471] {dagbag.py:500} INFO - Filling up the DagBag from /home/airflow/.local/lib/python3.7/site-packages/airflow/example_dags/example_bash_operator.py
[2022-03-16 00:00:41,495] {processor.py:654} INFO - DAG(s) dict_keys(['example_bash_operator']) retrieved from /home/airflow/.local/lib/python3.7/site-packages/airflow/example_dags/example_bash_operator.py
[2022-03-16 00:00:41,502] {logging_mixin.py:109} INFO - [2022-03-16 00:00:41,502] {dag.py:2398} INFO - Sync 1 DAGs
[2022-03-16 00:00:41,514] {logging_mixin.py:109} INFO - [2022-03-16 00:00:41,514] {dag.py:2937} INFO - Setting next_dagrun for example_bash_operator to 2022-03-16T00:00:00+00:00
[2022-03-16 00:00:42,203] {processor.py:171} INFO - Processing /home/airflow/.local/lib/python3.7/site-packages/airflow/example_dags/example_bash_operator.py took 0.735 seconds
[2022-03-16 00:01:12,317] {processor.py:163} INFO - Started process (PID=2329) to work on /home/airflow/.local/lib/python3.7/site-packages/airflow/example_dags/example_bash_operator.py
[2022-03-16 00:01:12,319] {processor.py:642} INFO - Processing file /home/airflow/.local/lib/python3.7/site-packages/airflow/example_dags/example_bash_operator.py for tasks to queue
[2022-03-16 00:01:12,321] {logging_mixin.py:109} INFO - [2022-03-16 00:01:12,320] {dagbag.py:500} INFO - Filling up the DagBag from /home/airflow/.local/lib/python3.7/site-packages/airflow/example_dags/example_bash_operator.py
[2022-03-16 00:01:12,395] {processor.py:654} INFO - DAG(s) dict_keys(['example_bash_operator']) retrieved from /home/airflow/.local/lib/python3.7/site-packages/airflow/example_dags/example_bash_operator.py
[2022-03-16 00:01:12,423] {logging_mixin.py:109} INFO - [2022-03-16 00:01:12,423] {dag.py:2398} INFO - Sync 1 DAGs
[2022-03-16 00:01:12,473] {logging_mixin.py:109} INFO - [2022-03-16 00:01:12,473] {dag.py:2937} INFO - Setting next_dagrun for example_bash_operator to 2022-03-16T00:00:00+00:00
[2022-03-16 00:01:12,520] {processor.py:171} INFO - Processing /home/airflow/.local/lib/python3.7/site-packages/airflow/example_dags/example_bash_operator.py took 0.210 seconds
[2022-03-16 00:01:42,896] {processor.py:163} INFO - Started process (PID=2389) to work on /home/airflow/.local/lib/python3.7/site-packages/airflow/example_dags/example_bash_operator.py
[2022-03-16 00:01:42,897] {processor.py:642} INFO - Processing file /home/airflow/.local/lib/python3.7/site-packages/airflow/example_dags/example_bash_operator.py for tasks to queue
[2022-03-16 00:01:42,897] {logging_mixin.py:109} INFO - [2022-03-16 00:01:42,897] {dagbag.py:500} INFO - Filling up the DagBag from /home/airflow/.local/lib/python3.7/site-packages/airflow/example_dags/example_bash_operator.py
[2022-03-16 00:01:42,921] {processor.py:654} INFO - DAG(s) dict_keys(['example_bash_operator']) retrieved from /home/airflow/.local/lib/python3.7/site-packages/airflow/example_dags/example_bash_operator.py
[2022-03-16 00:01:42,931] {logging_mixin.py:109} INFO - [2022-03-16 00:01:42,931] {dag.py:2398} INFO - Sync 1 DAGs
[2022-03-16 00:01:42,949] {logging_mixin.py:109} INFO - [2022-03-16 00:01:42,949] {dag.py:2937} INFO - Setting next_dagrun for example_bash_operator to 2022-03-16T00:00:00+00:00
[2022-03-16 00:01:43,024] {processor.py:171} INFO - Processing /home/airflow/.local/lib/python3.7/site-packages/airflow/example_dags/example_bash_operator.py took 0.130 seconds
[2022-03-16 00:02:13,938] {processor.py:163} INFO - Started process (PID=2444) to work on /home/airflow/.local/lib/python3.7/site-packages/airflow/example_dags/example_bash_operator.py
[2022-03-16 00:02:13,998] {processor.py:642} INFO - Processing file /home/airflow/.local/lib/python3.7/site-packages/airflow/example_dags/example_bash_operator.py for tasks to queue
[2022-03-16 00:02:13,999] {logging_mixin.py:109} INFO - [2022-03-16 00:02:13,999] {dagbag.py:500} INFO - Filling up the DagBag from /home/airflow/.local/lib/python3.7/site-packages/airflow/example_dags/example_bash_operator.py
[2022-03-16 00:02:14,022] {processor.py:654} INFO - DAG(s) dict_keys(['example_bash_operator']) retrieved from /home/airflow/.local/lib/python3.7/site-packages/airflow/example_dags/example_bash_operator.py
[2022-03-16 00:02:14,028] {logging_mixin.py:109} INFO - [2022-03-16 00:02:14,028] {dag.py:2398} INFO - Sync 1 DAGs
[2022-03-16 00:02:14,041] {logging_mixin.py:109} INFO - [2022-03-16 00:02:14,041] {dag.py:2937} INFO - Setting next_dagrun for example_bash_operator to 2022-03-16T00:00:00+00:00
[2022-03-16 00:02:14,834] {processor.py:171} INFO - Processing /home/airflow/.local/lib/python3.7/site-packages/airflow/example_dags/example_bash_operator.py took 0.897 seconds
[2022-03-16 00:02:44,876] {processor.py:163} INFO - Started process (PID=2517) to work on /home/airflow/.local/lib/python3.7/site-packages/airflow/example_dags/example_bash_operator.py
[2022-03-16 00:02:44,885] {processor.py:642} INFO - Processing file /home/airflow/.local/lib/python3.7/site-packages/airflow/example_dags/example_bash_operator.py for tasks to queue
[2022-03-16 00:02:44,885] {logging_mixin.py:109} INFO - [2022-03-16 00:02:44,885] {dagbag.py:500} INFO - Filling up the DagBag from /home/airflow/.local/lib/python3.7/site-packages/airflow/example_dags/example_bash_operator.py
[2022-03-16 00:02:44,911] {processor.py:654} INFO - DAG(s) dict_keys(['example_bash_operator']) retrieved from /home/airflow/.local/lib/python3.7/site-packages/airflow/example_dags/example_bash_operator.py
[2022-03-16 00:02:44,919] {logging_mixin.py:109} INFO - [2022-03-16 00:02:44,919] {dag.py:2398} INFO - Sync 1 DAGs
[2022-03-16 00:02:44,932] {logging_mixin.py:109} INFO - [2022-03-16 00:02:44,932] {dag.py:2937} INFO - Setting next_dagrun for example_bash_operator to 2022-03-16T00:00:00+00:00
[2022-03-16 00:02:45,028] {processor.py:171} INFO - Processing /home/airflow/.local/lib/python3.7/site-packages/airflow/example_dags/example_bash_operator.py took 0.153 seconds
[2022-03-16 00:03:15,428] {processor.py:163} INFO - Started process (PID=2574) to work on /home/airflow/.local/lib/python3.7/site-packages/airflow/example_dags/example_bash_operator.py
[2022-03-16 00:03:15,527] {processor.py:642} INFO - Processing file /home/airflow/.local/lib/python3.7/site-packages/airflow/example_dags/example_bash_operator.py for tasks to queue
[2022-03-16 00:03:15,528] {logging_mixin.py:109} INFO - [2022-03-16 00:03:15,528] {dagbag.py:500} INFO - Filling up the DagBag from /home/airflow/.local/lib/python3.7/site-packages/airflow/example_dags/example_bash_operator.py
[2022-03-16 00:03:15,555] {processor.py:654} INFO - DAG(s) dict_keys(['example_bash_operator']) retrieved from /home/airflow/.local/lib/python3.7/site-packages/airflow/example_dags/example_bash_operator.py
[2022-03-16 00:03:15,564] {logging_mixin.py:109} INFO - [2022-03-16 00:03:15,564] {dag.py:2398} INFO - Sync 1 DAGs
[2022-03-16 00:03:15,577] {logging_mixin.py:109} INFO - [2022-03-16 00:03:15,577] {dag.py:2937} INFO - Setting next_dagrun for example_bash_operator to 2022-03-16T00:00:00+00:00
[2022-03-16 00:03:16,064] {processor.py:171} INFO - Processing /home/airflow/.local/lib/python3.7/site-packages/airflow/example_dags/example_bash_operator.py took 0.639 seconds
[2022-03-16 00:03:46,687] {processor.py:163} INFO - Started process (PID=2624) to work on /home/airflow/.local/lib/python3.7/site-packages/airflow/example_dags/example_bash_operator.py
[2022-03-16 00:03:46,733] {processor.py:642} INFO - Processing file /home/airflow/.local/lib/python3.7/site-packages/airflow/example_dags/example_bash_operator.py for tasks to queue
[2022-03-16 00:03:46,734] {logging_mixin.py:109} INFO - [2022-03-16 00:03:46,734] {dagbag.py:500} INFO - Filling up the DagBag from /home/airflow/.local/lib/python3.7/site-packages/airflow/example_dags/example_bash_operator.py
[2022-03-16 00:03:46,776] {processor.py:654} INFO - DAG(s) dict_keys(['example_bash_operator']) retrieved from /home/airflow/.local/lib/python3.7/site-packages/airflow/example_dags/example_bash_operator.py
[2022-03-16 00:03:46,783] {logging_mixin.py:109} INFO - [2022-03-16 00:03:46,783] {dag.py:2398} INFO - Sync 1 DAGs
[2022-03-16 00:03:46,795] {logging_mixin.py:109} INFO - [2022-03-16 00:03:46,795] {dag.py:2937} INFO - Setting next_dagrun for example_bash_operator to 2022-03-16T00:00:00+00:00
[2022-03-16 00:03:47,456] {processor.py:171} INFO - Processing /home/airflow/.local/lib/python3.7/site-packages/airflow/example_dags/example_bash_operator.py took 0.775 seconds
[2022-03-16 00:04:18,280] {processor.py:163} INFO - Started process (PID=2689) to work on /home/airflow/.local/lib/python3.7/site-packages/airflow/example_dags/example_bash_operator.py
[2022-03-16 00:04:18,379] {processor.py:642} INFO - Processing file /home/airflow/.local/lib/python3.7/site-packages/airflow/example_dags/example_bash_operator.py for tasks to queue
[2022-03-16 00:04:18,380] {logging_mixin.py:109} INFO - [2022-03-16 00:04:18,380] {dagbag.py:500} INFO - Filling up the DagBag from /home/airflow/.local/lib/python3.7/site-packages/airflow/example_dags/example_bash_operator.py
[2022-03-16 00:04:18,404] {processor.py:654} INFO - DAG(s) dict_keys(['example_bash_operator']) retrieved from /home/airflow/.local/lib/python3.7/site-packages/airflow/example_dags/example_bash_operator.py
[2022-03-16 00:04:18,416] {logging_mixin.py:109} INFO - [2022-03-16 00:04:18,416] {dag.py:2398} INFO - Sync 1 DAGs
[2022-03-16 00:04:18,437] {logging_mixin.py:109} INFO - [2022-03-16 00:04:18,437] {dag.py:2937} INFO - Setting next_dagrun for example_bash_operator to 2022-03-16T00:00:00+00:00
[2022-03-16 00:04:18,509] {processor.py:171} INFO - Processing /home/airflow/.local/lib/python3.7/site-packages/airflow/example_dags/example_bash_operator.py took 0.230 seconds
[2022-03-16 00:04:49,354] {processor.py:163} INFO - Started process (PID=2754) to work on /home/airflow/.local/lib/python3.7/site-packages/airflow/example_dags/example_bash_operator.py
[2022-03-16 00:04:49,421] {processor.py:642} INFO - Processing file /home/airflow/.local/lib/python3.7/site-packages/airflow/example_dags/example_bash_operator.py for tasks to queue
[2022-03-16 00:04:49,422] {logging_mixin.py:109} INFO - [2022-03-16 00:04:49,422] {dagbag.py:500} INFO - Filling up the DagBag from /home/airflow/.local/lib/python3.7/site-packages/airflow/example_dags/example_bash_operator.py
[2022-03-16 00:04:49,447] {processor.py:654} INFO - DAG(s) dict_keys(['example_bash_operator']) retrieved from /home/airflow/.local/lib/python3.7/site-packages/airflow/example_dags/example_bash_operator.py
[2022-03-16 00:04:49,456] {logging_mixin.py:109} INFO - [2022-03-16 00:04:49,456] {dag.py:2398} INFO - Sync 1 DAGs
[2022-03-16 00:04:49,470] {logging_mixin.py:109} INFO - [2022-03-16 00:04:49,470] {dag.py:2937} INFO - Setting next_dagrun for example_bash_operator to 2022-03-16T00:00:00+00:00
[2022-03-16 00:04:50,103] {processor.py:171} INFO - Processing /home/airflow/.local/lib/python3.7/site-packages/airflow/example_dags/example_bash_operator.py took 0.751 seconds
[2022-03-16 00:05:20,582] {processor.py:163} INFO - Started process (PID=2817) to work on /home/airflow/.local/lib/python3.7/site-packages/airflow/example_dags/example_bash_operator.py
[2022-03-16 00:05:20,630] {processor.py:642} INFO - Processing file /home/airflow/.local/lib/python3.7/site-packages/airflow/example_dags/example_bash_operator.py for tasks to queue
[2022-03-16 00:05:20,631] {logging_mixin.py:109} INFO - [2022-03-16 00:05:20,631] {dagbag.py:500} INFO - Filling up the DagBag from /home/airflow/.local/lib/python3.7/site-packages/airflow/example_dags/example_bash_operator.py
[2022-03-16 00:05:20,681] {processor.py:654} INFO - DAG(s) dict_keys(['example_bash_operator']) retrieved from /home/airflow/.local/lib/python3.7/site-packages/airflow/example_dags/example_bash_operator.py
[2022-03-16 00:05:20,689] {logging_mixin.py:109} INFO - [2022-03-16 00:05:20,689] {dag.py:2398} INFO - Sync 1 DAGs
[2022-03-16 00:05:20,702] {logging_mixin.py:109} INFO - [2022-03-16 00:05:20,702] {dag.py:2937} INFO - Setting next_dagrun for example_bash_operator to 2022-03-16T00:00:00+00:00
[2022-03-16 00:05:20,790] {processor.py:171} INFO - Processing /home/airflow/.local/lib/python3.7/site-packages/airflow/example_dags/example_bash_operator.py took 0.214 seconds
[2022-03-16 00:05:50,992] {processor.py:163} INFO - Started process (PID=2867) to work on /home/airflow/.local/lib/python3.7/site-packages/airflow/example_dags/example_bash_operator.py
[2022-03-16 00:05:51,034] {processor.py:642} INFO - Processing file /home/airflow/.local/lib/python3.7/site-packages/airflow/example_dags/example_bash_operator.py for tasks to queue
[2022-03-16 00:05:51,035] {logging_mixin.py:109} INFO - [2022-03-16 00:05:51,035] {dagbag.py:500} INFO - Filling up the DagBag from /home/airflow/.local/lib/python3.7/site-packages/airflow/example_dags/example_bash_operator.py
[2022-03-16 00:05:51,086] {processor.py:654} INFO - DAG(s) dict_keys(['example_bash_operator']) retrieved from /home/airflow/.local/lib/python3.7/site-packages/airflow/example_dags/example_bash_operator.py
[2022-03-16 00:05:51,094] {logging_mixin.py:109} INFO - [2022-03-16 00:05:51,094] {dag.py:2398} INFO - Sync 1 DAGs
[2022-03-16 00:05:51,105] {logging_mixin.py:109} INFO - [2022-03-16 00:05:51,105] {dag.py:2937} INFO - Setting next_dagrun for example_bash_operator to 2022-03-16T00:00:00+00:00
[2022-03-16 00:05:51,170] {processor.py:171} INFO - Processing /home/airflow/.local/lib/python3.7/site-packages/airflow/example_dags/example_bash_operator.py took 0.180 seconds
[2022-03-16 00:06:21,206] {processor.py:163} INFO - Started process (PID=2936) to work on /home/airflow/.local/lib/python3.7/site-packages/airflow/example_dags/example_bash_operator.py
[2022-03-16 00:06:21,214] {processor.py:642} INFO - Processing file /home/airflow/.local/lib/python3.7/site-packages/airflow/example_dags/example_bash_operator.py for tasks to queue
[2022-03-16 00:06:21,215] {logging_mixin.py:109} INFO - [2022-03-16 00:06:21,215] {dagbag.py:500} INFO - Filling up the DagBag from /home/airflow/.local/lib/python3.7/site-packages/airflow/example_dags/example_bash_operator.py
[2022-03-16 00:06:21,238] {processor.py:654} INFO - DAG(s) dict_keys(['example_bash_operator']) retrieved from /home/airflow/.local/lib/python3.7/site-packages/airflow/example_dags/example_bash_operator.py
[2022-03-16 00:06:21,246] {logging_mixin.py:109} INFO - [2022-03-16 00:06:21,246] {dag.py:2398} INFO - Sync 1 DAGs
[2022-03-16 00:06:21,259] {logging_mixin.py:109} INFO - [2022-03-16 00:06:21,259] {dag.py:2937} INFO - Setting next_dagrun for example_bash_operator to 2022-03-16T00:00:00+00:00
[2022-03-16 00:06:21,295] {processor.py:171} INFO - Processing /home/airflow/.local/lib/python3.7/site-packages/airflow/example_dags/example_bash_operator.py took 0.091 seconds
[2022-03-16 00:06:51,721] {processor.py:163} INFO - Started process (PID=3001) to work on /home/airflow/.local/lib/python3.7/site-packages/airflow/example_dags/example_bash_operator.py
[2022-03-16 00:06:51,730] {processor.py:642} INFO - Processing file /home/airflow/.local/lib/python3.7/site-packages/airflow/example_dags/example_bash_operator.py for tasks to queue
[2022-03-16 00:06:51,730] {logging_mixin.py:109} INFO - [2022-03-16 00:06:51,730] {dagbag.py:500} INFO - Filling up the DagBag from /home/airflow/.local/lib/python3.7/site-packages/airflow/example_dags/example_bash_operator.py
[2022-03-16 00:06:51,751] {processor.py:654} INFO - DAG(s) dict_keys(['example_bash_operator']) retrieved from /home/airflow/.local/lib/python3.7/site-packages/airflow/example_dags/example_bash_operator.py
[2022-03-16 00:06:51,758] {logging_mixin.py:109} INFO - [2022-03-16 00:06:51,758] {dag.py:2398} INFO - Sync 1 DAGs
[2022-03-16 00:06:51,770] {logging_mixin.py:109} INFO - [2022-03-16 00:06:51,770] {dag.py:2937} INFO - Setting next_dagrun for example_bash_operator to 2022-03-16T00:00:00+00:00
[2022-03-16 00:06:53,148] {processor.py:171} INFO - Processing /home/airflow/.local/lib/python3.7/site-packages/airflow/example_dags/example_bash_operator.py took 1.429 seconds
[2022-03-16 00:07:23,294] {processor.py:163} INFO - Started process (PID=3061) to work on /home/airflow/.local/lib/python3.7/site-packages/airflow/example_dags/example_bash_operator.py
[2022-03-16 00:07:23,303] {processor.py:642} INFO - Processing file /home/airflow/.local/lib/python3.7/site-packages/airflow/example_dags/example_bash_operator.py for tasks to queue
[2022-03-16 00:07:23,304] {logging_mixin.py:109} INFO - [2022-03-16 00:07:23,304] {dagbag.py:500} INFO - Filling up the DagBag from /home/airflow/.local/lib/python3.7/site-packages/airflow/example_dags/example_bash_operator.py
[2022-03-16 00:07:23,332] {processor.py:654} INFO - DAG(s) dict_keys(['example_bash_operator']) retrieved from /home/airflow/.local/lib/python3.7/site-packages/airflow/example_dags/example_bash_operator.py
[2022-03-16 00:07:23,343] {logging_mixin.py:109} INFO - [2022-03-16 00:07:23,342] {dag.py:2398} INFO - Sync 1 DAGs
[2022-03-16 00:07:23,361] {logging_mixin.py:109} INFO - [2022-03-16 00:07:23,360] {dag.py:2937} INFO - Setting next_dagrun for example_bash_operator to 2022-03-16T00:00:00+00:00
[2022-03-16 00:07:23,423] {processor.py:171} INFO - Processing /home/airflow/.local/lib/python3.7/site-packages/airflow/example_dags/example_bash_operator.py took 0.131 seconds
[2022-03-16 00:07:53,776] {processor.py:163} INFO - Started process (PID=3111) to work on /home/airflow/.local/lib/python3.7/site-packages/airflow/example_dags/example_bash_operator.py
[2022-03-16 00:07:53,799] {processor.py:642} INFO - Processing file /home/airflow/.local/lib/python3.7/site-packages/airflow/example_dags/example_bash_operator.py for tasks to queue
[2022-03-16 00:07:53,800] {logging_mixin.py:109} INFO - [2022-03-16 00:07:53,800] {dagbag.py:500} INFO - Filling up the DagBag from /home/airflow/.local/lib/python3.7/site-packages/airflow/example_dags/example_bash_operator.py
[2022-03-16 00:07:53,850] {processor.py:654} INFO - DAG(s) dict_keys(['example_bash_operator']) retrieved from /home/airflow/.local/lib/python3.7/site-packages/airflow/example_dags/example_bash_operator.py
[2022-03-16 00:07:53,860] {logging_mixin.py:109} INFO - [2022-03-16 00:07:53,860] {dag.py:2398} INFO - Sync 1 DAGs
[2022-03-16 00:07:53,875] {logging_mixin.py:109} INFO - [2022-03-16 00:07:53,875] {dag.py:2937} INFO - Setting next_dagrun for example_bash_operator to 2022-03-16T00:00:00+00:00
[2022-03-16 00:07:54,075] {processor.py:171} INFO - Processing /home/airflow/.local/lib/python3.7/site-packages/airflow/example_dags/example_bash_operator.py took 0.306 seconds
[2022-03-16 00:08:24,455] {processor.py:163} INFO - Started process (PID=3171) to work on /home/airflow/.local/lib/python3.7/site-packages/airflow/example_dags/example_bash_operator.py
[2022-03-16 00:08:24,562] {processor.py:642} INFO - Processing file /home/airflow/.local/lib/python3.7/site-packages/airflow/example_dags/example_bash_operator.py for tasks to queue
[2022-03-16 00:08:24,562] {logging_mixin.py:109} INFO - [2022-03-16 00:08:24,562] {dagbag.py:500} INFO - Filling up the DagBag from /home/airflow/.local/lib/python3.7/site-packages/airflow/example_dags/example_bash_operator.py
[2022-03-16 00:08:24,591] {processor.py:654} INFO - DAG(s) dict_keys(['example_bash_operator']) retrieved from /home/airflow/.local/lib/python3.7/site-packages/airflow/example_dags/example_bash_operator.py
[2022-03-16 00:08:24,601] {logging_mixin.py:109} INFO - [2022-03-16 00:08:24,601] {dag.py:2398} INFO - Sync 1 DAGs
[2022-03-16 00:08:24,615] {logging_mixin.py:109} INFO - [2022-03-16 00:08:24,615] {dag.py:2937} INFO - Setting next_dagrun for example_bash_operator to 2022-03-16T00:00:00+00:00
[2022-03-16 00:08:25,201] {processor.py:171} INFO - Processing /home/airflow/.local/lib/python3.7/site-packages/airflow/example_dags/example_bash_operator.py took 0.748 seconds
[2022-03-16 00:08:55,694] {processor.py:163} INFO - Started process (PID=3245) to work on /home/airflow/.local/lib/python3.7/site-packages/airflow/example_dags/example_bash_operator.py
[2022-03-16 00:08:55,712] {processor.py:642} INFO - Processing file /home/airflow/.local/lib/python3.7/site-packages/airflow/example_dags/example_bash_operator.py for tasks to queue
[2022-03-16 00:08:55,712] {logging_mixin.py:109} INFO - [2022-03-16 00:08:55,712] {dagbag.py:500} INFO - Filling up the DagBag from /home/airflow/.local/lib/python3.7/site-packages/airflow/example_dags/example_bash_operator.py
[2022-03-16 00:08:55,743] {processor.py:654} INFO - DAG(s) dict_keys(['example_bash_operator']) retrieved from /home/airflow/.local/lib/python3.7/site-packages/airflow/example_dags/example_bash_operator.py
[2022-03-16 00:08:55,758] {logging_mixin.py:109} INFO - [2022-03-16 00:08:55,758] {dag.py:2398} INFO - Sync 1 DAGs
[2022-03-16 00:08:55,776] {logging_mixin.py:109} INFO - [2022-03-16 00:08:55,776] {dag.py:2937} INFO - Setting next_dagrun for example_bash_operator to 2022-03-16T00:00:00+00:00
[2022-03-16 00:08:55,845] {processor.py:171} INFO - Processing /home/airflow/.local/lib/python3.7/site-packages/airflow/example_dags/example_bash_operator.py took 0.153 seconds
[2022-03-16 00:09:26,533] {processor.py:163} INFO - Started process (PID=3297) to work on /home/airflow/.local/lib/python3.7/site-packages/airflow/example_dags/example_bash_operator.py
[2022-03-16 00:09:26,576] {processor.py:642} INFO - Processing file /home/airflow/.local/lib/python3.7/site-packages/airflow/example_dags/example_bash_operator.py for tasks to queue
[2022-03-16 00:09:26,576] {logging_mixin.py:109} INFO - [2022-03-16 00:09:26,576] {dagbag.py:500} INFO - Filling up the DagBag from /home/airflow/.local/lib/python3.7/site-packages/airflow/example_dags/example_bash_operator.py
[2022-03-16 00:09:26,598] {processor.py:654} INFO - DAG(s) dict_keys(['example_bash_operator']) retrieved from /home/airflow/.local/lib/python3.7/site-packages/airflow/example_dags/example_bash_operator.py
[2022-03-16 00:09:26,609] {logging_mixin.py:109} INFO - [2022-03-16 00:09:26,609] {dag.py:2398} INFO - Sync 1 DAGs
[2022-03-16 00:09:26,627] {logging_mixin.py:109} INFO - [2022-03-16 00:09:26,627] {dag.py:2937} INFO - Setting next_dagrun for example_bash_operator to 2022-03-16T00:00:00+00:00
[2022-03-16 00:09:27,743] {processor.py:171} INFO - Processing /home/airflow/.local/lib/python3.7/site-packages/airflow/example_dags/example_bash_operator.py took 1.212 seconds
[2022-03-16 00:09:58,598] {processor.py:163} INFO - Started process (PID=3356) to work on /home/airflow/.local/lib/python3.7/site-packages/airflow/example_dags/example_bash_operator.py
[2022-03-16 00:09:58,619] {processor.py:642} INFO - Processing file /home/airflow/.local/lib/python3.7/site-packages/airflow/example_dags/example_bash_operator.py for tasks to queue
[2022-03-16 00:09:58,620] {logging_mixin.py:109} INFO - [2022-03-16 00:09:58,620] {dagbag.py:500} INFO - Filling up the DagBag from /home/airflow/.local/lib/python3.7/site-packages/airflow/example_dags/example_bash_operator.py
[2022-03-16 00:09:58,643] {processor.py:654} INFO - DAG(s) dict_keys(['example_bash_operator']) retrieved from /home/airflow/.local/lib/python3.7/site-packages/airflow/example_dags/example_bash_operator.py
[2022-03-16 00:09:58,653] {logging_mixin.py:109} INFO - [2022-03-16 00:09:58,653] {dag.py:2398} INFO - Sync 1 DAGs
[2022-03-16 00:09:58,671] {logging_mixin.py:109} INFO - [2022-03-16 00:09:58,671] {dag.py:2937} INFO - Setting next_dagrun for example_bash_operator to 2022-03-16T00:00:00+00:00
[2022-03-16 00:09:58,867] {processor.py:171} INFO - Processing /home/airflow/.local/lib/python3.7/site-packages/airflow/example_dags/example_bash_operator.py took 0.271 seconds
[2022-03-16 00:10:29,119] {processor.py:163} INFO - Started process (PID=3419) to work on /home/airflow/.local/lib/python3.7/site-packages/airflow/example_dags/example_bash_operator.py
[2022-03-16 00:10:29,189] {processor.py:642} INFO - Processing file /home/airflow/.local/lib/python3.7/site-packages/airflow/example_dags/example_bash_operator.py for tasks to queue
[2022-03-16 00:10:29,189] {logging_mixin.py:109} INFO - [2022-03-16 00:10:29,189] {dagbag.py:500} INFO - Filling up the DagBag from /home/airflow/.local/lib/python3.7/site-packages/airflow/example_dags/example_bash_operator.py
[2022-03-16 00:10:29,237] {processor.py:654} INFO - DAG(s) dict_keys(['example_bash_operator']) retrieved from /home/airflow/.local/lib/python3.7/site-packages/airflow/example_dags/example_bash_operator.py
[2022-03-16 00:10:29,252] {logging_mixin.py:109} INFO - [2022-03-16 00:10:29,252] {dag.py:2398} INFO - Sync 1 DAGs
[2022-03-16 00:10:29,278] {logging_mixin.py:109} INFO - [2022-03-16 00:10:29,277] {dag.py:2937} INFO - Setting next_dagrun for example_bash_operator to 2022-03-16T00:00:00+00:00
[2022-03-16 00:10:29,327] {processor.py:171} INFO - Processing /home/airflow/.local/lib/python3.7/site-packages/airflow/example_dags/example_bash_operator.py took 0.213 seconds
[2022-03-16 00:10:59,378] {processor.py:163} INFO - Started process (PID=3481) to work on /home/airflow/.local/lib/python3.7/site-packages/airflow/example_dags/example_bash_operator.py
[2022-03-16 00:10:59,403] {processor.py:642} INFO - Processing file /home/airflow/.local/lib/python3.7/site-packages/airflow/example_dags/example_bash_operator.py for tasks to queue
[2022-03-16 00:10:59,404] {logging_mixin.py:109} INFO - [2022-03-16 00:10:59,404] {dagbag.py:500} INFO - Filling up the DagBag from /home/airflow/.local/lib/python3.7/site-packages/airflow/example_dags/example_bash_operator.py
[2022-03-16 00:10:59,486] {processor.py:654} INFO - DAG(s) dict_keys(['example_bash_operator']) retrieved from /home/airflow/.local/lib/python3.7/site-packages/airflow/example_dags/example_bash_operator.py
[2022-03-16 00:10:59,512] {logging_mixin.py:109} INFO - [2022-03-16 00:10:59,512] {dag.py:2398} INFO - Sync 1 DAGs
[2022-03-16 00:10:59,557] {logging_mixin.py:109} INFO - [2022-03-16 00:10:59,556] {dag.py:2937} INFO - Setting next_dagrun for example_bash_operator to 2022-03-16T00:00:00+00:00
[2022-03-16 00:11:00,896] {processor.py:171} INFO - Processing /home/airflow/.local/lib/python3.7/site-packages/airflow/example_dags/example_bash_operator.py took 1.525 seconds
[2022-03-16 00:11:31,024] {processor.py:163} INFO - Started process (PID=3541) to work on /home/airflow/.local/lib/python3.7/site-packages/airflow/example_dags/example_bash_operator.py
[2022-03-16 00:11:31,042] {processor.py:642} INFO - Processing file /home/airflow/.local/lib/python3.7/site-packages/airflow/example_dags/example_bash_operator.py for tasks to queue
[2022-03-16 00:11:31,043] {logging_mixin.py:109} INFO - [2022-03-16 00:11:31,043] {dagbag.py:500} INFO - Filling up the DagBag from /home/airflow/.local/lib/python3.7/site-packages/airflow/example_dags/example_bash_operator.py
[2022-03-16 00:11:31,089] {processor.py:654} INFO - DAG(s) dict_keys(['example_bash_operator']) retrieved from /home/airflow/.local/lib/python3.7/site-packages/airflow/example_dags/example_bash_operator.py
[2022-03-16 00:11:31,097] {logging_mixin.py:109} INFO - [2022-03-16 00:11:31,096] {dag.py:2398} INFO - Sync 1 DAGs
[2022-03-16 00:11:31,110] {logging_mixin.py:109} INFO - [2022-03-16 00:11:31,110] {dag.py:2937} INFO - Setting next_dagrun for example_bash_operator to 2022-03-16T00:00:00+00:00
[2022-03-16 00:11:31,455] {processor.py:171} INFO - Processing /home/airflow/.local/lib/python3.7/site-packages/airflow/example_dags/example_bash_operator.py took 0.436 seconds
[2022-03-16 00:12:01,830] {processor.py:163} INFO - Started process (PID=3591) to work on /home/airflow/.local/lib/python3.7/site-packages/airflow/example_dags/example_bash_operator.py
[2022-03-16 00:12:01,831] {processor.py:642} INFO - Processing file /home/airflow/.local/lib/python3.7/site-packages/airflow/example_dags/example_bash_operator.py for tasks to queue
[2022-03-16 00:12:01,832] {logging_mixin.py:109} INFO - [2022-03-16 00:12:01,832] {dagbag.py:500} INFO - Filling up the DagBag from /home/airflow/.local/lib/python3.7/site-packages/airflow/example_dags/example_bash_operator.py
[2022-03-16 00:12:01,853] {processor.py:654} INFO - DAG(s) dict_keys(['example_bash_operator']) retrieved from /home/airflow/.local/lib/python3.7/site-packages/airflow/example_dags/example_bash_operator.py
[2022-03-16 00:12:01,860] {logging_mixin.py:109} INFO - [2022-03-16 00:12:01,860] {dag.py:2398} INFO - Sync 1 DAGs
[2022-03-16 00:12:01,874] {logging_mixin.py:109} INFO - [2022-03-16 00:12:01,874] {dag.py:2937} INFO - Setting next_dagrun for example_bash_operator to 2022-03-16T00:00:00+00:00
[2022-03-16 00:12:01,923] {processor.py:171} INFO - Processing /home/airflow/.local/lib/python3.7/site-packages/airflow/example_dags/example_bash_operator.py took 0.094 seconds
[2022-03-16 00:12:32,712] {processor.py:163} INFO - Started process (PID=3661) to work on /home/airflow/.local/lib/python3.7/site-packages/airflow/example_dags/example_bash_operator.py
[2022-03-16 00:12:32,725] {processor.py:642} INFO - Processing file /home/airflow/.local/lib/python3.7/site-packages/airflow/example_dags/example_bash_operator.py for tasks to queue
[2022-03-16 00:12:32,726] {logging_mixin.py:109} INFO - [2022-03-16 00:12:32,725] {dagbag.py:500} INFO - Filling up the DagBag from /home/airflow/.local/lib/python3.7/site-packages/airflow/example_dags/example_bash_operator.py
[2022-03-16 00:12:32,751] {processor.py:654} INFO - DAG(s) dict_keys(['example_bash_operator']) retrieved from /home/airflow/.local/lib/python3.7/site-packages/airflow/example_dags/example_bash_operator.py
[2022-03-16 00:12:32,762] {logging_mixin.py:109} INFO - [2022-03-16 00:12:32,762] {dag.py:2398} INFO - Sync 1 DAGs
[2022-03-16 00:12:32,782] {logging_mixin.py:109} INFO - [2022-03-16 00:12:32,782] {dag.py:2937} INFO - Setting next_dagrun for example_bash_operator to 2022-03-16T00:00:00+00:00
[2022-03-16 00:12:33,508] {processor.py:171} INFO - Processing /home/airflow/.local/lib/python3.7/site-packages/airflow/example_dags/example_bash_operator.py took 0.797 seconds
[2022-03-16 00:13:03,758] {processor.py:163} INFO - Started process (PID=3722) to work on /home/airflow/.local/lib/python3.7/site-packages/airflow/example_dags/example_bash_operator.py
[2022-03-16 00:13:03,780] {processor.py:642} INFO - Processing file /home/airflow/.local/lib/python3.7/site-packages/airflow/example_dags/example_bash_operator.py for tasks to queue
[2022-03-16 00:13:03,781] {logging_mixin.py:109} INFO - [2022-03-16 00:13:03,780] {dagbag.py:500} INFO - Filling up the DagBag from /home/airflow/.local/lib/python3.7/site-packages/airflow/example_dags/example_bash_operator.py
[2022-03-16 00:13:03,806] {processor.py:654} INFO - DAG(s) dict_keys(['example_bash_operator']) retrieved from /home/airflow/.local/lib/python3.7/site-packages/airflow/example_dags/example_bash_operator.py
[2022-03-16 00:13:03,813] {logging_mixin.py:109} INFO - [2022-03-16 00:13:03,813] {dag.py:2398} INFO - Sync 1 DAGs
[2022-03-16 00:13:03,827] {logging_mixin.py:109} INFO - [2022-03-16 00:13:03,826] {dag.py:2937} INFO - Setting next_dagrun for example_bash_operator to 2022-03-16T00:00:00+00:00
[2022-03-16 00:13:04,123] {processor.py:171} INFO - Processing /home/airflow/.local/lib/python3.7/site-packages/airflow/example_dags/example_bash_operator.py took 0.372 seconds
[2022-03-16 00:13:34,424] {processor.py:163} INFO - Started process (PID=3772) to work on /home/airflow/.local/lib/python3.7/site-packages/airflow/example_dags/example_bash_operator.py
[2022-03-16 00:13:34,469] {processor.py:642} INFO - Processing file /home/airflow/.local/lib/python3.7/site-packages/airflow/example_dags/example_bash_operator.py for tasks to queue
[2022-03-16 00:13:34,469] {logging_mixin.py:109} INFO - [2022-03-16 00:13:34,469] {dagbag.py:500} INFO - Filling up the DagBag from /home/airflow/.local/lib/python3.7/site-packages/airflow/example_dags/example_bash_operator.py
[2022-03-16 00:13:34,490] {processor.py:654} INFO - DAG(s) dict_keys(['example_bash_operator']) retrieved from /home/airflow/.local/lib/python3.7/site-packages/airflow/example_dags/example_bash_operator.py
[2022-03-16 00:13:34,496] {logging_mixin.py:109} INFO - [2022-03-16 00:13:34,496] {dag.py:2398} INFO - Sync 1 DAGs
[2022-03-16 00:13:34,507] {logging_mixin.py:109} INFO - [2022-03-16 00:13:34,507] {dag.py:2937} INFO - Setting next_dagrun for example_bash_operator to 2022-03-16T00:00:00+00:00
[2022-03-16 00:13:34,930] {processor.py:171} INFO - Processing /home/airflow/.local/lib/python3.7/site-packages/airflow/example_dags/example_bash_operator.py took 0.507 seconds
[2022-03-16 00:14:05,032] {processor.py:163} INFO - Started process (PID=3833) to work on /home/airflow/.local/lib/python3.7/site-packages/airflow/example_dags/example_bash_operator.py
[2022-03-16 00:14:05,049] {processor.py:642} INFO - Processing file /home/airflow/.local/lib/python3.7/site-packages/airflow/example_dags/example_bash_operator.py for tasks to queue
[2022-03-16 00:14:05,050] {logging_mixin.py:109} INFO - [2022-03-16 00:14:05,049] {dagbag.py:500} INFO - Filling up the DagBag from /home/airflow/.local/lib/python3.7/site-packages/airflow/example_dags/example_bash_operator.py
[2022-03-16 00:14:05,081] {processor.py:654} INFO - DAG(s) dict_keys(['example_bash_operator']) retrieved from /home/airflow/.local/lib/python3.7/site-packages/airflow/example_dags/example_bash_operator.py
[2022-03-16 00:14:05,093] {logging_mixin.py:109} INFO - [2022-03-16 00:14:05,092] {dag.py:2398} INFO - Sync 1 DAGs
[2022-03-16 00:14:05,110] {logging_mixin.py:109} INFO - [2022-03-16 00:14:05,110] {dag.py:2937} INFO - Setting next_dagrun for example_bash_operator to 2022-03-16T00:00:00+00:00
[2022-03-16 00:14:05,162] {processor.py:171} INFO - Processing /home/airflow/.local/lib/python3.7/site-packages/airflow/example_dags/example_bash_operator.py took 0.134 seconds
[2022-03-16 00:14:35,985] {processor.py:163} INFO - Started process (PID=3894) to work on /home/airflow/.local/lib/python3.7/site-packages/airflow/example_dags/example_bash_operator.py
[2022-03-16 00:14:36,009] {processor.py:642} INFO - Processing file /home/airflow/.local/lib/python3.7/site-packages/airflow/example_dags/example_bash_operator.py for tasks to queue
[2022-03-16 00:14:36,009] {logging_mixin.py:109} INFO - [2022-03-16 00:14:36,009] {dagbag.py:500} INFO - Filling up the DagBag from /home/airflow/.local/lib/python3.7/site-packages/airflow/example_dags/example_bash_operator.py
[2022-03-16 00:14:36,041] {processor.py:654} INFO - DAG(s) dict_keys(['example_bash_operator']) retrieved from /home/airflow/.local/lib/python3.7/site-packages/airflow/example_dags/example_bash_operator.py
[2022-03-16 00:14:36,048] {logging_mixin.py:109} INFO - [2022-03-16 00:14:36,048] {dag.py:2398} INFO - Sync 1 DAGs
[2022-03-16 00:14:36,061] {logging_mixin.py:109} INFO - [2022-03-16 00:14:36,061] {dag.py:2937} INFO - Setting next_dagrun for example_bash_operator to 2022-03-16T00:00:00+00:00
[2022-03-16 00:14:36,846] {processor.py:171} INFO - Processing /home/airflow/.local/lib/python3.7/site-packages/airflow/example_dags/example_bash_operator.py took 0.866 seconds
[2022-03-16 00:15:06,935] {processor.py:163} INFO - Started process (PID=3955) to work on /home/airflow/.local/lib/python3.7/site-packages/airflow/example_dags/example_bash_operator.py
[2022-03-16 00:15:06,958] {processor.py:642} INFO - Processing file /home/airflow/.local/lib/python3.7/site-packages/airflow/example_dags/example_bash_operator.py for tasks to queue
[2022-03-16 00:15:06,959] {logging_mixin.py:109} INFO - [2022-03-16 00:15:06,959] {dagbag.py:500} INFO - Filling up the DagBag from /home/airflow/.local/lib/python3.7/site-packages/airflow/example_dags/example_bash_operator.py
[2022-03-16 00:15:07,007] {processor.py:654} INFO - DAG(s) dict_keys(['example_bash_operator']) retrieved from /home/airflow/.local/lib/python3.7/site-packages/airflow/example_dags/example_bash_operator.py
[2022-03-16 00:15:07,014] {logging_mixin.py:109} INFO - [2022-03-16 00:15:07,014] {dag.py:2398} INFO - Sync 1 DAGs
[2022-03-16 00:15:07,029] {logging_mixin.py:109} INFO - [2022-03-16 00:15:07,029] {dag.py:2937} INFO - Setting next_dagrun for example_bash_operator to 2022-03-16T00:00:00+00:00
[2022-03-16 00:15:07,274] {processor.py:171} INFO - Processing /home/airflow/.local/lib/python3.7/site-packages/airflow/example_dags/example_bash_operator.py took 0.343 seconds
[2022-03-16 00:15:37,781] {processor.py:163} INFO - Started process (PID=4015) to work on /home/airflow/.local/lib/python3.7/site-packages/airflow/example_dags/example_bash_operator.py
[2022-03-16 00:15:37,807] {processor.py:642} INFO - Processing file /home/airflow/.local/lib/python3.7/site-packages/airflow/example_dags/example_bash_operator.py for tasks to queue
[2022-03-16 00:15:37,808] {logging_mixin.py:109} INFO - [2022-03-16 00:15:37,808] {dagbag.py:500} INFO - Filling up the DagBag from /home/airflow/.local/lib/python3.7/site-packages/airflow/example_dags/example_bash_operator.py
[2022-03-16 00:15:37,833] {processor.py:654} INFO - DAG(s) dict_keys(['example_bash_operator']) retrieved from /home/airflow/.local/lib/python3.7/site-packages/airflow/example_dags/example_bash_operator.py
[2022-03-16 00:15:37,841] {logging_mixin.py:109} INFO - [2022-03-16 00:15:37,841] {dag.py:2398} INFO - Sync 1 DAGs
[2022-03-16 00:15:37,856] {logging_mixin.py:109} INFO - [2022-03-16 00:15:37,855] {dag.py:2937} INFO - Setting next_dagrun for example_bash_operator to 2022-03-16T00:00:00+00:00
[2022-03-16 00:15:37,918] {processor.py:171} INFO - Processing /home/airflow/.local/lib/python3.7/site-packages/airflow/example_dags/example_bash_operator.py took 0.140 seconds
[2022-03-16 00:16:08,562] {processor.py:163} INFO - Started process (PID=4068) to work on /home/airflow/.local/lib/python3.7/site-packages/airflow/example_dags/example_bash_operator.py
[2022-03-16 00:16:08,689] {processor.py:642} INFO - Processing file /home/airflow/.local/lib/python3.7/site-packages/airflow/example_dags/example_bash_operator.py for tasks to queue
[2022-03-16 00:16:08,690] {logging_mixin.py:109} INFO - [2022-03-16 00:16:08,690] {dagbag.py:500} INFO - Filling up the DagBag from /home/airflow/.local/lib/python3.7/site-packages/airflow/example_dags/example_bash_operator.py
[2022-03-16 00:16:08,728] {processor.py:654} INFO - DAG(s) dict_keys(['example_bash_operator']) retrieved from /home/airflow/.local/lib/python3.7/site-packages/airflow/example_dags/example_bash_operator.py
[2022-03-16 00:16:08,740] {logging_mixin.py:109} INFO - [2022-03-16 00:16:08,740] {dag.py:2398} INFO - Sync 1 DAGs
[2022-03-16 00:16:08,760] {logging_mixin.py:109} INFO - [2022-03-16 00:16:08,760] {dag.py:2937} INFO - Setting next_dagrun for example_bash_operator to 2022-03-16T00:00:00+00:00
[2022-03-16 00:16:08,839] {processor.py:171} INFO - Processing /home/airflow/.local/lib/python3.7/site-packages/airflow/example_dags/example_bash_operator.py took 0.279 seconds
[2022-03-16 00:16:39,346] {processor.py:163} INFO - Started process (PID=4138) to work on /home/airflow/.local/lib/python3.7/site-packages/airflow/example_dags/example_bash_operator.py
[2022-03-16 00:16:39,459] {processor.py:642} INFO - Processing file /home/airflow/.local/lib/python3.7/site-packages/airflow/example_dags/example_bash_operator.py for tasks to queue
[2022-03-16 00:16:39,460] {logging_mixin.py:109} INFO - [2022-03-16 00:16:39,460] {dagbag.py:500} INFO - Filling up the DagBag from /home/airflow/.local/lib/python3.7/site-packages/airflow/example_dags/example_bash_operator.py
[2022-03-16 00:16:39,492] {processor.py:654} INFO - DAG(s) dict_keys(['example_bash_operator']) retrieved from /home/airflow/.local/lib/python3.7/site-packages/airflow/example_dags/example_bash_operator.py
[2022-03-16 00:16:39,504] {logging_mixin.py:109} INFO - [2022-03-16 00:16:39,504] {dag.py:2398} INFO - Sync 1 DAGs
[2022-03-16 00:16:39,523] {logging_mixin.py:109} INFO - [2022-03-16 00:16:39,523] {dag.py:2937} INFO - Setting next_dagrun for example_bash_operator to 2022-03-16T00:00:00+00:00
[2022-03-16 00:16:39,698] {processor.py:171} INFO - Processing /home/airflow/.local/lib/python3.7/site-packages/airflow/example_dags/example_bash_operator.py took 0.354 seconds
[2022-03-16 00:17:10,203] {processor.py:163} INFO - Started process (PID=4197) to work on /home/airflow/.local/lib/python3.7/site-packages/airflow/example_dags/example_bash_operator.py
[2022-03-16 00:17:10,214] {processor.py:642} INFO - Processing file /home/airflow/.local/lib/python3.7/site-packages/airflow/example_dags/example_bash_operator.py for tasks to queue
[2022-03-16 00:17:10,214] {logging_mixin.py:109} INFO - [2022-03-16 00:17:10,214] {dagbag.py:500} INFO - Filling up the DagBag from /home/airflow/.local/lib/python3.7/site-packages/airflow/example_dags/example_bash_operator.py
[2022-03-16 00:17:10,237] {processor.py:654} INFO - DAG(s) dict_keys(['example_bash_operator']) retrieved from /home/airflow/.local/lib/python3.7/site-packages/airflow/example_dags/example_bash_operator.py
[2022-03-16 00:17:10,244] {logging_mixin.py:109} INFO - [2022-03-16 00:17:10,243] {dag.py:2398} INFO - Sync 1 DAGs
[2022-03-16 00:17:10,256] {logging_mixin.py:109} INFO - [2022-03-16 00:17:10,255] {dag.py:2937} INFO - Setting next_dagrun for example_bash_operator to 2022-03-16T00:00:00+00:00
[2022-03-16 00:17:10,334] {processor.py:171} INFO - Processing /home/airflow/.local/lib/python3.7/site-packages/airflow/example_dags/example_bash_operator.py took 0.133 seconds
[2022-03-16 00:17:40,671] {processor.py:163} INFO - Started process (PID=4247) to work on /home/airflow/.local/lib/python3.7/site-packages/airflow/example_dags/example_bash_operator.py
[2022-03-16 00:17:40,734] {processor.py:642} INFO - Processing file /home/airflow/.local/lib/python3.7/site-packages/airflow/example_dags/example_bash_operator.py for tasks to queue
[2022-03-16 00:17:40,735] {logging_mixin.py:109} INFO - [2022-03-16 00:17:40,735] {dagbag.py:500} INFO - Filling up the DagBag from /home/airflow/.local/lib/python3.7/site-packages/airflow/example_dags/example_bash_operator.py
[2022-03-16 00:17:40,758] {processor.py:654} INFO - DAG(s) dict_keys(['example_bash_operator']) retrieved from /home/airflow/.local/lib/python3.7/site-packages/airflow/example_dags/example_bash_operator.py
[2022-03-16 00:17:40,766] {logging_mixin.py:109} INFO - [2022-03-16 00:17:40,766] {dag.py:2398} INFO - Sync 1 DAGs
[2022-03-16 00:17:40,779] {logging_mixin.py:109} INFO - [2022-03-16 00:17:40,778] {dag.py:2937} INFO - Setting next_dagrun for example_bash_operator to 2022-03-16T00:00:00+00:00
[2022-03-16 00:17:42,253] {processor.py:171} INFO - Processing /home/airflow/.local/lib/python3.7/site-packages/airflow/example_dags/example_bash_operator.py took 1.589 seconds
[2022-03-16 00:18:12,745] {processor.py:163} INFO - Started process (PID=4311) to work on /home/airflow/.local/lib/python3.7/site-packages/airflow/example_dags/example_bash_operator.py
[2022-03-16 00:18:12,769] {processor.py:642} INFO - Processing file /home/airflow/.local/lib/python3.7/site-packages/airflow/example_dags/example_bash_operator.py for tasks to queue
[2022-03-16 00:18:12,770] {logging_mixin.py:109} INFO - [2022-03-16 00:18:12,770] {dagbag.py:500} INFO - Filling up the DagBag from /home/airflow/.local/lib/python3.7/site-packages/airflow/example_dags/example_bash_operator.py
[2022-03-16 00:18:12,811] {processor.py:654} INFO - DAG(s) dict_keys(['example_bash_operator']) retrieved from /home/airflow/.local/lib/python3.7/site-packages/airflow/example_dags/example_bash_operator.py
[2022-03-16 00:18:12,818] {logging_mixin.py:109} INFO - [2022-03-16 00:18:12,818] {dag.py:2398} INFO - Sync 1 DAGs
[2022-03-16 00:18:12,831] {logging_mixin.py:109} INFO - [2022-03-16 00:18:12,830] {dag.py:2937} INFO - Setting next_dagrun for example_bash_operator to 2022-03-16T00:00:00+00:00
[2022-03-16 00:18:12,901] {processor.py:171} INFO - Processing /home/airflow/.local/lib/python3.7/site-packages/airflow/example_dags/example_bash_operator.py took 0.159 seconds
[2022-03-16 00:18:43,441] {processor.py:163} INFO - Started process (PID=4382) to work on /home/airflow/.local/lib/python3.7/site-packages/airflow/example_dags/example_bash_operator.py
[2022-03-16 00:18:43,459] {processor.py:642} INFO - Processing file /home/airflow/.local/lib/python3.7/site-packages/airflow/example_dags/example_bash_operator.py for tasks to queue
[2022-03-16 00:18:43,460] {logging_mixin.py:109} INFO - [2022-03-16 00:18:43,459] {dagbag.py:500} INFO - Filling up the DagBag from /home/airflow/.local/lib/python3.7/site-packages/airflow/example_dags/example_bash_operator.py
[2022-03-16 00:18:43,492] {processor.py:654} INFO - DAG(s) dict_keys(['example_bash_operator']) retrieved from /home/airflow/.local/lib/python3.7/site-packages/airflow/example_dags/example_bash_operator.py
[2022-03-16 00:18:43,502] {logging_mixin.py:109} INFO - [2022-03-16 00:18:43,502] {dag.py:2398} INFO - Sync 1 DAGs
[2022-03-16 00:18:43,526] {logging_mixin.py:109} INFO - [2022-03-16 00:18:43,526] {dag.py:2937} INFO - Setting next_dagrun for example_bash_operator to 2022-03-16T00:00:00+00:00
[2022-03-16 00:18:43,580] {processor.py:171} INFO - Processing /home/airflow/.local/lib/python3.7/site-packages/airflow/example_dags/example_bash_operator.py took 0.142 seconds
[2022-03-16 00:19:13,984] {processor.py:163} INFO - Started process (PID=4442) to work on /home/airflow/.local/lib/python3.7/site-packages/airflow/example_dags/example_bash_operator.py
[2022-03-16 00:19:13,996] {processor.py:642} INFO - Processing file /home/airflow/.local/lib/python3.7/site-packages/airflow/example_dags/example_bash_operator.py for tasks to queue
[2022-03-16 00:19:13,997] {logging_mixin.py:109} INFO - [2022-03-16 00:19:13,997] {dagbag.py:500} INFO - Filling up the DagBag from /home/airflow/.local/lib/python3.7/site-packages/airflow/example_dags/example_bash_operator.py
[2022-03-16 00:19:14,017] {processor.py:654} INFO - DAG(s) dict_keys(['example_bash_operator']) retrieved from /home/airflow/.local/lib/python3.7/site-packages/airflow/example_dags/example_bash_operator.py
[2022-03-16 00:19:14,024] {logging_mixin.py:109} INFO - [2022-03-16 00:19:14,024] {dag.py:2398} INFO - Sync 1 DAGs
[2022-03-16 00:19:14,036] {logging_mixin.py:109} INFO - [2022-03-16 00:19:14,036] {dag.py:2937} INFO - Setting next_dagrun for example_bash_operator to 2022-03-16T00:00:00+00:00
[2022-03-16 00:19:15,053] {processor.py:171} INFO - Processing /home/airflow/.local/lib/python3.7/site-packages/airflow/example_dags/example_bash_operator.py took 1.071 seconds
[2022-03-16 00:19:45,123] {processor.py:163} INFO - Started process (PID=4492) to work on /home/airflow/.local/lib/python3.7/site-packages/airflow/example_dags/example_bash_operator.py
[2022-03-16 00:19:45,161] {processor.py:642} INFO - Processing file /home/airflow/.local/lib/python3.7/site-packages/airflow/example_dags/example_bash_operator.py for tasks to queue
[2022-03-16 00:19:45,162] {logging_mixin.py:109} INFO - [2022-03-16 00:19:45,162] {dagbag.py:500} INFO - Filling up the DagBag from /home/airflow/.local/lib/python3.7/site-packages/airflow/example_dags/example_bash_operator.py
[2022-03-16 00:19:45,197] {processor.py:654} INFO - DAG(s) dict_keys(['example_bash_operator']) retrieved from /home/airflow/.local/lib/python3.7/site-packages/airflow/example_dags/example_bash_operator.py
[2022-03-16 00:19:45,208] {logging_mixin.py:109} INFO - [2022-03-16 00:19:45,208] {dag.py:2398} INFO - Sync 1 DAGs
[2022-03-16 00:19:45,225] {logging_mixin.py:109} INFO - [2022-03-16 00:19:45,225] {dag.py:2937} INFO - Setting next_dagrun for example_bash_operator to 2022-03-16T00:00:00+00:00
[2022-03-16 00:19:46,180] {processor.py:171} INFO - Processing /home/airflow/.local/lib/python3.7/site-packages/airflow/example_dags/example_bash_operator.py took 1.059 seconds
[2022-03-16 00:20:16,745] {processor.py:163} INFO - Started process (PID=4558) to work on /home/airflow/.local/lib/python3.7/site-packages/airflow/example_dags/example_bash_operator.py
[2022-03-16 00:20:16,767] {processor.py:642} INFO - Processing file /home/airflow/.local/lib/python3.7/site-packages/airflow/example_dags/example_bash_operator.py for tasks to queue
[2022-03-16 00:20:16,767] {logging_mixin.py:109} INFO - [2022-03-16 00:20:16,767] {dagbag.py:500} INFO - Filling up the DagBag from /home/airflow/.local/lib/python3.7/site-packages/airflow/example_dags/example_bash_operator.py
[2022-03-16 00:20:16,791] {processor.py:654} INFO - DAG(s) dict_keys(['example_bash_operator']) retrieved from /home/airflow/.local/lib/python3.7/site-packages/airflow/example_dags/example_bash_operator.py
[2022-03-16 00:20:16,799] {logging_mixin.py:109} INFO - [2022-03-16 00:20:16,799] {dag.py:2398} INFO - Sync 1 DAGs
[2022-03-16 00:20:16,813] {logging_mixin.py:109} INFO - [2022-03-16 00:20:16,813] {dag.py:2937} INFO - Setting next_dagrun for example_bash_operator to 2022-03-16T00:00:00+00:00
[2022-03-16 00:20:17,208] {processor.py:171} INFO - Processing /home/airflow/.local/lib/python3.7/site-packages/airflow/example_dags/example_bash_operator.py took 0.466 seconds
[2022-03-16 00:20:47,941] {processor.py:163} INFO - Started process (PID=4623) to work on /home/airflow/.local/lib/python3.7/site-packages/airflow/example_dags/example_bash_operator.py
[2022-03-16 00:20:47,964] {processor.py:642} INFO - Processing file /home/airflow/.local/lib/python3.7/site-packages/airflow/example_dags/example_bash_operator.py for tasks to queue
[2022-03-16 00:20:47,965] {logging_mixin.py:109} INFO - [2022-03-16 00:20:47,965] {dagbag.py:500} INFO - Filling up the DagBag from /home/airflow/.local/lib/python3.7/site-packages/airflow/example_dags/example_bash_operator.py
[2022-03-16 00:20:47,989] {processor.py:654} INFO - DAG(s) dict_keys(['example_bash_operator']) retrieved from /home/airflow/.local/lib/python3.7/site-packages/airflow/example_dags/example_bash_operator.py
[2022-03-16 00:20:47,996] {logging_mixin.py:109} INFO - [2022-03-16 00:20:47,996] {dag.py:2398} INFO - Sync 1 DAGs
[2022-03-16 00:20:48,011] {logging_mixin.py:109} INFO - [2022-03-16 00:20:48,011] {dag.py:2937} INFO - Setting next_dagrun for example_bash_operator to 2022-03-16T00:00:00+00:00
[2022-03-16 00:20:49,097] {processor.py:171} INFO - Processing /home/airflow/.local/lib/python3.7/site-packages/airflow/example_dags/example_bash_operator.py took 1.159 seconds
[2022-03-16 00:21:19,321] {processor.py:163} INFO - Started process (PID=4688) to work on /home/airflow/.local/lib/python3.7/site-packages/airflow/example_dags/example_bash_operator.py
[2022-03-16 00:21:19,425] {processor.py:642} INFO - Processing file /home/airflow/.local/lib/python3.7/site-packages/airflow/example_dags/example_bash_operator.py for tasks to queue
[2022-03-16 00:21:19,426] {logging_mixin.py:109} INFO - [2022-03-16 00:21:19,426] {dagbag.py:500} INFO - Filling up the DagBag from /home/airflow/.local/lib/python3.7/site-packages/airflow/example_dags/example_bash_operator.py
[2022-03-16 00:21:19,448] {processor.py:654} INFO - DAG(s) dict_keys(['example_bash_operator']) retrieved from /home/airflow/.local/lib/python3.7/site-packages/airflow/example_dags/example_bash_operator.py
[2022-03-16 00:21:19,457] {logging_mixin.py:109} INFO - [2022-03-16 00:21:19,457] {dag.py:2398} INFO - Sync 1 DAGs
[2022-03-16 00:21:19,475] {logging_mixin.py:109} INFO - [2022-03-16 00:21:19,475] {dag.py:2937} INFO - Setting next_dagrun for example_bash_operator to 2022-03-16T00:00:00+00:00
[2022-03-16 00:21:19,518] {processor.py:171} INFO - Processing /home/airflow/.local/lib/python3.7/site-packages/airflow/example_dags/example_bash_operator.py took 0.199 seconds
[2022-03-16 00:21:49,957] {processor.py:163} INFO - Started process (PID=4738) to work on /home/airflow/.local/lib/python3.7/site-packages/airflow/example_dags/example_bash_operator.py
[2022-03-16 00:21:49,970] {processor.py:642} INFO - Processing file /home/airflow/.local/lib/python3.7/site-packages/airflow/example_dags/example_bash_operator.py for tasks to queue
[2022-03-16 00:21:49,970] {logging_mixin.py:109} INFO - [2022-03-16 00:21:49,970] {dagbag.py:500} INFO - Filling up the DagBag from /home/airflow/.local/lib/python3.7/site-packages/airflow/example_dags/example_bash_operator.py
[2022-03-16 00:21:49,992] {processor.py:654} INFO - DAG(s) dict_keys(['example_bash_operator']) retrieved from /home/airflow/.local/lib/python3.7/site-packages/airflow/example_dags/example_bash_operator.py
[2022-03-16 00:21:49,999] {logging_mixin.py:109} INFO - [2022-03-16 00:21:49,999] {dag.py:2398} INFO - Sync 1 DAGs
[2022-03-16 00:21:50,011] {logging_mixin.py:109} INFO - [2022-03-16 00:21:50,011] {dag.py:2937} INFO - Setting next_dagrun for example_bash_operator to 2022-03-16T00:00:00+00:00
[2022-03-16 00:21:50,052] {processor.py:171} INFO - Processing /home/airflow/.local/lib/python3.7/site-packages/airflow/example_dags/example_bash_operator.py took 0.098 seconds
[2022-03-16 00:22:20,812] {processor.py:163} INFO - Started process (PID=4808) to work on /home/airflow/.local/lib/python3.7/site-packages/airflow/example_dags/example_bash_operator.py
[2022-03-16 00:22:20,817] {processor.py:642} INFO - Processing file /home/airflow/.local/lib/python3.7/site-packages/airflow/example_dags/example_bash_operator.py for tasks to queue
[2022-03-16 00:22:20,818] {logging_mixin.py:109} INFO - [2022-03-16 00:22:20,818] {dagbag.py:500} INFO - Filling up the DagBag from /home/airflow/.local/lib/python3.7/site-packages/airflow/example_dags/example_bash_operator.py
[2022-03-16 00:22:20,840] {processor.py:654} INFO - DAG(s) dict_keys(['example_bash_operator']) retrieved from /home/airflow/.local/lib/python3.7/site-packages/airflow/example_dags/example_bash_operator.py
[2022-03-16 00:22:20,847] {logging_mixin.py:109} INFO - [2022-03-16 00:22:20,847] {dag.py:2398} INFO - Sync 1 DAGs
[2022-03-16 00:22:20,860] {logging_mixin.py:109} INFO - [2022-03-16 00:22:20,860] {dag.py:2937} INFO - Setting next_dagrun for example_bash_operator to 2022-03-16T00:00:00+00:00
[2022-03-16 00:22:20,902] {processor.py:171} INFO - Processing /home/airflow/.local/lib/python3.7/site-packages/airflow/example_dags/example_bash_operator.py took 0.092 seconds
[2022-03-16 00:22:51,211] {processor.py:163} INFO - Started process (PID=4874) to work on /home/airflow/.local/lib/python3.7/site-packages/airflow/example_dags/example_bash_operator.py
[2022-03-16 00:22:51,221] {processor.py:642} INFO - Processing file /home/airflow/.local/lib/python3.7/site-packages/airflow/example_dags/example_bash_operator.py for tasks to queue
[2022-03-16 00:22:51,222] {logging_mixin.py:109} INFO - [2022-03-16 00:22:51,222] {dagbag.py:500} INFO - Filling up the DagBag from /home/airflow/.local/lib/python3.7/site-packages/airflow/example_dags/example_bash_operator.py
[2022-03-16 00:22:51,243] {processor.py:654} INFO - DAG(s) dict_keys(['example_bash_operator']) retrieved from /home/airflow/.local/lib/python3.7/site-packages/airflow/example_dags/example_bash_operator.py
[2022-03-16 00:22:51,251] {logging_mixin.py:109} INFO - [2022-03-16 00:22:51,251] {dag.py:2398} INFO - Sync 1 DAGs
[2022-03-16 00:22:51,264] {logging_mixin.py:109} INFO - [2022-03-16 00:22:51,264] {dag.py:2937} INFO - Setting next_dagrun for example_bash_operator to 2022-03-16T00:00:00+00:00
[2022-03-16 00:22:51,419] {processor.py:171} INFO - Processing /home/airflow/.local/lib/python3.7/site-packages/airflow/example_dags/example_bash_operator.py took 0.210 seconds
[2022-03-16 00:23:22,240] {processor.py:163} INFO - Started process (PID=4937) to work on /home/airflow/.local/lib/python3.7/site-packages/airflow/example_dags/example_bash_operator.py
[2022-03-16 00:23:22,287] {processor.py:642} INFO - Processing file /home/airflow/.local/lib/python3.7/site-packages/airflow/example_dags/example_bash_operator.py for tasks to queue
[2022-03-16 00:23:22,287] {logging_mixin.py:109} INFO - [2022-03-16 00:23:22,287] {dagbag.py:500} INFO - Filling up the DagBag from /home/airflow/.local/lib/python3.7/site-packages/airflow/example_dags/example_bash_operator.py
[2022-03-16 00:23:22,310] {processor.py:654} INFO - DAG(s) dict_keys(['example_bash_operator']) retrieved from /home/airflow/.local/lib/python3.7/site-packages/airflow/example_dags/example_bash_operator.py
[2022-03-16 00:23:22,321] {logging_mixin.py:109} INFO - [2022-03-16 00:23:22,321] {dag.py:2398} INFO - Sync 1 DAGs
[2022-03-16 00:23:22,339] {logging_mixin.py:109} INFO - [2022-03-16 00:23:22,338] {dag.py:2937} INFO - Setting next_dagrun for example_bash_operator to 2022-03-16T00:00:00+00:00
[2022-03-16 00:23:22,853] {processor.py:171} INFO - Processing /home/airflow/.local/lib/python3.7/site-packages/airflow/example_dags/example_bash_operator.py took 0.614 seconds
[2022-03-16 00:23:53,527] {processor.py:163} INFO - Started process (PID=4987) to work on /home/airflow/.local/lib/python3.7/site-packages/airflow/example_dags/example_bash_operator.py
[2022-03-16 00:23:53,552] {processor.py:642} INFO - Processing file /home/airflow/.local/lib/python3.7/site-packages/airflow/example_dags/example_bash_operator.py for tasks to queue
[2022-03-16 00:23:53,552] {logging_mixin.py:109} INFO - [2022-03-16 00:23:53,552] {dagbag.py:500} INFO - Filling up the DagBag from /home/airflow/.local/lib/python3.7/site-packages/airflow/example_dags/example_bash_operator.py
[2022-03-16 00:23:53,572] {processor.py:654} INFO - DAG(s) dict_keys(['example_bash_operator']) retrieved from /home/airflow/.local/lib/python3.7/site-packages/airflow/example_dags/example_bash_operator.py
[2022-03-16 00:23:53,579] {logging_mixin.py:109} INFO - [2022-03-16 00:23:53,579] {dag.py:2398} INFO - Sync 1 DAGs
[2022-03-16 00:23:53,591] {logging_mixin.py:109} INFO - [2022-03-16 00:23:53,591] {dag.py:2937} INFO - Setting next_dagrun for example_bash_operator to 2022-03-16T00:00:00+00:00
[2022-03-16 00:23:53,722] {processor.py:171} INFO - Processing /home/airflow/.local/lib/python3.7/site-packages/airflow/example_dags/example_bash_operator.py took 0.196 seconds
[2022-03-16 00:24:24,385] {processor.py:163} INFO - Started process (PID=5058) to work on /home/airflow/.local/lib/python3.7/site-packages/airflow/example_dags/example_bash_operator.py
[2022-03-16 00:24:24,397] {processor.py:642} INFO - Processing file /home/airflow/.local/lib/python3.7/site-packages/airflow/example_dags/example_bash_operator.py for tasks to queue
[2022-03-16 00:24:24,398] {logging_mixin.py:109} INFO - [2022-03-16 00:24:24,398] {dagbag.py:500} INFO - Filling up the DagBag from /home/airflow/.local/lib/python3.7/site-packages/airflow/example_dags/example_bash_operator.py
[2022-03-16 00:24:24,430] {processor.py:654} INFO - DAG(s) dict_keys(['example_bash_operator']) retrieved from /home/airflow/.local/lib/python3.7/site-packages/airflow/example_dags/example_bash_operator.py
[2022-03-16 00:24:24,440] {logging_mixin.py:109} INFO - [2022-03-16 00:24:24,440] {dag.py:2398} INFO - Sync 1 DAGs
[2022-03-16 00:24:24,458] {logging_mixin.py:109} INFO - [2022-03-16 00:24:24,458] {dag.py:2937} INFO - Setting next_dagrun for example_bash_operator to 2022-03-16T00:00:00+00:00
[2022-03-16 00:24:25,242] {processor.py:171} INFO - Processing /home/airflow/.local/lib/python3.7/site-packages/airflow/example_dags/example_bash_operator.py took 0.859 seconds
[2022-03-16 00:24:56,050] {processor.py:163} INFO - Started process (PID=5122) to work on /home/airflow/.local/lib/python3.7/site-packages/airflow/example_dags/example_bash_operator.py
[2022-03-16 00:24:56,070] {processor.py:642} INFO - Processing file /home/airflow/.local/lib/python3.7/site-packages/airflow/example_dags/example_bash_operator.py for tasks to queue
[2022-03-16 00:24:56,071] {logging_mixin.py:109} INFO - [2022-03-16 00:24:56,071] {dagbag.py:500} INFO - Filling up the DagBag from /home/airflow/.local/lib/python3.7/site-packages/airflow/example_dags/example_bash_operator.py
[2022-03-16 00:24:56,091] {processor.py:654} INFO - DAG(s) dict_keys(['example_bash_operator']) retrieved from /home/airflow/.local/lib/python3.7/site-packages/airflow/example_dags/example_bash_operator.py
[2022-03-16 00:24:56,097] {logging_mixin.py:109} INFO - [2022-03-16 00:24:56,097] {dag.py:2398} INFO - Sync 1 DAGs
[2022-03-16 00:24:56,109] {logging_mixin.py:109} INFO - [2022-03-16 00:24:56,109] {dag.py:2937} INFO - Setting next_dagrun for example_bash_operator to 2022-03-16T00:00:00+00:00
[2022-03-16 00:24:56,150] {processor.py:171} INFO - Processing /home/airflow/.local/lib/python3.7/site-packages/airflow/example_dags/example_bash_operator.py took 0.102 seconds
[2022-03-16 00:25:26,472] {processor.py:163} INFO - Started process (PID=5183) to work on /home/airflow/.local/lib/python3.7/site-packages/airflow/example_dags/example_bash_operator.py
[2022-03-16 00:25:26,492] {processor.py:642} INFO - Processing file /home/airflow/.local/lib/python3.7/site-packages/airflow/example_dags/example_bash_operator.py for tasks to queue
[2022-03-16 00:25:26,492] {logging_mixin.py:109} INFO - [2022-03-16 00:25:26,492] {dagbag.py:500} INFO - Filling up the DagBag from /home/airflow/.local/lib/python3.7/site-packages/airflow/example_dags/example_bash_operator.py
[2022-03-16 00:25:26,513] {processor.py:654} INFO - DAG(s) dict_keys(['example_bash_operator']) retrieved from /home/airflow/.local/lib/python3.7/site-packages/airflow/example_dags/example_bash_operator.py
[2022-03-16 00:25:26,520] {logging_mixin.py:109} INFO - [2022-03-16 00:25:26,520] {dag.py:2398} INFO - Sync 1 DAGs
[2022-03-16 00:25:26,533] {logging_mixin.py:109} INFO - [2022-03-16 00:25:26,532] {dag.py:2937} INFO - Setting next_dagrun for example_bash_operator to 2022-03-16T00:00:00+00:00
[2022-03-16 00:25:27,134] {processor.py:171} INFO - Processing /home/airflow/.local/lib/python3.7/site-packages/airflow/example_dags/example_bash_operator.py took 0.664 seconds
[2022-03-16 00:25:57,232] {processor.py:163} INFO - Started process (PID=5235) to work on /home/airflow/.local/lib/python3.7/site-packages/airflow/example_dags/example_bash_operator.py
[2022-03-16 00:25:57,253] {processor.py:642} INFO - Processing file /home/airflow/.local/lib/python3.7/site-packages/airflow/example_dags/example_bash_operator.py for tasks to queue
[2022-03-16 00:25:57,253] {logging_mixin.py:109} INFO - [2022-03-16 00:25:57,253] {dagbag.py:500} INFO - Filling up the DagBag from /home/airflow/.local/lib/python3.7/site-packages/airflow/example_dags/example_bash_operator.py
[2022-03-16 00:25:57,273] {processor.py:654} INFO - DAG(s) dict_keys(['example_bash_operator']) retrieved from /home/airflow/.local/lib/python3.7/site-packages/airflow/example_dags/example_bash_operator.py
[2022-03-16 00:25:57,280] {logging_mixin.py:109} INFO - [2022-03-16 00:25:57,280] {dag.py:2398} INFO - Sync 1 DAGs
[2022-03-16 00:25:57,291] {logging_mixin.py:109} INFO - [2022-03-16 00:25:57,291] {dag.py:2937} INFO - Setting next_dagrun for example_bash_operator to 2022-03-16T00:00:00+00:00
[2022-03-16 00:25:57,415] {processor.py:171} INFO - Processing /home/airflow/.local/lib/python3.7/site-packages/airflow/example_dags/example_bash_operator.py took 0.185 seconds
[2022-03-16 00:26:27,614] {processor.py:163} INFO - Started process (PID=5293) to work on /home/airflow/.local/lib/python3.7/site-packages/airflow/example_dags/example_bash_operator.py
[2022-03-16 00:26:27,624] {processor.py:642} INFO - Processing file /home/airflow/.local/lib/python3.7/site-packages/airflow/example_dags/example_bash_operator.py for tasks to queue
[2022-03-16 00:26:27,624] {logging_mixin.py:109} INFO - [2022-03-16 00:26:27,624] {dagbag.py:500} INFO - Filling up the DagBag from /home/airflow/.local/lib/python3.7/site-packages/airflow/example_dags/example_bash_operator.py
[2022-03-16 00:26:27,646] {processor.py:654} INFO - DAG(s) dict_keys(['example_bash_operator']) retrieved from /home/airflow/.local/lib/python3.7/site-packages/airflow/example_dags/example_bash_operator.py
[2022-03-16 00:26:27,653] {logging_mixin.py:109} INFO - [2022-03-16 00:26:27,653] {dag.py:2398} INFO - Sync 1 DAGs
[2022-03-16 00:26:27,666] {logging_mixin.py:109} INFO - [2022-03-16 00:26:27,666] {dag.py:2937} INFO - Setting next_dagrun for example_bash_operator to 2022-03-16T00:00:00+00:00
[2022-03-16 00:26:27,731] {processor.py:171} INFO - Processing /home/airflow/.local/lib/python3.7/site-packages/airflow/example_dags/example_bash_operator.py took 0.119 seconds
[2022-03-16 00:26:58,102] {processor.py:163} INFO - Started process (PID=5365) to work on /home/airflow/.local/lib/python3.7/site-packages/airflow/example_dags/example_bash_operator.py
[2022-03-16 00:26:58,124] {processor.py:642} INFO - Processing file /home/airflow/.local/lib/python3.7/site-packages/airflow/example_dags/example_bash_operator.py for tasks to queue
[2022-03-16 00:26:58,125] {logging_mixin.py:109} INFO - [2022-03-16 00:26:58,125] {dagbag.py:500} INFO - Filling up the DagBag from /home/airflow/.local/lib/python3.7/site-packages/airflow/example_dags/example_bash_operator.py
[2022-03-16 00:26:58,163] {processor.py:654} INFO - DAG(s) dict_keys(['example_bash_operator']) retrieved from /home/airflow/.local/lib/python3.7/site-packages/airflow/example_dags/example_bash_operator.py
[2022-03-16 00:26:58,171] {logging_mixin.py:109} INFO - [2022-03-16 00:26:58,171] {dag.py:2398} INFO - Sync 1 DAGs
[2022-03-16 00:26:58,188] {logging_mixin.py:109} INFO - [2022-03-16 00:26:58,187] {dag.py:2937} INFO - Setting next_dagrun for example_bash_operator to 2022-03-16T00:00:00+00:00
[2022-03-16 00:26:58,255] {processor.py:171} INFO - Processing /home/airflow/.local/lib/python3.7/site-packages/airflow/example_dags/example_bash_operator.py took 0.157 seconds
[2022-03-16 00:27:28,498] {processor.py:163} INFO - Started process (PID=5411) to work on /home/airflow/.local/lib/python3.7/site-packages/airflow/example_dags/example_bash_operator.py
[2022-03-16 00:27:28,507] {processor.py:642} INFO - Processing file /home/airflow/.local/lib/python3.7/site-packages/airflow/example_dags/example_bash_operator.py for tasks to queue
[2022-03-16 00:27:28,507] {logging_mixin.py:109} INFO - [2022-03-16 00:27:28,507] {dagbag.py:500} INFO - Filling up the DagBag from /home/airflow/.local/lib/python3.7/site-packages/airflow/example_dags/example_bash_operator.py
[2022-03-16 00:27:28,535] {processor.py:654} INFO - DAG(s) dict_keys(['example_bash_operator']) retrieved from /home/airflow/.local/lib/python3.7/site-packages/airflow/example_dags/example_bash_operator.py
[2022-03-16 00:27:28,543] {logging_mixin.py:109} INFO - [2022-03-16 00:27:28,543] {dag.py:2398} INFO - Sync 1 DAGs
[2022-03-16 00:27:28,557] {logging_mixin.py:109} INFO - [2022-03-16 00:27:28,556] {dag.py:2937} INFO - Setting next_dagrun for example_bash_operator to 2022-03-16T00:00:00+00:00
[2022-03-16 00:27:28,713] {processor.py:171} INFO - Processing /home/airflow/.local/lib/python3.7/site-packages/airflow/example_dags/example_bash_operator.py took 0.217 seconds
[2022-03-16 00:27:58,771] {processor.py:163} INFO - Started process (PID=5470) to work on /home/airflow/.local/lib/python3.7/site-packages/airflow/example_dags/example_bash_operator.py
[2022-03-16 00:27:58,867] {processor.py:642} INFO - Processing file /home/airflow/.local/lib/python3.7/site-packages/airflow/example_dags/example_bash_operator.py for tasks to queue
[2022-03-16 00:27:58,868] {logging_mixin.py:109} INFO - [2022-03-16 00:27:58,868] {dagbag.py:500} INFO - Filling up the DagBag from /home/airflow/.local/lib/python3.7/site-packages/airflow/example_dags/example_bash_operator.py
[2022-03-16 00:27:58,896] {processor.py:654} INFO - DAG(s) dict_keys(['example_bash_operator']) retrieved from /home/airflow/.local/lib/python3.7/site-packages/airflow/example_dags/example_bash_operator.py
[2022-03-16 00:27:58,909] {logging_mixin.py:109} INFO - [2022-03-16 00:27:58,908] {dag.py:2398} INFO - Sync 1 DAGs
[2022-03-16 00:27:58,923] {logging_mixin.py:109} INFO - [2022-03-16 00:27:58,923] {dag.py:2937} INFO - Setting next_dagrun for example_bash_operator to 2022-03-16T00:00:00+00:00
[2022-03-16 00:28:00,414] {processor.py:171} INFO - Processing /home/airflow/.local/lib/python3.7/site-packages/airflow/example_dags/example_bash_operator.py took 1.645 seconds
[2022-03-16 00:28:30,928] {processor.py:163} INFO - Started process (PID=5533) to work on /home/airflow/.local/lib/python3.7/site-packages/airflow/example_dags/example_bash_operator.py
[2022-03-16 00:28:31,019] {processor.py:642} INFO - Processing file /home/airflow/.local/lib/python3.7/site-packages/airflow/example_dags/example_bash_operator.py for tasks to queue
[2022-03-16 00:28:31,021] {logging_mixin.py:109} INFO - [2022-03-16 00:28:31,021] {dagbag.py:500} INFO - Filling up the DagBag from /home/airflow/.local/lib/python3.7/site-packages/airflow/example_dags/example_bash_operator.py
[2022-03-16 00:28:31,073] {processor.py:654} INFO - DAG(s) dict_keys(['example_bash_operator']) retrieved from /home/airflow/.local/lib/python3.7/site-packages/airflow/example_dags/example_bash_operator.py
[2022-03-16 00:28:31,081] {logging_mixin.py:109} INFO - [2022-03-16 00:28:31,080] {dag.py:2398} INFO - Sync 1 DAGs
[2022-03-16 00:28:31,092] {logging_mixin.py:109} INFO - [2022-03-16 00:28:31,092] {dag.py:2937} INFO - Setting next_dagrun for example_bash_operator to 2022-03-16T00:00:00+00:00
[2022-03-16 00:28:31,902] {processor.py:171} INFO - Processing /home/airflow/.local/lib/python3.7/site-packages/airflow/example_dags/example_bash_operator.py took 0.976 seconds
[2022-03-16 00:29:02,778] {processor.py:163} INFO - Started process (PID=5594) to work on /home/airflow/.local/lib/python3.7/site-packages/airflow/example_dags/example_bash_operator.py
[2022-03-16 00:29:02,792] {processor.py:642} INFO - Processing file /home/airflow/.local/lib/python3.7/site-packages/airflow/example_dags/example_bash_operator.py for tasks to queue
[2022-03-16 00:29:02,793] {logging_mixin.py:109} INFO - [2022-03-16 00:29:02,793] {dagbag.py:500} INFO - Filling up the DagBag from /home/airflow/.local/lib/python3.7/site-packages/airflow/example_dags/example_bash_operator.py
[2022-03-16 00:29:02,822] {processor.py:654} INFO - DAG(s) dict_keys(['example_bash_operator']) retrieved from /home/airflow/.local/lib/python3.7/site-packages/airflow/example_dags/example_bash_operator.py
[2022-03-16 00:29:02,829] {logging_mixin.py:109} INFO - [2022-03-16 00:29:02,829] {dag.py:2398} INFO - Sync 1 DAGs
[2022-03-16 00:29:02,844] {logging_mixin.py:109} INFO - [2022-03-16 00:29:02,844] {dag.py:2937} INFO - Setting next_dagrun for example_bash_operator to 2022-03-16T00:00:00+00:00
[2022-03-16 00:29:03,075] {processor.py:171} INFO - Processing /home/airflow/.local/lib/python3.7/site-packages/airflow/example_dags/example_bash_operator.py took 0.301 seconds
[2022-03-16 00:29:33,271] {processor.py:163} INFO - Started process (PID=5653) to work on /home/airflow/.local/lib/python3.7/site-packages/airflow/example_dags/example_bash_operator.py
[2022-03-16 00:29:33,279] {processor.py:642} INFO - Processing file /home/airflow/.local/lib/python3.7/site-packages/airflow/example_dags/example_bash_operator.py for tasks to queue
[2022-03-16 00:29:33,279] {logging_mixin.py:109} INFO - [2022-03-16 00:29:33,279] {dagbag.py:500} INFO - Filling up the DagBag from /home/airflow/.local/lib/python3.7/site-packages/airflow/example_dags/example_bash_operator.py
[2022-03-16 00:29:33,301] {processor.py:654} INFO - DAG(s) dict_keys(['example_bash_operator']) retrieved from /home/airflow/.local/lib/python3.7/site-packages/airflow/example_dags/example_bash_operator.py
[2022-03-16 00:29:33,310] {logging_mixin.py:109} INFO - [2022-03-16 00:29:33,310] {dag.py:2398} INFO - Sync 1 DAGs
[2022-03-16 00:29:33,326] {logging_mixin.py:109} INFO - [2022-03-16 00:29:33,326] {dag.py:2937} INFO - Setting next_dagrun for example_bash_operator to 2022-03-16T00:00:00+00:00
[2022-03-16 00:29:33,377] {processor.py:171} INFO - Processing /home/airflow/.local/lib/python3.7/site-packages/airflow/example_dags/example_bash_operator.py took 0.108 seconds
[2022-03-16 00:30:03,639] {processor.py:163} INFO - Started process (PID=5706) to work on /home/airflow/.local/lib/python3.7/site-packages/airflow/example_dags/example_bash_operator.py
[2022-03-16 00:30:03,651] {processor.py:642} INFO - Processing file /home/airflow/.local/lib/python3.7/site-packages/airflow/example_dags/example_bash_operator.py for tasks to queue
[2022-03-16 00:30:03,652] {logging_mixin.py:109} INFO - [2022-03-16 00:30:03,652] {dagbag.py:500} INFO - Filling up the DagBag from /home/airflow/.local/lib/python3.7/site-packages/airflow/example_dags/example_bash_operator.py
[2022-03-16 00:30:03,680] {processor.py:654} INFO - DAG(s) dict_keys(['example_bash_operator']) retrieved from /home/airflow/.local/lib/python3.7/site-packages/airflow/example_dags/example_bash_operator.py
[2022-03-16 00:30:03,692] {logging_mixin.py:109} INFO - [2022-03-16 00:30:03,692] {dag.py:2398} INFO - Sync 1 DAGs
[2022-03-16 00:30:03,710] {logging_mixin.py:109} INFO - [2022-03-16 00:30:03,710] {dag.py:2937} INFO - Setting next_dagrun for example_bash_operator to 2022-03-16T00:00:00+00:00
[2022-03-16 00:30:03,762] {processor.py:171} INFO - Processing /home/airflow/.local/lib/python3.7/site-packages/airflow/example_dags/example_bash_operator.py took 0.125 seconds
[2022-03-16 00:30:33,993] {processor.py:163} INFO - Started process (PID=5781) to work on /home/airflow/.local/lib/python3.7/site-packages/airflow/example_dags/example_bash_operator.py
[2022-03-16 00:30:33,996] {processor.py:642} INFO - Processing file /home/airflow/.local/lib/python3.7/site-packages/airflow/example_dags/example_bash_operator.py for tasks to queue
[2022-03-16 00:30:33,997] {logging_mixin.py:109} INFO - [2022-03-16 00:30:33,997] {dagbag.py:500} INFO - Filling up the DagBag from /home/airflow/.local/lib/python3.7/site-packages/airflow/example_dags/example_bash_operator.py
[2022-03-16 00:30:34,023] {processor.py:654} INFO - DAG(s) dict_keys(['example_bash_operator']) retrieved from /home/airflow/.local/lib/python3.7/site-packages/airflow/example_dags/example_bash_operator.py
[2022-03-16 00:30:34,032] {logging_mixin.py:109} INFO - [2022-03-16 00:30:34,031] {dag.py:2398} INFO - Sync 1 DAGs
[2022-03-16 00:30:34,049] {logging_mixin.py:109} INFO - [2022-03-16 00:30:34,049] {dag.py:2937} INFO - Setting next_dagrun for example_bash_operator to 2022-03-16T00:00:00+00:00
[2022-03-16 00:30:34,109] {processor.py:171} INFO - Processing /home/airflow/.local/lib/python3.7/site-packages/airflow/example_dags/example_bash_operator.py took 0.119 seconds
[2022-03-16 00:31:04,715] {processor.py:163} INFO - Started process (PID=5844) to work on /home/airflow/.local/lib/python3.7/site-packages/airflow/example_dags/example_bash_operator.py
[2022-03-16 00:31:04,773] {processor.py:642} INFO - Processing file /home/airflow/.local/lib/python3.7/site-packages/airflow/example_dags/example_bash_operator.py for tasks to queue
[2022-03-16 00:31:04,775] {logging_mixin.py:109} INFO - [2022-03-16 00:31:04,774] {dagbag.py:500} INFO - Filling up the DagBag from /home/airflow/.local/lib/python3.7/site-packages/airflow/example_dags/example_bash_operator.py
[2022-03-16 00:31:04,825] {processor.py:654} INFO - DAG(s) dict_keys(['example_bash_operator']) retrieved from /home/airflow/.local/lib/python3.7/site-packages/airflow/example_dags/example_bash_operator.py
[2022-03-16 00:31:04,832] {logging_mixin.py:109} INFO - [2022-03-16 00:31:04,832] {dag.py:2398} INFO - Sync 1 DAGs
[2022-03-16 00:31:04,846] {logging_mixin.py:109} INFO - [2022-03-16 00:31:04,846] {dag.py:2937} INFO - Setting next_dagrun for example_bash_operator to 2022-03-16T00:00:00+00:00
[2022-03-16 00:31:05,059] {processor.py:171} INFO - Processing /home/airflow/.local/lib/python3.7/site-packages/airflow/example_dags/example_bash_operator.py took 0.349 seconds
[2022-03-16 00:31:36,386] {processor.py:163} INFO - Started process (PID=5894) to work on /home/airflow/.local/lib/python3.7/site-packages/airflow/example_dags/example_bash_operator.py
[2022-03-16 00:31:36,393] {processor.py:642} INFO - Processing file /home/airflow/.local/lib/python3.7/site-packages/airflow/example_dags/example_bash_operator.py for tasks to queue
[2022-03-16 00:31:36,394] {logging_mixin.py:109} INFO - [2022-03-16 00:31:36,394] {dagbag.py:500} INFO - Filling up the DagBag from /home/airflow/.local/lib/python3.7/site-packages/airflow/example_dags/example_bash_operator.py
[2022-03-16 00:31:36,426] {processor.py:654} INFO - DAG(s) dict_keys(['example_bash_operator']) retrieved from /home/airflow/.local/lib/python3.7/site-packages/airflow/example_dags/example_bash_operator.py
[2022-03-16 00:31:36,435] {logging_mixin.py:109} INFO - [2022-03-16 00:31:36,435] {dag.py:2398} INFO - Sync 1 DAGs
[2022-03-16 00:31:36,455] {logging_mixin.py:109} INFO - [2022-03-16 00:31:36,455] {dag.py:2937} INFO - Setting next_dagrun for example_bash_operator to 2022-03-16T00:00:00+00:00
[2022-03-16 00:31:37,119] {processor.py:171} INFO - Processing /home/airflow/.local/lib/python3.7/site-packages/airflow/example_dags/example_bash_operator.py took 0.737 seconds
[2022-03-16 00:32:09,701] {processor.py:163} INFO - Started process (PID=5955) to work on /home/airflow/.local/lib/python3.7/site-packages/airflow/example_dags/example_bash_operator.py
[2022-03-16 00:32:09,786] {processor.py:642} INFO - Processing file /home/airflow/.local/lib/python3.7/site-packages/airflow/example_dags/example_bash_operator.py for tasks to queue
[2022-03-16 00:32:09,787] {logging_mixin.py:109} INFO - [2022-03-16 00:32:09,787] {dagbag.py:500} INFO - Filling up the DagBag from /home/airflow/.local/lib/python3.7/site-packages/airflow/example_dags/example_bash_operator.py
[2022-03-16 00:32:09,814] {processor.py:654} INFO - DAG(s) dict_keys(['example_bash_operator']) retrieved from /home/airflow/.local/lib/python3.7/site-packages/airflow/example_dags/example_bash_operator.py
[2022-03-16 00:32:09,823] {logging_mixin.py:109} INFO - [2022-03-16 00:32:09,823] {dag.py:2398} INFO - Sync 1 DAGs
[2022-03-16 00:32:09,836] {logging_mixin.py:109} INFO - [2022-03-16 00:32:09,835] {dag.py:2937} INFO - Setting next_dagrun for example_bash_operator to 2022-03-16T00:00:00+00:00
[2022-03-16 00:32:09,905] {processor.py:171} INFO - Processing /home/airflow/.local/lib/python3.7/site-packages/airflow/example_dags/example_bash_operator.py took 0.211 seconds
[2022-03-16 00:32:40,304] {processor.py:163} INFO - Started process (PID=6016) to work on /home/airflow/.local/lib/python3.7/site-packages/airflow/example_dags/example_bash_operator.py
[2022-03-16 00:32:40,308] {processor.py:642} INFO - Processing file /home/airflow/.local/lib/python3.7/site-packages/airflow/example_dags/example_bash_operator.py for tasks to queue
[2022-03-16 00:32:40,308] {logging_mixin.py:109} INFO - [2022-03-16 00:32:40,308] {dagbag.py:500} INFO - Filling up the DagBag from /home/airflow/.local/lib/python3.7/site-packages/airflow/example_dags/example_bash_operator.py
[2022-03-16 00:32:40,329] {processor.py:654} INFO - DAG(s) dict_keys(['example_bash_operator']) retrieved from /home/airflow/.local/lib/python3.7/site-packages/airflow/example_dags/example_bash_operator.py
[2022-03-16 00:32:40,336] {logging_mixin.py:109} INFO - [2022-03-16 00:32:40,336] {dag.py:2398} INFO - Sync 1 DAGs
[2022-03-16 00:32:40,348] {logging_mixin.py:109} INFO - [2022-03-16 00:32:40,348] {dag.py:2937} INFO - Setting next_dagrun for example_bash_operator to 2022-03-16T00:00:00+00:00
[2022-03-16 00:32:40,461] {processor.py:171} INFO - Processing /home/airflow/.local/lib/python3.7/site-packages/airflow/example_dags/example_bash_operator.py took 0.159 seconds
[2022-03-16 00:33:10,509] {processor.py:163} INFO - Started process (PID=6084) to work on /home/airflow/.local/lib/python3.7/site-packages/airflow/example_dags/example_bash_operator.py
[2022-03-16 00:33:10,552] {processor.py:642} INFO - Processing file /home/airflow/.local/lib/python3.7/site-packages/airflow/example_dags/example_bash_operator.py for tasks to queue
[2022-03-16 00:33:10,552] {logging_mixin.py:109} INFO - [2022-03-16 00:33:10,552] {dagbag.py:500} INFO - Filling up the DagBag from /home/airflow/.local/lib/python3.7/site-packages/airflow/example_dags/example_bash_operator.py
[2022-03-16 00:33:10,574] {processor.py:654} INFO - DAG(s) dict_keys(['example_bash_operator']) retrieved from /home/airflow/.local/lib/python3.7/site-packages/airflow/example_dags/example_bash_operator.py
[2022-03-16 00:33:10,584] {logging_mixin.py:109} INFO - [2022-03-16 00:33:10,584] {dag.py:2398} INFO - Sync 1 DAGs
[2022-03-16 00:33:10,602] {logging_mixin.py:109} INFO - [2022-03-16 00:33:10,602] {dag.py:2937} INFO - Setting next_dagrun for example_bash_operator to 2022-03-16T00:00:00+00:00
[2022-03-16 00:33:11,513] {processor.py:171} INFO - Processing /home/airflow/.local/lib/python3.7/site-packages/airflow/example_dags/example_bash_operator.py took 1.006 seconds
[2022-03-16 00:33:42,151] {processor.py:163} INFO - Started process (PID=6134) to work on /home/airflow/.local/lib/python3.7/site-packages/airflow/example_dags/example_bash_operator.py
[2022-03-16 00:33:42,168] {processor.py:642} INFO - Processing file /home/airflow/.local/lib/python3.7/site-packages/airflow/example_dags/example_bash_operator.py for tasks to queue
[2022-03-16 00:33:42,168] {logging_mixin.py:109} INFO - [2022-03-16 00:33:42,168] {dagbag.py:500} INFO - Filling up the DagBag from /home/airflow/.local/lib/python3.7/site-packages/airflow/example_dags/example_bash_operator.py
[2022-03-16 00:33:42,190] {processor.py:654} INFO - DAG(s) dict_keys(['example_bash_operator']) retrieved from /home/airflow/.local/lib/python3.7/site-packages/airflow/example_dags/example_bash_operator.py
[2022-03-16 00:33:42,197] {logging_mixin.py:109} INFO - [2022-03-16 00:33:42,197] {dag.py:2398} INFO - Sync 1 DAGs
[2022-03-16 00:33:42,210] {logging_mixin.py:109} INFO - [2022-03-16 00:33:42,210] {dag.py:2937} INFO - Setting next_dagrun for example_bash_operator to 2022-03-16T00:00:00+00:00
[2022-03-16 00:33:42,294] {processor.py:171} INFO - Processing /home/airflow/.local/lib/python3.7/site-packages/airflow/example_dags/example_bash_operator.py took 0.145 seconds
[2022-03-16 00:34:12,598] {processor.py:163} INFO - Started process (PID=6188) to work on /home/airflow/.local/lib/python3.7/site-packages/airflow/example_dags/example_bash_operator.py
[2022-03-16 00:34:12,606] {processor.py:642} INFO - Processing file /home/airflow/.local/lib/python3.7/site-packages/airflow/example_dags/example_bash_operator.py for tasks to queue
[2022-03-16 00:34:12,607] {logging_mixin.py:109} INFO - [2022-03-16 00:34:12,607] {dagbag.py:500} INFO - Filling up the DagBag from /home/airflow/.local/lib/python3.7/site-packages/airflow/example_dags/example_bash_operator.py
[2022-03-16 00:34:12,628] {processor.py:654} INFO - DAG(s) dict_keys(['example_bash_operator']) retrieved from /home/airflow/.local/lib/python3.7/site-packages/airflow/example_dags/example_bash_operator.py
[2022-03-16 00:34:12,635] {logging_mixin.py:109} INFO - [2022-03-16 00:34:12,635] {dag.py:2398} INFO - Sync 1 DAGs
[2022-03-16 00:34:12,647] {logging_mixin.py:109} INFO - [2022-03-16 00:34:12,647] {dag.py:2937} INFO - Setting next_dagrun for example_bash_operator to 2022-03-16T00:00:00+00:00
[2022-03-16 00:34:12,731] {processor.py:171} INFO - Processing /home/airflow/.local/lib/python3.7/site-packages/airflow/example_dags/example_bash_operator.py took 0.135 seconds
