[2022-03-16 00:00:22,931] {processor.py:163} INFO - Started process (PID=2234) to work on /home/airflow/.local/lib/python3.7/site-packages/airflow/example_dags/example_nested_branch_dag.py
[2022-03-16 00:00:22,932] {processor.py:642} INFO - Processing file /home/airflow/.local/lib/python3.7/site-packages/airflow/example_dags/example_nested_branch_dag.py for tasks to queue
[2022-03-16 00:00:22,933] {logging_mixin.py:109} INFO - [2022-03-16 00:00:22,932] {dagbag.py:500} INFO - Filling up the DagBag from /home/airflow/.local/lib/python3.7/site-packages/airflow/example_dags/example_nested_branch_dag.py
[2022-03-16 00:00:22,960] {processor.py:654} INFO - DAG(s) dict_keys(['example_nested_branch_dag']) retrieved from /home/airflow/.local/lib/python3.7/site-packages/airflow/example_dags/example_nested_branch_dag.py
[2022-03-16 00:00:22,972] {logging_mixin.py:109} INFO - [2022-03-16 00:00:22,972] {dag.py:2398} INFO - Sync 1 DAGs
[2022-03-16 00:00:22,994] {logging_mixin.py:109} INFO - [2022-03-16 00:00:22,994] {dag.py:2937} INFO - Setting next_dagrun for example_nested_branch_dag to 2022-03-15 00:00:00+00:00
[2022-03-16 00:00:23,790] {processor.py:171} INFO - Processing /home/airflow/.local/lib/python3.7/site-packages/airflow/example_dags/example_nested_branch_dag.py took 0.861 seconds
[2022-03-16 00:00:56,068] {processor.py:163} INFO - Started process (PID=2298) to work on /home/airflow/.local/lib/python3.7/site-packages/airflow/example_dags/example_nested_branch_dag.py
[2022-03-16 00:00:56,069] {processor.py:642} INFO - Processing file /home/airflow/.local/lib/python3.7/site-packages/airflow/example_dags/example_nested_branch_dag.py for tasks to queue
[2022-03-16 00:00:56,070] {logging_mixin.py:109} INFO - [2022-03-16 00:00:56,070] {dagbag.py:500} INFO - Filling up the DagBag from /home/airflow/.local/lib/python3.7/site-packages/airflow/example_dags/example_nested_branch_dag.py
[2022-03-16 00:00:56,095] {processor.py:654} INFO - DAG(s) dict_keys(['example_nested_branch_dag']) retrieved from /home/airflow/.local/lib/python3.7/site-packages/airflow/example_dags/example_nested_branch_dag.py
[2022-03-16 00:00:56,103] {logging_mixin.py:109} INFO - [2022-03-16 00:00:56,102] {dag.py:2398} INFO - Sync 1 DAGs
[2022-03-16 00:00:56,115] {logging_mixin.py:109} INFO - [2022-03-16 00:00:56,115] {dag.py:2937} INFO - Setting next_dagrun for example_nested_branch_dag to 2022-03-15 00:00:00+00:00
[2022-03-16 00:00:56,153] {processor.py:171} INFO - Processing /home/airflow/.local/lib/python3.7/site-packages/airflow/example_dags/example_nested_branch_dag.py took 0.087 seconds
[2022-03-16 00:01:27,710] {processor.py:163} INFO - Started process (PID=2358) to work on /home/airflow/.local/lib/python3.7/site-packages/airflow/example_dags/example_nested_branch_dag.py
[2022-03-16 00:01:27,711] {processor.py:642} INFO - Processing file /home/airflow/.local/lib/python3.7/site-packages/airflow/example_dags/example_nested_branch_dag.py for tasks to queue
[2022-03-16 00:01:27,711] {logging_mixin.py:109} INFO - [2022-03-16 00:01:27,711] {dagbag.py:500} INFO - Filling up the DagBag from /home/airflow/.local/lib/python3.7/site-packages/airflow/example_dags/example_nested_branch_dag.py
[2022-03-16 00:01:27,735] {processor.py:654} INFO - DAG(s) dict_keys(['example_nested_branch_dag']) retrieved from /home/airflow/.local/lib/python3.7/site-packages/airflow/example_dags/example_nested_branch_dag.py
[2022-03-16 00:01:27,747] {logging_mixin.py:109} INFO - [2022-03-16 00:01:27,747] {dag.py:2398} INFO - Sync 1 DAGs
[2022-03-16 00:01:27,767] {logging_mixin.py:109} INFO - [2022-03-16 00:01:27,767] {dag.py:2937} INFO - Setting next_dagrun for example_nested_branch_dag to 2022-03-15 00:00:00+00:00
[2022-03-16 00:01:27,811] {processor.py:171} INFO - Processing /home/airflow/.local/lib/python3.7/site-packages/airflow/example_dags/example_nested_branch_dag.py took 0.103 seconds
[2022-03-16 00:01:59,036] {processor.py:163} INFO - Started process (PID=2409) to work on /home/airflow/.local/lib/python3.7/site-packages/airflow/example_dags/example_nested_branch_dag.py
[2022-03-16 00:01:59,036] {processor.py:642} INFO - Processing file /home/airflow/.local/lib/python3.7/site-packages/airflow/example_dags/example_nested_branch_dag.py for tasks to queue
[2022-03-16 00:01:59,037] {logging_mixin.py:109} INFO - [2022-03-16 00:01:59,037] {dagbag.py:500} INFO - Filling up the DagBag from /home/airflow/.local/lib/python3.7/site-packages/airflow/example_dags/example_nested_branch_dag.py
[2022-03-16 00:01:59,060] {processor.py:654} INFO - DAG(s) dict_keys(['example_nested_branch_dag']) retrieved from /home/airflow/.local/lib/python3.7/site-packages/airflow/example_dags/example_nested_branch_dag.py
[2022-03-16 00:01:59,068] {logging_mixin.py:109} INFO - [2022-03-16 00:01:59,068] {dag.py:2398} INFO - Sync 1 DAGs
[2022-03-16 00:01:59,080] {logging_mixin.py:109} INFO - [2022-03-16 00:01:59,080] {dag.py:2937} INFO - Setting next_dagrun for example_nested_branch_dag to 2022-03-15 00:00:00+00:00
[2022-03-16 00:01:59,763] {processor.py:171} INFO - Processing /home/airflow/.local/lib/python3.7/site-packages/airflow/example_dags/example_nested_branch_dag.py took 0.729 seconds
[2022-03-16 00:02:30,245] {processor.py:163} INFO - Started process (PID=2472) to work on /home/airflow/.local/lib/python3.7/site-packages/airflow/example_dags/example_nested_branch_dag.py
[2022-03-16 00:02:30,246] {processor.py:642} INFO - Processing file /home/airflow/.local/lib/python3.7/site-packages/airflow/example_dags/example_nested_branch_dag.py for tasks to queue
[2022-03-16 00:02:30,246] {logging_mixin.py:109} INFO - [2022-03-16 00:02:30,246] {dagbag.py:500} INFO - Filling up the DagBag from /home/airflow/.local/lib/python3.7/site-packages/airflow/example_dags/example_nested_branch_dag.py
[2022-03-16 00:02:30,266] {processor.py:654} INFO - DAG(s) dict_keys(['example_nested_branch_dag']) retrieved from /home/airflow/.local/lib/python3.7/site-packages/airflow/example_dags/example_nested_branch_dag.py
[2022-03-16 00:02:30,273] {logging_mixin.py:109} INFO - [2022-03-16 00:02:30,273] {dag.py:2398} INFO - Sync 1 DAGs
[2022-03-16 00:02:30,284] {logging_mixin.py:109} INFO - [2022-03-16 00:02:30,284] {dag.py:2937} INFO - Setting next_dagrun for example_nested_branch_dag to 2022-03-15 00:00:00+00:00
[2022-03-16 00:02:30,352] {processor.py:171} INFO - Processing /home/airflow/.local/lib/python3.7/site-packages/airflow/example_dags/example_nested_branch_dag.py took 0.109 seconds
[2022-03-16 00:03:00,419] {processor.py:163} INFO - Started process (PID=2544) to work on /home/airflow/.local/lib/python3.7/site-packages/airflow/example_dags/example_nested_branch_dag.py
[2022-03-16 00:03:00,420] {processor.py:642} INFO - Processing file /home/airflow/.local/lib/python3.7/site-packages/airflow/example_dags/example_nested_branch_dag.py for tasks to queue
[2022-03-16 00:03:00,421] {logging_mixin.py:109} INFO - [2022-03-16 00:03:00,421] {dagbag.py:500} INFO - Filling up the DagBag from /home/airflow/.local/lib/python3.7/site-packages/airflow/example_dags/example_nested_branch_dag.py
[2022-03-16 00:03:00,448] {processor.py:654} INFO - DAG(s) dict_keys(['example_nested_branch_dag']) retrieved from /home/airflow/.local/lib/python3.7/site-packages/airflow/example_dags/example_nested_branch_dag.py
[2022-03-16 00:03:00,457] {logging_mixin.py:109} INFO - [2022-03-16 00:03:00,457] {dag.py:2398} INFO - Sync 1 DAGs
[2022-03-16 00:03:00,474] {logging_mixin.py:109} INFO - [2022-03-16 00:03:00,474] {dag.py:2937} INFO - Setting next_dagrun for example_nested_branch_dag to 2022-03-15 00:00:00+00:00
[2022-03-16 00:03:00,532] {processor.py:171} INFO - Processing /home/airflow/.local/lib/python3.7/site-packages/airflow/example_dags/example_nested_branch_dag.py took 0.115 seconds
[2022-03-16 00:03:31,710] {processor.py:163} INFO - Started process (PID=2594) to work on /home/airflow/.local/lib/python3.7/site-packages/airflow/example_dags/example_nested_branch_dag.py
[2022-03-16 00:03:31,713] {processor.py:642} INFO - Processing file /home/airflow/.local/lib/python3.7/site-packages/airflow/example_dags/example_nested_branch_dag.py for tasks to queue
[2022-03-16 00:03:31,715] {logging_mixin.py:109} INFO - [2022-03-16 00:03:31,714] {dagbag.py:500} INFO - Filling up the DagBag from /home/airflow/.local/lib/python3.7/site-packages/airflow/example_dags/example_nested_branch_dag.py
[2022-03-16 00:03:31,747] {processor.py:654} INFO - DAG(s) dict_keys(['example_nested_branch_dag']) retrieved from /home/airflow/.local/lib/python3.7/site-packages/airflow/example_dags/example_nested_branch_dag.py
[2022-03-16 00:03:31,754] {logging_mixin.py:109} INFO - [2022-03-16 00:03:31,754] {dag.py:2398} INFO - Sync 1 DAGs
[2022-03-16 00:03:31,767] {logging_mixin.py:109} INFO - [2022-03-16 00:03:31,767] {dag.py:2937} INFO - Setting next_dagrun for example_nested_branch_dag to 2022-03-15 00:00:00+00:00
[2022-03-16 00:03:31,808] {processor.py:171} INFO - Processing /home/airflow/.local/lib/python3.7/site-packages/airflow/example_dags/example_nested_branch_dag.py took 0.104 seconds
[2022-03-16 00:04:02,949] {processor.py:163} INFO - Started process (PID=2654) to work on /home/airflow/.local/lib/python3.7/site-packages/airflow/example_dags/example_nested_branch_dag.py
[2022-03-16 00:04:02,950] {processor.py:642} INFO - Processing file /home/airflow/.local/lib/python3.7/site-packages/airflow/example_dags/example_nested_branch_dag.py for tasks to queue
[2022-03-16 00:04:02,951] {logging_mixin.py:109} INFO - [2022-03-16 00:04:02,951] {dagbag.py:500} INFO - Filling up the DagBag from /home/airflow/.local/lib/python3.7/site-packages/airflow/example_dags/example_nested_branch_dag.py
[2022-03-16 00:04:02,976] {processor.py:654} INFO - DAG(s) dict_keys(['example_nested_branch_dag']) retrieved from /home/airflow/.local/lib/python3.7/site-packages/airflow/example_dags/example_nested_branch_dag.py
[2022-03-16 00:04:02,986] {logging_mixin.py:109} INFO - [2022-03-16 00:04:02,986] {dag.py:2398} INFO - Sync 1 DAGs
[2022-03-16 00:04:03,002] {logging_mixin.py:109} INFO - [2022-03-16 00:04:03,002] {dag.py:2937} INFO - Setting next_dagrun for example_nested_branch_dag to 2022-03-15 00:00:00+00:00
[2022-03-16 00:04:03,049] {processor.py:171} INFO - Processing /home/airflow/.local/lib/python3.7/site-packages/airflow/example_dags/example_nested_branch_dag.py took 0.101 seconds
[2022-03-16 00:04:33,188] {processor.py:163} INFO - Started process (PID=2717) to work on /home/airflow/.local/lib/python3.7/site-packages/airflow/example_dags/example_nested_branch_dag.py
[2022-03-16 00:04:33,189] {processor.py:642} INFO - Processing file /home/airflow/.local/lib/python3.7/site-packages/airflow/example_dags/example_nested_branch_dag.py for tasks to queue
[2022-03-16 00:04:33,189] {logging_mixin.py:109} INFO - [2022-03-16 00:04:33,189] {dagbag.py:500} INFO - Filling up the DagBag from /home/airflow/.local/lib/python3.7/site-packages/airflow/example_dags/example_nested_branch_dag.py
[2022-03-16 00:04:33,209] {processor.py:654} INFO - DAG(s) dict_keys(['example_nested_branch_dag']) retrieved from /home/airflow/.local/lib/python3.7/site-packages/airflow/example_dags/example_nested_branch_dag.py
[2022-03-16 00:04:33,217] {logging_mixin.py:109} INFO - [2022-03-16 00:04:33,217] {dag.py:2398} INFO - Sync 1 DAGs
[2022-03-16 00:04:33,230] {logging_mixin.py:109} INFO - [2022-03-16 00:04:33,230] {dag.py:2937} INFO - Setting next_dagrun for example_nested_branch_dag to 2022-03-15 00:00:00+00:00
[2022-03-16 00:04:33,288] {processor.py:171} INFO - Processing /home/airflow/.local/lib/python3.7/site-packages/airflow/example_dags/example_nested_branch_dag.py took 0.102 seconds
[2022-03-16 00:05:06,056] {processor.py:163} INFO - Started process (PID=2788) to work on /home/airflow/.local/lib/python3.7/site-packages/airflow/example_dags/example_nested_branch_dag.py
[2022-03-16 00:05:06,081] {processor.py:642} INFO - Processing file /home/airflow/.local/lib/python3.7/site-packages/airflow/example_dags/example_nested_branch_dag.py for tasks to queue
[2022-03-16 00:05:06,081] {logging_mixin.py:109} INFO - [2022-03-16 00:05:06,081] {dagbag.py:500} INFO - Filling up the DagBag from /home/airflow/.local/lib/python3.7/site-packages/airflow/example_dags/example_nested_branch_dag.py
[2022-03-16 00:05:06,101] {processor.py:654} INFO - DAG(s) dict_keys(['example_nested_branch_dag']) retrieved from /home/airflow/.local/lib/python3.7/site-packages/airflow/example_dags/example_nested_branch_dag.py
[2022-03-16 00:05:06,109] {logging_mixin.py:109} INFO - [2022-03-16 00:05:06,109] {dag.py:2398} INFO - Sync 1 DAGs
[2022-03-16 00:05:06,122] {logging_mixin.py:109} INFO - [2022-03-16 00:05:06,122] {dag.py:2937} INFO - Setting next_dagrun for example_nested_branch_dag to 2022-03-15 00:00:00+00:00
[2022-03-16 00:05:07,013] {processor.py:171} INFO - Processing /home/airflow/.local/lib/python3.7/site-packages/airflow/example_dags/example_nested_branch_dag.py took 0.959 seconds
[2022-03-16 00:05:37,309] {processor.py:163} INFO - Started process (PID=2838) to work on /home/airflow/.local/lib/python3.7/site-packages/airflow/example_dags/example_nested_branch_dag.py
[2022-03-16 00:05:37,342] {processor.py:642} INFO - Processing file /home/airflow/.local/lib/python3.7/site-packages/airflow/example_dags/example_nested_branch_dag.py for tasks to queue
[2022-03-16 00:05:37,342] {logging_mixin.py:109} INFO - [2022-03-16 00:05:37,342] {dagbag.py:500} INFO - Filling up the DagBag from /home/airflow/.local/lib/python3.7/site-packages/airflow/example_dags/example_nested_branch_dag.py
[2022-03-16 00:05:37,363] {processor.py:654} INFO - DAG(s) dict_keys(['example_nested_branch_dag']) retrieved from /home/airflow/.local/lib/python3.7/site-packages/airflow/example_dags/example_nested_branch_dag.py
[2022-03-16 00:05:37,370] {logging_mixin.py:109} INFO - [2022-03-16 00:05:37,370] {dag.py:2398} INFO - Sync 1 DAGs
[2022-03-16 00:05:37,383] {logging_mixin.py:109} INFO - [2022-03-16 00:05:37,383] {dag.py:2937} INFO - Setting next_dagrun for example_nested_branch_dag to 2022-03-15 00:00:00+00:00
[2022-03-16 00:05:38,442] {processor.py:171} INFO - Processing /home/airflow/.local/lib/python3.7/site-packages/airflow/example_dags/example_nested_branch_dag.py took 1.135 seconds
[2022-03-16 00:06:09,378] {processor.py:163} INFO - Started process (PID=2900) to work on /home/airflow/.local/lib/python3.7/site-packages/airflow/example_dags/example_nested_branch_dag.py
[2022-03-16 00:06:09,384] {processor.py:642} INFO - Processing file /home/airflow/.local/lib/python3.7/site-packages/airflow/example_dags/example_nested_branch_dag.py for tasks to queue
[2022-03-16 00:06:09,384] {logging_mixin.py:109} INFO - [2022-03-16 00:06:09,384] {dagbag.py:500} INFO - Filling up the DagBag from /home/airflow/.local/lib/python3.7/site-packages/airflow/example_dags/example_nested_branch_dag.py
[2022-03-16 00:06:09,410] {processor.py:654} INFO - DAG(s) dict_keys(['example_nested_branch_dag']) retrieved from /home/airflow/.local/lib/python3.7/site-packages/airflow/example_dags/example_nested_branch_dag.py
[2022-03-16 00:06:09,422] {logging_mixin.py:109} INFO - [2022-03-16 00:06:09,422] {dag.py:2398} INFO - Sync 1 DAGs
[2022-03-16 00:06:09,443] {logging_mixin.py:109} INFO - [2022-03-16 00:06:09,443] {dag.py:2937} INFO - Setting next_dagrun for example_nested_branch_dag to 2022-03-15 00:00:00+00:00
[2022-03-16 00:06:09,494] {processor.py:171} INFO - Processing /home/airflow/.local/lib/python3.7/site-packages/airflow/example_dags/example_nested_branch_dag.py took 0.118 seconds
[2022-03-16 00:06:40,454] {processor.py:163} INFO - Started process (PID=2967) to work on /home/airflow/.local/lib/python3.7/site-packages/airflow/example_dags/example_nested_branch_dag.py
[2022-03-16 00:06:40,460] {processor.py:642} INFO - Processing file /home/airflow/.local/lib/python3.7/site-packages/airflow/example_dags/example_nested_branch_dag.py for tasks to queue
[2022-03-16 00:06:40,460] {logging_mixin.py:109} INFO - [2022-03-16 00:06:40,460] {dagbag.py:500} INFO - Filling up the DagBag from /home/airflow/.local/lib/python3.7/site-packages/airflow/example_dags/example_nested_branch_dag.py
[2022-03-16 00:06:40,483] {processor.py:654} INFO - DAG(s) dict_keys(['example_nested_branch_dag']) retrieved from /home/airflow/.local/lib/python3.7/site-packages/airflow/example_dags/example_nested_branch_dag.py
[2022-03-16 00:06:40,491] {logging_mixin.py:109} INFO - [2022-03-16 00:06:40,491] {dag.py:2398} INFO - Sync 1 DAGs
[2022-03-16 00:06:40,504] {logging_mixin.py:109} INFO - [2022-03-16 00:06:40,504] {dag.py:2937} INFO - Setting next_dagrun for example_nested_branch_dag to 2022-03-15 00:00:00+00:00
[2022-03-16 00:06:40,552] {processor.py:171} INFO - Processing /home/airflow/.local/lib/python3.7/site-packages/airflow/example_dags/example_nested_branch_dag.py took 0.100 seconds
[2022-03-16 00:07:10,945] {processor.py:163} INFO - Started process (PID=3033) to work on /home/airflow/.local/lib/python3.7/site-packages/airflow/example_dags/example_nested_branch_dag.py
[2022-03-16 00:07:10,956] {processor.py:642} INFO - Processing file /home/airflow/.local/lib/python3.7/site-packages/airflow/example_dags/example_nested_branch_dag.py for tasks to queue
[2022-03-16 00:07:10,957] {logging_mixin.py:109} INFO - [2022-03-16 00:07:10,957] {dagbag.py:500} INFO - Filling up the DagBag from /home/airflow/.local/lib/python3.7/site-packages/airflow/example_dags/example_nested_branch_dag.py
[2022-03-16 00:07:10,983] {processor.py:654} INFO - DAG(s) dict_keys(['example_nested_branch_dag']) retrieved from /home/airflow/.local/lib/python3.7/site-packages/airflow/example_dags/example_nested_branch_dag.py
[2022-03-16 00:07:10,994] {logging_mixin.py:109} INFO - [2022-03-16 00:07:10,994] {dag.py:2398} INFO - Sync 1 DAGs
[2022-03-16 00:07:11,014] {logging_mixin.py:109} INFO - [2022-03-16 00:07:11,013] {dag.py:2937} INFO - Setting next_dagrun for example_nested_branch_dag to 2022-03-15 00:00:00+00:00
[2022-03-16 00:07:12,206] {processor.py:171} INFO - Processing /home/airflow/.local/lib/python3.7/site-packages/airflow/example_dags/example_nested_branch_dag.py took 1.264 seconds
[2022-03-16 00:07:42,976] {processor.py:163} INFO - Started process (PID=3082) to work on /home/airflow/.local/lib/python3.7/site-packages/airflow/example_dags/example_nested_branch_dag.py
[2022-03-16 00:07:42,985] {processor.py:642} INFO - Processing file /home/airflow/.local/lib/python3.7/site-packages/airflow/example_dags/example_nested_branch_dag.py for tasks to queue
[2022-03-16 00:07:42,986] {logging_mixin.py:109} INFO - [2022-03-16 00:07:42,986] {dagbag.py:500} INFO - Filling up the DagBag from /home/airflow/.local/lib/python3.7/site-packages/airflow/example_dags/example_nested_branch_dag.py
[2022-03-16 00:07:43,007] {processor.py:654} INFO - DAG(s) dict_keys(['example_nested_branch_dag']) retrieved from /home/airflow/.local/lib/python3.7/site-packages/airflow/example_dags/example_nested_branch_dag.py
[2022-03-16 00:07:43,017] {logging_mixin.py:109} INFO - [2022-03-16 00:07:43,017] {dag.py:2398} INFO - Sync 1 DAGs
[2022-03-16 00:07:43,034] {logging_mixin.py:109} INFO - [2022-03-16 00:07:43,034] {dag.py:2937} INFO - Setting next_dagrun for example_nested_branch_dag to 2022-03-15 00:00:00+00:00
[2022-03-16 00:07:43,078] {processor.py:171} INFO - Processing /home/airflow/.local/lib/python3.7/site-packages/airflow/example_dags/example_nested_branch_dag.py took 0.104 seconds
[2022-03-16 00:08:13,750] {processor.py:163} INFO - Started process (PID=3146) to work on /home/airflow/.local/lib/python3.7/site-packages/airflow/example_dags/example_nested_branch_dag.py
[2022-03-16 00:08:13,772] {processor.py:642} INFO - Processing file /home/airflow/.local/lib/python3.7/site-packages/airflow/example_dags/example_nested_branch_dag.py for tasks to queue
[2022-03-16 00:08:13,773] {logging_mixin.py:109} INFO - [2022-03-16 00:08:13,773] {dagbag.py:500} INFO - Filling up the DagBag from /home/airflow/.local/lib/python3.7/site-packages/airflow/example_dags/example_nested_branch_dag.py
[2022-03-16 00:08:13,795] {processor.py:654} INFO - DAG(s) dict_keys(['example_nested_branch_dag']) retrieved from /home/airflow/.local/lib/python3.7/site-packages/airflow/example_dags/example_nested_branch_dag.py
[2022-03-16 00:08:13,806] {logging_mixin.py:109} INFO - [2022-03-16 00:08:13,806] {dag.py:2398} INFO - Sync 1 DAGs
[2022-03-16 00:08:13,821] {logging_mixin.py:109} INFO - [2022-03-16 00:08:13,820] {dag.py:2937} INFO - Setting next_dagrun for example_nested_branch_dag to 2022-03-15 00:00:00+00:00
[2022-03-16 00:08:13,870] {processor.py:171} INFO - Processing /home/airflow/.local/lib/python3.7/site-packages/airflow/example_dags/example_nested_branch_dag.py took 0.123 seconds
[2022-03-16 00:08:44,565] {processor.py:163} INFO - Started process (PID=3212) to work on /home/airflow/.local/lib/python3.7/site-packages/airflow/example_dags/example_nested_branch_dag.py
[2022-03-16 00:08:44,575] {processor.py:642} INFO - Processing file /home/airflow/.local/lib/python3.7/site-packages/airflow/example_dags/example_nested_branch_dag.py for tasks to queue
[2022-03-16 00:08:44,576] {logging_mixin.py:109} INFO - [2022-03-16 00:08:44,576] {dagbag.py:500} INFO - Filling up the DagBag from /home/airflow/.local/lib/python3.7/site-packages/airflow/example_dags/example_nested_branch_dag.py
[2022-03-16 00:08:44,601] {processor.py:654} INFO - DAG(s) dict_keys(['example_nested_branch_dag']) retrieved from /home/airflow/.local/lib/python3.7/site-packages/airflow/example_dags/example_nested_branch_dag.py
[2022-03-16 00:08:44,610] {logging_mixin.py:109} INFO - [2022-03-16 00:08:44,610] {dag.py:2398} INFO - Sync 1 DAGs
[2022-03-16 00:08:44,625] {logging_mixin.py:109} INFO - [2022-03-16 00:08:44,625] {dag.py:2937} INFO - Setting next_dagrun for example_nested_branch_dag to 2022-03-15 00:00:00+00:00
[2022-03-16 00:08:44,667] {processor.py:171} INFO - Processing /home/airflow/.local/lib/python3.7/site-packages/airflow/example_dags/example_nested_branch_dag.py took 0.103 seconds
[2022-03-16 00:09:14,973] {processor.py:163} INFO - Started process (PID=3268) to work on /home/airflow/.local/lib/python3.7/site-packages/airflow/example_dags/example_nested_branch_dag.py
[2022-03-16 00:09:14,992] {processor.py:642} INFO - Processing file /home/airflow/.local/lib/python3.7/site-packages/airflow/example_dags/example_nested_branch_dag.py for tasks to queue
[2022-03-16 00:09:14,992] {logging_mixin.py:109} INFO - [2022-03-16 00:09:14,992] {dagbag.py:500} INFO - Filling up the DagBag from /home/airflow/.local/lib/python3.7/site-packages/airflow/example_dags/example_nested_branch_dag.py
[2022-03-16 00:09:15,012] {processor.py:654} INFO - DAG(s) dict_keys(['example_nested_branch_dag']) retrieved from /home/airflow/.local/lib/python3.7/site-packages/airflow/example_dags/example_nested_branch_dag.py
[2022-03-16 00:09:15,020] {logging_mixin.py:109} INFO - [2022-03-16 00:09:15,020] {dag.py:2398} INFO - Sync 1 DAGs
[2022-03-16 00:09:15,033] {logging_mixin.py:109} INFO - [2022-03-16 00:09:15,033] {dag.py:2937} INFO - Setting next_dagrun for example_nested_branch_dag to 2022-03-15 00:00:00+00:00
[2022-03-16 00:09:15,113] {processor.py:171} INFO - Processing /home/airflow/.local/lib/python3.7/site-packages/airflow/example_dags/example_nested_branch_dag.py took 0.141 seconds
[2022-03-16 00:09:46,937] {processor.py:163} INFO - Started process (PID=3327) to work on /home/airflow/.local/lib/python3.7/site-packages/airflow/example_dags/example_nested_branch_dag.py
[2022-03-16 00:09:46,976] {processor.py:642} INFO - Processing file /home/airflow/.local/lib/python3.7/site-packages/airflow/example_dags/example_nested_branch_dag.py for tasks to queue
[2022-03-16 00:09:46,977] {logging_mixin.py:109} INFO - [2022-03-16 00:09:46,977] {dagbag.py:500} INFO - Filling up the DagBag from /home/airflow/.local/lib/python3.7/site-packages/airflow/example_dags/example_nested_branch_dag.py
[2022-03-16 00:09:46,998] {processor.py:654} INFO - DAG(s) dict_keys(['example_nested_branch_dag']) retrieved from /home/airflow/.local/lib/python3.7/site-packages/airflow/example_dags/example_nested_branch_dag.py
[2022-03-16 00:09:47,004] {logging_mixin.py:109} INFO - [2022-03-16 00:09:47,004] {dag.py:2398} INFO - Sync 1 DAGs
[2022-03-16 00:09:47,015] {logging_mixin.py:109} INFO - [2022-03-16 00:09:47,015] {dag.py:2937} INFO - Setting next_dagrun for example_nested_branch_dag to 2022-03-15 00:00:00+00:00
[2022-03-16 00:09:47,152] {processor.py:171} INFO - Processing /home/airflow/.local/lib/python3.7/site-packages/airflow/example_dags/example_nested_branch_dag.py took 0.216 seconds
[2022-03-16 00:10:18,889] {processor.py:163} INFO - Started process (PID=3384) to work on /home/airflow/.local/lib/python3.7/site-packages/airflow/example_dags/example_nested_branch_dag.py
[2022-03-16 00:10:18,894] {processor.py:642} INFO - Processing file /home/airflow/.local/lib/python3.7/site-packages/airflow/example_dags/example_nested_branch_dag.py for tasks to queue
[2022-03-16 00:10:18,895] {logging_mixin.py:109} INFO - [2022-03-16 00:10:18,895] {dagbag.py:500} INFO - Filling up the DagBag from /home/airflow/.local/lib/python3.7/site-packages/airflow/example_dags/example_nested_branch_dag.py
[2022-03-16 00:10:18,915] {processor.py:654} INFO - DAG(s) dict_keys(['example_nested_branch_dag']) retrieved from /home/airflow/.local/lib/python3.7/site-packages/airflow/example_dags/example_nested_branch_dag.py
[2022-03-16 00:10:18,923] {logging_mixin.py:109} INFO - [2022-03-16 00:10:18,923] {dag.py:2398} INFO - Sync 1 DAGs
[2022-03-16 00:10:18,935] {logging_mixin.py:109} INFO - [2022-03-16 00:10:18,935] {dag.py:2937} INFO - Setting next_dagrun for example_nested_branch_dag to 2022-03-15 00:00:00+00:00
[2022-03-16 00:10:18,978] {processor.py:171} INFO - Processing /home/airflow/.local/lib/python3.7/site-packages/airflow/example_dags/example_nested_branch_dag.py took 0.091 seconds
[2022-03-16 00:10:49,209] {processor.py:163} INFO - Started process (PID=3457) to work on /home/airflow/.local/lib/python3.7/site-packages/airflow/example_dags/example_nested_branch_dag.py
[2022-03-16 00:10:49,215] {processor.py:642} INFO - Processing file /home/airflow/.local/lib/python3.7/site-packages/airflow/example_dags/example_nested_branch_dag.py for tasks to queue
[2022-03-16 00:10:49,215] {logging_mixin.py:109} INFO - [2022-03-16 00:10:49,215] {dagbag.py:500} INFO - Filling up the DagBag from /home/airflow/.local/lib/python3.7/site-packages/airflow/example_dags/example_nested_branch_dag.py
[2022-03-16 00:10:49,242] {processor.py:654} INFO - DAG(s) dict_keys(['example_nested_branch_dag']) retrieved from /home/airflow/.local/lib/python3.7/site-packages/airflow/example_dags/example_nested_branch_dag.py
[2022-03-16 00:10:49,253] {logging_mixin.py:109} INFO - [2022-03-16 00:10:49,252] {dag.py:2398} INFO - Sync 1 DAGs
[2022-03-16 00:10:49,271] {logging_mixin.py:109} INFO - [2022-03-16 00:10:49,271] {dag.py:2937} INFO - Setting next_dagrun for example_nested_branch_dag to 2022-03-15 00:00:00+00:00
[2022-03-16 00:10:49,367] {processor.py:171} INFO - Processing /home/airflow/.local/lib/python3.7/site-packages/airflow/example_dags/example_nested_branch_dag.py took 0.160 seconds
[2022-03-16 00:11:20,145] {processor.py:163} INFO - Started process (PID=3512) to work on /home/airflow/.local/lib/python3.7/site-packages/airflow/example_dags/example_nested_branch_dag.py
[2022-03-16 00:11:20,166] {processor.py:642} INFO - Processing file /home/airflow/.local/lib/python3.7/site-packages/airflow/example_dags/example_nested_branch_dag.py for tasks to queue
[2022-03-16 00:11:20,166] {logging_mixin.py:109} INFO - [2022-03-16 00:11:20,166] {dagbag.py:500} INFO - Filling up the DagBag from /home/airflow/.local/lib/python3.7/site-packages/airflow/example_dags/example_nested_branch_dag.py
[2022-03-16 00:11:20,187] {processor.py:654} INFO - DAG(s) dict_keys(['example_nested_branch_dag']) retrieved from /home/airflow/.local/lib/python3.7/site-packages/airflow/example_dags/example_nested_branch_dag.py
[2022-03-16 00:11:20,193] {logging_mixin.py:109} INFO - [2022-03-16 00:11:20,193] {dag.py:2398} INFO - Sync 1 DAGs
[2022-03-16 00:11:20,204] {logging_mixin.py:109} INFO - [2022-03-16 00:11:20,204] {dag.py:2937} INFO - Setting next_dagrun for example_nested_branch_dag to 2022-03-15 00:00:00+00:00
[2022-03-16 00:11:20,301] {processor.py:171} INFO - Processing /home/airflow/.local/lib/python3.7/site-packages/airflow/example_dags/example_nested_branch_dag.py took 0.160 seconds
[2022-03-16 00:11:50,726] {processor.py:163} INFO - Started process (PID=3562) to work on /home/airflow/.local/lib/python3.7/site-packages/airflow/example_dags/example_nested_branch_dag.py
[2022-03-16 00:11:50,740] {processor.py:642} INFO - Processing file /home/airflow/.local/lib/python3.7/site-packages/airflow/example_dags/example_nested_branch_dag.py for tasks to queue
[2022-03-16 00:11:50,741] {logging_mixin.py:109} INFO - [2022-03-16 00:11:50,740] {dagbag.py:500} INFO - Filling up the DagBag from /home/airflow/.local/lib/python3.7/site-packages/airflow/example_dags/example_nested_branch_dag.py
[2022-03-16 00:11:50,774] {processor.py:654} INFO - DAG(s) dict_keys(['example_nested_branch_dag']) retrieved from /home/airflow/.local/lib/python3.7/site-packages/airflow/example_dags/example_nested_branch_dag.py
[2022-03-16 00:11:50,786] {logging_mixin.py:109} INFO - [2022-03-16 00:11:50,786] {dag.py:2398} INFO - Sync 1 DAGs
[2022-03-16 00:11:50,806] {logging_mixin.py:109} INFO - [2022-03-16 00:11:50,806] {dag.py:2937} INFO - Setting next_dagrun for example_nested_branch_dag to 2022-03-15 00:00:00+00:00
[2022-03-16 00:11:51,633] {processor.py:171} INFO - Processing /home/airflow/.local/lib/python3.7/site-packages/airflow/example_dags/example_nested_branch_dag.py took 0.909 seconds
[2022-03-16 00:12:21,711] {processor.py:163} INFO - Started process (PID=3629) to work on /home/airflow/.local/lib/python3.7/site-packages/airflow/example_dags/example_nested_branch_dag.py
[2022-03-16 00:12:21,756] {processor.py:642} INFO - Processing file /home/airflow/.local/lib/python3.7/site-packages/airflow/example_dags/example_nested_branch_dag.py for tasks to queue
[2022-03-16 00:12:21,756] {logging_mixin.py:109} INFO - [2022-03-16 00:12:21,756] {dagbag.py:500} INFO - Filling up the DagBag from /home/airflow/.local/lib/python3.7/site-packages/airflow/example_dags/example_nested_branch_dag.py
[2022-03-16 00:12:21,777] {processor.py:654} INFO - DAG(s) dict_keys(['example_nested_branch_dag']) retrieved from /home/airflow/.local/lib/python3.7/site-packages/airflow/example_dags/example_nested_branch_dag.py
[2022-03-16 00:12:21,784] {logging_mixin.py:109} INFO - [2022-03-16 00:12:21,784] {dag.py:2398} INFO - Sync 1 DAGs
[2022-03-16 00:12:21,797] {logging_mixin.py:109} INFO - [2022-03-16 00:12:21,797] {dag.py:2937} INFO - Setting next_dagrun for example_nested_branch_dag to 2022-03-15 00:00:00+00:00
[2022-03-16 00:12:21,842] {processor.py:171} INFO - Processing /home/airflow/.local/lib/python3.7/site-packages/airflow/example_dags/example_nested_branch_dag.py took 0.134 seconds
[2022-03-16 00:12:52,386] {processor.py:163} INFO - Started process (PID=3687) to work on /home/airflow/.local/lib/python3.7/site-packages/airflow/example_dags/example_nested_branch_dag.py
[2022-03-16 00:12:52,392] {processor.py:642} INFO - Processing file /home/airflow/.local/lib/python3.7/site-packages/airflow/example_dags/example_nested_branch_dag.py for tasks to queue
[2022-03-16 00:12:52,393] {logging_mixin.py:109} INFO - [2022-03-16 00:12:52,393] {dagbag.py:500} INFO - Filling up the DagBag from /home/airflow/.local/lib/python3.7/site-packages/airflow/example_dags/example_nested_branch_dag.py
[2022-03-16 00:12:52,416] {processor.py:654} INFO - DAG(s) dict_keys(['example_nested_branch_dag']) retrieved from /home/airflow/.local/lib/python3.7/site-packages/airflow/example_dags/example_nested_branch_dag.py
[2022-03-16 00:12:52,427] {logging_mixin.py:109} INFO - [2022-03-16 00:12:52,427] {dag.py:2398} INFO - Sync 1 DAGs
[2022-03-16 00:12:52,448] {logging_mixin.py:109} INFO - [2022-03-16 00:12:52,448] {dag.py:2937} INFO - Setting next_dagrun for example_nested_branch_dag to 2022-03-15 00:00:00+00:00
[2022-03-16 00:12:52,538] {processor.py:171} INFO - Processing /home/airflow/.local/lib/python3.7/site-packages/airflow/example_dags/example_nested_branch_dag.py took 0.153 seconds
[2022-03-16 00:13:22,866] {processor.py:163} INFO - Started process (PID=3752) to work on /home/airflow/.local/lib/python3.7/site-packages/airflow/example_dags/example_nested_branch_dag.py
[2022-03-16 00:13:22,867] {processor.py:642} INFO - Processing file /home/airflow/.local/lib/python3.7/site-packages/airflow/example_dags/example_nested_branch_dag.py for tasks to queue
[2022-03-16 00:13:22,867] {logging_mixin.py:109} INFO - [2022-03-16 00:13:22,867] {dagbag.py:500} INFO - Filling up the DagBag from /home/airflow/.local/lib/python3.7/site-packages/airflow/example_dags/example_nested_branch_dag.py
[2022-03-16 00:13:22,887] {processor.py:654} INFO - DAG(s) dict_keys(['example_nested_branch_dag']) retrieved from /home/airflow/.local/lib/python3.7/site-packages/airflow/example_dags/example_nested_branch_dag.py
[2022-03-16 00:13:22,895] {logging_mixin.py:109} INFO - [2022-03-16 00:13:22,894] {dag.py:2398} INFO - Sync 1 DAGs
[2022-03-16 00:13:22,907] {logging_mixin.py:109} INFO - [2022-03-16 00:13:22,907] {dag.py:2937} INFO - Setting next_dagrun for example_nested_branch_dag to 2022-03-15 00:00:00+00:00
[2022-03-16 00:13:24,366] {processor.py:171} INFO - Processing /home/airflow/.local/lib/python3.7/site-packages/airflow/example_dags/example_nested_branch_dag.py took 1.502 seconds
[2022-03-16 00:13:54,513] {processor.py:163} INFO - Started process (PID=3803) to work on /home/airflow/.local/lib/python3.7/site-packages/airflow/example_dags/example_nested_branch_dag.py
[2022-03-16 00:13:54,534] {processor.py:642} INFO - Processing file /home/airflow/.local/lib/python3.7/site-packages/airflow/example_dags/example_nested_branch_dag.py for tasks to queue
[2022-03-16 00:13:54,534] {logging_mixin.py:109} INFO - [2022-03-16 00:13:54,534] {dagbag.py:500} INFO - Filling up the DagBag from /home/airflow/.local/lib/python3.7/site-packages/airflow/example_dags/example_nested_branch_dag.py
[2022-03-16 00:13:54,554] {processor.py:654} INFO - DAG(s) dict_keys(['example_nested_branch_dag']) retrieved from /home/airflow/.local/lib/python3.7/site-packages/airflow/example_dags/example_nested_branch_dag.py
[2022-03-16 00:13:54,560] {logging_mixin.py:109} INFO - [2022-03-16 00:13:54,560] {dag.py:2398} INFO - Sync 1 DAGs
[2022-03-16 00:13:54,572] {logging_mixin.py:109} INFO - [2022-03-16 00:13:54,572] {dag.py:2937} INFO - Setting next_dagrun for example_nested_branch_dag to 2022-03-15 00:00:00+00:00
[2022-03-16 00:13:54,626] {processor.py:171} INFO - Processing /home/airflow/.local/lib/python3.7/site-packages/airflow/example_dags/example_nested_branch_dag.py took 0.115 seconds
[2022-03-16 00:14:24,883] {processor.py:163} INFO - Started process (PID=3864) to work on /home/airflow/.local/lib/python3.7/site-packages/airflow/example_dags/example_nested_branch_dag.py
[2022-03-16 00:14:24,892] {processor.py:642} INFO - Processing file /home/airflow/.local/lib/python3.7/site-packages/airflow/example_dags/example_nested_branch_dag.py for tasks to queue
[2022-03-16 00:14:24,893] {logging_mixin.py:109} INFO - [2022-03-16 00:14:24,893] {dagbag.py:500} INFO - Filling up the DagBag from /home/airflow/.local/lib/python3.7/site-packages/airflow/example_dags/example_nested_branch_dag.py
[2022-03-16 00:14:24,923] {processor.py:654} INFO - DAG(s) dict_keys(['example_nested_branch_dag']) retrieved from /home/airflow/.local/lib/python3.7/site-packages/airflow/example_dags/example_nested_branch_dag.py
[2022-03-16 00:14:24,935] {logging_mixin.py:109} INFO - [2022-03-16 00:14:24,935] {dag.py:2398} INFO - Sync 1 DAGs
[2022-03-16 00:14:24,947] {logging_mixin.py:109} INFO - [2022-03-16 00:14:24,947] {dag.py:2937} INFO - Setting next_dagrun for example_nested_branch_dag to 2022-03-15 00:00:00+00:00
[2022-03-16 00:14:24,985] {processor.py:171} INFO - Processing /home/airflow/.local/lib/python3.7/site-packages/airflow/example_dags/example_nested_branch_dag.py took 0.104 seconds
[2022-03-16 00:14:55,902] {processor.py:163} INFO - Started process (PID=3935) to work on /home/airflow/.local/lib/python3.7/site-packages/airflow/example_dags/example_nested_branch_dag.py
[2022-03-16 00:14:55,917] {processor.py:642} INFO - Processing file /home/airflow/.local/lib/python3.7/site-packages/airflow/example_dags/example_nested_branch_dag.py for tasks to queue
[2022-03-16 00:14:55,918] {logging_mixin.py:109} INFO - [2022-03-16 00:14:55,918] {dagbag.py:500} INFO - Filling up the DagBag from /home/airflow/.local/lib/python3.7/site-packages/airflow/example_dags/example_nested_branch_dag.py
[2022-03-16 00:14:55,954] {processor.py:654} INFO - DAG(s) dict_keys(['example_nested_branch_dag']) retrieved from /home/airflow/.local/lib/python3.7/site-packages/airflow/example_dags/example_nested_branch_dag.py
[2022-03-16 00:14:55,967] {logging_mixin.py:109} INFO - [2022-03-16 00:14:55,966] {dag.py:2398} INFO - Sync 1 DAGs
[2022-03-16 00:14:55,987] {logging_mixin.py:109} INFO - [2022-03-16 00:14:55,987] {dag.py:2937} INFO - Setting next_dagrun for example_nested_branch_dag to 2022-03-15 00:00:00+00:00
[2022-03-16 00:14:56,040] {processor.py:171} INFO - Processing /home/airflow/.local/lib/python3.7/site-packages/airflow/example_dags/example_nested_branch_dag.py took 0.142 seconds
[2022-03-16 00:15:26,526] {processor.py:163} INFO - Started process (PID=3988) to work on /home/airflow/.local/lib/python3.7/site-packages/airflow/example_dags/example_nested_branch_dag.py
[2022-03-16 00:15:26,541] {processor.py:642} INFO - Processing file /home/airflow/.local/lib/python3.7/site-packages/airflow/example_dags/example_nested_branch_dag.py for tasks to queue
[2022-03-16 00:15:26,541] {logging_mixin.py:109} INFO - [2022-03-16 00:15:26,541] {dagbag.py:500} INFO - Filling up the DagBag from /home/airflow/.local/lib/python3.7/site-packages/airflow/example_dags/example_nested_branch_dag.py
[2022-03-16 00:15:26,566] {processor.py:654} INFO - DAG(s) dict_keys(['example_nested_branch_dag']) retrieved from /home/airflow/.local/lib/python3.7/site-packages/airflow/example_dags/example_nested_branch_dag.py
[2022-03-16 00:15:26,575] {logging_mixin.py:109} INFO - [2022-03-16 00:15:26,575] {dag.py:2398} INFO - Sync 1 DAGs
[2022-03-16 00:15:26,588] {logging_mixin.py:109} INFO - [2022-03-16 00:15:26,588] {dag.py:2937} INFO - Setting next_dagrun for example_nested_branch_dag to 2022-03-15 00:00:00+00:00
[2022-03-16 00:15:26,637] {processor.py:171} INFO - Processing /home/airflow/.local/lib/python3.7/site-packages/airflow/example_dags/example_nested_branch_dag.py took 0.112 seconds
[2022-03-16 00:15:58,086] {processor.py:163} INFO - Started process (PID=4038) to work on /home/airflow/.local/lib/python3.7/site-packages/airflow/example_dags/example_nested_branch_dag.py
[2022-03-16 00:15:58,093] {processor.py:642} INFO - Processing file /home/airflow/.local/lib/python3.7/site-packages/airflow/example_dags/example_nested_branch_dag.py for tasks to queue
[2022-03-16 00:15:58,094] {logging_mixin.py:109} INFO - [2022-03-16 00:15:58,094] {dagbag.py:500} INFO - Filling up the DagBag from /home/airflow/.local/lib/python3.7/site-packages/airflow/example_dags/example_nested_branch_dag.py
[2022-03-16 00:15:58,115] {processor.py:654} INFO - DAG(s) dict_keys(['example_nested_branch_dag']) retrieved from /home/airflow/.local/lib/python3.7/site-packages/airflow/example_dags/example_nested_branch_dag.py
[2022-03-16 00:15:58,122] {logging_mixin.py:109} INFO - [2022-03-16 00:15:58,122] {dag.py:2398} INFO - Sync 1 DAGs
[2022-03-16 00:15:58,136] {logging_mixin.py:109} INFO - [2022-03-16 00:15:58,136] {dag.py:2937} INFO - Setting next_dagrun for example_nested_branch_dag to 2022-03-15 00:00:00+00:00
[2022-03-16 00:15:59,113] {processor.py:171} INFO - Processing /home/airflow/.local/lib/python3.7/site-packages/airflow/example_dags/example_nested_branch_dag.py took 1.029 seconds
[2022-03-16 00:16:29,476] {processor.py:163} INFO - Started process (PID=4109) to work on /home/airflow/.local/lib/python3.7/site-packages/airflow/example_dags/example_nested_branch_dag.py
[2022-03-16 00:16:29,489] {processor.py:642} INFO - Processing file /home/airflow/.local/lib/python3.7/site-packages/airflow/example_dags/example_nested_branch_dag.py for tasks to queue
[2022-03-16 00:16:29,489] {logging_mixin.py:109} INFO - [2022-03-16 00:16:29,489] {dagbag.py:500} INFO - Filling up the DagBag from /home/airflow/.local/lib/python3.7/site-packages/airflow/example_dags/example_nested_branch_dag.py
[2022-03-16 00:16:29,510] {processor.py:654} INFO - DAG(s) dict_keys(['example_nested_branch_dag']) retrieved from /home/airflow/.local/lib/python3.7/site-packages/airflow/example_dags/example_nested_branch_dag.py
[2022-03-16 00:16:29,520] {logging_mixin.py:109} INFO - [2022-03-16 00:16:29,520] {dag.py:2398} INFO - Sync 1 DAGs
[2022-03-16 00:16:29,537] {logging_mixin.py:109} INFO - [2022-03-16 00:16:29,537] {dag.py:2937} INFO - Setting next_dagrun for example_nested_branch_dag to 2022-03-15 00:00:00+00:00
[2022-03-16 00:16:30,417] {processor.py:171} INFO - Processing /home/airflow/.local/lib/python3.7/site-packages/airflow/example_dags/example_nested_branch_dag.py took 0.943 seconds
[2022-03-16 00:17:01,133] {processor.py:163} INFO - Started process (PID=4169) to work on /home/airflow/.local/lib/python3.7/site-packages/airflow/example_dags/example_nested_branch_dag.py
[2022-03-16 00:17:01,166] {processor.py:642} INFO - Processing file /home/airflow/.local/lib/python3.7/site-packages/airflow/example_dags/example_nested_branch_dag.py for tasks to queue
[2022-03-16 00:17:01,167] {logging_mixin.py:109} INFO - [2022-03-16 00:17:01,167] {dagbag.py:500} INFO - Filling up the DagBag from /home/airflow/.local/lib/python3.7/site-packages/airflow/example_dags/example_nested_branch_dag.py
[2022-03-16 00:17:01,192] {processor.py:654} INFO - DAG(s) dict_keys(['example_nested_branch_dag']) retrieved from /home/airflow/.local/lib/python3.7/site-packages/airflow/example_dags/example_nested_branch_dag.py
[2022-03-16 00:17:01,203] {logging_mixin.py:109} INFO - [2022-03-16 00:17:01,203] {dag.py:2398} INFO - Sync 1 DAGs
[2022-03-16 00:17:01,222] {logging_mixin.py:109} INFO - [2022-03-16 00:17:01,222] {dag.py:2937} INFO - Setting next_dagrun for example_nested_branch_dag to 2022-03-15 00:00:00+00:00
[2022-03-16 00:17:01,270] {processor.py:171} INFO - Processing /home/airflow/.local/lib/python3.7/site-packages/airflow/example_dags/example_nested_branch_dag.py took 0.140 seconds
[2022-03-16 00:17:32,116] {processor.py:163} INFO - Started process (PID=4229) to work on /home/airflow/.local/lib/python3.7/site-packages/airflow/example_dags/example_nested_branch_dag.py
[2022-03-16 00:17:32,123] {processor.py:642} INFO - Processing file /home/airflow/.local/lib/python3.7/site-packages/airflow/example_dags/example_nested_branch_dag.py for tasks to queue
[2022-03-16 00:17:32,123] {logging_mixin.py:109} INFO - [2022-03-16 00:17:32,123] {dagbag.py:500} INFO - Filling up the DagBag from /home/airflow/.local/lib/python3.7/site-packages/airflow/example_dags/example_nested_branch_dag.py
[2022-03-16 00:17:32,143] {processor.py:654} INFO - DAG(s) dict_keys(['example_nested_branch_dag']) retrieved from /home/airflow/.local/lib/python3.7/site-packages/airflow/example_dags/example_nested_branch_dag.py
[2022-03-16 00:17:32,150] {logging_mixin.py:109} INFO - [2022-03-16 00:17:32,150] {dag.py:2398} INFO - Sync 1 DAGs
[2022-03-16 00:17:32,162] {logging_mixin.py:109} INFO - [2022-03-16 00:17:32,162] {dag.py:2937} INFO - Setting next_dagrun for example_nested_branch_dag to 2022-03-15 00:00:00+00:00
[2022-03-16 00:17:33,146] {processor.py:171} INFO - Processing /home/airflow/.local/lib/python3.7/site-packages/airflow/example_dags/example_nested_branch_dag.py took 1.032 seconds
[2022-03-16 00:18:03,550] {processor.py:163} INFO - Started process (PID=4281) to work on /home/airflow/.local/lib/python3.7/site-packages/airflow/example_dags/example_nested_branch_dag.py
[2022-03-16 00:18:03,558] {processor.py:642} INFO - Processing file /home/airflow/.local/lib/python3.7/site-packages/airflow/example_dags/example_nested_branch_dag.py for tasks to queue
[2022-03-16 00:18:03,559] {logging_mixin.py:109} INFO - [2022-03-16 00:18:03,559] {dagbag.py:500} INFO - Filling up the DagBag from /home/airflow/.local/lib/python3.7/site-packages/airflow/example_dags/example_nested_branch_dag.py
[2022-03-16 00:18:03,587] {processor.py:654} INFO - DAG(s) dict_keys(['example_nested_branch_dag']) retrieved from /home/airflow/.local/lib/python3.7/site-packages/airflow/example_dags/example_nested_branch_dag.py
[2022-03-16 00:18:03,597] {logging_mixin.py:109} INFO - [2022-03-16 00:18:03,597] {dag.py:2398} INFO - Sync 1 DAGs
[2022-03-16 00:18:03,621] {logging_mixin.py:109} INFO - [2022-03-16 00:18:03,621] {dag.py:2937} INFO - Setting next_dagrun for example_nested_branch_dag to 2022-03-15 00:00:00+00:00
[2022-03-16 00:18:04,577] {processor.py:171} INFO - Processing /home/airflow/.local/lib/python3.7/site-packages/airflow/example_dags/example_nested_branch_dag.py took 1.030 seconds
[2022-03-16 00:18:34,966] {processor.py:163} INFO - Started process (PID=4354) to work on /home/airflow/.local/lib/python3.7/site-packages/airflow/example_dags/example_nested_branch_dag.py
[2022-03-16 00:18:34,987] {processor.py:642} INFO - Processing file /home/airflow/.local/lib/python3.7/site-packages/airflow/example_dags/example_nested_branch_dag.py for tasks to queue
[2022-03-16 00:18:34,987] {logging_mixin.py:109} INFO - [2022-03-16 00:18:34,987] {dagbag.py:500} INFO - Filling up the DagBag from /home/airflow/.local/lib/python3.7/site-packages/airflow/example_dags/example_nested_branch_dag.py
[2022-03-16 00:18:35,007] {processor.py:654} INFO - DAG(s) dict_keys(['example_nested_branch_dag']) retrieved from /home/airflow/.local/lib/python3.7/site-packages/airflow/example_dags/example_nested_branch_dag.py
[2022-03-16 00:18:35,015] {logging_mixin.py:109} INFO - [2022-03-16 00:18:35,015] {dag.py:2398} INFO - Sync 1 DAGs
[2022-03-16 00:18:35,029] {logging_mixin.py:109} INFO - [2022-03-16 00:18:35,029] {dag.py:2937} INFO - Setting next_dagrun for example_nested_branch_dag to 2022-03-15 00:00:00+00:00
[2022-03-16 00:18:35,259] {processor.py:171} INFO - Processing /home/airflow/.local/lib/python3.7/site-packages/airflow/example_dags/example_nested_branch_dag.py took 0.295 seconds
[2022-03-16 00:19:05,444] {processor.py:163} INFO - Started process (PID=4415) to work on /home/airflow/.local/lib/python3.7/site-packages/airflow/example_dags/example_nested_branch_dag.py
[2022-03-16 00:19:05,503] {processor.py:642} INFO - Processing file /home/airflow/.local/lib/python3.7/site-packages/airflow/example_dags/example_nested_branch_dag.py for tasks to queue
[2022-03-16 00:19:05,503] {logging_mixin.py:109} INFO - [2022-03-16 00:19:05,503] {dagbag.py:500} INFO - Filling up the DagBag from /home/airflow/.local/lib/python3.7/site-packages/airflow/example_dags/example_nested_branch_dag.py
[2022-03-16 00:19:05,522] {processor.py:654} INFO - DAG(s) dict_keys(['example_nested_branch_dag']) retrieved from /home/airflow/.local/lib/python3.7/site-packages/airflow/example_dags/example_nested_branch_dag.py
[2022-03-16 00:19:05,529] {logging_mixin.py:109} INFO - [2022-03-16 00:19:05,529] {dag.py:2398} INFO - Sync 1 DAGs
[2022-03-16 00:19:05,540] {logging_mixin.py:109} INFO - [2022-03-16 00:19:05,540] {dag.py:2937} INFO - Setting next_dagrun for example_nested_branch_dag to 2022-03-15 00:00:00+00:00
[2022-03-16 00:19:06,635] {processor.py:171} INFO - Processing /home/airflow/.local/lib/python3.7/site-packages/airflow/example_dags/example_nested_branch_dag.py took 1.194 seconds
[2022-03-16 00:19:36,743] {processor.py:163} INFO - Started process (PID=4475) to work on /home/airflow/.local/lib/python3.7/site-packages/airflow/example_dags/example_nested_branch_dag.py
[2022-03-16 00:19:36,781] {processor.py:642} INFO - Processing file /home/airflow/.local/lib/python3.7/site-packages/airflow/example_dags/example_nested_branch_dag.py for tasks to queue
[2022-03-16 00:19:36,782] {logging_mixin.py:109} INFO - [2022-03-16 00:19:36,782] {dagbag.py:500} INFO - Filling up the DagBag from /home/airflow/.local/lib/python3.7/site-packages/airflow/example_dags/example_nested_branch_dag.py
[2022-03-16 00:19:36,812] {processor.py:654} INFO - DAG(s) dict_keys(['example_nested_branch_dag']) retrieved from /home/airflow/.local/lib/python3.7/site-packages/airflow/example_dags/example_nested_branch_dag.py
[2022-03-16 00:19:36,825] {logging_mixin.py:109} INFO - [2022-03-16 00:19:36,825] {dag.py:2398} INFO - Sync 1 DAGs
[2022-03-16 00:19:36,840] {logging_mixin.py:109} INFO - [2022-03-16 00:19:36,840] {dag.py:2937} INFO - Setting next_dagrun for example_nested_branch_dag to 2022-03-15 00:00:00+00:00
[2022-03-16 00:19:37,404] {processor.py:171} INFO - Processing /home/airflow/.local/lib/python3.7/site-packages/airflow/example_dags/example_nested_branch_dag.py took 0.663 seconds
[2022-03-16 00:20:07,464] {processor.py:163} INFO - Started process (PID=4526) to work on /home/airflow/.local/lib/python3.7/site-packages/airflow/example_dags/example_nested_branch_dag.py
[2022-03-16 00:20:07,488] {processor.py:642} INFO - Processing file /home/airflow/.local/lib/python3.7/site-packages/airflow/example_dags/example_nested_branch_dag.py for tasks to queue
[2022-03-16 00:20:07,489] {logging_mixin.py:109} INFO - [2022-03-16 00:20:07,489] {dagbag.py:500} INFO - Filling up the DagBag from /home/airflow/.local/lib/python3.7/site-packages/airflow/example_dags/example_nested_branch_dag.py
[2022-03-16 00:20:07,509] {processor.py:654} INFO - DAG(s) dict_keys(['example_nested_branch_dag']) retrieved from /home/airflow/.local/lib/python3.7/site-packages/airflow/example_dags/example_nested_branch_dag.py
[2022-03-16 00:20:07,516] {logging_mixin.py:109} INFO - [2022-03-16 00:20:07,516] {dag.py:2398} INFO - Sync 1 DAGs
[2022-03-16 00:20:07,529] {logging_mixin.py:109} INFO - [2022-03-16 00:20:07,528] {dag.py:2937} INFO - Setting next_dagrun for example_nested_branch_dag to 2022-03-15 00:00:00+00:00
[2022-03-16 00:20:08,145] {processor.py:171} INFO - Processing /home/airflow/.local/lib/python3.7/site-packages/airflow/example_dags/example_nested_branch_dag.py took 0.683 seconds
[2022-03-16 00:20:38,187] {processor.py:163} INFO - Started process (PID=4599) to work on /home/airflow/.local/lib/python3.7/site-packages/airflow/example_dags/example_nested_branch_dag.py
[2022-03-16 00:20:38,196] {processor.py:642} INFO - Processing file /home/airflow/.local/lib/python3.7/site-packages/airflow/example_dags/example_nested_branch_dag.py for tasks to queue
[2022-03-16 00:20:38,196] {logging_mixin.py:109} INFO - [2022-03-16 00:20:38,196] {dagbag.py:500} INFO - Filling up the DagBag from /home/airflow/.local/lib/python3.7/site-packages/airflow/example_dags/example_nested_branch_dag.py
[2022-03-16 00:20:38,219] {processor.py:654} INFO - DAG(s) dict_keys(['example_nested_branch_dag']) retrieved from /home/airflow/.local/lib/python3.7/site-packages/airflow/example_dags/example_nested_branch_dag.py
[2022-03-16 00:20:38,227] {logging_mixin.py:109} INFO - [2022-03-16 00:20:38,227] {dag.py:2398} INFO - Sync 1 DAGs
[2022-03-16 00:20:38,241] {logging_mixin.py:109} INFO - [2022-03-16 00:20:38,241] {dag.py:2937} INFO - Setting next_dagrun for example_nested_branch_dag to 2022-03-15 00:00:00+00:00
[2022-03-16 00:20:38,291] {processor.py:171} INFO - Processing /home/airflow/.local/lib/python3.7/site-packages/airflow/example_dags/example_nested_branch_dag.py took 0.105 seconds
[2022-03-16 00:21:08,333] {processor.py:163} INFO - Started process (PID=4661) to work on /home/airflow/.local/lib/python3.7/site-packages/airflow/example_dags/example_nested_branch_dag.py
[2022-03-16 00:21:08,381] {processor.py:642} INFO - Processing file /home/airflow/.local/lib/python3.7/site-packages/airflow/example_dags/example_nested_branch_dag.py for tasks to queue
[2022-03-16 00:21:08,381] {logging_mixin.py:109} INFO - [2022-03-16 00:21:08,381] {dagbag.py:500} INFO - Filling up the DagBag from /home/airflow/.local/lib/python3.7/site-packages/airflow/example_dags/example_nested_branch_dag.py
[2022-03-16 00:21:08,406] {processor.py:654} INFO - DAG(s) dict_keys(['example_nested_branch_dag']) retrieved from /home/airflow/.local/lib/python3.7/site-packages/airflow/example_dags/example_nested_branch_dag.py
[2022-03-16 00:21:08,417] {logging_mixin.py:109} INFO - [2022-03-16 00:21:08,417] {dag.py:2398} INFO - Sync 1 DAGs
[2022-03-16 00:21:08,434] {logging_mixin.py:109} INFO - [2022-03-16 00:21:08,434] {dag.py:2937} INFO - Setting next_dagrun for example_nested_branch_dag to 2022-03-15 00:00:00+00:00
[2022-03-16 00:21:10,149] {processor.py:171} INFO - Processing /home/airflow/.local/lib/python3.7/site-packages/airflow/example_dags/example_nested_branch_dag.py took 1.817 seconds
[2022-03-16 00:21:40,513] {processor.py:163} INFO - Started process (PID=4721) to work on /home/airflow/.local/lib/python3.7/site-packages/airflow/example_dags/example_nested_branch_dag.py
[2022-03-16 00:21:40,772] {processor.py:642} INFO - Processing file /home/airflow/.local/lib/python3.7/site-packages/airflow/example_dags/example_nested_branch_dag.py for tasks to queue
[2022-03-16 00:21:40,772] {logging_mixin.py:109} INFO - [2022-03-16 00:21:40,772] {dagbag.py:500} INFO - Filling up the DagBag from /home/airflow/.local/lib/python3.7/site-packages/airflow/example_dags/example_nested_branch_dag.py
[2022-03-16 00:21:40,794] {processor.py:654} INFO - DAG(s) dict_keys(['example_nested_branch_dag']) retrieved from /home/airflow/.local/lib/python3.7/site-packages/airflow/example_dags/example_nested_branch_dag.py
[2022-03-16 00:21:40,801] {logging_mixin.py:109} INFO - [2022-03-16 00:21:40,801] {dag.py:2398} INFO - Sync 1 DAGs
[2022-03-16 00:21:40,814] {logging_mixin.py:109} INFO - [2022-03-16 00:21:40,814] {dag.py:2937} INFO - Setting next_dagrun for example_nested_branch_dag to 2022-03-15 00:00:00+00:00
[2022-03-16 00:21:40,879] {processor.py:171} INFO - Processing /home/airflow/.local/lib/python3.7/site-packages/airflow/example_dags/example_nested_branch_dag.py took 0.368 seconds
[2022-03-16 00:22:11,389] {processor.py:163} INFO - Started process (PID=4777) to work on /home/airflow/.local/lib/python3.7/site-packages/airflow/example_dags/example_nested_branch_dag.py
[2022-03-16 00:22:11,395] {processor.py:642} INFO - Processing file /home/airflow/.local/lib/python3.7/site-packages/airflow/example_dags/example_nested_branch_dag.py for tasks to queue
[2022-03-16 00:22:11,396] {logging_mixin.py:109} INFO - [2022-03-16 00:22:11,396] {dagbag.py:500} INFO - Filling up the DagBag from /home/airflow/.local/lib/python3.7/site-packages/airflow/example_dags/example_nested_branch_dag.py
[2022-03-16 00:22:11,420] {processor.py:654} INFO - DAG(s) dict_keys(['example_nested_branch_dag']) retrieved from /home/airflow/.local/lib/python3.7/site-packages/airflow/example_dags/example_nested_branch_dag.py
[2022-03-16 00:22:11,431] {logging_mixin.py:109} INFO - [2022-03-16 00:22:11,431] {dag.py:2398} INFO - Sync 1 DAGs
[2022-03-16 00:22:11,444] {logging_mixin.py:109} INFO - [2022-03-16 00:22:11,444] {dag.py:2937} INFO - Setting next_dagrun for example_nested_branch_dag to 2022-03-15 00:00:00+00:00
[2022-03-16 00:22:11,496] {processor.py:171} INFO - Processing /home/airflow/.local/lib/python3.7/site-packages/airflow/example_dags/example_nested_branch_dag.py took 0.109 seconds
[2022-03-16 00:22:42,123] {processor.py:163} INFO - Started process (PID=4842) to work on /home/airflow/.local/lib/python3.7/site-packages/airflow/example_dags/example_nested_branch_dag.py
[2022-03-16 00:22:42,132] {processor.py:642} INFO - Processing file /home/airflow/.local/lib/python3.7/site-packages/airflow/example_dags/example_nested_branch_dag.py for tasks to queue
[2022-03-16 00:22:42,134] {logging_mixin.py:109} INFO - [2022-03-16 00:22:42,133] {dagbag.py:500} INFO - Filling up the DagBag from /home/airflow/.local/lib/python3.7/site-packages/airflow/example_dags/example_nested_branch_dag.py
[2022-03-16 00:22:42,170] {processor.py:654} INFO - DAG(s) dict_keys(['example_nested_branch_dag']) retrieved from /home/airflow/.local/lib/python3.7/site-packages/airflow/example_dags/example_nested_branch_dag.py
[2022-03-16 00:22:42,177] {logging_mixin.py:109} INFO - [2022-03-16 00:22:42,177] {dag.py:2398} INFO - Sync 1 DAGs
[2022-03-16 00:22:42,189] {logging_mixin.py:109} INFO - [2022-03-16 00:22:42,189] {dag.py:2937} INFO - Setting next_dagrun for example_nested_branch_dag to 2022-03-15 00:00:00+00:00
[2022-03-16 00:22:42,229] {processor.py:171} INFO - Processing /home/airflow/.local/lib/python3.7/site-packages/airflow/example_dags/example_nested_branch_dag.py took 0.113 seconds
[2022-03-16 00:23:12,748] {processor.py:163} INFO - Started process (PID=4911) to work on /home/airflow/.local/lib/python3.7/site-packages/airflow/example_dags/example_nested_branch_dag.py
[2022-03-16 00:23:12,780] {processor.py:642} INFO - Processing file /home/airflow/.local/lib/python3.7/site-packages/airflow/example_dags/example_nested_branch_dag.py for tasks to queue
[2022-03-16 00:23:12,781] {logging_mixin.py:109} INFO - [2022-03-16 00:23:12,781] {dagbag.py:500} INFO - Filling up the DagBag from /home/airflow/.local/lib/python3.7/site-packages/airflow/example_dags/example_nested_branch_dag.py
[2022-03-16 00:23:12,830] {processor.py:654} INFO - DAG(s) dict_keys(['example_nested_branch_dag']) retrieved from /home/airflow/.local/lib/python3.7/site-packages/airflow/example_dags/example_nested_branch_dag.py
[2022-03-16 00:23:12,838] {logging_mixin.py:109} INFO - [2022-03-16 00:23:12,838] {dag.py:2398} INFO - Sync 1 DAGs
[2022-03-16 00:23:12,850] {logging_mixin.py:109} INFO - [2022-03-16 00:23:12,850] {dag.py:2937} INFO - Setting next_dagrun for example_nested_branch_dag to 2022-03-15 00:00:00+00:00
[2022-03-16 00:23:14,251] {processor.py:171} INFO - Processing /home/airflow/.local/lib/python3.7/site-packages/airflow/example_dags/example_nested_branch_dag.py took 1.510 seconds
[2022-03-16 00:23:44,793] {processor.py:163} INFO - Started process (PID=4961) to work on /home/airflow/.local/lib/python3.7/site-packages/airflow/example_dags/example_nested_branch_dag.py
[2022-03-16 00:23:44,806] {processor.py:642} INFO - Processing file /home/airflow/.local/lib/python3.7/site-packages/airflow/example_dags/example_nested_branch_dag.py for tasks to queue
[2022-03-16 00:23:44,808] {logging_mixin.py:109} INFO - [2022-03-16 00:23:44,807] {dagbag.py:500} INFO - Filling up the DagBag from /home/airflow/.local/lib/python3.7/site-packages/airflow/example_dags/example_nested_branch_dag.py
[2022-03-16 00:23:44,846] {processor.py:654} INFO - DAG(s) dict_keys(['example_nested_branch_dag']) retrieved from /home/airflow/.local/lib/python3.7/site-packages/airflow/example_dags/example_nested_branch_dag.py
[2022-03-16 00:23:44,856] {logging_mixin.py:109} INFO - [2022-03-16 00:23:44,856] {dag.py:2398} INFO - Sync 1 DAGs
[2022-03-16 00:23:44,873] {logging_mixin.py:109} INFO - [2022-03-16 00:23:44,873] {dag.py:2937} INFO - Setting next_dagrun for example_nested_branch_dag to 2022-03-15 00:00:00+00:00
[2022-03-16 00:23:45,427] {processor.py:171} INFO - Processing /home/airflow/.local/lib/python3.7/site-packages/airflow/example_dags/example_nested_branch_dag.py took 0.641 seconds
[2022-03-16 00:24:16,164] {processor.py:163} INFO - Started process (PID=5028) to work on /home/airflow/.local/lib/python3.7/site-packages/airflow/example_dags/example_nested_branch_dag.py
[2022-03-16 00:24:16,179] {processor.py:642} INFO - Processing file /home/airflow/.local/lib/python3.7/site-packages/airflow/example_dags/example_nested_branch_dag.py for tasks to queue
[2022-03-16 00:24:16,179] {logging_mixin.py:109} INFO - [2022-03-16 00:24:16,179] {dagbag.py:500} INFO - Filling up the DagBag from /home/airflow/.local/lib/python3.7/site-packages/airflow/example_dags/example_nested_branch_dag.py
[2022-03-16 00:24:16,199] {processor.py:654} INFO - DAG(s) dict_keys(['example_nested_branch_dag']) retrieved from /home/airflow/.local/lib/python3.7/site-packages/airflow/example_dags/example_nested_branch_dag.py
[2022-03-16 00:24:16,206] {logging_mixin.py:109} INFO - [2022-03-16 00:24:16,206] {dag.py:2398} INFO - Sync 1 DAGs
[2022-03-16 00:24:16,217] {logging_mixin.py:109} INFO - [2022-03-16 00:24:16,217] {dag.py:2937} INFO - Setting next_dagrun for example_nested_branch_dag to 2022-03-15 00:00:00+00:00
[2022-03-16 00:24:17,116] {processor.py:171} INFO - Processing /home/airflow/.local/lib/python3.7/site-packages/airflow/example_dags/example_nested_branch_dag.py took 0.954 seconds
[2022-03-16 00:24:47,348] {processor.py:163} INFO - Started process (PID=5092) to work on /home/airflow/.local/lib/python3.7/site-packages/airflow/example_dags/example_nested_branch_dag.py
[2022-03-16 00:24:47,356] {processor.py:642} INFO - Processing file /home/airflow/.local/lib/python3.7/site-packages/airflow/example_dags/example_nested_branch_dag.py for tasks to queue
[2022-03-16 00:24:47,356] {logging_mixin.py:109} INFO - [2022-03-16 00:24:47,356] {dagbag.py:500} INFO - Filling up the DagBag from /home/airflow/.local/lib/python3.7/site-packages/airflow/example_dags/example_nested_branch_dag.py
[2022-03-16 00:24:47,382] {processor.py:654} INFO - DAG(s) dict_keys(['example_nested_branch_dag']) retrieved from /home/airflow/.local/lib/python3.7/site-packages/airflow/example_dags/example_nested_branch_dag.py
[2022-03-16 00:24:47,389] {logging_mixin.py:109} INFO - [2022-03-16 00:24:47,389] {dag.py:2398} INFO - Sync 1 DAGs
[2022-03-16 00:24:47,402] {logging_mixin.py:109} INFO - [2022-03-16 00:24:47,402] {dag.py:2937} INFO - Setting next_dagrun for example_nested_branch_dag to 2022-03-15 00:00:00+00:00
[2022-03-16 00:24:47,451] {processor.py:171} INFO - Processing /home/airflow/.local/lib/python3.7/site-packages/airflow/example_dags/example_nested_branch_dag.py took 0.105 seconds
[2022-03-16 00:25:17,780] {processor.py:163} INFO - Started process (PID=5159) to work on /home/airflow/.local/lib/python3.7/site-packages/airflow/example_dags/example_nested_branch_dag.py
[2022-03-16 00:25:17,804] {processor.py:642} INFO - Processing file /home/airflow/.local/lib/python3.7/site-packages/airflow/example_dags/example_nested_branch_dag.py for tasks to queue
[2022-03-16 00:25:17,805] {logging_mixin.py:109} INFO - [2022-03-16 00:25:17,805] {dagbag.py:500} INFO - Filling up the DagBag from /home/airflow/.local/lib/python3.7/site-packages/airflow/example_dags/example_nested_branch_dag.py
[2022-03-16 00:25:17,845] {processor.py:654} INFO - DAG(s) dict_keys(['example_nested_branch_dag']) retrieved from /home/airflow/.local/lib/python3.7/site-packages/airflow/example_dags/example_nested_branch_dag.py
[2022-03-16 00:25:17,852] {logging_mixin.py:109} INFO - [2022-03-16 00:25:17,852] {dag.py:2398} INFO - Sync 1 DAGs
[2022-03-16 00:25:17,864] {logging_mixin.py:109} INFO - [2022-03-16 00:25:17,864] {dag.py:2937} INFO - Setting next_dagrun for example_nested_branch_dag to 2022-03-15 00:00:00+00:00
[2022-03-16 00:25:18,083] {processor.py:171} INFO - Processing /home/airflow/.local/lib/python3.7/site-packages/airflow/example_dags/example_nested_branch_dag.py took 0.310 seconds
[2022-03-16 00:25:48,370] {processor.py:163} INFO - Started process (PID=5208) to work on /home/airflow/.local/lib/python3.7/site-packages/airflow/example_dags/example_nested_branch_dag.py
[2022-03-16 00:25:48,412] {processor.py:642} INFO - Processing file /home/airflow/.local/lib/python3.7/site-packages/airflow/example_dags/example_nested_branch_dag.py for tasks to queue
[2022-03-16 00:25:48,413] {logging_mixin.py:109} INFO - [2022-03-16 00:25:48,413] {dagbag.py:500} INFO - Filling up the DagBag from /home/airflow/.local/lib/python3.7/site-packages/airflow/example_dags/example_nested_branch_dag.py
[2022-03-16 00:25:48,438] {processor.py:654} INFO - DAG(s) dict_keys(['example_nested_branch_dag']) retrieved from /home/airflow/.local/lib/python3.7/site-packages/airflow/example_dags/example_nested_branch_dag.py
[2022-03-16 00:25:48,450] {logging_mixin.py:109} INFO - [2022-03-16 00:25:48,449] {dag.py:2398} INFO - Sync 1 DAGs
[2022-03-16 00:25:48,468] {logging_mixin.py:109} INFO - [2022-03-16 00:25:48,467] {dag.py:2937} INFO - Setting next_dagrun for example_nested_branch_dag to 2022-03-15 00:00:00+00:00
[2022-03-16 00:25:48,754] {processor.py:171} INFO - Processing /home/airflow/.local/lib/python3.7/site-packages/airflow/example_dags/example_nested_branch_dag.py took 0.386 seconds
[2022-03-16 00:26:18,949] {processor.py:163} INFO - Started process (PID=5274) to work on /home/airflow/.local/lib/python3.7/site-packages/airflow/example_dags/example_nested_branch_dag.py
[2022-03-16 00:26:18,955] {processor.py:642} INFO - Processing file /home/airflow/.local/lib/python3.7/site-packages/airflow/example_dags/example_nested_branch_dag.py for tasks to queue
[2022-03-16 00:26:18,955] {logging_mixin.py:109} INFO - [2022-03-16 00:26:18,955] {dagbag.py:500} INFO - Filling up the DagBag from /home/airflow/.local/lib/python3.7/site-packages/airflow/example_dags/example_nested_branch_dag.py
[2022-03-16 00:26:18,977] {processor.py:654} INFO - DAG(s) dict_keys(['example_nested_branch_dag']) retrieved from /home/airflow/.local/lib/python3.7/site-packages/airflow/example_dags/example_nested_branch_dag.py
[2022-03-16 00:26:18,984] {logging_mixin.py:109} INFO - [2022-03-16 00:26:18,984] {dag.py:2398} INFO - Sync 1 DAGs
[2022-03-16 00:26:18,996] {logging_mixin.py:109} INFO - [2022-03-16 00:26:18,996] {dag.py:2937} INFO - Setting next_dagrun for example_nested_branch_dag to 2022-03-15 00:00:00+00:00
[2022-03-16 00:26:19,066] {processor.py:171} INFO - Processing /home/airflow/.local/lib/python3.7/site-packages/airflow/example_dags/example_nested_branch_dag.py took 0.120 seconds
[2022-03-16 00:26:49,135] {processor.py:163} INFO - Started process (PID=5337) to work on /home/airflow/.local/lib/python3.7/site-packages/airflow/example_dags/example_nested_branch_dag.py
[2022-03-16 00:26:49,151] {processor.py:642} INFO - Processing file /home/airflow/.local/lib/python3.7/site-packages/airflow/example_dags/example_nested_branch_dag.py for tasks to queue
[2022-03-16 00:26:49,152] {logging_mixin.py:109} INFO - [2022-03-16 00:26:49,152] {dagbag.py:500} INFO - Filling up the DagBag from /home/airflow/.local/lib/python3.7/site-packages/airflow/example_dags/example_nested_branch_dag.py
[2022-03-16 00:26:49,188] {processor.py:654} INFO - DAG(s) dict_keys(['example_nested_branch_dag']) retrieved from /home/airflow/.local/lib/python3.7/site-packages/airflow/example_dags/example_nested_branch_dag.py
[2022-03-16 00:26:49,195] {logging_mixin.py:109} INFO - [2022-03-16 00:26:49,195] {dag.py:2398} INFO - Sync 1 DAGs
[2022-03-16 00:26:49,207] {logging_mixin.py:109} INFO - [2022-03-16 00:26:49,207] {dag.py:2937} INFO - Setting next_dagrun for example_nested_branch_dag to 2022-03-15 00:00:00+00:00
[2022-03-16 00:26:49,383] {processor.py:171} INFO - Processing /home/airflow/.local/lib/python3.7/site-packages/airflow/example_dags/example_nested_branch_dag.py took 0.254 seconds
[2022-03-16 00:27:21,391] {processor.py:163} INFO - Started process (PID=5401) to work on /home/airflow/.local/lib/python3.7/site-packages/airflow/example_dags/example_nested_branch_dag.py
[2022-03-16 00:27:21,407] {processor.py:642} INFO - Processing file /home/airflow/.local/lib/python3.7/site-packages/airflow/example_dags/example_nested_branch_dag.py for tasks to queue
[2022-03-16 00:27:21,408] {logging_mixin.py:109} INFO - [2022-03-16 00:27:21,408] {dagbag.py:500} INFO - Filling up the DagBag from /home/airflow/.local/lib/python3.7/site-packages/airflow/example_dags/example_nested_branch_dag.py
[2022-03-16 00:27:21,441] {processor.py:654} INFO - DAG(s) dict_keys(['example_nested_branch_dag']) retrieved from /home/airflow/.local/lib/python3.7/site-packages/airflow/example_dags/example_nested_branch_dag.py
[2022-03-16 00:27:21,451] {logging_mixin.py:109} INFO - [2022-03-16 00:27:21,451] {dag.py:2398} INFO - Sync 1 DAGs
[2022-03-16 00:27:21,469] {logging_mixin.py:109} INFO - [2022-03-16 00:27:21,469] {dag.py:2937} INFO - Setting next_dagrun for example_nested_branch_dag to 2022-03-15 00:00:00+00:00
[2022-03-16 00:27:21,544] {processor.py:171} INFO - Processing /home/airflow/.local/lib/python3.7/site-packages/airflow/example_dags/example_nested_branch_dag.py took 0.155 seconds
[2022-03-16 00:27:52,679] {processor.py:163} INFO - Started process (PID=5452) to work on /home/airflow/.local/lib/python3.7/site-packages/airflow/example_dags/example_nested_branch_dag.py
[2022-03-16 00:27:52,691] {processor.py:642} INFO - Processing file /home/airflow/.local/lib/python3.7/site-packages/airflow/example_dags/example_nested_branch_dag.py for tasks to queue
[2022-03-16 00:27:52,691] {logging_mixin.py:109} INFO - [2022-03-16 00:27:52,691] {dagbag.py:500} INFO - Filling up the DagBag from /home/airflow/.local/lib/python3.7/site-packages/airflow/example_dags/example_nested_branch_dag.py
[2022-03-16 00:27:52,715] {processor.py:654} INFO - DAG(s) dict_keys(['example_nested_branch_dag']) retrieved from /home/airflow/.local/lib/python3.7/site-packages/airflow/example_dags/example_nested_branch_dag.py
[2022-03-16 00:27:52,723] {logging_mixin.py:109} INFO - [2022-03-16 00:27:52,723] {dag.py:2398} INFO - Sync 1 DAGs
[2022-03-16 00:27:52,738] {logging_mixin.py:109} INFO - [2022-03-16 00:27:52,738] {dag.py:2937} INFO - Setting next_dagrun for example_nested_branch_dag to 2022-03-15 00:00:00+00:00
[2022-03-16 00:27:52,785] {processor.py:171} INFO - Processing /home/airflow/.local/lib/python3.7/site-packages/airflow/example_dags/example_nested_branch_dag.py took 0.107 seconds
[2022-03-16 00:28:23,291] {processor.py:163} INFO - Started process (PID=5512) to work on /home/airflow/.local/lib/python3.7/site-packages/airflow/example_dags/example_nested_branch_dag.py
[2022-03-16 00:28:23,292] {processor.py:642} INFO - Processing file /home/airflow/.local/lib/python3.7/site-packages/airflow/example_dags/example_nested_branch_dag.py for tasks to queue
[2022-03-16 00:28:23,292] {logging_mixin.py:109} INFO - [2022-03-16 00:28:23,292] {dagbag.py:500} INFO - Filling up the DagBag from /home/airflow/.local/lib/python3.7/site-packages/airflow/example_dags/example_nested_branch_dag.py
[2022-03-16 00:28:23,319] {processor.py:654} INFO - DAG(s) dict_keys(['example_nested_branch_dag']) retrieved from /home/airflow/.local/lib/python3.7/site-packages/airflow/example_dags/example_nested_branch_dag.py
[2022-03-16 00:28:23,327] {logging_mixin.py:109} INFO - [2022-03-16 00:28:23,327] {dag.py:2398} INFO - Sync 1 DAGs
[2022-03-16 00:28:23,342] {logging_mixin.py:109} INFO - [2022-03-16 00:28:23,342] {dag.py:2937} INFO - Setting next_dagrun for example_nested_branch_dag to 2022-03-15 00:00:00+00:00
[2022-03-16 00:28:23,401] {processor.py:171} INFO - Processing /home/airflow/.local/lib/python3.7/site-packages/airflow/example_dags/example_nested_branch_dag.py took 0.113 seconds
[2022-03-16 00:28:54,858] {processor.py:163} INFO - Started process (PID=5583) to work on /home/airflow/.local/lib/python3.7/site-packages/airflow/example_dags/example_nested_branch_dag.py
[2022-03-16 00:28:54,867] {processor.py:642} INFO - Processing file /home/airflow/.local/lib/python3.7/site-packages/airflow/example_dags/example_nested_branch_dag.py for tasks to queue
[2022-03-16 00:28:54,868] {logging_mixin.py:109} INFO - [2022-03-16 00:28:54,868] {dagbag.py:500} INFO - Filling up the DagBag from /home/airflow/.local/lib/python3.7/site-packages/airflow/example_dags/example_nested_branch_dag.py
[2022-03-16 00:28:54,887] {processor.py:654} INFO - DAG(s) dict_keys(['example_nested_branch_dag']) retrieved from /home/airflow/.local/lib/python3.7/site-packages/airflow/example_dags/example_nested_branch_dag.py
[2022-03-16 00:28:54,895] {logging_mixin.py:109} INFO - [2022-03-16 00:28:54,895] {dag.py:2398} INFO - Sync 1 DAGs
[2022-03-16 00:28:54,907] {logging_mixin.py:109} INFO - [2022-03-16 00:28:54,906] {dag.py:2937} INFO - Setting next_dagrun for example_nested_branch_dag to 2022-03-15 00:00:00+00:00
[2022-03-16 00:28:54,951] {processor.py:171} INFO - Processing /home/airflow/.local/lib/python3.7/site-packages/airflow/example_dags/example_nested_branch_dag.py took 0.095 seconds
[2022-03-16 00:29:25,484] {processor.py:163} INFO - Started process (PID=5635) to work on /home/airflow/.local/lib/python3.7/site-packages/airflow/example_dags/example_nested_branch_dag.py
[2022-03-16 00:29:25,485] {processor.py:642} INFO - Processing file /home/airflow/.local/lib/python3.7/site-packages/airflow/example_dags/example_nested_branch_dag.py for tasks to queue
[2022-03-16 00:29:25,485] {logging_mixin.py:109} INFO - [2022-03-16 00:29:25,485] {dagbag.py:500} INFO - Filling up the DagBag from /home/airflow/.local/lib/python3.7/site-packages/airflow/example_dags/example_nested_branch_dag.py
[2022-03-16 00:29:25,504] {processor.py:654} INFO - DAG(s) dict_keys(['example_nested_branch_dag']) retrieved from /home/airflow/.local/lib/python3.7/site-packages/airflow/example_dags/example_nested_branch_dag.py
[2022-03-16 00:29:25,511] {logging_mixin.py:109} INFO - [2022-03-16 00:29:25,510] {dag.py:2398} INFO - Sync 1 DAGs
[2022-03-16 00:29:25,523] {logging_mixin.py:109} INFO - [2022-03-16 00:29:25,523] {dag.py:2937} INFO - Setting next_dagrun for example_nested_branch_dag to 2022-03-15 00:00:00+00:00
[2022-03-16 00:29:25,571] {processor.py:171} INFO - Processing /home/airflow/.local/lib/python3.7/site-packages/airflow/example_dags/example_nested_branch_dag.py took 0.090 seconds
[2022-03-16 00:29:57,294] {processor.py:163} INFO - Started process (PID=5695) to work on /home/airflow/.local/lib/python3.7/site-packages/airflow/example_dags/example_nested_branch_dag.py
[2022-03-16 00:29:57,300] {processor.py:642} INFO - Processing file /home/airflow/.local/lib/python3.7/site-packages/airflow/example_dags/example_nested_branch_dag.py for tasks to queue
[2022-03-16 00:29:57,301] {logging_mixin.py:109} INFO - [2022-03-16 00:29:57,301] {dagbag.py:500} INFO - Filling up the DagBag from /home/airflow/.local/lib/python3.7/site-packages/airflow/example_dags/example_nested_branch_dag.py
[2022-03-16 00:29:57,320] {processor.py:654} INFO - DAG(s) dict_keys(['example_nested_branch_dag']) retrieved from /home/airflow/.local/lib/python3.7/site-packages/airflow/example_dags/example_nested_branch_dag.py
[2022-03-16 00:29:57,326] {logging_mixin.py:109} INFO - [2022-03-16 00:29:57,326] {dag.py:2398} INFO - Sync 1 DAGs
[2022-03-16 00:29:57,338] {logging_mixin.py:109} INFO - [2022-03-16 00:29:57,338] {dag.py:2937} INFO - Setting next_dagrun for example_nested_branch_dag to 2022-03-15 00:00:00+00:00
[2022-03-16 00:29:57,383] {processor.py:171} INFO - Processing /home/airflow/.local/lib/python3.7/site-packages/airflow/example_dags/example_nested_branch_dag.py took 0.091 seconds
[2022-03-16 00:30:28,589] {processor.py:163} INFO - Started process (PID=5760) to work on /home/airflow/.local/lib/python3.7/site-packages/airflow/example_dags/example_nested_branch_dag.py
[2022-03-16 00:30:28,589] {processor.py:642} INFO - Processing file /home/airflow/.local/lib/python3.7/site-packages/airflow/example_dags/example_nested_branch_dag.py for tasks to queue
[2022-03-16 00:30:28,590] {logging_mixin.py:109} INFO - [2022-03-16 00:30:28,590] {dagbag.py:500} INFO - Filling up the DagBag from /home/airflow/.local/lib/python3.7/site-packages/airflow/example_dags/example_nested_branch_dag.py
[2022-03-16 00:30:28,615] {processor.py:654} INFO - DAG(s) dict_keys(['example_nested_branch_dag']) retrieved from /home/airflow/.local/lib/python3.7/site-packages/airflow/example_dags/example_nested_branch_dag.py
[2022-03-16 00:30:28,625] {logging_mixin.py:109} INFO - [2022-03-16 00:30:28,625] {dag.py:2398} INFO - Sync 1 DAGs
[2022-03-16 00:30:28,638] {logging_mixin.py:109} INFO - [2022-03-16 00:30:28,638] {dag.py:2937} INFO - Setting next_dagrun for example_nested_branch_dag to 2022-03-15 00:00:00+00:00
[2022-03-16 00:30:28,679] {processor.py:171} INFO - Processing /home/airflow/.local/lib/python3.7/site-packages/airflow/example_dags/example_nested_branch_dag.py took 0.093 seconds
[2022-03-16 00:31:00,044] {processor.py:163} INFO - Started process (PID=5834) to work on /home/airflow/.local/lib/python3.7/site-packages/airflow/example_dags/example_nested_branch_dag.py
[2022-03-16 00:31:00,052] {processor.py:642} INFO - Processing file /home/airflow/.local/lib/python3.7/site-packages/airflow/example_dags/example_nested_branch_dag.py for tasks to queue
[2022-03-16 00:31:00,052] {logging_mixin.py:109} INFO - [2022-03-16 00:31:00,052] {dagbag.py:500} INFO - Filling up the DagBag from /home/airflow/.local/lib/python3.7/site-packages/airflow/example_dags/example_nested_branch_dag.py
[2022-03-16 00:31:00,081] {processor.py:654} INFO - DAG(s) dict_keys(['example_nested_branch_dag']) retrieved from /home/airflow/.local/lib/python3.7/site-packages/airflow/example_dags/example_nested_branch_dag.py
[2022-03-16 00:31:00,093] {logging_mixin.py:109} INFO - [2022-03-16 00:31:00,093] {dag.py:2398} INFO - Sync 1 DAGs
[2022-03-16 00:31:00,116] {logging_mixin.py:109} INFO - [2022-03-16 00:31:00,115] {dag.py:2937} INFO - Setting next_dagrun for example_nested_branch_dag to 2022-03-15 00:00:00+00:00
[2022-03-16 00:31:00,155] {processor.py:171} INFO - Processing /home/airflow/.local/lib/python3.7/site-packages/airflow/example_dags/example_nested_branch_dag.py took 0.113 seconds
[2022-03-16 00:31:32,184] {processor.py:163} INFO - Started process (PID=5885) to work on /home/airflow/.local/lib/python3.7/site-packages/airflow/example_dags/example_nested_branch_dag.py
[2022-03-16 00:31:32,185] {processor.py:642} INFO - Processing file /home/airflow/.local/lib/python3.7/site-packages/airflow/example_dags/example_nested_branch_dag.py for tasks to queue
[2022-03-16 00:31:32,186] {logging_mixin.py:109} INFO - [2022-03-16 00:31:32,186] {dagbag.py:500} INFO - Filling up the DagBag from /home/airflow/.local/lib/python3.7/site-packages/airflow/example_dags/example_nested_branch_dag.py
[2022-03-16 00:31:32,214] {processor.py:654} INFO - DAG(s) dict_keys(['example_nested_branch_dag']) retrieved from /home/airflow/.local/lib/python3.7/site-packages/airflow/example_dags/example_nested_branch_dag.py
[2022-03-16 00:31:32,221] {logging_mixin.py:109} INFO - [2022-03-16 00:31:32,221] {dag.py:2398} INFO - Sync 1 DAGs
[2022-03-16 00:31:32,234] {logging_mixin.py:109} INFO - [2022-03-16 00:31:32,234] {dag.py:2937} INFO - Setting next_dagrun for example_nested_branch_dag to 2022-03-15 00:00:00+00:00
[2022-03-16 00:31:32,279] {processor.py:171} INFO - Processing /home/airflow/.local/lib/python3.7/site-packages/airflow/example_dags/example_nested_branch_dag.py took 0.099 seconds
[2022-03-16 00:32:04,918] {processor.py:163} INFO - Started process (PID=5946) to work on /home/airflow/.local/lib/python3.7/site-packages/airflow/example_dags/example_nested_branch_dag.py
[2022-03-16 00:32:04,968] {processor.py:642} INFO - Processing file /home/airflow/.local/lib/python3.7/site-packages/airflow/example_dags/example_nested_branch_dag.py for tasks to queue
[2022-03-16 00:32:04,968] {logging_mixin.py:109} INFO - [2022-03-16 00:32:04,968] {dagbag.py:500} INFO - Filling up the DagBag from /home/airflow/.local/lib/python3.7/site-packages/airflow/example_dags/example_nested_branch_dag.py
[2022-03-16 00:32:05,107] {processor.py:654} INFO - DAG(s) dict_keys(['example_nested_branch_dag']) retrieved from /home/airflow/.local/lib/python3.7/site-packages/airflow/example_dags/example_nested_branch_dag.py
[2022-03-16 00:32:05,125] {logging_mixin.py:109} INFO - [2022-03-16 00:32:05,125] {dag.py:2398} INFO - Sync 1 DAGs
[2022-03-16 00:32:05,186] {logging_mixin.py:109} INFO - [2022-03-16 00:32:05,186] {dag.py:2937} INFO - Setting next_dagrun for example_nested_branch_dag to 2022-03-15 00:00:00+00:00
[2022-03-16 00:32:05,543] {processor.py:171} INFO - Processing /home/airflow/.local/lib/python3.7/site-packages/airflow/example_dags/example_nested_branch_dag.py took 0.627 seconds
[2022-03-16 00:32:35,759] {processor.py:163} INFO - Started process (PID=6006) to work on /home/airflow/.local/lib/python3.7/site-packages/airflow/example_dags/example_nested_branch_dag.py
[2022-03-16 00:32:35,768] {processor.py:642} INFO - Processing file /home/airflow/.local/lib/python3.7/site-packages/airflow/example_dags/example_nested_branch_dag.py for tasks to queue
[2022-03-16 00:32:35,769] {logging_mixin.py:109} INFO - [2022-03-16 00:32:35,769] {dagbag.py:500} INFO - Filling up the DagBag from /home/airflow/.local/lib/python3.7/site-packages/airflow/example_dags/example_nested_branch_dag.py
[2022-03-16 00:32:35,805] {processor.py:654} INFO - DAG(s) dict_keys(['example_nested_branch_dag']) retrieved from /home/airflow/.local/lib/python3.7/site-packages/airflow/example_dags/example_nested_branch_dag.py
[2022-03-16 00:32:35,812] {logging_mixin.py:109} INFO - [2022-03-16 00:32:35,812] {dag.py:2398} INFO - Sync 1 DAGs
[2022-03-16 00:32:35,824] {logging_mixin.py:109} INFO - [2022-03-16 00:32:35,824] {dag.py:2937} INFO - Setting next_dagrun for example_nested_branch_dag to 2022-03-15 00:00:00+00:00
[2022-03-16 00:32:35,920] {processor.py:171} INFO - Processing /home/airflow/.local/lib/python3.7/site-packages/airflow/example_dags/example_nested_branch_dag.py took 0.168 seconds
[2022-03-16 00:33:06,677] {processor.py:163} INFO - Started process (PID=6069) to work on /home/airflow/.local/lib/python3.7/site-packages/airflow/example_dags/example_nested_branch_dag.py
[2022-03-16 00:33:06,704] {processor.py:642} INFO - Processing file /home/airflow/.local/lib/python3.7/site-packages/airflow/example_dags/example_nested_branch_dag.py for tasks to queue
[2022-03-16 00:33:06,705] {logging_mixin.py:109} INFO - [2022-03-16 00:33:06,705] {dagbag.py:500} INFO - Filling up the DagBag from /home/airflow/.local/lib/python3.7/site-packages/airflow/example_dags/example_nested_branch_dag.py
[2022-03-16 00:33:06,747] {processor.py:654} INFO - DAG(s) dict_keys(['example_nested_branch_dag']) retrieved from /home/airflow/.local/lib/python3.7/site-packages/airflow/example_dags/example_nested_branch_dag.py
[2022-03-16 00:33:06,757] {logging_mixin.py:109} INFO - [2022-03-16 00:33:06,757] {dag.py:2398} INFO - Sync 1 DAGs
[2022-03-16 00:33:06,770] {logging_mixin.py:109} INFO - [2022-03-16 00:33:06,770] {dag.py:2937} INFO - Setting next_dagrun for example_nested_branch_dag to 2022-03-15 00:00:00+00:00
[2022-03-16 00:33:07,149] {processor.py:171} INFO - Processing /home/airflow/.local/lib/python3.7/site-packages/airflow/example_dags/example_nested_branch_dag.py took 0.476 seconds
[2022-03-16 00:33:37,278] {processor.py:163} INFO - Started process (PID=6128) to work on /home/airflow/.local/lib/python3.7/site-packages/airflow/example_dags/example_nested_branch_dag.py
[2022-03-16 00:33:37,282] {processor.py:642} INFO - Processing file /home/airflow/.local/lib/python3.7/site-packages/airflow/example_dags/example_nested_branch_dag.py for tasks to queue
[2022-03-16 00:33:37,282] {logging_mixin.py:109} INFO - [2022-03-16 00:33:37,282] {dagbag.py:500} INFO - Filling up the DagBag from /home/airflow/.local/lib/python3.7/site-packages/airflow/example_dags/example_nested_branch_dag.py
[2022-03-16 00:33:37,302] {processor.py:654} INFO - DAG(s) dict_keys(['example_nested_branch_dag']) retrieved from /home/airflow/.local/lib/python3.7/site-packages/airflow/example_dags/example_nested_branch_dag.py
[2022-03-16 00:33:37,309] {logging_mixin.py:109} INFO - [2022-03-16 00:33:37,308] {dag.py:2398} INFO - Sync 1 DAGs
[2022-03-16 00:33:37,322] {logging_mixin.py:109} INFO - [2022-03-16 00:33:37,321] {dag.py:2937} INFO - Setting next_dagrun for example_nested_branch_dag to 2022-03-15 00:00:00+00:00
[2022-03-16 00:33:37,395] {processor.py:171} INFO - Processing /home/airflow/.local/lib/python3.7/site-packages/airflow/example_dags/example_nested_branch_dag.py took 0.119 seconds
[2022-03-16 00:34:08,383] {processor.py:163} INFO - Started process (PID=6180) to work on /home/airflow/.local/lib/python3.7/site-packages/airflow/example_dags/example_nested_branch_dag.py
[2022-03-16 00:34:08,590] {processor.py:642} INFO - Processing file /home/airflow/.local/lib/python3.7/site-packages/airflow/example_dags/example_nested_branch_dag.py for tasks to queue
[2022-03-16 00:34:08,592] {logging_mixin.py:109} INFO - [2022-03-16 00:34:08,591] {dagbag.py:500} INFO - Filling up the DagBag from /home/airflow/.local/lib/python3.7/site-packages/airflow/example_dags/example_nested_branch_dag.py
[2022-03-16 00:34:08,626] {processor.py:654} INFO - DAG(s) dict_keys(['example_nested_branch_dag']) retrieved from /home/airflow/.local/lib/python3.7/site-packages/airflow/example_dags/example_nested_branch_dag.py
[2022-03-16 00:34:08,635] {logging_mixin.py:109} INFO - [2022-03-16 00:34:08,634] {dag.py:2398} INFO - Sync 1 DAGs
[2022-03-16 00:34:08,647] {logging_mixin.py:109} INFO - [2022-03-16 00:34:08,647] {dag.py:2937} INFO - Setting next_dagrun for example_nested_branch_dag to 2022-03-15 00:00:00+00:00
[2022-03-16 00:34:09,483] {processor.py:171} INFO - Processing /home/airflow/.local/lib/python3.7/site-packages/airflow/example_dags/example_nested_branch_dag.py took 1.104 seconds
