[2022-03-16 00:00:11,066] {processor.py:163} INFO - Started process (PID=2209) to work on /home/airflow/.local/lib/python3.7/site-packages/airflow/example_dags/example_branch_datetime_operator.py
[2022-03-16 00:00:11,067] {processor.py:642} INFO - Processing file /home/airflow/.local/lib/python3.7/site-packages/airflow/example_dags/example_branch_datetime_operator.py for tasks to queue
[2022-03-16 00:00:11,067] {logging_mixin.py:109} INFO - [2022-03-16 00:00:11,067] {dagbag.py:500} INFO - Filling up the DagBag from /home/airflow/.local/lib/python3.7/site-packages/airflow/example_dags/example_branch_datetime_operator.py
[2022-03-16 00:00:11,088] {processor.py:654} INFO - DAG(s) dict_keys(['example_branch_datetime_operator_2']) retrieved from /home/airflow/.local/lib/python3.7/site-packages/airflow/example_dags/example_branch_datetime_operator.py
[2022-03-16 00:00:11,095] {logging_mixin.py:109} INFO - [2022-03-16 00:00:11,095] {dag.py:2398} INFO - Sync 1 DAGs
[2022-03-16 00:00:11,109] {logging_mixin.py:109} INFO - [2022-03-16 00:00:11,109] {dag.py:2937} INFO - Setting next_dagrun for example_branch_datetime_operator_2 to 2022-03-16T00:00:00+00:00
[2022-03-16 00:00:11,681] {processor.py:171} INFO - Processing /home/airflow/.local/lib/python3.7/site-packages/airflow/example_dags/example_branch_datetime_operator.py took 0.617 seconds
[2022-03-16 00:00:42,220] {processor.py:163} INFO - Started process (PID=2274) to work on /home/airflow/.local/lib/python3.7/site-packages/airflow/example_dags/example_branch_datetime_operator.py
[2022-03-16 00:00:42,221] {processor.py:642} INFO - Processing file /home/airflow/.local/lib/python3.7/site-packages/airflow/example_dags/example_branch_datetime_operator.py for tasks to queue
[2022-03-16 00:00:42,222] {logging_mixin.py:109} INFO - [2022-03-16 00:00:42,222] {dagbag.py:500} INFO - Filling up the DagBag from /home/airflow/.local/lib/python3.7/site-packages/airflow/example_dags/example_branch_datetime_operator.py
[2022-03-16 00:00:42,246] {processor.py:654} INFO - DAG(s) dict_keys(['example_branch_datetime_operator_2']) retrieved from /home/airflow/.local/lib/python3.7/site-packages/airflow/example_dags/example_branch_datetime_operator.py
[2022-03-16 00:00:42,255] {logging_mixin.py:109} INFO - [2022-03-16 00:00:42,255] {dag.py:2398} INFO - Sync 1 DAGs
[2022-03-16 00:00:42,268] {logging_mixin.py:109} INFO - [2022-03-16 00:00:42,268] {dag.py:2937} INFO - Setting next_dagrun for example_branch_datetime_operator_2 to 2022-03-16T00:00:00+00:00
[2022-03-16 00:00:42,307] {processor.py:171} INFO - Processing /home/airflow/.local/lib/python3.7/site-packages/airflow/example_dags/example_branch_datetime_operator.py took 0.089 seconds
[2022-03-16 00:01:12,535] {processor.py:163} INFO - Started process (PID=2330) to work on /home/airflow/.local/lib/python3.7/site-packages/airflow/example_dags/example_branch_datetime_operator.py
[2022-03-16 00:01:12,535] {processor.py:642} INFO - Processing file /home/airflow/.local/lib/python3.7/site-packages/airflow/example_dags/example_branch_datetime_operator.py for tasks to queue
[2022-03-16 00:01:12,536] {logging_mixin.py:109} INFO - [2022-03-16 00:01:12,536] {dagbag.py:500} INFO - Filling up the DagBag from /home/airflow/.local/lib/python3.7/site-packages/airflow/example_dags/example_branch_datetime_operator.py
[2022-03-16 00:01:12,556] {processor.py:654} INFO - DAG(s) dict_keys(['example_branch_datetime_operator_2']) retrieved from /home/airflow/.local/lib/python3.7/site-packages/airflow/example_dags/example_branch_datetime_operator.py
[2022-03-16 00:01:12,562] {logging_mixin.py:109} INFO - [2022-03-16 00:01:12,562] {dag.py:2398} INFO - Sync 1 DAGs
[2022-03-16 00:01:12,574] {logging_mixin.py:109} INFO - [2022-03-16 00:01:12,574] {dag.py:2937} INFO - Setting next_dagrun for example_branch_datetime_operator_2 to 2022-03-16T00:00:00+00:00
[2022-03-16 00:01:12,635] {processor.py:171} INFO - Processing /home/airflow/.local/lib/python3.7/site-packages/airflow/example_dags/example_branch_datetime_operator.py took 0.102 seconds
[2022-03-16 00:01:42,900] {processor.py:163} INFO - Started process (PID=2390) to work on /home/airflow/.local/lib/python3.7/site-packages/airflow/example_dags/example_branch_datetime_operator.py
[2022-03-16 00:01:42,901] {processor.py:642} INFO - Processing file /home/airflow/.local/lib/python3.7/site-packages/airflow/example_dags/example_branch_datetime_operator.py for tasks to queue
[2022-03-16 00:01:42,902] {logging_mixin.py:109} INFO - [2022-03-16 00:01:42,901] {dagbag.py:500} INFO - Filling up the DagBag from /home/airflow/.local/lib/python3.7/site-packages/airflow/example_dags/example_branch_datetime_operator.py
[2022-03-16 00:01:42,921] {processor.py:654} INFO - DAG(s) dict_keys(['example_branch_datetime_operator_2']) retrieved from /home/airflow/.local/lib/python3.7/site-packages/airflow/example_dags/example_branch_datetime_operator.py
[2022-03-16 00:01:42,927] {logging_mixin.py:109} INFO - [2022-03-16 00:01:42,927] {dag.py:2398} INFO - Sync 1 DAGs
[2022-03-16 00:01:42,940] {logging_mixin.py:109} INFO - [2022-03-16 00:01:42,940] {dag.py:2937} INFO - Setting next_dagrun for example_branch_datetime_operator_2 to 2022-03-16T00:00:00+00:00
[2022-03-16 00:01:42,989] {processor.py:171} INFO - Processing /home/airflow/.local/lib/python3.7/site-packages/airflow/example_dags/example_branch_datetime_operator.py took 0.091 seconds
[2022-03-16 00:02:13,941] {processor.py:163} INFO - Started process (PID=2445) to work on /home/airflow/.local/lib/python3.7/site-packages/airflow/example_dags/example_branch_datetime_operator.py
[2022-03-16 00:02:13,998] {processor.py:642} INFO - Processing file /home/airflow/.local/lib/python3.7/site-packages/airflow/example_dags/example_branch_datetime_operator.py for tasks to queue
[2022-03-16 00:02:13,999] {logging_mixin.py:109} INFO - [2022-03-16 00:02:13,999] {dagbag.py:500} INFO - Filling up the DagBag from /home/airflow/.local/lib/python3.7/site-packages/airflow/example_dags/example_branch_datetime_operator.py
[2022-03-16 00:02:14,021] {processor.py:654} INFO - DAG(s) dict_keys(['example_branch_datetime_operator_2']) retrieved from /home/airflow/.local/lib/python3.7/site-packages/airflow/example_dags/example_branch_datetime_operator.py
[2022-03-16 00:02:14,027] {logging_mixin.py:109} INFO - [2022-03-16 00:02:14,027] {dag.py:2398} INFO - Sync 1 DAGs
[2022-03-16 00:02:14,040] {logging_mixin.py:109} INFO - [2022-03-16 00:02:14,040] {dag.py:2937} INFO - Setting next_dagrun for example_branch_datetime_operator_2 to 2022-03-16T00:00:00+00:00
[2022-03-16 00:02:14,834] {processor.py:171} INFO - Processing /home/airflow/.local/lib/python3.7/site-packages/airflow/example_dags/example_branch_datetime_operator.py took 0.894 seconds
[2022-03-16 00:02:44,879] {processor.py:163} INFO - Started process (PID=2518) to work on /home/airflow/.local/lib/python3.7/site-packages/airflow/example_dags/example_branch_datetime_operator.py
[2022-03-16 00:02:44,894] {processor.py:642} INFO - Processing file /home/airflow/.local/lib/python3.7/site-packages/airflow/example_dags/example_branch_datetime_operator.py for tasks to queue
[2022-03-16 00:02:44,894] {logging_mixin.py:109} INFO - [2022-03-16 00:02:44,894] {dagbag.py:500} INFO - Filling up the DagBag from /home/airflow/.local/lib/python3.7/site-packages/airflow/example_dags/example_branch_datetime_operator.py
[2022-03-16 00:02:44,918] {processor.py:654} INFO - DAG(s) dict_keys(['example_branch_datetime_operator_2']) retrieved from /home/airflow/.local/lib/python3.7/site-packages/airflow/example_dags/example_branch_datetime_operator.py
[2022-03-16 00:02:44,924] {logging_mixin.py:109} INFO - [2022-03-16 00:02:44,924] {dag.py:2398} INFO - Sync 1 DAGs
[2022-03-16 00:02:44,938] {logging_mixin.py:109} INFO - [2022-03-16 00:02:44,938] {dag.py:2937} INFO - Setting next_dagrun for example_branch_datetime_operator_2 to 2022-03-16T00:00:00+00:00
[2022-03-16 00:02:45,028] {processor.py:171} INFO - Processing /home/airflow/.local/lib/python3.7/site-packages/airflow/example_dags/example_branch_datetime_operator.py took 0.151 seconds
[2022-03-16 00:03:15,431] {processor.py:163} INFO - Started process (PID=2575) to work on /home/airflow/.local/lib/python3.7/site-packages/airflow/example_dags/example_branch_datetime_operator.py
[2022-03-16 00:03:15,517] {processor.py:642} INFO - Processing file /home/airflow/.local/lib/python3.7/site-packages/airflow/example_dags/example_branch_datetime_operator.py for tasks to queue
[2022-03-16 00:03:15,517] {logging_mixin.py:109} INFO - [2022-03-16 00:03:15,517] {dagbag.py:500} INFO - Filling up the DagBag from /home/airflow/.local/lib/python3.7/site-packages/airflow/example_dags/example_branch_datetime_operator.py
[2022-03-16 00:03:15,540] {processor.py:654} INFO - DAG(s) dict_keys(['example_branch_datetime_operator_2']) retrieved from /home/airflow/.local/lib/python3.7/site-packages/airflow/example_dags/example_branch_datetime_operator.py
[2022-03-16 00:03:15,548] {logging_mixin.py:109} INFO - [2022-03-16 00:03:15,548] {dag.py:2398} INFO - Sync 1 DAGs
[2022-03-16 00:03:15,565] {logging_mixin.py:109} INFO - [2022-03-16 00:03:15,565] {dag.py:2937} INFO - Setting next_dagrun for example_branch_datetime_operator_2 to 2022-03-16T00:00:00+00:00
[2022-03-16 00:03:16,064] {processor.py:171} INFO - Processing /home/airflow/.local/lib/python3.7/site-packages/airflow/example_dags/example_branch_datetime_operator.py took 0.636 seconds
[2022-03-16 00:03:46,695] {processor.py:163} INFO - Started process (PID=2625) to work on /home/airflow/.local/lib/python3.7/site-packages/airflow/example_dags/example_branch_datetime_operator.py
[2022-03-16 00:03:46,725] {processor.py:642} INFO - Processing file /home/airflow/.local/lib/python3.7/site-packages/airflow/example_dags/example_branch_datetime_operator.py for tasks to queue
[2022-03-16 00:03:46,726] {logging_mixin.py:109} INFO - [2022-03-16 00:03:46,726] {dagbag.py:500} INFO - Filling up the DagBag from /home/airflow/.local/lib/python3.7/site-packages/airflow/example_dags/example_branch_datetime_operator.py
[2022-03-16 00:03:46,771] {processor.py:654} INFO - DAG(s) dict_keys(['example_branch_datetime_operator_2']) retrieved from /home/airflow/.local/lib/python3.7/site-packages/airflow/example_dags/example_branch_datetime_operator.py
[2022-03-16 00:03:46,778] {logging_mixin.py:109} INFO - [2022-03-16 00:03:46,778] {dag.py:2398} INFO - Sync 1 DAGs
[2022-03-16 00:03:46,790] {logging_mixin.py:109} INFO - [2022-03-16 00:03:46,790] {dag.py:2937} INFO - Setting next_dagrun for example_branch_datetime_operator_2 to 2022-03-16T00:00:00+00:00
[2022-03-16 00:03:47,456] {processor.py:171} INFO - Processing /home/airflow/.local/lib/python3.7/site-packages/airflow/example_dags/example_branch_datetime_operator.py took 0.767 seconds
[2022-03-16 00:04:18,283] {processor.py:163} INFO - Started process (PID=2690) to work on /home/airflow/.local/lib/python3.7/site-packages/airflow/example_dags/example_branch_datetime_operator.py
[2022-03-16 00:04:18,370] {processor.py:642} INFO - Processing file /home/airflow/.local/lib/python3.7/site-packages/airflow/example_dags/example_branch_datetime_operator.py for tasks to queue
[2022-03-16 00:04:18,370] {logging_mixin.py:109} INFO - [2022-03-16 00:04:18,370] {dagbag.py:500} INFO - Filling up the DagBag from /home/airflow/.local/lib/python3.7/site-packages/airflow/example_dags/example_branch_datetime_operator.py
[2022-03-16 00:04:18,390] {processor.py:654} INFO - DAG(s) dict_keys(['example_branch_datetime_operator_2']) retrieved from /home/airflow/.local/lib/python3.7/site-packages/airflow/example_dags/example_branch_datetime_operator.py
[2022-03-16 00:04:18,399] {logging_mixin.py:109} INFO - [2022-03-16 00:04:18,399] {dag.py:2398} INFO - Sync 1 DAGs
[2022-03-16 00:04:18,419] {logging_mixin.py:109} INFO - [2022-03-16 00:04:18,419] {dag.py:2937} INFO - Setting next_dagrun for example_branch_datetime_operator_2 to 2022-03-16T00:00:00+00:00
[2022-03-16 00:04:18,508] {processor.py:171} INFO - Processing /home/airflow/.local/lib/python3.7/site-packages/airflow/example_dags/example_branch_datetime_operator.py took 0.227 seconds
[2022-03-16 00:04:49,357] {processor.py:163} INFO - Started process (PID=2755) to work on /home/airflow/.local/lib/python3.7/site-packages/airflow/example_dags/example_branch_datetime_operator.py
[2022-03-16 00:04:49,421] {processor.py:642} INFO - Processing file /home/airflow/.local/lib/python3.7/site-packages/airflow/example_dags/example_branch_datetime_operator.py for tasks to queue
[2022-03-16 00:04:49,422] {logging_mixin.py:109} INFO - [2022-03-16 00:04:49,422] {dagbag.py:500} INFO - Filling up the DagBag from /home/airflow/.local/lib/python3.7/site-packages/airflow/example_dags/example_branch_datetime_operator.py
[2022-03-16 00:04:49,449] {processor.py:654} INFO - DAG(s) dict_keys(['example_branch_datetime_operator_2']) retrieved from /home/airflow/.local/lib/python3.7/site-packages/airflow/example_dags/example_branch_datetime_operator.py
[2022-03-16 00:04:49,456] {logging_mixin.py:109} INFO - [2022-03-16 00:04:49,456] {dag.py:2398} INFO - Sync 1 DAGs
[2022-03-16 00:04:49,471] {logging_mixin.py:109} INFO - [2022-03-16 00:04:49,471] {dag.py:2937} INFO - Setting next_dagrun for example_branch_datetime_operator_2 to 2022-03-16T00:00:00+00:00
[2022-03-16 00:04:50,103] {processor.py:171} INFO - Processing /home/airflow/.local/lib/python3.7/site-packages/airflow/example_dags/example_branch_datetime_operator.py took 0.748 seconds
[2022-03-16 00:05:20,591] {processor.py:163} INFO - Started process (PID=2818) to work on /home/airflow/.local/lib/python3.7/site-packages/airflow/example_dags/example_branch_datetime_operator.py
[2022-03-16 00:05:20,639] {processor.py:642} INFO - Processing file /home/airflow/.local/lib/python3.7/site-packages/airflow/example_dags/example_branch_datetime_operator.py for tasks to queue
[2022-03-16 00:05:20,641] {logging_mixin.py:109} INFO - [2022-03-16 00:05:20,640] {dagbag.py:500} INFO - Filling up the DagBag from /home/airflow/.local/lib/python3.7/site-packages/airflow/example_dags/example_branch_datetime_operator.py
[2022-03-16 00:05:20,682] {processor.py:654} INFO - DAG(s) dict_keys(['example_branch_datetime_operator_2']) retrieved from /home/airflow/.local/lib/python3.7/site-packages/airflow/example_dags/example_branch_datetime_operator.py
[2022-03-16 00:05:20,689] {logging_mixin.py:109} INFO - [2022-03-16 00:05:20,689] {dag.py:2398} INFO - Sync 1 DAGs
[2022-03-16 00:05:20,702] {logging_mixin.py:109} INFO - [2022-03-16 00:05:20,702] {dag.py:2937} INFO - Setting next_dagrun for example_branch_datetime_operator_2 to 2022-03-16T00:00:00+00:00
[2022-03-16 00:05:20,754] {processor.py:171} INFO - Processing /home/airflow/.local/lib/python3.7/site-packages/airflow/example_dags/example_branch_datetime_operator.py took 0.170 seconds
[2022-03-16 00:05:50,994] {processor.py:163} INFO - Started process (PID=2868) to work on /home/airflow/.local/lib/python3.7/site-packages/airflow/example_dags/example_branch_datetime_operator.py
[2022-03-16 00:05:51,034] {processor.py:642} INFO - Processing file /home/airflow/.local/lib/python3.7/site-packages/airflow/example_dags/example_branch_datetime_operator.py for tasks to queue
[2022-03-16 00:05:51,035] {logging_mixin.py:109} INFO - [2022-03-16 00:05:51,035] {dagbag.py:500} INFO - Filling up the DagBag from /home/airflow/.local/lib/python3.7/site-packages/airflow/example_dags/example_branch_datetime_operator.py
[2022-03-16 00:05:51,085] {processor.py:654} INFO - DAG(s) dict_keys(['example_branch_datetime_operator_2']) retrieved from /home/airflow/.local/lib/python3.7/site-packages/airflow/example_dags/example_branch_datetime_operator.py
[2022-03-16 00:05:51,092] {logging_mixin.py:109} INFO - [2022-03-16 00:05:51,092] {dag.py:2398} INFO - Sync 1 DAGs
[2022-03-16 00:05:51,104] {logging_mixin.py:109} INFO - [2022-03-16 00:05:51,104] {dag.py:2937} INFO - Setting next_dagrun for example_branch_datetime_operator_2 to 2022-03-16T00:00:00+00:00
[2022-03-16 00:05:51,170] {processor.py:171} INFO - Processing /home/airflow/.local/lib/python3.7/site-packages/airflow/example_dags/example_branch_datetime_operator.py took 0.177 seconds
[2022-03-16 00:06:21,210] {processor.py:163} INFO - Started process (PID=2937) to work on /home/airflow/.local/lib/python3.7/site-packages/airflow/example_dags/example_branch_datetime_operator.py
[2022-03-16 00:06:21,214] {processor.py:642} INFO - Processing file /home/airflow/.local/lib/python3.7/site-packages/airflow/example_dags/example_branch_datetime_operator.py for tasks to queue
[2022-03-16 00:06:21,215] {logging_mixin.py:109} INFO - [2022-03-16 00:06:21,215] {dagbag.py:500} INFO - Filling up the DagBag from /home/airflow/.local/lib/python3.7/site-packages/airflow/example_dags/example_branch_datetime_operator.py
[2022-03-16 00:06:21,238] {processor.py:654} INFO - DAG(s) dict_keys(['example_branch_datetime_operator_2']) retrieved from /home/airflow/.local/lib/python3.7/site-packages/airflow/example_dags/example_branch_datetime_operator.py
[2022-03-16 00:06:21,247] {logging_mixin.py:109} INFO - [2022-03-16 00:06:21,247] {dag.py:2398} INFO - Sync 1 DAGs
[2022-03-16 00:06:21,267] {logging_mixin.py:109} INFO - [2022-03-16 00:06:21,267] {dag.py:2937} INFO - Setting next_dagrun for example_branch_datetime_operator_2 to 2022-03-16T00:00:00+00:00
[2022-03-16 00:06:21,330] {processor.py:171} INFO - Processing /home/airflow/.local/lib/python3.7/site-packages/airflow/example_dags/example_branch_datetime_operator.py took 0.121 seconds
[2022-03-16 00:06:51,724] {processor.py:163} INFO - Started process (PID=3002) to work on /home/airflow/.local/lib/python3.7/site-packages/airflow/example_dags/example_branch_datetime_operator.py
[2022-03-16 00:06:51,730] {processor.py:642} INFO - Processing file /home/airflow/.local/lib/python3.7/site-packages/airflow/example_dags/example_branch_datetime_operator.py for tasks to queue
[2022-03-16 00:06:51,730] {logging_mixin.py:109} INFO - [2022-03-16 00:06:51,730] {dagbag.py:500} INFO - Filling up the DagBag from /home/airflow/.local/lib/python3.7/site-packages/airflow/example_dags/example_branch_datetime_operator.py
[2022-03-16 00:06:51,750] {processor.py:654} INFO - DAG(s) dict_keys(['example_branch_datetime_operator_2']) retrieved from /home/airflow/.local/lib/python3.7/site-packages/airflow/example_dags/example_branch_datetime_operator.py
[2022-03-16 00:06:51,756] {logging_mixin.py:109} INFO - [2022-03-16 00:06:51,756] {dag.py:2398} INFO - Sync 1 DAGs
[2022-03-16 00:06:51,769] {logging_mixin.py:109} INFO - [2022-03-16 00:06:51,769] {dag.py:2937} INFO - Setting next_dagrun for example_branch_datetime_operator_2 to 2022-03-16T00:00:00+00:00
[2022-03-16 00:06:53,146] {processor.py:171} INFO - Processing /home/airflow/.local/lib/python3.7/site-packages/airflow/example_dags/example_branch_datetime_operator.py took 1.424 seconds
[2022-03-16 00:07:23,296] {processor.py:163} INFO - Started process (PID=3062) to work on /home/airflow/.local/lib/python3.7/site-packages/airflow/example_dags/example_branch_datetime_operator.py
[2022-03-16 00:07:23,303] {processor.py:642} INFO - Processing file /home/airflow/.local/lib/python3.7/site-packages/airflow/example_dags/example_branch_datetime_operator.py for tasks to queue
[2022-03-16 00:07:23,304] {logging_mixin.py:109} INFO - [2022-03-16 00:07:23,304] {dagbag.py:500} INFO - Filling up the DagBag from /home/airflow/.local/lib/python3.7/site-packages/airflow/example_dags/example_branch_datetime_operator.py
[2022-03-16 00:07:23,329] {processor.py:654} INFO - DAG(s) dict_keys(['example_branch_datetime_operator_2']) retrieved from /home/airflow/.local/lib/python3.7/site-packages/airflow/example_dags/example_branch_datetime_operator.py
[2022-03-16 00:07:23,335] {logging_mixin.py:109} INFO - [2022-03-16 00:07:23,335] {dag.py:2398} INFO - Sync 1 DAGs
[2022-03-16 00:07:23,348] {logging_mixin.py:109} INFO - [2022-03-16 00:07:23,348] {dag.py:2937} INFO - Setting next_dagrun for example_branch_datetime_operator_2 to 2022-03-16T00:00:00+00:00
[2022-03-16 00:07:23,388] {processor.py:171} INFO - Processing /home/airflow/.local/lib/python3.7/site-packages/airflow/example_dags/example_branch_datetime_operator.py took 0.093 seconds
[2022-03-16 00:07:53,785] {processor.py:163} INFO - Started process (PID=3112) to work on /home/airflow/.local/lib/python3.7/site-packages/airflow/example_dags/example_branch_datetime_operator.py
[2022-03-16 00:07:53,799] {processor.py:642} INFO - Processing file /home/airflow/.local/lib/python3.7/site-packages/airflow/example_dags/example_branch_datetime_operator.py for tasks to queue
[2022-03-16 00:07:53,800] {logging_mixin.py:109} INFO - [2022-03-16 00:07:53,800] {dagbag.py:500} INFO - Filling up the DagBag from /home/airflow/.local/lib/python3.7/site-packages/airflow/example_dags/example_branch_datetime_operator.py
[2022-03-16 00:07:53,848] {processor.py:654} INFO - DAG(s) dict_keys(['example_branch_datetime_operator_2']) retrieved from /home/airflow/.local/lib/python3.7/site-packages/airflow/example_dags/example_branch_datetime_operator.py
[2022-03-16 00:07:53,857] {logging_mixin.py:109} INFO - [2022-03-16 00:07:53,857] {dag.py:2398} INFO - Sync 1 DAGs
[2022-03-16 00:07:53,873] {logging_mixin.py:109} INFO - [2022-03-16 00:07:53,873] {dag.py:2937} INFO - Setting next_dagrun for example_branch_datetime_operator_2 to 2022-03-16T00:00:00+00:00
[2022-03-16 00:07:54,074] {processor.py:171} INFO - Processing /home/airflow/.local/lib/python3.7/site-packages/airflow/example_dags/example_branch_datetime_operator.py took 0.296 seconds
[2022-03-16 00:08:24,458] {processor.py:163} INFO - Started process (PID=3172) to work on /home/airflow/.local/lib/python3.7/site-packages/airflow/example_dags/example_branch_datetime_operator.py
[2022-03-16 00:08:24,552] {processor.py:642} INFO - Processing file /home/airflow/.local/lib/python3.7/site-packages/airflow/example_dags/example_branch_datetime_operator.py for tasks to queue
[2022-03-16 00:08:24,553] {logging_mixin.py:109} INFO - [2022-03-16 00:08:24,552] {dagbag.py:500} INFO - Filling up the DagBag from /home/airflow/.local/lib/python3.7/site-packages/airflow/example_dags/example_branch_datetime_operator.py
[2022-03-16 00:08:24,573] {processor.py:654} INFO - DAG(s) dict_keys(['example_branch_datetime_operator_2']) retrieved from /home/airflow/.local/lib/python3.7/site-packages/airflow/example_dags/example_branch_datetime_operator.py
[2022-03-16 00:08:24,579] {logging_mixin.py:109} INFO - [2022-03-16 00:08:24,579] {dag.py:2398} INFO - Sync 1 DAGs
[2022-03-16 00:08:24,592] {logging_mixin.py:109} INFO - [2022-03-16 00:08:24,592] {dag.py:2937} INFO - Setting next_dagrun for example_branch_datetime_operator_2 to 2022-03-16T00:00:00+00:00
[2022-03-16 00:08:25,167] {processor.py:171} INFO - Processing /home/airflow/.local/lib/python3.7/site-packages/airflow/example_dags/example_branch_datetime_operator.py took 0.711 seconds
[2022-03-16 00:08:55,697] {processor.py:163} INFO - Started process (PID=3246) to work on /home/airflow/.local/lib/python3.7/site-packages/airflow/example_dags/example_branch_datetime_operator.py
[2022-03-16 00:08:55,719] {processor.py:642} INFO - Processing file /home/airflow/.local/lib/python3.7/site-packages/airflow/example_dags/example_branch_datetime_operator.py for tasks to queue
[2022-03-16 00:08:55,720] {logging_mixin.py:109} INFO - [2022-03-16 00:08:55,720] {dagbag.py:500} INFO - Filling up the DagBag from /home/airflow/.local/lib/python3.7/site-packages/airflow/example_dags/example_branch_datetime_operator.py
[2022-03-16 00:08:55,748] {processor.py:654} INFO - DAG(s) dict_keys(['example_branch_datetime_operator_2']) retrieved from /home/airflow/.local/lib/python3.7/site-packages/airflow/example_dags/example_branch_datetime_operator.py
[2022-03-16 00:08:55,757] {logging_mixin.py:109} INFO - [2022-03-16 00:08:55,757] {dag.py:2398} INFO - Sync 1 DAGs
[2022-03-16 00:08:55,776] {logging_mixin.py:109} INFO - [2022-03-16 00:08:55,775] {dag.py:2937} INFO - Setting next_dagrun for example_branch_datetime_operator_2 to 2022-03-16T00:00:00+00:00
[2022-03-16 00:08:55,845] {processor.py:171} INFO - Processing /home/airflow/.local/lib/python3.7/site-packages/airflow/example_dags/example_branch_datetime_operator.py took 0.150 seconds
[2022-03-16 00:09:26,536] {processor.py:163} INFO - Started process (PID=3298) to work on /home/airflow/.local/lib/python3.7/site-packages/airflow/example_dags/example_branch_datetime_operator.py
[2022-03-16 00:09:26,581] {processor.py:642} INFO - Processing file /home/airflow/.local/lib/python3.7/site-packages/airflow/example_dags/example_branch_datetime_operator.py for tasks to queue
[2022-03-16 00:09:26,582] {logging_mixin.py:109} INFO - [2022-03-16 00:09:26,582] {dagbag.py:500} INFO - Filling up the DagBag from /home/airflow/.local/lib/python3.7/site-packages/airflow/example_dags/example_branch_datetime_operator.py
[2022-03-16 00:09:26,603] {processor.py:654} INFO - DAG(s) dict_keys(['example_branch_datetime_operator_2']) retrieved from /home/airflow/.local/lib/python3.7/site-packages/airflow/example_dags/example_branch_datetime_operator.py
[2022-03-16 00:09:26,609] {logging_mixin.py:109} INFO - [2022-03-16 00:09:26,609] {dag.py:2398} INFO - Sync 1 DAGs
[2022-03-16 00:09:26,621] {logging_mixin.py:109} INFO - [2022-03-16 00:09:26,621] {dag.py:2937} INFO - Setting next_dagrun for example_branch_datetime_operator_2 to 2022-03-16T00:00:00+00:00
[2022-03-16 00:09:27,743] {processor.py:171} INFO - Processing /home/airflow/.local/lib/python3.7/site-packages/airflow/example_dags/example_branch_datetime_operator.py took 1.208 seconds
[2022-03-16 00:09:58,601] {processor.py:163} INFO - Started process (PID=3357) to work on /home/airflow/.local/lib/python3.7/site-packages/airflow/example_dags/example_branch_datetime_operator.py
[2022-03-16 00:09:58,628] {processor.py:642} INFO - Processing file /home/airflow/.local/lib/python3.7/site-packages/airflow/example_dags/example_branch_datetime_operator.py for tasks to queue
[2022-03-16 00:09:58,628] {logging_mixin.py:109} INFO - [2022-03-16 00:09:58,628] {dagbag.py:500} INFO - Filling up the DagBag from /home/airflow/.local/lib/python3.7/site-packages/airflow/example_dags/example_branch_datetime_operator.py
[2022-03-16 00:09:58,651] {processor.py:654} INFO - DAG(s) dict_keys(['example_branch_datetime_operator_2']) retrieved from /home/airflow/.local/lib/python3.7/site-packages/airflow/example_dags/example_branch_datetime_operator.py
[2022-03-16 00:09:58,660] {logging_mixin.py:109} INFO - [2022-03-16 00:09:58,660] {dag.py:2398} INFO - Sync 1 DAGs
[2022-03-16 00:09:58,677] {logging_mixin.py:109} INFO - [2022-03-16 00:09:58,677] {dag.py:2937} INFO - Setting next_dagrun for example_branch_datetime_operator_2 to 2022-03-16T00:00:00+00:00
[2022-03-16 00:09:58,867] {processor.py:171} INFO - Processing /home/airflow/.local/lib/python3.7/site-packages/airflow/example_dags/example_branch_datetime_operator.py took 0.268 seconds
[2022-03-16 00:10:29,124] {processor.py:163} INFO - Started process (PID=3420) to work on /home/airflow/.local/lib/python3.7/site-packages/airflow/example_dags/example_branch_datetime_operator.py
[2022-03-16 00:10:29,214] {processor.py:642} INFO - Processing file /home/airflow/.local/lib/python3.7/site-packages/airflow/example_dags/example_branch_datetime_operator.py for tasks to queue
[2022-03-16 00:10:29,215] {logging_mixin.py:109} INFO - [2022-03-16 00:10:29,215] {dagbag.py:500} INFO - Filling up the DagBag from /home/airflow/.local/lib/python3.7/site-packages/airflow/example_dags/example_branch_datetime_operator.py
[2022-03-16 00:10:29,258] {processor.py:654} INFO - DAG(s) dict_keys(['example_branch_datetime_operator_2']) retrieved from /home/airflow/.local/lib/python3.7/site-packages/airflow/example_dags/example_branch_datetime_operator.py
[2022-03-16 00:10:29,271] {logging_mixin.py:109} INFO - [2022-03-16 00:10:29,271] {dag.py:2398} INFO - Sync 1 DAGs
[2022-03-16 00:10:29,296] {logging_mixin.py:109} INFO - [2022-03-16 00:10:29,296] {dag.py:2937} INFO - Setting next_dagrun for example_branch_datetime_operator_2 to 2022-03-16T00:00:00+00:00
[2022-03-16 00:10:29,361] {processor.py:171} INFO - Processing /home/airflow/.local/lib/python3.7/site-packages/airflow/example_dags/example_branch_datetime_operator.py took 0.242 seconds
[2022-03-16 00:11:00,328] {processor.py:163} INFO - Started process (PID=3482) to work on /home/airflow/.local/lib/python3.7/site-packages/airflow/example_dags/example_branch_datetime_operator.py
[2022-03-16 00:11:00,335] {processor.py:642} INFO - Processing file /home/airflow/.local/lib/python3.7/site-packages/airflow/example_dags/example_branch_datetime_operator.py for tasks to queue
[2022-03-16 00:11:00,336] {logging_mixin.py:109} INFO - [2022-03-16 00:11:00,336] {dagbag.py:500} INFO - Filling up the DagBag from /home/airflow/.local/lib/python3.7/site-packages/airflow/example_dags/example_branch_datetime_operator.py
[2022-03-16 00:11:00,380] {processor.py:654} INFO - DAG(s) dict_keys(['example_branch_datetime_operator_2']) retrieved from /home/airflow/.local/lib/python3.7/site-packages/airflow/example_dags/example_branch_datetime_operator.py
[2022-03-16 00:11:00,395] {logging_mixin.py:109} INFO - [2022-03-16 00:11:00,395] {dag.py:2398} INFO - Sync 1 DAGs
[2022-03-16 00:11:00,436] {logging_mixin.py:109} INFO - [2022-03-16 00:11:00,436] {dag.py:2937} INFO - Setting next_dagrun for example_branch_datetime_operator_2 to 2022-03-16T00:00:00+00:00
[2022-03-16 00:11:00,896] {processor.py:171} INFO - Processing /home/airflow/.local/lib/python3.7/site-packages/airflow/example_dags/example_branch_datetime_operator.py took 0.573 seconds
[2022-03-16 00:11:31,030] {processor.py:163} INFO - Started process (PID=3542) to work on /home/airflow/.local/lib/python3.7/site-packages/airflow/example_dags/example_branch_datetime_operator.py
[2022-03-16 00:11:31,042] {processor.py:642} INFO - Processing file /home/airflow/.local/lib/python3.7/site-packages/airflow/example_dags/example_branch_datetime_operator.py for tasks to queue
[2022-03-16 00:11:31,043] {logging_mixin.py:109} INFO - [2022-03-16 00:11:31,043] {dagbag.py:500} INFO - Filling up the DagBag from /home/airflow/.local/lib/python3.7/site-packages/airflow/example_dags/example_branch_datetime_operator.py
[2022-03-16 00:11:31,087] {processor.py:654} INFO - DAG(s) dict_keys(['example_branch_datetime_operator_2']) retrieved from /home/airflow/.local/lib/python3.7/site-packages/airflow/example_dags/example_branch_datetime_operator.py
[2022-03-16 00:11:31,094] {logging_mixin.py:109} INFO - [2022-03-16 00:11:31,094] {dag.py:2398} INFO - Sync 1 DAGs
[2022-03-16 00:11:31,108] {logging_mixin.py:109} INFO - [2022-03-16 00:11:31,108] {dag.py:2937} INFO - Setting next_dagrun for example_branch_datetime_operator_2 to 2022-03-16T00:00:00+00:00
[2022-03-16 00:11:31,455] {processor.py:171} INFO - Processing /home/airflow/.local/lib/python3.7/site-packages/airflow/example_dags/example_branch_datetime_operator.py took 0.430 seconds
[2022-03-16 00:12:01,833] {processor.py:163} INFO - Started process (PID=3592) to work on /home/airflow/.local/lib/python3.7/site-packages/airflow/example_dags/example_branch_datetime_operator.py
[2022-03-16 00:12:01,834] {processor.py:642} INFO - Processing file /home/airflow/.local/lib/python3.7/site-packages/airflow/example_dags/example_branch_datetime_operator.py for tasks to queue
[2022-03-16 00:12:01,834] {logging_mixin.py:109} INFO - [2022-03-16 00:12:01,834] {dagbag.py:500} INFO - Filling up the DagBag from /home/airflow/.local/lib/python3.7/site-packages/airflow/example_dags/example_branch_datetime_operator.py
[2022-03-16 00:12:01,853] {processor.py:654} INFO - DAG(s) dict_keys(['example_branch_datetime_operator_2']) retrieved from /home/airflow/.local/lib/python3.7/site-packages/airflow/example_dags/example_branch_datetime_operator.py
[2022-03-16 00:12:01,860] {logging_mixin.py:109} INFO - [2022-03-16 00:12:01,860] {dag.py:2398} INFO - Sync 1 DAGs
[2022-03-16 00:12:01,874] {logging_mixin.py:109} INFO - [2022-03-16 00:12:01,874] {dag.py:2937} INFO - Setting next_dagrun for example_branch_datetime_operator_2 to 2022-03-16T00:00:00+00:00
[2022-03-16 00:12:01,923] {processor.py:171} INFO - Processing /home/airflow/.local/lib/python3.7/site-packages/airflow/example_dags/example_branch_datetime_operator.py took 0.092 seconds
[2022-03-16 00:12:32,716] {processor.py:163} INFO - Started process (PID=3662) to work on /home/airflow/.local/lib/python3.7/site-packages/airflow/example_dags/example_branch_datetime_operator.py
[2022-03-16 00:12:32,732] {processor.py:642} INFO - Processing file /home/airflow/.local/lib/python3.7/site-packages/airflow/example_dags/example_branch_datetime_operator.py for tasks to queue
[2022-03-16 00:12:32,732] {logging_mixin.py:109} INFO - [2022-03-16 00:12:32,732] {dagbag.py:500} INFO - Filling up the DagBag from /home/airflow/.local/lib/python3.7/site-packages/airflow/example_dags/example_branch_datetime_operator.py
[2022-03-16 00:12:32,759] {processor.py:654} INFO - DAG(s) dict_keys(['example_branch_datetime_operator_2']) retrieved from /home/airflow/.local/lib/python3.7/site-packages/airflow/example_dags/example_branch_datetime_operator.py
[2022-03-16 00:12:32,767] {logging_mixin.py:109} INFO - [2022-03-16 00:12:32,766] {dag.py:2398} INFO - Sync 1 DAGs
[2022-03-16 00:12:32,782] {logging_mixin.py:109} INFO - [2022-03-16 00:12:32,782] {dag.py:2937} INFO - Setting next_dagrun for example_branch_datetime_operator_2 to 2022-03-16T00:00:00+00:00
[2022-03-16 00:12:33,508] {processor.py:171} INFO - Processing /home/airflow/.local/lib/python3.7/site-packages/airflow/example_dags/example_branch_datetime_operator.py took 0.794 seconds
[2022-03-16 00:13:03,768] {processor.py:163} INFO - Started process (PID=3723) to work on /home/airflow/.local/lib/python3.7/site-packages/airflow/example_dags/example_branch_datetime_operator.py
[2022-03-16 00:13:03,782] {processor.py:642} INFO - Processing file /home/airflow/.local/lib/python3.7/site-packages/airflow/example_dags/example_branch_datetime_operator.py for tasks to queue
[2022-03-16 00:13:03,783] {logging_mixin.py:109} INFO - [2022-03-16 00:13:03,783] {dagbag.py:500} INFO - Filling up the DagBag from /home/airflow/.local/lib/python3.7/site-packages/airflow/example_dags/example_branch_datetime_operator.py
[2022-03-16 00:13:03,805] {processor.py:654} INFO - DAG(s) dict_keys(['example_branch_datetime_operator_2']) retrieved from /home/airflow/.local/lib/python3.7/site-packages/airflow/example_dags/example_branch_datetime_operator.py
[2022-03-16 00:13:03,811] {logging_mixin.py:109} INFO - [2022-03-16 00:13:03,811] {dag.py:2398} INFO - Sync 1 DAGs
[2022-03-16 00:13:03,825] {logging_mixin.py:109} INFO - [2022-03-16 00:13:03,825] {dag.py:2937} INFO - Setting next_dagrun for example_branch_datetime_operator_2 to 2022-03-16T00:00:00+00:00
[2022-03-16 00:13:04,088] {processor.py:171} INFO - Processing /home/airflow/.local/lib/python3.7/site-packages/airflow/example_dags/example_branch_datetime_operator.py took 0.326 seconds
[2022-03-16 00:13:34,941] {processor.py:163} INFO - Started process (PID=3783) to work on /home/airflow/.local/lib/python3.7/site-packages/airflow/example_dags/example_branch_datetime_operator.py
[2022-03-16 00:13:34,947] {processor.py:642} INFO - Processing file /home/airflow/.local/lib/python3.7/site-packages/airflow/example_dags/example_branch_datetime_operator.py for tasks to queue
[2022-03-16 00:13:34,947] {logging_mixin.py:109} INFO - [2022-03-16 00:13:34,947] {dagbag.py:500} INFO - Filling up the DagBag from /home/airflow/.local/lib/python3.7/site-packages/airflow/example_dags/example_branch_datetime_operator.py
[2022-03-16 00:13:34,970] {processor.py:654} INFO - DAG(s) dict_keys(['example_branch_datetime_operator_2']) retrieved from /home/airflow/.local/lib/python3.7/site-packages/airflow/example_dags/example_branch_datetime_operator.py
[2022-03-16 00:13:34,979] {logging_mixin.py:109} INFO - [2022-03-16 00:13:34,979] {dag.py:2398} INFO - Sync 1 DAGs
[2022-03-16 00:13:34,998] {logging_mixin.py:109} INFO - [2022-03-16 00:13:34,997] {dag.py:2937} INFO - Setting next_dagrun for example_branch_datetime_operator_2 to 2022-03-16T00:00:00+00:00
[2022-03-16 00:13:35,116] {processor.py:171} INFO - Processing /home/airflow/.local/lib/python3.7/site-packages/airflow/example_dags/example_branch_datetime_operator.py took 0.177 seconds
[2022-03-16 00:14:05,305] {processor.py:163} INFO - Started process (PID=3836) to work on /home/airflow/.local/lib/python3.7/site-packages/airflow/example_dags/example_branch_datetime_operator.py
[2022-03-16 00:14:05,347] {processor.py:642} INFO - Processing file /home/airflow/.local/lib/python3.7/site-packages/airflow/example_dags/example_branch_datetime_operator.py for tasks to queue
[2022-03-16 00:14:05,348] {logging_mixin.py:109} INFO - [2022-03-16 00:14:05,348] {dagbag.py:500} INFO - Filling up the DagBag from /home/airflow/.local/lib/python3.7/site-packages/airflow/example_dags/example_branch_datetime_operator.py
[2022-03-16 00:14:05,368] {processor.py:654} INFO - DAG(s) dict_keys(['example_branch_datetime_operator_2']) retrieved from /home/airflow/.local/lib/python3.7/site-packages/airflow/example_dags/example_branch_datetime_operator.py
[2022-03-16 00:14:05,375] {logging_mixin.py:109} INFO - [2022-03-16 00:14:05,375] {dag.py:2398} INFO - Sync 1 DAGs
[2022-03-16 00:14:05,387] {logging_mixin.py:109} INFO - [2022-03-16 00:14:05,387] {dag.py:2937} INFO - Setting next_dagrun for example_branch_datetime_operator_2 to 2022-03-16T00:00:00+00:00
[2022-03-16 00:14:05,468] {processor.py:171} INFO - Processing /home/airflow/.local/lib/python3.7/site-packages/airflow/example_dags/example_branch_datetime_operator.py took 0.165 seconds
[2022-03-16 00:14:35,992] {processor.py:163} INFO - Started process (PID=3895) to work on /home/airflow/.local/lib/python3.7/site-packages/airflow/example_dags/example_branch_datetime_operator.py
[2022-03-16 00:14:36,009] {processor.py:642} INFO - Processing file /home/airflow/.local/lib/python3.7/site-packages/airflow/example_dags/example_branch_datetime_operator.py for tasks to queue
[2022-03-16 00:14:36,009] {logging_mixin.py:109} INFO - [2022-03-16 00:14:36,009] {dagbag.py:500} INFO - Filling up the DagBag from /home/airflow/.local/lib/python3.7/site-packages/airflow/example_dags/example_branch_datetime_operator.py
[2022-03-16 00:14:36,040] {processor.py:654} INFO - DAG(s) dict_keys(['example_branch_datetime_operator_2']) retrieved from /home/airflow/.local/lib/python3.7/site-packages/airflow/example_dags/example_branch_datetime_operator.py
[2022-03-16 00:14:36,046] {logging_mixin.py:109} INFO - [2022-03-16 00:14:36,046] {dag.py:2398} INFO - Sync 1 DAGs
[2022-03-16 00:14:36,060] {logging_mixin.py:109} INFO - [2022-03-16 00:14:36,060] {dag.py:2937} INFO - Setting next_dagrun for example_branch_datetime_operator_2 to 2022-03-16T00:00:00+00:00
[2022-03-16 00:14:36,846] {processor.py:171} INFO - Processing /home/airflow/.local/lib/python3.7/site-packages/airflow/example_dags/example_branch_datetime_operator.py took 0.859 seconds
[2022-03-16 00:15:06,940] {processor.py:163} INFO - Started process (PID=3956) to work on /home/airflow/.local/lib/python3.7/site-packages/airflow/example_dags/example_branch_datetime_operator.py
[2022-03-16 00:15:06,959] {processor.py:642} INFO - Processing file /home/airflow/.local/lib/python3.7/site-packages/airflow/example_dags/example_branch_datetime_operator.py for tasks to queue
[2022-03-16 00:15:06,959] {logging_mixin.py:109} INFO - [2022-03-16 00:15:06,959] {dagbag.py:500} INFO - Filling up the DagBag from /home/airflow/.local/lib/python3.7/site-packages/airflow/example_dags/example_branch_datetime_operator.py
[2022-03-16 00:15:06,985] {processor.py:654} INFO - DAG(s) dict_keys(['example_branch_datetime_operator_2']) retrieved from /home/airflow/.local/lib/python3.7/site-packages/airflow/example_dags/example_branch_datetime_operator.py
[2022-03-16 00:15:06,991] {logging_mixin.py:109} INFO - [2022-03-16 00:15:06,991] {dag.py:2398} INFO - Sync 1 DAGs
[2022-03-16 00:15:07,007] {logging_mixin.py:109} INFO - [2022-03-16 00:15:07,006] {dag.py:2937} INFO - Setting next_dagrun for example_branch_datetime_operator_2 to 2022-03-16T00:00:00+00:00
[2022-03-16 00:15:07,274] {processor.py:171} INFO - Processing /home/airflow/.local/lib/python3.7/site-packages/airflow/example_dags/example_branch_datetime_operator.py took 0.337 seconds
[2022-03-16 00:15:37,785] {processor.py:163} INFO - Started process (PID=4016) to work on /home/airflow/.local/lib/python3.7/site-packages/airflow/example_dags/example_branch_datetime_operator.py
[2022-03-16 00:15:37,818] {processor.py:642} INFO - Processing file /home/airflow/.local/lib/python3.7/site-packages/airflow/example_dags/example_branch_datetime_operator.py for tasks to queue
[2022-03-16 00:15:37,818] {logging_mixin.py:109} INFO - [2022-03-16 00:15:37,818] {dagbag.py:500} INFO - Filling up the DagBag from /home/airflow/.local/lib/python3.7/site-packages/airflow/example_dags/example_branch_datetime_operator.py
[2022-03-16 00:15:37,842] {processor.py:654} INFO - DAG(s) dict_keys(['example_branch_datetime_operator_2']) retrieved from /home/airflow/.local/lib/python3.7/site-packages/airflow/example_dags/example_branch_datetime_operator.py
[2022-03-16 00:15:37,849] {logging_mixin.py:109} INFO - [2022-03-16 00:15:37,849] {dag.py:2398} INFO - Sync 1 DAGs
[2022-03-16 00:15:37,863] {logging_mixin.py:109} INFO - [2022-03-16 00:15:37,862] {dag.py:2937} INFO - Setting next_dagrun for example_branch_datetime_operator_2 to 2022-03-16T00:00:00+00:00
[2022-03-16 00:15:37,918] {processor.py:171} INFO - Processing /home/airflow/.local/lib/python3.7/site-packages/airflow/example_dags/example_branch_datetime_operator.py took 0.135 seconds
[2022-03-16 00:16:08,566] {processor.py:163} INFO - Started process (PID=4069) to work on /home/airflow/.local/lib/python3.7/site-packages/airflow/example_dags/example_branch_datetime_operator.py
[2022-03-16 00:16:08,690] {processor.py:642} INFO - Processing file /home/airflow/.local/lib/python3.7/site-packages/airflow/example_dags/example_branch_datetime_operator.py for tasks to queue
[2022-03-16 00:16:08,690] {logging_mixin.py:109} INFO - [2022-03-16 00:16:08,690] {dagbag.py:500} INFO - Filling up the DagBag from /home/airflow/.local/lib/python3.7/site-packages/airflow/example_dags/example_branch_datetime_operator.py
[2022-03-16 00:16:08,727] {processor.py:654} INFO - DAG(s) dict_keys(['example_branch_datetime_operator_2']) retrieved from /home/airflow/.local/lib/python3.7/site-packages/airflow/example_dags/example_branch_datetime_operator.py
[2022-03-16 00:16:08,737] {logging_mixin.py:109} INFO - [2022-03-16 00:16:08,737] {dag.py:2398} INFO - Sync 1 DAGs
[2022-03-16 00:16:08,759] {logging_mixin.py:109} INFO - [2022-03-16 00:16:08,759] {dag.py:2937} INFO - Setting next_dagrun for example_branch_datetime_operator_2 to 2022-03-16T00:00:00+00:00
[2022-03-16 00:16:08,804] {processor.py:171} INFO - Processing /home/airflow/.local/lib/python3.7/site-packages/airflow/example_dags/example_branch_datetime_operator.py took 0.241 seconds
[2022-03-16 00:16:39,349] {processor.py:163} INFO - Started process (PID=4139) to work on /home/airflow/.local/lib/python3.7/site-packages/airflow/example_dags/example_branch_datetime_operator.py
[2022-03-16 00:16:39,456] {processor.py:642} INFO - Processing file /home/airflow/.local/lib/python3.7/site-packages/airflow/example_dags/example_branch_datetime_operator.py for tasks to queue
[2022-03-16 00:16:39,456] {logging_mixin.py:109} INFO - [2022-03-16 00:16:39,456] {dagbag.py:500} INFO - Filling up the DagBag from /home/airflow/.local/lib/python3.7/site-packages/airflow/example_dags/example_branch_datetime_operator.py
[2022-03-16 00:16:39,487] {processor.py:654} INFO - DAG(s) dict_keys(['example_branch_datetime_operator_2']) retrieved from /home/airflow/.local/lib/python3.7/site-packages/airflow/example_dags/example_branch_datetime_operator.py
[2022-03-16 00:16:39,495] {logging_mixin.py:109} INFO - [2022-03-16 00:16:39,495] {dag.py:2398} INFO - Sync 1 DAGs
[2022-03-16 00:16:39,514] {logging_mixin.py:109} INFO - [2022-03-16 00:16:39,514] {dag.py:2937} INFO - Setting next_dagrun for example_branch_datetime_operator_2 to 2022-03-16T00:00:00+00:00
[2022-03-16 00:16:39,579] {processor.py:171} INFO - Processing /home/airflow/.local/lib/python3.7/site-packages/airflow/example_dags/example_branch_datetime_operator.py took 0.231 seconds
[2022-03-16 00:17:10,206] {processor.py:163} INFO - Started process (PID=4198) to work on /home/airflow/.local/lib/python3.7/site-packages/airflow/example_dags/example_branch_datetime_operator.py
[2022-03-16 00:17:10,214] {processor.py:642} INFO - Processing file /home/airflow/.local/lib/python3.7/site-packages/airflow/example_dags/example_branch_datetime_operator.py for tasks to queue
[2022-03-16 00:17:10,214] {logging_mixin.py:109} INFO - [2022-03-16 00:17:10,214] {dagbag.py:500} INFO - Filling up the DagBag from /home/airflow/.local/lib/python3.7/site-packages/airflow/example_dags/example_branch_datetime_operator.py
[2022-03-16 00:17:10,236] {processor.py:654} INFO - DAG(s) dict_keys(['example_branch_datetime_operator_2']) retrieved from /home/airflow/.local/lib/python3.7/site-packages/airflow/example_dags/example_branch_datetime_operator.py
[2022-03-16 00:17:10,243] {logging_mixin.py:109} INFO - [2022-03-16 00:17:10,243] {dag.py:2398} INFO - Sync 1 DAGs
[2022-03-16 00:17:10,256] {logging_mixin.py:109} INFO - [2022-03-16 00:17:10,256] {dag.py:2937} INFO - Setting next_dagrun for example_branch_datetime_operator_2 to 2022-03-16T00:00:00+00:00
[2022-03-16 00:17:10,300] {processor.py:171} INFO - Processing /home/airflow/.local/lib/python3.7/site-packages/airflow/example_dags/example_branch_datetime_operator.py took 0.096 seconds
[2022-03-16 00:17:40,678] {processor.py:163} INFO - Started process (PID=4248) to work on /home/airflow/.local/lib/python3.7/site-packages/airflow/example_dags/example_branch_datetime_operator.py
[2022-03-16 00:17:40,739] {processor.py:642} INFO - Processing file /home/airflow/.local/lib/python3.7/site-packages/airflow/example_dags/example_branch_datetime_operator.py for tasks to queue
[2022-03-16 00:17:40,740] {logging_mixin.py:109} INFO - [2022-03-16 00:17:40,740] {dagbag.py:500} INFO - Filling up the DagBag from /home/airflow/.local/lib/python3.7/site-packages/airflow/example_dags/example_branch_datetime_operator.py
[2022-03-16 00:17:40,759] {processor.py:654} INFO - DAG(s) dict_keys(['example_branch_datetime_operator_2']) retrieved from /home/airflow/.local/lib/python3.7/site-packages/airflow/example_dags/example_branch_datetime_operator.py
[2022-03-16 00:17:40,765] {logging_mixin.py:109} INFO - [2022-03-16 00:17:40,765] {dag.py:2398} INFO - Sync 1 DAGs
[2022-03-16 00:17:40,778] {logging_mixin.py:109} INFO - [2022-03-16 00:17:40,777] {dag.py:2937} INFO - Setting next_dagrun for example_branch_datetime_operator_2 to 2022-03-16T00:00:00+00:00
[2022-03-16 00:17:42,218] {processor.py:171} INFO - Processing /home/airflow/.local/lib/python3.7/site-packages/airflow/example_dags/example_branch_datetime_operator.py took 1.547 seconds
[2022-03-16 00:18:12,749] {processor.py:163} INFO - Started process (PID=4312) to work on /home/airflow/.local/lib/python3.7/site-packages/airflow/example_dags/example_branch_datetime_operator.py
[2022-03-16 00:18:12,777] {processor.py:642} INFO - Processing file /home/airflow/.local/lib/python3.7/site-packages/airflow/example_dags/example_branch_datetime_operator.py for tasks to queue
[2022-03-16 00:18:12,778] {logging_mixin.py:109} INFO - [2022-03-16 00:18:12,778] {dagbag.py:500} INFO - Filling up the DagBag from /home/airflow/.local/lib/python3.7/site-packages/airflow/example_dags/example_branch_datetime_operator.py
[2022-03-16 00:18:12,812] {processor.py:654} INFO - DAG(s) dict_keys(['example_branch_datetime_operator_2']) retrieved from /home/airflow/.local/lib/python3.7/site-packages/airflow/example_dags/example_branch_datetime_operator.py
[2022-03-16 00:18:12,818] {logging_mixin.py:109} INFO - [2022-03-16 00:18:12,818] {dag.py:2398} INFO - Sync 1 DAGs
[2022-03-16 00:18:12,831] {logging_mixin.py:109} INFO - [2022-03-16 00:18:12,830] {dag.py:2937} INFO - Setting next_dagrun for example_branch_datetime_operator_2 to 2022-03-16T00:00:00+00:00
[2022-03-16 00:18:12,901] {processor.py:171} INFO - Processing /home/airflow/.local/lib/python3.7/site-packages/airflow/example_dags/example_branch_datetime_operator.py took 0.155 seconds
[2022-03-16 00:18:43,446] {processor.py:163} INFO - Started process (PID=4383) to work on /home/airflow/.local/lib/python3.7/site-packages/airflow/example_dags/example_branch_datetime_operator.py
[2022-03-16 00:18:43,468] {processor.py:642} INFO - Processing file /home/airflow/.local/lib/python3.7/site-packages/airflow/example_dags/example_branch_datetime_operator.py for tasks to queue
[2022-03-16 00:18:43,468] {logging_mixin.py:109} INFO - [2022-03-16 00:18:43,468] {dagbag.py:500} INFO - Filling up the DagBag from /home/airflow/.local/lib/python3.7/site-packages/airflow/example_dags/example_branch_datetime_operator.py
[2022-03-16 00:18:43,500] {processor.py:654} INFO - DAG(s) dict_keys(['example_branch_datetime_operator_2']) retrieved from /home/airflow/.local/lib/python3.7/site-packages/airflow/example_dags/example_branch_datetime_operator.py
[2022-03-16 00:18:43,512] {logging_mixin.py:109} INFO - [2022-03-16 00:18:43,512] {dag.py:2398} INFO - Sync 1 DAGs
[2022-03-16 00:18:43,535] {logging_mixin.py:109} INFO - [2022-03-16 00:18:43,535] {dag.py:2937} INFO - Setting next_dagrun for example_branch_datetime_operator_2 to 2022-03-16T00:00:00+00:00
[2022-03-16 00:18:43,938] {processor.py:171} INFO - Processing /home/airflow/.local/lib/python3.7/site-packages/airflow/example_dags/example_branch_datetime_operator.py took 0.495 seconds
[2022-03-16 00:19:13,986] {processor.py:163} INFO - Started process (PID=4443) to work on /home/airflow/.local/lib/python3.7/site-packages/airflow/example_dags/example_branch_datetime_operator.py
[2022-03-16 00:19:13,998] {processor.py:642} INFO - Processing file /home/airflow/.local/lib/python3.7/site-packages/airflow/example_dags/example_branch_datetime_operator.py for tasks to queue
[2022-03-16 00:19:13,999] {logging_mixin.py:109} INFO - [2022-03-16 00:19:13,999] {dagbag.py:500} INFO - Filling up the DagBag from /home/airflow/.local/lib/python3.7/site-packages/airflow/example_dags/example_branch_datetime_operator.py
[2022-03-16 00:19:14,017] {processor.py:654} INFO - DAG(s) dict_keys(['example_branch_datetime_operator_2']) retrieved from /home/airflow/.local/lib/python3.7/site-packages/airflow/example_dags/example_branch_datetime_operator.py
[2022-03-16 00:19:14,023] {logging_mixin.py:109} INFO - [2022-03-16 00:19:14,023] {dag.py:2398} INFO - Sync 1 DAGs
[2022-03-16 00:19:14,036] {logging_mixin.py:109} INFO - [2022-03-16 00:19:14,036] {dag.py:2937} INFO - Setting next_dagrun for example_branch_datetime_operator_2 to 2022-03-16T00:00:00+00:00
[2022-03-16 00:19:15,020] {processor.py:171} INFO - Processing /home/airflow/.local/lib/python3.7/site-packages/airflow/example_dags/example_branch_datetime_operator.py took 1.035 seconds
[2022-03-16 00:19:45,126] {processor.py:163} INFO - Started process (PID=4493) to work on /home/airflow/.local/lib/python3.7/site-packages/airflow/example_dags/example_branch_datetime_operator.py
[2022-03-16 00:19:45,168] {processor.py:642} INFO - Processing file /home/airflow/.local/lib/python3.7/site-packages/airflow/example_dags/example_branch_datetime_operator.py for tasks to queue
[2022-03-16 00:19:45,169] {logging_mixin.py:109} INFO - [2022-03-16 00:19:45,169] {dagbag.py:500} INFO - Filling up the DagBag from /home/airflow/.local/lib/python3.7/site-packages/airflow/example_dags/example_branch_datetime_operator.py
[2022-03-16 00:19:45,201] {processor.py:654} INFO - DAG(s) dict_keys(['example_branch_datetime_operator_2']) retrieved from /home/airflow/.local/lib/python3.7/site-packages/airflow/example_dags/example_branch_datetime_operator.py
[2022-03-16 00:19:45,210] {logging_mixin.py:109} INFO - [2022-03-16 00:19:45,209] {dag.py:2398} INFO - Sync 1 DAGs
[2022-03-16 00:19:45,227] {logging_mixin.py:109} INFO - [2022-03-16 00:19:45,226] {dag.py:2937} INFO - Setting next_dagrun for example_branch_datetime_operator_2 to 2022-03-16T00:00:00+00:00
[2022-03-16 00:19:46,179] {processor.py:171} INFO - Processing /home/airflow/.local/lib/python3.7/site-packages/airflow/example_dags/example_branch_datetime_operator.py took 1.055 seconds
[2022-03-16 00:20:16,748] {processor.py:163} INFO - Started process (PID=4559) to work on /home/airflow/.local/lib/python3.7/site-packages/airflow/example_dags/example_branch_datetime_operator.py
[2022-03-16 00:20:16,775] {processor.py:642} INFO - Processing file /home/airflow/.local/lib/python3.7/site-packages/airflow/example_dags/example_branch_datetime_operator.py for tasks to queue
[2022-03-16 00:20:16,775] {logging_mixin.py:109} INFO - [2022-03-16 00:20:16,775] {dagbag.py:500} INFO - Filling up the DagBag from /home/airflow/.local/lib/python3.7/site-packages/airflow/example_dags/example_branch_datetime_operator.py
[2022-03-16 00:20:16,796] {processor.py:654} INFO - DAG(s) dict_keys(['example_branch_datetime_operator_2']) retrieved from /home/airflow/.local/lib/python3.7/site-packages/airflow/example_dags/example_branch_datetime_operator.py
[2022-03-16 00:20:16,803] {logging_mixin.py:109} INFO - [2022-03-16 00:20:16,803] {dag.py:2398} INFO - Sync 1 DAGs
[2022-03-16 00:20:16,817] {logging_mixin.py:109} INFO - [2022-03-16 00:20:16,817] {dag.py:2937} INFO - Setting next_dagrun for example_branch_datetime_operator_2 to 2022-03-16T00:00:00+00:00
[2022-03-16 00:20:17,243] {processor.py:171} INFO - Processing /home/airflow/.local/lib/python3.7/site-packages/airflow/example_dags/example_branch_datetime_operator.py took 0.498 seconds
[2022-03-16 00:20:47,943] {processor.py:163} INFO - Started process (PID=4624) to work on /home/airflow/.local/lib/python3.7/site-packages/airflow/example_dags/example_branch_datetime_operator.py
[2022-03-16 00:20:47,969] {processor.py:642} INFO - Processing file /home/airflow/.local/lib/python3.7/site-packages/airflow/example_dags/example_branch_datetime_operator.py for tasks to queue
[2022-03-16 00:20:47,970] {logging_mixin.py:109} INFO - [2022-03-16 00:20:47,970] {dagbag.py:500} INFO - Filling up the DagBag from /home/airflow/.local/lib/python3.7/site-packages/airflow/example_dags/example_branch_datetime_operator.py
[2022-03-16 00:20:47,990] {processor.py:654} INFO - DAG(s) dict_keys(['example_branch_datetime_operator_2']) retrieved from /home/airflow/.local/lib/python3.7/site-packages/airflow/example_dags/example_branch_datetime_operator.py
[2022-03-16 00:20:47,996] {logging_mixin.py:109} INFO - [2022-03-16 00:20:47,996] {dag.py:2398} INFO - Sync 1 DAGs
[2022-03-16 00:20:48,010] {logging_mixin.py:109} INFO - [2022-03-16 00:20:48,010] {dag.py:2937} INFO - Setting next_dagrun for example_branch_datetime_operator_2 to 2022-03-16T00:00:00+00:00
[2022-03-16 00:20:49,056] {processor.py:171} INFO - Processing /home/airflow/.local/lib/python3.7/site-packages/airflow/example_dags/example_branch_datetime_operator.py took 1.115 seconds
[2022-03-16 00:21:19,323] {processor.py:163} INFO - Started process (PID=4689) to work on /home/airflow/.local/lib/python3.7/site-packages/airflow/example_dags/example_branch_datetime_operator.py
[2022-03-16 00:21:19,440] {processor.py:642} INFO - Processing file /home/airflow/.local/lib/python3.7/site-packages/airflow/example_dags/example_branch_datetime_operator.py for tasks to queue
[2022-03-16 00:21:19,440] {logging_mixin.py:109} INFO - [2022-03-16 00:21:19,440] {dagbag.py:500} INFO - Filling up the DagBag from /home/airflow/.local/lib/python3.7/site-packages/airflow/example_dags/example_branch_datetime_operator.py
[2022-03-16 00:21:19,463] {processor.py:654} INFO - DAG(s) dict_keys(['example_branch_datetime_operator_2']) retrieved from /home/airflow/.local/lib/python3.7/site-packages/airflow/example_dags/example_branch_datetime_operator.py
[2022-03-16 00:21:19,472] {logging_mixin.py:109} INFO - [2022-03-16 00:21:19,471] {dag.py:2398} INFO - Sync 1 DAGs
[2022-03-16 00:21:19,488] {logging_mixin.py:109} INFO - [2022-03-16 00:21:19,488] {dag.py:2937} INFO - Setting next_dagrun for example_branch_datetime_operator_2 to 2022-03-16T00:00:00+00:00
[2022-03-16 00:21:19,553] {processor.py:171} INFO - Processing /home/airflow/.local/lib/python3.7/site-packages/airflow/example_dags/example_branch_datetime_operator.py took 0.232 seconds
