[2022-03-16 00:00:11,711] {processor.py:163} INFO - Started process (PID=2211) to work on /home/airflow/.local/lib/python3.7/site-packages/airflow/example_dags/example_branch_labels.py
[2022-03-16 00:00:11,712] {processor.py:642} INFO - Processing file /home/airflow/.local/lib/python3.7/site-packages/airflow/example_dags/example_branch_labels.py for tasks to queue
[2022-03-16 00:00:11,713] {logging_mixin.py:109} INFO - [2022-03-16 00:00:11,713] {dagbag.py:500} INFO - Filling up the DagBag from /home/airflow/.local/lib/python3.7/site-packages/airflow/example_dags/example_branch_labels.py
[2022-03-16 00:00:11,741] {processor.py:654} INFO - DAG(s) dict_keys(['example_branch_labels']) retrieved from /home/airflow/.local/lib/python3.7/site-packages/airflow/example_dags/example_branch_labels.py
[2022-03-16 00:00:11,747] {logging_mixin.py:109} INFO - [2022-03-16 00:00:11,747] {dag.py:2398} INFO - Sync 1 DAGs
[2022-03-16 00:00:11,759] {logging_mixin.py:109} INFO - [2022-03-16 00:00:11,759] {dag.py:2937} INFO - Setting next_dagrun for example_branch_labels to 2022-03-16T00:00:00+00:00
[2022-03-16 00:00:11,970] {processor.py:171} INFO - Processing /home/airflow/.local/lib/python3.7/site-packages/airflow/example_dags/example_branch_labels.py took 0.263 seconds
[2022-03-16 00:00:42,320] {processor.py:163} INFO - Started process (PID=2275) to work on /home/airflow/.local/lib/python3.7/site-packages/airflow/example_dags/example_branch_labels.py
[2022-03-16 00:00:42,321] {processor.py:642} INFO - Processing file /home/airflow/.local/lib/python3.7/site-packages/airflow/example_dags/example_branch_labels.py for tasks to queue
[2022-03-16 00:00:42,321] {logging_mixin.py:109} INFO - [2022-03-16 00:00:42,321] {dagbag.py:500} INFO - Filling up the DagBag from /home/airflow/.local/lib/python3.7/site-packages/airflow/example_dags/example_branch_labels.py
[2022-03-16 00:00:42,345] {processor.py:654} INFO - DAG(s) dict_keys(['example_branch_labels']) retrieved from /home/airflow/.local/lib/python3.7/site-packages/airflow/example_dags/example_branch_labels.py
[2022-03-16 00:00:42,353] {logging_mixin.py:109} INFO - [2022-03-16 00:00:42,353] {dag.py:2398} INFO - Sync 1 DAGs
[2022-03-16 00:00:42,366] {logging_mixin.py:109} INFO - [2022-03-16 00:00:42,366] {dag.py:2937} INFO - Setting next_dagrun for example_branch_labels to 2022-03-16T00:00:00+00:00
[2022-03-16 00:00:42,416] {processor.py:171} INFO - Processing /home/airflow/.local/lib/python3.7/site-packages/airflow/example_dags/example_branch_labels.py took 0.098 seconds
[2022-03-16 00:01:12,539] {processor.py:163} INFO - Started process (PID=2331) to work on /home/airflow/.local/lib/python3.7/site-packages/airflow/example_dags/example_branch_labels.py
[2022-03-16 00:01:12,540] {processor.py:642} INFO - Processing file /home/airflow/.local/lib/python3.7/site-packages/airflow/example_dags/example_branch_labels.py for tasks to queue
[2022-03-16 00:01:12,541] {logging_mixin.py:109} INFO - [2022-03-16 00:01:12,540] {dagbag.py:500} INFO - Filling up the DagBag from /home/airflow/.local/lib/python3.7/site-packages/airflow/example_dags/example_branch_labels.py
[2022-03-16 00:01:12,559] {processor.py:654} INFO - DAG(s) dict_keys(['example_branch_labels']) retrieved from /home/airflow/.local/lib/python3.7/site-packages/airflow/example_dags/example_branch_labels.py
[2022-03-16 00:01:12,566] {logging_mixin.py:109} INFO - [2022-03-16 00:01:12,565] {dag.py:2398} INFO - Sync 1 DAGs
[2022-03-16 00:01:12,578] {logging_mixin.py:109} INFO - [2022-03-16 00:01:12,578] {dag.py:2937} INFO - Setting next_dagrun for example_branch_labels to 2022-03-16T00:00:00+00:00
[2022-03-16 00:01:13,795] {processor.py:171} INFO - Processing /home/airflow/.local/lib/python3.7/site-packages/airflow/example_dags/example_branch_labels.py took 1.258 seconds
[2022-03-16 00:01:44,005] {processor.py:163} INFO - Started process (PID=2391) to work on /home/airflow/.local/lib/python3.7/site-packages/airflow/example_dags/example_branch_labels.py
[2022-03-16 00:01:44,005] {processor.py:642} INFO - Processing file /home/airflow/.local/lib/python3.7/site-packages/airflow/example_dags/example_branch_labels.py for tasks to queue
[2022-03-16 00:01:44,006] {logging_mixin.py:109} INFO - [2022-03-16 00:01:44,006] {dagbag.py:500} INFO - Filling up the DagBag from /home/airflow/.local/lib/python3.7/site-packages/airflow/example_dags/example_branch_labels.py
[2022-03-16 00:01:44,024] {processor.py:654} INFO - DAG(s) dict_keys(['example_branch_labels']) retrieved from /home/airflow/.local/lib/python3.7/site-packages/airflow/example_dags/example_branch_labels.py
[2022-03-16 00:01:44,030] {logging_mixin.py:109} INFO - [2022-03-16 00:01:44,030] {dag.py:2398} INFO - Sync 1 DAGs
[2022-03-16 00:01:44,043] {logging_mixin.py:109} INFO - [2022-03-16 00:01:44,042] {dag.py:2937} INFO - Setting next_dagrun for example_branch_labels to 2022-03-16T00:00:00+00:00
[2022-03-16 00:01:44,732] {processor.py:171} INFO - Processing /home/airflow/.local/lib/python3.7/site-packages/airflow/example_dags/example_branch_labels.py took 0.729 seconds
[2022-03-16 00:02:14,992] {processor.py:163} INFO - Started process (PID=2447) to work on /home/airflow/.local/lib/python3.7/site-packages/airflow/example_dags/example_branch_labels.py
[2022-03-16 00:02:14,996] {processor.py:642} INFO - Processing file /home/airflow/.local/lib/python3.7/site-packages/airflow/example_dags/example_branch_labels.py for tasks to queue
[2022-03-16 00:02:14,997] {logging_mixin.py:109} INFO - [2022-03-16 00:02:14,997] {dagbag.py:500} INFO - Filling up the DagBag from /home/airflow/.local/lib/python3.7/site-packages/airflow/example_dags/example_branch_labels.py
[2022-03-16 00:02:15,022] {processor.py:654} INFO - DAG(s) dict_keys(['example_branch_labels']) retrieved from /home/airflow/.local/lib/python3.7/site-packages/airflow/example_dags/example_branch_labels.py
[2022-03-16 00:02:15,029] {logging_mixin.py:109} INFO - [2022-03-16 00:02:15,029] {dag.py:2398} INFO - Sync 1 DAGs
[2022-03-16 00:02:15,044] {logging_mixin.py:109} INFO - [2022-03-16 00:02:15,044] {dag.py:2937} INFO - Setting next_dagrun for example_branch_labels to 2022-03-16T00:00:00+00:00
[2022-03-16 00:02:15,090] {processor.py:171} INFO - Processing /home/airflow/.local/lib/python3.7/site-packages/airflow/example_dags/example_branch_labels.py took 0.101 seconds
[2022-03-16 00:02:45,189] {processor.py:163} INFO - Started process (PID=2520) to work on /home/airflow/.local/lib/python3.7/site-packages/airflow/example_dags/example_branch_labels.py
[2022-03-16 00:02:45,199] {processor.py:642} INFO - Processing file /home/airflow/.local/lib/python3.7/site-packages/airflow/example_dags/example_branch_labels.py for tasks to queue
[2022-03-16 00:02:45,200] {logging_mixin.py:109} INFO - [2022-03-16 00:02:45,200] {dagbag.py:500} INFO - Filling up the DagBag from /home/airflow/.local/lib/python3.7/site-packages/airflow/example_dags/example_branch_labels.py
[2022-03-16 00:02:45,218] {processor.py:654} INFO - DAG(s) dict_keys(['example_branch_labels']) retrieved from /home/airflow/.local/lib/python3.7/site-packages/airflow/example_dags/example_branch_labels.py
[2022-03-16 00:02:45,225] {logging_mixin.py:109} INFO - [2022-03-16 00:02:45,225] {dag.py:2398} INFO - Sync 1 DAGs
[2022-03-16 00:02:45,239] {logging_mixin.py:109} INFO - [2022-03-16 00:02:45,239] {dag.py:2937} INFO - Setting next_dagrun for example_branch_labels to 2022-03-16T00:00:00+00:00
[2022-03-16 00:02:45,301] {processor.py:171} INFO - Processing /home/airflow/.local/lib/python3.7/site-packages/airflow/example_dags/example_branch_labels.py took 0.114 seconds
[2022-03-16 00:03:16,076] {processor.py:163} INFO - Started process (PID=2576) to work on /home/airflow/.local/lib/python3.7/site-packages/airflow/example_dags/example_branch_labels.py
[2022-03-16 00:03:16,100] {processor.py:642} INFO - Processing file /home/airflow/.local/lib/python3.7/site-packages/airflow/example_dags/example_branch_labels.py for tasks to queue
[2022-03-16 00:03:16,100] {logging_mixin.py:109} INFO - [2022-03-16 00:03:16,100] {dagbag.py:500} INFO - Filling up the DagBag from /home/airflow/.local/lib/python3.7/site-packages/airflow/example_dags/example_branch_labels.py
[2022-03-16 00:03:16,118] {processor.py:654} INFO - DAG(s) dict_keys(['example_branch_labels']) retrieved from /home/airflow/.local/lib/python3.7/site-packages/airflow/example_dags/example_branch_labels.py
[2022-03-16 00:03:16,124] {logging_mixin.py:109} INFO - [2022-03-16 00:03:16,124] {dag.py:2398} INFO - Sync 1 DAGs
[2022-03-16 00:03:16,136] {logging_mixin.py:109} INFO - [2022-03-16 00:03:16,136] {dag.py:2937} INFO - Setting next_dagrun for example_branch_labels to 2022-03-16T00:00:00+00:00
[2022-03-16 00:03:16,350] {processor.py:171} INFO - Processing /home/airflow/.local/lib/python3.7/site-packages/airflow/example_dags/example_branch_labels.py took 0.275 seconds
[2022-03-16 00:03:47,470] {processor.py:163} INFO - Started process (PID=2626) to work on /home/airflow/.local/lib/python3.7/site-packages/airflow/example_dags/example_branch_labels.py
[2022-03-16 00:03:47,483] {processor.py:642} INFO - Processing file /home/airflow/.local/lib/python3.7/site-packages/airflow/example_dags/example_branch_labels.py for tasks to queue
[2022-03-16 00:03:47,484] {logging_mixin.py:109} INFO - [2022-03-16 00:03:47,484] {dagbag.py:500} INFO - Filling up the DagBag from /home/airflow/.local/lib/python3.7/site-packages/airflow/example_dags/example_branch_labels.py
[2022-03-16 00:03:47,502] {processor.py:654} INFO - DAG(s) dict_keys(['example_branch_labels']) retrieved from /home/airflow/.local/lib/python3.7/site-packages/airflow/example_dags/example_branch_labels.py
[2022-03-16 00:03:47,508] {logging_mixin.py:109} INFO - [2022-03-16 00:03:47,508] {dag.py:2398} INFO - Sync 1 DAGs
[2022-03-16 00:03:47,520] {logging_mixin.py:109} INFO - [2022-03-16 00:03:47,520] {dag.py:2937} INFO - Setting next_dagrun for example_branch_labels to 2022-03-16T00:00:00+00:00
[2022-03-16 00:03:47,725] {processor.py:171} INFO - Processing /home/airflow/.local/lib/python3.7/site-packages/airflow/example_dags/example_branch_labels.py took 0.257 seconds
[2022-03-16 00:04:18,667] {processor.py:163} INFO - Started process (PID=2692) to work on /home/airflow/.local/lib/python3.7/site-packages/airflow/example_dags/example_branch_labels.py
[2022-03-16 00:04:18,668] {processor.py:642} INFO - Processing file /home/airflow/.local/lib/python3.7/site-packages/airflow/example_dags/example_branch_labels.py for tasks to queue
[2022-03-16 00:04:18,668] {logging_mixin.py:109} INFO - [2022-03-16 00:04:18,668] {dagbag.py:500} INFO - Filling up the DagBag from /home/airflow/.local/lib/python3.7/site-packages/airflow/example_dags/example_branch_labels.py
[2022-03-16 00:04:18,686] {processor.py:654} INFO - DAG(s) dict_keys(['example_branch_labels']) retrieved from /home/airflow/.local/lib/python3.7/site-packages/airflow/example_dags/example_branch_labels.py
[2022-03-16 00:04:18,692] {logging_mixin.py:109} INFO - [2022-03-16 00:04:18,692] {dag.py:2398} INFO - Sync 1 DAGs
[2022-03-16 00:04:18,704] {logging_mixin.py:109} INFO - [2022-03-16 00:04:18,704] {dag.py:2937} INFO - Setting next_dagrun for example_branch_labels to 2022-03-16T00:00:00+00:00
[2022-03-16 00:04:18,789] {processor.py:171} INFO - Processing /home/airflow/.local/lib/python3.7/site-packages/airflow/example_dags/example_branch_labels.py took 0.124 seconds
[2022-03-16 00:04:50,224] {processor.py:163} INFO - Started process (PID=2757) to work on /home/airflow/.local/lib/python3.7/site-packages/airflow/example_dags/example_branch_labels.py
[2022-03-16 00:04:50,225] {processor.py:642} INFO - Processing file /home/airflow/.local/lib/python3.7/site-packages/airflow/example_dags/example_branch_labels.py for tasks to queue
[2022-03-16 00:04:50,225] {logging_mixin.py:109} INFO - [2022-03-16 00:04:50,225] {dagbag.py:500} INFO - Filling up the DagBag from /home/airflow/.local/lib/python3.7/site-packages/airflow/example_dags/example_branch_labels.py
[2022-03-16 00:04:50,251] {processor.py:654} INFO - DAG(s) dict_keys(['example_branch_labels']) retrieved from /home/airflow/.local/lib/python3.7/site-packages/airflow/example_dags/example_branch_labels.py
[2022-03-16 00:04:50,260] {logging_mixin.py:109} INFO - [2022-03-16 00:04:50,260] {dag.py:2398} INFO - Sync 1 DAGs
[2022-03-16 00:04:50,275] {logging_mixin.py:109} INFO - [2022-03-16 00:04:50,275] {dag.py:2937} INFO - Setting next_dagrun for example_branch_labels to 2022-03-16T00:00:00+00:00
[2022-03-16 00:04:50,350] {processor.py:171} INFO - Processing /home/airflow/.local/lib/python3.7/site-packages/airflow/example_dags/example_branch_labels.py took 0.128 seconds
[2022-03-16 00:05:20,802] {processor.py:163} INFO - Started process (PID=2820) to work on /home/airflow/.local/lib/python3.7/site-packages/airflow/example_dags/example_branch_labels.py
[2022-03-16 00:05:20,837] {processor.py:642} INFO - Processing file /home/airflow/.local/lib/python3.7/site-packages/airflow/example_dags/example_branch_labels.py for tasks to queue
[2022-03-16 00:05:20,837] {logging_mixin.py:109} INFO - [2022-03-16 00:05:20,837] {dagbag.py:500} INFO - Filling up the DagBag from /home/airflow/.local/lib/python3.7/site-packages/airflow/example_dags/example_branch_labels.py
[2022-03-16 00:05:20,856] {processor.py:654} INFO - DAG(s) dict_keys(['example_branch_labels']) retrieved from /home/airflow/.local/lib/python3.7/site-packages/airflow/example_dags/example_branch_labels.py
[2022-03-16 00:05:20,862] {logging_mixin.py:109} INFO - [2022-03-16 00:05:20,862] {dag.py:2398} INFO - Sync 1 DAGs
[2022-03-16 00:05:20,875] {logging_mixin.py:109} INFO - [2022-03-16 00:05:20,875] {dag.py:2937} INFO - Setting next_dagrun for example_branch_labels to 2022-03-16T00:00:00+00:00
[2022-03-16 00:05:20,914] {processor.py:171} INFO - Processing /home/airflow/.local/lib/python3.7/site-packages/airflow/example_dags/example_branch_labels.py took 0.114 seconds
[2022-03-16 00:05:51,308] {processor.py:163} INFO - Started process (PID=2870) to work on /home/airflow/.local/lib/python3.7/site-packages/airflow/example_dags/example_branch_labels.py
[2022-03-16 00:05:51,309] {processor.py:642} INFO - Processing file /home/airflow/.local/lib/python3.7/site-packages/airflow/example_dags/example_branch_labels.py for tasks to queue
[2022-03-16 00:05:51,310] {logging_mixin.py:109} INFO - [2022-03-16 00:05:51,310] {dagbag.py:500} INFO - Filling up the DagBag from /home/airflow/.local/lib/python3.7/site-packages/airflow/example_dags/example_branch_labels.py
[2022-03-16 00:05:51,342] {processor.py:654} INFO - DAG(s) dict_keys(['example_branch_labels']) retrieved from /home/airflow/.local/lib/python3.7/site-packages/airflow/example_dags/example_branch_labels.py
[2022-03-16 00:05:51,352] {logging_mixin.py:109} INFO - [2022-03-16 00:05:51,352] {dag.py:2398} INFO - Sync 1 DAGs
[2022-03-16 00:05:51,373] {logging_mixin.py:109} INFO - [2022-03-16 00:05:51,373] {dag.py:2937} INFO - Setting next_dagrun for example_branch_labels to 2022-03-16T00:00:00+00:00
[2022-03-16 00:05:51,415] {processor.py:171} INFO - Processing /home/airflow/.local/lib/python3.7/site-packages/airflow/example_dags/example_branch_labels.py took 0.110 seconds
[2022-03-16 00:06:22,345] {processor.py:163} INFO - Started process (PID=2939) to work on /home/airflow/.local/lib/python3.7/site-packages/airflow/example_dags/example_branch_labels.py
[2022-03-16 00:06:22,349] {processor.py:642} INFO - Processing file /home/airflow/.local/lib/python3.7/site-packages/airflow/example_dags/example_branch_labels.py for tasks to queue
[2022-03-16 00:06:22,349] {logging_mixin.py:109} INFO - [2022-03-16 00:06:22,349] {dagbag.py:500} INFO - Filling up the DagBag from /home/airflow/.local/lib/python3.7/site-packages/airflow/example_dags/example_branch_labels.py
[2022-03-16 00:06:22,368] {processor.py:654} INFO - DAG(s) dict_keys(['example_branch_labels']) retrieved from /home/airflow/.local/lib/python3.7/site-packages/airflow/example_dags/example_branch_labels.py
[2022-03-16 00:06:22,374] {logging_mixin.py:109} INFO - [2022-03-16 00:06:22,374] {dag.py:2398} INFO - Sync 1 DAGs
[2022-03-16 00:06:22,386] {logging_mixin.py:109} INFO - [2022-03-16 00:06:22,386] {dag.py:2937} INFO - Setting next_dagrun for example_branch_labels to 2022-03-16T00:00:00+00:00
[2022-03-16 00:06:22,461] {processor.py:171} INFO - Processing /home/airflow/.local/lib/python3.7/site-packages/airflow/example_dags/example_branch_labels.py took 0.118 seconds
[2022-03-16 00:06:54,126] {processor.py:163} INFO - Started process (PID=3005) to work on /home/airflow/.local/lib/python3.7/site-packages/airflow/example_dags/example_branch_labels.py
[2022-03-16 00:06:54,136] {processor.py:642} INFO - Processing file /home/airflow/.local/lib/python3.7/site-packages/airflow/example_dags/example_branch_labels.py for tasks to queue
[2022-03-16 00:06:54,136] {logging_mixin.py:109} INFO - [2022-03-16 00:06:54,136] {dagbag.py:500} INFO - Filling up the DagBag from /home/airflow/.local/lib/python3.7/site-packages/airflow/example_dags/example_branch_labels.py
[2022-03-16 00:06:54,156] {processor.py:654} INFO - DAG(s) dict_keys(['example_branch_labels']) retrieved from /home/airflow/.local/lib/python3.7/site-packages/airflow/example_dags/example_branch_labels.py
[2022-03-16 00:06:54,163] {logging_mixin.py:109} INFO - [2022-03-16 00:06:54,163] {dag.py:2398} INFO - Sync 1 DAGs
[2022-03-16 00:06:54,175] {logging_mixin.py:109} INFO - [2022-03-16 00:06:54,175] {dag.py:2937} INFO - Setting next_dagrun for example_branch_labels to 2022-03-16T00:00:00+00:00
[2022-03-16 00:06:54,219] {processor.py:171} INFO - Processing /home/airflow/.local/lib/python3.7/site-packages/airflow/example_dags/example_branch_labels.py took 0.095 seconds
[2022-03-16 00:07:24,410] {processor.py:163} INFO - Started process (PID=3064) to work on /home/airflow/.local/lib/python3.7/site-packages/airflow/example_dags/example_branch_labels.py
[2022-03-16 00:07:24,437] {processor.py:642} INFO - Processing file /home/airflow/.local/lib/python3.7/site-packages/airflow/example_dags/example_branch_labels.py for tasks to queue
[2022-03-16 00:07:24,438] {logging_mixin.py:109} INFO - [2022-03-16 00:07:24,438] {dagbag.py:500} INFO - Filling up the DagBag from /home/airflow/.local/lib/python3.7/site-packages/airflow/example_dags/example_branch_labels.py
[2022-03-16 00:07:24,464] {processor.py:654} INFO - DAG(s) dict_keys(['example_branch_labels']) retrieved from /home/airflow/.local/lib/python3.7/site-packages/airflow/example_dags/example_branch_labels.py
[2022-03-16 00:07:24,472] {logging_mixin.py:109} INFO - [2022-03-16 00:07:24,472] {dag.py:2398} INFO - Sync 1 DAGs
[2022-03-16 00:07:24,486] {logging_mixin.py:109} INFO - [2022-03-16 00:07:24,486] {dag.py:2937} INFO - Setting next_dagrun for example_branch_labels to 2022-03-16T00:00:00+00:00
[2022-03-16 00:07:25,817] {processor.py:171} INFO - Processing /home/airflow/.local/lib/python3.7/site-packages/airflow/example_dags/example_branch_labels.py took 1.409 seconds
[2022-03-16 00:07:56,099] {processor.py:163} INFO - Started process (PID=3114) to work on /home/airflow/.local/lib/python3.7/site-packages/airflow/example_dags/example_branch_labels.py
[2022-03-16 00:07:56,100] {processor.py:642} INFO - Processing file /home/airflow/.local/lib/python3.7/site-packages/airflow/example_dags/example_branch_labels.py for tasks to queue
[2022-03-16 00:07:56,100] {logging_mixin.py:109} INFO - [2022-03-16 00:07:56,100] {dagbag.py:500} INFO - Filling up the DagBag from /home/airflow/.local/lib/python3.7/site-packages/airflow/example_dags/example_branch_labels.py
[2022-03-16 00:07:56,122] {processor.py:654} INFO - DAG(s) dict_keys(['example_branch_labels']) retrieved from /home/airflow/.local/lib/python3.7/site-packages/airflow/example_dags/example_branch_labels.py
[2022-03-16 00:07:56,132] {logging_mixin.py:109} INFO - [2022-03-16 00:07:56,132] {dag.py:2398} INFO - Sync 1 DAGs
[2022-03-16 00:07:56,150] {logging_mixin.py:109} INFO - [2022-03-16 00:07:56,150] {dag.py:2937} INFO - Setting next_dagrun for example_branch_labels to 2022-03-16T00:00:00+00:00
[2022-03-16 00:07:56,531] {processor.py:171} INFO - Processing /home/airflow/.local/lib/python3.7/site-packages/airflow/example_dags/example_branch_labels.py took 0.434 seconds
[2022-03-16 00:08:27,287] {processor.py:163} INFO - Started process (PID=3185) to work on /home/airflow/.local/lib/python3.7/site-packages/airflow/example_dags/example_branch_labels.py
[2022-03-16 00:08:27,287] {processor.py:642} INFO - Processing file /home/airflow/.local/lib/python3.7/site-packages/airflow/example_dags/example_branch_labels.py for tasks to queue
[2022-03-16 00:08:27,288] {logging_mixin.py:109} INFO - [2022-03-16 00:08:27,288] {dagbag.py:500} INFO - Filling up the DagBag from /home/airflow/.local/lib/python3.7/site-packages/airflow/example_dags/example_branch_labels.py
[2022-03-16 00:08:27,305] {processor.py:654} INFO - DAG(s) dict_keys(['example_branch_labels']) retrieved from /home/airflow/.local/lib/python3.7/site-packages/airflow/example_dags/example_branch_labels.py
[2022-03-16 00:08:27,314] {logging_mixin.py:109} INFO - [2022-03-16 00:08:27,314] {dag.py:2398} INFO - Sync 1 DAGs
[2022-03-16 00:08:27,330] {logging_mixin.py:109} INFO - [2022-03-16 00:08:27,330] {dag.py:2937} INFO - Setting next_dagrun for example_branch_labels to 2022-03-16T00:00:00+00:00
[2022-03-16 00:08:27,366] {processor.py:171} INFO - Processing /home/airflow/.local/lib/python3.7/site-packages/airflow/example_dags/example_branch_labels.py took 0.082 seconds
[2022-03-16 00:08:57,516] {processor.py:163} INFO - Started process (PID=3250) to work on /home/airflow/.local/lib/python3.7/site-packages/airflow/example_dags/example_branch_labels.py
[2022-03-16 00:08:57,531] {processor.py:642} INFO - Processing file /home/airflow/.local/lib/python3.7/site-packages/airflow/example_dags/example_branch_labels.py for tasks to queue
[2022-03-16 00:08:57,531] {logging_mixin.py:109} INFO - [2022-03-16 00:08:57,531] {dagbag.py:500} INFO - Filling up the DagBag from /home/airflow/.local/lib/python3.7/site-packages/airflow/example_dags/example_branch_labels.py
[2022-03-16 00:08:57,550] {processor.py:654} INFO - DAG(s) dict_keys(['example_branch_labels']) retrieved from /home/airflow/.local/lib/python3.7/site-packages/airflow/example_dags/example_branch_labels.py
[2022-03-16 00:08:57,556] {logging_mixin.py:109} INFO - [2022-03-16 00:08:57,556] {dag.py:2398} INFO - Sync 1 DAGs
[2022-03-16 00:08:57,569] {logging_mixin.py:109} INFO - [2022-03-16 00:08:57,569] {dag.py:2937} INFO - Setting next_dagrun for example_branch_labels to 2022-03-16T00:00:00+00:00
[2022-03-16 00:08:57,639] {processor.py:171} INFO - Processing /home/airflow/.local/lib/python3.7/site-packages/airflow/example_dags/example_branch_labels.py took 0.125 seconds
[2022-03-16 00:09:27,946] {processor.py:163} INFO - Started process (PID=3300) to work on /home/airflow/.local/lib/python3.7/site-packages/airflow/example_dags/example_branch_labels.py
[2022-03-16 00:09:27,956] {processor.py:642} INFO - Processing file /home/airflow/.local/lib/python3.7/site-packages/airflow/example_dags/example_branch_labels.py for tasks to queue
[2022-03-16 00:09:27,958] {logging_mixin.py:109} INFO - [2022-03-16 00:09:27,958] {dagbag.py:500} INFO - Filling up the DagBag from /home/airflow/.local/lib/python3.7/site-packages/airflow/example_dags/example_branch_labels.py
[2022-03-16 00:09:28,003] {processor.py:654} INFO - DAG(s) dict_keys(['example_branch_labels']) retrieved from /home/airflow/.local/lib/python3.7/site-packages/airflow/example_dags/example_branch_labels.py
[2022-03-16 00:09:28,011] {logging_mixin.py:109} INFO - [2022-03-16 00:09:28,011] {dag.py:2398} INFO - Sync 1 DAGs
[2022-03-16 00:09:28,026] {logging_mixin.py:109} INFO - [2022-03-16 00:09:28,026] {dag.py:2937} INFO - Setting next_dagrun for example_branch_labels to 2022-03-16T00:00:00+00:00
[2022-03-16 00:09:28,089] {processor.py:171} INFO - Processing /home/airflow/.local/lib/python3.7/site-packages/airflow/example_dags/example_branch_labels.py took 0.149 seconds
[2022-03-16 00:09:59,781] {processor.py:163} INFO - Started process (PID=3359) to work on /home/airflow/.local/lib/python3.7/site-packages/airflow/example_dags/example_branch_labels.py
[2022-03-16 00:09:59,805] {processor.py:642} INFO - Processing file /home/airflow/.local/lib/python3.7/site-packages/airflow/example_dags/example_branch_labels.py for tasks to queue
[2022-03-16 00:09:59,807] {logging_mixin.py:109} INFO - [2022-03-16 00:09:59,807] {dagbag.py:500} INFO - Filling up the DagBag from /home/airflow/.local/lib/python3.7/site-packages/airflow/example_dags/example_branch_labels.py
[2022-03-16 00:09:59,869] {processor.py:654} INFO - DAG(s) dict_keys(['example_branch_labels']) retrieved from /home/airflow/.local/lib/python3.7/site-packages/airflow/example_dags/example_branch_labels.py
[2022-03-16 00:09:59,882] {logging_mixin.py:109} INFO - [2022-03-16 00:09:59,882] {dag.py:2398} INFO - Sync 1 DAGs
[2022-03-16 00:09:59,905] {logging_mixin.py:109} INFO - [2022-03-16 00:09:59,905] {dag.py:2937} INFO - Setting next_dagrun for example_branch_labels to 2022-03-16T00:00:00+00:00
[2022-03-16 00:10:00,357] {processor.py:171} INFO - Processing /home/airflow/.local/lib/python3.7/site-packages/airflow/example_dags/example_branch_labels.py took 0.586 seconds
[2022-03-16 00:10:30,391] {processor.py:163} INFO - Started process (PID=3422) to work on /home/airflow/.local/lib/python3.7/site-packages/airflow/example_dags/example_branch_labels.py
[2022-03-16 00:10:30,394] {processor.py:642} INFO - Processing file /home/airflow/.local/lib/python3.7/site-packages/airflow/example_dags/example_branch_labels.py for tasks to queue
[2022-03-16 00:10:30,396] {logging_mixin.py:109} INFO - [2022-03-16 00:10:30,396] {dagbag.py:500} INFO - Filling up the DagBag from /home/airflow/.local/lib/python3.7/site-packages/airflow/example_dags/example_branch_labels.py
[2022-03-16 00:10:30,468] {processor.py:654} INFO - DAG(s) dict_keys(['example_branch_labels']) retrieved from /home/airflow/.local/lib/python3.7/site-packages/airflow/example_dags/example_branch_labels.py
[2022-03-16 00:10:30,488] {logging_mixin.py:109} INFO - [2022-03-16 00:10:30,488] {dag.py:2398} INFO - Sync 1 DAGs
[2022-03-16 00:10:30,532] {logging_mixin.py:109} INFO - [2022-03-16 00:10:30,531] {dag.py:2937} INFO - Setting next_dagrun for example_branch_labels to 2022-03-16T00:00:00+00:00
[2022-03-16 00:10:30,630] {processor.py:171} INFO - Processing /home/airflow/.local/lib/python3.7/site-packages/airflow/example_dags/example_branch_labels.py took 0.244 seconds
[2022-03-16 00:11:01,175] {processor.py:163} INFO - Started process (PID=3493) to work on /home/airflow/.local/lib/python3.7/site-packages/airflow/example_dags/example_branch_labels.py
[2022-03-16 00:11:01,179] {processor.py:642} INFO - Processing file /home/airflow/.local/lib/python3.7/site-packages/airflow/example_dags/example_branch_labels.py for tasks to queue
[2022-03-16 00:11:01,180] {logging_mixin.py:109} INFO - [2022-03-16 00:11:01,180] {dagbag.py:500} INFO - Filling up the DagBag from /home/airflow/.local/lib/python3.7/site-packages/airflow/example_dags/example_branch_labels.py
[2022-03-16 00:11:01,200] {processor.py:654} INFO - DAG(s) dict_keys(['example_branch_labels']) retrieved from /home/airflow/.local/lib/python3.7/site-packages/airflow/example_dags/example_branch_labels.py
[2022-03-16 00:11:01,207] {logging_mixin.py:109} INFO - [2022-03-16 00:11:01,206] {dag.py:2398} INFO - Sync 1 DAGs
[2022-03-16 00:11:01,220] {logging_mixin.py:109} INFO - [2022-03-16 00:11:01,220] {dag.py:2937} INFO - Setting next_dagrun for example_branch_labels to 2022-03-16T00:00:00+00:00
[2022-03-16 00:11:01,261] {processor.py:171} INFO - Processing /home/airflow/.local/lib/python3.7/site-packages/airflow/example_dags/example_branch_labels.py took 0.087 seconds
[2022-03-16 00:11:31,555] {processor.py:163} INFO - Started process (PID=3544) to work on /home/airflow/.local/lib/python3.7/site-packages/airflow/example_dags/example_branch_labels.py
[2022-03-16 00:11:31,564] {processor.py:642} INFO - Processing file /home/airflow/.local/lib/python3.7/site-packages/airflow/example_dags/example_branch_labels.py for tasks to queue
[2022-03-16 00:11:31,565] {logging_mixin.py:109} INFO - [2022-03-16 00:11:31,565] {dagbag.py:500} INFO - Filling up the DagBag from /home/airflow/.local/lib/python3.7/site-packages/airflow/example_dags/example_branch_labels.py
[2022-03-16 00:11:31,582] {processor.py:654} INFO - DAG(s) dict_keys(['example_branch_labels']) retrieved from /home/airflow/.local/lib/python3.7/site-packages/airflow/example_dags/example_branch_labels.py
[2022-03-16 00:11:31,589] {logging_mixin.py:109} INFO - [2022-03-16 00:11:31,589] {dag.py:2398} INFO - Sync 1 DAGs
[2022-03-16 00:11:31,601] {logging_mixin.py:109} INFO - [2022-03-16 00:11:31,601] {dag.py:2937} INFO - Setting next_dagrun for example_branch_labels to 2022-03-16T00:00:00+00:00
[2022-03-16 00:11:31,646] {processor.py:171} INFO - Processing /home/airflow/.local/lib/python3.7/site-packages/airflow/example_dags/example_branch_labels.py took 0.092 seconds
[2022-03-16 00:12:02,035] {processor.py:163} INFO - Started process (PID=3594) to work on /home/airflow/.local/lib/python3.7/site-packages/airflow/example_dags/example_branch_labels.py
[2022-03-16 00:12:02,041] {processor.py:642} INFO - Processing file /home/airflow/.local/lib/python3.7/site-packages/airflow/example_dags/example_branch_labels.py for tasks to queue
[2022-03-16 00:12:02,041] {logging_mixin.py:109} INFO - [2022-03-16 00:12:02,041] {dagbag.py:500} INFO - Filling up the DagBag from /home/airflow/.local/lib/python3.7/site-packages/airflow/example_dags/example_branch_labels.py
[2022-03-16 00:12:02,061] {processor.py:654} INFO - DAG(s) dict_keys(['example_branch_labels']) retrieved from /home/airflow/.local/lib/python3.7/site-packages/airflow/example_dags/example_branch_labels.py
[2022-03-16 00:12:02,068] {logging_mixin.py:109} INFO - [2022-03-16 00:12:02,068] {dag.py:2398} INFO - Sync 1 DAGs
[2022-03-16 00:12:02,081] {logging_mixin.py:109} INFO - [2022-03-16 00:12:02,081] {dag.py:2937} INFO - Setting next_dagrun for example_branch_labels to 2022-03-16T00:00:00+00:00
[2022-03-16 00:12:02,138] {processor.py:171} INFO - Processing /home/airflow/.local/lib/python3.7/site-packages/airflow/example_dags/example_branch_labels.py took 0.105 seconds
[2022-03-16 00:12:33,684] {processor.py:163} INFO - Started process (PID=3665) to work on /home/airflow/.local/lib/python3.7/site-packages/airflow/example_dags/example_branch_labels.py
[2022-03-16 00:12:33,691] {processor.py:642} INFO - Processing file /home/airflow/.local/lib/python3.7/site-packages/airflow/example_dags/example_branch_labels.py for tasks to queue
[2022-03-16 00:12:33,691] {logging_mixin.py:109} INFO - [2022-03-16 00:12:33,691] {dagbag.py:500} INFO - Filling up the DagBag from /home/airflow/.local/lib/python3.7/site-packages/airflow/example_dags/example_branch_labels.py
[2022-03-16 00:12:33,717] {processor.py:654} INFO - DAG(s) dict_keys(['example_branch_labels']) retrieved from /home/airflow/.local/lib/python3.7/site-packages/airflow/example_dags/example_branch_labels.py
[2022-03-16 00:12:33,726] {logging_mixin.py:109} INFO - [2022-03-16 00:12:33,726] {dag.py:2398} INFO - Sync 1 DAGs
[2022-03-16 00:12:33,744] {logging_mixin.py:109} INFO - [2022-03-16 00:12:33,744] {dag.py:2937} INFO - Setting next_dagrun for example_branch_labels to 2022-03-16T00:00:00+00:00
[2022-03-16 00:12:33,783] {processor.py:171} INFO - Processing /home/airflow/.local/lib/python3.7/site-packages/airflow/example_dags/example_branch_labels.py took 0.102 seconds
[2022-03-16 00:13:04,136] {processor.py:163} INFO - Started process (PID=3725) to work on /home/airflow/.local/lib/python3.7/site-packages/airflow/example_dags/example_branch_labels.py
[2022-03-16 00:13:04,137] {processor.py:642} INFO - Processing file /home/airflow/.local/lib/python3.7/site-packages/airflow/example_dags/example_branch_labels.py for tasks to queue
[2022-03-16 00:13:04,137] {logging_mixin.py:109} INFO - [2022-03-16 00:13:04,137] {dagbag.py:500} INFO - Filling up the DagBag from /home/airflow/.local/lib/python3.7/site-packages/airflow/example_dags/example_branch_labels.py
[2022-03-16 00:13:04,156] {processor.py:654} INFO - DAG(s) dict_keys(['example_branch_labels']) retrieved from /home/airflow/.local/lib/python3.7/site-packages/airflow/example_dags/example_branch_labels.py
[2022-03-16 00:13:04,163] {logging_mixin.py:109} INFO - [2022-03-16 00:13:04,163] {dag.py:2398} INFO - Sync 1 DAGs
[2022-03-16 00:13:04,175] {logging_mixin.py:109} INFO - [2022-03-16 00:13:04,175] {dag.py:2937} INFO - Setting next_dagrun for example_branch_labels to 2022-03-16T00:00:00+00:00
[2022-03-16 00:13:04,224] {processor.py:171} INFO - Processing /home/airflow/.local/lib/python3.7/site-packages/airflow/example_dags/example_branch_labels.py took 0.090 seconds
[2022-03-16 00:13:35,086] {processor.py:163} INFO - Started process (PID=3785) to work on /home/airflow/.local/lib/python3.7/site-packages/airflow/example_dags/example_branch_labels.py
[2022-03-16 00:13:35,090] {processor.py:642} INFO - Processing file /home/airflow/.local/lib/python3.7/site-packages/airflow/example_dags/example_branch_labels.py for tasks to queue
[2022-03-16 00:13:35,090] {logging_mixin.py:109} INFO - [2022-03-16 00:13:35,090] {dagbag.py:500} INFO - Filling up the DagBag from /home/airflow/.local/lib/python3.7/site-packages/airflow/example_dags/example_branch_labels.py
[2022-03-16 00:13:35,109] {processor.py:654} INFO - DAG(s) dict_keys(['example_branch_labels']) retrieved from /home/airflow/.local/lib/python3.7/site-packages/airflow/example_dags/example_branch_labels.py
[2022-03-16 00:13:35,116] {logging_mixin.py:109} INFO - [2022-03-16 00:13:35,116] {dag.py:2398} INFO - Sync 1 DAGs
[2022-03-16 00:13:35,130] {logging_mixin.py:109} INFO - [2022-03-16 00:13:35,130] {dag.py:2937} INFO - Setting next_dagrun for example_branch_labels to 2022-03-16T00:00:00+00:00
[2022-03-16 00:13:35,179] {processor.py:171} INFO - Processing /home/airflow/.local/lib/python3.7/site-packages/airflow/example_dags/example_branch_labels.py took 0.094 seconds
[2022-03-16 00:14:05,483] {processor.py:163} INFO - Started process (PID=3838) to work on /home/airflow/.local/lib/python3.7/site-packages/airflow/example_dags/example_branch_labels.py
[2022-03-16 00:14:05,484] {processor.py:642} INFO - Processing file /home/airflow/.local/lib/python3.7/site-packages/airflow/example_dags/example_branch_labels.py for tasks to queue
[2022-03-16 00:14:05,484] {logging_mixin.py:109} INFO - [2022-03-16 00:14:05,484] {dagbag.py:500} INFO - Filling up the DagBag from /home/airflow/.local/lib/python3.7/site-packages/airflow/example_dags/example_branch_labels.py
[2022-03-16 00:14:05,505] {processor.py:654} INFO - DAG(s) dict_keys(['example_branch_labels']) retrieved from /home/airflow/.local/lib/python3.7/site-packages/airflow/example_dags/example_branch_labels.py
[2022-03-16 00:14:05,511] {logging_mixin.py:109} INFO - [2022-03-16 00:14:05,511] {dag.py:2398} INFO - Sync 1 DAGs
[2022-03-16 00:14:05,523] {logging_mixin.py:109} INFO - [2022-03-16 00:14:05,523] {dag.py:2937} INFO - Setting next_dagrun for example_branch_labels to 2022-03-16T00:00:00+00:00
[2022-03-16 00:14:06,463] {processor.py:171} INFO - Processing /home/airflow/.local/lib/python3.7/site-packages/airflow/example_dags/example_branch_labels.py took 0.982 seconds
[2022-03-16 00:14:37,310] {processor.py:163} INFO - Started process (PID=3900) to work on /home/airflow/.local/lib/python3.7/site-packages/airflow/example_dags/example_branch_labels.py
[2022-03-16 00:14:37,311] {processor.py:642} INFO - Processing file /home/airflow/.local/lib/python3.7/site-packages/airflow/example_dags/example_branch_labels.py for tasks to queue
[2022-03-16 00:14:37,311] {logging_mixin.py:109} INFO - [2022-03-16 00:14:37,311] {dagbag.py:500} INFO - Filling up the DagBag from /home/airflow/.local/lib/python3.7/site-packages/airflow/example_dags/example_branch_labels.py
[2022-03-16 00:14:37,329] {processor.py:654} INFO - DAG(s) dict_keys(['example_branch_labels']) retrieved from /home/airflow/.local/lib/python3.7/site-packages/airflow/example_dags/example_branch_labels.py
[2022-03-16 00:14:37,336] {logging_mixin.py:109} INFO - [2022-03-16 00:14:37,336] {dag.py:2398} INFO - Sync 1 DAGs
[2022-03-16 00:14:37,349] {logging_mixin.py:109} INFO - [2022-03-16 00:14:37,349] {dag.py:2937} INFO - Setting next_dagrun for example_branch_labels to 2022-03-16T00:00:00+00:00
[2022-03-16 00:14:37,397] {processor.py:171} INFO - Processing /home/airflow/.local/lib/python3.7/site-packages/airflow/example_dags/example_branch_labels.py took 0.089 seconds
[2022-03-16 00:15:07,686] {processor.py:163} INFO - Started process (PID=3960) to work on /home/airflow/.local/lib/python3.7/site-packages/airflow/example_dags/example_branch_labels.py
[2022-03-16 00:15:07,687] {processor.py:642} INFO - Processing file /home/airflow/.local/lib/python3.7/site-packages/airflow/example_dags/example_branch_labels.py for tasks to queue
[2022-03-16 00:15:07,687] {logging_mixin.py:109} INFO - [2022-03-16 00:15:07,687] {dagbag.py:500} INFO - Filling up the DagBag from /home/airflow/.local/lib/python3.7/site-packages/airflow/example_dags/example_branch_labels.py
[2022-03-16 00:15:07,706] {processor.py:654} INFO - DAG(s) dict_keys(['example_branch_labels']) retrieved from /home/airflow/.local/lib/python3.7/site-packages/airflow/example_dags/example_branch_labels.py
[2022-03-16 00:15:07,713] {logging_mixin.py:109} INFO - [2022-03-16 00:15:07,712] {dag.py:2398} INFO - Sync 1 DAGs
[2022-03-16 00:15:07,726] {logging_mixin.py:109} INFO - [2022-03-16 00:15:07,726] {dag.py:2937} INFO - Setting next_dagrun for example_branch_labels to 2022-03-16T00:00:00+00:00
[2022-03-16 00:15:07,788] {processor.py:171} INFO - Processing /home/airflow/.local/lib/python3.7/site-packages/airflow/example_dags/example_branch_labels.py took 0.104 seconds
[2022-03-16 00:15:38,319] {processor.py:163} INFO - Started process (PID=4020) to work on /home/airflow/.local/lib/python3.7/site-packages/airflow/example_dags/example_branch_labels.py
[2022-03-16 00:15:38,333] {processor.py:642} INFO - Processing file /home/airflow/.local/lib/python3.7/site-packages/airflow/example_dags/example_branch_labels.py for tasks to queue
[2022-03-16 00:15:38,334] {logging_mixin.py:109} INFO - [2022-03-16 00:15:38,333] {dagbag.py:500} INFO - Filling up the DagBag from /home/airflow/.local/lib/python3.7/site-packages/airflow/example_dags/example_branch_labels.py
[2022-03-16 00:15:38,353] {processor.py:654} INFO - DAG(s) dict_keys(['example_branch_labels']) retrieved from /home/airflow/.local/lib/python3.7/site-packages/airflow/example_dags/example_branch_labels.py
[2022-03-16 00:15:38,360] {logging_mixin.py:109} INFO - [2022-03-16 00:15:38,360] {dag.py:2398} INFO - Sync 1 DAGs
[2022-03-16 00:15:38,373] {logging_mixin.py:109} INFO - [2022-03-16 00:15:38,373] {dag.py:2937} INFO - Setting next_dagrun for example_branch_labels to 2022-03-16T00:00:00+00:00
[2022-03-16 00:15:38,427] {processor.py:171} INFO - Processing /home/airflow/.local/lib/python3.7/site-packages/airflow/example_dags/example_branch_labels.py took 0.110 seconds
[2022-03-16 00:16:08,854] {processor.py:163} INFO - Started process (PID=4071) to work on /home/airflow/.local/lib/python3.7/site-packages/airflow/example_dags/example_branch_labels.py
[2022-03-16 00:16:09,028] {processor.py:642} INFO - Processing file /home/airflow/.local/lib/python3.7/site-packages/airflow/example_dags/example_branch_labels.py for tasks to queue
[2022-03-16 00:16:09,028] {logging_mixin.py:109} INFO - [2022-03-16 00:16:09,028] {dagbag.py:500} INFO - Filling up the DagBag from /home/airflow/.local/lib/python3.7/site-packages/airflow/example_dags/example_branch_labels.py
[2022-03-16 00:16:09,049] {processor.py:654} INFO - DAG(s) dict_keys(['example_branch_labels']) retrieved from /home/airflow/.local/lib/python3.7/site-packages/airflow/example_dags/example_branch_labels.py
[2022-03-16 00:16:09,057] {logging_mixin.py:109} INFO - [2022-03-16 00:16:09,057] {dag.py:2398} INFO - Sync 1 DAGs
[2022-03-16 00:16:09,078] {logging_mixin.py:109} INFO - [2022-03-16 00:16:09,077] {dag.py:2937} INFO - Setting next_dagrun for example_branch_labels to 2022-03-16T00:00:00+00:00
[2022-03-16 00:16:09,119] {processor.py:171} INFO - Processing /home/airflow/.local/lib/python3.7/site-packages/airflow/example_dags/example_branch_labels.py took 0.268 seconds
[2022-03-16 00:16:39,721] {processor.py:163} INFO - Started process (PID=4141) to work on /home/airflow/.local/lib/python3.7/site-packages/airflow/example_dags/example_branch_labels.py
[2022-03-16 00:16:39,824] {processor.py:642} INFO - Processing file /home/airflow/.local/lib/python3.7/site-packages/airflow/example_dags/example_branch_labels.py for tasks to queue
[2022-03-16 00:16:39,825] {logging_mixin.py:109} INFO - [2022-03-16 00:16:39,825] {dagbag.py:500} INFO - Filling up the DagBag from /home/airflow/.local/lib/python3.7/site-packages/airflow/example_dags/example_branch_labels.py
[2022-03-16 00:16:39,919] {processor.py:654} INFO - DAG(s) dict_keys(['example_branch_labels']) retrieved from /home/airflow/.local/lib/python3.7/site-packages/airflow/example_dags/example_branch_labels.py
[2022-03-16 00:16:39,928] {logging_mixin.py:109} INFO - [2022-03-16 00:16:39,928] {dag.py:2398} INFO - Sync 1 DAGs
[2022-03-16 00:16:39,959] {logging_mixin.py:109} INFO - [2022-03-16 00:16:39,959] {dag.py:2937} INFO - Setting next_dagrun for example_branch_labels to 2022-03-16T00:00:00+00:00
[2022-03-16 00:16:40,033] {processor.py:171} INFO - Processing /home/airflow/.local/lib/python3.7/site-packages/airflow/example_dags/example_branch_labels.py took 0.315 seconds
[2022-03-16 00:17:10,346] {processor.py:163} INFO - Started process (PID=4200) to work on /home/airflow/.local/lib/python3.7/site-packages/airflow/example_dags/example_branch_labels.py
[2022-03-16 00:17:10,352] {processor.py:642} INFO - Processing file /home/airflow/.local/lib/python3.7/site-packages/airflow/example_dags/example_branch_labels.py for tasks to queue
[2022-03-16 00:17:10,353] {logging_mixin.py:109} INFO - [2022-03-16 00:17:10,353] {dagbag.py:500} INFO - Filling up the DagBag from /home/airflow/.local/lib/python3.7/site-packages/airflow/example_dags/example_branch_labels.py
[2022-03-16 00:17:10,371] {processor.py:654} INFO - DAG(s) dict_keys(['example_branch_labels']) retrieved from /home/airflow/.local/lib/python3.7/site-packages/airflow/example_dags/example_branch_labels.py
[2022-03-16 00:17:10,378] {logging_mixin.py:109} INFO - [2022-03-16 00:17:10,378] {dag.py:2398} INFO - Sync 1 DAGs
[2022-03-16 00:17:10,391] {logging_mixin.py:109} INFO - [2022-03-16 00:17:10,391] {dag.py:2937} INFO - Setting next_dagrun for example_branch_labels to 2022-03-16T00:00:00+00:00
[2022-03-16 00:17:10,450] {processor.py:171} INFO - Processing /home/airflow/.local/lib/python3.7/site-packages/airflow/example_dags/example_branch_labels.py took 0.106 seconds
[2022-03-16 00:17:42,265] {processor.py:163} INFO - Started process (PID=4259) to work on /home/airflow/.local/lib/python3.7/site-packages/airflow/example_dags/example_branch_labels.py
[2022-03-16 00:17:42,276] {processor.py:642} INFO - Processing file /home/airflow/.local/lib/python3.7/site-packages/airflow/example_dags/example_branch_labels.py for tasks to queue
[2022-03-16 00:17:42,277] {logging_mixin.py:109} INFO - [2022-03-16 00:17:42,277] {dagbag.py:500} INFO - Filling up the DagBag from /home/airflow/.local/lib/python3.7/site-packages/airflow/example_dags/example_branch_labels.py
[2022-03-16 00:17:42,300] {processor.py:654} INFO - DAG(s) dict_keys(['example_branch_labels']) retrieved from /home/airflow/.local/lib/python3.7/site-packages/airflow/example_dags/example_branch_labels.py
[2022-03-16 00:17:42,307] {logging_mixin.py:109} INFO - [2022-03-16 00:17:42,307] {dag.py:2398} INFO - Sync 1 DAGs
[2022-03-16 00:17:42,323] {logging_mixin.py:109} INFO - [2022-03-16 00:17:42,323] {dag.py:2937} INFO - Setting next_dagrun for example_branch_labels to 2022-03-16T00:00:00+00:00
[2022-03-16 00:17:42,390] {processor.py:171} INFO - Processing /home/airflow/.local/lib/python3.7/site-packages/airflow/example_dags/example_branch_labels.py took 0.127 seconds
[2022-03-16 00:18:13,775] {processor.py:163} INFO - Started process (PID=4314) to work on /home/airflow/.local/lib/python3.7/site-packages/airflow/example_dags/example_branch_labels.py
[2022-03-16 00:18:13,797] {processor.py:642} INFO - Processing file /home/airflow/.local/lib/python3.7/site-packages/airflow/example_dags/example_branch_labels.py for tasks to queue
[2022-03-16 00:18:13,798] {logging_mixin.py:109} INFO - [2022-03-16 00:18:13,798] {dagbag.py:500} INFO - Filling up the DagBag from /home/airflow/.local/lib/python3.7/site-packages/airflow/example_dags/example_branch_labels.py
[2022-03-16 00:18:13,846] {processor.py:654} INFO - DAG(s) dict_keys(['example_branch_labels']) retrieved from /home/airflow/.local/lib/python3.7/site-packages/airflow/example_dags/example_branch_labels.py
[2022-03-16 00:18:13,858] {logging_mixin.py:109} INFO - [2022-03-16 00:18:13,858] {dag.py:2398} INFO - Sync 1 DAGs
[2022-03-16 00:18:13,876] {logging_mixin.py:109} INFO - [2022-03-16 00:18:13,876] {dag.py:2937} INFO - Setting next_dagrun for example_branch_labels to 2022-03-16T00:00:00+00:00
[2022-03-16 00:18:13,957] {processor.py:171} INFO - Processing /home/airflow/.local/lib/python3.7/site-packages/airflow/example_dags/example_branch_labels.py took 0.189 seconds
[2022-03-16 00:18:44,087] {processor.py:163} INFO - Started process (PID=4387) to work on /home/airflow/.local/lib/python3.7/site-packages/airflow/example_dags/example_branch_labels.py
[2022-03-16 00:18:44,092] {processor.py:642} INFO - Processing file /home/airflow/.local/lib/python3.7/site-packages/airflow/example_dags/example_branch_labels.py for tasks to queue
[2022-03-16 00:18:44,093] {logging_mixin.py:109} INFO - [2022-03-16 00:18:44,092] {dagbag.py:500} INFO - Filling up the DagBag from /home/airflow/.local/lib/python3.7/site-packages/airflow/example_dags/example_branch_labels.py
[2022-03-16 00:18:44,119] {processor.py:654} INFO - DAG(s) dict_keys(['example_branch_labels']) retrieved from /home/airflow/.local/lib/python3.7/site-packages/airflow/example_dags/example_branch_labels.py
[2022-03-16 00:18:44,129] {logging_mixin.py:109} INFO - [2022-03-16 00:18:44,129] {dag.py:2398} INFO - Sync 1 DAGs
[2022-03-16 00:18:44,144] {logging_mixin.py:109} INFO - [2022-03-16 00:18:44,144] {dag.py:2937} INFO - Setting next_dagrun for example_branch_labels to 2022-03-16T00:00:00+00:00
[2022-03-16 00:18:44,181] {processor.py:171} INFO - Processing /home/airflow/.local/lib/python3.7/site-packages/airflow/example_dags/example_branch_labels.py took 0.097 seconds
[2022-03-16 00:19:15,070] {processor.py:163} INFO - Started process (PID=4445) to work on /home/airflow/.local/lib/python3.7/site-packages/airflow/example_dags/example_branch_labels.py
[2022-03-16 00:19:15,091] {processor.py:642} INFO - Processing file /home/airflow/.local/lib/python3.7/site-packages/airflow/example_dags/example_branch_labels.py for tasks to queue
[2022-03-16 00:19:15,091] {logging_mixin.py:109} INFO - [2022-03-16 00:19:15,091] {dagbag.py:500} INFO - Filling up the DagBag from /home/airflow/.local/lib/python3.7/site-packages/airflow/example_dags/example_branch_labels.py
[2022-03-16 00:19:15,110] {processor.py:654} INFO - DAG(s) dict_keys(['example_branch_labels']) retrieved from /home/airflow/.local/lib/python3.7/site-packages/airflow/example_dags/example_branch_labels.py
[2022-03-16 00:19:15,116] {logging_mixin.py:109} INFO - [2022-03-16 00:19:15,116] {dag.py:2398} INFO - Sync 1 DAGs
[2022-03-16 00:19:15,128] {logging_mixin.py:109} INFO - [2022-03-16 00:19:15,128] {dag.py:2937} INFO - Setting next_dagrun for example_branch_labels to 2022-03-16T00:00:00+00:00
[2022-03-16 00:19:15,255] {processor.py:171} INFO - Processing /home/airflow/.local/lib/python3.7/site-packages/airflow/example_dags/example_branch_labels.py took 0.187 seconds
[2022-03-16 00:19:46,324] {processor.py:163} INFO - Started process (PID=4501) to work on /home/airflow/.local/lib/python3.7/site-packages/airflow/example_dags/example_branch_labels.py
[2022-03-16 00:19:46,335] {processor.py:642} INFO - Processing file /home/airflow/.local/lib/python3.7/site-packages/airflow/example_dags/example_branch_labels.py for tasks to queue
[2022-03-16 00:19:46,335] {logging_mixin.py:109} INFO - [2022-03-16 00:19:46,335] {dagbag.py:500} INFO - Filling up the DagBag from /home/airflow/.local/lib/python3.7/site-packages/airflow/example_dags/example_branch_labels.py
[2022-03-16 00:19:46,367] {processor.py:654} INFO - DAG(s) dict_keys(['example_branch_labels']) retrieved from /home/airflow/.local/lib/python3.7/site-packages/airflow/example_dags/example_branch_labels.py
[2022-03-16 00:19:46,377] {logging_mixin.py:109} INFO - [2022-03-16 00:19:46,377] {dag.py:2398} INFO - Sync 1 DAGs
[2022-03-16 00:19:46,395] {logging_mixin.py:109} INFO - [2022-03-16 00:19:46,395] {dag.py:2937} INFO - Setting next_dagrun for example_branch_labels to 2022-03-16T00:00:00+00:00
[2022-03-16 00:19:46,446] {processor.py:171} INFO - Processing /home/airflow/.local/lib/python3.7/site-packages/airflow/example_dags/example_branch_labels.py took 0.124 seconds
[2022-03-16 00:20:17,257] {processor.py:163} INFO - Started process (PID=4561) to work on /home/airflow/.local/lib/python3.7/site-packages/airflow/example_dags/example_branch_labels.py
[2022-03-16 00:20:17,258] {processor.py:642} INFO - Processing file /home/airflow/.local/lib/python3.7/site-packages/airflow/example_dags/example_branch_labels.py for tasks to queue
[2022-03-16 00:20:17,258] {logging_mixin.py:109} INFO - [2022-03-16 00:20:17,258] {dagbag.py:500} INFO - Filling up the DagBag from /home/airflow/.local/lib/python3.7/site-packages/airflow/example_dags/example_branch_labels.py
[2022-03-16 00:20:17,280] {processor.py:654} INFO - DAG(s) dict_keys(['example_branch_labels']) retrieved from /home/airflow/.local/lib/python3.7/site-packages/airflow/example_dags/example_branch_labels.py
[2022-03-16 00:20:17,288] {logging_mixin.py:109} INFO - [2022-03-16 00:20:17,288] {dag.py:2398} INFO - Sync 1 DAGs
[2022-03-16 00:20:17,301] {logging_mixin.py:109} INFO - [2022-03-16 00:20:17,301] {dag.py:2937} INFO - Setting next_dagrun for example_branch_labels to 2022-03-16T00:00:00+00:00
[2022-03-16 00:20:17,356] {processor.py:171} INFO - Processing /home/airflow/.local/lib/python3.7/site-packages/airflow/example_dags/example_branch_labels.py took 0.101 seconds
[2022-03-16 00:20:49,222] {processor.py:163} INFO - Started process (PID=4627) to work on /home/airflow/.local/lib/python3.7/site-packages/airflow/example_dags/example_branch_labels.py
[2022-03-16 00:20:49,226] {processor.py:642} INFO - Processing file /home/airflow/.local/lib/python3.7/site-packages/airflow/example_dags/example_branch_labels.py for tasks to queue
[2022-03-16 00:20:49,226] {logging_mixin.py:109} INFO - [2022-03-16 00:20:49,226] {dagbag.py:500} INFO - Filling up the DagBag from /home/airflow/.local/lib/python3.7/site-packages/airflow/example_dags/example_branch_labels.py
[2022-03-16 00:20:49,244] {processor.py:654} INFO - DAG(s) dict_keys(['example_branch_labels']) retrieved from /home/airflow/.local/lib/python3.7/site-packages/airflow/example_dags/example_branch_labels.py
[2022-03-16 00:20:49,251] {logging_mixin.py:109} INFO - [2022-03-16 00:20:49,251] {dag.py:2398} INFO - Sync 1 DAGs
[2022-03-16 00:20:49,263] {logging_mixin.py:109} INFO - [2022-03-16 00:20:49,263] {dag.py:2937} INFO - Setting next_dagrun for example_branch_labels to 2022-03-16T00:00:00+00:00
[2022-03-16 00:20:49,303] {processor.py:171} INFO - Processing /home/airflow/.local/lib/python3.7/site-packages/airflow/example_dags/example_branch_labels.py took 0.083 seconds
[2022-03-16 00:21:19,572] {processor.py:163} INFO - Started process (PID=4691) to work on /home/airflow/.local/lib/python3.7/site-packages/airflow/example_dags/example_branch_labels.py
[2022-03-16 00:21:19,624] {processor.py:642} INFO - Processing file /home/airflow/.local/lib/python3.7/site-packages/airflow/example_dags/example_branch_labels.py for tasks to queue
[2022-03-16 00:21:19,624] {logging_mixin.py:109} INFO - [2022-03-16 00:21:19,624] {dagbag.py:500} INFO - Filling up the DagBag from /home/airflow/.local/lib/python3.7/site-packages/airflow/example_dags/example_branch_labels.py
[2022-03-16 00:21:19,642] {processor.py:654} INFO - DAG(s) dict_keys(['example_branch_labels']) retrieved from /home/airflow/.local/lib/python3.7/site-packages/airflow/example_dags/example_branch_labels.py
[2022-03-16 00:21:19,648] {logging_mixin.py:109} INFO - [2022-03-16 00:21:19,648] {dag.py:2398} INFO - Sync 1 DAGs
[2022-03-16 00:21:19,659] {logging_mixin.py:109} INFO - [2022-03-16 00:21:19,659] {dag.py:2937} INFO - Setting next_dagrun for example_branch_labels to 2022-03-16T00:00:00+00:00
[2022-03-16 00:21:20,728] {processor.py:171} INFO - Processing /home/airflow/.local/lib/python3.7/site-packages/airflow/example_dags/example_branch_labels.py took 1.160 seconds
