[2022-03-16 00:00:28,125] {processor.py:163} INFO - Started process (PID=2249) to work on /home/airflow/.local/lib/python3.7/site-packages/airflow/example_dags/example_task_group_decorator.py
[2022-03-16 00:00:28,126] {processor.py:642} INFO - Processing file /home/airflow/.local/lib/python3.7/site-packages/airflow/example_dags/example_task_group_decorator.py for tasks to queue
[2022-03-16 00:00:28,127] {logging_mixin.py:109} INFO - [2022-03-16 00:00:28,127] {dagbag.py:500} INFO - Filling up the DagBag from /home/airflow/.local/lib/python3.7/site-packages/airflow/example_dags/example_task_group_decorator.py
[2022-03-16 00:00:28,160] {processor.py:654} INFO - DAG(s) dict_keys(['example_task_group_decorator']) retrieved from /home/airflow/.local/lib/python3.7/site-packages/airflow/example_dags/example_task_group_decorator.py
[2022-03-16 00:00:28,314] {logging_mixin.py:109} INFO - [2022-03-16 00:00:28,314] {dag.py:2398} INFO - Sync 1 DAGs
[2022-03-16 00:00:28,326] {logging_mixin.py:109} INFO - [2022-03-16 00:00:28,326] {dag.py:2937} INFO - Setting next_dagrun for example_task_group_decorator to 2022-03-15T00:00:28.326395+00:00
[2022-03-16 00:00:28,389] {processor.py:171} INFO - Processing /home/airflow/.local/lib/python3.7/site-packages/airflow/example_dags/example_task_group_decorator.py took 0.266 seconds
[2022-03-16 00:01:00,220] {processor.py:163} INFO - Started process (PID=2319) to work on /home/airflow/.local/lib/python3.7/site-packages/airflow/example_dags/example_task_group_decorator.py
[2022-03-16 00:01:00,220] {processor.py:642} INFO - Processing file /home/airflow/.local/lib/python3.7/site-packages/airflow/example_dags/example_task_group_decorator.py for tasks to queue
[2022-03-16 00:01:00,221] {logging_mixin.py:109} INFO - [2022-03-16 00:01:00,221] {dagbag.py:500} INFO - Filling up the DagBag from /home/airflow/.local/lib/python3.7/site-packages/airflow/example_dags/example_task_group_decorator.py
[2022-03-16 00:01:00,252] {processor.py:654} INFO - DAG(s) dict_keys(['example_task_group_decorator']) retrieved from /home/airflow/.local/lib/python3.7/site-packages/airflow/example_dags/example_task_group_decorator.py
[2022-03-16 00:01:00,415] {logging_mixin.py:109} INFO - [2022-03-16 00:01:00,415] {dag.py:2398} INFO - Sync 1 DAGs
[2022-03-16 00:01:00,433] {logging_mixin.py:109} INFO - [2022-03-16 00:01:00,433] {dag.py:2937} INFO - Setting next_dagrun for example_task_group_decorator to 2022-03-15T00:01:00.432969+00:00
[2022-03-16 00:01:00,540] {processor.py:171} INFO - Processing /home/airflow/.local/lib/python3.7/site-packages/airflow/example_dags/example_task_group_decorator.py took 0.322 seconds
[2022-03-16 00:01:30,594] {processor.py:163} INFO - Started process (PID=2369) to work on /home/airflow/.local/lib/python3.7/site-packages/airflow/example_dags/example_task_group_decorator.py
[2022-03-16 00:01:30,595] {processor.py:642} INFO - Processing file /home/airflow/.local/lib/python3.7/site-packages/airflow/example_dags/example_task_group_decorator.py for tasks to queue
[2022-03-16 00:01:30,595] {logging_mixin.py:109} INFO - [2022-03-16 00:01:30,595] {dagbag.py:500} INFO - Filling up the DagBag from /home/airflow/.local/lib/python3.7/site-packages/airflow/example_dags/example_task_group_decorator.py
[2022-03-16 00:01:30,622] {processor.py:654} INFO - DAG(s) dict_keys(['example_task_group_decorator']) retrieved from /home/airflow/.local/lib/python3.7/site-packages/airflow/example_dags/example_task_group_decorator.py
[2022-03-16 00:01:30,756] {logging_mixin.py:109} INFO - [2022-03-16 00:01:30,755] {dag.py:2398} INFO - Sync 1 DAGs
[2022-03-16 00:01:30,766] {logging_mixin.py:109} INFO - [2022-03-16 00:01:30,766] {dag.py:2937} INFO - Setting next_dagrun for example_task_group_decorator to 2022-03-15T00:01:30.766411+00:00
[2022-03-16 00:01:31,542] {processor.py:171} INFO - Processing /home/airflow/.local/lib/python3.7/site-packages/airflow/example_dags/example_task_group_decorator.py took 0.950 seconds
[2022-03-16 00:02:01,849] {processor.py:163} INFO - Started process (PID=2421) to work on /home/airflow/.local/lib/python3.7/site-packages/airflow/example_dags/example_task_group_decorator.py
[2022-03-16 00:02:01,850] {processor.py:642} INFO - Processing file /home/airflow/.local/lib/python3.7/site-packages/airflow/example_dags/example_task_group_decorator.py for tasks to queue
[2022-03-16 00:02:01,851] {logging_mixin.py:109} INFO - [2022-03-16 00:02:01,851] {dagbag.py:500} INFO - Filling up the DagBag from /home/airflow/.local/lib/python3.7/site-packages/airflow/example_dags/example_task_group_decorator.py
[2022-03-16 00:02:01,883] {processor.py:654} INFO - DAG(s) dict_keys(['example_task_group_decorator']) retrieved from /home/airflow/.local/lib/python3.7/site-packages/airflow/example_dags/example_task_group_decorator.py
[2022-03-16 00:02:02,039] {logging_mixin.py:109} INFO - [2022-03-16 00:02:02,039] {dag.py:2398} INFO - Sync 1 DAGs
[2022-03-16 00:02:02,052] {logging_mixin.py:109} INFO - [2022-03-16 00:02:02,052] {dag.py:2937} INFO - Setting next_dagrun for example_task_group_decorator to 2022-03-15T00:02:02.051922+00:00
[2022-03-16 00:02:02,123] {processor.py:171} INFO - Processing /home/airflow/.local/lib/python3.7/site-packages/airflow/example_dags/example_task_group_decorator.py took 0.277 seconds
[2022-03-16 00:02:33,635] {processor.py:163} INFO - Started process (PID=2494) to work on /home/airflow/.local/lib/python3.7/site-packages/airflow/example_dags/example_task_group_decorator.py
[2022-03-16 00:02:33,635] {processor.py:642} INFO - Processing file /home/airflow/.local/lib/python3.7/site-packages/airflow/example_dags/example_task_group_decorator.py for tasks to queue
[2022-03-16 00:02:33,636] {logging_mixin.py:109} INFO - [2022-03-16 00:02:33,636] {dagbag.py:500} INFO - Filling up the DagBag from /home/airflow/.local/lib/python3.7/site-packages/airflow/example_dags/example_task_group_decorator.py
[2022-03-16 00:02:33,670] {processor.py:654} INFO - DAG(s) dict_keys(['example_task_group_decorator']) retrieved from /home/airflow/.local/lib/python3.7/site-packages/airflow/example_dags/example_task_group_decorator.py
[2022-03-16 00:02:33,852] {logging_mixin.py:109} INFO - [2022-03-16 00:02:33,852] {dag.py:2398} INFO - Sync 1 DAGs
[2022-03-16 00:02:33,863] {logging_mixin.py:109} INFO - [2022-03-16 00:02:33,863] {dag.py:2937} INFO - Setting next_dagrun for example_task_group_decorator to 2022-03-15T00:02:33.863352+00:00
[2022-03-16 00:02:33,969] {processor.py:171} INFO - Processing /home/airflow/.local/lib/python3.7/site-packages/airflow/example_dags/example_task_group_decorator.py took 0.336 seconds
[2022-03-16 00:03:04,260] {processor.py:163} INFO - Started process (PID=2555) to work on /home/airflow/.local/lib/python3.7/site-packages/airflow/example_dags/example_task_group_decorator.py
[2022-03-16 00:03:04,289] {processor.py:642} INFO - Processing file /home/airflow/.local/lib/python3.7/site-packages/airflow/example_dags/example_task_group_decorator.py for tasks to queue
[2022-03-16 00:03:04,289] {logging_mixin.py:109} INFO - [2022-03-16 00:03:04,289] {dagbag.py:500} INFO - Filling up the DagBag from /home/airflow/.local/lib/python3.7/site-packages/airflow/example_dags/example_task_group_decorator.py
[2022-03-16 00:03:04,317] {processor.py:654} INFO - DAG(s) dict_keys(['example_task_group_decorator']) retrieved from /home/airflow/.local/lib/python3.7/site-packages/airflow/example_dags/example_task_group_decorator.py
[2022-03-16 00:03:04,480] {logging_mixin.py:109} INFO - [2022-03-16 00:03:04,480] {dag.py:2398} INFO - Sync 1 DAGs
[2022-03-16 00:03:04,493] {logging_mixin.py:109} INFO - [2022-03-16 00:03:04,493] {dag.py:2937} INFO - Setting next_dagrun for example_task_group_decorator to 2022-03-15T00:03:04.493222+00:00
[2022-03-16 00:03:04,925] {processor.py:171} INFO - Processing /home/airflow/.local/lib/python3.7/site-packages/airflow/example_dags/example_task_group_decorator.py took 0.668 seconds
[2022-03-16 00:03:35,228] {processor.py:163} INFO - Started process (PID=2614) to work on /home/airflow/.local/lib/python3.7/site-packages/airflow/example_dags/example_task_group_decorator.py
[2022-03-16 00:03:35,281] {processor.py:642} INFO - Processing file /home/airflow/.local/lib/python3.7/site-packages/airflow/example_dags/example_task_group_decorator.py for tasks to queue
[2022-03-16 00:03:35,282] {logging_mixin.py:109} INFO - [2022-03-16 00:03:35,281] {dagbag.py:500} INFO - Filling up the DagBag from /home/airflow/.local/lib/python3.7/site-packages/airflow/example_dags/example_task_group_decorator.py
[2022-03-16 00:03:35,314] {processor.py:654} INFO - DAG(s) dict_keys(['example_task_group_decorator']) retrieved from /home/airflow/.local/lib/python3.7/site-packages/airflow/example_dags/example_task_group_decorator.py
[2022-03-16 00:03:35,550] {logging_mixin.py:109} INFO - [2022-03-16 00:03:35,549] {dag.py:2398} INFO - Sync 1 DAGs
[2022-03-16 00:03:35,562] {logging_mixin.py:109} INFO - [2022-03-16 00:03:35,562] {dag.py:2937} INFO - Setting next_dagrun for example_task_group_decorator to 2022-03-15T00:03:35.562275+00:00
[2022-03-16 00:03:35,602] {processor.py:171} INFO - Processing /home/airflow/.local/lib/python3.7/site-packages/airflow/example_dags/example_task_group_decorator.py took 0.376 seconds
[2022-03-16 00:04:06,382] {processor.py:163} INFO - Started process (PID=2666) to work on /home/airflow/.local/lib/python3.7/site-packages/airflow/example_dags/example_task_group_decorator.py
[2022-03-16 00:04:06,402] {processor.py:642} INFO - Processing file /home/airflow/.local/lib/python3.7/site-packages/airflow/example_dags/example_task_group_decorator.py for tasks to queue
[2022-03-16 00:04:06,403] {logging_mixin.py:109} INFO - [2022-03-16 00:04:06,403] {dagbag.py:500} INFO - Filling up the DagBag from /home/airflow/.local/lib/python3.7/site-packages/airflow/example_dags/example_task_group_decorator.py
[2022-03-16 00:04:06,439] {processor.py:654} INFO - DAG(s) dict_keys(['example_task_group_decorator']) retrieved from /home/airflow/.local/lib/python3.7/site-packages/airflow/example_dags/example_task_group_decorator.py
[2022-03-16 00:04:06,586] {logging_mixin.py:109} INFO - [2022-03-16 00:04:06,586] {dag.py:2398} INFO - Sync 1 DAGs
[2022-03-16 00:04:06,600] {logging_mixin.py:109} INFO - [2022-03-16 00:04:06,600] {dag.py:2937} INFO - Setting next_dagrun for example_task_group_decorator to 2022-03-15T00:04:06.600322+00:00
[2022-03-16 00:04:08,536] {processor.py:171} INFO - Processing /home/airflow/.local/lib/python3.7/site-packages/airflow/example_dags/example_task_group_decorator.py took 2.156 seconds
[2022-03-16 00:04:38,566] {processor.py:163} INFO - Started process (PID=2730) to work on /home/airflow/.local/lib/python3.7/site-packages/airflow/example_dags/example_task_group_decorator.py
[2022-03-16 00:04:38,575] {processor.py:642} INFO - Processing file /home/airflow/.local/lib/python3.7/site-packages/airflow/example_dags/example_task_group_decorator.py for tasks to queue
[2022-03-16 00:04:38,575] {logging_mixin.py:109} INFO - [2022-03-16 00:04:38,575] {dagbag.py:500} INFO - Filling up the DagBag from /home/airflow/.local/lib/python3.7/site-packages/airflow/example_dags/example_task_group_decorator.py
[2022-03-16 00:04:38,602] {processor.py:654} INFO - DAG(s) dict_keys(['example_task_group_decorator']) retrieved from /home/airflow/.local/lib/python3.7/site-packages/airflow/example_dags/example_task_group_decorator.py
[2022-03-16 00:04:38,735] {logging_mixin.py:109} INFO - [2022-03-16 00:04:38,735] {dag.py:2398} INFO - Sync 1 DAGs
[2022-03-16 00:04:38,744] {logging_mixin.py:109} INFO - [2022-03-16 00:04:38,744] {dag.py:2937} INFO - Setting next_dagrun for example_task_group_decorator to 2022-03-15T00:04:38.744472+00:00
[2022-03-16 00:04:38,788] {processor.py:171} INFO - Processing /home/airflow/.local/lib/python3.7/site-packages/airflow/example_dags/example_task_group_decorator.py took 0.224 seconds
[2022-03-16 00:05:09,377] {processor.py:163} INFO - Started process (PID=2798) to work on /home/airflow/.local/lib/python3.7/site-packages/airflow/example_dags/example_task_group_decorator.py
[2022-03-16 00:05:09,395] {processor.py:642} INFO - Processing file /home/airflow/.local/lib/python3.7/site-packages/airflow/example_dags/example_task_group_decorator.py for tasks to queue
[2022-03-16 00:05:09,396] {logging_mixin.py:109} INFO - [2022-03-16 00:05:09,396] {dagbag.py:500} INFO - Filling up the DagBag from /home/airflow/.local/lib/python3.7/site-packages/airflow/example_dags/example_task_group_decorator.py
[2022-03-16 00:05:09,439] {processor.py:654} INFO - DAG(s) dict_keys(['example_task_group_decorator']) retrieved from /home/airflow/.local/lib/python3.7/site-packages/airflow/example_dags/example_task_group_decorator.py
[2022-03-16 00:05:09,666] {logging_mixin.py:109} INFO - [2022-03-16 00:05:09,666] {dag.py:2398} INFO - Sync 1 DAGs
[2022-03-16 00:05:09,683] {logging_mixin.py:109} INFO - [2022-03-16 00:05:09,683] {dag.py:2937} INFO - Setting next_dagrun for example_task_group_decorator to 2022-03-15T00:05:09.683104+00:00
[2022-03-16 00:05:10,599] {processor.py:171} INFO - Processing /home/airflow/.local/lib/python3.7/site-packages/airflow/example_dags/example_task_group_decorator.py took 1.224 seconds
[2022-03-16 00:05:40,680] {processor.py:163} INFO - Started process (PID=2848) to work on /home/airflow/.local/lib/python3.7/site-packages/airflow/example_dags/example_task_group_decorator.py
[2022-03-16 00:05:40,688] {processor.py:642} INFO - Processing file /home/airflow/.local/lib/python3.7/site-packages/airflow/example_dags/example_task_group_decorator.py for tasks to queue
[2022-03-16 00:05:40,688] {logging_mixin.py:109} INFO - [2022-03-16 00:05:40,688] {dagbag.py:500} INFO - Filling up the DagBag from /home/airflow/.local/lib/python3.7/site-packages/airflow/example_dags/example_task_group_decorator.py
[2022-03-16 00:05:40,718] {processor.py:654} INFO - DAG(s) dict_keys(['example_task_group_decorator']) retrieved from /home/airflow/.local/lib/python3.7/site-packages/airflow/example_dags/example_task_group_decorator.py
[2022-03-16 00:05:40,878] {logging_mixin.py:109} INFO - [2022-03-16 00:05:40,878] {dag.py:2398} INFO - Sync 1 DAGs
[2022-03-16 00:05:40,888] {logging_mixin.py:109} INFO - [2022-03-16 00:05:40,887] {dag.py:2937} INFO - Setting next_dagrun for example_task_group_decorator to 2022-03-15T00:05:40.887753+00:00
[2022-03-16 00:05:42,024] {processor.py:171} INFO - Processing /home/airflow/.local/lib/python3.7/site-packages/airflow/example_dags/example_task_group_decorator.py took 1.346 seconds
[2022-03-16 00:06:12,228] {processor.py:163} INFO - Started process (PID=2912) to work on /home/airflow/.local/lib/python3.7/site-packages/airflow/example_dags/example_task_group_decorator.py
[2022-03-16 00:06:12,258] {processor.py:642} INFO - Processing file /home/airflow/.local/lib/python3.7/site-packages/airflow/example_dags/example_task_group_decorator.py for tasks to queue
[2022-03-16 00:06:12,258] {logging_mixin.py:109} INFO - [2022-03-16 00:06:12,258] {dagbag.py:500} INFO - Filling up the DagBag from /home/airflow/.local/lib/python3.7/site-packages/airflow/example_dags/example_task_group_decorator.py
[2022-03-16 00:06:12,287] {processor.py:654} INFO - DAG(s) dict_keys(['example_task_group_decorator']) retrieved from /home/airflow/.local/lib/python3.7/site-packages/airflow/example_dags/example_task_group_decorator.py
[2022-03-16 00:06:12,435] {logging_mixin.py:109} INFO - [2022-03-16 00:06:12,435] {dag.py:2398} INFO - Sync 1 DAGs
[2022-03-16 00:06:12,449] {logging_mixin.py:109} INFO - [2022-03-16 00:06:12,449] {dag.py:2937} INFO - Setting next_dagrun for example_task_group_decorator to 2022-03-15T00:06:12.449528+00:00
[2022-03-16 00:06:12,516] {processor.py:171} INFO - Processing /home/airflow/.local/lib/python3.7/site-packages/airflow/example_dags/example_task_group_decorator.py took 0.290 seconds
[2022-03-16 00:06:42,908] {processor.py:163} INFO - Started process (PID=2978) to work on /home/airflow/.local/lib/python3.7/site-packages/airflow/example_dags/example_task_group_decorator.py
[2022-03-16 00:06:42,920] {processor.py:642} INFO - Processing file /home/airflow/.local/lib/python3.7/site-packages/airflow/example_dags/example_task_group_decorator.py for tasks to queue
[2022-03-16 00:06:42,920] {logging_mixin.py:109} INFO - [2022-03-16 00:06:42,920] {dagbag.py:500} INFO - Filling up the DagBag from /home/airflow/.local/lib/python3.7/site-packages/airflow/example_dags/example_task_group_decorator.py
[2022-03-16 00:06:42,950] {processor.py:654} INFO - DAG(s) dict_keys(['example_task_group_decorator']) retrieved from /home/airflow/.local/lib/python3.7/site-packages/airflow/example_dags/example_task_group_decorator.py
[2022-03-16 00:06:43,092] {logging_mixin.py:109} INFO - [2022-03-16 00:06:43,092] {dag.py:2398} INFO - Sync 1 DAGs
[2022-03-16 00:06:43,103] {logging_mixin.py:109} INFO - [2022-03-16 00:06:43,103] {dag.py:2937} INFO - Setting next_dagrun for example_task_group_decorator to 2022-03-15T00:06:43.102981+00:00
[2022-03-16 00:06:43,195] {processor.py:171} INFO - Processing /home/airflow/.local/lib/python3.7/site-packages/airflow/example_dags/example_task_group_decorator.py took 0.289 seconds
[2022-03-16 00:07:13,472] {processor.py:163} INFO - Started process (PID=3043) to work on /home/airflow/.local/lib/python3.7/site-packages/airflow/example_dags/example_task_group_decorator.py
[2022-03-16 00:07:13,495] {processor.py:642} INFO - Processing file /home/airflow/.local/lib/python3.7/site-packages/airflow/example_dags/example_task_group_decorator.py for tasks to queue
[2022-03-16 00:07:13,495] {logging_mixin.py:109} INFO - [2022-03-16 00:07:13,495] {dagbag.py:500} INFO - Filling up the DagBag from /home/airflow/.local/lib/python3.7/site-packages/airflow/example_dags/example_task_group_decorator.py
[2022-03-16 00:07:13,523] {processor.py:654} INFO - DAG(s) dict_keys(['example_task_group_decorator']) retrieved from /home/airflow/.local/lib/python3.7/site-packages/airflow/example_dags/example_task_group_decorator.py
[2022-03-16 00:07:13,659] {logging_mixin.py:109} INFO - [2022-03-16 00:07:13,659] {dag.py:2398} INFO - Sync 1 DAGs
[2022-03-16 00:07:13,669] {logging_mixin.py:109} INFO - [2022-03-16 00:07:13,669] {dag.py:2937} INFO - Setting next_dagrun for example_task_group_decorator to 2022-03-15T00:07:13.669571+00:00
[2022-03-16 00:07:13,761] {processor.py:171} INFO - Processing /home/airflow/.local/lib/python3.7/site-packages/airflow/example_dags/example_task_group_decorator.py took 0.291 seconds
[2022-03-16 00:07:44,380] {processor.py:163} INFO - Started process (PID=3091) to work on /home/airflow/.local/lib/python3.7/site-packages/airflow/example_dags/example_task_group_decorator.py
[2022-03-16 00:07:44,424] {processor.py:642} INFO - Processing file /home/airflow/.local/lib/python3.7/site-packages/airflow/example_dags/example_task_group_decorator.py for tasks to queue
[2022-03-16 00:07:44,424] {logging_mixin.py:109} INFO - [2022-03-16 00:07:44,424] {dagbag.py:500} INFO - Filling up the DagBag from /home/airflow/.local/lib/python3.7/site-packages/airflow/example_dags/example_task_group_decorator.py
[2022-03-16 00:07:44,457] {processor.py:654} INFO - DAG(s) dict_keys(['example_task_group_decorator']) retrieved from /home/airflow/.local/lib/python3.7/site-packages/airflow/example_dags/example_task_group_decorator.py
[2022-03-16 00:07:44,623] {logging_mixin.py:109} INFO - [2022-03-16 00:07:44,623] {dag.py:2398} INFO - Sync 1 DAGs
[2022-03-16 00:07:44,634] {logging_mixin.py:109} INFO - [2022-03-16 00:07:44,634] {dag.py:2937} INFO - Setting next_dagrun for example_task_group_decorator to 2022-03-15T00:07:44.633986+00:00
[2022-03-16 00:07:46,032] {processor.py:171} INFO - Processing /home/airflow/.local/lib/python3.7/site-packages/airflow/example_dags/example_task_group_decorator.py took 1.654 seconds
[2022-03-16 00:08:16,411] {processor.py:163} INFO - Started process (PID=3156) to work on /home/airflow/.local/lib/python3.7/site-packages/airflow/example_dags/example_task_group_decorator.py
[2022-03-16 00:08:16,429] {processor.py:642} INFO - Processing file /home/airflow/.local/lib/python3.7/site-packages/airflow/example_dags/example_task_group_decorator.py for tasks to queue
[2022-03-16 00:08:16,430] {logging_mixin.py:109} INFO - [2022-03-16 00:08:16,430] {dagbag.py:500} INFO - Filling up the DagBag from /home/airflow/.local/lib/python3.7/site-packages/airflow/example_dags/example_task_group_decorator.py
[2022-03-16 00:08:16,471] {processor.py:654} INFO - DAG(s) dict_keys(['example_task_group_decorator']) retrieved from /home/airflow/.local/lib/python3.7/site-packages/airflow/example_dags/example_task_group_decorator.py
[2022-03-16 00:08:16,629] {logging_mixin.py:109} INFO - [2022-03-16 00:08:16,629] {dag.py:2398} INFO - Sync 1 DAGs
[2022-03-16 00:08:16,640] {logging_mixin.py:109} INFO - [2022-03-16 00:08:16,640] {dag.py:2937} INFO - Setting next_dagrun for example_task_group_decorator to 2022-03-15T00:08:16.640155+00:00
[2022-03-16 00:08:16,680] {processor.py:171} INFO - Processing /home/airflow/.local/lib/python3.7/site-packages/airflow/example_dags/example_task_group_decorator.py took 0.272 seconds
[2022-03-16 00:08:47,379] {processor.py:163} INFO - Started process (PID=3222) to work on /home/airflow/.local/lib/python3.7/site-packages/airflow/example_dags/example_task_group_decorator.py
[2022-03-16 00:08:47,422] {processor.py:642} INFO - Processing file /home/airflow/.local/lib/python3.7/site-packages/airflow/example_dags/example_task_group_decorator.py for tasks to queue
[2022-03-16 00:08:47,422] {logging_mixin.py:109} INFO - [2022-03-16 00:08:47,422] {dagbag.py:500} INFO - Filling up the DagBag from /home/airflow/.local/lib/python3.7/site-packages/airflow/example_dags/example_task_group_decorator.py
[2022-03-16 00:08:47,466] {processor.py:654} INFO - DAG(s) dict_keys(['example_task_group_decorator']) retrieved from /home/airflow/.local/lib/python3.7/site-packages/airflow/example_dags/example_task_group_decorator.py
[2022-03-16 00:08:47,623] {logging_mixin.py:109} INFO - [2022-03-16 00:08:47,623] {dag.py:2398} INFO - Sync 1 DAGs
[2022-03-16 00:08:47,634] {logging_mixin.py:109} INFO - [2022-03-16 00:08:47,633] {dag.py:2937} INFO - Setting next_dagrun for example_task_group_decorator to 2022-03-15T00:08:47.633801+00:00
[2022-03-16 00:08:47,676] {processor.py:171} INFO - Processing /home/airflow/.local/lib/python3.7/site-packages/airflow/example_dags/example_task_group_decorator.py took 0.299 seconds
[2022-03-16 00:09:18,465] {processor.py:163} INFO - Started process (PID=3286) to work on /home/airflow/.local/lib/python3.7/site-packages/airflow/example_dags/example_task_group_decorator.py
[2022-03-16 00:09:18,466] {processor.py:642} INFO - Processing file /home/airflow/.local/lib/python3.7/site-packages/airflow/example_dags/example_task_group_decorator.py for tasks to queue
[2022-03-16 00:09:18,467] {logging_mixin.py:109} INFO - [2022-03-16 00:09:18,466] {dagbag.py:500} INFO - Filling up the DagBag from /home/airflow/.local/lib/python3.7/site-packages/airflow/example_dags/example_task_group_decorator.py
[2022-03-16 00:09:18,505] {processor.py:654} INFO - DAG(s) dict_keys(['example_task_group_decorator']) retrieved from /home/airflow/.local/lib/python3.7/site-packages/airflow/example_dags/example_task_group_decorator.py
[2022-03-16 00:09:18,649] {logging_mixin.py:109} INFO - [2022-03-16 00:09:18,649] {dag.py:2398} INFO - Sync 1 DAGs
[2022-03-16 00:09:18,660] {logging_mixin.py:109} INFO - [2022-03-16 00:09:18,660] {dag.py:2937} INFO - Setting next_dagrun for example_task_group_decorator to 2022-03-15T00:09:18.659843+00:00
[2022-03-16 00:09:20,056] {processor.py:171} INFO - Processing /home/airflow/.local/lib/python3.7/site-packages/airflow/example_dags/example_task_group_decorator.py took 1.593 seconds
[2022-03-16 00:09:50,154] {processor.py:163} INFO - Started process (PID=3337) to work on /home/airflow/.local/lib/python3.7/site-packages/airflow/example_dags/example_task_group_decorator.py
[2022-03-16 00:09:50,156] {processor.py:642} INFO - Processing file /home/airflow/.local/lib/python3.7/site-packages/airflow/example_dags/example_task_group_decorator.py for tasks to queue
[2022-03-16 00:09:50,157] {logging_mixin.py:109} INFO - [2022-03-16 00:09:50,157] {dagbag.py:500} INFO - Filling up the DagBag from /home/airflow/.local/lib/python3.7/site-packages/airflow/example_dags/example_task_group_decorator.py
[2022-03-16 00:09:50,208] {processor.py:654} INFO - DAG(s) dict_keys(['example_task_group_decorator']) retrieved from /home/airflow/.local/lib/python3.7/site-packages/airflow/example_dags/example_task_group_decorator.py
[2022-03-16 00:09:50,345] {logging_mixin.py:109} INFO - [2022-03-16 00:09:50,345] {dag.py:2398} INFO - Sync 1 DAGs
[2022-03-16 00:09:50,355] {logging_mixin.py:109} INFO - [2022-03-16 00:09:50,355] {dag.py:2937} INFO - Setting next_dagrun for example_task_group_decorator to 2022-03-15T00:09:50.355730+00:00
[2022-03-16 00:09:50,400] {processor.py:171} INFO - Processing /home/airflow/.local/lib/python3.7/site-packages/airflow/example_dags/example_task_group_decorator.py took 0.251 seconds
[2022-03-16 00:10:20,676] {processor.py:163} INFO - Started process (PID=3394) to work on /home/airflow/.local/lib/python3.7/site-packages/airflow/example_dags/example_task_group_decorator.py
[2022-03-16 00:10:20,679] {processor.py:642} INFO - Processing file /home/airflow/.local/lib/python3.7/site-packages/airflow/example_dags/example_task_group_decorator.py for tasks to queue
[2022-03-16 00:10:20,680] {logging_mixin.py:109} INFO - [2022-03-16 00:10:20,680] {dagbag.py:500} INFO - Filling up the DagBag from /home/airflow/.local/lib/python3.7/site-packages/airflow/example_dags/example_task_group_decorator.py
[2022-03-16 00:10:20,730] {processor.py:654} INFO - DAG(s) dict_keys(['example_task_group_decorator']) retrieved from /home/airflow/.local/lib/python3.7/site-packages/airflow/example_dags/example_task_group_decorator.py
[2022-03-16 00:10:20,866] {logging_mixin.py:109} INFO - [2022-03-16 00:10:20,866] {dag.py:2398} INFO - Sync 1 DAGs
[2022-03-16 00:10:20,876] {logging_mixin.py:109} INFO - [2022-03-16 00:10:20,876] {dag.py:2937} INFO - Setting next_dagrun for example_task_group_decorator to 2022-03-15T00:10:20.876129+00:00
[2022-03-16 00:10:22,031] {processor.py:171} INFO - Processing /home/airflow/.local/lib/python3.7/site-packages/airflow/example_dags/example_task_group_decorator.py took 1.362 seconds
[2022-03-16 00:10:52,173] {processor.py:163} INFO - Started process (PID=3469) to work on /home/airflow/.local/lib/python3.7/site-packages/airflow/example_dags/example_task_group_decorator.py
[2022-03-16 00:10:52,182] {processor.py:642} INFO - Processing file /home/airflow/.local/lib/python3.7/site-packages/airflow/example_dags/example_task_group_decorator.py for tasks to queue
[2022-03-16 00:10:52,183] {logging_mixin.py:109} INFO - [2022-03-16 00:10:52,183] {dagbag.py:500} INFO - Filling up the DagBag from /home/airflow/.local/lib/python3.7/site-packages/airflow/example_dags/example_task_group_decorator.py
[2022-03-16 00:10:52,234] {processor.py:654} INFO - DAG(s) dict_keys(['example_task_group_decorator']) retrieved from /home/airflow/.local/lib/python3.7/site-packages/airflow/example_dags/example_task_group_decorator.py
[2022-03-16 00:10:52,366] {logging_mixin.py:109} INFO - [2022-03-16 00:10:52,366] {dag.py:2398} INFO - Sync 1 DAGs
[2022-03-16 00:10:52,376] {logging_mixin.py:109} INFO - [2022-03-16 00:10:52,376] {dag.py:2937} INFO - Setting next_dagrun for example_task_group_decorator to 2022-03-15T00:10:52.376240+00:00
[2022-03-16 00:10:52,423] {processor.py:171} INFO - Processing /home/airflow/.local/lib/python3.7/site-packages/airflow/example_dags/example_task_group_decorator.py took 0.252 seconds
[2022-03-16 00:11:22,539] {processor.py:163} INFO - Started process (PID=3522) to work on /home/airflow/.local/lib/python3.7/site-packages/airflow/example_dags/example_task_group_decorator.py
[2022-03-16 00:11:22,544] {processor.py:642} INFO - Processing file /home/airflow/.local/lib/python3.7/site-packages/airflow/example_dags/example_task_group_decorator.py for tasks to queue
[2022-03-16 00:11:22,544] {logging_mixin.py:109} INFO - [2022-03-16 00:11:22,544] {dagbag.py:500} INFO - Filling up the DagBag from /home/airflow/.local/lib/python3.7/site-packages/airflow/example_dags/example_task_group_decorator.py
[2022-03-16 00:11:22,572] {processor.py:654} INFO - DAG(s) dict_keys(['example_task_group_decorator']) retrieved from /home/airflow/.local/lib/python3.7/site-packages/airflow/example_dags/example_task_group_decorator.py
[2022-03-16 00:11:22,710] {logging_mixin.py:109} INFO - [2022-03-16 00:11:22,710] {dag.py:2398} INFO - Sync 1 DAGs
[2022-03-16 00:11:22,720] {logging_mixin.py:109} INFO - [2022-03-16 00:11:22,720] {dag.py:2937} INFO - Setting next_dagrun for example_task_group_decorator to 2022-03-15T00:11:22.720441+00:00
[2022-03-16 00:11:23,213] {processor.py:171} INFO - Processing /home/airflow/.local/lib/python3.7/site-packages/airflow/example_dags/example_task_group_decorator.py took 0.675 seconds
[2022-03-16 00:11:53,982] {processor.py:163} INFO - Started process (PID=3581) to work on /home/airflow/.local/lib/python3.7/site-packages/airflow/example_dags/example_task_group_decorator.py
[2022-03-16 00:11:54,002] {processor.py:642} INFO - Processing file /home/airflow/.local/lib/python3.7/site-packages/airflow/example_dags/example_task_group_decorator.py for tasks to queue
[2022-03-16 00:11:54,002] {logging_mixin.py:109} INFO - [2022-03-16 00:11:54,002] {dagbag.py:500} INFO - Filling up the DagBag from /home/airflow/.local/lib/python3.7/site-packages/airflow/example_dags/example_task_group_decorator.py
[2022-03-16 00:11:54,060] {processor.py:654} INFO - DAG(s) dict_keys(['example_task_group_decorator']) retrieved from /home/airflow/.local/lib/python3.7/site-packages/airflow/example_dags/example_task_group_decorator.py
[2022-03-16 00:11:54,215] {logging_mixin.py:109} INFO - [2022-03-16 00:11:54,215] {dag.py:2398} INFO - Sync 1 DAGs
[2022-03-16 00:11:54,224] {logging_mixin.py:109} INFO - [2022-03-16 00:11:54,224] {dag.py:2937} INFO - Setting next_dagrun for example_task_group_decorator to 2022-03-15T00:11:54.224396+00:00
[2022-03-16 00:11:54,603] {processor.py:171} INFO - Processing /home/airflow/.local/lib/python3.7/site-packages/airflow/example_dags/example_task_group_decorator.py took 0.623 seconds
[2022-03-16 00:12:25,396] {processor.py:163} INFO - Started process (PID=3640) to work on /home/airflow/.local/lib/python3.7/site-packages/airflow/example_dags/example_task_group_decorator.py
[2022-03-16 00:12:25,434] {processor.py:642} INFO - Processing file /home/airflow/.local/lib/python3.7/site-packages/airflow/example_dags/example_task_group_decorator.py for tasks to queue
[2022-03-16 00:12:25,435] {logging_mixin.py:109} INFO - [2022-03-16 00:12:25,435] {dagbag.py:500} INFO - Filling up the DagBag from /home/airflow/.local/lib/python3.7/site-packages/airflow/example_dags/example_task_group_decorator.py
[2022-03-16 00:12:25,464] {processor.py:654} INFO - DAG(s) dict_keys(['example_task_group_decorator']) retrieved from /home/airflow/.local/lib/python3.7/site-packages/airflow/example_dags/example_task_group_decorator.py
[2022-03-16 00:12:25,604] {logging_mixin.py:109} INFO - [2022-03-16 00:12:25,604] {dag.py:2398} INFO - Sync 1 DAGs
[2022-03-16 00:12:25,613] {logging_mixin.py:109} INFO - [2022-03-16 00:12:25,613] {dag.py:2937} INFO - Setting next_dagrun for example_task_group_decorator to 2022-03-15T00:12:25.613529+00:00
[2022-03-16 00:12:25,651] {processor.py:171} INFO - Processing /home/airflow/.local/lib/python3.7/site-packages/airflow/example_dags/example_task_group_decorator.py took 0.256 seconds
[2022-03-16 00:12:56,033] {processor.py:163} INFO - Started process (PID=3700) to work on /home/airflow/.local/lib/python3.7/site-packages/airflow/example_dags/example_task_group_decorator.py
[2022-03-16 00:12:56,043] {processor.py:642} INFO - Processing file /home/airflow/.local/lib/python3.7/site-packages/airflow/example_dags/example_task_group_decorator.py for tasks to queue
[2022-03-16 00:12:56,044] {logging_mixin.py:109} INFO - [2022-03-16 00:12:56,044] {dagbag.py:500} INFO - Filling up the DagBag from /home/airflow/.local/lib/python3.7/site-packages/airflow/example_dags/example_task_group_decorator.py
[2022-03-16 00:12:56,084] {processor.py:654} INFO - DAG(s) dict_keys(['example_task_group_decorator']) retrieved from /home/airflow/.local/lib/python3.7/site-packages/airflow/example_dags/example_task_group_decorator.py
[2022-03-16 00:12:56,216] {logging_mixin.py:109} INFO - [2022-03-16 00:12:56,216] {dag.py:2398} INFO - Sync 1 DAGs
[2022-03-16 00:12:56,225] {logging_mixin.py:109} INFO - [2022-03-16 00:12:56,225] {dag.py:2937} INFO - Setting next_dagrun for example_task_group_decorator to 2022-03-15T00:12:56.225686+00:00
[2022-03-16 00:12:56,262] {processor.py:171} INFO - Processing /home/airflow/.local/lib/python3.7/site-packages/airflow/example_dags/example_task_group_decorator.py took 0.231 seconds
[2022-03-16 00:13:26,991] {processor.py:163} INFO - Started process (PID=3762) to work on /home/airflow/.local/lib/python3.7/site-packages/airflow/example_dags/example_task_group_decorator.py
[2022-03-16 00:13:27,035] {processor.py:642} INFO - Processing file /home/airflow/.local/lib/python3.7/site-packages/airflow/example_dags/example_task_group_decorator.py for tasks to queue
[2022-03-16 00:13:27,037] {logging_mixin.py:109} INFO - [2022-03-16 00:13:27,037] {dagbag.py:500} INFO - Filling up the DagBag from /home/airflow/.local/lib/python3.7/site-packages/airflow/example_dags/example_task_group_decorator.py
[2022-03-16 00:13:27,065] {processor.py:654} INFO - DAG(s) dict_keys(['example_task_group_decorator']) retrieved from /home/airflow/.local/lib/python3.7/site-packages/airflow/example_dags/example_task_group_decorator.py
[2022-03-16 00:13:27,196] {logging_mixin.py:109} INFO - [2022-03-16 00:13:27,196] {dag.py:2398} INFO - Sync 1 DAGs
[2022-03-16 00:13:27,207] {logging_mixin.py:109} INFO - [2022-03-16 00:13:27,207] {dag.py:2937} INFO - Setting next_dagrun for example_task_group_decorator to 2022-03-15T00:13:27.206985+00:00
[2022-03-16 00:13:27,267] {processor.py:171} INFO - Processing /home/airflow/.local/lib/python3.7/site-packages/airflow/example_dags/example_task_group_decorator.py took 0.277 seconds
[2022-03-16 00:13:57,507] {processor.py:163} INFO - Started process (PID=3813) to work on /home/airflow/.local/lib/python3.7/site-packages/airflow/example_dags/example_task_group_decorator.py
[2022-03-16 00:13:57,546] {processor.py:642} INFO - Processing file /home/airflow/.local/lib/python3.7/site-packages/airflow/example_dags/example_task_group_decorator.py for tasks to queue
[2022-03-16 00:13:57,547] {logging_mixin.py:109} INFO - [2022-03-16 00:13:57,547] {dagbag.py:500} INFO - Filling up the DagBag from /home/airflow/.local/lib/python3.7/site-packages/airflow/example_dags/example_task_group_decorator.py
[2022-03-16 00:13:57,596] {processor.py:654} INFO - DAG(s) dict_keys(['example_task_group_decorator']) retrieved from /home/airflow/.local/lib/python3.7/site-packages/airflow/example_dags/example_task_group_decorator.py
[2022-03-16 00:13:57,739] {logging_mixin.py:109} INFO - [2022-03-16 00:13:57,739] {dag.py:2398} INFO - Sync 1 DAGs
[2022-03-16 00:13:57,751] {logging_mixin.py:109} INFO - [2022-03-16 00:13:57,751] {dag.py:2937} INFO - Setting next_dagrun for example_task_group_decorator to 2022-03-15T00:13:57.751109+00:00
[2022-03-16 00:13:57,795] {processor.py:171} INFO - Processing /home/airflow/.local/lib/python3.7/site-packages/airflow/example_dags/example_task_group_decorator.py took 0.290 seconds
[2022-03-16 00:14:28,496] {processor.py:163} INFO - Started process (PID=3884) to work on /home/airflow/.local/lib/python3.7/site-packages/airflow/example_dags/example_task_group_decorator.py
[2022-03-16 00:14:28,515] {processor.py:642} INFO - Processing file /home/airflow/.local/lib/python3.7/site-packages/airflow/example_dags/example_task_group_decorator.py for tasks to queue
[2022-03-16 00:14:28,516] {logging_mixin.py:109} INFO - [2022-03-16 00:14:28,516] {dagbag.py:500} INFO - Filling up the DagBag from /home/airflow/.local/lib/python3.7/site-packages/airflow/example_dags/example_task_group_decorator.py
[2022-03-16 00:14:28,594] {processor.py:654} INFO - DAG(s) dict_keys(['example_task_group_decorator']) retrieved from /home/airflow/.local/lib/python3.7/site-packages/airflow/example_dags/example_task_group_decorator.py
[2022-03-16 00:14:28,820] {logging_mixin.py:109} INFO - [2022-03-16 00:14:28,820] {dag.py:2398} INFO - Sync 1 DAGs
[2022-03-16 00:14:28,836] {logging_mixin.py:109} INFO - [2022-03-16 00:14:28,836] {dag.py:2937} INFO - Setting next_dagrun for example_task_group_decorator to 2022-03-15T00:14:28.836144+00:00
[2022-03-16 00:14:28,891] {processor.py:171} INFO - Processing /home/airflow/.local/lib/python3.7/site-packages/airflow/example_dags/example_task_group_decorator.py took 0.398 seconds
[2022-03-16 00:14:59,610] {processor.py:163} INFO - Started process (PID=3945) to work on /home/airflow/.local/lib/python3.7/site-packages/airflow/example_dags/example_task_group_decorator.py
[2022-03-16 00:14:59,637] {processor.py:642} INFO - Processing file /home/airflow/.local/lib/python3.7/site-packages/airflow/example_dags/example_task_group_decorator.py for tasks to queue
[2022-03-16 00:14:59,637] {logging_mixin.py:109} INFO - [2022-03-16 00:14:59,637] {dagbag.py:500} INFO - Filling up the DagBag from /home/airflow/.local/lib/python3.7/site-packages/airflow/example_dags/example_task_group_decorator.py
[2022-03-16 00:14:59,673] {processor.py:654} INFO - DAG(s) dict_keys(['example_task_group_decorator']) retrieved from /home/airflow/.local/lib/python3.7/site-packages/airflow/example_dags/example_task_group_decorator.py
[2022-03-16 00:14:59,858] {logging_mixin.py:109} INFO - [2022-03-16 00:14:59,858] {dag.py:2398} INFO - Sync 1 DAGs
[2022-03-16 00:14:59,872] {logging_mixin.py:109} INFO - [2022-03-16 00:14:59,872] {dag.py:2937} INFO - Setting next_dagrun for example_task_group_decorator to 2022-03-15T00:14:59.871819+00:00
[2022-03-16 00:14:59,920] {processor.py:171} INFO - Processing /home/airflow/.local/lib/python3.7/site-packages/airflow/example_dags/example_task_group_decorator.py took 0.312 seconds
[2022-03-16 00:15:30,061] {processor.py:163} INFO - Started process (PID=3995) to work on /home/airflow/.local/lib/python3.7/site-packages/airflow/example_dags/example_task_group_decorator.py
[2022-03-16 00:15:30,092] {processor.py:642} INFO - Processing file /home/airflow/.local/lib/python3.7/site-packages/airflow/example_dags/example_task_group_decorator.py for tasks to queue
[2022-03-16 00:15:30,093] {logging_mixin.py:109} INFO - [2022-03-16 00:15:30,093] {dagbag.py:500} INFO - Filling up the DagBag from /home/airflow/.local/lib/python3.7/site-packages/airflow/example_dags/example_task_group_decorator.py
[2022-03-16 00:15:30,140] {processor.py:654} INFO - DAG(s) dict_keys(['example_task_group_decorator']) retrieved from /home/airflow/.local/lib/python3.7/site-packages/airflow/example_dags/example_task_group_decorator.py
[2022-03-16 00:15:30,285] {logging_mixin.py:109} INFO - [2022-03-16 00:15:30,285] {dag.py:2398} INFO - Sync 1 DAGs
[2022-03-16 00:15:30,296] {logging_mixin.py:109} INFO - [2022-03-16 00:15:30,296] {dag.py:2937} INFO - Setting next_dagrun for example_task_group_decorator to 2022-03-15T00:15:30.296676+00:00
[2022-03-16 00:15:30,943] {processor.py:171} INFO - Processing /home/airflow/.local/lib/python3.7/site-packages/airflow/example_dags/example_task_group_decorator.py took 0.883 seconds
[2022-03-16 00:16:01,012] {processor.py:163} INFO - Started process (PID=4052) to work on /home/airflow/.local/lib/python3.7/site-packages/airflow/example_dags/example_task_group_decorator.py
[2022-03-16 00:16:01,086] {processor.py:642} INFO - Processing file /home/airflow/.local/lib/python3.7/site-packages/airflow/example_dags/example_task_group_decorator.py for tasks to queue
[2022-03-16 00:16:01,086] {logging_mixin.py:109} INFO - [2022-03-16 00:16:01,086] {dagbag.py:500} INFO - Filling up the DagBag from /home/airflow/.local/lib/python3.7/site-packages/airflow/example_dags/example_task_group_decorator.py
[2022-03-16 00:16:01,122] {processor.py:654} INFO - DAG(s) dict_keys(['example_task_group_decorator']) retrieved from /home/airflow/.local/lib/python3.7/site-packages/airflow/example_dags/example_task_group_decorator.py
[2022-03-16 00:16:01,347] {logging_mixin.py:109} INFO - [2022-03-16 00:16:01,347] {dag.py:2398} INFO - Sync 1 DAGs
[2022-03-16 00:16:01,365] {logging_mixin.py:109} INFO - [2022-03-16 00:16:01,365] {dag.py:2937} INFO - Setting next_dagrun for example_task_group_decorator to 2022-03-15T00:16:01.365134+00:00
[2022-03-16 00:16:02,373] {processor.py:171} INFO - Processing /home/airflow/.local/lib/python3.7/site-packages/airflow/example_dags/example_task_group_decorator.py took 1.363 seconds
[2022-03-16 00:16:32,553] {processor.py:163} INFO - Started process (PID=4118) to work on /home/airflow/.local/lib/python3.7/site-packages/airflow/example_dags/example_task_group_decorator.py
[2022-03-16 00:16:32,591] {processor.py:642} INFO - Processing file /home/airflow/.local/lib/python3.7/site-packages/airflow/example_dags/example_task_group_decorator.py for tasks to queue
[2022-03-16 00:16:32,591] {logging_mixin.py:109} INFO - [2022-03-16 00:16:32,591] {dagbag.py:500} INFO - Filling up the DagBag from /home/airflow/.local/lib/python3.7/site-packages/airflow/example_dags/example_task_group_decorator.py
[2022-03-16 00:16:32,619] {processor.py:654} INFO - DAG(s) dict_keys(['example_task_group_decorator']) retrieved from /home/airflow/.local/lib/python3.7/site-packages/airflow/example_dags/example_task_group_decorator.py
[2022-03-16 00:16:32,756] {logging_mixin.py:109} INFO - [2022-03-16 00:16:32,756] {dag.py:2398} INFO - Sync 1 DAGs
[2022-03-16 00:16:32,767] {logging_mixin.py:109} INFO - [2022-03-16 00:16:32,767] {dag.py:2937} INFO - Setting next_dagrun for example_task_group_decorator to 2022-03-15T00:16:32.767390+00:00
[2022-03-16 00:16:32,893] {processor.py:171} INFO - Processing /home/airflow/.local/lib/python3.7/site-packages/airflow/example_dags/example_task_group_decorator.py took 0.341 seconds
[2022-03-16 00:17:03,223] {processor.py:163} INFO - Started process (PID=4177) to work on /home/airflow/.local/lib/python3.7/site-packages/airflow/example_dags/example_task_group_decorator.py
[2022-03-16 00:17:03,227] {processor.py:642} INFO - Processing file /home/airflow/.local/lib/python3.7/site-packages/airflow/example_dags/example_task_group_decorator.py for tasks to queue
[2022-03-16 00:17:03,228] {logging_mixin.py:109} INFO - [2022-03-16 00:17:03,228] {dagbag.py:500} INFO - Filling up the DagBag from /home/airflow/.local/lib/python3.7/site-packages/airflow/example_dags/example_task_group_decorator.py
[2022-03-16 00:17:03,265] {processor.py:654} INFO - DAG(s) dict_keys(['example_task_group_decorator']) retrieved from /home/airflow/.local/lib/python3.7/site-packages/airflow/example_dags/example_task_group_decorator.py
[2022-03-16 00:17:03,403] {logging_mixin.py:109} INFO - [2022-03-16 00:17:03,403] {dag.py:2398} INFO - Sync 1 DAGs
[2022-03-16 00:17:03,418] {logging_mixin.py:109} INFO - [2022-03-16 00:17:03,418] {dag.py:2937} INFO - Setting next_dagrun for example_task_group_decorator to 2022-03-15T00:17:03.418555+00:00
[2022-03-16 00:17:03,524] {processor.py:171} INFO - Processing /home/airflow/.local/lib/python3.7/site-packages/airflow/example_dags/example_task_group_decorator.py took 0.304 seconds
[2022-03-16 00:17:33,625] {processor.py:163} INFO - Started process (PID=4236) to work on /home/airflow/.local/lib/python3.7/site-packages/airflow/example_dags/example_task_group_decorator.py
[2022-03-16 00:17:33,633] {processor.py:642} INFO - Processing file /home/airflow/.local/lib/python3.7/site-packages/airflow/example_dags/example_task_group_decorator.py for tasks to queue
[2022-03-16 00:17:33,633] {logging_mixin.py:109} INFO - [2022-03-16 00:17:33,633] {dagbag.py:500} INFO - Filling up the DagBag from /home/airflow/.local/lib/python3.7/site-packages/airflow/example_dags/example_task_group_decorator.py
[2022-03-16 00:17:33,660] {processor.py:654} INFO - DAG(s) dict_keys(['example_task_group_decorator']) retrieved from /home/airflow/.local/lib/python3.7/site-packages/airflow/example_dags/example_task_group_decorator.py
[2022-03-16 00:17:33,833] {logging_mixin.py:109} INFO - [2022-03-16 00:17:33,833] {dag.py:2398} INFO - Sync 1 DAGs
[2022-03-16 00:17:33,845] {logging_mixin.py:109} INFO - [2022-03-16 00:17:33,845] {dag.py:2937} INFO - Setting next_dagrun for example_task_group_decorator to 2022-03-15T00:17:33.845083+00:00
[2022-03-16 00:17:33,905] {processor.py:171} INFO - Processing /home/airflow/.local/lib/python3.7/site-packages/airflow/example_dags/example_task_group_decorator.py took 0.281 seconds
[2022-03-16 00:18:05,934] {processor.py:163} INFO - Started process (PID=4289) to work on /home/airflow/.local/lib/python3.7/site-packages/airflow/example_dags/example_task_group_decorator.py
[2022-03-16 00:18:05,942] {processor.py:642} INFO - Processing file /home/airflow/.local/lib/python3.7/site-packages/airflow/example_dags/example_task_group_decorator.py for tasks to queue
[2022-03-16 00:18:05,942] {logging_mixin.py:109} INFO - [2022-03-16 00:18:05,942] {dagbag.py:500} INFO - Filling up the DagBag from /home/airflow/.local/lib/python3.7/site-packages/airflow/example_dags/example_task_group_decorator.py
[2022-03-16 00:18:05,982] {processor.py:654} INFO - DAG(s) dict_keys(['example_task_group_decorator']) retrieved from /home/airflow/.local/lib/python3.7/site-packages/airflow/example_dags/example_task_group_decorator.py
[2022-03-16 00:18:06,229] {logging_mixin.py:109} INFO - [2022-03-16 00:18:06,229] {dag.py:2398} INFO - Sync 1 DAGs
[2022-03-16 00:18:06,241] {logging_mixin.py:109} INFO - [2022-03-16 00:18:06,241] {dag.py:2937} INFO - Setting next_dagrun for example_task_group_decorator to 2022-03-15T00:18:06.241615+00:00
[2022-03-16 00:18:06,350] {processor.py:171} INFO - Processing /home/airflow/.local/lib/python3.7/site-packages/airflow/example_dags/example_task_group_decorator.py took 0.417 seconds
[2022-03-16 00:18:37,119] {processor.py:163} INFO - Started process (PID=4363) to work on /home/airflow/.local/lib/python3.7/site-packages/airflow/example_dags/example_task_group_decorator.py
[2022-03-16 00:18:37,124] {processor.py:642} INFO - Processing file /home/airflow/.local/lib/python3.7/site-packages/airflow/example_dags/example_task_group_decorator.py for tasks to queue
[2022-03-16 00:18:37,125] {logging_mixin.py:109} INFO - [2022-03-16 00:18:37,125] {dagbag.py:500} INFO - Filling up the DagBag from /home/airflow/.local/lib/python3.7/site-packages/airflow/example_dags/example_task_group_decorator.py
[2022-03-16 00:18:37,168] {processor.py:654} INFO - DAG(s) dict_keys(['example_task_group_decorator']) retrieved from /home/airflow/.local/lib/python3.7/site-packages/airflow/example_dags/example_task_group_decorator.py
[2022-03-16 00:18:37,313] {logging_mixin.py:109} INFO - [2022-03-16 00:18:37,313] {dag.py:2398} INFO - Sync 1 DAGs
[2022-03-16 00:18:37,323] {logging_mixin.py:109} INFO - [2022-03-16 00:18:37,323] {dag.py:2937} INFO - Setting next_dagrun for example_task_group_decorator to 2022-03-15T00:18:37.323271+00:00
[2022-03-16 00:18:37,428] {processor.py:171} INFO - Processing /home/airflow/.local/lib/python3.7/site-packages/airflow/example_dags/example_task_group_decorator.py took 0.313 seconds
[2022-03-16 00:19:07,934] {processor.py:163} INFO - Started process (PID=4423) to work on /home/airflow/.local/lib/python3.7/site-packages/airflow/example_dags/example_task_group_decorator.py
[2022-03-16 00:19:07,942] {processor.py:642} INFO - Processing file /home/airflow/.local/lib/python3.7/site-packages/airflow/example_dags/example_task_group_decorator.py for tasks to queue
[2022-03-16 00:19:07,943] {logging_mixin.py:109} INFO - [2022-03-16 00:19:07,943] {dagbag.py:500} INFO - Filling up the DagBag from /home/airflow/.local/lib/python3.7/site-packages/airflow/example_dags/example_task_group_decorator.py
[2022-03-16 00:19:07,986] {processor.py:654} INFO - DAG(s) dict_keys(['example_task_group_decorator']) retrieved from /home/airflow/.local/lib/python3.7/site-packages/airflow/example_dags/example_task_group_decorator.py
[2022-03-16 00:19:08,133] {logging_mixin.py:109} INFO - [2022-03-16 00:19:08,133] {dag.py:2398} INFO - Sync 1 DAGs
[2022-03-16 00:19:08,145] {logging_mixin.py:109} INFO - [2022-03-16 00:19:08,145] {dag.py:2937} INFO - Setting next_dagrun for example_task_group_decorator to 2022-03-15T00:19:08.145721+00:00
[2022-03-16 00:19:08,248] {processor.py:171} INFO - Processing /home/airflow/.local/lib/python3.7/site-packages/airflow/example_dags/example_task_group_decorator.py took 0.316 seconds
[2022-03-16 00:19:39,588] {processor.py:163} INFO - Started process (PID=4482) to work on /home/airflow/.local/lib/python3.7/site-packages/airflow/example_dags/example_task_group_decorator.py
[2022-03-16 00:19:39,599] {processor.py:642} INFO - Processing file /home/airflow/.local/lib/python3.7/site-packages/airflow/example_dags/example_task_group_decorator.py for tasks to queue
[2022-03-16 00:19:39,599] {logging_mixin.py:109} INFO - [2022-03-16 00:19:39,599] {dagbag.py:500} INFO - Filling up the DagBag from /home/airflow/.local/lib/python3.7/site-packages/airflow/example_dags/example_task_group_decorator.py
[2022-03-16 00:19:39,626] {processor.py:654} INFO - DAG(s) dict_keys(['example_task_group_decorator']) retrieved from /home/airflow/.local/lib/python3.7/site-packages/airflow/example_dags/example_task_group_decorator.py
[2022-03-16 00:19:39,765] {logging_mixin.py:109} INFO - [2022-03-16 00:19:39,765] {dag.py:2398} INFO - Sync 1 DAGs
[2022-03-16 00:19:39,775] {logging_mixin.py:109} INFO - [2022-03-16 00:19:39,775] {dag.py:2937} INFO - Setting next_dagrun for example_task_group_decorator to 2022-03-15T00:19:39.775057+00:00
[2022-03-16 00:19:39,905] {processor.py:171} INFO - Processing /home/airflow/.local/lib/python3.7/site-packages/airflow/example_dags/example_task_group_decorator.py took 0.318 seconds
[2022-03-16 00:20:10,543] {processor.py:163} INFO - Started process (PID=4536) to work on /home/airflow/.local/lib/python3.7/site-packages/airflow/example_dags/example_task_group_decorator.py
[2022-03-16 00:20:10,554] {processor.py:642} INFO - Processing file /home/airflow/.local/lib/python3.7/site-packages/airflow/example_dags/example_task_group_decorator.py for tasks to queue
[2022-03-16 00:20:10,554] {logging_mixin.py:109} INFO - [2022-03-16 00:20:10,554] {dagbag.py:500} INFO - Filling up the DagBag from /home/airflow/.local/lib/python3.7/site-packages/airflow/example_dags/example_task_group_decorator.py
[2022-03-16 00:20:10,584] {processor.py:654} INFO - DAG(s) dict_keys(['example_task_group_decorator']) retrieved from /home/airflow/.local/lib/python3.7/site-packages/airflow/example_dags/example_task_group_decorator.py
[2022-03-16 00:20:10,723] {logging_mixin.py:109} INFO - [2022-03-16 00:20:10,723] {dag.py:2398} INFO - Sync 1 DAGs
[2022-03-16 00:20:10,733] {logging_mixin.py:109} INFO - [2022-03-16 00:20:10,733] {dag.py:2937} INFO - Setting next_dagrun for example_task_group_decorator to 2022-03-15T00:20:10.732850+00:00
[2022-03-16 00:20:10,794] {processor.py:171} INFO - Processing /home/airflow/.local/lib/python3.7/site-packages/airflow/example_dags/example_task_group_decorator.py took 0.253 seconds
[2022-03-16 00:20:41,337] {processor.py:163} INFO - Started process (PID=4610) to work on /home/airflow/.local/lib/python3.7/site-packages/airflow/example_dags/example_task_group_decorator.py
[2022-03-16 00:20:41,338] {processor.py:642} INFO - Processing file /home/airflow/.local/lib/python3.7/site-packages/airflow/example_dags/example_task_group_decorator.py for tasks to queue
[2022-03-16 00:20:41,338] {logging_mixin.py:109} INFO - [2022-03-16 00:20:41,338] {dagbag.py:500} INFO - Filling up the DagBag from /home/airflow/.local/lib/python3.7/site-packages/airflow/example_dags/example_task_group_decorator.py
[2022-03-16 00:20:41,368] {processor.py:654} INFO - DAG(s) dict_keys(['example_task_group_decorator']) retrieved from /home/airflow/.local/lib/python3.7/site-packages/airflow/example_dags/example_task_group_decorator.py
[2022-03-16 00:20:41,524] {logging_mixin.py:109} INFO - [2022-03-16 00:20:41,524] {dag.py:2398} INFO - Sync 1 DAGs
[2022-03-16 00:20:41,535] {logging_mixin.py:109} INFO - [2022-03-16 00:20:41,534] {dag.py:2937} INFO - Setting next_dagrun for example_task_group_decorator to 2022-03-15T00:20:41.534750+00:00
[2022-03-16 00:20:41,817] {processor.py:171} INFO - Processing /home/airflow/.local/lib/python3.7/site-packages/airflow/example_dags/example_task_group_decorator.py took 0.482 seconds
[2022-03-16 00:21:12,475] {processor.py:163} INFO - Started process (PID=4669) to work on /home/airflow/.local/lib/python3.7/site-packages/airflow/example_dags/example_task_group_decorator.py
[2022-03-16 00:21:12,486] {processor.py:642} INFO - Processing file /home/airflow/.local/lib/python3.7/site-packages/airflow/example_dags/example_task_group_decorator.py for tasks to queue
[2022-03-16 00:21:12,487] {logging_mixin.py:109} INFO - [2022-03-16 00:21:12,487] {dagbag.py:500} INFO - Filling up the DagBag from /home/airflow/.local/lib/python3.7/site-packages/airflow/example_dags/example_task_group_decorator.py
[2022-03-16 00:21:12,514] {processor.py:654} INFO - DAG(s) dict_keys(['example_task_group_decorator']) retrieved from /home/airflow/.local/lib/python3.7/site-packages/airflow/example_dags/example_task_group_decorator.py
[2022-03-16 00:21:12,656] {logging_mixin.py:109} INFO - [2022-03-16 00:21:12,655] {dag.py:2398} INFO - Sync 1 DAGs
[2022-03-16 00:21:12,670] {logging_mixin.py:109} INFO - [2022-03-16 00:21:12,669] {dag.py:2937} INFO - Setting next_dagrun for example_task_group_decorator to 2022-03-15T00:21:12.669666+00:00
[2022-03-16 00:21:12,755] {processor.py:171} INFO - Processing /home/airflow/.local/lib/python3.7/site-packages/airflow/example_dags/example_task_group_decorator.py took 0.283 seconds
[2022-03-16 00:21:44,184] {processor.py:163} INFO - Started process (PID=4728) to work on /home/airflow/.local/lib/python3.7/site-packages/airflow/example_dags/example_task_group_decorator.py
[2022-03-16 00:21:44,508] {processor.py:642} INFO - Processing file /home/airflow/.local/lib/python3.7/site-packages/airflow/example_dags/example_task_group_decorator.py for tasks to queue
[2022-03-16 00:21:44,508] {logging_mixin.py:109} INFO - [2022-03-16 00:21:44,508] {dagbag.py:500} INFO - Filling up the DagBag from /home/airflow/.local/lib/python3.7/site-packages/airflow/example_dags/example_task_group_decorator.py
[2022-03-16 00:21:44,543] {processor.py:654} INFO - DAG(s) dict_keys(['example_task_group_decorator']) retrieved from /home/airflow/.local/lib/python3.7/site-packages/airflow/example_dags/example_task_group_decorator.py
[2022-03-16 00:21:44,680] {logging_mixin.py:109} INFO - [2022-03-16 00:21:44,680] {dag.py:2398} INFO - Sync 1 DAGs
[2022-03-16 00:21:44,690] {logging_mixin.py:109} INFO - [2022-03-16 00:21:44,690] {dag.py:2937} INFO - Setting next_dagrun for example_task_group_decorator to 2022-03-15T00:21:44.689861+00:00
[2022-03-16 00:21:44,756] {processor.py:171} INFO - Processing /home/airflow/.local/lib/python3.7/site-packages/airflow/example_dags/example_task_group_decorator.py took 0.574 seconds
[2022-03-16 00:22:15,491] {processor.py:163} INFO - Started process (PID=4786) to work on /home/airflow/.local/lib/python3.7/site-packages/airflow/example_dags/example_task_group_decorator.py
[2022-03-16 00:22:15,495] {processor.py:642} INFO - Processing file /home/airflow/.local/lib/python3.7/site-packages/airflow/example_dags/example_task_group_decorator.py for tasks to queue
[2022-03-16 00:22:15,496] {logging_mixin.py:109} INFO - [2022-03-16 00:22:15,496] {dagbag.py:500} INFO - Filling up the DagBag from /home/airflow/.local/lib/python3.7/site-packages/airflow/example_dags/example_task_group_decorator.py
[2022-03-16 00:22:15,524] {processor.py:654} INFO - DAG(s) dict_keys(['example_task_group_decorator']) retrieved from /home/airflow/.local/lib/python3.7/site-packages/airflow/example_dags/example_task_group_decorator.py
[2022-03-16 00:22:15,662] {logging_mixin.py:109} INFO - [2022-03-16 00:22:15,662] {dag.py:2398} INFO - Sync 1 DAGs
[2022-03-16 00:22:15,676] {logging_mixin.py:109} INFO - [2022-03-16 00:22:15,676] {dag.py:2937} INFO - Setting next_dagrun for example_task_group_decorator to 2022-03-15T00:22:15.676494+00:00
[2022-03-16 00:22:15,717] {processor.py:171} INFO - Processing /home/airflow/.local/lib/python3.7/site-packages/airflow/example_dags/example_task_group_decorator.py took 0.227 seconds
[2022-03-16 00:22:46,396] {processor.py:163} INFO - Started process (PID=4860) to work on /home/airflow/.local/lib/python3.7/site-packages/airflow/example_dags/example_task_group_decorator.py
[2022-03-16 00:22:46,400] {processor.py:642} INFO - Processing file /home/airflow/.local/lib/python3.7/site-packages/airflow/example_dags/example_task_group_decorator.py for tasks to queue
[2022-03-16 00:22:46,401] {logging_mixin.py:109} INFO - [2022-03-16 00:22:46,401] {dagbag.py:500} INFO - Filling up the DagBag from /home/airflow/.local/lib/python3.7/site-packages/airflow/example_dags/example_task_group_decorator.py
[2022-03-16 00:22:46,435] {processor.py:654} INFO - DAG(s) dict_keys(['example_task_group_decorator']) retrieved from /home/airflow/.local/lib/python3.7/site-packages/airflow/example_dags/example_task_group_decorator.py
[2022-03-16 00:22:46,604] {logging_mixin.py:109} INFO - [2022-03-16 00:22:46,604] {dag.py:2398} INFO - Sync 1 DAGs
[2022-03-16 00:22:46,616] {logging_mixin.py:109} INFO - [2022-03-16 00:22:46,616] {dag.py:2937} INFO - Setting next_dagrun for example_task_group_decorator to 2022-03-15T00:22:46.615877+00:00
[2022-03-16 00:22:47,428] {processor.py:171} INFO - Processing /home/airflow/.local/lib/python3.7/site-packages/airflow/example_dags/example_task_group_decorator.py took 1.034 seconds
[2022-03-16 00:23:17,884] {processor.py:163} INFO - Started process (PID=4918) to work on /home/airflow/.local/lib/python3.7/site-packages/airflow/example_dags/example_task_group_decorator.py
[2022-03-16 00:23:17,896] {processor.py:642} INFO - Processing file /home/airflow/.local/lib/python3.7/site-packages/airflow/example_dags/example_task_group_decorator.py for tasks to queue
[2022-03-16 00:23:17,897] {logging_mixin.py:109} INFO - [2022-03-16 00:23:17,897] {dagbag.py:500} INFO - Filling up the DagBag from /home/airflow/.local/lib/python3.7/site-packages/airflow/example_dags/example_task_group_decorator.py
[2022-03-16 00:23:17,950] {processor.py:654} INFO - DAG(s) dict_keys(['example_task_group_decorator']) retrieved from /home/airflow/.local/lib/python3.7/site-packages/airflow/example_dags/example_task_group_decorator.py
[2022-03-16 00:23:18,096] {logging_mixin.py:109} INFO - [2022-03-16 00:23:18,096] {dag.py:2398} INFO - Sync 1 DAGs
[2022-03-16 00:23:18,108] {logging_mixin.py:109} INFO - [2022-03-16 00:23:18,108] {dag.py:2937} INFO - Setting next_dagrun for example_task_group_decorator to 2022-03-15T00:23:18.108105+00:00
[2022-03-16 00:23:18,750] {processor.py:171} INFO - Processing /home/airflow/.local/lib/python3.7/site-packages/airflow/example_dags/example_task_group_decorator.py took 0.872 seconds
[2022-03-16 00:23:48,817] {processor.py:163} INFO - Started process (PID=4977) to work on /home/airflow/.local/lib/python3.7/site-packages/airflow/example_dags/example_task_group_decorator.py
[2022-03-16 00:23:48,817] {processor.py:642} INFO - Processing file /home/airflow/.local/lib/python3.7/site-packages/airflow/example_dags/example_task_group_decorator.py for tasks to queue
[2022-03-16 00:23:48,818] {logging_mixin.py:109} INFO - [2022-03-16 00:23:48,818] {dagbag.py:500} INFO - Filling up the DagBag from /home/airflow/.local/lib/python3.7/site-packages/airflow/example_dags/example_task_group_decorator.py
[2022-03-16 00:23:48,847] {processor.py:654} INFO - DAG(s) dict_keys(['example_task_group_decorator']) retrieved from /home/airflow/.local/lib/python3.7/site-packages/airflow/example_dags/example_task_group_decorator.py
[2022-03-16 00:23:49,009] {logging_mixin.py:109} INFO - [2022-03-16 00:23:49,009] {dag.py:2398} INFO - Sync 1 DAGs
[2022-03-16 00:23:49,021] {logging_mixin.py:109} INFO - [2022-03-16 00:23:49,021] {dag.py:2937} INFO - Setting next_dagrun for example_task_group_decorator to 2022-03-15T00:23:49.021426+00:00
[2022-03-16 00:23:49,069] {processor.py:171} INFO - Processing /home/airflow/.local/lib/python3.7/site-packages/airflow/example_dags/example_task_group_decorator.py took 0.254 seconds
[2022-03-16 00:24:19,256] {processor.py:163} INFO - Started process (PID=5037) to work on /home/airflow/.local/lib/python3.7/site-packages/airflow/example_dags/example_task_group_decorator.py
[2022-03-16 00:24:19,263] {processor.py:642} INFO - Processing file /home/airflow/.local/lib/python3.7/site-packages/airflow/example_dags/example_task_group_decorator.py for tasks to queue
[2022-03-16 00:24:19,264] {logging_mixin.py:109} INFO - [2022-03-16 00:24:19,264] {dagbag.py:500} INFO - Filling up the DagBag from /home/airflow/.local/lib/python3.7/site-packages/airflow/example_dags/example_task_group_decorator.py
[2022-03-16 00:24:19,291] {processor.py:654} INFO - DAG(s) dict_keys(['example_task_group_decorator']) retrieved from /home/airflow/.local/lib/python3.7/site-packages/airflow/example_dags/example_task_group_decorator.py
[2022-03-16 00:24:19,437] {logging_mixin.py:109} INFO - [2022-03-16 00:24:19,437] {dag.py:2398} INFO - Sync 1 DAGs
[2022-03-16 00:24:19,449] {logging_mixin.py:109} INFO - [2022-03-16 00:24:19,449] {dag.py:2937} INFO - Setting next_dagrun for example_task_group_decorator to 2022-03-15T00:24:19.449312+00:00
[2022-03-16 00:24:20,108] {processor.py:171} INFO - Processing /home/airflow/.local/lib/python3.7/site-packages/airflow/example_dags/example_task_group_decorator.py took 0.854 seconds
[2022-03-16 00:24:50,376] {processor.py:163} INFO - Started process (PID=5109) to work on /home/airflow/.local/lib/python3.7/site-packages/airflow/example_dags/example_task_group_decorator.py
[2022-03-16 00:24:50,430] {processor.py:642} INFO - Processing file /home/airflow/.local/lib/python3.7/site-packages/airflow/example_dags/example_task_group_decorator.py for tasks to queue
[2022-03-16 00:24:50,431] {logging_mixin.py:109} INFO - [2022-03-16 00:24:50,431] {dagbag.py:500} INFO - Filling up the DagBag from /home/airflow/.local/lib/python3.7/site-packages/airflow/example_dags/example_task_group_decorator.py
[2022-03-16 00:24:50,473] {processor.py:654} INFO - DAG(s) dict_keys(['example_task_group_decorator']) retrieved from /home/airflow/.local/lib/python3.7/site-packages/airflow/example_dags/example_task_group_decorator.py
[2022-03-16 00:24:50,626] {logging_mixin.py:109} INFO - [2022-03-16 00:24:50,626] {dag.py:2398} INFO - Sync 1 DAGs
[2022-03-16 00:24:50,635] {logging_mixin.py:109} INFO - [2022-03-16 00:24:50,635] {dag.py:2937} INFO - Setting next_dagrun for example_task_group_decorator to 2022-03-15T00:24:50.635658+00:00
[2022-03-16 00:24:51,273] {processor.py:171} INFO - Processing /home/airflow/.local/lib/python3.7/site-packages/airflow/example_dags/example_task_group_decorator.py took 0.900 seconds
[2022-03-16 00:25:21,617] {processor.py:163} INFO - Started process (PID=5166) to work on /home/airflow/.local/lib/python3.7/site-packages/airflow/example_dags/example_task_group_decorator.py
[2022-03-16 00:25:21,677] {processor.py:642} INFO - Processing file /home/airflow/.local/lib/python3.7/site-packages/airflow/example_dags/example_task_group_decorator.py for tasks to queue
[2022-03-16 00:25:21,677] {logging_mixin.py:109} INFO - [2022-03-16 00:25:21,677] {dagbag.py:500} INFO - Filling up the DagBag from /home/airflow/.local/lib/python3.7/site-packages/airflow/example_dags/example_task_group_decorator.py
[2022-03-16 00:25:21,709] {processor.py:654} INFO - DAG(s) dict_keys(['example_task_group_decorator']) retrieved from /home/airflow/.local/lib/python3.7/site-packages/airflow/example_dags/example_task_group_decorator.py
[2022-03-16 00:25:21,852] {logging_mixin.py:109} INFO - [2022-03-16 00:25:21,852] {dag.py:2398} INFO - Sync 1 DAGs
[2022-03-16 00:25:21,863] {logging_mixin.py:109} INFO - [2022-03-16 00:25:21,863] {dag.py:2937} INFO - Setting next_dagrun for example_task_group_decorator to 2022-03-15T00:25:21.862914+00:00
[2022-03-16 00:25:22,377] {processor.py:171} INFO - Processing /home/airflow/.local/lib/python3.7/site-packages/airflow/example_dags/example_task_group_decorator.py took 0.763 seconds
[2022-03-16 00:25:53,034] {processor.py:163} INFO - Started process (PID=5225) to work on /home/airflow/.local/lib/python3.7/site-packages/airflow/example_dags/example_task_group_decorator.py
[2022-03-16 00:25:53,060] {processor.py:642} INFO - Processing file /home/airflow/.local/lib/python3.7/site-packages/airflow/example_dags/example_task_group_decorator.py for tasks to queue
[2022-03-16 00:25:53,060] {logging_mixin.py:109} INFO - [2022-03-16 00:25:53,060] {dagbag.py:500} INFO - Filling up the DagBag from /home/airflow/.local/lib/python3.7/site-packages/airflow/example_dags/example_task_group_decorator.py
[2022-03-16 00:25:53,088] {processor.py:654} INFO - DAG(s) dict_keys(['example_task_group_decorator']) retrieved from /home/airflow/.local/lib/python3.7/site-packages/airflow/example_dags/example_task_group_decorator.py
[2022-03-16 00:25:53,227] {logging_mixin.py:109} INFO - [2022-03-16 00:25:53,227] {dag.py:2398} INFO - Sync 1 DAGs
[2022-03-16 00:25:53,238] {logging_mixin.py:109} INFO - [2022-03-16 00:25:53,238] {dag.py:2937} INFO - Setting next_dagrun for example_task_group_decorator to 2022-03-15T00:25:53.237934+00:00
[2022-03-16 00:25:53,299] {processor.py:171} INFO - Processing /home/airflow/.local/lib/python3.7/site-packages/airflow/example_dags/example_task_group_decorator.py took 0.267 seconds
[2022-03-16 00:26:24,378] {processor.py:163} INFO - Started process (PID=5284) to work on /home/airflow/.local/lib/python3.7/site-packages/airflow/example_dags/example_task_group_decorator.py
[2022-03-16 00:26:24,411] {processor.py:642} INFO - Processing file /home/airflow/.local/lib/python3.7/site-packages/airflow/example_dags/example_task_group_decorator.py for tasks to queue
[2022-03-16 00:26:24,412] {logging_mixin.py:109} INFO - [2022-03-16 00:26:24,412] {dagbag.py:500} INFO - Filling up the DagBag from /home/airflow/.local/lib/python3.7/site-packages/airflow/example_dags/example_task_group_decorator.py
[2022-03-16 00:26:24,451] {processor.py:654} INFO - DAG(s) dict_keys(['example_task_group_decorator']) retrieved from /home/airflow/.local/lib/python3.7/site-packages/airflow/example_dags/example_task_group_decorator.py
[2022-03-16 00:26:24,615] {logging_mixin.py:109} INFO - [2022-03-16 00:26:24,614] {dag.py:2398} INFO - Sync 1 DAGs
[2022-03-16 00:26:24,625] {logging_mixin.py:109} INFO - [2022-03-16 00:26:24,625] {dag.py:2937} INFO - Setting next_dagrun for example_task_group_decorator to 2022-03-15T00:26:24.625206+00:00
[2022-03-16 00:26:25,091] {processor.py:171} INFO - Processing /home/airflow/.local/lib/python3.7/site-packages/airflow/example_dags/example_task_group_decorator.py took 0.715 seconds
[2022-03-16 00:26:55,349] {processor.py:163} INFO - Started process (PID=5348) to work on /home/airflow/.local/lib/python3.7/site-packages/airflow/example_dags/example_task_group_decorator.py
[2022-03-16 00:26:55,356] {processor.py:642} INFO - Processing file /home/airflow/.local/lib/python3.7/site-packages/airflow/example_dags/example_task_group_decorator.py for tasks to queue
[2022-03-16 00:26:55,356] {logging_mixin.py:109} INFO - [2022-03-16 00:26:55,356] {dagbag.py:500} INFO - Filling up the DagBag from /home/airflow/.local/lib/python3.7/site-packages/airflow/example_dags/example_task_group_decorator.py
[2022-03-16 00:26:55,383] {processor.py:654} INFO - DAG(s) dict_keys(['example_task_group_decorator']) retrieved from /home/airflow/.local/lib/python3.7/site-packages/airflow/example_dags/example_task_group_decorator.py
[2022-03-16 00:26:55,530] {logging_mixin.py:109} INFO - [2022-03-16 00:26:55,530] {dag.py:2398} INFO - Sync 1 DAGs
[2022-03-16 00:26:55,540] {logging_mixin.py:109} INFO - [2022-03-16 00:26:55,540] {dag.py:2937} INFO - Setting next_dagrun for example_task_group_decorator to 2022-03-15T00:26:55.540342+00:00
[2022-03-16 00:26:57,159] {processor.py:171} INFO - Processing /home/airflow/.local/lib/python3.7/site-packages/airflow/example_dags/example_task_group_decorator.py took 1.812 seconds
[2022-03-16 00:27:27,557] {processor.py:163} INFO - Started process (PID=5409) to work on /home/airflow/.local/lib/python3.7/site-packages/airflow/example_dags/example_task_group_decorator.py
[2022-03-16 00:27:27,575] {processor.py:642} INFO - Processing file /home/airflow/.local/lib/python3.7/site-packages/airflow/example_dags/example_task_group_decorator.py for tasks to queue
[2022-03-16 00:27:27,577] {logging_mixin.py:109} INFO - [2022-03-16 00:27:27,576] {dagbag.py:500} INFO - Filling up the DagBag from /home/airflow/.local/lib/python3.7/site-packages/airflow/example_dags/example_task_group_decorator.py
[2022-03-16 00:27:27,631] {processor.py:654} INFO - DAG(s) dict_keys(['example_task_group_decorator']) retrieved from /home/airflow/.local/lib/python3.7/site-packages/airflow/example_dags/example_task_group_decorator.py
[2022-03-16 00:27:27,767] {logging_mixin.py:109} INFO - [2022-03-16 00:27:27,767] {dag.py:2398} INFO - Sync 1 DAGs
[2022-03-16 00:27:27,779] {logging_mixin.py:109} INFO - [2022-03-16 00:27:27,779] {dag.py:2937} INFO - Setting next_dagrun for example_task_group_decorator to 2022-03-15T00:27:27.779355+00:00
[2022-03-16 00:27:28,471] {processor.py:171} INFO - Processing /home/airflow/.local/lib/python3.7/site-packages/airflow/example_dags/example_task_group_decorator.py took 0.919 seconds
[2022-03-16 00:27:58,776] {processor.py:163} INFO - Started process (PID=5471) to work on /home/airflow/.local/lib/python3.7/site-packages/airflow/example_dags/example_task_group_decorator.py
[2022-03-16 00:27:58,858] {processor.py:642} INFO - Processing file /home/airflow/.local/lib/python3.7/site-packages/airflow/example_dags/example_task_group_decorator.py for tasks to queue
[2022-03-16 00:27:58,858] {logging_mixin.py:109} INFO - [2022-03-16 00:27:58,858] {dagbag.py:500} INFO - Filling up the DagBag from /home/airflow/.local/lib/python3.7/site-packages/airflow/example_dags/example_task_group_decorator.py
[2022-03-16 00:27:58,910] {processor.py:654} INFO - DAG(s) dict_keys(['example_task_group_decorator']) retrieved from /home/airflow/.local/lib/python3.7/site-packages/airflow/example_dags/example_task_group_decorator.py
[2022-03-16 00:27:59,141] {logging_mixin.py:109} INFO - [2022-03-16 00:27:59,141] {dag.py:2398} INFO - Sync 1 DAGs
[2022-03-16 00:27:59,159] {logging_mixin.py:109} INFO - [2022-03-16 00:27:59,158] {dag.py:2937} INFO - Setting next_dagrun for example_task_group_decorator to 2022-03-15T00:27:59.158668+00:00
[2022-03-16 00:28:00,414] {processor.py:171} INFO - Processing /home/airflow/.local/lib/python3.7/site-packages/airflow/example_dags/example_task_group_decorator.py took 1.640 seconds
[2022-03-16 00:28:30,931] {processor.py:163} INFO - Started process (PID=5534) to work on /home/airflow/.local/lib/python3.7/site-packages/airflow/example_dags/example_task_group_decorator.py
[2022-03-16 00:28:31,029] {processor.py:642} INFO - Processing file /home/airflow/.local/lib/python3.7/site-packages/airflow/example_dags/example_task_group_decorator.py for tasks to queue
[2022-03-16 00:28:31,030] {logging_mixin.py:109} INFO - [2022-03-16 00:28:31,030] {dagbag.py:500} INFO - Filling up the DagBag from /home/airflow/.local/lib/python3.7/site-packages/airflow/example_dags/example_task_group_decorator.py
[2022-03-16 00:28:31,085] {processor.py:654} INFO - DAG(s) dict_keys(['example_task_group_decorator']) retrieved from /home/airflow/.local/lib/python3.7/site-packages/airflow/example_dags/example_task_group_decorator.py
[2022-03-16 00:28:31,217] {logging_mixin.py:109} INFO - [2022-03-16 00:28:31,217] {dag.py:2398} INFO - Sync 1 DAGs
[2022-03-16 00:28:31,227] {logging_mixin.py:109} INFO - [2022-03-16 00:28:31,227] {dag.py:2937} INFO - Setting next_dagrun for example_task_group_decorator to 2022-03-15T00:28:31.227122+00:00
[2022-03-16 00:28:31,902] {processor.py:171} INFO - Processing /home/airflow/.local/lib/python3.7/site-packages/airflow/example_dags/example_task_group_decorator.py took 0.972 seconds
[2022-03-16 00:29:02,799] {processor.py:163} INFO - Started process (PID=5595) to work on /home/airflow/.local/lib/python3.7/site-packages/airflow/example_dags/example_task_group_decorator.py
[2022-03-16 00:29:02,839] {processor.py:642} INFO - Processing file /home/airflow/.local/lib/python3.7/site-packages/airflow/example_dags/example_task_group_decorator.py for tasks to queue
[2022-03-16 00:29:02,840] {logging_mixin.py:109} INFO - [2022-03-16 00:29:02,840] {dagbag.py:500} INFO - Filling up the DagBag from /home/airflow/.local/lib/python3.7/site-packages/airflow/example_dags/example_task_group_decorator.py
[2022-03-16 00:29:02,872] {processor.py:654} INFO - DAG(s) dict_keys(['example_task_group_decorator']) retrieved from /home/airflow/.local/lib/python3.7/site-packages/airflow/example_dags/example_task_group_decorator.py
[2022-03-16 00:29:03,040] {logging_mixin.py:109} INFO - [2022-03-16 00:29:03,040] {dag.py:2398} INFO - Sync 1 DAGs
[2022-03-16 00:29:03,054] {logging_mixin.py:109} INFO - [2022-03-16 00:29:03,054] {dag.py:2937} INFO - Setting next_dagrun for example_task_group_decorator to 2022-03-15T00:29:03.054638+00:00
[2022-03-16 00:29:03,145] {processor.py:171} INFO - Processing /home/airflow/.local/lib/python3.7/site-packages/airflow/example_dags/example_task_group_decorator.py took 0.350 seconds
[2022-03-16 00:29:33,274] {processor.py:163} INFO - Started process (PID=5654) to work on /home/airflow/.local/lib/python3.7/site-packages/airflow/example_dags/example_task_group_decorator.py
[2022-03-16 00:29:33,281] {processor.py:642} INFO - Processing file /home/airflow/.local/lib/python3.7/site-packages/airflow/example_dags/example_task_group_decorator.py for tasks to queue
[2022-03-16 00:29:33,281] {logging_mixin.py:109} INFO - [2022-03-16 00:29:33,281] {dagbag.py:500} INFO - Filling up the DagBag from /home/airflow/.local/lib/python3.7/site-packages/airflow/example_dags/example_task_group_decorator.py
[2022-03-16 00:29:33,312] {processor.py:654} INFO - DAG(s) dict_keys(['example_task_group_decorator']) retrieved from /home/airflow/.local/lib/python3.7/site-packages/airflow/example_dags/example_task_group_decorator.py
[2022-03-16 00:29:33,468] {logging_mixin.py:109} INFO - [2022-03-16 00:29:33,468] {dag.py:2398} INFO - Sync 1 DAGs
[2022-03-16 00:29:33,480] {logging_mixin.py:109} INFO - [2022-03-16 00:29:33,480] {dag.py:2937} INFO - Setting next_dagrun for example_task_group_decorator to 2022-03-15T00:29:33.480120+00:00
[2022-03-16 00:29:33,523] {processor.py:171} INFO - Processing /home/airflow/.local/lib/python3.7/site-packages/airflow/example_dags/example_task_group_decorator.py took 0.251 seconds
[2022-03-16 00:30:03,643] {processor.py:163} INFO - Started process (PID=5707) to work on /home/airflow/.local/lib/python3.7/site-packages/airflow/example_dags/example_task_group_decorator.py
[2022-03-16 00:30:03,658] {processor.py:642} INFO - Processing file /home/airflow/.local/lib/python3.7/site-packages/airflow/example_dags/example_task_group_decorator.py for tasks to queue
[2022-03-16 00:30:03,658] {logging_mixin.py:109} INFO - [2022-03-16 00:30:03,658] {dagbag.py:500} INFO - Filling up the DagBag from /home/airflow/.local/lib/python3.7/site-packages/airflow/example_dags/example_task_group_decorator.py
[2022-03-16 00:30:03,695] {processor.py:654} INFO - DAG(s) dict_keys(['example_task_group_decorator']) retrieved from /home/airflow/.local/lib/python3.7/site-packages/airflow/example_dags/example_task_group_decorator.py
[2022-03-16 00:30:03,837] {logging_mixin.py:109} INFO - [2022-03-16 00:30:03,837] {dag.py:2398} INFO - Sync 1 DAGs
[2022-03-16 00:30:03,847] {logging_mixin.py:109} INFO - [2022-03-16 00:30:03,847] {dag.py:2937} INFO - Setting next_dagrun for example_task_group_decorator to 2022-03-15T00:30:03.847510+00:00
[2022-03-16 00:30:03,910] {processor.py:171} INFO - Processing /home/airflow/.local/lib/python3.7/site-packages/airflow/example_dags/example_task_group_decorator.py took 0.270 seconds
[2022-03-16 00:30:33,998] {processor.py:163} INFO - Started process (PID=5782) to work on /home/airflow/.local/lib/python3.7/site-packages/airflow/example_dags/example_task_group_decorator.py
[2022-03-16 00:30:34,000] {processor.py:642} INFO - Processing file /home/airflow/.local/lib/python3.7/site-packages/airflow/example_dags/example_task_group_decorator.py for tasks to queue
[2022-03-16 00:30:34,001] {logging_mixin.py:109} INFO - [2022-03-16 00:30:34,000] {dagbag.py:500} INFO - Filling up the DagBag from /home/airflow/.local/lib/python3.7/site-packages/airflow/example_dags/example_task_group_decorator.py
[2022-03-16 00:30:34,045] {processor.py:654} INFO - DAG(s) dict_keys(['example_task_group_decorator']) retrieved from /home/airflow/.local/lib/python3.7/site-packages/airflow/example_dags/example_task_group_decorator.py
[2022-03-16 00:30:34,317] {logging_mixin.py:109} INFO - [2022-03-16 00:30:34,317] {dag.py:2398} INFO - Sync 1 DAGs
[2022-03-16 00:30:34,342] {logging_mixin.py:109} INFO - [2022-03-16 00:30:34,342] {dag.py:2937} INFO - Setting next_dagrun for example_task_group_decorator to 2022-03-15T00:30:34.342354+00:00
[2022-03-16 00:30:34,431] {processor.py:171} INFO - Processing /home/airflow/.local/lib/python3.7/site-packages/airflow/example_dags/example_task_group_decorator.py took 0.436 seconds
[2022-03-16 00:31:04,721] {processor.py:163} INFO - Started process (PID=5845) to work on /home/airflow/.local/lib/python3.7/site-packages/airflow/example_dags/example_task_group_decorator.py
[2022-03-16 00:31:04,773] {processor.py:642} INFO - Processing file /home/airflow/.local/lib/python3.7/site-packages/airflow/example_dags/example_task_group_decorator.py for tasks to queue
[2022-03-16 00:31:04,775] {logging_mixin.py:109} INFO - [2022-03-16 00:31:04,774] {dagbag.py:500} INFO - Filling up the DagBag from /home/airflow/.local/lib/python3.7/site-packages/airflow/example_dags/example_task_group_decorator.py
[2022-03-16 00:31:04,833] {processor.py:654} INFO - DAG(s) dict_keys(['example_task_group_decorator']) retrieved from /home/airflow/.local/lib/python3.7/site-packages/airflow/example_dags/example_task_group_decorator.py
[2022-03-16 00:31:04,982] {logging_mixin.py:109} INFO - [2022-03-16 00:31:04,982] {dag.py:2398} INFO - Sync 1 DAGs
[2022-03-16 00:31:04,996] {logging_mixin.py:109} INFO - [2022-03-16 00:31:04,996] {dag.py:2937} INFO - Setting next_dagrun for example_task_group_decorator to 2022-03-15T00:31:04.996127+00:00
[2022-03-16 00:31:05,141] {processor.py:171} INFO - Processing /home/airflow/.local/lib/python3.7/site-packages/airflow/example_dags/example_task_group_decorator.py took 0.424 seconds
[2022-03-16 00:31:36,389] {processor.py:163} INFO - Started process (PID=5895) to work on /home/airflow/.local/lib/python3.7/site-packages/airflow/example_dags/example_task_group_decorator.py
[2022-03-16 00:31:36,394] {processor.py:642} INFO - Processing file /home/airflow/.local/lib/python3.7/site-packages/airflow/example_dags/example_task_group_decorator.py for tasks to queue
[2022-03-16 00:31:36,395] {logging_mixin.py:109} INFO - [2022-03-16 00:31:36,395] {dagbag.py:500} INFO - Filling up the DagBag from /home/airflow/.local/lib/python3.7/site-packages/airflow/example_dags/example_task_group_decorator.py
[2022-03-16 00:31:36,431] {processor.py:654} INFO - DAG(s) dict_keys(['example_task_group_decorator']) retrieved from /home/airflow/.local/lib/python3.7/site-packages/airflow/example_dags/example_task_group_decorator.py
[2022-03-16 00:31:36,582] {logging_mixin.py:109} INFO - [2022-03-16 00:31:36,582] {dag.py:2398} INFO - Sync 1 DAGs
[2022-03-16 00:31:36,593] {logging_mixin.py:109} INFO - [2022-03-16 00:31:36,593] {dag.py:2937} INFO - Setting next_dagrun for example_task_group_decorator to 2022-03-15T00:31:36.593556+00:00
[2022-03-16 00:31:37,235] {processor.py:171} INFO - Processing /home/airflow/.local/lib/python3.7/site-packages/airflow/example_dags/example_task_group_decorator.py took 0.849 seconds
[2022-03-16 00:32:09,925] {processor.py:163} INFO - Started process (PID=5956) to work on /home/airflow/.local/lib/python3.7/site-packages/airflow/example_dags/example_task_group_decorator.py
[2022-03-16 00:32:10,040] {processor.py:642} INFO - Processing file /home/airflow/.local/lib/python3.7/site-packages/airflow/example_dags/example_task_group_decorator.py for tasks to queue
[2022-03-16 00:32:10,042] {logging_mixin.py:109} INFO - [2022-03-16 00:32:10,042] {dagbag.py:500} INFO - Filling up the DagBag from /home/airflow/.local/lib/python3.7/site-packages/airflow/example_dags/example_task_group_decorator.py
[2022-03-16 00:32:10,093] {processor.py:654} INFO - DAG(s) dict_keys(['example_task_group_decorator']) retrieved from /home/airflow/.local/lib/python3.7/site-packages/airflow/example_dags/example_task_group_decorator.py
[2022-03-16 00:32:10,226] {logging_mixin.py:109} INFO - [2022-03-16 00:32:10,226] {dag.py:2398} INFO - Sync 1 DAGs
[2022-03-16 00:32:10,237] {logging_mixin.py:109} INFO - [2022-03-16 00:32:10,237] {dag.py:2937} INFO - Setting next_dagrun for example_task_group_decorator to 2022-03-15T00:32:10.236861+00:00
[2022-03-16 00:32:10,301] {processor.py:171} INFO - Processing /home/airflow/.local/lib/python3.7/site-packages/airflow/example_dags/example_task_group_decorator.py took 0.380 seconds
[2022-03-16 00:32:40,429] {processor.py:163} INFO - Started process (PID=6017) to work on /home/airflow/.local/lib/python3.7/site-packages/airflow/example_dags/example_task_group_decorator.py
[2022-03-16 00:32:40,429] {processor.py:642} INFO - Processing file /home/airflow/.local/lib/python3.7/site-packages/airflow/example_dags/example_task_group_decorator.py for tasks to queue
[2022-03-16 00:32:40,430] {logging_mixin.py:109} INFO - [2022-03-16 00:32:40,430] {dagbag.py:500} INFO - Filling up the DagBag from /home/airflow/.local/lib/python3.7/site-packages/airflow/example_dags/example_task_group_decorator.py
[2022-03-16 00:32:40,463] {processor.py:654} INFO - DAG(s) dict_keys(['example_task_group_decorator']) retrieved from /home/airflow/.local/lib/python3.7/site-packages/airflow/example_dags/example_task_group_decorator.py
[2022-03-16 00:32:40,607] {logging_mixin.py:109} INFO - [2022-03-16 00:32:40,607] {dag.py:2398} INFO - Sync 1 DAGs
[2022-03-16 00:32:40,620] {logging_mixin.py:109} INFO - [2022-03-16 00:32:40,620] {dag.py:2937} INFO - Setting next_dagrun for example_task_group_decorator to 2022-03-15T00:32:40.620598+00:00
[2022-03-16 00:32:40,689] {processor.py:171} INFO - Processing /home/airflow/.local/lib/python3.7/site-packages/airflow/example_dags/example_task_group_decorator.py took 0.263 seconds
[2022-03-16 00:33:11,910] {processor.py:163} INFO - Started process (PID=6089) to work on /home/airflow/.local/lib/python3.7/site-packages/airflow/example_dags/example_task_group_decorator.py
[2022-03-16 00:33:11,919] {processor.py:642} INFO - Processing file /home/airflow/.local/lib/python3.7/site-packages/airflow/example_dags/example_task_group_decorator.py for tasks to queue
[2022-03-16 00:33:11,920] {logging_mixin.py:109} INFO - [2022-03-16 00:33:11,920] {dagbag.py:500} INFO - Filling up the DagBag from /home/airflow/.local/lib/python3.7/site-packages/airflow/example_dags/example_task_group_decorator.py
[2022-03-16 00:33:11,947] {processor.py:654} INFO - DAG(s) dict_keys(['example_task_group_decorator']) retrieved from /home/airflow/.local/lib/python3.7/site-packages/airflow/example_dags/example_task_group_decorator.py
[2022-03-16 00:33:12,087] {logging_mixin.py:109} INFO - [2022-03-16 00:33:12,087] {dag.py:2398} INFO - Sync 1 DAGs
[2022-03-16 00:33:12,097] {logging_mixin.py:109} INFO - [2022-03-16 00:33:12,097] {dag.py:2937} INFO - Setting next_dagrun for example_task_group_decorator to 2022-03-15T00:33:12.097720+00:00
[2022-03-16 00:33:12,173] {processor.py:171} INFO - Processing /home/airflow/.local/lib/python3.7/site-packages/airflow/example_dags/example_task_group_decorator.py took 0.264 seconds
[2022-03-16 00:33:42,685] {processor.py:163} INFO - Started process (PID=6140) to work on /home/airflow/.local/lib/python3.7/site-packages/airflow/example_dags/example_task_group_decorator.py
[2022-03-16 00:33:42,686] {processor.py:642} INFO - Processing file /home/airflow/.local/lib/python3.7/site-packages/airflow/example_dags/example_task_group_decorator.py for tasks to queue
[2022-03-16 00:33:42,687] {logging_mixin.py:109} INFO - [2022-03-16 00:33:42,686] {dagbag.py:500} INFO - Filling up the DagBag from /home/airflow/.local/lib/python3.7/site-packages/airflow/example_dags/example_task_group_decorator.py
[2022-03-16 00:33:42,716] {processor.py:654} INFO - DAG(s) dict_keys(['example_task_group_decorator']) retrieved from /home/airflow/.local/lib/python3.7/site-packages/airflow/example_dags/example_task_group_decorator.py
[2022-03-16 00:33:42,858] {logging_mixin.py:109} INFO - [2022-03-16 00:33:42,857] {dag.py:2398} INFO - Sync 1 DAGs
[2022-03-16 00:33:42,868] {logging_mixin.py:109} INFO - [2022-03-16 00:33:42,868] {dag.py:2937} INFO - Setting next_dagrun for example_task_group_decorator to 2022-03-15T00:33:42.868265+00:00
[2022-03-16 00:33:43,273] {processor.py:171} INFO - Processing /home/airflow/.local/lib/python3.7/site-packages/airflow/example_dags/example_task_group_decorator.py took 0.590 seconds
[2022-03-16 00:34:13,963] {processor.py:163} INFO - Started process (PID=6204) to work on /home/airflow/.local/lib/python3.7/site-packages/airflow/example_dags/example_task_group_decorator.py
[2022-03-16 00:34:13,968] {processor.py:642} INFO - Processing file /home/airflow/.local/lib/python3.7/site-packages/airflow/example_dags/example_task_group_decorator.py for tasks to queue
[2022-03-16 00:34:13,969] {logging_mixin.py:109} INFO - [2022-03-16 00:34:13,969] {dagbag.py:500} INFO - Filling up the DagBag from /home/airflow/.local/lib/python3.7/site-packages/airflow/example_dags/example_task_group_decorator.py
[2022-03-16 00:34:13,998] {processor.py:654} INFO - DAG(s) dict_keys(['example_task_group_decorator']) retrieved from /home/airflow/.local/lib/python3.7/site-packages/airflow/example_dags/example_task_group_decorator.py
[2022-03-16 00:34:14,148] {logging_mixin.py:109} INFO - [2022-03-16 00:34:14,148] {dag.py:2398} INFO - Sync 1 DAGs
[2022-03-16 00:34:14,159] {logging_mixin.py:109} INFO - [2022-03-16 00:34:14,158] {dag.py:2937} INFO - Setting next_dagrun for example_task_group_decorator to 2022-03-15T00:34:14.158795+00:00
[2022-03-16 00:34:14,211] {processor.py:171} INFO - Processing /home/airflow/.local/lib/python3.7/site-packages/airflow/example_dags/example_task_group_decorator.py took 0.249 seconds
