[2022-03-16 00:00:25,297] {processor.py:163} INFO - Started process (PID=2243) to work on /home/airflow/.local/lib/python3.7/site-packages/airflow/example_dags/example_trigger_controller_dag.py
[2022-03-16 00:00:25,297] {processor.py:642} INFO - Processing file /home/airflow/.local/lib/python3.7/site-packages/airflow/example_dags/example_trigger_controller_dag.py for tasks to queue
[2022-03-16 00:00:25,298] {logging_mixin.py:109} INFO - [2022-03-16 00:00:25,298] {dagbag.py:500} INFO - Filling up the DagBag from /home/airflow/.local/lib/python3.7/site-packages/airflow/example_dags/example_trigger_controller_dag.py
[2022-03-16 00:00:25,316] {processor.py:654} INFO - DAG(s) dict_keys(['example_trigger_controller_dag']) retrieved from /home/airflow/.local/lib/python3.7/site-packages/airflow/example_dags/example_trigger_controller_dag.py
[2022-03-16 00:00:25,322] {logging_mixin.py:109} INFO - [2022-03-16 00:00:25,322] {dag.py:2398} INFO - Sync 1 DAGs
[2022-03-16 00:00:25,333] {logging_mixin.py:109} INFO - [2022-03-16 00:00:25,333] {dag.py:2937} INFO - Setting next_dagrun for example_trigger_controller_dag to 2021-01-01T00:00:00+00:00
[2022-03-16 00:00:25,856] {processor.py:171} INFO - Processing /home/airflow/.local/lib/python3.7/site-packages/airflow/example_dags/example_trigger_controller_dag.py took 0.561 seconds
[2022-03-16 00:00:58,028] {processor.py:163} INFO - Started process (PID=2307) to work on /home/airflow/.local/lib/python3.7/site-packages/airflow/example_dags/example_trigger_controller_dag.py
[2022-03-16 00:00:58,028] {processor.py:642} INFO - Processing file /home/airflow/.local/lib/python3.7/site-packages/airflow/example_dags/example_trigger_controller_dag.py for tasks to queue
[2022-03-16 00:00:58,029] {logging_mixin.py:109} INFO - [2022-03-16 00:00:58,028] {dagbag.py:500} INFO - Filling up the DagBag from /home/airflow/.local/lib/python3.7/site-packages/airflow/example_dags/example_trigger_controller_dag.py
[2022-03-16 00:00:58,046] {processor.py:654} INFO - DAG(s) dict_keys(['example_trigger_controller_dag']) retrieved from /home/airflow/.local/lib/python3.7/site-packages/airflow/example_dags/example_trigger_controller_dag.py
[2022-03-16 00:00:58,052] {logging_mixin.py:109} INFO - [2022-03-16 00:00:58,052] {dag.py:2398} INFO - Sync 1 DAGs
[2022-03-16 00:00:58,063] {logging_mixin.py:109} INFO - [2022-03-16 00:00:58,062] {dag.py:2937} INFO - Setting next_dagrun for example_trigger_controller_dag to 2021-01-01T00:00:00+00:00
[2022-03-16 00:00:58,106] {processor.py:171} INFO - Processing /home/airflow/.local/lib/python3.7/site-packages/airflow/example_dags/example_trigger_controller_dag.py took 0.081 seconds
[2022-03-16 00:01:28,246] {processor.py:163} INFO - Started process (PID=2366) to work on /home/airflow/.local/lib/python3.7/site-packages/airflow/example_dags/example_trigger_controller_dag.py
[2022-03-16 00:01:28,247] {processor.py:642} INFO - Processing file /home/airflow/.local/lib/python3.7/site-packages/airflow/example_dags/example_trigger_controller_dag.py for tasks to queue
[2022-03-16 00:01:28,247] {logging_mixin.py:109} INFO - [2022-03-16 00:01:28,247] {dagbag.py:500} INFO - Filling up the DagBag from /home/airflow/.local/lib/python3.7/site-packages/airflow/example_dags/example_trigger_controller_dag.py
[2022-03-16 00:01:28,274] {processor.py:654} INFO - DAG(s) dict_keys(['example_trigger_controller_dag']) retrieved from /home/airflow/.local/lib/python3.7/site-packages/airflow/example_dags/example_trigger_controller_dag.py
[2022-03-16 00:01:28,284] {logging_mixin.py:109} INFO - [2022-03-16 00:01:28,284] {dag.py:2398} INFO - Sync 1 DAGs
[2022-03-16 00:01:28,301] {logging_mixin.py:109} INFO - [2022-03-16 00:01:28,301] {dag.py:2937} INFO - Setting next_dagrun for example_trigger_controller_dag to 2021-01-01T00:00:00+00:00
[2022-03-16 00:01:28,342] {processor.py:171} INFO - Processing /home/airflow/.local/lib/python3.7/site-packages/airflow/example_dags/example_trigger_controller_dag.py took 0.099 seconds
[2022-03-16 00:02:00,389] {processor.py:163} INFO - Started process (PID=2417) to work on /home/airflow/.local/lib/python3.7/site-packages/airflow/example_dags/example_trigger_controller_dag.py
[2022-03-16 00:02:00,389] {processor.py:642} INFO - Processing file /home/airflow/.local/lib/python3.7/site-packages/airflow/example_dags/example_trigger_controller_dag.py for tasks to queue
[2022-03-16 00:02:00,390] {logging_mixin.py:109} INFO - [2022-03-16 00:02:00,390] {dagbag.py:500} INFO - Filling up the DagBag from /home/airflow/.local/lib/python3.7/site-packages/airflow/example_dags/example_trigger_controller_dag.py
[2022-03-16 00:02:00,410] {processor.py:654} INFO - DAG(s) dict_keys(['example_trigger_controller_dag']) retrieved from /home/airflow/.local/lib/python3.7/site-packages/airflow/example_dags/example_trigger_controller_dag.py
[2022-03-16 00:02:00,418] {logging_mixin.py:109} INFO - [2022-03-16 00:02:00,418] {dag.py:2398} INFO - Sync 1 DAGs
[2022-03-16 00:02:00,433] {logging_mixin.py:109} INFO - [2022-03-16 00:02:00,433] {dag.py:2937} INFO - Setting next_dagrun for example_trigger_controller_dag to 2021-01-01T00:00:00+00:00
[2022-03-16 00:02:01,104] {processor.py:171} INFO - Processing /home/airflow/.local/lib/python3.7/site-packages/airflow/example_dags/example_trigger_controller_dag.py took 0.718 seconds
[2022-03-16 00:02:31,691] {processor.py:163} INFO - Started process (PID=2486) to work on /home/airflow/.local/lib/python3.7/site-packages/airflow/example_dags/example_trigger_controller_dag.py
[2022-03-16 00:02:31,716] {processor.py:642} INFO - Processing file /home/airflow/.local/lib/python3.7/site-packages/airflow/example_dags/example_trigger_controller_dag.py for tasks to queue
[2022-03-16 00:02:31,717] {logging_mixin.py:109} INFO - [2022-03-16 00:02:31,717] {dagbag.py:500} INFO - Filling up the DagBag from /home/airflow/.local/lib/python3.7/site-packages/airflow/example_dags/example_trigger_controller_dag.py
[2022-03-16 00:02:31,755] {processor.py:654} INFO - DAG(s) dict_keys(['example_trigger_controller_dag']) retrieved from /home/airflow/.local/lib/python3.7/site-packages/airflow/example_dags/example_trigger_controller_dag.py
[2022-03-16 00:02:31,769] {logging_mixin.py:109} INFO - [2022-03-16 00:02:31,768] {dag.py:2398} INFO - Sync 1 DAGs
[2022-03-16 00:02:31,787] {logging_mixin.py:109} INFO - [2022-03-16 00:02:31,787] {dag.py:2937} INFO - Setting next_dagrun for example_trigger_controller_dag to 2021-01-01T00:00:00+00:00
[2022-03-16 00:02:32,668] {processor.py:171} INFO - Processing /home/airflow/.local/lib/python3.7/site-packages/airflow/example_dags/example_trigger_controller_dag.py took 0.982 seconds
[2022-03-16 00:03:03,114] {processor.py:163} INFO - Started process (PID=2553) to work on /home/airflow/.local/lib/python3.7/site-packages/airflow/example_dags/example_trigger_controller_dag.py
[2022-03-16 00:03:03,122] {processor.py:642} INFO - Processing file /home/airflow/.local/lib/python3.7/site-packages/airflow/example_dags/example_trigger_controller_dag.py for tasks to queue
[2022-03-16 00:03:03,122] {logging_mixin.py:109} INFO - [2022-03-16 00:03:03,122] {dagbag.py:500} INFO - Filling up the DagBag from /home/airflow/.local/lib/python3.7/site-packages/airflow/example_dags/example_trigger_controller_dag.py
[2022-03-16 00:03:03,142] {processor.py:654} INFO - DAG(s) dict_keys(['example_trigger_controller_dag']) retrieved from /home/airflow/.local/lib/python3.7/site-packages/airflow/example_dags/example_trigger_controller_dag.py
[2022-03-16 00:03:03,149] {logging_mixin.py:109} INFO - [2022-03-16 00:03:03,149] {dag.py:2398} INFO - Sync 1 DAGs
[2022-03-16 00:03:03,162] {logging_mixin.py:109} INFO - [2022-03-16 00:03:03,162] {dag.py:2937} INFO - Setting next_dagrun for example_trigger_controller_dag to 2021-01-01T00:00:00+00:00
[2022-03-16 00:03:03,233] {processor.py:171} INFO - Processing /home/airflow/.local/lib/python3.7/site-packages/airflow/example_dags/example_trigger_controller_dag.py took 0.121 seconds
[2022-03-16 00:03:34,195] {processor.py:163} INFO - Started process (PID=2603) to work on /home/airflow/.local/lib/python3.7/site-packages/airflow/example_dags/example_trigger_controller_dag.py
[2022-03-16 00:03:34,223] {processor.py:642} INFO - Processing file /home/airflow/.local/lib/python3.7/site-packages/airflow/example_dags/example_trigger_controller_dag.py for tasks to queue
[2022-03-16 00:03:34,224] {logging_mixin.py:109} INFO - [2022-03-16 00:03:34,223] {dagbag.py:500} INFO - Filling up the DagBag from /home/airflow/.local/lib/python3.7/site-packages/airflow/example_dags/example_trigger_controller_dag.py
[2022-03-16 00:03:34,247] {processor.py:654} INFO - DAG(s) dict_keys(['example_trigger_controller_dag']) retrieved from /home/airflow/.local/lib/python3.7/site-packages/airflow/example_dags/example_trigger_controller_dag.py
[2022-03-16 00:03:34,255] {logging_mixin.py:109} INFO - [2022-03-16 00:03:34,255] {dag.py:2398} INFO - Sync 1 DAGs
[2022-03-16 00:03:34,271] {logging_mixin.py:109} INFO - [2022-03-16 00:03:34,271] {dag.py:2937} INFO - Setting next_dagrun for example_trigger_controller_dag to 2021-01-01T00:00:00+00:00
[2022-03-16 00:03:34,454] {processor.py:171} INFO - Processing /home/airflow/.local/lib/python3.7/site-packages/airflow/example_dags/example_trigger_controller_dag.py took 0.261 seconds
[2022-03-16 00:04:04,963] {processor.py:163} INFO - Started process (PID=2663) to work on /home/airflow/.local/lib/python3.7/site-packages/airflow/example_dags/example_trigger_controller_dag.py
[2022-03-16 00:04:05,031] {processor.py:642} INFO - Processing file /home/airflow/.local/lib/python3.7/site-packages/airflow/example_dags/example_trigger_controller_dag.py for tasks to queue
[2022-03-16 00:04:05,032] {logging_mixin.py:109} INFO - [2022-03-16 00:04:05,032] {dagbag.py:500} INFO - Filling up the DagBag from /home/airflow/.local/lib/python3.7/site-packages/airflow/example_dags/example_trigger_controller_dag.py
[2022-03-16 00:04:05,050] {processor.py:654} INFO - DAG(s) dict_keys(['example_trigger_controller_dag']) retrieved from /home/airflow/.local/lib/python3.7/site-packages/airflow/example_dags/example_trigger_controller_dag.py
[2022-03-16 00:04:05,057] {logging_mixin.py:109} INFO - [2022-03-16 00:04:05,057] {dag.py:2398} INFO - Sync 1 DAGs
[2022-03-16 00:04:05,071] {logging_mixin.py:109} INFO - [2022-03-16 00:04:05,071] {dag.py:2937} INFO - Setting next_dagrun for example_trigger_controller_dag to 2021-01-01T00:00:00+00:00
[2022-03-16 00:04:05,143] {processor.py:171} INFO - Processing /home/airflow/.local/lib/python3.7/site-packages/airflow/example_dags/example_trigger_controller_dag.py took 0.182 seconds
[2022-03-16 00:04:35,841] {processor.py:163} INFO - Started process (PID=2727) to work on /home/airflow/.local/lib/python3.7/site-packages/airflow/example_dags/example_trigger_controller_dag.py
[2022-03-16 00:04:35,848] {processor.py:642} INFO - Processing file /home/airflow/.local/lib/python3.7/site-packages/airflow/example_dags/example_trigger_controller_dag.py for tasks to queue
[2022-03-16 00:04:35,848] {logging_mixin.py:109} INFO - [2022-03-16 00:04:35,848] {dagbag.py:500} INFO - Filling up the DagBag from /home/airflow/.local/lib/python3.7/site-packages/airflow/example_dags/example_trigger_controller_dag.py
[2022-03-16 00:04:35,866] {processor.py:654} INFO - DAG(s) dict_keys(['example_trigger_controller_dag']) retrieved from /home/airflow/.local/lib/python3.7/site-packages/airflow/example_dags/example_trigger_controller_dag.py
[2022-03-16 00:04:35,873] {logging_mixin.py:109} INFO - [2022-03-16 00:04:35,873] {dag.py:2398} INFO - Sync 1 DAGs
[2022-03-16 00:04:35,884] {logging_mixin.py:109} INFO - [2022-03-16 00:04:35,884] {dag.py:2937} INFO - Setting next_dagrun for example_trigger_controller_dag to 2021-01-01T00:00:00+00:00
[2022-03-16 00:04:35,922] {processor.py:171} INFO - Processing /home/airflow/.local/lib/python3.7/site-packages/airflow/example_dags/example_trigger_controller_dag.py took 0.083 seconds
[2022-03-16 00:05:08,368] {processor.py:163} INFO - Started process (PID=2796) to work on /home/airflow/.local/lib/python3.7/site-packages/airflow/example_dags/example_trigger_controller_dag.py
[2022-03-16 00:05:08,375] {processor.py:642} INFO - Processing file /home/airflow/.local/lib/python3.7/site-packages/airflow/example_dags/example_trigger_controller_dag.py for tasks to queue
[2022-03-16 00:05:08,376] {logging_mixin.py:109} INFO - [2022-03-16 00:05:08,376] {dagbag.py:500} INFO - Filling up the DagBag from /home/airflow/.local/lib/python3.7/site-packages/airflow/example_dags/example_trigger_controller_dag.py
[2022-03-16 00:05:08,396] {processor.py:654} INFO - DAG(s) dict_keys(['example_trigger_controller_dag']) retrieved from /home/airflow/.local/lib/python3.7/site-packages/airflow/example_dags/example_trigger_controller_dag.py
[2022-03-16 00:05:08,403] {logging_mixin.py:109} INFO - [2022-03-16 00:05:08,403] {dag.py:2398} INFO - Sync 1 DAGs
[2022-03-16 00:05:08,417] {logging_mixin.py:109} INFO - [2022-03-16 00:05:08,417] {dag.py:2937} INFO - Setting next_dagrun for example_trigger_controller_dag to 2021-01-01T00:00:00+00:00
[2022-03-16 00:05:08,471] {processor.py:171} INFO - Processing /home/airflow/.local/lib/python3.7/site-packages/airflow/example_dags/example_trigger_controller_dag.py took 0.104 seconds
[2022-03-16 00:05:39,610] {processor.py:163} INFO - Started process (PID=2846) to work on /home/airflow/.local/lib/python3.7/site-packages/airflow/example_dags/example_trigger_controller_dag.py
[2022-03-16 00:05:39,611] {processor.py:642} INFO - Processing file /home/airflow/.local/lib/python3.7/site-packages/airflow/example_dags/example_trigger_controller_dag.py for tasks to queue
[2022-03-16 00:05:39,611] {logging_mixin.py:109} INFO - [2022-03-16 00:05:39,611] {dagbag.py:500} INFO - Filling up the DagBag from /home/airflow/.local/lib/python3.7/site-packages/airflow/example_dags/example_trigger_controller_dag.py
[2022-03-16 00:05:39,632] {processor.py:654} INFO - DAG(s) dict_keys(['example_trigger_controller_dag']) retrieved from /home/airflow/.local/lib/python3.7/site-packages/airflow/example_dags/example_trigger_controller_dag.py
[2022-03-16 00:05:39,638] {logging_mixin.py:109} INFO - [2022-03-16 00:05:39,638] {dag.py:2398} INFO - Sync 1 DAGs
[2022-03-16 00:05:39,649] {logging_mixin.py:109} INFO - [2022-03-16 00:05:39,649] {dag.py:2937} INFO - Setting next_dagrun for example_trigger_controller_dag to 2021-01-01T00:00:00+00:00
[2022-03-16 00:05:39,707] {processor.py:171} INFO - Processing /home/airflow/.local/lib/python3.7/site-packages/airflow/example_dags/example_trigger_controller_dag.py took 0.099 seconds
[2022-03-16 00:06:09,952] {processor.py:163} INFO - Started process (PID=2909) to work on /home/airflow/.local/lib/python3.7/site-packages/airflow/example_dags/example_trigger_controller_dag.py
[2022-03-16 00:06:09,953] {processor.py:642} INFO - Processing file /home/airflow/.local/lib/python3.7/site-packages/airflow/example_dags/example_trigger_controller_dag.py for tasks to queue
[2022-03-16 00:06:09,954] {logging_mixin.py:109} INFO - [2022-03-16 00:06:09,953] {dagbag.py:500} INFO - Filling up the DagBag from /home/airflow/.local/lib/python3.7/site-packages/airflow/example_dags/example_trigger_controller_dag.py
[2022-03-16 00:06:09,975] {processor.py:654} INFO - DAG(s) dict_keys(['example_trigger_controller_dag']) retrieved from /home/airflow/.local/lib/python3.7/site-packages/airflow/example_dags/example_trigger_controller_dag.py
[2022-03-16 00:06:09,981] {logging_mixin.py:109} INFO - [2022-03-16 00:06:09,981] {dag.py:2398} INFO - Sync 1 DAGs
[2022-03-16 00:06:09,992] {logging_mixin.py:109} INFO - [2022-03-16 00:06:09,992] {dag.py:2937} INFO - Setting next_dagrun for example_trigger_controller_dag to 2021-01-01T00:00:00+00:00
[2022-03-16 00:06:10,044] {processor.py:171} INFO - Processing /home/airflow/.local/lib/python3.7/site-packages/airflow/example_dags/example_trigger_controller_dag.py took 0.094 seconds
[2022-03-16 00:06:41,644] {processor.py:163} INFO - Started process (PID=2975) to work on /home/airflow/.local/lib/python3.7/site-packages/airflow/example_dags/example_trigger_controller_dag.py
[2022-03-16 00:06:41,662] {processor.py:642} INFO - Processing file /home/airflow/.local/lib/python3.7/site-packages/airflow/example_dags/example_trigger_controller_dag.py for tasks to queue
[2022-03-16 00:06:41,663] {logging_mixin.py:109} INFO - [2022-03-16 00:06:41,663] {dagbag.py:500} INFO - Filling up the DagBag from /home/airflow/.local/lib/python3.7/site-packages/airflow/example_dags/example_trigger_controller_dag.py
[2022-03-16 00:06:41,681] {processor.py:654} INFO - DAG(s) dict_keys(['example_trigger_controller_dag']) retrieved from /home/airflow/.local/lib/python3.7/site-packages/airflow/example_dags/example_trigger_controller_dag.py
[2022-03-16 00:06:41,688] {logging_mixin.py:109} INFO - [2022-03-16 00:06:41,688] {dag.py:2398} INFO - Sync 1 DAGs
[2022-03-16 00:06:41,699] {logging_mixin.py:109} INFO - [2022-03-16 00:06:41,699] {dag.py:2937} INFO - Setting next_dagrun for example_trigger_controller_dag to 2021-01-01T00:00:00+00:00
[2022-03-16 00:06:41,774] {processor.py:171} INFO - Processing /home/airflow/.local/lib/python3.7/site-packages/airflow/example_dags/example_trigger_controller_dag.py took 0.132 seconds
[2022-03-16 00:07:12,627] {processor.py:163} INFO - Started process (PID=3041) to work on /home/airflow/.local/lib/python3.7/site-packages/airflow/example_dags/example_trigger_controller_dag.py
[2022-03-16 00:07:12,632] {processor.py:642} INFO - Processing file /home/airflow/.local/lib/python3.7/site-packages/airflow/example_dags/example_trigger_controller_dag.py for tasks to queue
[2022-03-16 00:07:12,633] {logging_mixin.py:109} INFO - [2022-03-16 00:07:12,633] {dagbag.py:500} INFO - Filling up the DagBag from /home/airflow/.local/lib/python3.7/site-packages/airflow/example_dags/example_trigger_controller_dag.py
[2022-03-16 00:07:12,651] {processor.py:654} INFO - DAG(s) dict_keys(['example_trigger_controller_dag']) retrieved from /home/airflow/.local/lib/python3.7/site-packages/airflow/example_dags/example_trigger_controller_dag.py
[2022-03-16 00:07:12,657] {logging_mixin.py:109} INFO - [2022-03-16 00:07:12,657] {dag.py:2398} INFO - Sync 1 DAGs
[2022-03-16 00:07:12,667] {logging_mixin.py:109} INFO - [2022-03-16 00:07:12,667] {dag.py:2937} INFO - Setting next_dagrun for example_trigger_controller_dag to 2021-01-01T00:00:00+00:00
[2022-03-16 00:07:13,454] {processor.py:171} INFO - Processing /home/airflow/.local/lib/python3.7/site-packages/airflow/example_dags/example_trigger_controller_dag.py took 0.829 seconds
[2022-03-16 00:07:44,688] {processor.py:163} INFO - Started process (PID=3092) to work on /home/airflow/.local/lib/python3.7/site-packages/airflow/example_dags/example_trigger_controller_dag.py
[2022-03-16 00:07:44,690] {processor.py:642} INFO - Processing file /home/airflow/.local/lib/python3.7/site-packages/airflow/example_dags/example_trigger_controller_dag.py for tasks to queue
[2022-03-16 00:07:44,690] {logging_mixin.py:109} INFO - [2022-03-16 00:07:44,690] {dagbag.py:500} INFO - Filling up the DagBag from /home/airflow/.local/lib/python3.7/site-packages/airflow/example_dags/example_trigger_controller_dag.py
[2022-03-16 00:07:44,711] {processor.py:654} INFO - DAG(s) dict_keys(['example_trigger_controller_dag']) retrieved from /home/airflow/.local/lib/python3.7/site-packages/airflow/example_dags/example_trigger_controller_dag.py
[2022-03-16 00:07:44,718] {logging_mixin.py:109} INFO - [2022-03-16 00:07:44,718] {dag.py:2398} INFO - Sync 1 DAGs
[2022-03-16 00:07:44,729] {logging_mixin.py:109} INFO - [2022-03-16 00:07:44,729] {dag.py:2937} INFO - Setting next_dagrun for example_trigger_controller_dag to 2021-01-01T00:00:00+00:00
[2022-03-16 00:07:46,073] {processor.py:171} INFO - Processing /home/airflow/.local/lib/python3.7/site-packages/airflow/example_dags/example_trigger_controller_dag.py took 1.387 seconds
[2022-03-16 00:08:16,414] {processor.py:163} INFO - Started process (PID=3157) to work on /home/airflow/.local/lib/python3.7/site-packages/airflow/example_dags/example_trigger_controller_dag.py
[2022-03-16 00:08:16,439] {processor.py:642} INFO - Processing file /home/airflow/.local/lib/python3.7/site-packages/airflow/example_dags/example_trigger_controller_dag.py for tasks to queue
[2022-03-16 00:08:16,439] {logging_mixin.py:109} INFO - [2022-03-16 00:08:16,439] {dagbag.py:500} INFO - Filling up the DagBag from /home/airflow/.local/lib/python3.7/site-packages/airflow/example_dags/example_trigger_controller_dag.py
[2022-03-16 00:08:16,460] {processor.py:654} INFO - DAG(s) dict_keys(['example_trigger_controller_dag']) retrieved from /home/airflow/.local/lib/python3.7/site-packages/airflow/example_dags/example_trigger_controller_dag.py
[2022-03-16 00:08:16,467] {logging_mixin.py:109} INFO - [2022-03-16 00:08:16,467] {dag.py:2398} INFO - Sync 1 DAGs
[2022-03-16 00:08:16,479] {logging_mixin.py:109} INFO - [2022-03-16 00:08:16,479] {dag.py:2937} INFO - Setting next_dagrun for example_trigger_controller_dag to 2021-01-01T00:00:00+00:00
[2022-03-16 00:08:16,521] {processor.py:171} INFO - Processing /home/airflow/.local/lib/python3.7/site-packages/airflow/example_dags/example_trigger_controller_dag.py took 0.110 seconds
[2022-03-16 00:08:47,382] {processor.py:163} INFO - Started process (PID=3223) to work on /home/airflow/.local/lib/python3.7/site-packages/airflow/example_dags/example_trigger_controller_dag.py
[2022-03-16 00:08:47,422] {processor.py:642} INFO - Processing file /home/airflow/.local/lib/python3.7/site-packages/airflow/example_dags/example_trigger_controller_dag.py for tasks to queue
[2022-03-16 00:08:47,422] {logging_mixin.py:109} INFO - [2022-03-16 00:08:47,422] {dagbag.py:500} INFO - Filling up the DagBag from /home/airflow/.local/lib/python3.7/site-packages/airflow/example_dags/example_trigger_controller_dag.py
[2022-03-16 00:08:47,449] {processor.py:654} INFO - DAG(s) dict_keys(['example_trigger_controller_dag']) retrieved from /home/airflow/.local/lib/python3.7/site-packages/airflow/example_dags/example_trigger_controller_dag.py
[2022-03-16 00:08:47,458] {logging_mixin.py:109} INFO - [2022-03-16 00:08:47,458] {dag.py:2398} INFO - Sync 1 DAGs
[2022-03-16 00:08:47,472] {logging_mixin.py:109} INFO - [2022-03-16 00:08:47,472] {dag.py:2937} INFO - Setting next_dagrun for example_trigger_controller_dag to 2021-01-01T00:00:00+00:00
[2022-03-16 00:08:47,529] {processor.py:171} INFO - Processing /home/airflow/.local/lib/python3.7/site-packages/airflow/example_dags/example_trigger_controller_dag.py took 0.149 seconds
[2022-03-16 00:09:18,470] {processor.py:163} INFO - Started process (PID=3287) to work on /home/airflow/.local/lib/python3.7/site-packages/airflow/example_dags/example_trigger_controller_dag.py
[2022-03-16 00:09:18,511] {processor.py:642} INFO - Processing file /home/airflow/.local/lib/python3.7/site-packages/airflow/example_dags/example_trigger_controller_dag.py for tasks to queue
[2022-03-16 00:09:18,512] {logging_mixin.py:109} INFO - [2022-03-16 00:09:18,512] {dagbag.py:500} INFO - Filling up the DagBag from /home/airflow/.local/lib/python3.7/site-packages/airflow/example_dags/example_trigger_controller_dag.py
[2022-03-16 00:09:18,535] {processor.py:654} INFO - DAG(s) dict_keys(['example_trigger_controller_dag']) retrieved from /home/airflow/.local/lib/python3.7/site-packages/airflow/example_dags/example_trigger_controller_dag.py
[2022-03-16 00:09:18,542] {logging_mixin.py:109} INFO - [2022-03-16 00:09:18,542] {dag.py:2398} INFO - Sync 1 DAGs
[2022-03-16 00:09:18,554] {logging_mixin.py:109} INFO - [2022-03-16 00:09:18,554] {dag.py:2937} INFO - Setting next_dagrun for example_trigger_controller_dag to 2021-01-01T00:00:00+00:00
[2022-03-16 00:09:19,487] {processor.py:171} INFO - Processing /home/airflow/.local/lib/python3.7/site-packages/airflow/example_dags/example_trigger_controller_dag.py took 1.019 seconds
[2022-03-16 00:09:50,012] {processor.py:163} INFO - Started process (PID=3336) to work on /home/airflow/.local/lib/python3.7/site-packages/airflow/example_dags/example_trigger_controller_dag.py
[2022-03-16 00:09:50,029] {processor.py:642} INFO - Processing file /home/airflow/.local/lib/python3.7/site-packages/airflow/example_dags/example_trigger_controller_dag.py for tasks to queue
[2022-03-16 00:09:50,030] {logging_mixin.py:109} INFO - [2022-03-16 00:09:50,030] {dagbag.py:500} INFO - Filling up the DagBag from /home/airflow/.local/lib/python3.7/site-packages/airflow/example_dags/example_trigger_controller_dag.py
[2022-03-16 00:09:50,054] {processor.py:654} INFO - DAG(s) dict_keys(['example_trigger_controller_dag']) retrieved from /home/airflow/.local/lib/python3.7/site-packages/airflow/example_dags/example_trigger_controller_dag.py
[2022-03-16 00:09:50,063] {logging_mixin.py:109} INFO - [2022-03-16 00:09:50,063] {dag.py:2398} INFO - Sync 1 DAGs
[2022-03-16 00:09:50,078] {logging_mixin.py:109} INFO - [2022-03-16 00:09:50,078] {dag.py:2937} INFO - Setting next_dagrun for example_trigger_controller_dag to 2021-01-01T00:00:00+00:00
[2022-03-16 00:09:50,123] {processor.py:171} INFO - Processing /home/airflow/.local/lib/python3.7/site-packages/airflow/example_dags/example_trigger_controller_dag.py took 0.113 seconds
[2022-03-16 00:10:20,684] {processor.py:163} INFO - Started process (PID=3395) to work on /home/airflow/.local/lib/python3.7/site-packages/airflow/example_dags/example_trigger_controller_dag.py
[2022-03-16 00:10:20,687] {processor.py:642} INFO - Processing file /home/airflow/.local/lib/python3.7/site-packages/airflow/example_dags/example_trigger_controller_dag.py for tasks to queue
[2022-03-16 00:10:20,688] {logging_mixin.py:109} INFO - [2022-03-16 00:10:20,688] {dagbag.py:500} INFO - Filling up the DagBag from /home/airflow/.local/lib/python3.7/site-packages/airflow/example_dags/example_trigger_controller_dag.py
[2022-03-16 00:10:20,721] {processor.py:654} INFO - DAG(s) dict_keys(['example_trigger_controller_dag']) retrieved from /home/airflow/.local/lib/python3.7/site-packages/airflow/example_dags/example_trigger_controller_dag.py
[2022-03-16 00:10:20,728] {logging_mixin.py:109} INFO - [2022-03-16 00:10:20,727] {dag.py:2398} INFO - Sync 1 DAGs
[2022-03-16 00:10:20,738] {logging_mixin.py:109} INFO - [2022-03-16 00:10:20,738] {dag.py:2937} INFO - Setting next_dagrun for example_trigger_controller_dag to 2021-01-01T00:00:00+00:00
[2022-03-16 00:10:20,786] {processor.py:171} INFO - Processing /home/airflow/.local/lib/python3.7/site-packages/airflow/example_dags/example_trigger_controller_dag.py took 0.108 seconds
[2022-03-16 00:10:51,252] {processor.py:163} INFO - Started process (PID=3467) to work on /home/airflow/.local/lib/python3.7/site-packages/airflow/example_dags/example_trigger_controller_dag.py
[2022-03-16 00:10:51,295] {processor.py:642} INFO - Processing file /home/airflow/.local/lib/python3.7/site-packages/airflow/example_dags/example_trigger_controller_dag.py for tasks to queue
[2022-03-16 00:10:51,296] {logging_mixin.py:109} INFO - [2022-03-16 00:10:51,296] {dagbag.py:500} INFO - Filling up the DagBag from /home/airflow/.local/lib/python3.7/site-packages/airflow/example_dags/example_trigger_controller_dag.py
[2022-03-16 00:10:51,315] {processor.py:654} INFO - DAG(s) dict_keys(['example_trigger_controller_dag']) retrieved from /home/airflow/.local/lib/python3.7/site-packages/airflow/example_dags/example_trigger_controller_dag.py
[2022-03-16 00:10:51,320] {logging_mixin.py:109} INFO - [2022-03-16 00:10:51,320] {dag.py:2398} INFO - Sync 1 DAGs
[2022-03-16 00:10:51,331] {logging_mixin.py:109} INFO - [2022-03-16 00:10:51,330] {dag.py:2937} INFO - Setting next_dagrun for example_trigger_controller_dag to 2021-01-01T00:00:00+00:00
[2022-03-16 00:10:52,013] {processor.py:171} INFO - Processing /home/airflow/.local/lib/python3.7/site-packages/airflow/example_dags/example_trigger_controller_dag.py took 0.763 seconds
[2022-03-16 00:11:22,069] {processor.py:163} INFO - Started process (PID=3521) to work on /home/airflow/.local/lib/python3.7/site-packages/airflow/example_dags/example_trigger_controller_dag.py
[2022-03-16 00:11:22,091] {processor.py:642} INFO - Processing file /home/airflow/.local/lib/python3.7/site-packages/airflow/example_dags/example_trigger_controller_dag.py for tasks to queue
[2022-03-16 00:11:22,091] {logging_mixin.py:109} INFO - [2022-03-16 00:11:22,091] {dagbag.py:500} INFO - Filling up the DagBag from /home/airflow/.local/lib/python3.7/site-packages/airflow/example_dags/example_trigger_controller_dag.py
[2022-03-16 00:11:22,109] {processor.py:654} INFO - DAG(s) dict_keys(['example_trigger_controller_dag']) retrieved from /home/airflow/.local/lib/python3.7/site-packages/airflow/example_dags/example_trigger_controller_dag.py
[2022-03-16 00:11:22,116] {logging_mixin.py:109} INFO - [2022-03-16 00:11:22,116] {dag.py:2398} INFO - Sync 1 DAGs
[2022-03-16 00:11:22,126] {logging_mixin.py:109} INFO - [2022-03-16 00:11:22,126] {dag.py:2937} INFO - Setting next_dagrun for example_trigger_controller_dag to 2021-01-01T00:00:00+00:00
[2022-03-16 00:11:22,528] {processor.py:171} INFO - Processing /home/airflow/.local/lib/python3.7/site-packages/airflow/example_dags/example_trigger_controller_dag.py took 0.461 seconds
[2022-03-16 00:11:52,942] {processor.py:163} INFO - Started process (PID=3580) to work on /home/airflow/.local/lib/python3.7/site-packages/airflow/example_dags/example_trigger_controller_dag.py
[2022-03-16 00:11:52,946] {processor.py:642} INFO - Processing file /home/airflow/.local/lib/python3.7/site-packages/airflow/example_dags/example_trigger_controller_dag.py for tasks to queue
[2022-03-16 00:11:52,947] {logging_mixin.py:109} INFO - [2022-03-16 00:11:52,947] {dagbag.py:500} INFO - Filling up the DagBag from /home/airflow/.local/lib/python3.7/site-packages/airflow/example_dags/example_trigger_controller_dag.py
[2022-03-16 00:11:52,964] {processor.py:654} INFO - DAG(s) dict_keys(['example_trigger_controller_dag']) retrieved from /home/airflow/.local/lib/python3.7/site-packages/airflow/example_dags/example_trigger_controller_dag.py
[2022-03-16 00:11:52,971] {logging_mixin.py:109} INFO - [2022-03-16 00:11:52,971] {dag.py:2398} INFO - Sync 1 DAGs
[2022-03-16 00:11:52,983] {logging_mixin.py:109} INFO - [2022-03-16 00:11:52,983] {dag.py:2937} INFO - Setting next_dagrun for example_trigger_controller_dag to 2021-01-01T00:00:00+00:00
[2022-03-16 00:11:53,021] {processor.py:171} INFO - Processing /home/airflow/.local/lib/python3.7/site-packages/airflow/example_dags/example_trigger_controller_dag.py took 0.081 seconds
[2022-03-16 00:12:23,279] {processor.py:163} INFO - Started process (PID=3638) to work on /home/airflow/.local/lib/python3.7/site-packages/airflow/example_dags/example_trigger_controller_dag.py
[2022-03-16 00:12:23,287] {processor.py:642} INFO - Processing file /home/airflow/.local/lib/python3.7/site-packages/airflow/example_dags/example_trigger_controller_dag.py for tasks to queue
[2022-03-16 00:12:23,288] {logging_mixin.py:109} INFO - [2022-03-16 00:12:23,287] {dagbag.py:500} INFO - Filling up the DagBag from /home/airflow/.local/lib/python3.7/site-packages/airflow/example_dags/example_trigger_controller_dag.py
[2022-03-16 00:12:23,305] {processor.py:654} INFO - DAG(s) dict_keys(['example_trigger_controller_dag']) retrieved from /home/airflow/.local/lib/python3.7/site-packages/airflow/example_dags/example_trigger_controller_dag.py
[2022-03-16 00:12:23,311] {logging_mixin.py:109} INFO - [2022-03-16 00:12:23,311] {dag.py:2398} INFO - Sync 1 DAGs
[2022-03-16 00:12:23,321] {logging_mixin.py:109} INFO - [2022-03-16 00:12:23,321] {dag.py:2937} INFO - Setting next_dagrun for example_trigger_controller_dag to 2021-01-01T00:00:00+00:00
[2022-03-16 00:12:23,372] {processor.py:171} INFO - Processing /home/airflow/.local/lib/python3.7/site-packages/airflow/example_dags/example_trigger_controller_dag.py took 0.094 seconds
[2022-03-16 00:12:54,118] {processor.py:163} INFO - Started process (PID=3698) to work on /home/airflow/.local/lib/python3.7/site-packages/airflow/example_dags/example_trigger_controller_dag.py
[2022-03-16 00:12:54,119] {processor.py:642} INFO - Processing file /home/airflow/.local/lib/python3.7/site-packages/airflow/example_dags/example_trigger_controller_dag.py for tasks to queue
[2022-03-16 00:12:54,119] {logging_mixin.py:109} INFO - [2022-03-16 00:12:54,119] {dagbag.py:500} INFO - Filling up the DagBag from /home/airflow/.local/lib/python3.7/site-packages/airflow/example_dags/example_trigger_controller_dag.py
[2022-03-16 00:12:54,136] {processor.py:654} INFO - DAG(s) dict_keys(['example_trigger_controller_dag']) retrieved from /home/airflow/.local/lib/python3.7/site-packages/airflow/example_dags/example_trigger_controller_dag.py
[2022-03-16 00:12:54,143] {logging_mixin.py:109} INFO - [2022-03-16 00:12:54,142] {dag.py:2398} INFO - Sync 1 DAGs
[2022-03-16 00:12:54,153] {logging_mixin.py:109} INFO - [2022-03-16 00:12:54,153] {dag.py:2937} INFO - Setting next_dagrun for example_trigger_controller_dag to 2021-01-01T00:00:00+00:00
[2022-03-16 00:12:54,207] {processor.py:171} INFO - Processing /home/airflow/.local/lib/python3.7/site-packages/airflow/example_dags/example_trigger_controller_dag.py took 0.091 seconds
[2022-03-16 00:13:24,914] {processor.py:163} INFO - Started process (PID=3761) to work on /home/airflow/.local/lib/python3.7/site-packages/airflow/example_dags/example_trigger_controller_dag.py
[2022-03-16 00:13:24,917] {processor.py:642} INFO - Processing file /home/airflow/.local/lib/python3.7/site-packages/airflow/example_dags/example_trigger_controller_dag.py for tasks to queue
[2022-03-16 00:13:24,917] {logging_mixin.py:109} INFO - [2022-03-16 00:13:24,917] {dagbag.py:500} INFO - Filling up the DagBag from /home/airflow/.local/lib/python3.7/site-packages/airflow/example_dags/example_trigger_controller_dag.py
[2022-03-16 00:13:24,937] {processor.py:654} INFO - DAG(s) dict_keys(['example_trigger_controller_dag']) retrieved from /home/airflow/.local/lib/python3.7/site-packages/airflow/example_dags/example_trigger_controller_dag.py
[2022-03-16 00:13:24,943] {logging_mixin.py:109} INFO - [2022-03-16 00:13:24,943] {dag.py:2398} INFO - Sync 1 DAGs
[2022-03-16 00:13:24,954] {logging_mixin.py:109} INFO - [2022-03-16 00:13:24,954] {dag.py:2937} INFO - Setting next_dagrun for example_trigger_controller_dag to 2021-01-01T00:00:00+00:00
[2022-03-16 00:13:25,008] {processor.py:171} INFO - Processing /home/airflow/.local/lib/python3.7/site-packages/airflow/example_dags/example_trigger_controller_dag.py took 0.096 seconds
[2022-03-16 00:13:55,875] {processor.py:163} INFO - Started process (PID=3812) to work on /home/airflow/.local/lib/python3.7/site-packages/airflow/example_dags/example_trigger_controller_dag.py
[2022-03-16 00:13:55,895] {processor.py:642} INFO - Processing file /home/airflow/.local/lib/python3.7/site-packages/airflow/example_dags/example_trigger_controller_dag.py for tasks to queue
[2022-03-16 00:13:55,896] {logging_mixin.py:109} INFO - [2022-03-16 00:13:55,896] {dagbag.py:500} INFO - Filling up the DagBag from /home/airflow/.local/lib/python3.7/site-packages/airflow/example_dags/example_trigger_controller_dag.py
[2022-03-16 00:13:55,914] {processor.py:654} INFO - DAG(s) dict_keys(['example_trigger_controller_dag']) retrieved from /home/airflow/.local/lib/python3.7/site-packages/airflow/example_dags/example_trigger_controller_dag.py
[2022-03-16 00:13:55,920] {logging_mixin.py:109} INFO - [2022-03-16 00:13:55,920] {dag.py:2398} INFO - Sync 1 DAGs
[2022-03-16 00:13:55,931] {logging_mixin.py:109} INFO - [2022-03-16 00:13:55,931] {dag.py:2937} INFO - Setting next_dagrun for example_trigger_controller_dag to 2021-01-01T00:00:00+00:00
[2022-03-16 00:13:56,699] {processor.py:171} INFO - Processing /home/airflow/.local/lib/python3.7/site-packages/airflow/example_dags/example_trigger_controller_dag.py took 0.825 seconds
[2022-03-16 00:14:28,296] {processor.py:163} INFO - Started process (PID=3883) to work on /home/airflow/.local/lib/python3.7/site-packages/airflow/example_dags/example_trigger_controller_dag.py
[2022-03-16 00:14:28,306] {processor.py:642} INFO - Processing file /home/airflow/.local/lib/python3.7/site-packages/airflow/example_dags/example_trigger_controller_dag.py for tasks to queue
[2022-03-16 00:14:28,307] {logging_mixin.py:109} INFO - [2022-03-16 00:14:28,307] {dagbag.py:500} INFO - Filling up the DagBag from /home/airflow/.local/lib/python3.7/site-packages/airflow/example_dags/example_trigger_controller_dag.py
[2022-03-16 00:14:28,345] {processor.py:654} INFO - DAG(s) dict_keys(['example_trigger_controller_dag']) retrieved from /home/airflow/.local/lib/python3.7/site-packages/airflow/example_dags/example_trigger_controller_dag.py
[2022-03-16 00:14:28,359] {logging_mixin.py:109} INFO - [2022-03-16 00:14:28,359] {dag.py:2398} INFO - Sync 1 DAGs
[2022-03-16 00:14:28,386] {logging_mixin.py:109} INFO - [2022-03-16 00:14:28,385] {dag.py:2937} INFO - Setting next_dagrun for example_trigger_controller_dag to 2021-01-01T00:00:00+00:00
[2022-03-16 00:14:28,460] {processor.py:171} INFO - Processing /home/airflow/.local/lib/python3.7/site-packages/airflow/example_dags/example_trigger_controller_dag.py took 0.167 seconds
[2022-03-16 00:14:59,468] {processor.py:163} INFO - Started process (PID=3944) to work on /home/airflow/.local/lib/python3.7/site-packages/airflow/example_dags/example_trigger_controller_dag.py
[2022-03-16 00:14:59,494] {processor.py:642} INFO - Processing file /home/airflow/.local/lib/python3.7/site-packages/airflow/example_dags/example_trigger_controller_dag.py for tasks to queue
[2022-03-16 00:14:59,495] {logging_mixin.py:109} INFO - [2022-03-16 00:14:59,495] {dagbag.py:500} INFO - Filling up the DagBag from /home/airflow/.local/lib/python3.7/site-packages/airflow/example_dags/example_trigger_controller_dag.py
[2022-03-16 00:14:59,527] {processor.py:654} INFO - DAG(s) dict_keys(['example_trigger_controller_dag']) retrieved from /home/airflow/.local/lib/python3.7/site-packages/airflow/example_dags/example_trigger_controller_dag.py
[2022-03-16 00:14:59,536] {logging_mixin.py:109} INFO - [2022-03-16 00:14:59,536] {dag.py:2398} INFO - Sync 1 DAGs
[2022-03-16 00:14:59,550] {logging_mixin.py:109} INFO - [2022-03-16 00:14:59,550] {dag.py:2937} INFO - Setting next_dagrun for example_trigger_controller_dag to 2021-01-01T00:00:00+00:00
[2022-03-16 00:14:59,595] {processor.py:171} INFO - Processing /home/airflow/.local/lib/python3.7/site-packages/airflow/example_dags/example_trigger_controller_dag.py took 0.131 seconds
[2022-03-16 00:15:30,960] {processor.py:163} INFO - Started process (PID=3997) to work on /home/airflow/.local/lib/python3.7/site-packages/airflow/example_dags/example_trigger_controller_dag.py
[2022-03-16 00:15:30,979] {processor.py:642} INFO - Processing file /home/airflow/.local/lib/python3.7/site-packages/airflow/example_dags/example_trigger_controller_dag.py for tasks to queue
[2022-03-16 00:15:30,979] {logging_mixin.py:109} INFO - [2022-03-16 00:15:30,979] {dagbag.py:500} INFO - Filling up the DagBag from /home/airflow/.local/lib/python3.7/site-packages/airflow/example_dags/example_trigger_controller_dag.py
[2022-03-16 00:15:30,997] {processor.py:654} INFO - DAG(s) dict_keys(['example_trigger_controller_dag']) retrieved from /home/airflow/.local/lib/python3.7/site-packages/airflow/example_dags/example_trigger_controller_dag.py
[2022-03-16 00:15:31,003] {logging_mixin.py:109} INFO - [2022-03-16 00:15:31,003] {dag.py:2398} INFO - Sync 1 DAGs
[2022-03-16 00:15:31,014] {logging_mixin.py:109} INFO - [2022-03-16 00:15:31,014] {dag.py:2937} INFO - Setting next_dagrun for example_trigger_controller_dag to 2021-01-01T00:00:00+00:00
[2022-03-16 00:15:31,078] {processor.py:171} INFO - Processing /home/airflow/.local/lib/python3.7/site-packages/airflow/example_dags/example_trigger_controller_dag.py took 0.120 seconds
[2022-03-16 00:16:02,385] {processor.py:163} INFO - Started process (PID=4057) to work on /home/airflow/.local/lib/python3.7/site-packages/airflow/example_dags/example_trigger_controller_dag.py
[2022-03-16 00:16:02,473] {processor.py:642} INFO - Processing file /home/airflow/.local/lib/python3.7/site-packages/airflow/example_dags/example_trigger_controller_dag.py for tasks to queue
[2022-03-16 00:16:02,473] {logging_mixin.py:109} INFO - [2022-03-16 00:16:02,473] {dagbag.py:500} INFO - Filling up the DagBag from /home/airflow/.local/lib/python3.7/site-packages/airflow/example_dags/example_trigger_controller_dag.py
[2022-03-16 00:16:02,503] {processor.py:654} INFO - DAG(s) dict_keys(['example_trigger_controller_dag']) retrieved from /home/airflow/.local/lib/python3.7/site-packages/airflow/example_dags/example_trigger_controller_dag.py
[2022-03-16 00:16:02,511] {logging_mixin.py:109} INFO - [2022-03-16 00:16:02,511] {dag.py:2398} INFO - Sync 1 DAGs
[2022-03-16 00:16:02,525] {logging_mixin.py:109} INFO - [2022-03-16 00:16:02,525] {dag.py:2937} INFO - Setting next_dagrun for example_trigger_controller_dag to 2021-01-01T00:00:00+00:00
[2022-03-16 00:16:03,017] {processor.py:171} INFO - Processing /home/airflow/.local/lib/python3.7/site-packages/airflow/example_dags/example_trigger_controller_dag.py took 0.633 seconds
[2022-03-16 00:16:33,914] {processor.py:163} INFO - Started process (PID=4120) to work on /home/airflow/.local/lib/python3.7/site-packages/airflow/example_dags/example_trigger_controller_dag.py
[2022-03-16 00:16:33,989] {processor.py:642} INFO - Processing file /home/airflow/.local/lib/python3.7/site-packages/airflow/example_dags/example_trigger_controller_dag.py for tasks to queue
[2022-03-16 00:16:33,989] {logging_mixin.py:109} INFO - [2022-03-16 00:16:33,989] {dagbag.py:500} INFO - Filling up the DagBag from /home/airflow/.local/lib/python3.7/site-packages/airflow/example_dags/example_trigger_controller_dag.py
[2022-03-16 00:16:34,037] {processor.py:654} INFO - DAG(s) dict_keys(['example_trigger_controller_dag']) retrieved from /home/airflow/.local/lib/python3.7/site-packages/airflow/example_dags/example_trigger_controller_dag.py
[2022-03-16 00:16:34,050] {logging_mixin.py:109} INFO - [2022-03-16 00:16:34,050] {dag.py:2398} INFO - Sync 1 DAGs
[2022-03-16 00:16:34,087] {logging_mixin.py:109} INFO - [2022-03-16 00:16:34,087] {dag.py:2937} INFO - Setting next_dagrun for example_trigger_controller_dag to 2021-01-01T00:00:00+00:00
[2022-03-16 00:16:34,458] {processor.py:171} INFO - Processing /home/airflow/.local/lib/python3.7/site-packages/airflow/example_dags/example_trigger_controller_dag.py took 0.547 seconds
[2022-03-16 00:17:04,538] {processor.py:163} INFO - Started process (PID=4178) to work on /home/airflow/.local/lib/python3.7/site-packages/airflow/example_dags/example_trigger_controller_dag.py
[2022-03-16 00:17:04,568] {processor.py:642} INFO - Processing file /home/airflow/.local/lib/python3.7/site-packages/airflow/example_dags/example_trigger_controller_dag.py for tasks to queue
[2022-03-16 00:17:04,569] {logging_mixin.py:109} INFO - [2022-03-16 00:17:04,569] {dagbag.py:500} INFO - Filling up the DagBag from /home/airflow/.local/lib/python3.7/site-packages/airflow/example_dags/example_trigger_controller_dag.py
[2022-03-16 00:17:04,586] {processor.py:654} INFO - DAG(s) dict_keys(['example_trigger_controller_dag']) retrieved from /home/airflow/.local/lib/python3.7/site-packages/airflow/example_dags/example_trigger_controller_dag.py
[2022-03-16 00:17:04,592] {logging_mixin.py:109} INFO - [2022-03-16 00:17:04,592] {dag.py:2398} INFO - Sync 1 DAGs
[2022-03-16 00:17:04,602] {logging_mixin.py:109} INFO - [2022-03-16 00:17:04,602] {dag.py:2937} INFO - Setting next_dagrun for example_trigger_controller_dag to 2021-01-01T00:00:00+00:00
[2022-03-16 00:17:04,702] {processor.py:171} INFO - Processing /home/airflow/.local/lib/python3.7/site-packages/airflow/example_dags/example_trigger_controller_dag.py took 0.166 seconds
[2022-03-16 00:17:34,824] {processor.py:163} INFO - Started process (PID=4238) to work on /home/airflow/.local/lib/python3.7/site-packages/airflow/example_dags/example_trigger_controller_dag.py
[2022-03-16 00:17:34,861] {processor.py:642} INFO - Processing file /home/airflow/.local/lib/python3.7/site-packages/airflow/example_dags/example_trigger_controller_dag.py for tasks to queue
[2022-03-16 00:17:34,861] {logging_mixin.py:109} INFO - [2022-03-16 00:17:34,861] {dagbag.py:500} INFO - Filling up the DagBag from /home/airflow/.local/lib/python3.7/site-packages/airflow/example_dags/example_trigger_controller_dag.py
[2022-03-16 00:17:34,900] {processor.py:654} INFO - DAG(s) dict_keys(['example_trigger_controller_dag']) retrieved from /home/airflow/.local/lib/python3.7/site-packages/airflow/example_dags/example_trigger_controller_dag.py
[2022-03-16 00:17:34,909] {logging_mixin.py:109} INFO - [2022-03-16 00:17:34,908] {dag.py:2398} INFO - Sync 1 DAGs
[2022-03-16 00:17:34,920] {logging_mixin.py:109} INFO - [2022-03-16 00:17:34,920] {dag.py:2937} INFO - Setting next_dagrun for example_trigger_controller_dag to 2021-01-01T00:00:00+00:00
[2022-03-16 00:17:35,697] {processor.py:171} INFO - Processing /home/airflow/.local/lib/python3.7/site-packages/airflow/example_dags/example_trigger_controller_dag.py took 0.881 seconds
[2022-03-16 00:18:06,192] {processor.py:163} INFO - Started process (PID=4291) to work on /home/airflow/.local/lib/python3.7/site-packages/airflow/example_dags/example_trigger_controller_dag.py
[2022-03-16 00:18:06,199] {processor.py:642} INFO - Processing file /home/airflow/.local/lib/python3.7/site-packages/airflow/example_dags/example_trigger_controller_dag.py for tasks to queue
[2022-03-16 00:18:06,199] {logging_mixin.py:109} INFO - [2022-03-16 00:18:06,199] {dagbag.py:500} INFO - Filling up the DagBag from /home/airflow/.local/lib/python3.7/site-packages/airflow/example_dags/example_trigger_controller_dag.py
[2022-03-16 00:18:06,218] {processor.py:654} INFO - DAG(s) dict_keys(['example_trigger_controller_dag']) retrieved from /home/airflow/.local/lib/python3.7/site-packages/airflow/example_dags/example_trigger_controller_dag.py
[2022-03-16 00:18:06,225] {logging_mixin.py:109} INFO - [2022-03-16 00:18:06,225] {dag.py:2398} INFO - Sync 1 DAGs
[2022-03-16 00:18:06,237] {logging_mixin.py:109} INFO - [2022-03-16 00:18:06,237] {dag.py:2937} INFO - Setting next_dagrun for example_trigger_controller_dag to 2021-01-01T00:00:00+00:00
[2022-03-16 00:18:06,296] {processor.py:171} INFO - Processing /home/airflow/.local/lib/python3.7/site-packages/airflow/example_dags/example_trigger_controller_dag.py took 0.106 seconds
[2022-03-16 00:18:37,356] {processor.py:163} INFO - Started process (PID=4365) to work on /home/airflow/.local/lib/python3.7/site-packages/airflow/example_dags/example_trigger_controller_dag.py
[2022-03-16 00:18:37,360] {processor.py:642} INFO - Processing file /home/airflow/.local/lib/python3.7/site-packages/airflow/example_dags/example_trigger_controller_dag.py for tasks to queue
[2022-03-16 00:18:37,360] {logging_mixin.py:109} INFO - [2022-03-16 00:18:37,360] {dagbag.py:500} INFO - Filling up the DagBag from /home/airflow/.local/lib/python3.7/site-packages/airflow/example_dags/example_trigger_controller_dag.py
[2022-03-16 00:18:37,378] {processor.py:654} INFO - DAG(s) dict_keys(['example_trigger_controller_dag']) retrieved from /home/airflow/.local/lib/python3.7/site-packages/airflow/example_dags/example_trigger_controller_dag.py
[2022-03-16 00:18:37,384] {logging_mixin.py:109} INFO - [2022-03-16 00:18:37,384] {dag.py:2398} INFO - Sync 1 DAGs
[2022-03-16 00:18:37,398] {logging_mixin.py:109} INFO - [2022-03-16 00:18:37,397] {dag.py:2937} INFO - Setting next_dagrun for example_trigger_controller_dag to 2021-01-01T00:00:00+00:00
[2022-03-16 00:18:37,481] {processor.py:171} INFO - Processing /home/airflow/.local/lib/python3.7/site-packages/airflow/example_dags/example_trigger_controller_dag.py took 0.127 seconds
[2022-03-16 00:19:08,093] {processor.py:163} INFO - Started process (PID=4425) to work on /home/airflow/.local/lib/python3.7/site-packages/airflow/example_dags/example_trigger_controller_dag.py
[2022-03-16 00:19:08,102] {processor.py:642} INFO - Processing file /home/airflow/.local/lib/python3.7/site-packages/airflow/example_dags/example_trigger_controller_dag.py for tasks to queue
[2022-03-16 00:19:08,102] {logging_mixin.py:109} INFO - [2022-03-16 00:19:08,102] {dagbag.py:500} INFO - Filling up the DagBag from /home/airflow/.local/lib/python3.7/site-packages/airflow/example_dags/example_trigger_controller_dag.py
[2022-03-16 00:19:08,121] {processor.py:654} INFO - DAG(s) dict_keys(['example_trigger_controller_dag']) retrieved from /home/airflow/.local/lib/python3.7/site-packages/airflow/example_dags/example_trigger_controller_dag.py
[2022-03-16 00:19:08,128] {logging_mixin.py:109} INFO - [2022-03-16 00:19:08,127] {dag.py:2398} INFO - Sync 1 DAGs
[2022-03-16 00:19:08,140] {logging_mixin.py:109} INFO - [2022-03-16 00:19:08,139] {dag.py:2937} INFO - Setting next_dagrun for example_trigger_controller_dag to 2021-01-01T00:00:00+00:00
[2022-03-16 00:19:08,196] {processor.py:171} INFO - Processing /home/airflow/.local/lib/python3.7/site-packages/airflow/example_dags/example_trigger_controller_dag.py took 0.105 seconds
[2022-03-16 00:19:39,907] {processor.py:163} INFO - Started process (PID=4484) to work on /home/airflow/.local/lib/python3.7/site-packages/airflow/example_dags/example_trigger_controller_dag.py
[2022-03-16 00:19:39,917] {processor.py:642} INFO - Processing file /home/airflow/.local/lib/python3.7/site-packages/airflow/example_dags/example_trigger_controller_dag.py for tasks to queue
[2022-03-16 00:19:39,919] {logging_mixin.py:109} INFO - [2022-03-16 00:19:39,919] {dagbag.py:500} INFO - Filling up the DagBag from /home/airflow/.local/lib/python3.7/site-packages/airflow/example_dags/example_trigger_controller_dag.py
[2022-03-16 00:19:39,959] {processor.py:654} INFO - DAG(s) dict_keys(['example_trigger_controller_dag']) retrieved from /home/airflow/.local/lib/python3.7/site-packages/airflow/example_dags/example_trigger_controller_dag.py
[2022-03-16 00:19:39,965] {logging_mixin.py:109} INFO - [2022-03-16 00:19:39,965] {dag.py:2398} INFO - Sync 1 DAGs
[2022-03-16 00:19:39,977] {logging_mixin.py:109} INFO - [2022-03-16 00:19:39,976] {dag.py:2937} INFO - Setting next_dagrun for example_trigger_controller_dag to 2021-01-01T00:00:00+00:00
[2022-03-16 00:19:40,021] {processor.py:171} INFO - Processing /home/airflow/.local/lib/python3.7/site-packages/airflow/example_dags/example_trigger_controller_dag.py took 0.123 seconds
[2022-03-16 00:20:10,668] {processor.py:163} INFO - Started process (PID=4538) to work on /home/airflow/.local/lib/python3.7/site-packages/airflow/example_dags/example_trigger_controller_dag.py
[2022-03-16 00:20:10,669] {processor.py:642} INFO - Processing file /home/airflow/.local/lib/python3.7/site-packages/airflow/example_dags/example_trigger_controller_dag.py for tasks to queue
[2022-03-16 00:20:10,669] {logging_mixin.py:109} INFO - [2022-03-16 00:20:10,669] {dagbag.py:500} INFO - Filling up the DagBag from /home/airflow/.local/lib/python3.7/site-packages/airflow/example_dags/example_trigger_controller_dag.py
[2022-03-16 00:20:10,687] {processor.py:654} INFO - DAG(s) dict_keys(['example_trigger_controller_dag']) retrieved from /home/airflow/.local/lib/python3.7/site-packages/airflow/example_dags/example_trigger_controller_dag.py
[2022-03-16 00:20:10,693] {logging_mixin.py:109} INFO - [2022-03-16 00:20:10,693] {dag.py:2398} INFO - Sync 1 DAGs
[2022-03-16 00:20:10,704] {logging_mixin.py:109} INFO - [2022-03-16 00:20:10,704] {dag.py:2937} INFO - Setting next_dagrun for example_trigger_controller_dag to 2021-01-01T00:00:00+00:00
[2022-03-16 00:20:10,753] {processor.py:171} INFO - Processing /home/airflow/.local/lib/python3.7/site-packages/airflow/example_dags/example_trigger_controller_dag.py took 0.087 seconds
[2022-03-16 00:20:41,793] {processor.py:163} INFO - Started process (PID=4611) to work on /home/airflow/.local/lib/python3.7/site-packages/airflow/example_dags/example_trigger_controller_dag.py
[2022-03-16 00:20:41,794] {processor.py:642} INFO - Processing file /home/airflow/.local/lib/python3.7/site-packages/airflow/example_dags/example_trigger_controller_dag.py for tasks to queue
[2022-03-16 00:20:41,794] {logging_mixin.py:109} INFO - [2022-03-16 00:20:41,794] {dagbag.py:500} INFO - Filling up the DagBag from /home/airflow/.local/lib/python3.7/site-packages/airflow/example_dags/example_trigger_controller_dag.py
[2022-03-16 00:20:41,811] {processor.py:654} INFO - DAG(s) dict_keys(['example_trigger_controller_dag']) retrieved from /home/airflow/.local/lib/python3.7/site-packages/airflow/example_dags/example_trigger_controller_dag.py
[2022-03-16 00:20:41,818] {logging_mixin.py:109} INFO - [2022-03-16 00:20:41,818] {dag.py:2398} INFO - Sync 1 DAGs
[2022-03-16 00:20:41,830] {logging_mixin.py:109} INFO - [2022-03-16 00:20:41,830] {dag.py:2937} INFO - Setting next_dagrun for example_trigger_controller_dag to 2021-01-01T00:00:00+00:00
[2022-03-16 00:20:41,873] {processor.py:171} INFO - Processing /home/airflow/.local/lib/python3.7/site-packages/airflow/example_dags/example_trigger_controller_dag.py took 0.083 seconds
[2022-03-16 00:21:12,630] {processor.py:163} INFO - Started process (PID=4671) to work on /home/airflow/.local/lib/python3.7/site-packages/airflow/example_dags/example_trigger_controller_dag.py
[2022-03-16 00:21:12,630] {processor.py:642} INFO - Processing file /home/airflow/.local/lib/python3.7/site-packages/airflow/example_dags/example_trigger_controller_dag.py for tasks to queue
[2022-03-16 00:21:12,631] {logging_mixin.py:109} INFO - [2022-03-16 00:21:12,631] {dagbag.py:500} INFO - Filling up the DagBag from /home/airflow/.local/lib/python3.7/site-packages/airflow/example_dags/example_trigger_controller_dag.py
[2022-03-16 00:21:12,649] {processor.py:654} INFO - DAG(s) dict_keys(['example_trigger_controller_dag']) retrieved from /home/airflow/.local/lib/python3.7/site-packages/airflow/example_dags/example_trigger_controller_dag.py
[2022-03-16 00:21:12,657] {logging_mixin.py:109} INFO - [2022-03-16 00:21:12,657] {dag.py:2398} INFO - Sync 1 DAGs
[2022-03-16 00:21:12,671] {logging_mixin.py:109} INFO - [2022-03-16 00:21:12,671] {dag.py:2937} INFO - Setting next_dagrun for example_trigger_controller_dag to 2021-01-01T00:00:00+00:00
[2022-03-16 00:21:12,714] {processor.py:171} INFO - Processing /home/airflow/.local/lib/python3.7/site-packages/airflow/example_dags/example_trigger_controller_dag.py took 0.086 seconds
[2022-03-16 00:21:44,480] {processor.py:163} INFO - Started process (PID=4730) to work on /home/airflow/.local/lib/python3.7/site-packages/airflow/example_dags/example_trigger_controller_dag.py
[2022-03-16 00:21:44,513] {processor.py:642} INFO - Processing file /home/airflow/.local/lib/python3.7/site-packages/airflow/example_dags/example_trigger_controller_dag.py for tasks to queue
[2022-03-16 00:21:44,513] {logging_mixin.py:109} INFO - [2022-03-16 00:21:44,513] {dagbag.py:500} INFO - Filling up the DagBag from /home/airflow/.local/lib/python3.7/site-packages/airflow/example_dags/example_trigger_controller_dag.py
[2022-03-16 00:21:44,533] {processor.py:654} INFO - DAG(s) dict_keys(['example_trigger_controller_dag']) retrieved from /home/airflow/.local/lib/python3.7/site-packages/airflow/example_dags/example_trigger_controller_dag.py
[2022-03-16 00:21:44,541] {logging_mixin.py:109} INFO - [2022-03-16 00:21:44,541] {dag.py:2398} INFO - Sync 1 DAGs
[2022-03-16 00:21:44,554] {logging_mixin.py:109} INFO - [2022-03-16 00:21:44,554] {dag.py:2937} INFO - Setting next_dagrun for example_trigger_controller_dag to 2021-01-01T00:00:00+00:00
[2022-03-16 00:21:44,617] {processor.py:171} INFO - Processing /home/airflow/.local/lib/python3.7/site-packages/airflow/example_dags/example_trigger_controller_dag.py took 0.138 seconds
[2022-03-16 00:22:15,639] {processor.py:163} INFO - Started process (PID=4788) to work on /home/airflow/.local/lib/python3.7/site-packages/airflow/example_dags/example_trigger_controller_dag.py
[2022-03-16 00:22:15,648] {processor.py:642} INFO - Processing file /home/airflow/.local/lib/python3.7/site-packages/airflow/example_dags/example_trigger_controller_dag.py for tasks to queue
[2022-03-16 00:22:15,649] {logging_mixin.py:109} INFO - [2022-03-16 00:22:15,649] {dagbag.py:500} INFO - Filling up the DagBag from /home/airflow/.local/lib/python3.7/site-packages/airflow/example_dags/example_trigger_controller_dag.py
[2022-03-16 00:22:15,667] {processor.py:654} INFO - DAG(s) dict_keys(['example_trigger_controller_dag']) retrieved from /home/airflow/.local/lib/python3.7/site-packages/airflow/example_dags/example_trigger_controller_dag.py
[2022-03-16 00:22:15,675] {logging_mixin.py:109} INFO - [2022-03-16 00:22:15,675] {dag.py:2398} INFO - Sync 1 DAGs
[2022-03-16 00:22:15,687] {logging_mixin.py:109} INFO - [2022-03-16 00:22:15,687] {dag.py:2937} INFO - Setting next_dagrun for example_trigger_controller_dag to 2021-01-01T00:00:00+00:00
[2022-03-16 00:22:15,886] {processor.py:171} INFO - Processing /home/airflow/.local/lib/python3.7/site-packages/airflow/example_dags/example_trigger_controller_dag.py took 0.249 seconds
[2022-03-16 00:22:47,458] {processor.py:163} INFO - Started process (PID=4863) to work on /home/airflow/.local/lib/python3.7/site-packages/airflow/example_dags/example_trigger_controller_dag.py
[2022-03-16 00:22:47,464] {processor.py:642} INFO - Processing file /home/airflow/.local/lib/python3.7/site-packages/airflow/example_dags/example_trigger_controller_dag.py for tasks to queue
[2022-03-16 00:22:47,465] {logging_mixin.py:109} INFO - [2022-03-16 00:22:47,465] {dagbag.py:500} INFO - Filling up the DagBag from /home/airflow/.local/lib/python3.7/site-packages/airflow/example_dags/example_trigger_controller_dag.py
[2022-03-16 00:22:47,486] {processor.py:654} INFO - DAG(s) dict_keys(['example_trigger_controller_dag']) retrieved from /home/airflow/.local/lib/python3.7/site-packages/airflow/example_dags/example_trigger_controller_dag.py
[2022-03-16 00:22:47,493] {logging_mixin.py:109} INFO - [2022-03-16 00:22:47,493] {dag.py:2398} INFO - Sync 1 DAGs
[2022-03-16 00:22:47,505] {logging_mixin.py:109} INFO - [2022-03-16 00:22:47,505] {dag.py:2937} INFO - Setting next_dagrun for example_trigger_controller_dag to 2021-01-01T00:00:00+00:00
[2022-03-16 00:22:47,628] {processor.py:171} INFO - Processing /home/airflow/.local/lib/python3.7/site-packages/airflow/example_dags/example_trigger_controller_dag.py took 0.171 seconds
[2022-03-16 00:23:18,779] {processor.py:163} INFO - Started process (PID=4920) to work on /home/airflow/.local/lib/python3.7/site-packages/airflow/example_dags/example_trigger_controller_dag.py
[2022-03-16 00:23:18,781] {processor.py:642} INFO - Processing file /home/airflow/.local/lib/python3.7/site-packages/airflow/example_dags/example_trigger_controller_dag.py for tasks to queue
[2022-03-16 00:23:18,782] {logging_mixin.py:109} INFO - [2022-03-16 00:23:18,782] {dagbag.py:500} INFO - Filling up the DagBag from /home/airflow/.local/lib/python3.7/site-packages/airflow/example_dags/example_trigger_controller_dag.py
[2022-03-16 00:23:18,810] {processor.py:654} INFO - DAG(s) dict_keys(['example_trigger_controller_dag']) retrieved from /home/airflow/.local/lib/python3.7/site-packages/airflow/example_dags/example_trigger_controller_dag.py
[2022-03-16 00:23:18,816] {logging_mixin.py:109} INFO - [2022-03-16 00:23:18,816] {dag.py:2398} INFO - Sync 1 DAGs
[2022-03-16 00:23:18,827] {logging_mixin.py:109} INFO - [2022-03-16 00:23:18,827] {dag.py:2937} INFO - Setting next_dagrun for example_trigger_controller_dag to 2021-01-01T00:00:00+00:00
[2022-03-16 00:23:18,868] {processor.py:171} INFO - Processing /home/airflow/.local/lib/python3.7/site-packages/airflow/example_dags/example_trigger_controller_dag.py took 0.098 seconds
[2022-03-16 00:23:48,915] {processor.py:163} INFO - Started process (PID=4979) to work on /home/airflow/.local/lib/python3.7/site-packages/airflow/example_dags/example_trigger_controller_dag.py
[2022-03-16 00:23:48,916] {processor.py:642} INFO - Processing file /home/airflow/.local/lib/python3.7/site-packages/airflow/example_dags/example_trigger_controller_dag.py for tasks to queue
[2022-03-16 00:23:48,916] {logging_mixin.py:109} INFO - [2022-03-16 00:23:48,916] {dagbag.py:500} INFO - Filling up the DagBag from /home/airflow/.local/lib/python3.7/site-packages/airflow/example_dags/example_trigger_controller_dag.py
[2022-03-16 00:23:48,940] {processor.py:654} INFO - DAG(s) dict_keys(['example_trigger_controller_dag']) retrieved from /home/airflow/.local/lib/python3.7/site-packages/airflow/example_dags/example_trigger_controller_dag.py
[2022-03-16 00:23:48,949] {logging_mixin.py:109} INFO - [2022-03-16 00:23:48,949] {dag.py:2398} INFO - Sync 1 DAGs
[2022-03-16 00:23:48,965] {logging_mixin.py:109} INFO - [2022-03-16 00:23:48,965] {dag.py:2937} INFO - Setting next_dagrun for example_trigger_controller_dag to 2021-01-01T00:00:00+00:00
[2022-03-16 00:23:49,012] {processor.py:171} INFO - Processing /home/airflow/.local/lib/python3.7/site-packages/airflow/example_dags/example_trigger_controller_dag.py took 0.099 seconds
[2022-03-16 00:24:20,119] {processor.py:163} INFO - Started process (PID=5039) to work on /home/airflow/.local/lib/python3.7/site-packages/airflow/example_dags/example_trigger_controller_dag.py
[2022-03-16 00:24:20,120] {processor.py:642} INFO - Processing file /home/airflow/.local/lib/python3.7/site-packages/airflow/example_dags/example_trigger_controller_dag.py for tasks to queue
[2022-03-16 00:24:20,120] {logging_mixin.py:109} INFO - [2022-03-16 00:24:20,120] {dagbag.py:500} INFO - Filling up the DagBag from /home/airflow/.local/lib/python3.7/site-packages/airflow/example_dags/example_trigger_controller_dag.py
[2022-03-16 00:24:20,138] {processor.py:654} INFO - DAG(s) dict_keys(['example_trigger_controller_dag']) retrieved from /home/airflow/.local/lib/python3.7/site-packages/airflow/example_dags/example_trigger_controller_dag.py
[2022-03-16 00:24:20,145] {logging_mixin.py:109} INFO - [2022-03-16 00:24:20,144] {dag.py:2398} INFO - Sync 1 DAGs
[2022-03-16 00:24:20,156] {logging_mixin.py:109} INFO - [2022-03-16 00:24:20,156] {dag.py:2937} INFO - Setting next_dagrun for example_trigger_controller_dag to 2021-01-01T00:00:00+00:00
[2022-03-16 00:24:20,273] {processor.py:171} INFO - Processing /home/airflow/.local/lib/python3.7/site-packages/airflow/example_dags/example_trigger_controller_dag.py took 0.156 seconds
[2022-03-16 00:24:51,784] {processor.py:163} INFO - Started process (PID=5112) to work on /home/airflow/.local/lib/python3.7/site-packages/airflow/example_dags/example_trigger_controller_dag.py
[2022-03-16 00:24:51,805] {processor.py:642} INFO - Processing file /home/airflow/.local/lib/python3.7/site-packages/airflow/example_dags/example_trigger_controller_dag.py for tasks to queue
[2022-03-16 00:24:51,806] {logging_mixin.py:109} INFO - [2022-03-16 00:24:51,806] {dagbag.py:500} INFO - Filling up the DagBag from /home/airflow/.local/lib/python3.7/site-packages/airflow/example_dags/example_trigger_controller_dag.py
[2022-03-16 00:24:51,824] {processor.py:654} INFO - DAG(s) dict_keys(['example_trigger_controller_dag']) retrieved from /home/airflow/.local/lib/python3.7/site-packages/airflow/example_dags/example_trigger_controller_dag.py
[2022-03-16 00:24:51,830] {logging_mixin.py:109} INFO - [2022-03-16 00:24:51,830] {dag.py:2398} INFO - Sync 1 DAGs
[2022-03-16 00:24:51,842] {logging_mixin.py:109} INFO - [2022-03-16 00:24:51,842] {dag.py:2937} INFO - Setting next_dagrun for example_trigger_controller_dag to 2021-01-01T00:00:00+00:00
[2022-03-16 00:24:51,927] {processor.py:171} INFO - Processing /home/airflow/.local/lib/python3.7/site-packages/airflow/example_dags/example_trigger_controller_dag.py took 0.145 seconds
[2022-03-16 00:25:22,394] {processor.py:163} INFO - Started process (PID=5168) to work on /home/airflow/.local/lib/python3.7/site-packages/airflow/example_dags/example_trigger_controller_dag.py
[2022-03-16 00:25:22,395] {processor.py:642} INFO - Processing file /home/airflow/.local/lib/python3.7/site-packages/airflow/example_dags/example_trigger_controller_dag.py for tasks to queue
[2022-03-16 00:25:22,395] {logging_mixin.py:109} INFO - [2022-03-16 00:25:22,395] {dagbag.py:500} INFO - Filling up the DagBag from /home/airflow/.local/lib/python3.7/site-packages/airflow/example_dags/example_trigger_controller_dag.py
[2022-03-16 00:25:22,417] {processor.py:654} INFO - DAG(s) dict_keys(['example_trigger_controller_dag']) retrieved from /home/airflow/.local/lib/python3.7/site-packages/airflow/example_dags/example_trigger_controller_dag.py
[2022-03-16 00:25:22,424] {logging_mixin.py:109} INFO - [2022-03-16 00:25:22,424] {dag.py:2398} INFO - Sync 1 DAGs
[2022-03-16 00:25:22,436] {logging_mixin.py:109} INFO - [2022-03-16 00:25:22,436] {dag.py:2937} INFO - Setting next_dagrun for example_trigger_controller_dag to 2021-01-01T00:00:00+00:00
[2022-03-16 00:25:23,980] {processor.py:171} INFO - Processing /home/airflow/.local/lib/python3.7/site-packages/airflow/example_dags/example_trigger_controller_dag.py took 1.588 seconds
[2022-03-16 00:25:54,261] {processor.py:163} INFO - Started process (PID=5227) to work on /home/airflow/.local/lib/python3.7/site-packages/airflow/example_dags/example_trigger_controller_dag.py
[2022-03-16 00:25:54,283] {processor.py:642} INFO - Processing file /home/airflow/.local/lib/python3.7/site-packages/airflow/example_dags/example_trigger_controller_dag.py for tasks to queue
[2022-03-16 00:25:54,283] {logging_mixin.py:109} INFO - [2022-03-16 00:25:54,283] {dagbag.py:500} INFO - Filling up the DagBag from /home/airflow/.local/lib/python3.7/site-packages/airflow/example_dags/example_trigger_controller_dag.py
[2022-03-16 00:25:54,300] {processor.py:654} INFO - DAG(s) dict_keys(['example_trigger_controller_dag']) retrieved from /home/airflow/.local/lib/python3.7/site-packages/airflow/example_dags/example_trigger_controller_dag.py
[2022-03-16 00:25:54,307] {logging_mixin.py:109} INFO - [2022-03-16 00:25:54,307] {dag.py:2398} INFO - Sync 1 DAGs
[2022-03-16 00:25:54,317] {logging_mixin.py:109} INFO - [2022-03-16 00:25:54,317] {dag.py:2937} INFO - Setting next_dagrun for example_trigger_controller_dag to 2021-01-01T00:00:00+00:00
[2022-03-16 00:25:55,631] {processor.py:171} INFO - Processing /home/airflow/.local/lib/python3.7/site-packages/airflow/example_dags/example_trigger_controller_dag.py took 1.371 seconds
[2022-03-16 00:26:26,195] {processor.py:163} INFO - Started process (PID=5287) to work on /home/airflow/.local/lib/python3.7/site-packages/airflow/example_dags/example_trigger_controller_dag.py
[2022-03-16 00:26:26,266] {processor.py:642} INFO - Processing file /home/airflow/.local/lib/python3.7/site-packages/airflow/example_dags/example_trigger_controller_dag.py for tasks to queue
[2022-03-16 00:26:26,267] {logging_mixin.py:109} INFO - [2022-03-16 00:26:26,267] {dagbag.py:500} INFO - Filling up the DagBag from /home/airflow/.local/lib/python3.7/site-packages/airflow/example_dags/example_trigger_controller_dag.py
[2022-03-16 00:26:26,287] {processor.py:654} INFO - DAG(s) dict_keys(['example_trigger_controller_dag']) retrieved from /home/airflow/.local/lib/python3.7/site-packages/airflow/example_dags/example_trigger_controller_dag.py
[2022-03-16 00:26:26,296] {logging_mixin.py:109} INFO - [2022-03-16 00:26:26,296] {dag.py:2398} INFO - Sync 1 DAGs
[2022-03-16 00:26:26,314] {logging_mixin.py:109} INFO - [2022-03-16 00:26:26,313] {dag.py:2937} INFO - Setting next_dagrun for example_trigger_controller_dag to 2021-01-01T00:00:00+00:00
[2022-03-16 00:26:27,026] {processor.py:171} INFO - Processing /home/airflow/.local/lib/python3.7/site-packages/airflow/example_dags/example_trigger_controller_dag.py took 0.833 seconds
[2022-03-16 00:26:57,490] {processor.py:163} INFO - Started process (PID=5360) to work on /home/airflow/.local/lib/python3.7/site-packages/airflow/example_dags/example_trigger_controller_dag.py
[2022-03-16 00:26:57,523] {processor.py:642} INFO - Processing file /home/airflow/.local/lib/python3.7/site-packages/airflow/example_dags/example_trigger_controller_dag.py for tasks to queue
[2022-03-16 00:26:57,524] {logging_mixin.py:109} INFO - [2022-03-16 00:26:57,524] {dagbag.py:500} INFO - Filling up the DagBag from /home/airflow/.local/lib/python3.7/site-packages/airflow/example_dags/example_trigger_controller_dag.py
[2022-03-16 00:26:57,545] {processor.py:654} INFO - DAG(s) dict_keys(['example_trigger_controller_dag']) retrieved from /home/airflow/.local/lib/python3.7/site-packages/airflow/example_dags/example_trigger_controller_dag.py
[2022-03-16 00:26:57,552] {logging_mixin.py:109} INFO - [2022-03-16 00:26:57,552] {dag.py:2398} INFO - Sync 1 DAGs
[2022-03-16 00:26:57,565] {logging_mixin.py:109} INFO - [2022-03-16 00:26:57,565] {dag.py:2937} INFO - Setting next_dagrun for example_trigger_controller_dag to 2021-01-01T00:00:00+00:00
[2022-03-16 00:26:57,709] {processor.py:171} INFO - Processing /home/airflow/.local/lib/python3.7/site-packages/airflow/example_dags/example_trigger_controller_dag.py took 0.222 seconds
[2022-03-16 00:27:28,502] {processor.py:163} INFO - Started process (PID=5412) to work on /home/airflow/.local/lib/python3.7/site-packages/airflow/example_dags/example_trigger_controller_dag.py
[2022-03-16 00:27:28,514] {processor.py:642} INFO - Processing file /home/airflow/.local/lib/python3.7/site-packages/airflow/example_dags/example_trigger_controller_dag.py for tasks to queue
[2022-03-16 00:27:28,515] {logging_mixin.py:109} INFO - [2022-03-16 00:27:28,515] {dagbag.py:500} INFO - Filling up the DagBag from /home/airflow/.local/lib/python3.7/site-packages/airflow/example_dags/example_trigger_controller_dag.py
[2022-03-16 00:27:28,539] {processor.py:654} INFO - DAG(s) dict_keys(['example_trigger_controller_dag']) retrieved from /home/airflow/.local/lib/python3.7/site-packages/airflow/example_dags/example_trigger_controller_dag.py
[2022-03-16 00:27:28,546] {logging_mixin.py:109} INFO - [2022-03-16 00:27:28,546] {dag.py:2398} INFO - Sync 1 DAGs
[2022-03-16 00:27:28,557] {logging_mixin.py:109} INFO - [2022-03-16 00:27:28,557] {dag.py:2937} INFO - Setting next_dagrun for example_trigger_controller_dag to 2021-01-01T00:00:00+00:00
[2022-03-16 00:27:28,643] {processor.py:171} INFO - Processing /home/airflow/.local/lib/python3.7/site-packages/airflow/example_dags/example_trigger_controller_dag.py took 0.143 seconds
[2022-03-16 00:28:00,427] {processor.py:163} INFO - Started process (PID=5472) to work on /home/airflow/.local/lib/python3.7/site-packages/airflow/example_dags/example_trigger_controller_dag.py
[2022-03-16 00:28:00,446] {processor.py:642} INFO - Processing file /home/airflow/.local/lib/python3.7/site-packages/airflow/example_dags/example_trigger_controller_dag.py for tasks to queue
[2022-03-16 00:28:00,446] {logging_mixin.py:109} INFO - [2022-03-16 00:28:00,446] {dagbag.py:500} INFO - Filling up the DagBag from /home/airflow/.local/lib/python3.7/site-packages/airflow/example_dags/example_trigger_controller_dag.py
[2022-03-16 00:28:00,467] {processor.py:654} INFO - DAG(s) dict_keys(['example_trigger_controller_dag']) retrieved from /home/airflow/.local/lib/python3.7/site-packages/airflow/example_dags/example_trigger_controller_dag.py
[2022-03-16 00:28:00,476] {logging_mixin.py:109} INFO - [2022-03-16 00:28:00,475] {dag.py:2398} INFO - Sync 1 DAGs
[2022-03-16 00:28:00,490] {logging_mixin.py:109} INFO - [2022-03-16 00:28:00,490] {dag.py:2937} INFO - Setting next_dagrun for example_trigger_controller_dag to 2021-01-01T00:00:00+00:00
[2022-03-16 00:28:00,537] {processor.py:171} INFO - Processing /home/airflow/.local/lib/python3.7/site-packages/airflow/example_dags/example_trigger_controller_dag.py took 0.112 seconds
[2022-03-16 00:28:32,105] {processor.py:163} INFO - Started process (PID=5536) to work on /home/airflow/.local/lib/python3.7/site-packages/airflow/example_dags/example_trigger_controller_dag.py
[2022-03-16 00:28:32,117] {processor.py:642} INFO - Processing file /home/airflow/.local/lib/python3.7/site-packages/airflow/example_dags/example_trigger_controller_dag.py for tasks to queue
[2022-03-16 00:28:32,118] {logging_mixin.py:109} INFO - [2022-03-16 00:28:32,118] {dagbag.py:500} INFO - Filling up the DagBag from /home/airflow/.local/lib/python3.7/site-packages/airflow/example_dags/example_trigger_controller_dag.py
[2022-03-16 00:28:32,161] {processor.py:654} INFO - DAG(s) dict_keys(['example_trigger_controller_dag']) retrieved from /home/airflow/.local/lib/python3.7/site-packages/airflow/example_dags/example_trigger_controller_dag.py
[2022-03-16 00:28:32,168] {logging_mixin.py:109} INFO - [2022-03-16 00:28:32,168] {dag.py:2398} INFO - Sync 1 DAGs
[2022-03-16 00:28:32,180] {logging_mixin.py:109} INFO - [2022-03-16 00:28:32,180] {dag.py:2937} INFO - Setting next_dagrun for example_trigger_controller_dag to 2021-01-01T00:00:00+00:00
[2022-03-16 00:28:32,224] {processor.py:171} INFO - Processing /home/airflow/.local/lib/python3.7/site-packages/airflow/example_dags/example_trigger_controller_dag.py took 0.125 seconds
[2022-03-16 00:29:03,163] {processor.py:163} INFO - Started process (PID=5606) to work on /home/airflow/.local/lib/python3.7/site-packages/airflow/example_dags/example_trigger_controller_dag.py
[2022-03-16 00:29:03,172] {processor.py:642} INFO - Processing file /home/airflow/.local/lib/python3.7/site-packages/airflow/example_dags/example_trigger_controller_dag.py for tasks to queue
[2022-03-16 00:29:03,173] {logging_mixin.py:109} INFO - [2022-03-16 00:29:03,172] {dagbag.py:500} INFO - Filling up the DagBag from /home/airflow/.local/lib/python3.7/site-packages/airflow/example_dags/example_trigger_controller_dag.py
[2022-03-16 00:29:03,195] {processor.py:654} INFO - DAG(s) dict_keys(['example_trigger_controller_dag']) retrieved from /home/airflow/.local/lib/python3.7/site-packages/airflow/example_dags/example_trigger_controller_dag.py
[2022-03-16 00:29:03,202] {logging_mixin.py:109} INFO - [2022-03-16 00:29:03,202] {dag.py:2398} INFO - Sync 1 DAGs
[2022-03-16 00:29:03,214] {logging_mixin.py:109} INFO - [2022-03-16 00:29:03,214] {dag.py:2937} INFO - Setting next_dagrun for example_trigger_controller_dag to 2021-01-01T00:00:00+00:00
[2022-03-16 00:29:04,116] {processor.py:171} INFO - Processing /home/airflow/.local/lib/python3.7/site-packages/airflow/example_dags/example_trigger_controller_dag.py took 0.956 seconds
[2022-03-16 00:29:34,502] {processor.py:163} INFO - Started process (PID=5656) to work on /home/airflow/.local/lib/python3.7/site-packages/airflow/example_dags/example_trigger_controller_dag.py
[2022-03-16 00:29:34,515] {processor.py:642} INFO - Processing file /home/airflow/.local/lib/python3.7/site-packages/airflow/example_dags/example_trigger_controller_dag.py for tasks to queue
[2022-03-16 00:29:34,516] {logging_mixin.py:109} INFO - [2022-03-16 00:29:34,516] {dagbag.py:500} INFO - Filling up the DagBag from /home/airflow/.local/lib/python3.7/site-packages/airflow/example_dags/example_trigger_controller_dag.py
[2022-03-16 00:29:34,535] {processor.py:654} INFO - DAG(s) dict_keys(['example_trigger_controller_dag']) retrieved from /home/airflow/.local/lib/python3.7/site-packages/airflow/example_dags/example_trigger_controller_dag.py
[2022-03-16 00:29:34,544] {logging_mixin.py:109} INFO - [2022-03-16 00:29:34,544] {dag.py:2398} INFO - Sync 1 DAGs
[2022-03-16 00:29:34,557] {logging_mixin.py:109} INFO - [2022-03-16 00:29:34,557] {dag.py:2937} INFO - Setting next_dagrun for example_trigger_controller_dag to 2021-01-01T00:00:00+00:00
[2022-03-16 00:29:34,950] {processor.py:171} INFO - Processing /home/airflow/.local/lib/python3.7/site-packages/airflow/example_dags/example_trigger_controller_dag.py took 0.449 seconds
[2022-03-16 00:30:05,200] {processor.py:163} INFO - Started process (PID=5709) to work on /home/airflow/.local/lib/python3.7/site-packages/airflow/example_dags/example_trigger_controller_dag.py
[2022-03-16 00:30:05,211] {processor.py:642} INFO - Processing file /home/airflow/.local/lib/python3.7/site-packages/airflow/example_dags/example_trigger_controller_dag.py for tasks to queue
[2022-03-16 00:30:05,211] {logging_mixin.py:109} INFO - [2022-03-16 00:30:05,211] {dagbag.py:500} INFO - Filling up the DagBag from /home/airflow/.local/lib/python3.7/site-packages/airflow/example_dags/example_trigger_controller_dag.py
[2022-03-16 00:30:05,229] {processor.py:654} INFO - DAG(s) dict_keys(['example_trigger_controller_dag']) retrieved from /home/airflow/.local/lib/python3.7/site-packages/airflow/example_dags/example_trigger_controller_dag.py
[2022-03-16 00:30:05,235] {logging_mixin.py:109} INFO - [2022-03-16 00:30:05,235] {dag.py:2398} INFO - Sync 1 DAGs
[2022-03-16 00:30:05,245] {logging_mixin.py:109} INFO - [2022-03-16 00:30:05,245] {dag.py:2937} INFO - Setting next_dagrun for example_trigger_controller_dag to 2021-01-01T00:00:00+00:00
[2022-03-16 00:30:05,342] {processor.py:171} INFO - Processing /home/airflow/.local/lib/python3.7/site-packages/airflow/example_dags/example_trigger_controller_dag.py took 0.143 seconds
[2022-03-16 00:30:35,462] {processor.py:163} INFO - Started process (PID=5783) to work on /home/airflow/.local/lib/python3.7/site-packages/airflow/example_dags/example_trigger_controller_dag.py
[2022-03-16 00:30:35,483] {processor.py:642} INFO - Processing file /home/airflow/.local/lib/python3.7/site-packages/airflow/example_dags/example_trigger_controller_dag.py for tasks to queue
[2022-03-16 00:30:35,484] {logging_mixin.py:109} INFO - [2022-03-16 00:30:35,483] {dagbag.py:500} INFO - Filling up the DagBag from /home/airflow/.local/lib/python3.7/site-packages/airflow/example_dags/example_trigger_controller_dag.py
[2022-03-16 00:30:35,506] {processor.py:654} INFO - DAG(s) dict_keys(['example_trigger_controller_dag']) retrieved from /home/airflow/.local/lib/python3.7/site-packages/airflow/example_dags/example_trigger_controller_dag.py
[2022-03-16 00:30:35,513] {logging_mixin.py:109} INFO - [2022-03-16 00:30:35,512] {dag.py:2398} INFO - Sync 1 DAGs
[2022-03-16 00:30:35,523] {logging_mixin.py:109} INFO - [2022-03-16 00:30:35,523] {dag.py:2937} INFO - Setting next_dagrun for example_trigger_controller_dag to 2021-01-01T00:00:00+00:00
[2022-03-16 00:30:35,780] {processor.py:171} INFO - Processing /home/airflow/.local/lib/python3.7/site-packages/airflow/example_dags/example_trigger_controller_dag.py took 0.320 seconds
[2022-03-16 00:31:06,076] {processor.py:163} INFO - Started process (PID=5846) to work on /home/airflow/.local/lib/python3.7/site-packages/airflow/example_dags/example_trigger_controller_dag.py
[2022-03-16 00:31:06,107] {processor.py:642} INFO - Processing file /home/airflow/.local/lib/python3.7/site-packages/airflow/example_dags/example_trigger_controller_dag.py for tasks to queue
[2022-03-16 00:31:06,108] {logging_mixin.py:109} INFO - [2022-03-16 00:31:06,108] {dagbag.py:500} INFO - Filling up the DagBag from /home/airflow/.local/lib/python3.7/site-packages/airflow/example_dags/example_trigger_controller_dag.py
[2022-03-16 00:31:06,146] {processor.py:654} INFO - DAG(s) dict_keys(['example_trigger_controller_dag']) retrieved from /home/airflow/.local/lib/python3.7/site-packages/airflow/example_dags/example_trigger_controller_dag.py
[2022-03-16 00:31:06,153] {logging_mixin.py:109} INFO - [2022-03-16 00:31:06,153] {dag.py:2398} INFO - Sync 1 DAGs
[2022-03-16 00:31:06,165] {logging_mixin.py:109} INFO - [2022-03-16 00:31:06,165] {dag.py:2937} INFO - Setting next_dagrun for example_trigger_controller_dag to 2021-01-01T00:00:00+00:00
[2022-03-16 00:31:07,282] {processor.py:171} INFO - Processing /home/airflow/.local/lib/python3.7/site-packages/airflow/example_dags/example_trigger_controller_dag.py took 1.208 seconds
[2022-03-16 00:31:38,137] {processor.py:163} INFO - Started process (PID=5906) to work on /home/airflow/.local/lib/python3.7/site-packages/airflow/example_dags/example_trigger_controller_dag.py
[2022-03-16 00:31:38,147] {processor.py:642} INFO - Processing file /home/airflow/.local/lib/python3.7/site-packages/airflow/example_dags/example_trigger_controller_dag.py for tasks to queue
[2022-03-16 00:31:38,147] {logging_mixin.py:109} INFO - [2022-03-16 00:31:38,147] {dagbag.py:500} INFO - Filling up the DagBag from /home/airflow/.local/lib/python3.7/site-packages/airflow/example_dags/example_trigger_controller_dag.py
[2022-03-16 00:31:38,170] {processor.py:654} INFO - DAG(s) dict_keys(['example_trigger_controller_dag']) retrieved from /home/airflow/.local/lib/python3.7/site-packages/airflow/example_dags/example_trigger_controller_dag.py
[2022-03-16 00:31:38,178] {logging_mixin.py:109} INFO - [2022-03-16 00:31:38,178] {dag.py:2398} INFO - Sync 1 DAGs
[2022-03-16 00:31:38,195] {logging_mixin.py:109} INFO - [2022-03-16 00:31:38,195] {dag.py:2937} INFO - Setting next_dagrun for example_trigger_controller_dag to 2021-01-01T00:00:00+00:00
[2022-03-16 00:31:38,336] {processor.py:171} INFO - Processing /home/airflow/.local/lib/python3.7/site-packages/airflow/example_dags/example_trigger_controller_dag.py took 0.201 seconds
[2022-03-16 00:32:10,322] {processor.py:163} INFO - Started process (PID=5957) to work on /home/airflow/.local/lib/python3.7/site-packages/airflow/example_dags/example_trigger_controller_dag.py
[2022-03-16 00:32:10,375] {processor.py:642} INFO - Processing file /home/airflow/.local/lib/python3.7/site-packages/airflow/example_dags/example_trigger_controller_dag.py for tasks to queue
[2022-03-16 00:32:10,376] {logging_mixin.py:109} INFO - [2022-03-16 00:32:10,376] {dagbag.py:500} INFO - Filling up the DagBag from /home/airflow/.local/lib/python3.7/site-packages/airflow/example_dags/example_trigger_controller_dag.py
[2022-03-16 00:32:10,420] {processor.py:654} INFO - DAG(s) dict_keys(['example_trigger_controller_dag']) retrieved from /home/airflow/.local/lib/python3.7/site-packages/airflow/example_dags/example_trigger_controller_dag.py
[2022-03-16 00:32:10,428] {logging_mixin.py:109} INFO - [2022-03-16 00:32:10,428] {dag.py:2398} INFO - Sync 1 DAGs
[2022-03-16 00:32:10,444] {logging_mixin.py:109} INFO - [2022-03-16 00:32:10,443] {dag.py:2937} INFO - Setting next_dagrun for example_trigger_controller_dag to 2021-01-01T00:00:00+00:00
[2022-03-16 00:32:10,506] {processor.py:171} INFO - Processing /home/airflow/.local/lib/python3.7/site-packages/airflow/example_dags/example_trigger_controller_dag.py took 0.188 seconds
[2022-03-16 00:32:40,703] {processor.py:163} INFO - Started process (PID=6019) to work on /home/airflow/.local/lib/python3.7/site-packages/airflow/example_dags/example_trigger_controller_dag.py
[2022-03-16 00:32:40,711] {processor.py:642} INFO - Processing file /home/airflow/.local/lib/python3.7/site-packages/airflow/example_dags/example_trigger_controller_dag.py for tasks to queue
[2022-03-16 00:32:40,712] {logging_mixin.py:109} INFO - [2022-03-16 00:32:40,711] {dagbag.py:500} INFO - Filling up the DagBag from /home/airflow/.local/lib/python3.7/site-packages/airflow/example_dags/example_trigger_controller_dag.py
[2022-03-16 00:32:40,729] {processor.py:654} INFO - DAG(s) dict_keys(['example_trigger_controller_dag']) retrieved from /home/airflow/.local/lib/python3.7/site-packages/airflow/example_dags/example_trigger_controller_dag.py
[2022-03-16 00:32:40,735] {logging_mixin.py:109} INFO - [2022-03-16 00:32:40,735] {dag.py:2398} INFO - Sync 1 DAGs
[2022-03-16 00:32:40,746] {logging_mixin.py:109} INFO - [2022-03-16 00:32:40,746] {dag.py:2937} INFO - Setting next_dagrun for example_trigger_controller_dag to 2021-01-01T00:00:00+00:00
[2022-03-16 00:32:41,146] {processor.py:171} INFO - Processing /home/airflow/.local/lib/python3.7/site-packages/airflow/example_dags/example_trigger_controller_dag.py took 0.445 seconds
[2022-03-16 00:33:12,026] {processor.py:163} INFO - Started process (PID=6090) to work on /home/airflow/.local/lib/python3.7/site-packages/airflow/example_dags/example_trigger_controller_dag.py
[2022-03-16 00:33:12,038] {processor.py:642} INFO - Processing file /home/airflow/.local/lib/python3.7/site-packages/airflow/example_dags/example_trigger_controller_dag.py for tasks to queue
[2022-03-16 00:33:12,039] {logging_mixin.py:109} INFO - [2022-03-16 00:33:12,039] {dagbag.py:500} INFO - Filling up the DagBag from /home/airflow/.local/lib/python3.7/site-packages/airflow/example_dags/example_trigger_controller_dag.py
[2022-03-16 00:33:12,056] {processor.py:654} INFO - DAG(s) dict_keys(['example_trigger_controller_dag']) retrieved from /home/airflow/.local/lib/python3.7/site-packages/airflow/example_dags/example_trigger_controller_dag.py
[2022-03-16 00:33:12,062] {logging_mixin.py:109} INFO - [2022-03-16 00:33:12,062] {dag.py:2398} INFO - Sync 1 DAGs
[2022-03-16 00:33:12,074] {logging_mixin.py:109} INFO - [2022-03-16 00:33:12,074] {dag.py:2937} INFO - Setting next_dagrun for example_trigger_controller_dag to 2021-01-01T00:00:00+00:00
[2022-03-16 00:33:12,125] {processor.py:171} INFO - Processing /home/airflow/.local/lib/python3.7/site-packages/airflow/example_dags/example_trigger_controller_dag.py took 0.102 seconds
[2022-03-16 00:33:42,637] {processor.py:163} INFO - Started process (PID=6139) to work on /home/airflow/.local/lib/python3.7/site-packages/airflow/example_dags/example_trigger_controller_dag.py
[2022-03-16 00:33:42,647] {processor.py:642} INFO - Processing file /home/airflow/.local/lib/python3.7/site-packages/airflow/example_dags/example_trigger_controller_dag.py for tasks to queue
[2022-03-16 00:33:42,647] {logging_mixin.py:109} INFO - [2022-03-16 00:33:42,647] {dagbag.py:500} INFO - Filling up the DagBag from /home/airflow/.local/lib/python3.7/site-packages/airflow/example_dags/example_trigger_controller_dag.py
[2022-03-16 00:33:42,664] {processor.py:654} INFO - DAG(s) dict_keys(['example_trigger_controller_dag']) retrieved from /home/airflow/.local/lib/python3.7/site-packages/airflow/example_dags/example_trigger_controller_dag.py
[2022-03-16 00:33:42,670] {logging_mixin.py:109} INFO - [2022-03-16 00:33:42,670] {dag.py:2398} INFO - Sync 1 DAGs
[2022-03-16 00:33:42,682] {logging_mixin.py:109} INFO - [2022-03-16 00:33:42,682] {dag.py:2937} INFO - Setting next_dagrun for example_trigger_controller_dag to 2021-01-01T00:00:00+00:00
[2022-03-16 00:33:42,731] {processor.py:171} INFO - Processing /home/airflow/.local/lib/python3.7/site-packages/airflow/example_dags/example_trigger_controller_dag.py took 0.096 seconds
[2022-03-16 00:34:13,871] {processor.py:163} INFO - Started process (PID=6203) to work on /home/airflow/.local/lib/python3.7/site-packages/airflow/example_dags/example_trigger_controller_dag.py
[2022-03-16 00:34:13,884] {processor.py:642} INFO - Processing file /home/airflow/.local/lib/python3.7/site-packages/airflow/example_dags/example_trigger_controller_dag.py for tasks to queue
[2022-03-16 00:34:13,884] {logging_mixin.py:109} INFO - [2022-03-16 00:34:13,884] {dagbag.py:500} INFO - Filling up the DagBag from /home/airflow/.local/lib/python3.7/site-packages/airflow/example_dags/example_trigger_controller_dag.py
[2022-03-16 00:34:13,905] {processor.py:654} INFO - DAG(s) dict_keys(['example_trigger_controller_dag']) retrieved from /home/airflow/.local/lib/python3.7/site-packages/airflow/example_dags/example_trigger_controller_dag.py
[2022-03-16 00:34:13,914] {logging_mixin.py:109} INFO - [2022-03-16 00:34:13,914] {dag.py:2398} INFO - Sync 1 DAGs
[2022-03-16 00:34:13,931] {logging_mixin.py:109} INFO - [2022-03-16 00:34:13,931] {dag.py:2937} INFO - Setting next_dagrun for example_trigger_controller_dag to 2021-01-01T00:00:00+00:00
[2022-03-16 00:34:13,992] {processor.py:171} INFO - Processing /home/airflow/.local/lib/python3.7/site-packages/airflow/example_dags/example_trigger_controller_dag.py took 0.123 seconds
