[2022-03-16 00:00:00,330] {processor.py:163} INFO - Started process (PID=2179) to work on /home/airflow/.local/lib/python3.7/site-packages/airflow/example_dags/tutorial.py
[2022-03-16 00:00:00,331] {processor.py:642} INFO - Processing file /home/airflow/.local/lib/python3.7/site-packages/airflow/example_dags/tutorial.py for tasks to queue
[2022-03-16 00:00:00,331] {logging_mixin.py:109} INFO - [2022-03-16 00:00:00,331] {dagbag.py:500} INFO - Filling up the DagBag from /home/airflow/.local/lib/python3.7/site-packages/airflow/example_dags/tutorial.py
[2022-03-16 00:00:00,349] {processor.py:654} INFO - DAG(s) dict_keys(['tutorial']) retrieved from /home/airflow/.local/lib/python3.7/site-packages/airflow/example_dags/tutorial.py
[2022-03-16 00:00:00,355] {logging_mixin.py:109} INFO - [2022-03-16 00:00:00,355] {dag.py:2398} INFO - Sync 1 DAGs
[2022-03-16 00:00:00,366] {logging_mixin.py:109} INFO - [2022-03-16 00:00:00,366] {dag.py:2937} INFO - Setting next_dagrun for tutorial to 2022-03-15T00:00:00.366542+00:00
[2022-03-16 00:00:00,409] {processor.py:171} INFO - Processing /home/airflow/.local/lib/python3.7/site-packages/airflow/example_dags/tutorial.py took 0.081 seconds
[2022-03-16 00:00:31,581] {processor.py:163} INFO - Started process (PID=2253) to work on /home/airflow/.local/lib/python3.7/site-packages/airflow/example_dags/tutorial.py
[2022-03-16 00:00:31,582] {processor.py:642} INFO - Processing file /home/airflow/.local/lib/python3.7/site-packages/airflow/example_dags/tutorial.py for tasks to queue
[2022-03-16 00:00:31,582] {logging_mixin.py:109} INFO - [2022-03-16 00:00:31,582] {dagbag.py:500} INFO - Filling up the DagBag from /home/airflow/.local/lib/python3.7/site-packages/airflow/example_dags/tutorial.py
[2022-03-16 00:00:31,600] {processor.py:654} INFO - DAG(s) dict_keys(['tutorial']) retrieved from /home/airflow/.local/lib/python3.7/site-packages/airflow/example_dags/tutorial.py
[2022-03-16 00:00:31,608] {logging_mixin.py:109} INFO - [2022-03-16 00:00:31,608] {dag.py:2398} INFO - Sync 1 DAGs
[2022-03-16 00:00:31,621] {logging_mixin.py:109} INFO - [2022-03-16 00:00:31,621] {dag.py:2937} INFO - Setting next_dagrun for tutorial to 2022-03-15T00:00:31.621629+00:00
[2022-03-16 00:00:31,706] {processor.py:171} INFO - Processing /home/airflow/.local/lib/python3.7/site-packages/airflow/example_dags/tutorial.py took 0.127 seconds
[2022-03-16 00:01:04,024] {processor.py:163} INFO - Started process (PID=2323) to work on /home/airflow/.local/lib/python3.7/site-packages/airflow/example_dags/tutorial.py
[2022-03-16 00:01:04,025] {processor.py:642} INFO - Processing file /home/airflow/.local/lib/python3.7/site-packages/airflow/example_dags/tutorial.py for tasks to queue
[2022-03-16 00:01:04,025] {logging_mixin.py:109} INFO - [2022-03-16 00:01:04,025] {dagbag.py:500} INFO - Filling up the DagBag from /home/airflow/.local/lib/python3.7/site-packages/airflow/example_dags/tutorial.py
[2022-03-16 00:01:04,043] {processor.py:654} INFO - DAG(s) dict_keys(['tutorial']) retrieved from /home/airflow/.local/lib/python3.7/site-packages/airflow/example_dags/tutorial.py
[2022-03-16 00:01:04,049] {logging_mixin.py:109} INFO - [2022-03-16 00:01:04,049] {dag.py:2398} INFO - Sync 1 DAGs
[2022-03-16 00:01:04,059] {logging_mixin.py:109} INFO - [2022-03-16 00:01:04,059] {dag.py:2937} INFO - Setting next_dagrun for tutorial to 2022-03-15T00:01:04.059236+00:00
[2022-03-16 00:01:04,727] {processor.py:171} INFO - Processing /home/airflow/.local/lib/python3.7/site-packages/airflow/example_dags/tutorial.py took 0.704 seconds
[2022-03-16 00:01:35,058] {processor.py:163} INFO - Started process (PID=2372) to work on /home/airflow/.local/lib/python3.7/site-packages/airflow/example_dags/tutorial.py
[2022-03-16 00:01:35,060] {processor.py:642} INFO - Processing file /home/airflow/.local/lib/python3.7/site-packages/airflow/example_dags/tutorial.py for tasks to queue
[2022-03-16 00:01:35,061] {logging_mixin.py:109} INFO - [2022-03-16 00:01:35,061] {dagbag.py:500} INFO - Filling up the DagBag from /home/airflow/.local/lib/python3.7/site-packages/airflow/example_dags/tutorial.py
[2022-03-16 00:01:35,101] {processor.py:654} INFO - DAG(s) dict_keys(['tutorial']) retrieved from /home/airflow/.local/lib/python3.7/site-packages/airflow/example_dags/tutorial.py
[2022-03-16 00:01:35,110] {logging_mixin.py:109} INFO - [2022-03-16 00:01:35,110] {dag.py:2398} INFO - Sync 1 DAGs
[2022-03-16 00:01:35,126] {logging_mixin.py:109} INFO - [2022-03-16 00:01:35,125] {dag.py:2937} INFO - Setting next_dagrun for tutorial to 2022-03-15T00:01:35.125673+00:00
[2022-03-16 00:01:35,224] {processor.py:171} INFO - Processing /home/airflow/.local/lib/python3.7/site-packages/airflow/example_dags/tutorial.py took 0.173 seconds
[2022-03-16 00:02:05,394] {processor.py:163} INFO - Started process (PID=2426) to work on /home/airflow/.local/lib/python3.7/site-packages/airflow/example_dags/tutorial.py
[2022-03-16 00:02:05,395] {processor.py:642} INFO - Processing file /home/airflow/.local/lib/python3.7/site-packages/airflow/example_dags/tutorial.py for tasks to queue
[2022-03-16 00:02:05,396] {logging_mixin.py:109} INFO - [2022-03-16 00:02:05,395] {dagbag.py:500} INFO - Filling up the DagBag from /home/airflow/.local/lib/python3.7/site-packages/airflow/example_dags/tutorial.py
[2022-03-16 00:02:05,418] {processor.py:654} INFO - DAG(s) dict_keys(['tutorial']) retrieved from /home/airflow/.local/lib/python3.7/site-packages/airflow/example_dags/tutorial.py
[2022-03-16 00:02:05,425] {logging_mixin.py:109} INFO - [2022-03-16 00:02:05,425] {dag.py:2398} INFO - Sync 1 DAGs
[2022-03-16 00:02:05,438] {logging_mixin.py:109} INFO - [2022-03-16 00:02:05,438] {dag.py:2937} INFO - Setting next_dagrun for tutorial to 2022-03-15T00:02:05.438085+00:00
[2022-03-16 00:02:05,506] {processor.py:171} INFO - Processing /home/airflow/.local/lib/python3.7/site-packages/airflow/example_dags/tutorial.py took 0.114 seconds
[2022-03-16 00:02:36,222] {processor.py:163} INFO - Started process (PID=2498) to work on /home/airflow/.local/lib/python3.7/site-packages/airflow/example_dags/tutorial.py
[2022-03-16 00:02:36,226] {processor.py:642} INFO - Processing file /home/airflow/.local/lib/python3.7/site-packages/airflow/example_dags/tutorial.py for tasks to queue
[2022-03-16 00:02:36,227] {logging_mixin.py:109} INFO - [2022-03-16 00:02:36,227] {dagbag.py:500} INFO - Filling up the DagBag from /home/airflow/.local/lib/python3.7/site-packages/airflow/example_dags/tutorial.py
[2022-03-16 00:02:36,247] {processor.py:654} INFO - DAG(s) dict_keys(['tutorial']) retrieved from /home/airflow/.local/lib/python3.7/site-packages/airflow/example_dags/tutorial.py
[2022-03-16 00:02:36,255] {logging_mixin.py:109} INFO - [2022-03-16 00:02:36,255] {dag.py:2398} INFO - Sync 1 DAGs
[2022-03-16 00:02:36,270] {logging_mixin.py:109} INFO - [2022-03-16 00:02:36,270] {dag.py:2937} INFO - Setting next_dagrun for tutorial to 2022-03-15T00:02:36.270365+00:00
[2022-03-16 00:02:36,339] {processor.py:171} INFO - Processing /home/airflow/.local/lib/python3.7/site-packages/airflow/example_dags/tutorial.py took 0.119 seconds
[2022-03-16 00:03:06,508] {processor.py:163} INFO - Started process (PID=2559) to work on /home/airflow/.local/lib/python3.7/site-packages/airflow/example_dags/tutorial.py
[2022-03-16 00:03:06,509] {processor.py:642} INFO - Processing file /home/airflow/.local/lib/python3.7/site-packages/airflow/example_dags/tutorial.py for tasks to queue
[2022-03-16 00:03:06,509] {logging_mixin.py:109} INFO - [2022-03-16 00:03:06,509] {dagbag.py:500} INFO - Filling up the DagBag from /home/airflow/.local/lib/python3.7/site-packages/airflow/example_dags/tutorial.py
[2022-03-16 00:03:06,528] {processor.py:654} INFO - DAG(s) dict_keys(['tutorial']) retrieved from /home/airflow/.local/lib/python3.7/site-packages/airflow/example_dags/tutorial.py
[2022-03-16 00:03:06,535] {logging_mixin.py:109} INFO - [2022-03-16 00:03:06,534] {dag.py:2398} INFO - Sync 1 DAGs
[2022-03-16 00:03:06,547] {logging_mixin.py:109} INFO - [2022-03-16 00:03:06,546] {dag.py:2937} INFO - Setting next_dagrun for tutorial to 2022-03-15T00:03:06.546733+00:00
[2022-03-16 00:03:06,593] {processor.py:171} INFO - Processing /home/airflow/.local/lib/python3.7/site-packages/airflow/example_dags/tutorial.py took 0.087 seconds
[2022-03-16 00:03:37,875] {processor.py:163} INFO - Started process (PID=2618) to work on /home/airflow/.local/lib/python3.7/site-packages/airflow/example_dags/tutorial.py
[2022-03-16 00:03:37,881] {processor.py:642} INFO - Processing file /home/airflow/.local/lib/python3.7/site-packages/airflow/example_dags/tutorial.py for tasks to queue
[2022-03-16 00:03:37,882] {logging_mixin.py:109} INFO - [2022-03-16 00:03:37,882] {dagbag.py:500} INFO - Filling up the DagBag from /home/airflow/.local/lib/python3.7/site-packages/airflow/example_dags/tutorial.py
[2022-03-16 00:03:37,900] {processor.py:654} INFO - DAG(s) dict_keys(['tutorial']) retrieved from /home/airflow/.local/lib/python3.7/site-packages/airflow/example_dags/tutorial.py
[2022-03-16 00:03:37,907] {logging_mixin.py:109} INFO - [2022-03-16 00:03:37,907] {dag.py:2398} INFO - Sync 1 DAGs
[2022-03-16 00:03:37,919] {logging_mixin.py:109} INFO - [2022-03-16 00:03:37,918] {dag.py:2937} INFO - Setting next_dagrun for tutorial to 2022-03-15T00:03:37.918796+00:00
[2022-03-16 00:03:37,960] {processor.py:171} INFO - Processing /home/airflow/.local/lib/python3.7/site-packages/airflow/example_dags/tutorial.py took 0.086 seconds
[2022-03-16 00:04:09,071] {processor.py:163} INFO - Started process (PID=2671) to work on /home/airflow/.local/lib/python3.7/site-packages/airflow/example_dags/tutorial.py
[2022-03-16 00:04:09,077] {processor.py:642} INFO - Processing file /home/airflow/.local/lib/python3.7/site-packages/airflow/example_dags/tutorial.py for tasks to queue
[2022-03-16 00:04:09,078] {logging_mixin.py:109} INFO - [2022-03-16 00:04:09,078] {dagbag.py:500} INFO - Filling up the DagBag from /home/airflow/.local/lib/python3.7/site-packages/airflow/example_dags/tutorial.py
[2022-03-16 00:04:09,098] {processor.py:654} INFO - DAG(s) dict_keys(['tutorial']) retrieved from /home/airflow/.local/lib/python3.7/site-packages/airflow/example_dags/tutorial.py
[2022-03-16 00:04:09,106] {logging_mixin.py:109} INFO - [2022-03-16 00:04:09,106] {dag.py:2398} INFO - Sync 1 DAGs
[2022-03-16 00:04:09,121] {logging_mixin.py:109} INFO - [2022-03-16 00:04:09,121] {dag.py:2937} INFO - Setting next_dagrun for tutorial to 2022-03-15T00:04:09.121154+00:00
[2022-03-16 00:04:09,164] {processor.py:171} INFO - Processing /home/airflow/.local/lib/python3.7/site-packages/airflow/example_dags/tutorial.py took 0.094 seconds
[2022-03-16 00:04:40,922] {processor.py:163} INFO - Started process (PID=2743) to work on /home/airflow/.local/lib/python3.7/site-packages/airflow/example_dags/tutorial.py
[2022-03-16 00:04:40,942] {processor.py:642} INFO - Processing file /home/airflow/.local/lib/python3.7/site-packages/airflow/example_dags/tutorial.py for tasks to queue
[2022-03-16 00:04:40,942] {logging_mixin.py:109} INFO - [2022-03-16 00:04:40,942] {dagbag.py:500} INFO - Filling up the DagBag from /home/airflow/.local/lib/python3.7/site-packages/airflow/example_dags/tutorial.py
[2022-03-16 00:04:40,965] {processor.py:654} INFO - DAG(s) dict_keys(['tutorial']) retrieved from /home/airflow/.local/lib/python3.7/site-packages/airflow/example_dags/tutorial.py
[2022-03-16 00:04:40,975] {logging_mixin.py:109} INFO - [2022-03-16 00:04:40,975] {dag.py:2398} INFO - Sync 1 DAGs
[2022-03-16 00:04:40,993] {logging_mixin.py:109} INFO - [2022-03-16 00:04:40,993] {dag.py:2937} INFO - Setting next_dagrun for tutorial to 2022-03-15T00:04:40.992885+00:00
[2022-03-16 00:04:41,120] {processor.py:171} INFO - Processing /home/airflow/.local/lib/python3.7/site-packages/airflow/example_dags/tutorial.py took 0.200 seconds
[2022-03-16 00:05:11,861] {processor.py:163} INFO - Started process (PID=2802) to work on /home/airflow/.local/lib/python3.7/site-packages/airflow/example_dags/tutorial.py
[2022-03-16 00:05:11,862] {processor.py:642} INFO - Processing file /home/airflow/.local/lib/python3.7/site-packages/airflow/example_dags/tutorial.py for tasks to queue
[2022-03-16 00:05:11,862] {logging_mixin.py:109} INFO - [2022-03-16 00:05:11,862] {dagbag.py:500} INFO - Filling up the DagBag from /home/airflow/.local/lib/python3.7/site-packages/airflow/example_dags/tutorial.py
[2022-03-16 00:05:11,880] {processor.py:654} INFO - DAG(s) dict_keys(['tutorial']) retrieved from /home/airflow/.local/lib/python3.7/site-packages/airflow/example_dags/tutorial.py
[2022-03-16 00:05:11,886] {logging_mixin.py:109} INFO - [2022-03-16 00:05:11,886] {dag.py:2398} INFO - Sync 1 DAGs
[2022-03-16 00:05:11,898] {logging_mixin.py:109} INFO - [2022-03-16 00:05:11,898] {dag.py:2937} INFO - Setting next_dagrun for tutorial to 2022-03-15T00:05:11.898662+00:00
[2022-03-16 00:05:14,217] {processor.py:171} INFO - Processing /home/airflow/.local/lib/python3.7/site-packages/airflow/example_dags/tutorial.py took 2.358 seconds
[2022-03-16 00:05:44,384] {processor.py:163} INFO - Started process (PID=2861) to work on /home/airflow/.local/lib/python3.7/site-packages/airflow/example_dags/tutorial.py
[2022-03-16 00:05:44,401] {processor.py:642} INFO - Processing file /home/airflow/.local/lib/python3.7/site-packages/airflow/example_dags/tutorial.py for tasks to queue
[2022-03-16 00:05:44,402] {logging_mixin.py:109} INFO - [2022-03-16 00:05:44,401] {dagbag.py:500} INFO - Filling up the DagBag from /home/airflow/.local/lib/python3.7/site-packages/airflow/example_dags/tutorial.py
[2022-03-16 00:05:44,424] {processor.py:654} INFO - DAG(s) dict_keys(['tutorial']) retrieved from /home/airflow/.local/lib/python3.7/site-packages/airflow/example_dags/tutorial.py
[2022-03-16 00:05:44,430] {logging_mixin.py:109} INFO - [2022-03-16 00:05:44,430] {dag.py:2398} INFO - Sync 1 DAGs
[2022-03-16 00:05:44,442] {logging_mixin.py:109} INFO - [2022-03-16 00:05:44,442] {dag.py:2937} INFO - Setting next_dagrun for tutorial to 2022-03-15T00:05:44.442607+00:00
[2022-03-16 00:05:44,655] {processor.py:171} INFO - Processing /home/airflow/.local/lib/python3.7/site-packages/airflow/example_dags/tutorial.py took 0.273 seconds
[2022-03-16 00:06:14,689] {processor.py:163} INFO - Started process (PID=2918) to work on /home/airflow/.local/lib/python3.7/site-packages/airflow/example_dags/tutorial.py
[2022-03-16 00:06:14,700] {processor.py:642} INFO - Processing file /home/airflow/.local/lib/python3.7/site-packages/airflow/example_dags/tutorial.py for tasks to queue
[2022-03-16 00:06:14,701] {logging_mixin.py:109} INFO - [2022-03-16 00:06:14,701] {dagbag.py:500} INFO - Filling up the DagBag from /home/airflow/.local/lib/python3.7/site-packages/airflow/example_dags/tutorial.py
[2022-03-16 00:06:14,722] {processor.py:654} INFO - DAG(s) dict_keys(['tutorial']) retrieved from /home/airflow/.local/lib/python3.7/site-packages/airflow/example_dags/tutorial.py
[2022-03-16 00:06:14,729] {logging_mixin.py:109} INFO - [2022-03-16 00:06:14,728] {dag.py:2398} INFO - Sync 1 DAGs
[2022-03-16 00:06:14,740] {logging_mixin.py:109} INFO - [2022-03-16 00:06:14,740] {dag.py:2937} INFO - Setting next_dagrun for tutorial to 2022-03-15T00:06:14.740707+00:00
[2022-03-16 00:06:14,779] {processor.py:171} INFO - Processing /home/airflow/.local/lib/python3.7/site-packages/airflow/example_dags/tutorial.py took 0.092 seconds
[2022-03-16 00:06:45,583] {processor.py:163} INFO - Started process (PID=2992) to work on /home/airflow/.local/lib/python3.7/site-packages/airflow/example_dags/tutorial.py
[2022-03-16 00:06:45,613] {processor.py:642} INFO - Processing file /home/airflow/.local/lib/python3.7/site-packages/airflow/example_dags/tutorial.py for tasks to queue
[2022-03-16 00:06:45,613] {logging_mixin.py:109} INFO - [2022-03-16 00:06:45,613] {dagbag.py:500} INFO - Filling up the DagBag from /home/airflow/.local/lib/python3.7/site-packages/airflow/example_dags/tutorial.py
[2022-03-16 00:06:45,634] {processor.py:654} INFO - DAG(s) dict_keys(['tutorial']) retrieved from /home/airflow/.local/lib/python3.7/site-packages/airflow/example_dags/tutorial.py
[2022-03-16 00:06:45,644] {logging_mixin.py:109} INFO - [2022-03-16 00:06:45,644] {dag.py:2398} INFO - Sync 1 DAGs
[2022-03-16 00:06:45,661] {logging_mixin.py:109} INFO - [2022-03-16 00:06:45,661] {dag.py:2937} INFO - Setting next_dagrun for tutorial to 2022-03-15T00:06:45.661507+00:00
[2022-03-16 00:06:46,354] {processor.py:171} INFO - Processing /home/airflow/.local/lib/python3.7/site-packages/airflow/example_dags/tutorial.py took 0.773 seconds
[2022-03-16 00:07:17,017] {processor.py:163} INFO - Started process (PID=3047) to work on /home/airflow/.local/lib/python3.7/site-packages/airflow/example_dags/tutorial.py
[2022-03-16 00:07:17,026] {processor.py:642} INFO - Processing file /home/airflow/.local/lib/python3.7/site-packages/airflow/example_dags/tutorial.py for tasks to queue
[2022-03-16 00:07:17,026] {logging_mixin.py:109} INFO - [2022-03-16 00:07:17,026] {dagbag.py:500} INFO - Filling up the DagBag from /home/airflow/.local/lib/python3.7/site-packages/airflow/example_dags/tutorial.py
[2022-03-16 00:07:17,045] {processor.py:654} INFO - DAG(s) dict_keys(['tutorial']) retrieved from /home/airflow/.local/lib/python3.7/site-packages/airflow/example_dags/tutorial.py
[2022-03-16 00:07:17,051] {logging_mixin.py:109} INFO - [2022-03-16 00:07:17,051] {dag.py:2398} INFO - Sync 1 DAGs
[2022-03-16 00:07:17,063] {logging_mixin.py:109} INFO - [2022-03-16 00:07:17,062] {dag.py:2937} INFO - Setting next_dagrun for tutorial to 2022-03-15T00:07:17.062743+00:00
[2022-03-16 00:07:17,142] {processor.py:171} INFO - Processing /home/airflow/.local/lib/python3.7/site-packages/airflow/example_dags/tutorial.py took 0.127 seconds
[2022-03-16 00:07:47,313] {processor.py:163} INFO - Started process (PID=3105) to work on /home/airflow/.local/lib/python3.7/site-packages/airflow/example_dags/tutorial.py
[2022-03-16 00:07:47,358] {processor.py:642} INFO - Processing file /home/airflow/.local/lib/python3.7/site-packages/airflow/example_dags/tutorial.py for tasks to queue
[2022-03-16 00:07:47,358] {logging_mixin.py:109} INFO - [2022-03-16 00:07:47,358] {dagbag.py:500} INFO - Filling up the DagBag from /home/airflow/.local/lib/python3.7/site-packages/airflow/example_dags/tutorial.py
[2022-03-16 00:07:47,380] {processor.py:654} INFO - DAG(s) dict_keys(['tutorial']) retrieved from /home/airflow/.local/lib/python3.7/site-packages/airflow/example_dags/tutorial.py
[2022-03-16 00:07:47,390] {logging_mixin.py:109} INFO - [2022-03-16 00:07:47,390] {dag.py:2398} INFO - Sync 1 DAGs
[2022-03-16 00:07:47,405] {logging_mixin.py:109} INFO - [2022-03-16 00:07:47,405] {dag.py:2937} INFO - Setting next_dagrun for tutorial to 2022-03-15T00:07:47.405012+00:00
[2022-03-16 00:07:48,405] {processor.py:171} INFO - Processing /home/airflow/.local/lib/python3.7/site-packages/airflow/example_dags/tutorial.py took 1.093 seconds
[2022-03-16 00:08:18,999] {processor.py:163} INFO - Started process (PID=3163) to work on /home/airflow/.local/lib/python3.7/site-packages/airflow/example_dags/tutorial.py
[2022-03-16 00:08:19,011] {processor.py:642} INFO - Processing file /home/airflow/.local/lib/python3.7/site-packages/airflow/example_dags/tutorial.py for tasks to queue
[2022-03-16 00:08:19,011] {logging_mixin.py:109} INFO - [2022-03-16 00:08:19,011] {dagbag.py:500} INFO - Filling up the DagBag from /home/airflow/.local/lib/python3.7/site-packages/airflow/example_dags/tutorial.py
[2022-03-16 00:08:19,031] {processor.py:654} INFO - DAG(s) dict_keys(['tutorial']) retrieved from /home/airflow/.local/lib/python3.7/site-packages/airflow/example_dags/tutorial.py
[2022-03-16 00:08:19,038] {logging_mixin.py:109} INFO - [2022-03-16 00:08:19,038] {dag.py:2398} INFO - Sync 1 DAGs
[2022-03-16 00:08:19,049] {logging_mixin.py:109} INFO - [2022-03-16 00:08:19,049] {dag.py:2937} INFO - Setting next_dagrun for tutorial to 2022-03-15T00:08:19.049299+00:00
[2022-03-16 00:08:19,094] {processor.py:171} INFO - Processing /home/airflow/.local/lib/python3.7/site-packages/airflow/example_dags/tutorial.py took 0.097 seconds
[2022-03-16 00:08:49,722] {processor.py:163} INFO - Started process (PID=3228) to work on /home/airflow/.local/lib/python3.7/site-packages/airflow/example_dags/tutorial.py
[2022-03-16 00:08:49,730] {processor.py:642} INFO - Processing file /home/airflow/.local/lib/python3.7/site-packages/airflow/example_dags/tutorial.py for tasks to queue
[2022-03-16 00:08:49,730] {logging_mixin.py:109} INFO - [2022-03-16 00:08:49,730] {dagbag.py:500} INFO - Filling up the DagBag from /home/airflow/.local/lib/python3.7/site-packages/airflow/example_dags/tutorial.py
[2022-03-16 00:08:49,748] {processor.py:654} INFO - DAG(s) dict_keys(['tutorial']) retrieved from /home/airflow/.local/lib/python3.7/site-packages/airflow/example_dags/tutorial.py
[2022-03-16 00:08:49,755] {logging_mixin.py:109} INFO - [2022-03-16 00:08:49,755] {dag.py:2398} INFO - Sync 1 DAGs
[2022-03-16 00:08:49,766] {logging_mixin.py:109} INFO - [2022-03-16 00:08:49,766] {dag.py:2937} INFO - Setting next_dagrun for tutorial to 2022-03-15T00:08:49.766688+00:00
[2022-03-16 00:08:49,821] {processor.py:171} INFO - Processing /home/airflow/.local/lib/python3.7/site-packages/airflow/example_dags/tutorial.py took 0.101 seconds
[2022-03-16 00:09:21,079] {processor.py:163} INFO - Started process (PID=3291) to work on /home/airflow/.local/lib/python3.7/site-packages/airflow/example_dags/tutorial.py
[2022-03-16 00:09:21,092] {processor.py:642} INFO - Processing file /home/airflow/.local/lib/python3.7/site-packages/airflow/example_dags/tutorial.py for tasks to queue
[2022-03-16 00:09:21,092] {logging_mixin.py:109} INFO - [2022-03-16 00:09:21,092] {dagbag.py:500} INFO - Filling up the DagBag from /home/airflow/.local/lib/python3.7/site-packages/airflow/example_dags/tutorial.py
[2022-03-16 00:09:21,114] {processor.py:654} INFO - DAG(s) dict_keys(['tutorial']) retrieved from /home/airflow/.local/lib/python3.7/site-packages/airflow/example_dags/tutorial.py
[2022-03-16 00:09:21,121] {logging_mixin.py:109} INFO - [2022-03-16 00:09:21,121] {dag.py:2398} INFO - Sync 1 DAGs
[2022-03-16 00:09:21,132] {logging_mixin.py:109} INFO - [2022-03-16 00:09:21,132] {dag.py:2937} INFO - Setting next_dagrun for tutorial to 2022-03-15T00:09:21.132177+00:00
[2022-03-16 00:09:21,196] {processor.py:171} INFO - Processing /home/airflow/.local/lib/python3.7/site-packages/airflow/example_dags/tutorial.py took 0.119 seconds
[2022-03-16 00:09:52,257] {processor.py:163} INFO - Started process (PID=3341) to work on /home/airflow/.local/lib/python3.7/site-packages/airflow/example_dags/tutorial.py
[2022-03-16 00:09:52,258] {processor.py:642} INFO - Processing file /home/airflow/.local/lib/python3.7/site-packages/airflow/example_dags/tutorial.py for tasks to queue
[2022-03-16 00:09:52,259] {logging_mixin.py:109} INFO - [2022-03-16 00:09:52,259] {dagbag.py:500} INFO - Filling up the DagBag from /home/airflow/.local/lib/python3.7/site-packages/airflow/example_dags/tutorial.py
[2022-03-16 00:09:52,281] {processor.py:654} INFO - DAG(s) dict_keys(['tutorial']) retrieved from /home/airflow/.local/lib/python3.7/site-packages/airflow/example_dags/tutorial.py
[2022-03-16 00:09:52,288] {logging_mixin.py:109} INFO - [2022-03-16 00:09:52,287] {dag.py:2398} INFO - Sync 1 DAGs
[2022-03-16 00:09:52,299] {logging_mixin.py:109} INFO - [2022-03-16 00:09:52,299] {dag.py:2937} INFO - Setting next_dagrun for tutorial to 2022-03-15T00:09:52.299111+00:00
[2022-03-16 00:09:52,444] {processor.py:171} INFO - Processing /home/airflow/.local/lib/python3.7/site-packages/airflow/example_dags/tutorial.py took 0.190 seconds
[2022-03-16 00:10:23,343] {processor.py:163} INFO - Started process (PID=3407) to work on /home/airflow/.local/lib/python3.7/site-packages/airflow/example_dags/tutorial.py
[2022-03-16 00:10:23,344] {processor.py:642} INFO - Processing file /home/airflow/.local/lib/python3.7/site-packages/airflow/example_dags/tutorial.py for tasks to queue
[2022-03-16 00:10:23,344] {logging_mixin.py:109} INFO - [2022-03-16 00:10:23,344] {dagbag.py:500} INFO - Filling up the DagBag from /home/airflow/.local/lib/python3.7/site-packages/airflow/example_dags/tutorial.py
[2022-03-16 00:10:23,373] {processor.py:654} INFO - DAG(s) dict_keys(['tutorial']) retrieved from /home/airflow/.local/lib/python3.7/site-packages/airflow/example_dags/tutorial.py
[2022-03-16 00:10:23,383] {logging_mixin.py:109} INFO - [2022-03-16 00:10:23,383] {dag.py:2398} INFO - Sync 1 DAGs
[2022-03-16 00:10:23,401] {logging_mixin.py:109} INFO - [2022-03-16 00:10:23,401] {dag.py:2937} INFO - Setting next_dagrun for tutorial to 2022-03-15T00:10:23.401119+00:00
[2022-03-16 00:10:23,456] {processor.py:171} INFO - Processing /home/airflow/.local/lib/python3.7/site-packages/airflow/example_dags/tutorial.py took 0.116 seconds
[2022-03-16 00:10:55,052] {processor.py:163} INFO - Started process (PID=3474) to work on /home/airflow/.local/lib/python3.7/site-packages/airflow/example_dags/tutorial.py
[2022-03-16 00:10:55,055] {processor.py:642} INFO - Processing file /home/airflow/.local/lib/python3.7/site-packages/airflow/example_dags/tutorial.py for tasks to queue
[2022-03-16 00:10:55,056] {logging_mixin.py:109} INFO - [2022-03-16 00:10:55,056] {dagbag.py:500} INFO - Filling up the DagBag from /home/airflow/.local/lib/python3.7/site-packages/airflow/example_dags/tutorial.py
[2022-03-16 00:10:55,074] {processor.py:654} INFO - DAG(s) dict_keys(['tutorial']) retrieved from /home/airflow/.local/lib/python3.7/site-packages/airflow/example_dags/tutorial.py
[2022-03-16 00:10:55,080] {logging_mixin.py:109} INFO - [2022-03-16 00:10:55,080] {dag.py:2398} INFO - Sync 1 DAGs
[2022-03-16 00:10:55,091] {logging_mixin.py:109} INFO - [2022-03-16 00:10:55,090] {dag.py:2937} INFO - Setting next_dagrun for tutorial to 2022-03-15T00:10:55.090774+00:00
[2022-03-16 00:10:55,131] {processor.py:171} INFO - Processing /home/airflow/.local/lib/python3.7/site-packages/airflow/example_dags/tutorial.py took 0.081 seconds
[2022-03-16 00:11:26,253] {processor.py:163} INFO - Started process (PID=3526) to work on /home/airflow/.local/lib/python3.7/site-packages/airflow/example_dags/tutorial.py
[2022-03-16 00:11:26,254] {processor.py:642} INFO - Processing file /home/airflow/.local/lib/python3.7/site-packages/airflow/example_dags/tutorial.py for tasks to queue
[2022-03-16 00:11:26,254] {logging_mixin.py:109} INFO - [2022-03-16 00:11:26,254] {dagbag.py:500} INFO - Filling up the DagBag from /home/airflow/.local/lib/python3.7/site-packages/airflow/example_dags/tutorial.py
[2022-03-16 00:11:26,271] {processor.py:654} INFO - DAG(s) dict_keys(['tutorial']) retrieved from /home/airflow/.local/lib/python3.7/site-packages/airflow/example_dags/tutorial.py
[2022-03-16 00:11:26,277] {logging_mixin.py:109} INFO - [2022-03-16 00:11:26,277] {dag.py:2398} INFO - Sync 1 DAGs
[2022-03-16 00:11:26,287] {logging_mixin.py:109} INFO - [2022-03-16 00:11:26,287] {dag.py:2937} INFO - Setting next_dagrun for tutorial to 2022-03-15T00:11:26.287654+00:00
[2022-03-16 00:11:26,816] {processor.py:171} INFO - Processing /home/airflow/.local/lib/python3.7/site-packages/airflow/example_dags/tutorial.py took 0.565 seconds
[2022-03-16 00:11:57,517] {processor.py:163} INFO - Started process (PID=3585) to work on /home/airflow/.local/lib/python3.7/site-packages/airflow/example_dags/tutorial.py
[2022-03-16 00:11:57,558] {processor.py:642} INFO - Processing file /home/airflow/.local/lib/python3.7/site-packages/airflow/example_dags/tutorial.py for tasks to queue
[2022-03-16 00:11:57,560] {logging_mixin.py:109} INFO - [2022-03-16 00:11:57,560] {dagbag.py:500} INFO - Filling up the DagBag from /home/airflow/.local/lib/python3.7/site-packages/airflow/example_dags/tutorial.py
[2022-03-16 00:11:57,604] {processor.py:654} INFO - DAG(s) dict_keys(['tutorial']) retrieved from /home/airflow/.local/lib/python3.7/site-packages/airflow/example_dags/tutorial.py
[2022-03-16 00:11:57,611] {logging_mixin.py:109} INFO - [2022-03-16 00:11:57,611] {dag.py:2398} INFO - Sync 1 DAGs
[2022-03-16 00:11:57,622] {logging_mixin.py:109} INFO - [2022-03-16 00:11:57,622] {dag.py:2937} INFO - Setting next_dagrun for tutorial to 2022-03-15T00:11:57.622425+00:00
[2022-03-16 00:11:58,067] {processor.py:171} INFO - Processing /home/airflow/.local/lib/python3.7/site-packages/airflow/example_dags/tutorial.py took 0.552 seconds
[2022-03-16 00:12:28,906] {processor.py:163} INFO - Started process (PID=3646) to work on /home/airflow/.local/lib/python3.7/site-packages/airflow/example_dags/tutorial.py
[2022-03-16 00:12:28,940] {processor.py:642} INFO - Processing file /home/airflow/.local/lib/python3.7/site-packages/airflow/example_dags/tutorial.py for tasks to queue
[2022-03-16 00:12:28,940] {logging_mixin.py:109} INFO - [2022-03-16 00:12:28,940] {dagbag.py:500} INFO - Filling up the DagBag from /home/airflow/.local/lib/python3.7/site-packages/airflow/example_dags/tutorial.py
[2022-03-16 00:12:28,959] {processor.py:654} INFO - DAG(s) dict_keys(['tutorial']) retrieved from /home/airflow/.local/lib/python3.7/site-packages/airflow/example_dags/tutorial.py
[2022-03-16 00:12:28,966] {logging_mixin.py:109} INFO - [2022-03-16 00:12:28,966] {dag.py:2398} INFO - Sync 1 DAGs
[2022-03-16 00:12:28,981] {logging_mixin.py:109} INFO - [2022-03-16 00:12:28,980] {dag.py:2937} INFO - Setting next_dagrun for tutorial to 2022-03-15T00:12:28.980668+00:00
[2022-03-16 00:12:29,108] {processor.py:171} INFO - Processing /home/airflow/.local/lib/python3.7/site-packages/airflow/example_dags/tutorial.py took 0.204 seconds
[2022-03-16 00:12:59,363] {processor.py:163} INFO - Started process (PID=3714) to work on /home/airflow/.local/lib/python3.7/site-packages/airflow/example_dags/tutorial.py
[2022-03-16 00:12:59,406] {processor.py:642} INFO - Processing file /home/airflow/.local/lib/python3.7/site-packages/airflow/example_dags/tutorial.py for tasks to queue
[2022-03-16 00:12:59,408] {logging_mixin.py:109} INFO - [2022-03-16 00:12:59,408] {dagbag.py:500} INFO - Filling up the DagBag from /home/airflow/.local/lib/python3.7/site-packages/airflow/example_dags/tutorial.py
[2022-03-16 00:12:59,476] {processor.py:654} INFO - DAG(s) dict_keys(['tutorial']) retrieved from /home/airflow/.local/lib/python3.7/site-packages/airflow/example_dags/tutorial.py
[2022-03-16 00:12:59,499] {logging_mixin.py:109} INFO - [2022-03-16 00:12:59,499] {dag.py:2398} INFO - Sync 1 DAGs
[2022-03-16 00:12:59,538] {logging_mixin.py:109} INFO - [2022-03-16 00:12:59,537] {dag.py:2937} INFO - Setting next_dagrun for tutorial to 2022-03-15T00:12:59.536981+00:00
[2022-03-16 00:12:59,774] {processor.py:171} INFO - Processing /home/airflow/.local/lib/python3.7/site-packages/airflow/example_dags/tutorial.py took 0.414 seconds
[2022-03-16 00:13:30,393] {processor.py:163} INFO - Started process (PID=3766) to work on /home/airflow/.local/lib/python3.7/site-packages/airflow/example_dags/tutorial.py
[2022-03-16 00:13:30,396] {processor.py:642} INFO - Processing file /home/airflow/.local/lib/python3.7/site-packages/airflow/example_dags/tutorial.py for tasks to queue
[2022-03-16 00:13:30,398] {logging_mixin.py:109} INFO - [2022-03-16 00:13:30,397] {dagbag.py:500} INFO - Filling up the DagBag from /home/airflow/.local/lib/python3.7/site-packages/airflow/example_dags/tutorial.py
[2022-03-16 00:13:30,466] {processor.py:654} INFO - DAG(s) dict_keys(['tutorial']) retrieved from /home/airflow/.local/lib/python3.7/site-packages/airflow/example_dags/tutorial.py
[2022-03-16 00:13:30,492] {logging_mixin.py:109} INFO - [2022-03-16 00:13:30,491] {dag.py:2398} INFO - Sync 1 DAGs
[2022-03-16 00:13:30,536] {logging_mixin.py:109} INFO - [2022-03-16 00:13:30,535] {dag.py:2937} INFO - Setting next_dagrun for tutorial to 2022-03-15T00:13:30.535291+00:00
[2022-03-16 00:13:30,694] {processor.py:171} INFO - Processing /home/airflow/.local/lib/python3.7/site-packages/airflow/example_dags/tutorial.py took 0.305 seconds
[2022-03-16 00:14:00,892] {processor.py:163} INFO - Started process (PID=3824) to work on /home/airflow/.local/lib/python3.7/site-packages/airflow/example_dags/tutorial.py
[2022-03-16 00:14:00,937] {processor.py:642} INFO - Processing file /home/airflow/.local/lib/python3.7/site-packages/airflow/example_dags/tutorial.py for tasks to queue
[2022-03-16 00:14:00,939] {logging_mixin.py:109} INFO - [2022-03-16 00:14:00,938] {dagbag.py:500} INFO - Filling up the DagBag from /home/airflow/.local/lib/python3.7/site-packages/airflow/example_dags/tutorial.py
[2022-03-16 00:14:01,005] {processor.py:654} INFO - DAG(s) dict_keys(['tutorial']) retrieved from /home/airflow/.local/lib/python3.7/site-packages/airflow/example_dags/tutorial.py
[2022-03-16 00:14:01,031] {logging_mixin.py:109} INFO - [2022-03-16 00:14:01,031] {dag.py:2398} INFO - Sync 1 DAGs
[2022-03-16 00:14:01,072] {logging_mixin.py:109} INFO - [2022-03-16 00:14:01,072] {dag.py:2937} INFO - Setting next_dagrun for tutorial to 2022-03-15T00:14:01.071411+00:00
[2022-03-16 00:14:01,123] {processor.py:171} INFO - Processing /home/airflow/.local/lib/python3.7/site-packages/airflow/example_dags/tutorial.py took 0.237 seconds
[2022-03-16 00:14:31,778] {processor.py:163} INFO - Started process (PID=3889) to work on /home/airflow/.local/lib/python3.7/site-packages/airflow/example_dags/tutorial.py
[2022-03-16 00:14:31,808] {processor.py:642} INFO - Processing file /home/airflow/.local/lib/python3.7/site-packages/airflow/example_dags/tutorial.py for tasks to queue
[2022-03-16 00:14:31,809] {logging_mixin.py:109} INFO - [2022-03-16 00:14:31,809] {dagbag.py:500} INFO - Filling up the DagBag from /home/airflow/.local/lib/python3.7/site-packages/airflow/example_dags/tutorial.py
[2022-03-16 00:14:31,830] {processor.py:654} INFO - DAG(s) dict_keys(['tutorial']) retrieved from /home/airflow/.local/lib/python3.7/site-packages/airflow/example_dags/tutorial.py
[2022-03-16 00:14:31,839] {logging_mixin.py:109} INFO - [2022-03-16 00:14:31,839] {dag.py:2398} INFO - Sync 1 DAGs
[2022-03-16 00:14:31,853] {logging_mixin.py:109} INFO - [2022-03-16 00:14:31,853] {dag.py:2937} INFO - Setting next_dagrun for tutorial to 2022-03-15T00:14:31.853095+00:00
[2022-03-16 00:14:33,498] {processor.py:171} INFO - Processing /home/airflow/.local/lib/python3.7/site-packages/airflow/example_dags/tutorial.py took 1.722 seconds
[2022-03-16 00:15:03,838] {processor.py:163} INFO - Started process (PID=3949) to work on /home/airflow/.local/lib/python3.7/site-packages/airflow/example_dags/tutorial.py
[2022-03-16 00:15:03,899] {processor.py:642} INFO - Processing file /home/airflow/.local/lib/python3.7/site-packages/airflow/example_dags/tutorial.py for tasks to queue
[2022-03-16 00:15:03,899] {logging_mixin.py:109} INFO - [2022-03-16 00:15:03,899] {dagbag.py:500} INFO - Filling up the DagBag from /home/airflow/.local/lib/python3.7/site-packages/airflow/example_dags/tutorial.py
[2022-03-16 00:15:03,920] {processor.py:654} INFO - DAG(s) dict_keys(['tutorial']) retrieved from /home/airflow/.local/lib/python3.7/site-packages/airflow/example_dags/tutorial.py
[2022-03-16 00:15:03,927] {logging_mixin.py:109} INFO - [2022-03-16 00:15:03,927] {dag.py:2398} INFO - Sync 1 DAGs
[2022-03-16 00:15:03,939] {logging_mixin.py:109} INFO - [2022-03-16 00:15:03,939] {dag.py:2937} INFO - Setting next_dagrun for tutorial to 2022-03-15T00:15:03.939672+00:00
[2022-03-16 00:15:03,980] {processor.py:171} INFO - Processing /home/airflow/.local/lib/python3.7/site-packages/airflow/example_dags/tutorial.py took 0.143 seconds
[2022-03-16 00:15:34,124] {processor.py:163} INFO - Started process (PID=4000) to work on /home/airflow/.local/lib/python3.7/site-packages/airflow/example_dags/tutorial.py
[2022-03-16 00:15:34,132] {processor.py:642} INFO - Processing file /home/airflow/.local/lib/python3.7/site-packages/airflow/example_dags/tutorial.py for tasks to queue
[2022-03-16 00:15:34,134] {logging_mixin.py:109} INFO - [2022-03-16 00:15:34,133] {dagbag.py:500} INFO - Filling up the DagBag from /home/airflow/.local/lib/python3.7/site-packages/airflow/example_dags/tutorial.py
[2022-03-16 00:15:34,176] {processor.py:654} INFO - DAG(s) dict_keys(['tutorial']) retrieved from /home/airflow/.local/lib/python3.7/site-packages/airflow/example_dags/tutorial.py
[2022-03-16 00:15:34,182] {logging_mixin.py:109} INFO - [2022-03-16 00:15:34,182] {dag.py:2398} INFO - Sync 1 DAGs
[2022-03-16 00:15:34,192] {logging_mixin.py:109} INFO - [2022-03-16 00:15:34,192] {dag.py:2937} INFO - Setting next_dagrun for tutorial to 2022-03-15T00:15:34.192726+00:00
[2022-03-16 00:15:34,353] {processor.py:171} INFO - Processing /home/airflow/.local/lib/python3.7/site-packages/airflow/example_dags/tutorial.py took 0.236 seconds
[2022-03-16 00:16:04,512] {processor.py:163} INFO - Started process (PID=4061) to work on /home/airflow/.local/lib/python3.7/site-packages/airflow/example_dags/tutorial.py
[2022-03-16 00:16:04,518] {processor.py:642} INFO - Processing file /home/airflow/.local/lib/python3.7/site-packages/airflow/example_dags/tutorial.py for tasks to queue
[2022-03-16 00:16:04,519] {logging_mixin.py:109} INFO - [2022-03-16 00:16:04,518] {dagbag.py:500} INFO - Filling up the DagBag from /home/airflow/.local/lib/python3.7/site-packages/airflow/example_dags/tutorial.py
[2022-03-16 00:16:04,543] {processor.py:654} INFO - DAG(s) dict_keys(['tutorial']) retrieved from /home/airflow/.local/lib/python3.7/site-packages/airflow/example_dags/tutorial.py
[2022-03-16 00:16:04,552] {logging_mixin.py:109} INFO - [2022-03-16 00:16:04,552] {dag.py:2398} INFO - Sync 1 DAGs
[2022-03-16 00:16:04,564] {logging_mixin.py:109} INFO - [2022-03-16 00:16:04,564] {dag.py:2937} INFO - Setting next_dagrun for tutorial to 2022-03-15T00:16:04.564603+00:00
[2022-03-16 00:16:04,618] {processor.py:171} INFO - Processing /home/airflow/.local/lib/python3.7/site-packages/airflow/example_dags/tutorial.py took 0.107 seconds
[2022-03-16 00:16:34,768] {processor.py:163} INFO - Started process (PID=4123) to work on /home/airflow/.local/lib/python3.7/site-packages/airflow/example_dags/tutorial.py
[2022-03-16 00:16:34,934] {processor.py:642} INFO - Processing file /home/airflow/.local/lib/python3.7/site-packages/airflow/example_dags/tutorial.py for tasks to queue
[2022-03-16 00:16:34,934] {logging_mixin.py:109} INFO - [2022-03-16 00:16:34,934] {dagbag.py:500} INFO - Filling up the DagBag from /home/airflow/.local/lib/python3.7/site-packages/airflow/example_dags/tutorial.py
[2022-03-16 00:16:34,955] {processor.py:654} INFO - DAG(s) dict_keys(['tutorial']) retrieved from /home/airflow/.local/lib/python3.7/site-packages/airflow/example_dags/tutorial.py
[2022-03-16 00:16:34,962] {logging_mixin.py:109} INFO - [2022-03-16 00:16:34,962] {dag.py:2398} INFO - Sync 1 DAGs
[2022-03-16 00:16:34,974] {logging_mixin.py:109} INFO - [2022-03-16 00:16:34,974] {dag.py:2937} INFO - Setting next_dagrun for tutorial to 2022-03-15T00:16:34.974687+00:00
[2022-03-16 00:16:36,042] {processor.py:171} INFO - Processing /home/airflow/.local/lib/python3.7/site-packages/airflow/example_dags/tutorial.py took 1.276 seconds
[2022-03-16 00:17:06,987] {processor.py:163} INFO - Started process (PID=4192) to work on /home/airflow/.local/lib/python3.7/site-packages/airflow/example_dags/tutorial.py
[2022-03-16 00:17:07,000] {processor.py:642} INFO - Processing file /home/airflow/.local/lib/python3.7/site-packages/airflow/example_dags/tutorial.py for tasks to queue
[2022-03-16 00:17:07,001] {logging_mixin.py:109} INFO - [2022-03-16 00:17:07,001] {dagbag.py:500} INFO - Filling up the DagBag from /home/airflow/.local/lib/python3.7/site-packages/airflow/example_dags/tutorial.py
[2022-03-16 00:17:07,023] {processor.py:654} INFO - DAG(s) dict_keys(['tutorial']) retrieved from /home/airflow/.local/lib/python3.7/site-packages/airflow/example_dags/tutorial.py
[2022-03-16 00:17:07,032] {logging_mixin.py:109} INFO - [2022-03-16 00:17:07,032] {dag.py:2398} INFO - Sync 1 DAGs
[2022-03-16 00:17:07,047] {logging_mixin.py:109} INFO - [2022-03-16 00:17:07,047] {dag.py:2937} INFO - Setting next_dagrun for tutorial to 2022-03-15T00:17:07.047604+00:00
[2022-03-16 00:17:07,097] {processor.py:171} INFO - Processing /home/airflow/.local/lib/python3.7/site-packages/airflow/example_dags/tutorial.py took 0.112 seconds
[2022-03-16 00:17:37,266] {processor.py:163} INFO - Started process (PID=4242) to work on /home/airflow/.local/lib/python3.7/site-packages/airflow/example_dags/tutorial.py
[2022-03-16 00:17:37,269] {processor.py:642} INFO - Processing file /home/airflow/.local/lib/python3.7/site-packages/airflow/example_dags/tutorial.py for tasks to queue
[2022-03-16 00:17:37,270] {logging_mixin.py:109} INFO - [2022-03-16 00:17:37,270] {dagbag.py:500} INFO - Filling up the DagBag from /home/airflow/.local/lib/python3.7/site-packages/airflow/example_dags/tutorial.py
[2022-03-16 00:17:37,293] {processor.py:654} INFO - DAG(s) dict_keys(['tutorial']) retrieved from /home/airflow/.local/lib/python3.7/site-packages/airflow/example_dags/tutorial.py
[2022-03-16 00:17:37,299] {logging_mixin.py:109} INFO - [2022-03-16 00:17:37,299] {dag.py:2398} INFO - Sync 1 DAGs
[2022-03-16 00:17:37,315] {logging_mixin.py:109} INFO - [2022-03-16 00:17:37,315] {dag.py:2937} INFO - Setting next_dagrun for tutorial to 2022-03-15T00:17:37.315236+00:00
[2022-03-16 00:17:37,392] {processor.py:171} INFO - Processing /home/airflow/.local/lib/python3.7/site-packages/airflow/example_dags/tutorial.py took 0.129 seconds
[2022-03-16 00:18:08,234] {processor.py:163} INFO - Started process (PID=4303) to work on /home/airflow/.local/lib/python3.7/site-packages/airflow/example_dags/tutorial.py
[2022-03-16 00:18:08,263] {processor.py:642} INFO - Processing file /home/airflow/.local/lib/python3.7/site-packages/airflow/example_dags/tutorial.py for tasks to queue
[2022-03-16 00:18:08,264] {logging_mixin.py:109} INFO - [2022-03-16 00:18:08,264] {dagbag.py:500} INFO - Filling up the DagBag from /home/airflow/.local/lib/python3.7/site-packages/airflow/example_dags/tutorial.py
[2022-03-16 00:18:08,286] {processor.py:654} INFO - DAG(s) dict_keys(['tutorial']) retrieved from /home/airflow/.local/lib/python3.7/site-packages/airflow/example_dags/tutorial.py
[2022-03-16 00:18:08,295] {logging_mixin.py:109} INFO - [2022-03-16 00:18:08,294] {dag.py:2398} INFO - Sync 1 DAGs
[2022-03-16 00:18:08,307] {logging_mixin.py:109} INFO - [2022-03-16 00:18:08,307] {dag.py:2937} INFO - Setting next_dagrun for tutorial to 2022-03-15T00:18:08.307370+00:00
[2022-03-16 00:18:08,381] {processor.py:171} INFO - Processing /home/airflow/.local/lib/python3.7/site-packages/airflow/example_dags/tutorial.py took 0.148 seconds
[2022-03-16 00:18:38,455] {processor.py:163} INFO - Started process (PID=4367) to work on /home/airflow/.local/lib/python3.7/site-packages/airflow/example_dags/tutorial.py
[2022-03-16 00:18:38,521] {processor.py:642} INFO - Processing file /home/airflow/.local/lib/python3.7/site-packages/airflow/example_dags/tutorial.py for tasks to queue
[2022-03-16 00:18:38,521] {logging_mixin.py:109} INFO - [2022-03-16 00:18:38,521] {dagbag.py:500} INFO - Filling up the DagBag from /home/airflow/.local/lib/python3.7/site-packages/airflow/example_dags/tutorial.py
[2022-03-16 00:18:38,554] {processor.py:654} INFO - DAG(s) dict_keys(['tutorial']) retrieved from /home/airflow/.local/lib/python3.7/site-packages/airflow/example_dags/tutorial.py
[2022-03-16 00:18:38,561] {logging_mixin.py:109} INFO - [2022-03-16 00:18:38,561] {dag.py:2398} INFO - Sync 1 DAGs
[2022-03-16 00:18:38,580] {logging_mixin.py:109} INFO - [2022-03-16 00:18:38,580] {dag.py:2937} INFO - Setting next_dagrun for tutorial to 2022-03-15T00:18:38.579983+00:00
[2022-03-16 00:18:39,728] {processor.py:171} INFO - Processing /home/airflow/.local/lib/python3.7/site-packages/airflow/example_dags/tutorial.py took 1.276 seconds
[2022-03-16 00:19:10,286] {processor.py:163} INFO - Started process (PID=4437) to work on /home/airflow/.local/lib/python3.7/site-packages/airflow/example_dags/tutorial.py
[2022-03-16 00:19:10,302] {processor.py:642} INFO - Processing file /home/airflow/.local/lib/python3.7/site-packages/airflow/example_dags/tutorial.py for tasks to queue
[2022-03-16 00:19:10,303] {logging_mixin.py:109} INFO - [2022-03-16 00:19:10,303] {dagbag.py:500} INFO - Filling up the DagBag from /home/airflow/.local/lib/python3.7/site-packages/airflow/example_dags/tutorial.py
[2022-03-16 00:19:10,331] {processor.py:654} INFO - DAG(s) dict_keys(['tutorial']) retrieved from /home/airflow/.local/lib/python3.7/site-packages/airflow/example_dags/tutorial.py
[2022-03-16 00:19:10,340] {logging_mixin.py:109} INFO - [2022-03-16 00:19:10,340] {dag.py:2398} INFO - Sync 1 DAGs
[2022-03-16 00:19:10,355] {logging_mixin.py:109} INFO - [2022-03-16 00:19:10,355] {dag.py:2937} INFO - Setting next_dagrun for tutorial to 2022-03-15T00:19:10.355703+00:00
[2022-03-16 00:19:10,805] {processor.py:171} INFO - Processing /home/airflow/.local/lib/python3.7/site-packages/airflow/example_dags/tutorial.py took 0.521 seconds
[2022-03-16 00:19:41,046] {processor.py:163} INFO - Started process (PID=4487) to work on /home/airflow/.local/lib/python3.7/site-packages/airflow/example_dags/tutorial.py
[2022-03-16 00:19:41,058] {processor.py:642} INFO - Processing file /home/airflow/.local/lib/python3.7/site-packages/airflow/example_dags/tutorial.py for tasks to queue
[2022-03-16 00:19:41,058] {logging_mixin.py:109} INFO - [2022-03-16 00:19:41,058] {dagbag.py:500} INFO - Filling up the DagBag from /home/airflow/.local/lib/python3.7/site-packages/airflow/example_dags/tutorial.py
[2022-03-16 00:19:41,081] {processor.py:654} INFO - DAG(s) dict_keys(['tutorial']) retrieved from /home/airflow/.local/lib/python3.7/site-packages/airflow/example_dags/tutorial.py
[2022-03-16 00:19:41,089] {logging_mixin.py:109} INFO - [2022-03-16 00:19:41,089] {dag.py:2398} INFO - Sync 1 DAGs
[2022-03-16 00:19:41,101] {logging_mixin.py:109} INFO - [2022-03-16 00:19:41,100] {dag.py:2937} INFO - Setting next_dagrun for tutorial to 2022-03-15T00:19:41.100787+00:00
[2022-03-16 00:19:41,429] {processor.py:171} INFO - Processing /home/airflow/.local/lib/python3.7/site-packages/airflow/example_dags/tutorial.py took 0.385 seconds
[2022-03-16 00:20:11,814] {processor.py:163} INFO - Started process (PID=4541) to work on /home/airflow/.local/lib/python3.7/site-packages/airflow/example_dags/tutorial.py
[2022-03-16 00:20:11,846] {processor.py:642} INFO - Processing file /home/airflow/.local/lib/python3.7/site-packages/airflow/example_dags/tutorial.py for tasks to queue
[2022-03-16 00:20:11,847] {logging_mixin.py:109} INFO - [2022-03-16 00:20:11,847] {dagbag.py:500} INFO - Filling up the DagBag from /home/airflow/.local/lib/python3.7/site-packages/airflow/example_dags/tutorial.py
[2022-03-16 00:20:11,871] {processor.py:654} INFO - DAG(s) dict_keys(['tutorial']) retrieved from /home/airflow/.local/lib/python3.7/site-packages/airflow/example_dags/tutorial.py
[2022-03-16 00:20:11,879] {logging_mixin.py:109} INFO - [2022-03-16 00:20:11,879] {dag.py:2398} INFO - Sync 1 DAGs
[2022-03-16 00:20:11,894] {logging_mixin.py:109} INFO - [2022-03-16 00:20:11,894] {dag.py:2937} INFO - Setting next_dagrun for tutorial to 2022-03-15T00:20:11.893806+00:00
[2022-03-16 00:20:11,975] {processor.py:171} INFO - Processing /home/airflow/.local/lib/python3.7/site-packages/airflow/example_dags/tutorial.py took 0.163 seconds
[2022-03-16 00:20:41,988] {processor.py:163} INFO - Started process (PID=4614) to work on /home/airflow/.local/lib/python3.7/site-packages/airflow/example_dags/tutorial.py
[2022-03-16 00:20:41,999] {processor.py:642} INFO - Processing file /home/airflow/.local/lib/python3.7/site-packages/airflow/example_dags/tutorial.py for tasks to queue
[2022-03-16 00:20:41,999] {logging_mixin.py:109} INFO - [2022-03-16 00:20:41,999] {dagbag.py:500} INFO - Filling up the DagBag from /home/airflow/.local/lib/python3.7/site-packages/airflow/example_dags/tutorial.py
[2022-03-16 00:20:42,017] {processor.py:654} INFO - DAG(s) dict_keys(['tutorial']) retrieved from /home/airflow/.local/lib/python3.7/site-packages/airflow/example_dags/tutorial.py
[2022-03-16 00:20:42,024] {logging_mixin.py:109} INFO - [2022-03-16 00:20:42,024] {dag.py:2398} INFO - Sync 1 DAGs
[2022-03-16 00:20:42,035] {logging_mixin.py:109} INFO - [2022-03-16 00:20:42,035] {dag.py:2937} INFO - Setting next_dagrun for tutorial to 2022-03-15T00:20:42.035043+00:00
[2022-03-16 00:20:42,077] {processor.py:171} INFO - Processing /home/airflow/.local/lib/python3.7/site-packages/airflow/example_dags/tutorial.py took 0.091 seconds
[2022-03-16 00:21:12,772] {processor.py:163} INFO - Started process (PID=4673) to work on /home/airflow/.local/lib/python3.7/site-packages/airflow/example_dags/tutorial.py
[2022-03-16 00:21:12,804] {processor.py:642} INFO - Processing file /home/airflow/.local/lib/python3.7/site-packages/airflow/example_dags/tutorial.py for tasks to queue
[2022-03-16 00:21:12,805] {logging_mixin.py:109} INFO - [2022-03-16 00:21:12,805] {dagbag.py:500} INFO - Filling up the DagBag from /home/airflow/.local/lib/python3.7/site-packages/airflow/example_dags/tutorial.py
[2022-03-16 00:21:12,823] {processor.py:654} INFO - DAG(s) dict_keys(['tutorial']) retrieved from /home/airflow/.local/lib/python3.7/site-packages/airflow/example_dags/tutorial.py
[2022-03-16 00:21:12,829] {logging_mixin.py:109} INFO - [2022-03-16 00:21:12,829] {dag.py:2398} INFO - Sync 1 DAGs
[2022-03-16 00:21:12,840] {logging_mixin.py:109} INFO - [2022-03-16 00:21:12,840] {dag.py:2937} INFO - Setting next_dagrun for tutorial to 2022-03-15T00:21:12.840076+00:00
[2022-03-16 00:21:12,879] {processor.py:171} INFO - Processing /home/airflow/.local/lib/python3.7/site-packages/airflow/example_dags/tutorial.py took 0.110 seconds
[2022-03-16 00:21:44,935] {processor.py:163} INFO - Started process (PID=4733) to work on /home/airflow/.local/lib/python3.7/site-packages/airflow/example_dags/tutorial.py
[2022-03-16 00:21:44,958] {processor.py:642} INFO - Processing file /home/airflow/.local/lib/python3.7/site-packages/airflow/example_dags/tutorial.py for tasks to queue
[2022-03-16 00:21:44,959] {logging_mixin.py:109} INFO - [2022-03-16 00:21:44,959] {dagbag.py:500} INFO - Filling up the DagBag from /home/airflow/.local/lib/python3.7/site-packages/airflow/example_dags/tutorial.py
[2022-03-16 00:21:44,983] {processor.py:654} INFO - DAG(s) dict_keys(['tutorial']) retrieved from /home/airflow/.local/lib/python3.7/site-packages/airflow/example_dags/tutorial.py
[2022-03-16 00:21:44,992] {logging_mixin.py:109} INFO - [2022-03-16 00:21:44,992] {dag.py:2398} INFO - Sync 1 DAGs
[2022-03-16 00:21:45,006] {logging_mixin.py:109} INFO - [2022-03-16 00:21:45,006] {dag.py:2937} INFO - Setting next_dagrun for tutorial to 2022-03-15T00:21:45.006608+00:00
[2022-03-16 00:21:45,790] {processor.py:171} INFO - Processing /home/airflow/.local/lib/python3.7/site-packages/airflow/example_dags/tutorial.py took 0.857 seconds
[2022-03-16 00:22:15,976] {processor.py:163} INFO - Started process (PID=4791) to work on /home/airflow/.local/lib/python3.7/site-packages/airflow/example_dags/tutorial.py
[2022-03-16 00:22:16,108] {processor.py:642} INFO - Processing file /home/airflow/.local/lib/python3.7/site-packages/airflow/example_dags/tutorial.py for tasks to queue
[2022-03-16 00:22:16,109] {logging_mixin.py:109} INFO - [2022-03-16 00:22:16,109] {dagbag.py:500} INFO - Filling up the DagBag from /home/airflow/.local/lib/python3.7/site-packages/airflow/example_dags/tutorial.py
[2022-03-16 00:22:16,135] {processor.py:654} INFO - DAG(s) dict_keys(['tutorial']) retrieved from /home/airflow/.local/lib/python3.7/site-packages/airflow/example_dags/tutorial.py
[2022-03-16 00:22:16,143] {logging_mixin.py:109} INFO - [2022-03-16 00:22:16,143] {dag.py:2398} INFO - Sync 1 DAGs
[2022-03-16 00:22:16,157] {logging_mixin.py:109} INFO - [2022-03-16 00:22:16,157] {dag.py:2937} INFO - Setting next_dagrun for tutorial to 2022-03-15T00:22:16.157560+00:00
[2022-03-16 00:22:16,634] {processor.py:171} INFO - Processing /home/airflow/.local/lib/python3.7/site-packages/airflow/example_dags/tutorial.py took 0.665 seconds
[2022-03-16 00:22:47,887] {processor.py:163} INFO - Started process (PID=4867) to work on /home/airflow/.local/lib/python3.7/site-packages/airflow/example_dags/tutorial.py
[2022-03-16 00:22:47,894] {processor.py:642} INFO - Processing file /home/airflow/.local/lib/python3.7/site-packages/airflow/example_dags/tutorial.py for tasks to queue
[2022-03-16 00:22:47,895] {logging_mixin.py:109} INFO - [2022-03-16 00:22:47,895] {dagbag.py:500} INFO - Filling up the DagBag from /home/airflow/.local/lib/python3.7/site-packages/airflow/example_dags/tutorial.py
[2022-03-16 00:22:47,915] {processor.py:654} INFO - DAG(s) dict_keys(['tutorial']) retrieved from /home/airflow/.local/lib/python3.7/site-packages/airflow/example_dags/tutorial.py
[2022-03-16 00:22:47,922] {logging_mixin.py:109} INFO - [2022-03-16 00:22:47,922] {dag.py:2398} INFO - Sync 1 DAGs
[2022-03-16 00:22:47,934] {logging_mixin.py:109} INFO - [2022-03-16 00:22:47,933] {dag.py:2937} INFO - Setting next_dagrun for tutorial to 2022-03-15T00:22:47.933747+00:00
[2022-03-16 00:22:47,988] {processor.py:171} INFO - Processing /home/airflow/.local/lib/python3.7/site-packages/airflow/example_dags/tutorial.py took 0.103 seconds
[2022-03-16 00:23:19,116] {processor.py:163} INFO - Started process (PID=4924) to work on /home/airflow/.local/lib/python3.7/site-packages/airflow/example_dags/tutorial.py
[2022-03-16 00:23:19,117] {processor.py:642} INFO - Processing file /home/airflow/.local/lib/python3.7/site-packages/airflow/example_dags/tutorial.py for tasks to queue
[2022-03-16 00:23:19,118] {logging_mixin.py:109} INFO - [2022-03-16 00:23:19,118] {dagbag.py:500} INFO - Filling up the DagBag from /home/airflow/.local/lib/python3.7/site-packages/airflow/example_dags/tutorial.py
[2022-03-16 00:23:19,135] {processor.py:654} INFO - DAG(s) dict_keys(['tutorial']) retrieved from /home/airflow/.local/lib/python3.7/site-packages/airflow/example_dags/tutorial.py
[2022-03-16 00:23:19,141] {logging_mixin.py:109} INFO - [2022-03-16 00:23:19,141] {dag.py:2398} INFO - Sync 1 DAGs
[2022-03-16 00:23:19,152] {logging_mixin.py:109} INFO - [2022-03-16 00:23:19,151] {dag.py:2937} INFO - Setting next_dagrun for tutorial to 2022-03-15T00:23:19.151785+00:00
[2022-03-16 00:23:19,196] {processor.py:171} INFO - Processing /home/airflow/.local/lib/python3.7/site-packages/airflow/example_dags/tutorial.py took 0.081 seconds
[2022-03-16 00:23:49,472] {processor.py:163} INFO - Started process (PID=4983) to work on /home/airflow/.local/lib/python3.7/site-packages/airflow/example_dags/tutorial.py
[2022-03-16 00:23:49,473] {processor.py:642} INFO - Processing file /home/airflow/.local/lib/python3.7/site-packages/airflow/example_dags/tutorial.py for tasks to queue
[2022-03-16 00:23:49,474] {logging_mixin.py:109} INFO - [2022-03-16 00:23:49,474] {dagbag.py:500} INFO - Filling up the DagBag from /home/airflow/.local/lib/python3.7/site-packages/airflow/example_dags/tutorial.py
[2022-03-16 00:23:49,496] {processor.py:654} INFO - DAG(s) dict_keys(['tutorial']) retrieved from /home/airflow/.local/lib/python3.7/site-packages/airflow/example_dags/tutorial.py
[2022-03-16 00:23:49,504] {logging_mixin.py:109} INFO - [2022-03-16 00:23:49,504] {dag.py:2398} INFO - Sync 1 DAGs
[2022-03-16 00:23:49,520] {logging_mixin.py:109} INFO - [2022-03-16 00:23:49,520] {dag.py:2937} INFO - Setting next_dagrun for tutorial to 2022-03-15T00:23:49.519995+00:00
[2022-03-16 00:23:51,270] {processor.py:171} INFO - Processing /home/airflow/.local/lib/python3.7/site-packages/airflow/example_dags/tutorial.py took 1.800 seconds
[2022-03-16 00:24:21,938] {processor.py:163} INFO - Started process (PID=5044) to work on /home/airflow/.local/lib/python3.7/site-packages/airflow/example_dags/tutorial.py
[2022-03-16 00:24:21,951] {processor.py:642} INFO - Processing file /home/airflow/.local/lib/python3.7/site-packages/airflow/example_dags/tutorial.py for tasks to queue
[2022-03-16 00:24:21,952] {logging_mixin.py:109} INFO - [2022-03-16 00:24:21,952] {dagbag.py:500} INFO - Filling up the DagBag from /home/airflow/.local/lib/python3.7/site-packages/airflow/example_dags/tutorial.py
[2022-03-16 00:24:21,971] {processor.py:654} INFO - DAG(s) dict_keys(['tutorial']) retrieved from /home/airflow/.local/lib/python3.7/site-packages/airflow/example_dags/tutorial.py
[2022-03-16 00:24:21,977] {logging_mixin.py:109} INFO - [2022-03-16 00:24:21,977] {dag.py:2398} INFO - Sync 1 DAGs
[2022-03-16 00:24:21,988] {logging_mixin.py:109} INFO - [2022-03-16 00:24:21,988] {dag.py:2937} INFO - Setting next_dagrun for tutorial to 2022-03-15T00:24:21.987980+00:00
[2022-03-16 00:24:22,036] {processor.py:171} INFO - Processing /home/airflow/.local/lib/python3.7/site-packages/airflow/example_dags/tutorial.py took 0.100 seconds
[2022-03-16 00:24:52,189] {processor.py:163} INFO - Started process (PID=5116) to work on /home/airflow/.local/lib/python3.7/site-packages/airflow/example_dags/tutorial.py
[2022-03-16 00:24:52,199] {processor.py:642} INFO - Processing file /home/airflow/.local/lib/python3.7/site-packages/airflow/example_dags/tutorial.py for tasks to queue
[2022-03-16 00:24:52,199] {logging_mixin.py:109} INFO - [2022-03-16 00:24:52,199] {dagbag.py:500} INFO - Filling up the DagBag from /home/airflow/.local/lib/python3.7/site-packages/airflow/example_dags/tutorial.py
[2022-03-16 00:24:52,223] {processor.py:654} INFO - DAG(s) dict_keys(['tutorial']) retrieved from /home/airflow/.local/lib/python3.7/site-packages/airflow/example_dags/tutorial.py
[2022-03-16 00:24:52,232] {logging_mixin.py:109} INFO - [2022-03-16 00:24:52,232] {dag.py:2398} INFO - Sync 1 DAGs
[2022-03-16 00:24:52,248] {logging_mixin.py:109} INFO - [2022-03-16 00:24:52,248] {dag.py:2937} INFO - Setting next_dagrun for tutorial to 2022-03-15T00:24:52.248061+00:00
[2022-03-16 00:24:52,299] {processor.py:171} INFO - Processing /home/airflow/.local/lib/python3.7/site-packages/airflow/example_dags/tutorial.py took 0.111 seconds
[2022-03-16 00:25:24,091] {processor.py:163} INFO - Started process (PID=5171) to work on /home/airflow/.local/lib/python3.7/site-packages/airflow/example_dags/tutorial.py
[2022-03-16 00:25:24,125] {processor.py:642} INFO - Processing file /home/airflow/.local/lib/python3.7/site-packages/airflow/example_dags/tutorial.py for tasks to queue
[2022-03-16 00:25:24,125] {logging_mixin.py:109} INFO - [2022-03-16 00:25:24,125] {dagbag.py:500} INFO - Filling up the DagBag from /home/airflow/.local/lib/python3.7/site-packages/airflow/example_dags/tutorial.py
[2022-03-16 00:25:24,144] {processor.py:654} INFO - DAG(s) dict_keys(['tutorial']) retrieved from /home/airflow/.local/lib/python3.7/site-packages/airflow/example_dags/tutorial.py
[2022-03-16 00:25:24,150] {logging_mixin.py:109} INFO - [2022-03-16 00:25:24,150] {dag.py:2398} INFO - Sync 1 DAGs
[2022-03-16 00:25:24,161] {logging_mixin.py:109} INFO - [2022-03-16 00:25:24,161] {dag.py:2937} INFO - Setting next_dagrun for tutorial to 2022-03-15T00:25:24.161607+00:00
[2022-03-16 00:25:24,204] {processor.py:171} INFO - Processing /home/airflow/.local/lib/python3.7/site-packages/airflow/example_dags/tutorial.py took 0.119 seconds
[2022-03-16 00:25:55,665] {processor.py:163} INFO - Started process (PID=5229) to work on /home/airflow/.local/lib/python3.7/site-packages/airflow/example_dags/tutorial.py
[2022-03-16 00:25:55,701] {processor.py:642} INFO - Processing file /home/airflow/.local/lib/python3.7/site-packages/airflow/example_dags/tutorial.py for tasks to queue
[2022-03-16 00:25:55,702] {logging_mixin.py:109} INFO - [2022-03-16 00:25:55,702] {dagbag.py:500} INFO - Filling up the DagBag from /home/airflow/.local/lib/python3.7/site-packages/airflow/example_dags/tutorial.py
[2022-03-16 00:25:55,747] {processor.py:654} INFO - DAG(s) dict_keys(['tutorial']) retrieved from /home/airflow/.local/lib/python3.7/site-packages/airflow/example_dags/tutorial.py
[2022-03-16 00:25:55,754] {logging_mixin.py:109} INFO - [2022-03-16 00:25:55,754] {dag.py:2398} INFO - Sync 1 DAGs
[2022-03-16 00:25:55,764] {logging_mixin.py:109} INFO - [2022-03-16 00:25:55,764] {dag.py:2937} INFO - Setting next_dagrun for tutorial to 2022-03-15T00:25:55.764413+00:00
[2022-03-16 00:25:55,804] {processor.py:171} INFO - Processing /home/airflow/.local/lib/python3.7/site-packages/airflow/example_dags/tutorial.py took 0.145 seconds
[2022-03-16 00:26:27,554] {processor.py:163} INFO - Started process (PID=5292) to work on /home/airflow/.local/lib/python3.7/site-packages/airflow/example_dags/tutorial.py
[2022-03-16 00:26:27,554] {processor.py:642} INFO - Processing file /home/airflow/.local/lib/python3.7/site-packages/airflow/example_dags/tutorial.py for tasks to queue
[2022-03-16 00:26:27,555] {logging_mixin.py:109} INFO - [2022-03-16 00:26:27,555] {dagbag.py:500} INFO - Filling up the DagBag from /home/airflow/.local/lib/python3.7/site-packages/airflow/example_dags/tutorial.py
[2022-03-16 00:26:27,573] {processor.py:654} INFO - DAG(s) dict_keys(['tutorial']) retrieved from /home/airflow/.local/lib/python3.7/site-packages/airflow/example_dags/tutorial.py
[2022-03-16 00:26:27,579] {logging_mixin.py:109} INFO - [2022-03-16 00:26:27,579] {dag.py:2398} INFO - Sync 1 DAGs
[2022-03-16 00:26:27,590] {logging_mixin.py:109} INFO - [2022-03-16 00:26:27,590] {dag.py:2937} INFO - Setting next_dagrun for tutorial to 2022-03-15T00:26:27.590301+00:00
[2022-03-16 00:26:27,661] {processor.py:171} INFO - Processing /home/airflow/.local/lib/python3.7/site-packages/airflow/example_dags/tutorial.py took 0.109 seconds
[2022-03-16 00:26:57,990] {processor.py:163} INFO - Started process (PID=5364) to work on /home/airflow/.local/lib/python3.7/site-packages/airflow/example_dags/tutorial.py
[2022-03-16 00:26:58,004] {processor.py:642} INFO - Processing file /home/airflow/.local/lib/python3.7/site-packages/airflow/example_dags/tutorial.py for tasks to queue
[2022-03-16 00:26:58,005] {logging_mixin.py:109} INFO - [2022-03-16 00:26:58,005] {dagbag.py:500} INFO - Filling up the DagBag from /home/airflow/.local/lib/python3.7/site-packages/airflow/example_dags/tutorial.py
[2022-03-16 00:26:58,024] {processor.py:654} INFO - DAG(s) dict_keys(['tutorial']) retrieved from /home/airflow/.local/lib/python3.7/site-packages/airflow/example_dags/tutorial.py
[2022-03-16 00:26:58,029] {logging_mixin.py:109} INFO - [2022-03-16 00:26:58,029] {dag.py:2398} INFO - Sync 1 DAGs
[2022-03-16 00:26:58,040] {logging_mixin.py:109} INFO - [2022-03-16 00:26:58,040] {dag.py:2937} INFO - Setting next_dagrun for tutorial to 2022-03-15T00:26:58.040045+00:00
[2022-03-16 00:26:58,142] {processor.py:171} INFO - Processing /home/airflow/.local/lib/python3.7/site-packages/airflow/example_dags/tutorial.py took 0.154 seconds
[2022-03-16 00:27:28,985] {processor.py:163} INFO - Started process (PID=5416) to work on /home/airflow/.local/lib/python3.7/site-packages/airflow/example_dags/tutorial.py
[2022-03-16 00:27:29,006] {processor.py:642} INFO - Processing file /home/airflow/.local/lib/python3.7/site-packages/airflow/example_dags/tutorial.py for tasks to queue
[2022-03-16 00:27:29,006] {logging_mixin.py:109} INFO - [2022-03-16 00:27:29,006] {dagbag.py:500} INFO - Filling up the DagBag from /home/airflow/.local/lib/python3.7/site-packages/airflow/example_dags/tutorial.py
[2022-03-16 00:27:29,025] {processor.py:654} INFO - DAG(s) dict_keys(['tutorial']) retrieved from /home/airflow/.local/lib/python3.7/site-packages/airflow/example_dags/tutorial.py
[2022-03-16 00:27:29,031] {logging_mixin.py:109} INFO - [2022-03-16 00:27:29,031] {dag.py:2398} INFO - Sync 1 DAGs
[2022-03-16 00:27:29,047] {logging_mixin.py:109} INFO - [2022-03-16 00:27:29,047] {dag.py:2937} INFO - Setting next_dagrun for tutorial to 2022-03-15T00:27:29.046949+00:00
[2022-03-16 00:27:29,834] {processor.py:171} INFO - Processing /home/airflow/.local/lib/python3.7/site-packages/airflow/example_dags/tutorial.py took 0.850 seconds
[2022-03-16 00:28:00,811] {processor.py:163} INFO - Started process (PID=5476) to work on /home/airflow/.local/lib/python3.7/site-packages/airflow/example_dags/tutorial.py
[2022-03-16 00:28:00,812] {processor.py:642} INFO - Processing file /home/airflow/.local/lib/python3.7/site-packages/airflow/example_dags/tutorial.py for tasks to queue
[2022-03-16 00:28:00,812] {logging_mixin.py:109} INFO - [2022-03-16 00:28:00,812] {dagbag.py:500} INFO - Filling up the DagBag from /home/airflow/.local/lib/python3.7/site-packages/airflow/example_dags/tutorial.py
[2022-03-16 00:28:00,830] {processor.py:654} INFO - DAG(s) dict_keys(['tutorial']) retrieved from /home/airflow/.local/lib/python3.7/site-packages/airflow/example_dags/tutorial.py
[2022-03-16 00:28:00,836] {logging_mixin.py:109} INFO - [2022-03-16 00:28:00,836] {dag.py:2398} INFO - Sync 1 DAGs
[2022-03-16 00:28:00,847] {logging_mixin.py:109} INFO - [2022-03-16 00:28:00,847] {dag.py:2937} INFO - Setting next_dagrun for tutorial to 2022-03-15T00:28:00.847316+00:00
[2022-03-16 00:28:00,889] {processor.py:171} INFO - Processing /home/airflow/.local/lib/python3.7/site-packages/airflow/example_dags/tutorial.py took 0.080 seconds
[2022-03-16 00:28:32,278] {processor.py:163} INFO - Started process (PID=5539) to work on /home/airflow/.local/lib/python3.7/site-packages/airflow/example_dags/tutorial.py
[2022-03-16 00:28:32,279] {processor.py:642} INFO - Processing file /home/airflow/.local/lib/python3.7/site-packages/airflow/example_dags/tutorial.py for tasks to queue
[2022-03-16 00:28:32,279] {logging_mixin.py:109} INFO - [2022-03-16 00:28:32,279] {dagbag.py:500} INFO - Filling up the DagBag from /home/airflow/.local/lib/python3.7/site-packages/airflow/example_dags/tutorial.py
[2022-03-16 00:28:32,297] {processor.py:654} INFO - DAG(s) dict_keys(['tutorial']) retrieved from /home/airflow/.local/lib/python3.7/site-packages/airflow/example_dags/tutorial.py
[2022-03-16 00:28:32,303] {logging_mixin.py:109} INFO - [2022-03-16 00:28:32,303] {dag.py:2398} INFO - Sync 1 DAGs
[2022-03-16 00:28:32,314] {logging_mixin.py:109} INFO - [2022-03-16 00:28:32,314] {dag.py:2937} INFO - Setting next_dagrun for tutorial to 2022-03-15T00:28:32.314438+00:00
[2022-03-16 00:28:32,360] {processor.py:171} INFO - Processing /home/airflow/.local/lib/python3.7/site-packages/airflow/example_dags/tutorial.py took 0.084 seconds
[2022-03-16 00:29:05,513] {processor.py:163} INFO - Started process (PID=5610) to work on /home/airflow/.local/lib/python3.7/site-packages/airflow/example_dags/tutorial.py
[2022-03-16 00:29:05,589] {processor.py:642} INFO - Processing file /home/airflow/.local/lib/python3.7/site-packages/airflow/example_dags/tutorial.py for tasks to queue
[2022-03-16 00:29:05,590] {logging_mixin.py:109} INFO - [2022-03-16 00:29:05,590] {dagbag.py:500} INFO - Filling up the DagBag from /home/airflow/.local/lib/python3.7/site-packages/airflow/example_dags/tutorial.py
[2022-03-16 00:29:05,610] {processor.py:654} INFO - DAG(s) dict_keys(['tutorial']) retrieved from /home/airflow/.local/lib/python3.7/site-packages/airflow/example_dags/tutorial.py
[2022-03-16 00:29:05,617] {logging_mixin.py:109} INFO - [2022-03-16 00:29:05,617] {dag.py:2398} INFO - Sync 1 DAGs
[2022-03-16 00:29:05,632] {logging_mixin.py:109} INFO - [2022-03-16 00:29:05,632] {dag.py:2937} INFO - Setting next_dagrun for tutorial to 2022-03-15T00:29:05.631751+00:00
[2022-03-16 00:29:05,678] {processor.py:171} INFO - Processing /home/airflow/.local/lib/python3.7/site-packages/airflow/example_dags/tutorial.py took 0.167 seconds
[2022-03-16 00:29:36,598] {processor.py:163} INFO - Started process (PID=5662) to work on /home/airflow/.local/lib/python3.7/site-packages/airflow/example_dags/tutorial.py
[2022-03-16 00:29:36,607] {processor.py:642} INFO - Processing file /home/airflow/.local/lib/python3.7/site-packages/airflow/example_dags/tutorial.py for tasks to queue
[2022-03-16 00:29:36,607] {logging_mixin.py:109} INFO - [2022-03-16 00:29:36,607] {dagbag.py:500} INFO - Filling up the DagBag from /home/airflow/.local/lib/python3.7/site-packages/airflow/example_dags/tutorial.py
[2022-03-16 00:29:36,625] {processor.py:654} INFO - DAG(s) dict_keys(['tutorial']) retrieved from /home/airflow/.local/lib/python3.7/site-packages/airflow/example_dags/tutorial.py
[2022-03-16 00:29:36,632] {logging_mixin.py:109} INFO - [2022-03-16 00:29:36,632] {dag.py:2398} INFO - Sync 1 DAGs
[2022-03-16 00:29:36,644] {logging_mixin.py:109} INFO - [2022-03-16 00:29:36,644] {dag.py:2937} INFO - Setting next_dagrun for tutorial to 2022-03-15T00:29:36.644232+00:00
[2022-03-16 00:29:36,750] {processor.py:171} INFO - Processing /home/airflow/.local/lib/python3.7/site-packages/airflow/example_dags/tutorial.py took 0.154 seconds
[2022-03-16 00:30:08,019] {processor.py:163} INFO - Started process (PID=5725) to work on /home/airflow/.local/lib/python3.7/site-packages/airflow/example_dags/tutorial.py
[2022-03-16 00:30:08,021] {processor.py:642} INFO - Processing file /home/airflow/.local/lib/python3.7/site-packages/airflow/example_dags/tutorial.py for tasks to queue
[2022-03-16 00:30:08,021] {logging_mixin.py:109} INFO - [2022-03-16 00:30:08,021] {dagbag.py:500} INFO - Filling up the DagBag from /home/airflow/.local/lib/python3.7/site-packages/airflow/example_dags/tutorial.py
[2022-03-16 00:30:08,052] {processor.py:654} INFO - DAG(s) dict_keys(['tutorial']) retrieved from /home/airflow/.local/lib/python3.7/site-packages/airflow/example_dags/tutorial.py
[2022-03-16 00:30:08,063] {logging_mixin.py:109} INFO - [2022-03-16 00:30:08,063] {dag.py:2398} INFO - Sync 1 DAGs
[2022-03-16 00:30:08,082] {logging_mixin.py:109} INFO - [2022-03-16 00:30:08,082] {dag.py:2937} INFO - Setting next_dagrun for tutorial to 2022-03-15T00:30:08.082403+00:00
[2022-03-16 00:30:08,164] {processor.py:171} INFO - Processing /home/airflow/.local/lib/python3.7/site-packages/airflow/example_dags/tutorial.py took 0.147 seconds
[2022-03-16 00:30:39,965] {processor.py:163} INFO - Started process (PID=5794) to work on /home/airflow/.local/lib/python3.7/site-packages/airflow/example_dags/tutorial.py
[2022-03-16 00:30:39,966] {processor.py:642} INFO - Processing file /home/airflow/.local/lib/python3.7/site-packages/airflow/example_dags/tutorial.py for tasks to queue
[2022-03-16 00:30:39,967] {logging_mixin.py:109} INFO - [2022-03-16 00:30:39,966] {dagbag.py:500} INFO - Filling up the DagBag from /home/airflow/.local/lib/python3.7/site-packages/airflow/example_dags/tutorial.py
[2022-03-16 00:30:39,988] {processor.py:654} INFO - DAG(s) dict_keys(['tutorial']) retrieved from /home/airflow/.local/lib/python3.7/site-packages/airflow/example_dags/tutorial.py
[2022-03-16 00:30:39,997] {logging_mixin.py:109} INFO - [2022-03-16 00:30:39,997] {dag.py:2398} INFO - Sync 1 DAGs
[2022-03-16 00:30:40,015] {logging_mixin.py:109} INFO - [2022-03-16 00:30:40,015] {dag.py:2937} INFO - Setting next_dagrun for tutorial to 2022-03-15T00:30:40.015167+00:00
[2022-03-16 00:30:40,055] {processor.py:171} INFO - Processing /home/airflow/.local/lib/python3.7/site-packages/airflow/example_dags/tutorial.py took 0.093 seconds
[2022-03-16 00:31:10,755] {processor.py:163} INFO - Started process (PID=5854) to work on /home/airflow/.local/lib/python3.7/site-packages/airflow/example_dags/tutorial.py
[2022-03-16 00:31:10,772] {processor.py:642} INFO - Processing file /home/airflow/.local/lib/python3.7/site-packages/airflow/example_dags/tutorial.py for tasks to queue
[2022-03-16 00:31:10,772] {logging_mixin.py:109} INFO - [2022-03-16 00:31:10,772] {dagbag.py:500} INFO - Filling up the DagBag from /home/airflow/.local/lib/python3.7/site-packages/airflow/example_dags/tutorial.py
[2022-03-16 00:31:10,791] {processor.py:654} INFO - DAG(s) dict_keys(['tutorial']) retrieved from /home/airflow/.local/lib/python3.7/site-packages/airflow/example_dags/tutorial.py
[2022-03-16 00:31:10,797] {logging_mixin.py:109} INFO - [2022-03-16 00:31:10,797] {dag.py:2398} INFO - Sync 1 DAGs
[2022-03-16 00:31:10,808] {logging_mixin.py:109} INFO - [2022-03-16 00:31:10,808] {dag.py:2937} INFO - Setting next_dagrun for tutorial to 2022-03-15T00:31:10.807835+00:00
[2022-03-16 00:31:10,868] {processor.py:171} INFO - Processing /home/airflow/.local/lib/python3.7/site-packages/airflow/example_dags/tutorial.py took 0.115 seconds
[2022-03-16 00:31:42,813] {processor.py:163} INFO - Started process (PID=5914) to work on /home/airflow/.local/lib/python3.7/site-packages/airflow/example_dags/tutorial.py
[2022-03-16 00:31:44,841] {processor.py:642} INFO - Processing file /home/airflow/.local/lib/python3.7/site-packages/airflow/example_dags/tutorial.py for tasks to queue
[2022-03-16 00:31:44,841] {logging_mixin.py:109} INFO - [2022-03-16 00:31:44,841] {dagbag.py:500} INFO - Filling up the DagBag from /home/airflow/.local/lib/python3.7/site-packages/airflow/example_dags/tutorial.py
[2022-03-16 00:31:44,861] {processor.py:654} INFO - DAG(s) dict_keys(['tutorial']) retrieved from /home/airflow/.local/lib/python3.7/site-packages/airflow/example_dags/tutorial.py
[2022-03-16 00:31:44,868] {logging_mixin.py:109} INFO - [2022-03-16 00:31:44,868] {dag.py:2398} INFO - Sync 1 DAGs
[2022-03-16 00:31:44,881] {logging_mixin.py:109} INFO - [2022-03-16 00:31:44,881] {dag.py:2937} INFO - Setting next_dagrun for tutorial to 2022-03-15T00:31:44.881638+00:00
[2022-03-16 00:31:45,556] {processor.py:171} INFO - Processing /home/airflow/.local/lib/python3.7/site-packages/airflow/example_dags/tutorial.py took 2.744 seconds
[2022-03-16 00:32:16,460] {processor.py:163} INFO - Started process (PID=5966) to work on /home/airflow/.local/lib/python3.7/site-packages/airflow/example_dags/tutorial.py
[2022-03-16 00:32:16,509] {processor.py:642} INFO - Processing file /home/airflow/.local/lib/python3.7/site-packages/airflow/example_dags/tutorial.py for tasks to queue
[2022-03-16 00:32:16,510] {logging_mixin.py:109} INFO - [2022-03-16 00:32:16,510] {dagbag.py:500} INFO - Filling up the DagBag from /home/airflow/.local/lib/python3.7/site-packages/airflow/example_dags/tutorial.py
[2022-03-16 00:32:16,528] {processor.py:654} INFO - DAG(s) dict_keys(['tutorial']) retrieved from /home/airflow/.local/lib/python3.7/site-packages/airflow/example_dags/tutorial.py
[2022-03-16 00:32:16,535] {logging_mixin.py:109} INFO - [2022-03-16 00:32:16,535] {dag.py:2398} INFO - Sync 1 DAGs
[2022-03-16 00:32:16,546] {logging_mixin.py:109} INFO - [2022-03-16 00:32:16,545] {dag.py:2937} INFO - Setting next_dagrun for tutorial to 2022-03-15T00:32:16.545737+00:00
[2022-03-16 00:32:17,251] {processor.py:171} INFO - Processing /home/airflow/.local/lib/python3.7/site-packages/airflow/example_dags/tutorial.py took 0.793 seconds
[2022-03-16 00:32:47,736] {processor.py:163} INFO - Started process (PID=6039) to work on /home/airflow/.local/lib/python3.7/site-packages/airflow/example_dags/tutorial.py
[2022-03-16 00:32:47,743] {processor.py:642} INFO - Processing file /home/airflow/.local/lib/python3.7/site-packages/airflow/example_dags/tutorial.py for tasks to queue
[2022-03-16 00:32:47,743] {logging_mixin.py:109} INFO - [2022-03-16 00:32:47,743] {dagbag.py:500} INFO - Filling up the DagBag from /home/airflow/.local/lib/python3.7/site-packages/airflow/example_dags/tutorial.py
[2022-03-16 00:32:47,763] {processor.py:654} INFO - DAG(s) dict_keys(['tutorial']) retrieved from /home/airflow/.local/lib/python3.7/site-packages/airflow/example_dags/tutorial.py
[2022-03-16 00:32:47,770] {logging_mixin.py:109} INFO - [2022-03-16 00:32:47,770] {dag.py:2398} INFO - Sync 1 DAGs
[2022-03-16 00:32:47,783] {logging_mixin.py:109} INFO - [2022-03-16 00:32:47,783] {dag.py:2937} INFO - Setting next_dagrun for tutorial to 2022-03-15T00:32:47.782843+00:00
[2022-03-16 00:32:48,093] {processor.py:171} INFO - Processing /home/airflow/.local/lib/python3.7/site-packages/airflow/example_dags/tutorial.py took 0.359 seconds
[2022-03-16 00:33:18,288] {processor.py:163} INFO - Started process (PID=6096) to work on /home/airflow/.local/lib/python3.7/site-packages/airflow/example_dags/tutorial.py
[2022-03-16 00:33:18,309] {processor.py:642} INFO - Processing file /home/airflow/.local/lib/python3.7/site-packages/airflow/example_dags/tutorial.py for tasks to queue
[2022-03-16 00:33:18,309] {logging_mixin.py:109} INFO - [2022-03-16 00:33:18,309] {dagbag.py:500} INFO - Filling up the DagBag from /home/airflow/.local/lib/python3.7/site-packages/airflow/example_dags/tutorial.py
[2022-03-16 00:33:18,336] {processor.py:654} INFO - DAG(s) dict_keys(['tutorial']) retrieved from /home/airflow/.local/lib/python3.7/site-packages/airflow/example_dags/tutorial.py
[2022-03-16 00:33:18,343] {logging_mixin.py:109} INFO - [2022-03-16 00:33:18,343] {dag.py:2398} INFO - Sync 1 DAGs
[2022-03-16 00:33:18,356] {logging_mixin.py:109} INFO - [2022-03-16 00:33:18,356] {dag.py:2937} INFO - Setting next_dagrun for tutorial to 2022-03-15T00:33:18.355845+00:00
[2022-03-16 00:33:19,353] {processor.py:171} INFO - Processing /home/airflow/.local/lib/python3.7/site-packages/airflow/example_dags/tutorial.py took 1.067 seconds
[2022-03-16 00:33:49,377] {processor.py:163} INFO - Started process (PID=6155) to work on /home/airflow/.local/lib/python3.7/site-packages/airflow/example_dags/tutorial.py
[2022-03-16 00:33:49,394] {processor.py:642} INFO - Processing file /home/airflow/.local/lib/python3.7/site-packages/airflow/example_dags/tutorial.py for tasks to queue
[2022-03-16 00:33:49,395] {logging_mixin.py:109} INFO - [2022-03-16 00:33:49,394] {dagbag.py:500} INFO - Filling up the DagBag from /home/airflow/.local/lib/python3.7/site-packages/airflow/example_dags/tutorial.py
[2022-03-16 00:33:49,421] {processor.py:654} INFO - DAG(s) dict_keys(['tutorial']) retrieved from /home/airflow/.local/lib/python3.7/site-packages/airflow/example_dags/tutorial.py
[2022-03-16 00:33:49,430] {logging_mixin.py:109} INFO - [2022-03-16 00:33:49,430] {dag.py:2398} INFO - Sync 1 DAGs
[2022-03-16 00:33:49,447] {logging_mixin.py:109} INFO - [2022-03-16 00:33:49,446] {dag.py:2937} INFO - Setting next_dagrun for tutorial to 2022-03-15T00:33:49.446682+00:00
[2022-03-16 00:33:49,590] {processor.py:171} INFO - Processing /home/airflow/.local/lib/python3.7/site-packages/airflow/example_dags/tutorial.py took 0.216 seconds
