[2022-03-16 00:00:05,150] {processor.py:163} INFO - Started process (PID=2195) to work on /home/airflow/.local/lib/python3.7/site-packages/airflow/example_dags/tutorial_taskflow_api_etl.py
[2022-03-16 00:00:05,151] {processor.py:642} INFO - Processing file /home/airflow/.local/lib/python3.7/site-packages/airflow/example_dags/tutorial_taskflow_api_etl.py for tasks to queue
[2022-03-16 00:00:05,151] {logging_mixin.py:109} INFO - [2022-03-16 00:00:05,151] {dagbag.py:500} INFO - Filling up the DagBag from /home/airflow/.local/lib/python3.7/site-packages/airflow/example_dags/tutorial_taskflow_api_etl.py
[2022-03-16 00:00:05,172] {processor.py:654} INFO - DAG(s) dict_keys(['tutorial_taskflow_api_etl']) retrieved from /home/airflow/.local/lib/python3.7/site-packages/airflow/example_dags/tutorial_taskflow_api_etl.py
[2022-03-16 00:00:05,328] {logging_mixin.py:109} INFO - [2022-03-16 00:00:05,328] {dag.py:2398} INFO - Sync 1 DAGs
[2022-03-16 00:00:05,340] {logging_mixin.py:109} INFO - [2022-03-16 00:00:05,340] {dag.py:2937} INFO - Setting next_dagrun for tutorial_taskflow_api_etl to None
[2022-03-16 00:00:05,433] {processor.py:171} INFO - Processing /home/airflow/.local/lib/python3.7/site-packages/airflow/example_dags/tutorial_taskflow_api_etl.py took 0.284 seconds
[2022-03-16 00:00:35,548] {processor.py:163} INFO - Started process (PID=2268) to work on /home/airflow/.local/lib/python3.7/site-packages/airflow/example_dags/tutorial_taskflow_api_etl.py
[2022-03-16 00:00:35,548] {processor.py:642} INFO - Processing file /home/airflow/.local/lib/python3.7/site-packages/airflow/example_dags/tutorial_taskflow_api_etl.py for tasks to queue
[2022-03-16 00:00:35,549] {logging_mixin.py:109} INFO - [2022-03-16 00:00:35,549] {dagbag.py:500} INFO - Filling up the DagBag from /home/airflow/.local/lib/python3.7/site-packages/airflow/example_dags/tutorial_taskflow_api_etl.py
[2022-03-16 00:00:35,583] {processor.py:654} INFO - DAG(s) dict_keys(['tutorial_taskflow_api_etl']) retrieved from /home/airflow/.local/lib/python3.7/site-packages/airflow/example_dags/tutorial_taskflow_api_etl.py
[2022-03-16 00:00:35,779] {logging_mixin.py:109} INFO - [2022-03-16 00:00:35,778] {dag.py:2398} INFO - Sync 1 DAGs
[2022-03-16 00:00:35,798] {logging_mixin.py:109} INFO - [2022-03-16 00:00:35,798] {dag.py:2937} INFO - Setting next_dagrun for tutorial_taskflow_api_etl to None
[2022-03-16 00:00:36,044] {processor.py:171} INFO - Processing /home/airflow/.local/lib/python3.7/site-packages/airflow/example_dags/tutorial_taskflow_api_etl.py took 0.500 seconds
[2022-03-16 00:01:06,902] {processor.py:163} INFO - Started process (PID=2327) to work on /home/airflow/.local/lib/python3.7/site-packages/airflow/example_dags/tutorial_taskflow_api_etl.py
[2022-03-16 00:01:06,903] {processor.py:642} INFO - Processing file /home/airflow/.local/lib/python3.7/site-packages/airflow/example_dags/tutorial_taskflow_api_etl.py for tasks to queue
[2022-03-16 00:01:06,903] {logging_mixin.py:109} INFO - [2022-03-16 00:01:06,903] {dagbag.py:500} INFO - Filling up the DagBag from /home/airflow/.local/lib/python3.7/site-packages/airflow/example_dags/tutorial_taskflow_api_etl.py
[2022-03-16 00:01:06,924] {processor.py:654} INFO - DAG(s) dict_keys(['tutorial_taskflow_api_etl']) retrieved from /home/airflow/.local/lib/python3.7/site-packages/airflow/example_dags/tutorial_taskflow_api_etl.py
[2022-03-16 00:01:07,057] {logging_mixin.py:109} INFO - [2022-03-16 00:01:07,057] {dag.py:2398} INFO - Sync 1 DAGs
[2022-03-16 00:01:07,069] {logging_mixin.py:109} INFO - [2022-03-16 00:01:07,069] {dag.py:2937} INFO - Setting next_dagrun for tutorial_taskflow_api_etl to None
[2022-03-16 00:01:07,106] {processor.py:171} INFO - Processing /home/airflow/.local/lib/python3.7/site-packages/airflow/example_dags/tutorial_taskflow_api_etl.py took 0.205 seconds
[2022-03-16 00:01:37,361] {processor.py:163} INFO - Started process (PID=2377) to work on /home/airflow/.local/lib/python3.7/site-packages/airflow/example_dags/tutorial_taskflow_api_etl.py
[2022-03-16 00:01:37,362] {processor.py:642} INFO - Processing file /home/airflow/.local/lib/python3.7/site-packages/airflow/example_dags/tutorial_taskflow_api_etl.py for tasks to queue
[2022-03-16 00:01:37,362] {logging_mixin.py:109} INFO - [2022-03-16 00:01:37,362] {dagbag.py:500} INFO - Filling up the DagBag from /home/airflow/.local/lib/python3.7/site-packages/airflow/example_dags/tutorial_taskflow_api_etl.py
[2022-03-16 00:01:37,383] {processor.py:654} INFO - DAG(s) dict_keys(['tutorial_taskflow_api_etl']) retrieved from /home/airflow/.local/lib/python3.7/site-packages/airflow/example_dags/tutorial_taskflow_api_etl.py
[2022-03-16 00:01:37,537] {logging_mixin.py:109} INFO - [2022-03-16 00:01:37,537] {dag.py:2398} INFO - Sync 1 DAGs
[2022-03-16 00:01:37,546] {logging_mixin.py:109} INFO - [2022-03-16 00:01:37,546] {dag.py:2937} INFO - Setting next_dagrun for tutorial_taskflow_api_etl to None
[2022-03-16 00:01:37,866] {processor.py:171} INFO - Processing /home/airflow/.local/lib/python3.7/site-packages/airflow/example_dags/tutorial_taskflow_api_etl.py took 0.507 seconds
[2022-03-16 00:02:08,130] {processor.py:163} INFO - Started process (PID=2440) to work on /home/airflow/.local/lib/python3.7/site-packages/airflow/example_dags/tutorial_taskflow_api_etl.py
[2022-03-16 00:02:08,138] {processor.py:642} INFO - Processing file /home/airflow/.local/lib/python3.7/site-packages/airflow/example_dags/tutorial_taskflow_api_etl.py for tasks to queue
[2022-03-16 00:02:08,138] {logging_mixin.py:109} INFO - [2022-03-16 00:02:08,138] {dagbag.py:500} INFO - Filling up the DagBag from /home/airflow/.local/lib/python3.7/site-packages/airflow/example_dags/tutorial_taskflow_api_etl.py
[2022-03-16 00:02:08,161] {processor.py:654} INFO - DAG(s) dict_keys(['tutorial_taskflow_api_etl']) retrieved from /home/airflow/.local/lib/python3.7/site-packages/airflow/example_dags/tutorial_taskflow_api_etl.py
[2022-03-16 00:02:08,319] {logging_mixin.py:109} INFO - [2022-03-16 00:02:08,319] {dag.py:2398} INFO - Sync 1 DAGs
[2022-03-16 00:02:08,331] {logging_mixin.py:109} INFO - [2022-03-16 00:02:08,331] {dag.py:2937} INFO - Setting next_dagrun for tutorial_taskflow_api_etl to None
[2022-03-16 00:02:08,371] {processor.py:171} INFO - Processing /home/airflow/.local/lib/python3.7/site-packages/airflow/example_dags/tutorial_taskflow_api_etl.py took 0.244 seconds
[2022-03-16 00:02:38,664] {processor.py:163} INFO - Started process (PID=2503) to work on /home/airflow/.local/lib/python3.7/site-packages/airflow/example_dags/tutorial_taskflow_api_etl.py
[2022-03-16 00:02:38,687] {processor.py:642} INFO - Processing file /home/airflow/.local/lib/python3.7/site-packages/airflow/example_dags/tutorial_taskflow_api_etl.py for tasks to queue
[2022-03-16 00:02:38,688] {logging_mixin.py:109} INFO - [2022-03-16 00:02:38,688] {dagbag.py:500} INFO - Filling up the DagBag from /home/airflow/.local/lib/python3.7/site-packages/airflow/example_dags/tutorial_taskflow_api_etl.py
[2022-03-16 00:02:38,738] {processor.py:654} INFO - DAG(s) dict_keys(['tutorial_taskflow_api_etl']) retrieved from /home/airflow/.local/lib/python3.7/site-packages/airflow/example_dags/tutorial_taskflow_api_etl.py
[2022-03-16 00:02:38,877] {logging_mixin.py:109} INFO - [2022-03-16 00:02:38,877] {dag.py:2398} INFO - Sync 1 DAGs
[2022-03-16 00:02:38,889] {logging_mixin.py:109} INFO - [2022-03-16 00:02:38,889] {dag.py:2937} INFO - Setting next_dagrun for tutorial_taskflow_api_etl to None
[2022-03-16 00:02:38,926] {processor.py:171} INFO - Processing /home/airflow/.local/lib/python3.7/site-packages/airflow/example_dags/tutorial_taskflow_api_etl.py took 0.269 seconds
[2022-03-16 00:03:09,654] {processor.py:163} INFO - Started process (PID=2563) to work on /home/airflow/.local/lib/python3.7/site-packages/airflow/example_dags/tutorial_taskflow_api_etl.py
[2022-03-16 00:03:09,663] {processor.py:642} INFO - Processing file /home/airflow/.local/lib/python3.7/site-packages/airflow/example_dags/tutorial_taskflow_api_etl.py for tasks to queue
[2022-03-16 00:03:09,663] {logging_mixin.py:109} INFO - [2022-03-16 00:03:09,663] {dagbag.py:500} INFO - Filling up the DagBag from /home/airflow/.local/lib/python3.7/site-packages/airflow/example_dags/tutorial_taskflow_api_etl.py
[2022-03-16 00:03:09,686] {processor.py:654} INFO - DAG(s) dict_keys(['tutorial_taskflow_api_etl']) retrieved from /home/airflow/.local/lib/python3.7/site-packages/airflow/example_dags/tutorial_taskflow_api_etl.py
[2022-03-16 00:03:09,837] {logging_mixin.py:109} INFO - [2022-03-16 00:03:09,837] {dag.py:2398} INFO - Sync 1 DAGs
[2022-03-16 00:03:09,850] {logging_mixin.py:109} INFO - [2022-03-16 00:03:09,850] {dag.py:2937} INFO - Setting next_dagrun for tutorial_taskflow_api_etl to None
[2022-03-16 00:03:10,398] {processor.py:171} INFO - Processing /home/airflow/.local/lib/python3.7/site-packages/airflow/example_dags/tutorial_taskflow_api_etl.py took 0.746 seconds
[2022-03-16 00:03:41,081] {processor.py:163} INFO - Started process (PID=2622) to work on /home/airflow/.local/lib/python3.7/site-packages/airflow/example_dags/tutorial_taskflow_api_etl.py
[2022-03-16 00:03:41,094] {processor.py:642} INFO - Processing file /home/airflow/.local/lib/python3.7/site-packages/airflow/example_dags/tutorial_taskflow_api_etl.py for tasks to queue
[2022-03-16 00:03:41,094] {logging_mixin.py:109} INFO - [2022-03-16 00:03:41,094] {dagbag.py:500} INFO - Filling up the DagBag from /home/airflow/.local/lib/python3.7/site-packages/airflow/example_dags/tutorial_taskflow_api_etl.py
[2022-03-16 00:03:41,128] {processor.py:654} INFO - DAG(s) dict_keys(['tutorial_taskflow_api_etl']) retrieved from /home/airflow/.local/lib/python3.7/site-packages/airflow/example_dags/tutorial_taskflow_api_etl.py
[2022-03-16 00:03:41,268] {logging_mixin.py:109} INFO - [2022-03-16 00:03:41,268] {dag.py:2398} INFO - Sync 1 DAGs
[2022-03-16 00:03:41,279] {logging_mixin.py:109} INFO - [2022-03-16 00:03:41,279] {dag.py:2937} INFO - Setting next_dagrun for tutorial_taskflow_api_etl to None
[2022-03-16 00:03:41,628] {processor.py:171} INFO - Processing /home/airflow/.local/lib/python3.7/site-packages/airflow/example_dags/tutorial_taskflow_api_etl.py took 0.548 seconds
[2022-03-16 00:04:11,751] {processor.py:163} INFO - Started process (PID=2677) to work on /home/airflow/.local/lib/python3.7/site-packages/airflow/example_dags/tutorial_taskflow_api_etl.py
[2022-03-16 00:04:11,758] {processor.py:642} INFO - Processing file /home/airflow/.local/lib/python3.7/site-packages/airflow/example_dags/tutorial_taskflow_api_etl.py for tasks to queue
[2022-03-16 00:04:11,759] {logging_mixin.py:109} INFO - [2022-03-16 00:04:11,758] {dagbag.py:500} INFO - Filling up the DagBag from /home/airflow/.local/lib/python3.7/site-packages/airflow/example_dags/tutorial_taskflow_api_etl.py
[2022-03-16 00:04:11,794] {processor.py:654} INFO - DAG(s) dict_keys(['tutorial_taskflow_api_etl']) retrieved from /home/airflow/.local/lib/python3.7/site-packages/airflow/example_dags/tutorial_taskflow_api_etl.py
[2022-03-16 00:04:11,923] {logging_mixin.py:109} INFO - [2022-03-16 00:04:11,923] {dag.py:2398} INFO - Sync 1 DAGs
[2022-03-16 00:04:11,934] {logging_mixin.py:109} INFO - [2022-03-16 00:04:11,933] {dag.py:2937} INFO - Setting next_dagrun for tutorial_taskflow_api_etl to None
[2022-03-16 00:04:13,010] {processor.py:171} INFO - Processing /home/airflow/.local/lib/python3.7/site-packages/airflow/example_dags/tutorial_taskflow_api_etl.py took 1.265 seconds
[2022-03-16 00:04:43,642] {processor.py:163} INFO - Started process (PID=2749) to work on /home/airflow/.local/lib/python3.7/site-packages/airflow/example_dags/tutorial_taskflow_api_etl.py
[2022-03-16 00:04:43,653] {processor.py:642} INFO - Processing file /home/airflow/.local/lib/python3.7/site-packages/airflow/example_dags/tutorial_taskflow_api_etl.py for tasks to queue
[2022-03-16 00:04:43,654] {logging_mixin.py:109} INFO - [2022-03-16 00:04:43,654] {dagbag.py:500} INFO - Filling up the DagBag from /home/airflow/.local/lib/python3.7/site-packages/airflow/example_dags/tutorial_taskflow_api_etl.py
[2022-03-16 00:04:43,678] {processor.py:654} INFO - DAG(s) dict_keys(['tutorial_taskflow_api_etl']) retrieved from /home/airflow/.local/lib/python3.7/site-packages/airflow/example_dags/tutorial_taskflow_api_etl.py
[2022-03-16 00:04:43,845] {logging_mixin.py:109} INFO - [2022-03-16 00:04:43,845] {dag.py:2398} INFO - Sync 1 DAGs
[2022-03-16 00:04:43,857] {logging_mixin.py:109} INFO - [2022-03-16 00:04:43,857] {dag.py:2937} INFO - Setting next_dagrun for tutorial_taskflow_api_etl to None
[2022-03-16 00:04:43,960] {processor.py:171} INFO - Processing /home/airflow/.local/lib/python3.7/site-packages/airflow/example_dags/tutorial_taskflow_api_etl.py took 0.320 seconds
[2022-03-16 00:05:14,305] {processor.py:163} INFO - Started process (PID=2806) to work on /home/airflow/.local/lib/python3.7/site-packages/airflow/example_dags/tutorial_taskflow_api_etl.py
[2022-03-16 00:05:14,313] {processor.py:642} INFO - Processing file /home/airflow/.local/lib/python3.7/site-packages/airflow/example_dags/tutorial_taskflow_api_etl.py for tasks to queue
[2022-03-16 00:05:14,313] {logging_mixin.py:109} INFO - [2022-03-16 00:05:14,313] {dagbag.py:500} INFO - Filling up the DagBag from /home/airflow/.local/lib/python3.7/site-packages/airflow/example_dags/tutorial_taskflow_api_etl.py
[2022-03-16 00:05:14,336] {processor.py:654} INFO - DAG(s) dict_keys(['tutorial_taskflow_api_etl']) retrieved from /home/airflow/.local/lib/python3.7/site-packages/airflow/example_dags/tutorial_taskflow_api_etl.py
[2022-03-16 00:05:14,480] {logging_mixin.py:109} INFO - [2022-03-16 00:05:14,480] {dag.py:2398} INFO - Sync 1 DAGs
[2022-03-16 00:05:14,492] {logging_mixin.py:109} INFO - [2022-03-16 00:05:14,492] {dag.py:2937} INFO - Setting next_dagrun for tutorial_taskflow_api_etl to None
[2022-03-16 00:05:14,538] {processor.py:171} INFO - Processing /home/airflow/.local/lib/python3.7/site-packages/airflow/example_dags/tutorial_taskflow_api_etl.py took 0.235 seconds
[2022-03-16 00:05:44,730] {processor.py:163} INFO - Started process (PID=2865) to work on /home/airflow/.local/lib/python3.7/site-packages/airflow/example_dags/tutorial_taskflow_api_etl.py
[2022-03-16 00:05:44,730] {processor.py:642} INFO - Processing file /home/airflow/.local/lib/python3.7/site-packages/airflow/example_dags/tutorial_taskflow_api_etl.py for tasks to queue
[2022-03-16 00:05:44,731] {logging_mixin.py:109} INFO - [2022-03-16 00:05:44,731] {dagbag.py:500} INFO - Filling up the DagBag from /home/airflow/.local/lib/python3.7/site-packages/airflow/example_dags/tutorial_taskflow_api_etl.py
[2022-03-16 00:05:44,752] {processor.py:654} INFO - DAG(s) dict_keys(['tutorial_taskflow_api_etl']) retrieved from /home/airflow/.local/lib/python3.7/site-packages/airflow/example_dags/tutorial_taskflow_api_etl.py
[2022-03-16 00:05:44,887] {logging_mixin.py:109} INFO - [2022-03-16 00:05:44,887] {dag.py:2398} INFO - Sync 1 DAGs
[2022-03-16 00:05:44,897] {logging_mixin.py:109} INFO - [2022-03-16 00:05:44,897] {dag.py:2937} INFO - Setting next_dagrun for tutorial_taskflow_api_etl to None
[2022-03-16 00:05:44,934] {processor.py:171} INFO - Processing /home/airflow/.local/lib/python3.7/site-packages/airflow/example_dags/tutorial_taskflow_api_etl.py took 0.206 seconds
[2022-03-16 00:06:15,838] {processor.py:163} INFO - Started process (PID=2922) to work on /home/airflow/.local/lib/python3.7/site-packages/airflow/example_dags/tutorial_taskflow_api_etl.py
[2022-03-16 00:06:15,856] {processor.py:642} INFO - Processing file /home/airflow/.local/lib/python3.7/site-packages/airflow/example_dags/tutorial_taskflow_api_etl.py for tasks to queue
[2022-03-16 00:06:15,857] {logging_mixin.py:109} INFO - [2022-03-16 00:06:15,857] {dagbag.py:500} INFO - Filling up the DagBag from /home/airflow/.local/lib/python3.7/site-packages/airflow/example_dags/tutorial_taskflow_api_etl.py
[2022-03-16 00:06:15,879] {processor.py:654} INFO - DAG(s) dict_keys(['tutorial_taskflow_api_etl']) retrieved from /home/airflow/.local/lib/python3.7/site-packages/airflow/example_dags/tutorial_taskflow_api_etl.py
[2022-03-16 00:06:16,036] {logging_mixin.py:109} INFO - [2022-03-16 00:06:16,036] {dag.py:2398} INFO - Sync 1 DAGs
[2022-03-16 00:06:16,047] {logging_mixin.py:109} INFO - [2022-03-16 00:06:16,047] {dag.py:2937} INFO - Setting next_dagrun for tutorial_taskflow_api_etl to None
[2022-03-16 00:06:16,773] {processor.py:171} INFO - Processing /home/airflow/.local/lib/python3.7/site-packages/airflow/example_dags/tutorial_taskflow_api_etl.py took 0.937 seconds
[2022-03-16 00:06:47,197] {processor.py:163} INFO - Started process (PID=2997) to work on /home/airflow/.local/lib/python3.7/site-packages/airflow/example_dags/tutorial_taskflow_api_etl.py
[2022-03-16 00:06:47,204] {processor.py:642} INFO - Processing file /home/airflow/.local/lib/python3.7/site-packages/airflow/example_dags/tutorial_taskflow_api_etl.py for tasks to queue
[2022-03-16 00:06:47,204] {logging_mixin.py:109} INFO - [2022-03-16 00:06:47,204] {dagbag.py:500} INFO - Filling up the DagBag from /home/airflow/.local/lib/python3.7/site-packages/airflow/example_dags/tutorial_taskflow_api_etl.py
[2022-03-16 00:06:47,228] {processor.py:654} INFO - DAG(s) dict_keys(['tutorial_taskflow_api_etl']) retrieved from /home/airflow/.local/lib/python3.7/site-packages/airflow/example_dags/tutorial_taskflow_api_etl.py
[2022-03-16 00:06:47,361] {logging_mixin.py:109} INFO - [2022-03-16 00:06:47,361] {dag.py:2398} INFO - Sync 1 DAGs
[2022-03-16 00:06:47,371] {logging_mixin.py:109} INFO - [2022-03-16 00:06:47,371] {dag.py:2937} INFO - Setting next_dagrun for tutorial_taskflow_api_etl to None
[2022-03-16 00:06:47,413] {processor.py:171} INFO - Processing /home/airflow/.local/lib/python3.7/site-packages/airflow/example_dags/tutorial_taskflow_api_etl.py took 0.218 seconds
[2022-03-16 00:07:18,128] {processor.py:163} INFO - Started process (PID=3049) to work on /home/airflow/.local/lib/python3.7/site-packages/airflow/example_dags/tutorial_taskflow_api_etl.py
[2022-03-16 00:07:18,219] {processor.py:642} INFO - Processing file /home/airflow/.local/lib/python3.7/site-packages/airflow/example_dags/tutorial_taskflow_api_etl.py for tasks to queue
[2022-03-16 00:07:18,220] {logging_mixin.py:109} INFO - [2022-03-16 00:07:18,220] {dagbag.py:500} INFO - Filling up the DagBag from /home/airflow/.local/lib/python3.7/site-packages/airflow/example_dags/tutorial_taskflow_api_etl.py
[2022-03-16 00:07:18,241] {processor.py:654} INFO - DAG(s) dict_keys(['tutorial_taskflow_api_etl']) retrieved from /home/airflow/.local/lib/python3.7/site-packages/airflow/example_dags/tutorial_taskflow_api_etl.py
[2022-03-16 00:07:18,375] {logging_mixin.py:109} INFO - [2022-03-16 00:07:18,375] {dag.py:2398} INFO - Sync 1 DAGs
[2022-03-16 00:07:18,386] {logging_mixin.py:109} INFO - [2022-03-16 00:07:18,386] {dag.py:2937} INFO - Setting next_dagrun for tutorial_taskflow_api_etl to None
[2022-03-16 00:07:18,756] {processor.py:171} INFO - Processing /home/airflow/.local/lib/python3.7/site-packages/airflow/example_dags/tutorial_taskflow_api_etl.py took 0.631 seconds
[2022-03-16 00:07:49,486] {processor.py:163} INFO - Started process (PID=3109) to work on /home/airflow/.local/lib/python3.7/site-packages/airflow/example_dags/tutorial_taskflow_api_etl.py
[2022-03-16 00:07:49,529] {processor.py:642} INFO - Processing file /home/airflow/.local/lib/python3.7/site-packages/airflow/example_dags/tutorial_taskflow_api_etl.py for tasks to queue
[2022-03-16 00:07:49,530] {logging_mixin.py:109} INFO - [2022-03-16 00:07:49,530] {dagbag.py:500} INFO - Filling up the DagBag from /home/airflow/.local/lib/python3.7/site-packages/airflow/example_dags/tutorial_taskflow_api_etl.py
[2022-03-16 00:07:49,550] {processor.py:654} INFO - DAG(s) dict_keys(['tutorial_taskflow_api_etl']) retrieved from /home/airflow/.local/lib/python3.7/site-packages/airflow/example_dags/tutorial_taskflow_api_etl.py
[2022-03-16 00:07:49,683] {logging_mixin.py:109} INFO - [2022-03-16 00:07:49,683] {dag.py:2398} INFO - Sync 1 DAGs
[2022-03-16 00:07:49,693] {logging_mixin.py:109} INFO - [2022-03-16 00:07:49,693] {dag.py:2937} INFO - Setting next_dagrun for tutorial_taskflow_api_etl to None
[2022-03-16 00:07:49,775] {processor.py:171} INFO - Processing /home/airflow/.local/lib/python3.7/site-packages/airflow/example_dags/tutorial_taskflow_api_etl.py took 0.291 seconds
[2022-03-16 00:08:20,168] {processor.py:163} INFO - Started process (PID=3167) to work on /home/airflow/.local/lib/python3.7/site-packages/airflow/example_dags/tutorial_taskflow_api_etl.py
[2022-03-16 00:08:20,169] {processor.py:642} INFO - Processing file /home/airflow/.local/lib/python3.7/site-packages/airflow/example_dags/tutorial_taskflow_api_etl.py for tasks to queue
[2022-03-16 00:08:20,169] {logging_mixin.py:109} INFO - [2022-03-16 00:08:20,169] {dagbag.py:500} INFO - Filling up the DagBag from /home/airflow/.local/lib/python3.7/site-packages/airflow/example_dags/tutorial_taskflow_api_etl.py
[2022-03-16 00:08:20,192] {processor.py:654} INFO - DAG(s) dict_keys(['tutorial_taskflow_api_etl']) retrieved from /home/airflow/.local/lib/python3.7/site-packages/airflow/example_dags/tutorial_taskflow_api_etl.py
[2022-03-16 00:08:20,334] {logging_mixin.py:109} INFO - [2022-03-16 00:08:20,334] {dag.py:2398} INFO - Sync 1 DAGs
[2022-03-16 00:08:20,344] {logging_mixin.py:109} INFO - [2022-03-16 00:08:20,344] {dag.py:2937} INFO - Setting next_dagrun for tutorial_taskflow_api_etl to None
[2022-03-16 00:08:20,708] {processor.py:171} INFO - Processing /home/airflow/.local/lib/python3.7/site-packages/airflow/example_dags/tutorial_taskflow_api_etl.py took 0.542 seconds
[2022-03-16 00:08:51,138] {processor.py:163} INFO - Started process (PID=3242) to work on /home/airflow/.local/lib/python3.7/site-packages/airflow/example_dags/tutorial_taskflow_api_etl.py
[2022-03-16 00:08:51,145] {processor.py:642} INFO - Processing file /home/airflow/.local/lib/python3.7/site-packages/airflow/example_dags/tutorial_taskflow_api_etl.py for tasks to queue
[2022-03-16 00:08:51,145] {logging_mixin.py:109} INFO - [2022-03-16 00:08:51,145] {dagbag.py:500} INFO - Filling up the DagBag from /home/airflow/.local/lib/python3.7/site-packages/airflow/example_dags/tutorial_taskflow_api_etl.py
[2022-03-16 00:08:51,167] {processor.py:654} INFO - DAG(s) dict_keys(['tutorial_taskflow_api_etl']) retrieved from /home/airflow/.local/lib/python3.7/site-packages/airflow/example_dags/tutorial_taskflow_api_etl.py
[2022-03-16 00:08:51,337] {logging_mixin.py:109} INFO - [2022-03-16 00:08:51,337] {dag.py:2398} INFO - Sync 1 DAGs
[2022-03-16 00:08:51,348] {logging_mixin.py:109} INFO - [2022-03-16 00:08:51,348] {dag.py:2937} INFO - Setting next_dagrun for tutorial_taskflow_api_etl to None
[2022-03-16 00:08:52,642] {processor.py:171} INFO - Processing /home/airflow/.local/lib/python3.7/site-packages/airflow/example_dags/tutorial_taskflow_api_etl.py took 1.506 seconds
[2022-03-16 00:09:23,288] {processor.py:163} INFO - Started process (PID=3296) to work on /home/airflow/.local/lib/python3.7/site-packages/airflow/example_dags/tutorial_taskflow_api_etl.py
[2022-03-16 00:09:23,310] {processor.py:642} INFO - Processing file /home/airflow/.local/lib/python3.7/site-packages/airflow/example_dags/tutorial_taskflow_api_etl.py for tasks to queue
[2022-03-16 00:09:23,312] {logging_mixin.py:109} INFO - [2022-03-16 00:09:23,311] {dagbag.py:500} INFO - Filling up the DagBag from /home/airflow/.local/lib/python3.7/site-packages/airflow/example_dags/tutorial_taskflow_api_etl.py
[2022-03-16 00:09:23,359] {processor.py:654} INFO - DAG(s) dict_keys(['tutorial_taskflow_api_etl']) retrieved from /home/airflow/.local/lib/python3.7/site-packages/airflow/example_dags/tutorial_taskflow_api_etl.py
[2022-03-16 00:09:23,498] {logging_mixin.py:109} INFO - [2022-03-16 00:09:23,498] {dag.py:2398} INFO - Sync 1 DAGs
[2022-03-16 00:09:23,508] {logging_mixin.py:109} INFO - [2022-03-16 00:09:23,507] {dag.py:2937} INFO - Setting next_dagrun for tutorial_taskflow_api_etl to None
[2022-03-16 00:09:23,569] {processor.py:171} INFO - Processing /home/airflow/.local/lib/python3.7/site-packages/airflow/example_dags/tutorial_taskflow_api_etl.py took 0.287 seconds
[2022-03-16 00:09:54,418] {processor.py:163} INFO - Started process (PID=3346) to work on /home/airflow/.local/lib/python3.7/site-packages/airflow/example_dags/tutorial_taskflow_api_etl.py
[2022-03-16 00:09:54,513] {processor.py:642} INFO - Processing file /home/airflow/.local/lib/python3.7/site-packages/airflow/example_dags/tutorial_taskflow_api_etl.py for tasks to queue
[2022-03-16 00:09:54,513] {logging_mixin.py:109} INFO - [2022-03-16 00:09:54,513] {dagbag.py:500} INFO - Filling up the DagBag from /home/airflow/.local/lib/python3.7/site-packages/airflow/example_dags/tutorial_taskflow_api_etl.py
[2022-03-16 00:09:54,534] {processor.py:654} INFO - DAG(s) dict_keys(['tutorial_taskflow_api_etl']) retrieved from /home/airflow/.local/lib/python3.7/site-packages/airflow/example_dags/tutorial_taskflow_api_etl.py
[2022-03-16 00:09:54,663] {logging_mixin.py:109} INFO - [2022-03-16 00:09:54,663] {dag.py:2398} INFO - Sync 1 DAGs
[2022-03-16 00:09:54,672] {logging_mixin.py:109} INFO - [2022-03-16 00:09:54,672] {dag.py:2937} INFO - Setting next_dagrun for tutorial_taskflow_api_etl to None
[2022-03-16 00:09:54,727] {processor.py:171} INFO - Processing /home/airflow/.local/lib/python3.7/site-packages/airflow/example_dags/tutorial_taskflow_api_etl.py took 0.310 seconds
[2022-03-16 00:10:24,790] {processor.py:163} INFO - Started process (PID=3414) to work on /home/airflow/.local/lib/python3.7/site-packages/airflow/example_dags/tutorial_taskflow_api_etl.py
[2022-03-16 00:10:24,811] {processor.py:642} INFO - Processing file /home/airflow/.local/lib/python3.7/site-packages/airflow/example_dags/tutorial_taskflow_api_etl.py for tasks to queue
[2022-03-16 00:10:24,811] {logging_mixin.py:109} INFO - [2022-03-16 00:10:24,811] {dagbag.py:500} INFO - Filling up the DagBag from /home/airflow/.local/lib/python3.7/site-packages/airflow/example_dags/tutorial_taskflow_api_etl.py
[2022-03-16 00:10:24,835] {processor.py:654} INFO - DAG(s) dict_keys(['tutorial_taskflow_api_etl']) retrieved from /home/airflow/.local/lib/python3.7/site-packages/airflow/example_dags/tutorial_taskflow_api_etl.py
[2022-03-16 00:10:25,018] {logging_mixin.py:109} INFO - [2022-03-16 00:10:25,018] {dag.py:2398} INFO - Sync 1 DAGs
[2022-03-16 00:10:25,031] {logging_mixin.py:109} INFO - [2022-03-16 00:10:25,031] {dag.py:2937} INFO - Setting next_dagrun for tutorial_taskflow_api_etl to None
[2022-03-16 00:10:25,277] {processor.py:171} INFO - Processing /home/airflow/.local/lib/python3.7/site-packages/airflow/example_dags/tutorial_taskflow_api_etl.py took 0.489 seconds
[2022-03-16 00:10:56,229] {processor.py:163} INFO - Started process (PID=3478) to work on /home/airflow/.local/lib/python3.7/site-packages/airflow/example_dags/tutorial_taskflow_api_etl.py
[2022-03-16 00:10:56,252] {processor.py:642} INFO - Processing file /home/airflow/.local/lib/python3.7/site-packages/airflow/example_dags/tutorial_taskflow_api_etl.py for tasks to queue
[2022-03-16 00:10:56,252] {logging_mixin.py:109} INFO - [2022-03-16 00:10:56,252] {dagbag.py:500} INFO - Filling up the DagBag from /home/airflow/.local/lib/python3.7/site-packages/airflow/example_dags/tutorial_taskflow_api_etl.py
[2022-03-16 00:10:56,273] {processor.py:654} INFO - DAG(s) dict_keys(['tutorial_taskflow_api_etl']) retrieved from /home/airflow/.local/lib/python3.7/site-packages/airflow/example_dags/tutorial_taskflow_api_etl.py
[2022-03-16 00:10:56,415] {logging_mixin.py:109} INFO - [2022-03-16 00:10:56,415] {dag.py:2398} INFO - Sync 1 DAGs
[2022-03-16 00:10:56,427] {logging_mixin.py:109} INFO - [2022-03-16 00:10:56,427] {dag.py:2937} INFO - Setting next_dagrun for tutorial_taskflow_api_etl to None
[2022-03-16 00:10:57,516] {processor.py:171} INFO - Processing /home/airflow/.local/lib/python3.7/site-packages/airflow/example_dags/tutorial_taskflow_api_etl.py took 1.289 seconds
[2022-03-16 00:11:27,989] {processor.py:163} INFO - Started process (PID=3539) to work on /home/airflow/.local/lib/python3.7/site-packages/airflow/example_dags/tutorial_taskflow_api_etl.py
[2022-03-16 00:11:27,990] {processor.py:642} INFO - Processing file /home/airflow/.local/lib/python3.7/site-packages/airflow/example_dags/tutorial_taskflow_api_etl.py for tasks to queue
[2022-03-16 00:11:27,990] {logging_mixin.py:109} INFO - [2022-03-16 00:11:27,990] {dagbag.py:500} INFO - Filling up the DagBag from /home/airflow/.local/lib/python3.7/site-packages/airflow/example_dags/tutorial_taskflow_api_etl.py
[2022-03-16 00:11:28,014] {processor.py:654} INFO - DAG(s) dict_keys(['tutorial_taskflow_api_etl']) retrieved from /home/airflow/.local/lib/python3.7/site-packages/airflow/example_dags/tutorial_taskflow_api_etl.py
[2022-03-16 00:11:28,195] {logging_mixin.py:109} INFO - [2022-03-16 00:11:28,195] {dag.py:2398} INFO - Sync 1 DAGs
[2022-03-16 00:11:28,210] {logging_mixin.py:109} INFO - [2022-03-16 00:11:28,210] {dag.py:2937} INFO - Setting next_dagrun for tutorial_taskflow_api_etl to None
[2022-03-16 00:11:29,297] {processor.py:171} INFO - Processing /home/airflow/.local/lib/python3.7/site-packages/airflow/example_dags/tutorial_taskflow_api_etl.py took 1.310 seconds
[2022-03-16 00:12:00,017] {processor.py:163} INFO - Started process (PID=3589) to work on /home/airflow/.local/lib/python3.7/site-packages/airflow/example_dags/tutorial_taskflow_api_etl.py
[2022-03-16 00:12:00,019] {processor.py:642} INFO - Processing file /home/airflow/.local/lib/python3.7/site-packages/airflow/example_dags/tutorial_taskflow_api_etl.py for tasks to queue
[2022-03-16 00:12:00,020] {logging_mixin.py:109} INFO - [2022-03-16 00:12:00,020] {dagbag.py:500} INFO - Filling up the DagBag from /home/airflow/.local/lib/python3.7/site-packages/airflow/example_dags/tutorial_taskflow_api_etl.py
[2022-03-16 00:12:00,092] {processor.py:654} INFO - DAG(s) dict_keys(['tutorial_taskflow_api_etl']) retrieved from /home/airflow/.local/lib/python3.7/site-packages/airflow/example_dags/tutorial_taskflow_api_etl.py
[2022-03-16 00:12:00,110] {logging_mixin.py:109} INFO - [2022-03-16 00:12:00,110] {dag.py:2398} INFO - Sync 1 DAGs
[2022-03-16 00:12:00,142] {logging_mixin.py:109} INFO - [2022-03-16 00:12:00,141] {dag.py:2937} INFO - Setting next_dagrun for tutorial_taskflow_api_etl to None
[2022-03-16 00:12:00,802] {processor.py:171} INFO - Processing /home/airflow/.local/lib/python3.7/site-packages/airflow/example_dags/tutorial_taskflow_api_etl.py took 0.790 seconds
[2022-03-16 00:12:31,328] {processor.py:163} INFO - Started process (PID=3656) to work on /home/airflow/.local/lib/python3.7/site-packages/airflow/example_dags/tutorial_taskflow_api_etl.py
[2022-03-16 00:12:31,336] {processor.py:642} INFO - Processing file /home/airflow/.local/lib/python3.7/site-packages/airflow/example_dags/tutorial_taskflow_api_etl.py for tasks to queue
[2022-03-16 00:12:31,336] {logging_mixin.py:109} INFO - [2022-03-16 00:12:31,336] {dagbag.py:500} INFO - Filling up the DagBag from /home/airflow/.local/lib/python3.7/site-packages/airflow/example_dags/tutorial_taskflow_api_etl.py
[2022-03-16 00:12:31,366] {processor.py:654} INFO - DAG(s) dict_keys(['tutorial_taskflow_api_etl']) retrieved from /home/airflow/.local/lib/python3.7/site-packages/airflow/example_dags/tutorial_taskflow_api_etl.py
[2022-03-16 00:12:31,582] {logging_mixin.py:109} INFO - [2022-03-16 00:12:31,582] {dag.py:2398} INFO - Sync 1 DAGs
[2022-03-16 00:12:31,594] {logging_mixin.py:109} INFO - [2022-03-16 00:12:31,594] {dag.py:2937} INFO - Setting next_dagrun for tutorial_taskflow_api_etl to None
[2022-03-16 00:12:31,694] {processor.py:171} INFO - Processing /home/airflow/.local/lib/python3.7/site-packages/airflow/example_dags/tutorial_taskflow_api_etl.py took 0.367 seconds
[2022-03-16 00:13:02,127] {processor.py:163} INFO - Started process (PID=3719) to work on /home/airflow/.local/lib/python3.7/site-packages/airflow/example_dags/tutorial_taskflow_api_etl.py
[2022-03-16 00:13:02,128] {processor.py:642} INFO - Processing file /home/airflow/.local/lib/python3.7/site-packages/airflow/example_dags/tutorial_taskflow_api_etl.py for tasks to queue
[2022-03-16 00:13:02,128] {logging_mixin.py:109} INFO - [2022-03-16 00:13:02,128] {dagbag.py:500} INFO - Filling up the DagBag from /home/airflow/.local/lib/python3.7/site-packages/airflow/example_dags/tutorial_taskflow_api_etl.py
[2022-03-16 00:13:02,148] {processor.py:654} INFO - DAG(s) dict_keys(['tutorial_taskflow_api_etl']) retrieved from /home/airflow/.local/lib/python3.7/site-packages/airflow/example_dags/tutorial_taskflow_api_etl.py
[2022-03-16 00:13:02,295] {logging_mixin.py:109} INFO - [2022-03-16 00:13:02,295] {dag.py:2398} INFO - Sync 1 DAGs
[2022-03-16 00:13:02,308] {logging_mixin.py:109} INFO - [2022-03-16 00:13:02,308] {dag.py:2937} INFO - Setting next_dagrun for tutorial_taskflow_api_etl to None
[2022-03-16 00:13:02,705] {processor.py:171} INFO - Processing /home/airflow/.local/lib/python3.7/site-packages/airflow/example_dags/tutorial_taskflow_api_etl.py took 0.580 seconds
[2022-03-16 00:13:33,037] {processor.py:163} INFO - Started process (PID=3770) to work on /home/airflow/.local/lib/python3.7/site-packages/airflow/example_dags/tutorial_taskflow_api_etl.py
[2022-03-16 00:13:33,045] {processor.py:642} INFO - Processing file /home/airflow/.local/lib/python3.7/site-packages/airflow/example_dags/tutorial_taskflow_api_etl.py for tasks to queue
[2022-03-16 00:13:33,046] {logging_mixin.py:109} INFO - [2022-03-16 00:13:33,045] {dagbag.py:500} INFO - Filling up the DagBag from /home/airflow/.local/lib/python3.7/site-packages/airflow/example_dags/tutorial_taskflow_api_etl.py
[2022-03-16 00:13:33,068] {processor.py:654} INFO - DAG(s) dict_keys(['tutorial_taskflow_api_etl']) retrieved from /home/airflow/.local/lib/python3.7/site-packages/airflow/example_dags/tutorial_taskflow_api_etl.py
[2022-03-16 00:13:33,207] {logging_mixin.py:109} INFO - [2022-03-16 00:13:33,207] {dag.py:2398} INFO - Sync 1 DAGs
[2022-03-16 00:13:33,218] {logging_mixin.py:109} INFO - [2022-03-16 00:13:33,218] {dag.py:2937} INFO - Setting next_dagrun for tutorial_taskflow_api_etl to None
[2022-03-16 00:13:34,408] {processor.py:171} INFO - Processing /home/airflow/.local/lib/python3.7/site-packages/airflow/example_dags/tutorial_taskflow_api_etl.py took 1.373 seconds
[2022-03-16 00:14:05,036] {processor.py:163} INFO - Started process (PID=3834) to work on /home/airflow/.local/lib/python3.7/site-packages/airflow/example_dags/tutorial_taskflow_api_etl.py
[2022-03-16 00:14:05,049] {processor.py:642} INFO - Processing file /home/airflow/.local/lib/python3.7/site-packages/airflow/example_dags/tutorial_taskflow_api_etl.py for tasks to queue
[2022-03-16 00:14:05,050] {logging_mixin.py:109} INFO - [2022-03-16 00:14:05,049] {dagbag.py:500} INFO - Filling up the DagBag from /home/airflow/.local/lib/python3.7/site-packages/airflow/example_dags/tutorial_taskflow_api_etl.py
[2022-03-16 00:14:05,081] {processor.py:654} INFO - DAG(s) dict_keys(['tutorial_taskflow_api_etl']) retrieved from /home/airflow/.local/lib/python3.7/site-packages/airflow/example_dags/tutorial_taskflow_api_etl.py
[2022-03-16 00:14:05,236] {logging_mixin.py:109} INFO - [2022-03-16 00:14:05,236] {dag.py:2398} INFO - Sync 1 DAGs
[2022-03-16 00:14:05,248] {logging_mixin.py:109} INFO - [2022-03-16 00:14:05,248] {dag.py:2937} INFO - Setting next_dagrun for tutorial_taskflow_api_etl to None
[2022-03-16 00:14:05,291] {processor.py:171} INFO - Processing /home/airflow/.local/lib/python3.7/site-packages/airflow/example_dags/tutorial_taskflow_api_etl.py took 0.258 seconds
[2022-03-16 00:14:36,984] {processor.py:163} INFO - Started process (PID=3898) to work on /home/airflow/.local/lib/python3.7/site-packages/airflow/example_dags/tutorial_taskflow_api_etl.py
[2022-03-16 00:14:37,002] {processor.py:642} INFO - Processing file /home/airflow/.local/lib/python3.7/site-packages/airflow/example_dags/tutorial_taskflow_api_etl.py for tasks to queue
[2022-03-16 00:14:37,002] {logging_mixin.py:109} INFO - [2022-03-16 00:14:37,002] {dagbag.py:500} INFO - Filling up the DagBag from /home/airflow/.local/lib/python3.7/site-packages/airflow/example_dags/tutorial_taskflow_api_etl.py
[2022-03-16 00:14:37,026] {processor.py:654} INFO - DAG(s) dict_keys(['tutorial_taskflow_api_etl']) retrieved from /home/airflow/.local/lib/python3.7/site-packages/airflow/example_dags/tutorial_taskflow_api_etl.py
[2022-03-16 00:14:37,188] {logging_mixin.py:109} INFO - [2022-03-16 00:14:37,188] {dag.py:2398} INFO - Sync 1 DAGs
[2022-03-16 00:14:37,203] {logging_mixin.py:109} INFO - [2022-03-16 00:14:37,203] {dag.py:2937} INFO - Setting next_dagrun for tutorial_taskflow_api_etl to None
[2022-03-16 00:14:37,293] {processor.py:171} INFO - Processing /home/airflow/.local/lib/python3.7/site-packages/airflow/example_dags/tutorial_taskflow_api_etl.py took 0.311 seconds
[2022-03-16 00:15:07,403] {processor.py:163} INFO - Started process (PID=3958) to work on /home/airflow/.local/lib/python3.7/site-packages/airflow/example_dags/tutorial_taskflow_api_etl.py
[2022-03-16 00:15:07,422] {processor.py:642} INFO - Processing file /home/airflow/.local/lib/python3.7/site-packages/airflow/example_dags/tutorial_taskflow_api_etl.py for tasks to queue
[2022-03-16 00:15:07,423] {logging_mixin.py:109} INFO - [2022-03-16 00:15:07,423] {dagbag.py:500} INFO - Filling up the DagBag from /home/airflow/.local/lib/python3.7/site-packages/airflow/example_dags/tutorial_taskflow_api_etl.py
[2022-03-16 00:15:07,455] {processor.py:654} INFO - DAG(s) dict_keys(['tutorial_taskflow_api_etl']) retrieved from /home/airflow/.local/lib/python3.7/site-packages/airflow/example_dags/tutorial_taskflow_api_etl.py
[2022-03-16 00:15:07,626] {logging_mixin.py:109} INFO - [2022-03-16 00:15:07,626] {dag.py:2398} INFO - Sync 1 DAGs
[2022-03-16 00:15:07,637] {logging_mixin.py:109} INFO - [2022-03-16 00:15:07,637] {dag.py:2937} INFO - Setting next_dagrun for tutorial_taskflow_api_etl to None
[2022-03-16 00:15:07,713] {processor.py:171} INFO - Processing /home/airflow/.local/lib/python3.7/site-packages/airflow/example_dags/tutorial_taskflow_api_etl.py took 0.314 seconds
[2022-03-16 00:15:38,045] {processor.py:163} INFO - Started process (PID=4018) to work on /home/airflow/.local/lib/python3.7/site-packages/airflow/example_dags/tutorial_taskflow_api_etl.py
[2022-03-16 00:15:38,057] {processor.py:642} INFO - Processing file /home/airflow/.local/lib/python3.7/site-packages/airflow/example_dags/tutorial_taskflow_api_etl.py for tasks to queue
[2022-03-16 00:15:38,057] {logging_mixin.py:109} INFO - [2022-03-16 00:15:38,057] {dagbag.py:500} INFO - Filling up the DagBag from /home/airflow/.local/lib/python3.7/site-packages/airflow/example_dags/tutorial_taskflow_api_etl.py
[2022-03-16 00:15:38,080] {processor.py:654} INFO - DAG(s) dict_keys(['tutorial_taskflow_api_etl']) retrieved from /home/airflow/.local/lib/python3.7/site-packages/airflow/example_dags/tutorial_taskflow_api_etl.py
[2022-03-16 00:15:38,235] {logging_mixin.py:109} INFO - [2022-03-16 00:15:38,235] {dag.py:2398} INFO - Sync 1 DAGs
[2022-03-16 00:15:38,247] {logging_mixin.py:109} INFO - [2022-03-16 00:15:38,247] {dag.py:2937} INFO - Setting next_dagrun for tutorial_taskflow_api_etl to None
[2022-03-16 00:15:38,305] {processor.py:171} INFO - Processing /home/airflow/.local/lib/python3.7/site-packages/airflow/example_dags/tutorial_taskflow_api_etl.py took 0.262 seconds
[2022-03-16 00:16:08,921] {processor.py:163} INFO - Started process (PID=4072) to work on /home/airflow/.local/lib/python3.7/site-packages/airflow/example_dags/tutorial_taskflow_api_etl.py
[2022-03-16 00:16:09,033] {processor.py:642} INFO - Processing file /home/airflow/.local/lib/python3.7/site-packages/airflow/example_dags/tutorial_taskflow_api_etl.py for tasks to queue
[2022-03-16 00:16:09,034] {logging_mixin.py:109} INFO - [2022-03-16 00:16:09,034] {dagbag.py:500} INFO - Filling up the DagBag from /home/airflow/.local/lib/python3.7/site-packages/airflow/example_dags/tutorial_taskflow_api_etl.py
[2022-03-16 00:16:09,066] {processor.py:654} INFO - DAG(s) dict_keys(['tutorial_taskflow_api_etl']) retrieved from /home/airflow/.local/lib/python3.7/site-packages/airflow/example_dags/tutorial_taskflow_api_etl.py
[2022-03-16 00:16:09,224] {logging_mixin.py:109} INFO - [2022-03-16 00:16:09,224] {dag.py:2398} INFO - Sync 1 DAGs
[2022-03-16 00:16:09,238] {logging_mixin.py:109} INFO - [2022-03-16 00:16:09,238] {dag.py:2937} INFO - Setting next_dagrun for tutorial_taskflow_api_etl to None
[2022-03-16 00:16:09,276] {processor.py:171} INFO - Processing /home/airflow/.local/lib/python3.7/site-packages/airflow/example_dags/tutorial_taskflow_api_etl.py took 0.357 seconds
[2022-03-16 00:16:40,044] {processor.py:163} INFO - Started process (PID=4142) to work on /home/airflow/.local/lib/python3.7/site-packages/airflow/example_dags/tutorial_taskflow_api_etl.py
[2022-03-16 00:16:40,045] {processor.py:642} INFO - Processing file /home/airflow/.local/lib/python3.7/site-packages/airflow/example_dags/tutorial_taskflow_api_etl.py for tasks to queue
[2022-03-16 00:16:40,045] {logging_mixin.py:109} INFO - [2022-03-16 00:16:40,045] {dagbag.py:500} INFO - Filling up the DagBag from /home/airflow/.local/lib/python3.7/site-packages/airflow/example_dags/tutorial_taskflow_api_etl.py
[2022-03-16 00:16:40,066] {processor.py:654} INFO - DAG(s) dict_keys(['tutorial_taskflow_api_etl']) retrieved from /home/airflow/.local/lib/python3.7/site-packages/airflow/example_dags/tutorial_taskflow_api_etl.py
[2022-03-16 00:16:40,202] {logging_mixin.py:109} INFO - [2022-03-16 00:16:40,202] {dag.py:2398} INFO - Sync 1 DAGs
[2022-03-16 00:16:40,213] {logging_mixin.py:109} INFO - [2022-03-16 00:16:40,213] {dag.py:2937} INFO - Setting next_dagrun for tutorial_taskflow_api_etl to None
[2022-03-16 00:16:40,274] {processor.py:171} INFO - Processing /home/airflow/.local/lib/python3.7/site-packages/airflow/example_dags/tutorial_taskflow_api_etl.py took 0.232 seconds
[2022-03-16 00:17:10,430] {processor.py:163} INFO - Started process (PID=4201) to work on /home/airflow/.local/lib/python3.7/site-packages/airflow/example_dags/tutorial_taskflow_api_etl.py
[2022-03-16 00:17:10,438] {processor.py:642} INFO - Processing file /home/airflow/.local/lib/python3.7/site-packages/airflow/example_dags/tutorial_taskflow_api_etl.py for tasks to queue
[2022-03-16 00:17:10,439] {logging_mixin.py:109} INFO - [2022-03-16 00:17:10,439] {dagbag.py:500} INFO - Filling up the DagBag from /home/airflow/.local/lib/python3.7/site-packages/airflow/example_dags/tutorial_taskflow_api_etl.py
[2022-03-16 00:17:10,467] {processor.py:654} INFO - DAG(s) dict_keys(['tutorial_taskflow_api_etl']) retrieved from /home/airflow/.local/lib/python3.7/site-packages/airflow/example_dags/tutorial_taskflow_api_etl.py
[2022-03-16 00:17:10,614] {logging_mixin.py:109} INFO - [2022-03-16 00:17:10,614] {dag.py:2398} INFO - Sync 1 DAGs
[2022-03-16 00:17:10,625] {logging_mixin.py:109} INFO - [2022-03-16 00:17:10,625] {dag.py:2937} INFO - Setting next_dagrun for tutorial_taskflow_api_etl to None
[2022-03-16 00:17:10,672] {processor.py:171} INFO - Processing /home/airflow/.local/lib/python3.7/site-packages/airflow/example_dags/tutorial_taskflow_api_etl.py took 0.244 seconds
[2022-03-16 00:17:42,406] {processor.py:163} INFO - Started process (PID=4261) to work on /home/airflow/.local/lib/python3.7/site-packages/airflow/example_dags/tutorial_taskflow_api_etl.py
[2022-03-16 00:17:42,407] {processor.py:642} INFO - Processing file /home/airflow/.local/lib/python3.7/site-packages/airflow/example_dags/tutorial_taskflow_api_etl.py for tasks to queue
[2022-03-16 00:17:42,407] {logging_mixin.py:109} INFO - [2022-03-16 00:17:42,407] {dagbag.py:500} INFO - Filling up the DagBag from /home/airflow/.local/lib/python3.7/site-packages/airflow/example_dags/tutorial_taskflow_api_etl.py
[2022-03-16 00:17:42,433] {processor.py:654} INFO - DAG(s) dict_keys(['tutorial_taskflow_api_etl']) retrieved from /home/airflow/.local/lib/python3.7/site-packages/airflow/example_dags/tutorial_taskflow_api_etl.py
[2022-03-16 00:17:42,574] {logging_mixin.py:109} INFO - [2022-03-16 00:17:42,574] {dag.py:2398} INFO - Sync 1 DAGs
[2022-03-16 00:17:42,585] {logging_mixin.py:109} INFO - [2022-03-16 00:17:42,585] {dag.py:2937} INFO - Setting next_dagrun for tutorial_taskflow_api_etl to None
[2022-03-16 00:17:42,637] {processor.py:171} INFO - Processing /home/airflow/.local/lib/python3.7/site-packages/airflow/example_dags/tutorial_taskflow_api_etl.py took 0.234 seconds
[2022-03-16 00:18:13,970] {processor.py:163} INFO - Started process (PID=4316) to work on /home/airflow/.local/lib/python3.7/site-packages/airflow/example_dags/tutorial_taskflow_api_etl.py
[2022-03-16 00:18:13,979] {processor.py:642} INFO - Processing file /home/airflow/.local/lib/python3.7/site-packages/airflow/example_dags/tutorial_taskflow_api_etl.py for tasks to queue
[2022-03-16 00:18:13,980] {logging_mixin.py:109} INFO - [2022-03-16 00:18:13,980] {dagbag.py:500} INFO - Filling up the DagBag from /home/airflow/.local/lib/python3.7/site-packages/airflow/example_dags/tutorial_taskflow_api_etl.py
[2022-03-16 00:18:14,005] {processor.py:654} INFO - DAG(s) dict_keys(['tutorial_taskflow_api_etl']) retrieved from /home/airflow/.local/lib/python3.7/site-packages/airflow/example_dags/tutorial_taskflow_api_etl.py
[2022-03-16 00:18:14,140] {logging_mixin.py:109} INFO - [2022-03-16 00:18:14,140] {dag.py:2398} INFO - Sync 1 DAGs
[2022-03-16 00:18:14,151] {logging_mixin.py:109} INFO - [2022-03-16 00:18:14,151] {dag.py:2937} INFO - Setting next_dagrun for tutorial_taskflow_api_etl to None
[2022-03-16 00:18:14,192] {processor.py:171} INFO - Processing /home/airflow/.local/lib/python3.7/site-packages/airflow/example_dags/tutorial_taskflow_api_etl.py took 0.224 seconds
[2022-03-16 00:18:44,514] {processor.py:163} INFO - Started process (PID=4389) to work on /home/airflow/.local/lib/python3.7/site-packages/airflow/example_dags/tutorial_taskflow_api_etl.py
[2022-03-16 00:18:44,520] {processor.py:642} INFO - Processing file /home/airflow/.local/lib/python3.7/site-packages/airflow/example_dags/tutorial_taskflow_api_etl.py for tasks to queue
[2022-03-16 00:18:44,520] {logging_mixin.py:109} INFO - [2022-03-16 00:18:44,520] {dagbag.py:500} INFO - Filling up the DagBag from /home/airflow/.local/lib/python3.7/site-packages/airflow/example_dags/tutorial_taskflow_api_etl.py
[2022-03-16 00:18:44,546] {processor.py:654} INFO - DAG(s) dict_keys(['tutorial_taskflow_api_etl']) retrieved from /home/airflow/.local/lib/python3.7/site-packages/airflow/example_dags/tutorial_taskflow_api_etl.py
[2022-03-16 00:18:44,690] {logging_mixin.py:109} INFO - [2022-03-16 00:18:44,689] {dag.py:2398} INFO - Sync 1 DAGs
[2022-03-16 00:18:44,702] {logging_mixin.py:109} INFO - [2022-03-16 00:18:44,702] {dag.py:2937} INFO - Setting next_dagrun for tutorial_taskflow_api_etl to None
[2022-03-16 00:18:44,752] {processor.py:171} INFO - Processing /home/airflow/.local/lib/python3.7/site-packages/airflow/example_dags/tutorial_taskflow_api_etl.py took 0.240 seconds
[2022-03-16 00:19:15,212] {processor.py:163} INFO - Started process (PID=4446) to work on /home/airflow/.local/lib/python3.7/site-packages/airflow/example_dags/tutorial_taskflow_api_etl.py
[2022-03-16 00:19:15,221] {processor.py:642} INFO - Processing file /home/airflow/.local/lib/python3.7/site-packages/airflow/example_dags/tutorial_taskflow_api_etl.py for tasks to queue
[2022-03-16 00:19:15,222] {logging_mixin.py:109} INFO - [2022-03-16 00:19:15,222] {dagbag.py:500} INFO - Filling up the DagBag from /home/airflow/.local/lib/python3.7/site-packages/airflow/example_dags/tutorial_taskflow_api_etl.py
[2022-03-16 00:19:15,256] {processor.py:654} INFO - DAG(s) dict_keys(['tutorial_taskflow_api_etl']) retrieved from /home/airflow/.local/lib/python3.7/site-packages/airflow/example_dags/tutorial_taskflow_api_etl.py
[2022-03-16 00:19:15,390] {logging_mixin.py:109} INFO - [2022-03-16 00:19:15,390] {dag.py:2398} INFO - Sync 1 DAGs
[2022-03-16 00:19:15,402] {logging_mixin.py:109} INFO - [2022-03-16 00:19:15,401] {dag.py:2937} INFO - Setting next_dagrun for tutorial_taskflow_api_etl to None
[2022-03-16 00:19:15,456] {processor.py:171} INFO - Processing /home/airflow/.local/lib/python3.7/site-packages/airflow/example_dags/tutorial_taskflow_api_etl.py took 0.248 seconds
[2022-03-16 00:19:46,328] {processor.py:163} INFO - Started process (PID=4502) to work on /home/airflow/.local/lib/python3.7/site-packages/airflow/example_dags/tutorial_taskflow_api_etl.py
[2022-03-16 00:19:46,340] {processor.py:642} INFO - Processing file /home/airflow/.local/lib/python3.7/site-packages/airflow/example_dags/tutorial_taskflow_api_etl.py for tasks to queue
[2022-03-16 00:19:46,341] {logging_mixin.py:109} INFO - [2022-03-16 00:19:46,340] {dagbag.py:500} INFO - Filling up the DagBag from /home/airflow/.local/lib/python3.7/site-packages/airflow/example_dags/tutorial_taskflow_api_etl.py
[2022-03-16 00:19:46,381] {processor.py:654} INFO - DAG(s) dict_keys(['tutorial_taskflow_api_etl']) retrieved from /home/airflow/.local/lib/python3.7/site-packages/airflow/example_dags/tutorial_taskflow_api_etl.py
[2022-03-16 00:19:46,573] {logging_mixin.py:109} INFO - [2022-03-16 00:19:46,573] {dag.py:2398} INFO - Sync 1 DAGs
[2022-03-16 00:19:46,585] {logging_mixin.py:109} INFO - [2022-03-16 00:19:46,585] {dag.py:2937} INFO - Setting next_dagrun for tutorial_taskflow_api_etl to None
[2022-03-16 00:19:47,720] {processor.py:171} INFO - Processing /home/airflow/.local/lib/python3.7/site-packages/airflow/example_dags/tutorial_taskflow_api_etl.py took 1.393 seconds
[2022-03-16 00:20:18,376] {processor.py:163} INFO - Started process (PID=4563) to work on /home/airflow/.local/lib/python3.7/site-packages/airflow/example_dags/tutorial_taskflow_api_etl.py
[2022-03-16 00:20:18,391] {processor.py:642} INFO - Processing file /home/airflow/.local/lib/python3.7/site-packages/airflow/example_dags/tutorial_taskflow_api_etl.py for tasks to queue
[2022-03-16 00:20:18,392] {logging_mixin.py:109} INFO - [2022-03-16 00:20:18,392] {dagbag.py:500} INFO - Filling up the DagBag from /home/airflow/.local/lib/python3.7/site-packages/airflow/example_dags/tutorial_taskflow_api_etl.py
[2022-03-16 00:20:18,416] {processor.py:654} INFO - DAG(s) dict_keys(['tutorial_taskflow_api_etl']) retrieved from /home/airflow/.local/lib/python3.7/site-packages/airflow/example_dags/tutorial_taskflow_api_etl.py
[2022-03-16 00:20:18,555] {logging_mixin.py:109} INFO - [2022-03-16 00:20:18,555] {dag.py:2398} INFO - Sync 1 DAGs
[2022-03-16 00:20:18,565] {logging_mixin.py:109} INFO - [2022-03-16 00:20:18,565] {dag.py:2937} INFO - Setting next_dagrun for tutorial_taskflow_api_etl to None
[2022-03-16 00:20:18,968] {processor.py:171} INFO - Processing /home/airflow/.local/lib/python3.7/site-packages/airflow/example_dags/tutorial_taskflow_api_etl.py took 0.595 seconds
[2022-03-16 00:20:49,258] {processor.py:163} INFO - Started process (PID=4628) to work on /home/airflow/.local/lib/python3.7/site-packages/airflow/example_dags/tutorial_taskflow_api_etl.py
[2022-03-16 00:20:49,269] {processor.py:642} INFO - Processing file /home/airflow/.local/lib/python3.7/site-packages/airflow/example_dags/tutorial_taskflow_api_etl.py for tasks to queue
[2022-03-16 00:20:49,269] {logging_mixin.py:109} INFO - [2022-03-16 00:20:49,269] {dagbag.py:500} INFO - Filling up the DagBag from /home/airflow/.local/lib/python3.7/site-packages/airflow/example_dags/tutorial_taskflow_api_etl.py
[2022-03-16 00:20:49,293] {processor.py:654} INFO - DAG(s) dict_keys(['tutorial_taskflow_api_etl']) retrieved from /home/airflow/.local/lib/python3.7/site-packages/airflow/example_dags/tutorial_taskflow_api_etl.py
[2022-03-16 00:20:49,432] {logging_mixin.py:109} INFO - [2022-03-16 00:20:49,432] {dag.py:2398} INFO - Sync 1 DAGs
[2022-03-16 00:20:49,445] {logging_mixin.py:109} INFO - [2022-03-16 00:20:49,445] {dag.py:2937} INFO - Setting next_dagrun for tutorial_taskflow_api_etl to None
[2022-03-16 00:20:49,492] {processor.py:171} INFO - Processing /home/airflow/.local/lib/python3.7/site-packages/airflow/example_dags/tutorial_taskflow_api_etl.py took 0.236 seconds
[2022-03-16 00:21:19,675] {processor.py:163} INFO - Started process (PID=4692) to work on /home/airflow/.local/lib/python3.7/site-packages/airflow/example_dags/tutorial_taskflow_api_etl.py
[2022-03-16 00:21:19,752] {processor.py:642} INFO - Processing file /home/airflow/.local/lib/python3.7/site-packages/airflow/example_dags/tutorial_taskflow_api_etl.py for tasks to queue
[2022-03-16 00:21:19,753] {logging_mixin.py:109} INFO - [2022-03-16 00:21:19,753] {dagbag.py:500} INFO - Filling up the DagBag from /home/airflow/.local/lib/python3.7/site-packages/airflow/example_dags/tutorial_taskflow_api_etl.py
[2022-03-16 00:21:19,805] {processor.py:654} INFO - DAG(s) dict_keys(['tutorial_taskflow_api_etl']) retrieved from /home/airflow/.local/lib/python3.7/site-packages/airflow/example_dags/tutorial_taskflow_api_etl.py
[2022-03-16 00:21:19,944] {logging_mixin.py:109} INFO - [2022-03-16 00:21:19,944] {dag.py:2398} INFO - Sync 1 DAGs
[2022-03-16 00:21:19,954] {logging_mixin.py:109} INFO - [2022-03-16 00:21:19,954] {dag.py:2937} INFO - Setting next_dagrun for tutorial_taskflow_api_etl to None
[2022-03-16 00:21:20,773] {processor.py:171} INFO - Processing /home/airflow/.local/lib/python3.7/site-packages/airflow/example_dags/tutorial_taskflow_api_etl.py took 1.100 seconds
