[2022-03-16 00:00:00,333] {processor.py:163} INFO - Started process (PID=2180) to work on /home/airflow/.local/lib/python3.7/site-packages/airflow/example_dags/tutorial_etl_dag.py
[2022-03-16 00:00:00,333] {processor.py:642} INFO - Processing file /home/airflow/.local/lib/python3.7/site-packages/airflow/example_dags/tutorial_etl_dag.py for tasks to queue
[2022-03-16 00:00:00,333] {logging_mixin.py:109} INFO - [2022-03-16 00:00:00,333] {dagbag.py:500} INFO - Filling up the DagBag from /home/airflow/.local/lib/python3.7/site-packages/airflow/example_dags/tutorial_etl_dag.py
[2022-03-16 00:00:00,352] {processor.py:654} INFO - DAG(s) dict_keys(['tutorial_etl_dag']) retrieved from /home/airflow/.local/lib/python3.7/site-packages/airflow/example_dags/tutorial_etl_dag.py
[2022-03-16 00:00:00,358] {logging_mixin.py:109} INFO - [2022-03-16 00:00:00,358] {dag.py:2398} INFO - Sync 1 DAGs
[2022-03-16 00:00:00,368] {logging_mixin.py:109} INFO - [2022-03-16 00:00:00,368] {dag.py:2937} INFO - Setting next_dagrun for tutorial_etl_dag to None
[2022-03-16 00:00:00,451] {processor.py:171} INFO - Processing /home/airflow/.local/lib/python3.7/site-packages/airflow/example_dags/tutorial_etl_dag.py took 0.120 seconds
[2022-03-16 00:00:31,718] {processor.py:163} INFO - Started process (PID=2255) to work on /home/airflow/.local/lib/python3.7/site-packages/airflow/example_dags/tutorial_etl_dag.py
[2022-03-16 00:00:31,718] {processor.py:642} INFO - Processing file /home/airflow/.local/lib/python3.7/site-packages/airflow/example_dags/tutorial_etl_dag.py for tasks to queue
[2022-03-16 00:00:31,719] {logging_mixin.py:109} INFO - [2022-03-16 00:00:31,719] {dagbag.py:500} INFO - Filling up the DagBag from /home/airflow/.local/lib/python3.7/site-packages/airflow/example_dags/tutorial_etl_dag.py
[2022-03-16 00:00:31,738] {processor.py:654} INFO - DAG(s) dict_keys(['tutorial_etl_dag']) retrieved from /home/airflow/.local/lib/python3.7/site-packages/airflow/example_dags/tutorial_etl_dag.py
[2022-03-16 00:00:31,744] {logging_mixin.py:109} INFO - [2022-03-16 00:00:31,744] {dag.py:2398} INFO - Sync 1 DAGs
[2022-03-16 00:00:31,755] {logging_mixin.py:109} INFO - [2022-03-16 00:00:31,755] {dag.py:2937} INFO - Setting next_dagrun for tutorial_etl_dag to None
[2022-03-16 00:00:31,839] {processor.py:171} INFO - Processing /home/airflow/.local/lib/python3.7/site-packages/airflow/example_dags/tutorial_etl_dag.py took 0.123 seconds
[2022-03-16 00:01:04,759] {processor.py:163} INFO - Started process (PID=2324) to work on /home/airflow/.local/lib/python3.7/site-packages/airflow/example_dags/tutorial_etl_dag.py
[2022-03-16 00:01:04,760] {processor.py:642} INFO - Processing file /home/airflow/.local/lib/python3.7/site-packages/airflow/example_dags/tutorial_etl_dag.py for tasks to queue
[2022-03-16 00:01:04,761] {logging_mixin.py:109} INFO - [2022-03-16 00:01:04,761] {dagbag.py:500} INFO - Filling up the DagBag from /home/airflow/.local/lib/python3.7/site-packages/airflow/example_dags/tutorial_etl_dag.py
[2022-03-16 00:01:04,783] {processor.py:654} INFO - DAG(s) dict_keys(['tutorial_etl_dag']) retrieved from /home/airflow/.local/lib/python3.7/site-packages/airflow/example_dags/tutorial_etl_dag.py
[2022-03-16 00:01:04,789] {logging_mixin.py:109} INFO - [2022-03-16 00:01:04,789] {dag.py:2398} INFO - Sync 1 DAGs
[2022-03-16 00:01:04,799] {logging_mixin.py:109} INFO - [2022-03-16 00:01:04,799] {dag.py:2937} INFO - Setting next_dagrun for tutorial_etl_dag to None
[2022-03-16 00:01:04,856] {processor.py:171} INFO - Processing /home/airflow/.local/lib/python3.7/site-packages/airflow/example_dags/tutorial_etl_dag.py took 0.101 seconds
[2022-03-16 00:01:35,066] {processor.py:163} INFO - Started process (PID=2373) to work on /home/airflow/.local/lib/python3.7/site-packages/airflow/example_dags/tutorial_etl_dag.py
[2022-03-16 00:01:35,068] {processor.py:642} INFO - Processing file /home/airflow/.local/lib/python3.7/site-packages/airflow/example_dags/tutorial_etl_dag.py for tasks to queue
[2022-03-16 00:01:35,070] {logging_mixin.py:109} INFO - [2022-03-16 00:01:35,069] {dagbag.py:500} INFO - Filling up the DagBag from /home/airflow/.local/lib/python3.7/site-packages/airflow/example_dags/tutorial_etl_dag.py
[2022-03-16 00:01:35,104] {processor.py:654} INFO - DAG(s) dict_keys(['tutorial_etl_dag']) retrieved from /home/airflow/.local/lib/python3.7/site-packages/airflow/example_dags/tutorial_etl_dag.py
[2022-03-16 00:01:35,113] {logging_mixin.py:109} INFO - [2022-03-16 00:01:35,113] {dag.py:2398} INFO - Sync 1 DAGs
[2022-03-16 00:01:35,128] {logging_mixin.py:109} INFO - [2022-03-16 00:01:35,127] {dag.py:2937} INFO - Setting next_dagrun for tutorial_etl_dag to None
[2022-03-16 00:01:35,337] {processor.py:171} INFO - Processing /home/airflow/.local/lib/python3.7/site-packages/airflow/example_dags/tutorial_etl_dag.py took 0.278 seconds
[2022-03-16 00:02:05,482] {processor.py:163} INFO - Started process (PID=2427) to work on /home/airflow/.local/lib/python3.7/site-packages/airflow/example_dags/tutorial_etl_dag.py
[2022-03-16 00:02:05,483] {processor.py:642} INFO - Processing file /home/airflow/.local/lib/python3.7/site-packages/airflow/example_dags/tutorial_etl_dag.py for tasks to queue
[2022-03-16 00:02:05,483] {logging_mixin.py:109} INFO - [2022-03-16 00:02:05,483] {dagbag.py:500} INFO - Filling up the DagBag from /home/airflow/.local/lib/python3.7/site-packages/airflow/example_dags/tutorial_etl_dag.py
[2022-03-16 00:02:05,501] {processor.py:654} INFO - DAG(s) dict_keys(['tutorial_etl_dag']) retrieved from /home/airflow/.local/lib/python3.7/site-packages/airflow/example_dags/tutorial_etl_dag.py
[2022-03-16 00:02:05,507] {logging_mixin.py:109} INFO - [2022-03-16 00:02:05,507] {dag.py:2398} INFO - Sync 1 DAGs
[2022-03-16 00:02:05,518] {logging_mixin.py:109} INFO - [2022-03-16 00:02:05,518] {dag.py:2937} INFO - Setting next_dagrun for tutorial_etl_dag to None
[2022-03-16 00:02:05,563] {processor.py:171} INFO - Processing /home/airflow/.local/lib/python3.7/site-packages/airflow/example_dags/tutorial_etl_dag.py took 0.082 seconds
[2022-03-16 00:02:36,225] {processor.py:163} INFO - Started process (PID=2499) to work on /home/airflow/.local/lib/python3.7/site-packages/airflow/example_dags/tutorial_etl_dag.py
[2022-03-16 00:02:36,226] {processor.py:642} INFO - Processing file /home/airflow/.local/lib/python3.7/site-packages/airflow/example_dags/tutorial_etl_dag.py for tasks to queue
[2022-03-16 00:02:36,227] {logging_mixin.py:109} INFO - [2022-03-16 00:02:36,227] {dagbag.py:500} INFO - Filling up the DagBag from /home/airflow/.local/lib/python3.7/site-packages/airflow/example_dags/tutorial_etl_dag.py
[2022-03-16 00:02:36,247] {processor.py:654} INFO - DAG(s) dict_keys(['tutorial_etl_dag']) retrieved from /home/airflow/.local/lib/python3.7/site-packages/airflow/example_dags/tutorial_etl_dag.py
[2022-03-16 00:02:36,255] {logging_mixin.py:109} INFO - [2022-03-16 00:02:36,255] {dag.py:2398} INFO - Sync 1 DAGs
[2022-03-16 00:02:36,270] {logging_mixin.py:109} INFO - [2022-03-16 00:02:36,270] {dag.py:2937} INFO - Setting next_dagrun for tutorial_etl_dag to None
[2022-03-16 00:02:36,387] {processor.py:171} INFO - Processing /home/airflow/.local/lib/python3.7/site-packages/airflow/example_dags/tutorial_etl_dag.py took 0.163 seconds
[2022-03-16 00:03:06,512] {processor.py:163} INFO - Started process (PID=2560) to work on /home/airflow/.local/lib/python3.7/site-packages/airflow/example_dags/tutorial_etl_dag.py
[2022-03-16 00:03:06,513] {processor.py:642} INFO - Processing file /home/airflow/.local/lib/python3.7/site-packages/airflow/example_dags/tutorial_etl_dag.py for tasks to queue
[2022-03-16 00:03:06,513] {logging_mixin.py:109} INFO - [2022-03-16 00:03:06,513] {dagbag.py:500} INFO - Filling up the DagBag from /home/airflow/.local/lib/python3.7/site-packages/airflow/example_dags/tutorial_etl_dag.py
[2022-03-16 00:03:06,537] {processor.py:654} INFO - DAG(s) dict_keys(['tutorial_etl_dag']) retrieved from /home/airflow/.local/lib/python3.7/site-packages/airflow/example_dags/tutorial_etl_dag.py
[2022-03-16 00:03:06,543] {logging_mixin.py:109} INFO - [2022-03-16 00:03:06,543] {dag.py:2398} INFO - Sync 1 DAGs
[2022-03-16 00:03:06,555] {logging_mixin.py:109} INFO - [2022-03-16 00:03:06,555] {dag.py:2937} INFO - Setting next_dagrun for tutorial_etl_dag to None
[2022-03-16 00:03:06,628] {processor.py:171} INFO - Processing /home/airflow/.local/lib/python3.7/site-packages/airflow/example_dags/tutorial_etl_dag.py took 0.119 seconds
[2022-03-16 00:03:37,982] {processor.py:163} INFO - Started process (PID=2619) to work on /home/airflow/.local/lib/python3.7/site-packages/airflow/example_dags/tutorial_etl_dag.py
[2022-03-16 00:03:37,992] {processor.py:642} INFO - Processing file /home/airflow/.local/lib/python3.7/site-packages/airflow/example_dags/tutorial_etl_dag.py for tasks to queue
[2022-03-16 00:03:37,993] {logging_mixin.py:109} INFO - [2022-03-16 00:03:37,993] {dagbag.py:500} INFO - Filling up the DagBag from /home/airflow/.local/lib/python3.7/site-packages/airflow/example_dags/tutorial_etl_dag.py
[2022-03-16 00:03:38,029] {processor.py:654} INFO - DAG(s) dict_keys(['tutorial_etl_dag']) retrieved from /home/airflow/.local/lib/python3.7/site-packages/airflow/example_dags/tutorial_etl_dag.py
[2022-03-16 00:03:38,036] {logging_mixin.py:109} INFO - [2022-03-16 00:03:38,036] {dag.py:2398} INFO - Sync 1 DAGs
[2022-03-16 00:03:38,048] {logging_mixin.py:109} INFO - [2022-03-16 00:03:38,048] {dag.py:2937} INFO - Setting next_dagrun for tutorial_etl_dag to None
[2022-03-16 00:03:38,093] {processor.py:171} INFO - Processing /home/airflow/.local/lib/python3.7/site-packages/airflow/example_dags/tutorial_etl_dag.py took 0.115 seconds
[2022-03-16 00:04:09,126] {processor.py:163} INFO - Started process (PID=2672) to work on /home/airflow/.local/lib/python3.7/site-packages/airflow/example_dags/tutorial_etl_dag.py
[2022-03-16 00:04:09,135] {processor.py:642} INFO - Processing file /home/airflow/.local/lib/python3.7/site-packages/airflow/example_dags/tutorial_etl_dag.py for tasks to queue
[2022-03-16 00:04:09,136] {logging_mixin.py:109} INFO - [2022-03-16 00:04:09,136] {dagbag.py:500} INFO - Filling up the DagBag from /home/airflow/.local/lib/python3.7/site-packages/airflow/example_dags/tutorial_etl_dag.py
[2022-03-16 00:04:09,161] {processor.py:654} INFO - DAG(s) dict_keys(['tutorial_etl_dag']) retrieved from /home/airflow/.local/lib/python3.7/site-packages/airflow/example_dags/tutorial_etl_dag.py
[2022-03-16 00:04:09,169] {logging_mixin.py:109} INFO - [2022-03-16 00:04:09,169] {dag.py:2398} INFO - Sync 1 DAGs
[2022-03-16 00:04:09,185] {logging_mixin.py:109} INFO - [2022-03-16 00:04:09,185] {dag.py:2937} INFO - Setting next_dagrun for tutorial_etl_dag to None
[2022-03-16 00:04:09,278] {processor.py:171} INFO - Processing /home/airflow/.local/lib/python3.7/site-packages/airflow/example_dags/tutorial_etl_dag.py took 0.155 seconds
[2022-03-16 00:04:41,133] {processor.py:163} INFO - Started process (PID=2745) to work on /home/airflow/.local/lib/python3.7/site-packages/airflow/example_dags/tutorial_etl_dag.py
[2022-03-16 00:04:41,143] {processor.py:642} INFO - Processing file /home/airflow/.local/lib/python3.7/site-packages/airflow/example_dags/tutorial_etl_dag.py for tasks to queue
[2022-03-16 00:04:41,143] {logging_mixin.py:109} INFO - [2022-03-16 00:04:41,143] {dagbag.py:500} INFO - Filling up the DagBag from /home/airflow/.local/lib/python3.7/site-packages/airflow/example_dags/tutorial_etl_dag.py
[2022-03-16 00:04:41,164] {processor.py:654} INFO - DAG(s) dict_keys(['tutorial_etl_dag']) retrieved from /home/airflow/.local/lib/python3.7/site-packages/airflow/example_dags/tutorial_etl_dag.py
[2022-03-16 00:04:41,171] {logging_mixin.py:109} INFO - [2022-03-16 00:04:41,170] {dag.py:2398} INFO - Sync 1 DAGs
[2022-03-16 00:04:41,183] {logging_mixin.py:109} INFO - [2022-03-16 00:04:41,183] {dag.py:2937} INFO - Setting next_dagrun for tutorial_etl_dag to None
[2022-03-16 00:04:41,236] {processor.py:171} INFO - Processing /home/airflow/.local/lib/python3.7/site-packages/airflow/example_dags/tutorial_etl_dag.py took 0.105 seconds
[2022-03-16 00:05:11,895] {processor.py:163} INFO - Started process (PID=2803) to work on /home/airflow/.local/lib/python3.7/site-packages/airflow/example_dags/tutorial_etl_dag.py
[2022-03-16 00:05:11,902] {processor.py:642} INFO - Processing file /home/airflow/.local/lib/python3.7/site-packages/airflow/example_dags/tutorial_etl_dag.py for tasks to queue
[2022-03-16 00:05:11,902] {logging_mixin.py:109} INFO - [2022-03-16 00:05:11,902] {dagbag.py:500} INFO - Filling up the DagBag from /home/airflow/.local/lib/python3.7/site-packages/airflow/example_dags/tutorial_etl_dag.py
[2022-03-16 00:05:11,920] {processor.py:654} INFO - DAG(s) dict_keys(['tutorial_etl_dag']) retrieved from /home/airflow/.local/lib/python3.7/site-packages/airflow/example_dags/tutorial_etl_dag.py
[2022-03-16 00:05:11,926] {logging_mixin.py:109} INFO - [2022-03-16 00:05:11,926] {dag.py:2398} INFO - Sync 1 DAGs
[2022-03-16 00:05:11,936] {logging_mixin.py:109} INFO - [2022-03-16 00:05:11,936] {dag.py:2937} INFO - Setting next_dagrun for tutorial_etl_dag to None
[2022-03-16 00:05:14,217] {processor.py:171} INFO - Processing /home/airflow/.local/lib/python3.7/site-packages/airflow/example_dags/tutorial_etl_dag.py took 2.324 seconds
[2022-03-16 00:05:44,387] {processor.py:163} INFO - Started process (PID=2862) to work on /home/airflow/.local/lib/python3.7/site-packages/airflow/example_dags/tutorial_etl_dag.py
[2022-03-16 00:05:44,401] {processor.py:642} INFO - Processing file /home/airflow/.local/lib/python3.7/site-packages/airflow/example_dags/tutorial_etl_dag.py for tasks to queue
[2022-03-16 00:05:44,402] {logging_mixin.py:109} INFO - [2022-03-16 00:05:44,401] {dagbag.py:500} INFO - Filling up the DagBag from /home/airflow/.local/lib/python3.7/site-packages/airflow/example_dags/tutorial_etl_dag.py
[2022-03-16 00:05:44,424] {processor.py:654} INFO - DAG(s) dict_keys(['tutorial_etl_dag']) retrieved from /home/airflow/.local/lib/python3.7/site-packages/airflow/example_dags/tutorial_etl_dag.py
[2022-03-16 00:05:44,430] {logging_mixin.py:109} INFO - [2022-03-16 00:05:44,430] {dag.py:2398} INFO - Sync 1 DAGs
[2022-03-16 00:05:44,442] {logging_mixin.py:109} INFO - [2022-03-16 00:05:44,442] {dag.py:2937} INFO - Setting next_dagrun for tutorial_etl_dag to None
[2022-03-16 00:05:44,655] {processor.py:171} INFO - Processing /home/airflow/.local/lib/python3.7/site-packages/airflow/example_dags/tutorial_etl_dag.py took 0.270 seconds
[2022-03-16 00:06:14,692] {processor.py:163} INFO - Started process (PID=2919) to work on /home/airflow/.local/lib/python3.7/site-packages/airflow/example_dags/tutorial_etl_dag.py
[2022-03-16 00:06:14,701] {processor.py:642} INFO - Processing file /home/airflow/.local/lib/python3.7/site-packages/airflow/example_dags/tutorial_etl_dag.py for tasks to queue
[2022-03-16 00:06:14,701] {logging_mixin.py:109} INFO - [2022-03-16 00:06:14,701] {dagbag.py:500} INFO - Filling up the DagBag from /home/airflow/.local/lib/python3.7/site-packages/airflow/example_dags/tutorial_etl_dag.py
[2022-03-16 00:06:14,723] {processor.py:654} INFO - DAG(s) dict_keys(['tutorial_etl_dag']) retrieved from /home/airflow/.local/lib/python3.7/site-packages/airflow/example_dags/tutorial_etl_dag.py
[2022-03-16 00:06:14,732] {logging_mixin.py:109} INFO - [2022-03-16 00:06:14,732] {dag.py:2398} INFO - Sync 1 DAGs
[2022-03-16 00:06:14,748] {logging_mixin.py:109} INFO - [2022-03-16 00:06:14,748] {dag.py:2937} INFO - Setting next_dagrun for tutorial_etl_dag to None
[2022-03-16 00:06:14,822] {processor.py:171} INFO - Processing /home/airflow/.local/lib/python3.7/site-packages/airflow/example_dags/tutorial_etl_dag.py took 0.131 seconds
[2022-03-16 00:06:45,586] {processor.py:163} INFO - Started process (PID=2993) to work on /home/airflow/.local/lib/python3.7/site-packages/airflow/example_dags/tutorial_etl_dag.py
[2022-03-16 00:06:45,613] {processor.py:642} INFO - Processing file /home/airflow/.local/lib/python3.7/site-packages/airflow/example_dags/tutorial_etl_dag.py for tasks to queue
[2022-03-16 00:06:45,613] {logging_mixin.py:109} INFO - [2022-03-16 00:06:45,613] {dagbag.py:500} INFO - Filling up the DagBag from /home/airflow/.local/lib/python3.7/site-packages/airflow/example_dags/tutorial_etl_dag.py
[2022-03-16 00:06:45,633] {processor.py:654} INFO - DAG(s) dict_keys(['tutorial_etl_dag']) retrieved from /home/airflow/.local/lib/python3.7/site-packages/airflow/example_dags/tutorial_etl_dag.py
[2022-03-16 00:06:45,639] {logging_mixin.py:109} INFO - [2022-03-16 00:06:45,639] {dag.py:2398} INFO - Sync 1 DAGs
[2022-03-16 00:06:45,651] {logging_mixin.py:109} INFO - [2022-03-16 00:06:45,650] {dag.py:2937} INFO - Setting next_dagrun for tutorial_etl_dag to None
[2022-03-16 00:06:46,354] {processor.py:171} INFO - Processing /home/airflow/.local/lib/python3.7/site-packages/airflow/example_dags/tutorial_etl_dag.py took 0.769 seconds
[2022-03-16 00:07:17,019] {processor.py:163} INFO - Started process (PID=3048) to work on /home/airflow/.local/lib/python3.7/site-packages/airflow/example_dags/tutorial_etl_dag.py
[2022-03-16 00:07:17,026] {processor.py:642} INFO - Processing file /home/airflow/.local/lib/python3.7/site-packages/airflow/example_dags/tutorial_etl_dag.py for tasks to queue
[2022-03-16 00:07:17,026] {logging_mixin.py:109} INFO - [2022-03-16 00:07:17,026] {dagbag.py:500} INFO - Filling up the DagBag from /home/airflow/.local/lib/python3.7/site-packages/airflow/example_dags/tutorial_etl_dag.py
[2022-03-16 00:07:17,045] {processor.py:654} INFO - DAG(s) dict_keys(['tutorial_etl_dag']) retrieved from /home/airflow/.local/lib/python3.7/site-packages/airflow/example_dags/tutorial_etl_dag.py
[2022-03-16 00:07:17,051] {logging_mixin.py:109} INFO - [2022-03-16 00:07:17,051] {dag.py:2398} INFO - Sync 1 DAGs
[2022-03-16 00:07:17,062] {logging_mixin.py:109} INFO - [2022-03-16 00:07:17,062] {dag.py:2937} INFO - Setting next_dagrun for tutorial_etl_dag to None
[2022-03-16 00:07:17,107] {processor.py:171} INFO - Processing /home/airflow/.local/lib/python3.7/site-packages/airflow/example_dags/tutorial_etl_dag.py took 0.089 seconds
[2022-03-16 00:07:47,318] {processor.py:163} INFO - Started process (PID=3106) to work on /home/airflow/.local/lib/python3.7/site-packages/airflow/example_dags/tutorial_etl_dag.py
[2022-03-16 00:07:47,358] {processor.py:642} INFO - Processing file /home/airflow/.local/lib/python3.7/site-packages/airflow/example_dags/tutorial_etl_dag.py for tasks to queue
[2022-03-16 00:07:47,359] {logging_mixin.py:109} INFO - [2022-03-16 00:07:47,359] {dagbag.py:500} INFO - Filling up the DagBag from /home/airflow/.local/lib/python3.7/site-packages/airflow/example_dags/tutorial_etl_dag.py
[2022-03-16 00:07:47,384] {processor.py:654} INFO - DAG(s) dict_keys(['tutorial_etl_dag']) retrieved from /home/airflow/.local/lib/python3.7/site-packages/airflow/example_dags/tutorial_etl_dag.py
[2022-03-16 00:07:47,391] {logging_mixin.py:109} INFO - [2022-03-16 00:07:47,390] {dag.py:2398} INFO - Sync 1 DAGs
[2022-03-16 00:07:47,408] {logging_mixin.py:109} INFO - [2022-03-16 00:07:47,408] {dag.py:2937} INFO - Setting next_dagrun for tutorial_etl_dag to None
[2022-03-16 00:07:48,440] {processor.py:171} INFO - Processing /home/airflow/.local/lib/python3.7/site-packages/airflow/example_dags/tutorial_etl_dag.py took 1.125 seconds
[2022-03-16 00:08:19,006] {processor.py:163} INFO - Started process (PID=3164) to work on /home/airflow/.local/lib/python3.7/site-packages/airflow/example_dags/tutorial_etl_dag.py
[2022-03-16 00:08:19,016] {processor.py:642} INFO - Processing file /home/airflow/.local/lib/python3.7/site-packages/airflow/example_dags/tutorial_etl_dag.py for tasks to queue
[2022-03-16 00:08:19,016] {logging_mixin.py:109} INFO - [2022-03-16 00:08:19,016] {dagbag.py:500} INFO - Filling up the DagBag from /home/airflow/.local/lib/python3.7/site-packages/airflow/example_dags/tutorial_etl_dag.py
[2022-03-16 00:08:19,036] {processor.py:654} INFO - DAG(s) dict_keys(['tutorial_etl_dag']) retrieved from /home/airflow/.local/lib/python3.7/site-packages/airflow/example_dags/tutorial_etl_dag.py
[2022-03-16 00:08:19,043] {logging_mixin.py:109} INFO - [2022-03-16 00:08:19,043] {dag.py:2398} INFO - Sync 1 DAGs
[2022-03-16 00:08:19,053] {logging_mixin.py:109} INFO - [2022-03-16 00:08:19,053] {dag.py:2937} INFO - Setting next_dagrun for tutorial_etl_dag to None
[2022-03-16 00:08:19,130] {processor.py:171} INFO - Processing /home/airflow/.local/lib/python3.7/site-packages/airflow/example_dags/tutorial_etl_dag.py took 0.126 seconds
[2022-03-16 00:08:49,765] {processor.py:163} INFO - Started process (PID=3229) to work on /home/airflow/.local/lib/python3.7/site-packages/airflow/example_dags/tutorial_etl_dag.py
[2022-03-16 00:08:49,769] {processor.py:642} INFO - Processing file /home/airflow/.local/lib/python3.7/site-packages/airflow/example_dags/tutorial_etl_dag.py for tasks to queue
[2022-03-16 00:08:49,770] {logging_mixin.py:109} INFO - [2022-03-16 00:08:49,770] {dagbag.py:500} INFO - Filling up the DagBag from /home/airflow/.local/lib/python3.7/site-packages/airflow/example_dags/tutorial_etl_dag.py
[2022-03-16 00:08:49,788] {processor.py:654} INFO - DAG(s) dict_keys(['tutorial_etl_dag']) retrieved from /home/airflow/.local/lib/python3.7/site-packages/airflow/example_dags/tutorial_etl_dag.py
[2022-03-16 00:08:49,794] {logging_mixin.py:109} INFO - [2022-03-16 00:08:49,794] {dag.py:2398} INFO - Sync 1 DAGs
[2022-03-16 00:08:49,805] {logging_mixin.py:109} INFO - [2022-03-16 00:08:49,805] {dag.py:2937} INFO - Setting next_dagrun for tutorial_etl_dag to None
[2022-03-16 00:08:49,856] {processor.py:171} INFO - Processing /home/airflow/.local/lib/python3.7/site-packages/airflow/example_dags/tutorial_etl_dag.py took 0.093 seconds
[2022-03-16 00:09:21,110] {processor.py:163} INFO - Started process (PID=3292) to work on /home/airflow/.local/lib/python3.7/site-packages/airflow/example_dags/tutorial_etl_dag.py
[2022-03-16 00:09:21,118] {processor.py:642} INFO - Processing file /home/airflow/.local/lib/python3.7/site-packages/airflow/example_dags/tutorial_etl_dag.py for tasks to queue
[2022-03-16 00:09:21,119] {logging_mixin.py:109} INFO - [2022-03-16 00:09:21,119] {dagbag.py:500} INFO - Filling up the DagBag from /home/airflow/.local/lib/python3.7/site-packages/airflow/example_dags/tutorial_etl_dag.py
[2022-03-16 00:09:21,137] {processor.py:654} INFO - DAG(s) dict_keys(['tutorial_etl_dag']) retrieved from /home/airflow/.local/lib/python3.7/site-packages/airflow/example_dags/tutorial_etl_dag.py
[2022-03-16 00:09:21,143] {logging_mixin.py:109} INFO - [2022-03-16 00:09:21,143] {dag.py:2398} INFO - Sync 1 DAGs
[2022-03-16 00:09:21,154] {logging_mixin.py:109} INFO - [2022-03-16 00:09:21,153] {dag.py:2937} INFO - Setting next_dagrun for tutorial_etl_dag to None
[2022-03-16 00:09:21,237] {processor.py:171} INFO - Processing /home/airflow/.local/lib/python3.7/site-packages/airflow/example_dags/tutorial_etl_dag.py took 0.129 seconds
[2022-03-16 00:09:52,461] {processor.py:163} INFO - Started process (PID=3342) to work on /home/airflow/.local/lib/python3.7/site-packages/airflow/example_dags/tutorial_etl_dag.py
[2022-03-16 00:09:52,470] {processor.py:642} INFO - Processing file /home/airflow/.local/lib/python3.7/site-packages/airflow/example_dags/tutorial_etl_dag.py for tasks to queue
[2022-03-16 00:09:52,470] {logging_mixin.py:109} INFO - [2022-03-16 00:09:52,470] {dagbag.py:500} INFO - Filling up the DagBag from /home/airflow/.local/lib/python3.7/site-packages/airflow/example_dags/tutorial_etl_dag.py
[2022-03-16 00:09:52,494] {processor.py:654} INFO - DAG(s) dict_keys(['tutorial_etl_dag']) retrieved from /home/airflow/.local/lib/python3.7/site-packages/airflow/example_dags/tutorial_etl_dag.py
[2022-03-16 00:09:52,504] {logging_mixin.py:109} INFO - [2022-03-16 00:09:52,503] {dag.py:2398} INFO - Sync 1 DAGs
[2022-03-16 00:09:52,517] {logging_mixin.py:109} INFO - [2022-03-16 00:09:52,517] {dag.py:2937} INFO - Setting next_dagrun for tutorial_etl_dag to None
[2022-03-16 00:09:52,569] {processor.py:171} INFO - Processing /home/airflow/.local/lib/python3.7/site-packages/airflow/example_dags/tutorial_etl_dag.py took 0.110 seconds
[2022-03-16 00:10:23,474] {processor.py:163} INFO - Started process (PID=3408) to work on /home/airflow/.local/lib/python3.7/site-packages/airflow/example_dags/tutorial_etl_dag.py
[2022-03-16 00:10:23,475] {processor.py:642} INFO - Processing file /home/airflow/.local/lib/python3.7/site-packages/airflow/example_dags/tutorial_etl_dag.py for tasks to queue
[2022-03-16 00:10:23,476] {logging_mixin.py:109} INFO - [2022-03-16 00:10:23,476] {dagbag.py:500} INFO - Filling up the DagBag from /home/airflow/.local/lib/python3.7/site-packages/airflow/example_dags/tutorial_etl_dag.py
[2022-03-16 00:10:23,505] {processor.py:654} INFO - DAG(s) dict_keys(['tutorial_etl_dag']) retrieved from /home/airflow/.local/lib/python3.7/site-packages/airflow/example_dags/tutorial_etl_dag.py
[2022-03-16 00:10:23,512] {logging_mixin.py:109} INFO - [2022-03-16 00:10:23,512] {dag.py:2398} INFO - Sync 1 DAGs
[2022-03-16 00:10:23,524] {logging_mixin.py:109} INFO - [2022-03-16 00:10:23,524] {dag.py:2937} INFO - Setting next_dagrun for tutorial_etl_dag to None
[2022-03-16 00:10:23,570] {processor.py:171} INFO - Processing /home/airflow/.local/lib/python3.7/site-packages/airflow/example_dags/tutorial_etl_dag.py took 0.098 seconds
[2022-03-16 00:10:55,141] {processor.py:163} INFO - Started process (PID=3475) to work on /home/airflow/.local/lib/python3.7/site-packages/airflow/example_dags/tutorial_etl_dag.py
[2022-03-16 00:10:55,142] {processor.py:642} INFO - Processing file /home/airflow/.local/lib/python3.7/site-packages/airflow/example_dags/tutorial_etl_dag.py for tasks to queue
[2022-03-16 00:10:55,142] {logging_mixin.py:109} INFO - [2022-03-16 00:10:55,142] {dagbag.py:500} INFO - Filling up the DagBag from /home/airflow/.local/lib/python3.7/site-packages/airflow/example_dags/tutorial_etl_dag.py
[2022-03-16 00:10:55,160] {processor.py:654} INFO - DAG(s) dict_keys(['tutorial_etl_dag']) retrieved from /home/airflow/.local/lib/python3.7/site-packages/airflow/example_dags/tutorial_etl_dag.py
[2022-03-16 00:10:55,166] {logging_mixin.py:109} INFO - [2022-03-16 00:10:55,166] {dag.py:2398} INFO - Sync 1 DAGs
[2022-03-16 00:10:55,177] {logging_mixin.py:109} INFO - [2022-03-16 00:10:55,177] {dag.py:2937} INFO - Setting next_dagrun for tutorial_etl_dag to None
[2022-03-16 00:10:55,222] {processor.py:171} INFO - Processing /home/airflow/.local/lib/python3.7/site-packages/airflow/example_dags/tutorial_etl_dag.py took 0.083 seconds
[2022-03-16 00:11:26,828] {processor.py:163} INFO - Started process (PID=3536) to work on /home/airflow/.local/lib/python3.7/site-packages/airflow/example_dags/tutorial_etl_dag.py
[2022-03-16 00:11:26,829] {processor.py:642} INFO - Processing file /home/airflow/.local/lib/python3.7/site-packages/airflow/example_dags/tutorial_etl_dag.py for tasks to queue
[2022-03-16 00:11:26,829] {logging_mixin.py:109} INFO - [2022-03-16 00:11:26,829] {dagbag.py:500} INFO - Filling up the DagBag from /home/airflow/.local/lib/python3.7/site-packages/airflow/example_dags/tutorial_etl_dag.py
[2022-03-16 00:11:26,848] {processor.py:654} INFO - DAG(s) dict_keys(['tutorial_etl_dag']) retrieved from /home/airflow/.local/lib/python3.7/site-packages/airflow/example_dags/tutorial_etl_dag.py
[2022-03-16 00:11:26,854] {logging_mixin.py:109} INFO - [2022-03-16 00:11:26,854] {dag.py:2398} INFO - Sync 1 DAGs
[2022-03-16 00:11:26,865] {logging_mixin.py:109} INFO - [2022-03-16 00:11:26,865] {dag.py:2937} INFO - Setting next_dagrun for tutorial_etl_dag to None
[2022-03-16 00:11:26,904] {processor.py:171} INFO - Processing /home/airflow/.local/lib/python3.7/site-packages/airflow/example_dags/tutorial_etl_dag.py took 0.078 seconds
[2022-03-16 00:11:58,080] {processor.py:163} INFO - Started process (PID=3586) to work on /home/airflow/.local/lib/python3.7/site-packages/airflow/example_dags/tutorial_etl_dag.py
[2022-03-16 00:11:58,085] {processor.py:642} INFO - Processing file /home/airflow/.local/lib/python3.7/site-packages/airflow/example_dags/tutorial_etl_dag.py for tasks to queue
[2022-03-16 00:11:58,086] {logging_mixin.py:109} INFO - [2022-03-16 00:11:58,086] {dagbag.py:500} INFO - Filling up the DagBag from /home/airflow/.local/lib/python3.7/site-packages/airflow/example_dags/tutorial_etl_dag.py
[2022-03-16 00:11:58,110] {processor.py:654} INFO - DAG(s) dict_keys(['tutorial_etl_dag']) retrieved from /home/airflow/.local/lib/python3.7/site-packages/airflow/example_dags/tutorial_etl_dag.py
[2022-03-16 00:11:58,117] {logging_mixin.py:109} INFO - [2022-03-16 00:11:58,117] {dag.py:2398} INFO - Sync 1 DAGs
[2022-03-16 00:11:58,129] {logging_mixin.py:109} INFO - [2022-03-16 00:11:58,129] {dag.py:2937} INFO - Setting next_dagrun for tutorial_etl_dag to None
[2022-03-16 00:11:58,983] {processor.py:171} INFO - Processing /home/airflow/.local/lib/python3.7/site-packages/airflow/example_dags/tutorial_etl_dag.py took 0.905 seconds
[2022-03-16 00:12:29,311] {processor.py:163} INFO - Started process (PID=3649) to work on /home/airflow/.local/lib/python3.7/site-packages/airflow/example_dags/tutorial_etl_dag.py
[2022-03-16 00:12:29,319] {processor.py:642} INFO - Processing file /home/airflow/.local/lib/python3.7/site-packages/airflow/example_dags/tutorial_etl_dag.py for tasks to queue
[2022-03-16 00:12:29,320] {logging_mixin.py:109} INFO - [2022-03-16 00:12:29,319] {dagbag.py:500} INFO - Filling up the DagBag from /home/airflow/.local/lib/python3.7/site-packages/airflow/example_dags/tutorial_etl_dag.py
[2022-03-16 00:12:29,371] {processor.py:654} INFO - DAG(s) dict_keys(['tutorial_etl_dag']) retrieved from /home/airflow/.local/lib/python3.7/site-packages/airflow/example_dags/tutorial_etl_dag.py
[2022-03-16 00:12:29,384] {logging_mixin.py:109} INFO - [2022-03-16 00:12:29,384] {dag.py:2398} INFO - Sync 1 DAGs
[2022-03-16 00:12:29,413] {logging_mixin.py:109} INFO - [2022-03-16 00:12:29,413] {dag.py:2937} INFO - Setting next_dagrun for tutorial_etl_dag to None
[2022-03-16 00:12:29,468] {processor.py:171} INFO - Processing /home/airflow/.local/lib/python3.7/site-packages/airflow/example_dags/tutorial_etl_dag.py took 0.163 seconds
[2022-03-16 00:12:59,911] {processor.py:163} INFO - Started process (PID=3717) to work on /home/airflow/.local/lib/python3.7/site-packages/airflow/example_dags/tutorial_etl_dag.py
[2022-03-16 00:12:59,917] {processor.py:642} INFO - Processing file /home/airflow/.local/lib/python3.7/site-packages/airflow/example_dags/tutorial_etl_dag.py for tasks to queue
[2022-03-16 00:12:59,918] {logging_mixin.py:109} INFO - [2022-03-16 00:12:59,918] {dagbag.py:500} INFO - Filling up the DagBag from /home/airflow/.local/lib/python3.7/site-packages/airflow/example_dags/tutorial_etl_dag.py
[2022-03-16 00:12:59,969] {processor.py:654} INFO - DAG(s) dict_keys(['tutorial_etl_dag']) retrieved from /home/airflow/.local/lib/python3.7/site-packages/airflow/example_dags/tutorial_etl_dag.py
[2022-03-16 00:12:59,985] {logging_mixin.py:109} INFO - [2022-03-16 00:12:59,985] {dag.py:2398} INFO - Sync 1 DAGs
[2022-03-16 00:13:00,008] {logging_mixin.py:109} INFO - [2022-03-16 00:13:00,008] {dag.py:2937} INFO - Setting next_dagrun for tutorial_etl_dag to None
[2022-03-16 00:13:00,059] {processor.py:171} INFO - Processing /home/airflow/.local/lib/python3.7/site-packages/airflow/example_dags/tutorial_etl_dag.py took 0.154 seconds
[2022-03-16 00:13:30,740] {processor.py:163} INFO - Started process (PID=3767) to work on /home/airflow/.local/lib/python3.7/site-packages/airflow/example_dags/tutorial_etl_dag.py
[2022-03-16 00:13:30,749] {processor.py:642} INFO - Processing file /home/airflow/.local/lib/python3.7/site-packages/airflow/example_dags/tutorial_etl_dag.py for tasks to queue
[2022-03-16 00:13:30,750] {logging_mixin.py:109} INFO - [2022-03-16 00:13:30,750] {dagbag.py:500} INFO - Filling up the DagBag from /home/airflow/.local/lib/python3.7/site-packages/airflow/example_dags/tutorial_etl_dag.py
[2022-03-16 00:13:30,800] {processor.py:654} INFO - DAG(s) dict_keys(['tutorial_etl_dag']) retrieved from /home/airflow/.local/lib/python3.7/site-packages/airflow/example_dags/tutorial_etl_dag.py
[2022-03-16 00:13:30,816] {logging_mixin.py:109} INFO - [2022-03-16 00:13:30,815] {dag.py:2398} INFO - Sync 1 DAGs
[2022-03-16 00:13:30,842] {logging_mixin.py:109} INFO - [2022-03-16 00:13:30,842] {dag.py:2937} INFO - Setting next_dagrun for tutorial_etl_dag to None
[2022-03-16 00:13:30,902] {processor.py:171} INFO - Processing /home/airflow/.local/lib/python3.7/site-packages/airflow/example_dags/tutorial_etl_dag.py took 0.165 seconds
[2022-03-16 00:14:01,022] {processor.py:163} INFO - Started process (PID=3825) to work on /home/airflow/.local/lib/python3.7/site-packages/airflow/example_dags/tutorial_etl_dag.py
[2022-03-16 00:14:01,025] {processor.py:642} INFO - Processing file /home/airflow/.local/lib/python3.7/site-packages/airflow/example_dags/tutorial_etl_dag.py for tasks to queue
[2022-03-16 00:14:01,026] {logging_mixin.py:109} INFO - [2022-03-16 00:14:01,026] {dagbag.py:500} INFO - Filling up the DagBag from /home/airflow/.local/lib/python3.7/site-packages/airflow/example_dags/tutorial_etl_dag.py
[2022-03-16 00:14:01,082] {processor.py:654} INFO - DAG(s) dict_keys(['tutorial_etl_dag']) retrieved from /home/airflow/.local/lib/python3.7/site-packages/airflow/example_dags/tutorial_etl_dag.py
[2022-03-16 00:14:01,092] {logging_mixin.py:109} INFO - [2022-03-16 00:14:01,091] {dag.py:2398} INFO - Sync 1 DAGs
[2022-03-16 00:14:01,108] {logging_mixin.py:109} INFO - [2022-03-16 00:14:01,108] {dag.py:2937} INFO - Setting next_dagrun for tutorial_etl_dag to None
[2022-03-16 00:14:01,158] {processor.py:171} INFO - Processing /home/airflow/.local/lib/python3.7/site-packages/airflow/example_dags/tutorial_etl_dag.py took 0.141 seconds
[2022-03-16 00:14:33,524] {processor.py:163} INFO - Started process (PID=3890) to work on /home/airflow/.local/lib/python3.7/site-packages/airflow/example_dags/tutorial_etl_dag.py
[2022-03-16 00:14:33,543] {processor.py:642} INFO - Processing file /home/airflow/.local/lib/python3.7/site-packages/airflow/example_dags/tutorial_etl_dag.py for tasks to queue
[2022-03-16 00:14:33,543] {logging_mixin.py:109} INFO - [2022-03-16 00:14:33,543] {dagbag.py:500} INFO - Filling up the DagBag from /home/airflow/.local/lib/python3.7/site-packages/airflow/example_dags/tutorial_etl_dag.py
[2022-03-16 00:14:33,565] {processor.py:654} INFO - DAG(s) dict_keys(['tutorial_etl_dag']) retrieved from /home/airflow/.local/lib/python3.7/site-packages/airflow/example_dags/tutorial_etl_dag.py
[2022-03-16 00:14:33,574] {logging_mixin.py:109} INFO - [2022-03-16 00:14:33,574] {dag.py:2398} INFO - Sync 1 DAGs
[2022-03-16 00:14:33,594] {logging_mixin.py:109} INFO - [2022-03-16 00:14:33,594] {dag.py:2937} INFO - Setting next_dagrun for tutorial_etl_dag to None
[2022-03-16 00:14:33,888] {processor.py:171} INFO - Processing /home/airflow/.local/lib/python3.7/site-packages/airflow/example_dags/tutorial_etl_dag.py took 0.367 seconds
[2022-03-16 00:15:03,995] {processor.py:163} INFO - Started process (PID=3951) to work on /home/airflow/.local/lib/python3.7/site-packages/airflow/example_dags/tutorial_etl_dag.py
[2022-03-16 00:15:04,021] {processor.py:642} INFO - Processing file /home/airflow/.local/lib/python3.7/site-packages/airflow/example_dags/tutorial_etl_dag.py for tasks to queue
[2022-03-16 00:15:04,021] {logging_mixin.py:109} INFO - [2022-03-16 00:15:04,021] {dagbag.py:500} INFO - Filling up the DagBag from /home/airflow/.local/lib/python3.7/site-packages/airflow/example_dags/tutorial_etl_dag.py
[2022-03-16 00:15:04,051] {processor.py:654} INFO - DAG(s) dict_keys(['tutorial_etl_dag']) retrieved from /home/airflow/.local/lib/python3.7/site-packages/airflow/example_dags/tutorial_etl_dag.py
[2022-03-16 00:15:04,059] {logging_mixin.py:109} INFO - [2022-03-16 00:15:04,059] {dag.py:2398} INFO - Sync 1 DAGs
[2022-03-16 00:15:04,074] {logging_mixin.py:109} INFO - [2022-03-16 00:15:04,074] {dag.py:2937} INFO - Setting next_dagrun for tutorial_etl_dag to None
[2022-03-16 00:15:04,114] {processor.py:171} INFO - Processing /home/airflow/.local/lib/python3.7/site-packages/airflow/example_dags/tutorial_etl_dag.py took 0.121 seconds
[2022-03-16 00:15:34,387] {processor.py:163} INFO - Started process (PID=4001) to work on /home/airflow/.local/lib/python3.7/site-packages/airflow/example_dags/tutorial_etl_dag.py
[2022-03-16 00:15:34,398] {processor.py:642} INFO - Processing file /home/airflow/.local/lib/python3.7/site-packages/airflow/example_dags/tutorial_etl_dag.py for tasks to queue
[2022-03-16 00:15:34,399] {logging_mixin.py:109} INFO - [2022-03-16 00:15:34,399] {dagbag.py:500} INFO - Filling up the DagBag from /home/airflow/.local/lib/python3.7/site-packages/airflow/example_dags/tutorial_etl_dag.py
[2022-03-16 00:15:34,423] {processor.py:654} INFO - DAG(s) dict_keys(['tutorial_etl_dag']) retrieved from /home/airflow/.local/lib/python3.7/site-packages/airflow/example_dags/tutorial_etl_dag.py
[2022-03-16 00:15:34,431] {logging_mixin.py:109} INFO - [2022-03-16 00:15:34,430] {dag.py:2398} INFO - Sync 1 DAGs
[2022-03-16 00:15:34,445] {logging_mixin.py:109} INFO - [2022-03-16 00:15:34,445] {dag.py:2937} INFO - Setting next_dagrun for tutorial_etl_dag to None
[2022-03-16 00:15:34,486] {processor.py:171} INFO - Processing /home/airflow/.local/lib/python3.7/site-packages/airflow/example_dags/tutorial_etl_dag.py took 0.105 seconds
[2022-03-16 00:16:04,634] {processor.py:163} INFO - Started process (PID=4062) to work on /home/airflow/.local/lib/python3.7/site-packages/airflow/example_dags/tutorial_etl_dag.py
[2022-03-16 00:16:04,643] {processor.py:642} INFO - Processing file /home/airflow/.local/lib/python3.7/site-packages/airflow/example_dags/tutorial_etl_dag.py for tasks to queue
[2022-03-16 00:16:04,644] {logging_mixin.py:109} INFO - [2022-03-16 00:16:04,644] {dagbag.py:500} INFO - Filling up the DagBag from /home/airflow/.local/lib/python3.7/site-packages/airflow/example_dags/tutorial_etl_dag.py
[2022-03-16 00:16:04,666] {processor.py:654} INFO - DAG(s) dict_keys(['tutorial_etl_dag']) retrieved from /home/airflow/.local/lib/python3.7/site-packages/airflow/example_dags/tutorial_etl_dag.py
[2022-03-16 00:16:04,672] {logging_mixin.py:109} INFO - [2022-03-16 00:16:04,672] {dag.py:2398} INFO - Sync 1 DAGs
[2022-03-16 00:16:04,687] {logging_mixin.py:109} INFO - [2022-03-16 00:16:04,687] {dag.py:2937} INFO - Setting next_dagrun for tutorial_etl_dag to None
[2022-03-16 00:16:04,744] {processor.py:171} INFO - Processing /home/airflow/.local/lib/python3.7/site-packages/airflow/example_dags/tutorial_etl_dag.py took 0.112 seconds
[2022-03-16 00:16:36,054] {processor.py:163} INFO - Started process (PID=4124) to work on /home/airflow/.local/lib/python3.7/site-packages/airflow/example_dags/tutorial_etl_dag.py
[2022-03-16 00:16:36,392] {processor.py:642} INFO - Processing file /home/airflow/.local/lib/python3.7/site-packages/airflow/example_dags/tutorial_etl_dag.py for tasks to queue
[2022-03-16 00:16:36,392] {logging_mixin.py:109} INFO - [2022-03-16 00:16:36,392] {dagbag.py:500} INFO - Filling up the DagBag from /home/airflow/.local/lib/python3.7/site-packages/airflow/example_dags/tutorial_etl_dag.py
[2022-03-16 00:16:36,416] {processor.py:654} INFO - DAG(s) dict_keys(['tutorial_etl_dag']) retrieved from /home/airflow/.local/lib/python3.7/site-packages/airflow/example_dags/tutorial_etl_dag.py
[2022-03-16 00:16:36,423] {logging_mixin.py:109} INFO - [2022-03-16 00:16:36,423] {dag.py:2398} INFO - Sync 1 DAGs
[2022-03-16 00:16:36,437] {logging_mixin.py:109} INFO - [2022-03-16 00:16:36,437] {dag.py:2937} INFO - Setting next_dagrun for tutorial_etl_dag to None
[2022-03-16 00:16:36,896] {processor.py:171} INFO - Processing /home/airflow/.local/lib/python3.7/site-packages/airflow/example_dags/tutorial_etl_dag.py took 0.844 seconds
[2022-03-16 00:17:07,075] {processor.py:163} INFO - Started process (PID=4193) to work on /home/airflow/.local/lib/python3.7/site-packages/airflow/example_dags/tutorial_etl_dag.py
[2022-03-16 00:17:07,079] {processor.py:642} INFO - Processing file /home/airflow/.local/lib/python3.7/site-packages/airflow/example_dags/tutorial_etl_dag.py for tasks to queue
[2022-03-16 00:17:07,080] {logging_mixin.py:109} INFO - [2022-03-16 00:17:07,080] {dagbag.py:500} INFO - Filling up the DagBag from /home/airflow/.local/lib/python3.7/site-packages/airflow/example_dags/tutorial_etl_dag.py
[2022-03-16 00:17:07,099] {processor.py:654} INFO - DAG(s) dict_keys(['tutorial_etl_dag']) retrieved from /home/airflow/.local/lib/python3.7/site-packages/airflow/example_dags/tutorial_etl_dag.py
[2022-03-16 00:17:07,106] {logging_mixin.py:109} INFO - [2022-03-16 00:17:07,105] {dag.py:2398} INFO - Sync 1 DAGs
[2022-03-16 00:17:07,118] {logging_mixin.py:109} INFO - [2022-03-16 00:17:07,118] {dag.py:2937} INFO - Setting next_dagrun for tutorial_etl_dag to None
[2022-03-16 00:17:07,177] {processor.py:171} INFO - Processing /home/airflow/.local/lib/python3.7/site-packages/airflow/example_dags/tutorial_etl_dag.py took 0.105 seconds
[2022-03-16 00:17:37,405] {processor.py:163} INFO - Started process (PID=4243) to work on /home/airflow/.local/lib/python3.7/site-packages/airflow/example_dags/tutorial_etl_dag.py
[2022-03-16 00:17:37,406] {processor.py:642} INFO - Processing file /home/airflow/.local/lib/python3.7/site-packages/airflow/example_dags/tutorial_etl_dag.py for tasks to queue
[2022-03-16 00:17:37,407] {logging_mixin.py:109} INFO - [2022-03-16 00:17:37,407] {dagbag.py:500} INFO - Filling up the DagBag from /home/airflow/.local/lib/python3.7/site-packages/airflow/example_dags/tutorial_etl_dag.py
[2022-03-16 00:17:37,431] {processor.py:654} INFO - DAG(s) dict_keys(['tutorial_etl_dag']) retrieved from /home/airflow/.local/lib/python3.7/site-packages/airflow/example_dags/tutorial_etl_dag.py
[2022-03-16 00:17:37,440] {logging_mixin.py:109} INFO - [2022-03-16 00:17:37,440] {dag.py:2398} INFO - Sync 1 DAGs
[2022-03-16 00:17:37,457] {logging_mixin.py:109} INFO - [2022-03-16 00:17:37,457] {dag.py:2937} INFO - Setting next_dagrun for tutorial_etl_dag to None
[2022-03-16 00:17:37,803] {processor.py:171} INFO - Processing /home/airflow/.local/lib/python3.7/site-packages/airflow/example_dags/tutorial_etl_dag.py took 0.400 seconds
[2022-03-16 00:18:08,516] {processor.py:163} INFO - Started process (PID=4305) to work on /home/airflow/.local/lib/python3.7/site-packages/airflow/example_dags/tutorial_etl_dag.py
[2022-03-16 00:18:08,517] {processor.py:642} INFO - Processing file /home/airflow/.local/lib/python3.7/site-packages/airflow/example_dags/tutorial_etl_dag.py for tasks to queue
[2022-03-16 00:18:08,517] {logging_mixin.py:109} INFO - [2022-03-16 00:18:08,517] {dagbag.py:500} INFO - Filling up the DagBag from /home/airflow/.local/lib/python3.7/site-packages/airflow/example_dags/tutorial_etl_dag.py
[2022-03-16 00:18:08,536] {processor.py:654} INFO - DAG(s) dict_keys(['tutorial_etl_dag']) retrieved from /home/airflow/.local/lib/python3.7/site-packages/airflow/example_dags/tutorial_etl_dag.py
[2022-03-16 00:18:08,543] {logging_mixin.py:109} INFO - [2022-03-16 00:18:08,543] {dag.py:2398} INFO - Sync 1 DAGs
[2022-03-16 00:18:08,555] {logging_mixin.py:109} INFO - [2022-03-16 00:18:08,555] {dag.py:2937} INFO - Setting next_dagrun for tutorial_etl_dag to None
[2022-03-16 00:18:08,595] {processor.py:171} INFO - Processing /home/airflow/.local/lib/python3.7/site-packages/airflow/example_dags/tutorial_etl_dag.py took 0.081 seconds
[2022-03-16 00:18:39,804] {processor.py:163} INFO - Started process (PID=4370) to work on /home/airflow/.local/lib/python3.7/site-packages/airflow/example_dags/tutorial_etl_dag.py
[2022-03-16 00:18:39,815] {processor.py:642} INFO - Processing file /home/airflow/.local/lib/python3.7/site-packages/airflow/example_dags/tutorial_etl_dag.py for tasks to queue
[2022-03-16 00:18:39,815] {logging_mixin.py:109} INFO - [2022-03-16 00:18:39,815] {dagbag.py:500} INFO - Filling up the DagBag from /home/airflow/.local/lib/python3.7/site-packages/airflow/example_dags/tutorial_etl_dag.py
[2022-03-16 00:18:39,835] {processor.py:654} INFO - DAG(s) dict_keys(['tutorial_etl_dag']) retrieved from /home/airflow/.local/lib/python3.7/site-packages/airflow/example_dags/tutorial_etl_dag.py
[2022-03-16 00:18:39,841] {logging_mixin.py:109} INFO - [2022-03-16 00:18:39,841] {dag.py:2398} INFO - Sync 1 DAGs
[2022-03-16 00:18:39,853] {logging_mixin.py:109} INFO - [2022-03-16 00:18:39,853] {dag.py:2937} INFO - Setting next_dagrun for tutorial_etl_dag to None
[2022-03-16 00:18:40,525] {processor.py:171} INFO - Processing /home/airflow/.local/lib/python3.7/site-packages/airflow/example_dags/tutorial_etl_dag.py took 0.723 seconds
[2022-03-16 00:19:10,817] {processor.py:163} INFO - Started process (PID=4438) to work on /home/airflow/.local/lib/python3.7/site-packages/airflow/example_dags/tutorial_etl_dag.py
[2022-03-16 00:19:10,829] {processor.py:642} INFO - Processing file /home/airflow/.local/lib/python3.7/site-packages/airflow/example_dags/tutorial_etl_dag.py for tasks to queue
[2022-03-16 00:19:10,829] {logging_mixin.py:109} INFO - [2022-03-16 00:19:10,829] {dagbag.py:500} INFO - Filling up the DagBag from /home/airflow/.local/lib/python3.7/site-packages/airflow/example_dags/tutorial_etl_dag.py
[2022-03-16 00:19:10,853] {processor.py:654} INFO - DAG(s) dict_keys(['tutorial_etl_dag']) retrieved from /home/airflow/.local/lib/python3.7/site-packages/airflow/example_dags/tutorial_etl_dag.py
[2022-03-16 00:19:10,859] {logging_mixin.py:109} INFO - [2022-03-16 00:19:10,859] {dag.py:2398} INFO - Sync 1 DAGs
[2022-03-16 00:19:10,871] {logging_mixin.py:109} INFO - [2022-03-16 00:19:10,870] {dag.py:2937} INFO - Setting next_dagrun for tutorial_etl_dag to None
[2022-03-16 00:19:10,918] {processor.py:171} INFO - Processing /home/airflow/.local/lib/python3.7/site-packages/airflow/example_dags/tutorial_etl_dag.py took 0.103 seconds
[2022-03-16 00:19:41,442] {processor.py:163} INFO - Started process (PID=4488) to work on /home/airflow/.local/lib/python3.7/site-packages/airflow/example_dags/tutorial_etl_dag.py
[2022-03-16 00:19:41,455] {processor.py:642} INFO - Processing file /home/airflow/.local/lib/python3.7/site-packages/airflow/example_dags/tutorial_etl_dag.py for tasks to queue
[2022-03-16 00:19:41,456] {logging_mixin.py:109} INFO - [2022-03-16 00:19:41,456] {dagbag.py:500} INFO - Filling up the DagBag from /home/airflow/.local/lib/python3.7/site-packages/airflow/example_dags/tutorial_etl_dag.py
[2022-03-16 00:19:41,477] {processor.py:654} INFO - DAG(s) dict_keys(['tutorial_etl_dag']) retrieved from /home/airflow/.local/lib/python3.7/site-packages/airflow/example_dags/tutorial_etl_dag.py
[2022-03-16 00:19:41,483] {logging_mixin.py:109} INFO - [2022-03-16 00:19:41,483] {dag.py:2398} INFO - Sync 1 DAGs
[2022-03-16 00:19:41,494] {logging_mixin.py:109} INFO - [2022-03-16 00:19:41,493] {dag.py:2937} INFO - Setting next_dagrun for tutorial_etl_dag to None
[2022-03-16 00:19:41,625] {processor.py:171} INFO - Processing /home/airflow/.local/lib/python3.7/site-packages/airflow/example_dags/tutorial_etl_dag.py took 0.184 seconds
[2022-03-16 00:20:12,775] {processor.py:163} INFO - Started process (PID=4552) to work on /home/airflow/.local/lib/python3.7/site-packages/airflow/example_dags/tutorial_etl_dag.py
[2022-03-16 00:20:12,811] {processor.py:642} INFO - Processing file /home/airflow/.local/lib/python3.7/site-packages/airflow/example_dags/tutorial_etl_dag.py for tasks to queue
[2022-03-16 00:20:12,811] {logging_mixin.py:109} INFO - [2022-03-16 00:20:12,811] {dagbag.py:500} INFO - Filling up the DagBag from /home/airflow/.local/lib/python3.7/site-packages/airflow/example_dags/tutorial_etl_dag.py
[2022-03-16 00:20:12,830] {processor.py:654} INFO - DAG(s) dict_keys(['tutorial_etl_dag']) retrieved from /home/airflow/.local/lib/python3.7/site-packages/airflow/example_dags/tutorial_etl_dag.py
[2022-03-16 00:20:12,838] {logging_mixin.py:109} INFO - [2022-03-16 00:20:12,838] {dag.py:2398} INFO - Sync 1 DAGs
[2022-03-16 00:20:12,849] {logging_mixin.py:109} INFO - [2022-03-16 00:20:12,848] {dag.py:2937} INFO - Setting next_dagrun for tutorial_etl_dag to None
[2022-03-16 00:20:12,913] {processor.py:171} INFO - Processing /home/airflow/.local/lib/python3.7/site-packages/airflow/example_dags/tutorial_etl_dag.py took 0.139 seconds
[2022-03-16 00:20:42,997] {processor.py:163} INFO - Started process (PID=4616) to work on /home/airflow/.local/lib/python3.7/site-packages/airflow/example_dags/tutorial_etl_dag.py
[2022-03-16 00:20:43,008] {processor.py:642} INFO - Processing file /home/airflow/.local/lib/python3.7/site-packages/airflow/example_dags/tutorial_etl_dag.py for tasks to queue
[2022-03-16 00:20:43,008] {logging_mixin.py:109} INFO - [2022-03-16 00:20:43,008] {dagbag.py:500} INFO - Filling up the DagBag from /home/airflow/.local/lib/python3.7/site-packages/airflow/example_dags/tutorial_etl_dag.py
[2022-03-16 00:20:43,031] {processor.py:654} INFO - DAG(s) dict_keys(['tutorial_etl_dag']) retrieved from /home/airflow/.local/lib/python3.7/site-packages/airflow/example_dags/tutorial_etl_dag.py
[2022-03-16 00:20:43,041] {logging_mixin.py:109} INFO - [2022-03-16 00:20:43,041] {dag.py:2398} INFO - Sync 1 DAGs
[2022-03-16 00:20:43,058] {logging_mixin.py:109} INFO - [2022-03-16 00:20:43,058] {dag.py:2937} INFO - Setting next_dagrun for tutorial_etl_dag to None
[2022-03-16 00:20:43,620] {processor.py:171} INFO - Processing /home/airflow/.local/lib/python3.7/site-packages/airflow/example_dags/tutorial_etl_dag.py took 0.624 seconds
[2022-03-16 00:21:13,871] {processor.py:163} INFO - Started process (PID=4675) to work on /home/airflow/.local/lib/python3.7/site-packages/airflow/example_dags/tutorial_etl_dag.py
[2022-03-16 00:21:13,900] {processor.py:642} INFO - Processing file /home/airflow/.local/lib/python3.7/site-packages/airflow/example_dags/tutorial_etl_dag.py for tasks to queue
[2022-03-16 00:21:13,901] {logging_mixin.py:109} INFO - [2022-03-16 00:21:13,901] {dagbag.py:500} INFO - Filling up the DagBag from /home/airflow/.local/lib/python3.7/site-packages/airflow/example_dags/tutorial_etl_dag.py
[2022-03-16 00:21:13,939] {processor.py:654} INFO - DAG(s) dict_keys(['tutorial_etl_dag']) retrieved from /home/airflow/.local/lib/python3.7/site-packages/airflow/example_dags/tutorial_etl_dag.py
[2022-03-16 00:21:13,945] {logging_mixin.py:109} INFO - [2022-03-16 00:21:13,945] {dag.py:2398} INFO - Sync 1 DAGs
[2022-03-16 00:21:13,956] {logging_mixin.py:109} INFO - [2022-03-16 00:21:13,956] {dag.py:2937} INFO - Setting next_dagrun for tutorial_etl_dag to None
[2022-03-16 00:21:14,236] {processor.py:171} INFO - Processing /home/airflow/.local/lib/python3.7/site-packages/airflow/example_dags/tutorial_etl_dag.py took 0.372 seconds
[2022-03-16 00:21:45,090] {processor.py:163} INFO - Started process (PID=4734) to work on /home/airflow/.local/lib/python3.7/site-packages/airflow/example_dags/tutorial_etl_dag.py
[2022-03-16 00:21:45,095] {processor.py:642} INFO - Processing file /home/airflow/.local/lib/python3.7/site-packages/airflow/example_dags/tutorial_etl_dag.py for tasks to queue
[2022-03-16 00:21:45,095] {logging_mixin.py:109} INFO - [2022-03-16 00:21:45,095] {dagbag.py:500} INFO - Filling up the DagBag from /home/airflow/.local/lib/python3.7/site-packages/airflow/example_dags/tutorial_etl_dag.py
[2022-03-16 00:21:45,114] {processor.py:654} INFO - DAG(s) dict_keys(['tutorial_etl_dag']) retrieved from /home/airflow/.local/lib/python3.7/site-packages/airflow/example_dags/tutorial_etl_dag.py
[2022-03-16 00:21:45,120] {logging_mixin.py:109} INFO - [2022-03-16 00:21:45,119] {dag.py:2398} INFO - Sync 1 DAGs
[2022-03-16 00:21:45,130] {logging_mixin.py:109} INFO - [2022-03-16 00:21:45,130] {dag.py:2937} INFO - Setting next_dagrun for tutorial_etl_dag to None
[2022-03-16 00:21:45,843] {processor.py:171} INFO - Processing /home/airflow/.local/lib/python3.7/site-packages/airflow/example_dags/tutorial_etl_dag.py took 0.755 seconds
