[2022-03-16 00:00:05,153] {processor.py:163} INFO - Started process (PID=2196) to work on /home/airflow/.local/lib/python3.7/site-packages/airflow/example_dags/tutorial_taskflow_api_etl_virtualenv.py
[2022-03-16 00:00:05,154] {processor.py:642} INFO - Processing file /home/airflow/.local/lib/python3.7/site-packages/airflow/example_dags/tutorial_taskflow_api_etl_virtualenv.py for tasks to queue
[2022-03-16 00:00:05,154] {logging_mixin.py:109} INFO - [2022-03-16 00:00:05,154] {dagbag.py:500} INFO - Filling up the DagBag from /home/airflow/.local/lib/python3.7/site-packages/airflow/example_dags/tutorial_taskflow_api_etl_virtualenv.py
[2022-03-16 00:00:05,174] {processor.py:654} INFO - DAG(s) dict_keys(['tutorial_taskflow_api_etl_virtualenv']) retrieved from /home/airflow/.local/lib/python3.7/site-packages/airflow/example_dags/tutorial_taskflow_api_etl_virtualenv.py
[2022-03-16 00:00:05,317] {logging_mixin.py:109} INFO - [2022-03-16 00:00:05,317] {dag.py:2398} INFO - Sync 1 DAGs
[2022-03-16 00:00:05,328] {logging_mixin.py:109} INFO - [2022-03-16 00:00:05,328] {dag.py:2937} INFO - Setting next_dagrun for tutorial_taskflow_api_etl_virtualenv to None
[2022-03-16 00:00:05,433] {processor.py:171} INFO - Processing /home/airflow/.local/lib/python3.7/site-packages/airflow/example_dags/tutorial_taskflow_api_etl_virtualenv.py took 0.282 seconds
[2022-03-16 00:00:36,013] {processor.py:163} INFO - Started process (PID=2269) to work on /home/airflow/.local/lib/python3.7/site-packages/airflow/example_dags/tutorial_taskflow_api_etl_virtualenv.py
[2022-03-16 00:00:36,014] {processor.py:642} INFO - Processing file /home/airflow/.local/lib/python3.7/site-packages/airflow/example_dags/tutorial_taskflow_api_etl_virtualenv.py for tasks to queue
[2022-03-16 00:00:36,014] {logging_mixin.py:109} INFO - [2022-03-16 00:00:36,014] {dagbag.py:500} INFO - Filling up the DagBag from /home/airflow/.local/lib/python3.7/site-packages/airflow/example_dags/tutorial_taskflow_api_etl_virtualenv.py
[2022-03-16 00:00:36,055] {processor.py:654} INFO - DAG(s) dict_keys(['tutorial_taskflow_api_etl_virtualenv']) retrieved from /home/airflow/.local/lib/python3.7/site-packages/airflow/example_dags/tutorial_taskflow_api_etl_virtualenv.py
[2022-03-16 00:00:36,324] {logging_mixin.py:109} INFO - [2022-03-16 00:00:36,324] {dag.py:2398} INFO - Sync 1 DAGs
[2022-03-16 00:00:36,343] {logging_mixin.py:109} INFO - [2022-03-16 00:00:36,343] {dag.py:2937} INFO - Setting next_dagrun for tutorial_taskflow_api_etl_virtualenv to None
[2022-03-16 00:00:36,391] {processor.py:171} INFO - Processing /home/airflow/.local/lib/python3.7/site-packages/airflow/example_dags/tutorial_taskflow_api_etl_virtualenv.py took 0.381 seconds
[2022-03-16 00:01:06,994] {processor.py:163} INFO - Started process (PID=2328) to work on /home/airflow/.local/lib/python3.7/site-packages/airflow/example_dags/tutorial_taskflow_api_etl_virtualenv.py
[2022-03-16 00:01:06,994] {processor.py:642} INFO - Processing file /home/airflow/.local/lib/python3.7/site-packages/airflow/example_dags/tutorial_taskflow_api_etl_virtualenv.py for tasks to queue
[2022-03-16 00:01:06,994] {logging_mixin.py:109} INFO - [2022-03-16 00:01:06,994] {dagbag.py:500} INFO - Filling up the DagBag from /home/airflow/.local/lib/python3.7/site-packages/airflow/example_dags/tutorial_taskflow_api_etl_virtualenv.py
[2022-03-16 00:01:07,015] {processor.py:654} INFO - DAG(s) dict_keys(['tutorial_taskflow_api_etl_virtualenv']) retrieved from /home/airflow/.local/lib/python3.7/site-packages/airflow/example_dags/tutorial_taskflow_api_etl_virtualenv.py
[2022-03-16 00:01:07,154] {logging_mixin.py:109} INFO - [2022-03-16 00:01:07,154] {dag.py:2398} INFO - Sync 1 DAGs
[2022-03-16 00:01:07,165] {logging_mixin.py:109} INFO - [2022-03-16 00:01:07,165] {dag.py:2937} INFO - Setting next_dagrun for tutorial_taskflow_api_etl_virtualenv to None
[2022-03-16 00:01:07,260] {processor.py:171} INFO - Processing /home/airflow/.local/lib/python3.7/site-packages/airflow/example_dags/tutorial_taskflow_api_etl_virtualenv.py took 0.268 seconds
[2022-03-16 00:01:37,728] {processor.py:163} INFO - Started process (PID=2378) to work on /home/airflow/.local/lib/python3.7/site-packages/airflow/example_dags/tutorial_taskflow_api_etl_virtualenv.py
[2022-03-16 00:01:37,729] {processor.py:642} INFO - Processing file /home/airflow/.local/lib/python3.7/site-packages/airflow/example_dags/tutorial_taskflow_api_etl_virtualenv.py for tasks to queue
[2022-03-16 00:01:37,730] {logging_mixin.py:109} INFO - [2022-03-16 00:01:37,730] {dagbag.py:500} INFO - Filling up the DagBag from /home/airflow/.local/lib/python3.7/site-packages/airflow/example_dags/tutorial_taskflow_api_etl_virtualenv.py
[2022-03-16 00:01:37,783] {processor.py:654} INFO - DAG(s) dict_keys(['tutorial_taskflow_api_etl_virtualenv']) retrieved from /home/airflow/.local/lib/python3.7/site-packages/airflow/example_dags/tutorial_taskflow_api_etl_virtualenv.py
[2022-03-16 00:01:37,919] {logging_mixin.py:109} INFO - [2022-03-16 00:01:37,919] {dag.py:2398} INFO - Sync 1 DAGs
[2022-03-16 00:01:37,929] {logging_mixin.py:109} INFO - [2022-03-16 00:01:37,929] {dag.py:2937} INFO - Setting next_dagrun for tutorial_taskflow_api_etl_virtualenv to None
[2022-03-16 00:01:38,048] {processor.py:171} INFO - Processing /home/airflow/.local/lib/python3.7/site-packages/airflow/example_dags/tutorial_taskflow_api_etl_virtualenv.py took 0.323 seconds
[2022-03-16 00:02:08,135] {processor.py:163} INFO - Started process (PID=2441) to work on /home/airflow/.local/lib/python3.7/site-packages/airflow/example_dags/tutorial_taskflow_api_etl_virtualenv.py
[2022-03-16 00:02:08,138] {processor.py:642} INFO - Processing file /home/airflow/.local/lib/python3.7/site-packages/airflow/example_dags/tutorial_taskflow_api_etl_virtualenv.py for tasks to queue
[2022-03-16 00:02:08,139] {logging_mixin.py:109} INFO - [2022-03-16 00:02:08,138] {dagbag.py:500} INFO - Filling up the DagBag from /home/airflow/.local/lib/python3.7/site-packages/airflow/example_dags/tutorial_taskflow_api_etl_virtualenv.py
[2022-03-16 00:02:08,173] {processor.py:654} INFO - DAG(s) dict_keys(['tutorial_taskflow_api_etl_virtualenv']) retrieved from /home/airflow/.local/lib/python3.7/site-packages/airflow/example_dags/tutorial_taskflow_api_etl_virtualenv.py
[2022-03-16 00:02:08,183] {logging_mixin.py:109} INFO - [2022-03-16 00:02:08,183] {dag.py:2398} INFO - Sync 1 DAGs
[2022-03-16 00:02:08,201] {logging_mixin.py:109} INFO - [2022-03-16 00:02:08,201] {dag.py:2937} INFO - Setting next_dagrun for tutorial_taskflow_api_etl_virtualenv to None
[2022-03-16 00:02:08,249] {processor.py:171} INFO - Processing /home/airflow/.local/lib/python3.7/site-packages/airflow/example_dags/tutorial_taskflow_api_etl_virtualenv.py took 0.117 seconds
[2022-03-16 00:02:38,672] {processor.py:163} INFO - Started process (PID=2504) to work on /home/airflow/.local/lib/python3.7/site-packages/airflow/example_dags/tutorial_taskflow_api_etl_virtualenv.py
[2022-03-16 00:02:38,687] {processor.py:642} INFO - Processing file /home/airflow/.local/lib/python3.7/site-packages/airflow/example_dags/tutorial_taskflow_api_etl_virtualenv.py for tasks to queue
[2022-03-16 00:02:38,688] {logging_mixin.py:109} INFO - [2022-03-16 00:02:38,688] {dagbag.py:500} INFO - Filling up the DagBag from /home/airflow/.local/lib/python3.7/site-packages/airflow/example_dags/tutorial_taskflow_api_etl_virtualenv.py
[2022-03-16 00:02:38,740] {processor.py:654} INFO - DAG(s) dict_keys(['tutorial_taskflow_api_etl_virtualenv']) retrieved from /home/airflow/.local/lib/python3.7/site-packages/airflow/example_dags/tutorial_taskflow_api_etl_virtualenv.py
[2022-03-16 00:02:38,879] {logging_mixin.py:109} INFO - [2022-03-16 00:02:38,879] {dag.py:2398} INFO - Sync 1 DAGs
[2022-03-16 00:02:38,893] {logging_mixin.py:109} INFO - [2022-03-16 00:02:38,893] {dag.py:2937} INFO - Setting next_dagrun for tutorial_taskflow_api_etl_virtualenv to None
[2022-03-16 00:02:38,961] {processor.py:171} INFO - Processing /home/airflow/.local/lib/python3.7/site-packages/airflow/example_dags/tutorial_taskflow_api_etl_virtualenv.py took 0.295 seconds
[2022-03-16 00:03:09,657] {processor.py:163} INFO - Started process (PID=2564) to work on /home/airflow/.local/lib/python3.7/site-packages/airflow/example_dags/tutorial_taskflow_api_etl_virtualenv.py
[2022-03-16 00:03:09,676] {processor.py:642} INFO - Processing file /home/airflow/.local/lib/python3.7/site-packages/airflow/example_dags/tutorial_taskflow_api_etl_virtualenv.py for tasks to queue
[2022-03-16 00:03:09,676] {logging_mixin.py:109} INFO - [2022-03-16 00:03:09,676] {dagbag.py:500} INFO - Filling up the DagBag from /home/airflow/.local/lib/python3.7/site-packages/airflow/example_dags/tutorial_taskflow_api_etl_virtualenv.py
[2022-03-16 00:03:09,698] {processor.py:654} INFO - DAG(s) dict_keys(['tutorial_taskflow_api_etl_virtualenv']) retrieved from /home/airflow/.local/lib/python3.7/site-packages/airflow/example_dags/tutorial_taskflow_api_etl_virtualenv.py
[2022-03-16 00:03:09,856] {logging_mixin.py:109} INFO - [2022-03-16 00:03:09,856] {dag.py:2398} INFO - Sync 1 DAGs
[2022-03-16 00:03:09,868] {logging_mixin.py:109} INFO - [2022-03-16 00:03:09,868] {dag.py:2937} INFO - Setting next_dagrun for tutorial_taskflow_api_etl_virtualenv to None
[2022-03-16 00:03:10,398] {processor.py:171} INFO - Processing /home/airflow/.local/lib/python3.7/site-packages/airflow/example_dags/tutorial_taskflow_api_etl_virtualenv.py took 0.743 seconds
[2022-03-16 00:03:41,084] {processor.py:163} INFO - Started process (PID=2623) to work on /home/airflow/.local/lib/python3.7/site-packages/airflow/example_dags/tutorial_taskflow_api_etl_virtualenv.py
[2022-03-16 00:03:41,101] {processor.py:642} INFO - Processing file /home/airflow/.local/lib/python3.7/site-packages/airflow/example_dags/tutorial_taskflow_api_etl_virtualenv.py for tasks to queue
[2022-03-16 00:03:41,101] {logging_mixin.py:109} INFO - [2022-03-16 00:03:41,101] {dagbag.py:500} INFO - Filling up the DagBag from /home/airflow/.local/lib/python3.7/site-packages/airflow/example_dags/tutorial_taskflow_api_etl_virtualenv.py
[2022-03-16 00:03:41,136] {processor.py:654} INFO - DAG(s) dict_keys(['tutorial_taskflow_api_etl_virtualenv']) retrieved from /home/airflow/.local/lib/python3.7/site-packages/airflow/example_dags/tutorial_taskflow_api_etl_virtualenv.py
[2022-03-16 00:03:41,273] {logging_mixin.py:109} INFO - [2022-03-16 00:03:41,272] {dag.py:2398} INFO - Sync 1 DAGs
[2022-03-16 00:03:41,284] {logging_mixin.py:109} INFO - [2022-03-16 00:03:41,283] {dag.py:2937} INFO - Setting next_dagrun for tutorial_taskflow_api_etl_virtualenv to None
[2022-03-16 00:03:41,674] {processor.py:171} INFO - Processing /home/airflow/.local/lib/python3.7/site-packages/airflow/example_dags/tutorial_taskflow_api_etl_virtualenv.py took 0.591 seconds
[2022-03-16 00:04:13,034] {processor.py:163} INFO - Started process (PID=2678) to work on /home/airflow/.local/lib/python3.7/site-packages/airflow/example_dags/tutorial_taskflow_api_etl_virtualenv.py
[2022-03-16 00:04:13,048] {processor.py:642} INFO - Processing file /home/airflow/.local/lib/python3.7/site-packages/airflow/example_dags/tutorial_taskflow_api_etl_virtualenv.py for tasks to queue
[2022-03-16 00:04:13,049] {logging_mixin.py:109} INFO - [2022-03-16 00:04:13,049] {dagbag.py:500} INFO - Filling up the DagBag from /home/airflow/.local/lib/python3.7/site-packages/airflow/example_dags/tutorial_taskflow_api_etl_virtualenv.py
[2022-03-16 00:04:13,069] {processor.py:654} INFO - DAG(s) dict_keys(['tutorial_taskflow_api_etl_virtualenv']) retrieved from /home/airflow/.local/lib/python3.7/site-packages/airflow/example_dags/tutorial_taskflow_api_etl_virtualenv.py
[2022-03-16 00:04:13,199] {logging_mixin.py:109} INFO - [2022-03-16 00:04:13,198] {dag.py:2398} INFO - Sync 1 DAGs
[2022-03-16 00:04:13,209] {logging_mixin.py:109} INFO - [2022-03-16 00:04:13,209] {dag.py:2937} INFO - Setting next_dagrun for tutorial_taskflow_api_etl_virtualenv to None
[2022-03-16 00:04:13,251] {processor.py:171} INFO - Processing /home/airflow/.local/lib/python3.7/site-packages/airflow/example_dags/tutorial_taskflow_api_etl_virtualenv.py took 0.219 seconds
[2022-03-16 00:04:43,645] {processor.py:163} INFO - Started process (PID=2750) to work on /home/airflow/.local/lib/python3.7/site-packages/airflow/example_dags/tutorial_taskflow_api_etl_virtualenv.py
[2022-03-16 00:04:43,662] {processor.py:642} INFO - Processing file /home/airflow/.local/lib/python3.7/site-packages/airflow/example_dags/tutorial_taskflow_api_etl_virtualenv.py for tasks to queue
[2022-03-16 00:04:43,663] {logging_mixin.py:109} INFO - [2022-03-16 00:04:43,663] {dagbag.py:500} INFO - Filling up the DagBag from /home/airflow/.local/lib/python3.7/site-packages/airflow/example_dags/tutorial_taskflow_api_etl_virtualenv.py
[2022-03-16 00:04:43,687] {processor.py:654} INFO - DAG(s) dict_keys(['tutorial_taskflow_api_etl_virtualenv']) retrieved from /home/airflow/.local/lib/python3.7/site-packages/airflow/example_dags/tutorial_taskflow_api_etl_virtualenv.py
[2022-03-16 00:04:43,871] {logging_mixin.py:109} INFO - [2022-03-16 00:04:43,871] {dag.py:2398} INFO - Sync 1 DAGs
[2022-03-16 00:04:43,885] {logging_mixin.py:109} INFO - [2022-03-16 00:04:43,885] {dag.py:2937} INFO - Setting next_dagrun for tutorial_taskflow_api_etl_virtualenv to None
[2022-03-16 00:04:44,029] {processor.py:171} INFO - Processing /home/airflow/.local/lib/python3.7/site-packages/airflow/example_dags/tutorial_taskflow_api_etl_virtualenv.py took 0.386 seconds
[2022-03-16 00:05:14,308] {processor.py:163} INFO - Started process (PID=2807) to work on /home/airflow/.local/lib/python3.7/site-packages/airflow/example_dags/tutorial_taskflow_api_etl_virtualenv.py
[2022-03-16 00:05:14,319] {processor.py:642} INFO - Processing file /home/airflow/.local/lib/python3.7/site-packages/airflow/example_dags/tutorial_taskflow_api_etl_virtualenv.py for tasks to queue
[2022-03-16 00:05:14,319] {logging_mixin.py:109} INFO - [2022-03-16 00:05:14,319] {dagbag.py:500} INFO - Filling up the DagBag from /home/airflow/.local/lib/python3.7/site-packages/airflow/example_dags/tutorial_taskflow_api_etl_virtualenv.py
[2022-03-16 00:05:14,342] {processor.py:654} INFO - DAG(s) dict_keys(['tutorial_taskflow_api_etl_virtualenv']) retrieved from /home/airflow/.local/lib/python3.7/site-packages/airflow/example_dags/tutorial_taskflow_api_etl_virtualenv.py
[2022-03-16 00:05:14,484] {logging_mixin.py:109} INFO - [2022-03-16 00:05:14,484] {dag.py:2398} INFO - Sync 1 DAGs
[2022-03-16 00:05:14,495] {logging_mixin.py:109} INFO - [2022-03-16 00:05:14,495] {dag.py:2937} INFO - Setting next_dagrun for tutorial_taskflow_api_etl_virtualenv to None
[2022-03-16 00:05:14,572] {processor.py:171} INFO - Processing /home/airflow/.local/lib/python3.7/site-packages/airflow/example_dags/tutorial_taskflow_api_etl_virtualenv.py took 0.267 seconds
[2022-03-16 00:05:44,733] {processor.py:163} INFO - Started process (PID=2866) to work on /home/airflow/.local/lib/python3.7/site-packages/airflow/example_dags/tutorial_taskflow_api_etl_virtualenv.py
[2022-03-16 00:05:44,733] {processor.py:642} INFO - Processing file /home/airflow/.local/lib/python3.7/site-packages/airflow/example_dags/tutorial_taskflow_api_etl_virtualenv.py for tasks to queue
[2022-03-16 00:05:44,734] {logging_mixin.py:109} INFO - [2022-03-16 00:05:44,734] {dagbag.py:500} INFO - Filling up the DagBag from /home/airflow/.local/lib/python3.7/site-packages/airflow/example_dags/tutorial_taskflow_api_etl_virtualenv.py
[2022-03-16 00:05:44,756] {processor.py:654} INFO - DAG(s) dict_keys(['tutorial_taskflow_api_etl_virtualenv']) retrieved from /home/airflow/.local/lib/python3.7/site-packages/airflow/example_dags/tutorial_taskflow_api_etl_virtualenv.py
[2022-03-16 00:05:44,889] {logging_mixin.py:109} INFO - [2022-03-16 00:05:44,889] {dag.py:2398} INFO - Sync 1 DAGs
[2022-03-16 00:05:44,899] {logging_mixin.py:109} INFO - [2022-03-16 00:05:44,899] {dag.py:2937} INFO - Setting next_dagrun for tutorial_taskflow_api_etl_virtualenv to None
[2022-03-16 00:05:44,969] {processor.py:171} INFO - Processing /home/airflow/.local/lib/python3.7/site-packages/airflow/example_dags/tutorial_taskflow_api_etl_virtualenv.py took 0.238 seconds
[2022-03-16 00:06:15,841] {processor.py:163} INFO - Started process (PID=2923) to work on /home/airflow/.local/lib/python3.7/site-packages/airflow/example_dags/tutorial_taskflow_api_etl_virtualenv.py
[2022-03-16 00:06:15,856] {processor.py:642} INFO - Processing file /home/airflow/.local/lib/python3.7/site-packages/airflow/example_dags/tutorial_taskflow_api_etl_virtualenv.py for tasks to queue
[2022-03-16 00:06:15,857] {logging_mixin.py:109} INFO - [2022-03-16 00:06:15,857] {dagbag.py:500} INFO - Filling up the DagBag from /home/airflow/.local/lib/python3.7/site-packages/airflow/example_dags/tutorial_taskflow_api_etl_virtualenv.py
[2022-03-16 00:06:15,879] {processor.py:654} INFO - DAG(s) dict_keys(['tutorial_taskflow_api_etl_virtualenv']) retrieved from /home/airflow/.local/lib/python3.7/site-packages/airflow/example_dags/tutorial_taskflow_api_etl_virtualenv.py
[2022-03-16 00:06:16,034] {logging_mixin.py:109} INFO - [2022-03-16 00:06:16,034] {dag.py:2398} INFO - Sync 1 DAGs
[2022-03-16 00:06:16,045] {logging_mixin.py:109} INFO - [2022-03-16 00:06:16,044] {dag.py:2937} INFO - Setting next_dagrun for tutorial_taskflow_api_etl_virtualenv to None
[2022-03-16 00:06:16,738] {processor.py:171} INFO - Processing /home/airflow/.local/lib/python3.7/site-packages/airflow/example_dags/tutorial_taskflow_api_etl_virtualenv.py took 0.899 seconds
[2022-03-16 00:06:47,436] {processor.py:163} INFO - Started process (PID=2998) to work on /home/airflow/.local/lib/python3.7/site-packages/airflow/example_dags/tutorial_taskflow_api_etl_virtualenv.py
[2022-03-16 00:06:47,445] {processor.py:642} INFO - Processing file /home/airflow/.local/lib/python3.7/site-packages/airflow/example_dags/tutorial_taskflow_api_etl_virtualenv.py for tasks to queue
[2022-03-16 00:06:47,445] {logging_mixin.py:109} INFO - [2022-03-16 00:06:47,445] {dagbag.py:500} INFO - Filling up the DagBag from /home/airflow/.local/lib/python3.7/site-packages/airflow/example_dags/tutorial_taskflow_api_etl_virtualenv.py
[2022-03-16 00:06:47,472] {processor.py:654} INFO - DAG(s) dict_keys(['tutorial_taskflow_api_etl_virtualenv']) retrieved from /home/airflow/.local/lib/python3.7/site-packages/airflow/example_dags/tutorial_taskflow_api_etl_virtualenv.py
[2022-03-16 00:06:47,603] {logging_mixin.py:109} INFO - [2022-03-16 00:06:47,603] {dag.py:2398} INFO - Sync 1 DAGs
[2022-03-16 00:06:47,612] {logging_mixin.py:109} INFO - [2022-03-16 00:06:47,612] {dag.py:2937} INFO - Setting next_dagrun for tutorial_taskflow_api_etl_virtualenv to None
[2022-03-16 00:06:48,128] {processor.py:171} INFO - Processing /home/airflow/.local/lib/python3.7/site-packages/airflow/example_dags/tutorial_taskflow_api_etl_virtualenv.py took 0.694 seconds
[2022-03-16 00:07:18,275] {processor.py:163} INFO - Started process (PID=3052) to work on /home/airflow/.local/lib/python3.7/site-packages/airflow/example_dags/tutorial_taskflow_api_etl_virtualenv.py
[2022-03-16 00:07:18,295] {processor.py:642} INFO - Processing file /home/airflow/.local/lib/python3.7/site-packages/airflow/example_dags/tutorial_taskflow_api_etl_virtualenv.py for tasks to queue
[2022-03-16 00:07:18,296] {logging_mixin.py:109} INFO - [2022-03-16 00:07:18,296] {dagbag.py:500} INFO - Filling up the DagBag from /home/airflow/.local/lib/python3.7/site-packages/airflow/example_dags/tutorial_taskflow_api_etl_virtualenv.py
[2022-03-16 00:07:18,316] {processor.py:654} INFO - DAG(s) dict_keys(['tutorial_taskflow_api_etl_virtualenv']) retrieved from /home/airflow/.local/lib/python3.7/site-packages/airflow/example_dags/tutorial_taskflow_api_etl_virtualenv.py
[2022-03-16 00:07:18,466] {logging_mixin.py:109} INFO - [2022-03-16 00:07:18,466] {dag.py:2398} INFO - Sync 1 DAGs
[2022-03-16 00:07:18,477] {logging_mixin.py:109} INFO - [2022-03-16 00:07:18,477] {dag.py:2937} INFO - Setting next_dagrun for tutorial_taskflow_api_etl_virtualenv to None
[2022-03-16 00:07:18,756] {processor.py:171} INFO - Processing /home/airflow/.local/lib/python3.7/site-packages/airflow/example_dags/tutorial_taskflow_api_etl_virtualenv.py took 0.483 seconds
[2022-03-16 00:07:49,489] {processor.py:163} INFO - Started process (PID=3110) to work on /home/airflow/.local/lib/python3.7/site-packages/airflow/example_dags/tutorial_taskflow_api_etl_virtualenv.py
[2022-03-16 00:07:49,519] {processor.py:642} INFO - Processing file /home/airflow/.local/lib/python3.7/site-packages/airflow/example_dags/tutorial_taskflow_api_etl_virtualenv.py for tasks to queue
[2022-03-16 00:07:49,519] {logging_mixin.py:109} INFO - [2022-03-16 00:07:49,519] {dagbag.py:500} INFO - Filling up the DagBag from /home/airflow/.local/lib/python3.7/site-packages/airflow/example_dags/tutorial_taskflow_api_etl_virtualenv.py
[2022-03-16 00:07:49,540] {processor.py:654} INFO - DAG(s) dict_keys(['tutorial_taskflow_api_etl_virtualenv']) retrieved from /home/airflow/.local/lib/python3.7/site-packages/airflow/example_dags/tutorial_taskflow_api_etl_virtualenv.py
[2022-03-16 00:07:49,674] {logging_mixin.py:109} INFO - [2022-03-16 00:07:49,674] {dag.py:2398} INFO - Sync 1 DAGs
[2022-03-16 00:07:49,684] {logging_mixin.py:109} INFO - [2022-03-16 00:07:49,684] {dag.py:2937} INFO - Setting next_dagrun for tutorial_taskflow_api_etl_virtualenv to None
[2022-03-16 00:07:49,731] {processor.py:171} INFO - Processing /home/airflow/.local/lib/python3.7/site-packages/airflow/example_dags/tutorial_taskflow_api_etl_virtualenv.py took 0.244 seconds
[2022-03-16 00:08:20,173] {processor.py:163} INFO - Started process (PID=3168) to work on /home/airflow/.local/lib/python3.7/site-packages/airflow/example_dags/tutorial_taskflow_api_etl_virtualenv.py
[2022-03-16 00:08:20,174] {processor.py:642} INFO - Processing file /home/airflow/.local/lib/python3.7/site-packages/airflow/example_dags/tutorial_taskflow_api_etl_virtualenv.py for tasks to queue
[2022-03-16 00:08:20,174] {logging_mixin.py:109} INFO - [2022-03-16 00:08:20,174] {dagbag.py:500} INFO - Filling up the DagBag from /home/airflow/.local/lib/python3.7/site-packages/airflow/example_dags/tutorial_taskflow_api_etl_virtualenv.py
[2022-03-16 00:08:20,205] {processor.py:654} INFO - DAG(s) dict_keys(['tutorial_taskflow_api_etl_virtualenv']) retrieved from /home/airflow/.local/lib/python3.7/site-packages/airflow/example_dags/tutorial_taskflow_api_etl_virtualenv.py
[2022-03-16 00:08:20,346] {logging_mixin.py:109} INFO - [2022-03-16 00:08:20,346] {dag.py:2398} INFO - Sync 1 DAGs
[2022-03-16 00:08:20,357] {logging_mixin.py:109} INFO - [2022-03-16 00:08:20,357] {dag.py:2937} INFO - Setting next_dagrun for tutorial_taskflow_api_etl_virtualenv to None
[2022-03-16 00:08:20,708] {processor.py:171} INFO - Processing /home/airflow/.local/lib/python3.7/site-packages/airflow/example_dags/tutorial_taskflow_api_etl_virtualenv.py took 0.538 seconds
[2022-03-16 00:08:51,141] {processor.py:163} INFO - Started process (PID=3243) to work on /home/airflow/.local/lib/python3.7/site-packages/airflow/example_dags/tutorial_taskflow_api_etl_virtualenv.py
[2022-03-16 00:08:51,145] {processor.py:642} INFO - Processing file /home/airflow/.local/lib/python3.7/site-packages/airflow/example_dags/tutorial_taskflow_api_etl_virtualenv.py for tasks to queue
[2022-03-16 00:08:51,145] {logging_mixin.py:109} INFO - [2022-03-16 00:08:51,145] {dagbag.py:500} INFO - Filling up the DagBag from /home/airflow/.local/lib/python3.7/site-packages/airflow/example_dags/tutorial_taskflow_api_etl_virtualenv.py
[2022-03-16 00:08:51,167] {processor.py:654} INFO - DAG(s) dict_keys(['tutorial_taskflow_api_etl_virtualenv']) retrieved from /home/airflow/.local/lib/python3.7/site-packages/airflow/example_dags/tutorial_taskflow_api_etl_virtualenv.py
[2022-03-16 00:08:51,329] {logging_mixin.py:109} INFO - [2022-03-16 00:08:51,329] {dag.py:2398} INFO - Sync 1 DAGs
[2022-03-16 00:08:51,344] {logging_mixin.py:109} INFO - [2022-03-16 00:08:51,344] {dag.py:2937} INFO - Setting next_dagrun for tutorial_taskflow_api_etl_virtualenv to None
[2022-03-16 00:08:52,206] {processor.py:171} INFO - Processing /home/airflow/.local/lib/python3.7/site-packages/airflow/example_dags/tutorial_taskflow_api_etl_virtualenv.py took 1.067 seconds
[2022-03-16 00:09:22,267] {processor.py:163} INFO - Started process (PID=3295) to work on /home/airflow/.local/lib/python3.7/site-packages/airflow/example_dags/tutorial_taskflow_api_etl_virtualenv.py
[2022-03-16 00:09:22,348] {processor.py:642} INFO - Processing file /home/airflow/.local/lib/python3.7/site-packages/airflow/example_dags/tutorial_taskflow_api_etl_virtualenv.py for tasks to queue
[2022-03-16 00:09:22,349] {logging_mixin.py:109} INFO - [2022-03-16 00:09:22,349] {dagbag.py:500} INFO - Filling up the DagBag from /home/airflow/.local/lib/python3.7/site-packages/airflow/example_dags/tutorial_taskflow_api_etl_virtualenv.py
[2022-03-16 00:09:22,369] {processor.py:654} INFO - DAG(s) dict_keys(['tutorial_taskflow_api_etl_virtualenv']) retrieved from /home/airflow/.local/lib/python3.7/site-packages/airflow/example_dags/tutorial_taskflow_api_etl_virtualenv.py
[2022-03-16 00:09:22,513] {logging_mixin.py:109} INFO - [2022-03-16 00:09:22,513] {dag.py:2398} INFO - Sync 1 DAGs
[2022-03-16 00:09:22,523] {logging_mixin.py:109} INFO - [2022-03-16 00:09:22,523] {dag.py:2937} INFO - Setting next_dagrun for tutorial_taskflow_api_etl_virtualenv to None
[2022-03-16 00:09:23,515] {processor.py:171} INFO - Processing /home/airflow/.local/lib/python3.7/site-packages/airflow/example_dags/tutorial_taskflow_api_etl_virtualenv.py took 1.250 seconds
[2022-03-16 00:09:53,575] {processor.py:163} INFO - Started process (PID=3345) to work on /home/airflow/.local/lib/python3.7/site-packages/airflow/example_dags/tutorial_taskflow_api_etl_virtualenv.py
[2022-03-16 00:09:53,602] {processor.py:642} INFO - Processing file /home/airflow/.local/lib/python3.7/site-packages/airflow/example_dags/tutorial_taskflow_api_etl_virtualenv.py for tasks to queue
[2022-03-16 00:09:53,602] {logging_mixin.py:109} INFO - [2022-03-16 00:09:53,602] {dagbag.py:500} INFO - Filling up the DagBag from /home/airflow/.local/lib/python3.7/site-packages/airflow/example_dags/tutorial_taskflow_api_etl_virtualenv.py
[2022-03-16 00:09:53,623] {processor.py:654} INFO - DAG(s) dict_keys(['tutorial_taskflow_api_etl_virtualenv']) retrieved from /home/airflow/.local/lib/python3.7/site-packages/airflow/example_dags/tutorial_taskflow_api_etl_virtualenv.py
[2022-03-16 00:09:53,759] {logging_mixin.py:109} INFO - [2022-03-16 00:09:53,759] {dag.py:2398} INFO - Sync 1 DAGs
[2022-03-16 00:09:53,769] {logging_mixin.py:109} INFO - [2022-03-16 00:09:53,769] {dag.py:2937} INFO - Setting next_dagrun for tutorial_taskflow_api_etl_virtualenv to None
[2022-03-16 00:09:54,396] {processor.py:171} INFO - Processing /home/airflow/.local/lib/python3.7/site-packages/airflow/example_dags/tutorial_taskflow_api_etl_virtualenv.py took 0.822 seconds
[2022-03-16 00:10:24,794] {processor.py:163} INFO - Started process (PID=3415) to work on /home/airflow/.local/lib/python3.7/site-packages/airflow/example_dags/tutorial_taskflow_api_etl_virtualenv.py
[2022-03-16 00:10:24,811] {processor.py:642} INFO - Processing file /home/airflow/.local/lib/python3.7/site-packages/airflow/example_dags/tutorial_taskflow_api_etl_virtualenv.py for tasks to queue
[2022-03-16 00:10:24,811] {logging_mixin.py:109} INFO - [2022-03-16 00:10:24,811] {dagbag.py:500} INFO - Filling up the DagBag from /home/airflow/.local/lib/python3.7/site-packages/airflow/example_dags/tutorial_taskflow_api_etl_virtualenv.py
[2022-03-16 00:10:24,836] {processor.py:654} INFO - DAG(s) dict_keys(['tutorial_taskflow_api_etl_virtualenv']) retrieved from /home/airflow/.local/lib/python3.7/site-packages/airflow/example_dags/tutorial_taskflow_api_etl_virtualenv.py
[2022-03-16 00:10:24,988] {logging_mixin.py:109} INFO - [2022-03-16 00:10:24,988] {dag.py:2398} INFO - Sync 1 DAGs
[2022-03-16 00:10:25,000] {logging_mixin.py:109} INFO - [2022-03-16 00:10:25,000] {dag.py:2937} INFO - Setting next_dagrun for tutorial_taskflow_api_etl_virtualenv to None
[2022-03-16 00:10:25,277] {processor.py:171} INFO - Processing /home/airflow/.local/lib/python3.7/site-packages/airflow/example_dags/tutorial_taskflow_api_etl_virtualenv.py took 0.484 seconds
[2022-03-16 00:10:56,233] {processor.py:163} INFO - Started process (PID=3479) to work on /home/airflow/.local/lib/python3.7/site-packages/airflow/example_dags/tutorial_taskflow_api_etl_virtualenv.py
[2022-03-16 00:10:56,256] {processor.py:642} INFO - Processing file /home/airflow/.local/lib/python3.7/site-packages/airflow/example_dags/tutorial_taskflow_api_etl_virtualenv.py for tasks to queue
[2022-03-16 00:10:56,257] {logging_mixin.py:109} INFO - [2022-03-16 00:10:56,257] {dagbag.py:500} INFO - Filling up the DagBag from /home/airflow/.local/lib/python3.7/site-packages/airflow/example_dags/tutorial_taskflow_api_etl_virtualenv.py
[2022-03-16 00:10:56,286] {processor.py:654} INFO - DAG(s) dict_keys(['tutorial_taskflow_api_etl_virtualenv']) retrieved from /home/airflow/.local/lib/python3.7/site-packages/airflow/example_dags/tutorial_taskflow_api_etl_virtualenv.py
[2022-03-16 00:10:56,437] {logging_mixin.py:109} INFO - [2022-03-16 00:10:56,437] {dag.py:2398} INFO - Sync 1 DAGs
[2022-03-16 00:10:56,452] {logging_mixin.py:109} INFO - [2022-03-16 00:10:56,452] {dag.py:2937} INFO - Setting next_dagrun for tutorial_taskflow_api_etl_virtualenv to None
[2022-03-16 00:10:57,516] {processor.py:171} INFO - Processing /home/airflow/.local/lib/python3.7/site-packages/airflow/example_dags/tutorial_taskflow_api_etl_virtualenv.py took 1.285 seconds
[2022-03-16 00:11:27,993] {processor.py:163} INFO - Started process (PID=3540) to work on /home/airflow/.local/lib/python3.7/site-packages/airflow/example_dags/tutorial_taskflow_api_etl_virtualenv.py
[2022-03-16 00:11:27,994] {processor.py:642} INFO - Processing file /home/airflow/.local/lib/python3.7/site-packages/airflow/example_dags/tutorial_taskflow_api_etl_virtualenv.py for tasks to queue
[2022-03-16 00:11:27,994] {logging_mixin.py:109} INFO - [2022-03-16 00:11:27,994] {dagbag.py:500} INFO - Filling up the DagBag from /home/airflow/.local/lib/python3.7/site-packages/airflow/example_dags/tutorial_taskflow_api_etl_virtualenv.py
[2022-03-16 00:11:28,021] {processor.py:654} INFO - DAG(s) dict_keys(['tutorial_taskflow_api_etl_virtualenv']) retrieved from /home/airflow/.local/lib/python3.7/site-packages/airflow/example_dags/tutorial_taskflow_api_etl_virtualenv.py
[2022-03-16 00:11:28,254] {logging_mixin.py:109} INFO - [2022-03-16 00:11:28,254] {dag.py:2398} INFO - Sync 1 DAGs
[2022-03-16 00:11:28,267] {logging_mixin.py:109} INFO - [2022-03-16 00:11:28,267] {dag.py:2937} INFO - Setting next_dagrun for tutorial_taskflow_api_etl_virtualenv to None
[2022-03-16 00:11:29,297] {processor.py:171} INFO - Processing /home/airflow/.local/lib/python3.7/site-packages/airflow/example_dags/tutorial_taskflow_api_etl_virtualenv.py took 1.306 seconds
[2022-03-16 00:12:00,024] {processor.py:163} INFO - Started process (PID=3590) to work on /home/airflow/.local/lib/python3.7/site-packages/airflow/example_dags/tutorial_taskflow_api_etl_virtualenv.py
[2022-03-16 00:12:00,070] {processor.py:642} INFO - Processing file /home/airflow/.local/lib/python3.7/site-packages/airflow/example_dags/tutorial_taskflow_api_etl_virtualenv.py for tasks to queue
[2022-03-16 00:12:00,072] {logging_mixin.py:109} INFO - [2022-03-16 00:12:00,071] {dagbag.py:500} INFO - Filling up the DagBag from /home/airflow/.local/lib/python3.7/site-packages/airflow/example_dags/tutorial_taskflow_api_etl_virtualenv.py
[2022-03-16 00:12:00,143] {processor.py:654} INFO - DAG(s) dict_keys(['tutorial_taskflow_api_etl_virtualenv']) retrieved from /home/airflow/.local/lib/python3.7/site-packages/airflow/example_dags/tutorial_taskflow_api_etl_virtualenv.py
[2022-03-16 00:12:00,523] {logging_mixin.py:109} INFO - [2022-03-16 00:12:00,523] {dag.py:2398} INFO - Sync 1 DAGs
[2022-03-16 00:12:00,554] {logging_mixin.py:109} INFO - [2022-03-16 00:12:00,554] {dag.py:2937} INFO - Setting next_dagrun for tutorial_taskflow_api_etl_virtualenv to None
[2022-03-16 00:12:00,801] {processor.py:171} INFO - Processing /home/airflow/.local/lib/python3.7/site-packages/airflow/example_dags/tutorial_taskflow_api_etl_virtualenv.py took 0.780 seconds
[2022-03-16 00:12:31,333] {processor.py:163} INFO - Started process (PID=3657) to work on /home/airflow/.local/lib/python3.7/site-packages/airflow/example_dags/tutorial_taskflow_api_etl_virtualenv.py
[2022-03-16 00:12:31,341] {processor.py:642} INFO - Processing file /home/airflow/.local/lib/python3.7/site-packages/airflow/example_dags/tutorial_taskflow_api_etl_virtualenv.py for tasks to queue
[2022-03-16 00:12:31,342] {logging_mixin.py:109} INFO - [2022-03-16 00:12:31,341] {dagbag.py:500} INFO - Filling up the DagBag from /home/airflow/.local/lib/python3.7/site-packages/airflow/example_dags/tutorial_taskflow_api_etl_virtualenv.py
[2022-03-16 00:12:31,364] {processor.py:654} INFO - DAG(s) dict_keys(['tutorial_taskflow_api_etl_virtualenv']) retrieved from /home/airflow/.local/lib/python3.7/site-packages/airflow/example_dags/tutorial_taskflow_api_etl_virtualenv.py
[2022-03-16 00:12:31,522] {logging_mixin.py:109} INFO - [2022-03-16 00:12:31,521] {dag.py:2398} INFO - Sync 1 DAGs
[2022-03-16 00:12:31,532] {logging_mixin.py:109} INFO - [2022-03-16 00:12:31,532] {dag.py:2937} INFO - Setting next_dagrun for tutorial_taskflow_api_etl_virtualenv to None
[2022-03-16 00:12:31,646] {processor.py:171} INFO - Processing /home/airflow/.local/lib/python3.7/site-packages/airflow/example_dags/tutorial_taskflow_api_etl_virtualenv.py took 0.316 seconds
[2022-03-16 00:13:02,129] {processor.py:163} INFO - Started process (PID=3720) to work on /home/airflow/.local/lib/python3.7/site-packages/airflow/example_dags/tutorial_taskflow_api_etl_virtualenv.py
[2022-03-16 00:13:02,135] {processor.py:642} INFO - Processing file /home/airflow/.local/lib/python3.7/site-packages/airflow/example_dags/tutorial_taskflow_api_etl_virtualenv.py for tasks to queue
[2022-03-16 00:13:02,135] {logging_mixin.py:109} INFO - [2022-03-16 00:13:02,135] {dagbag.py:500} INFO - Filling up the DagBag from /home/airflow/.local/lib/python3.7/site-packages/airflow/example_dags/tutorial_taskflow_api_etl_virtualenv.py
[2022-03-16 00:13:02,156] {processor.py:654} INFO - DAG(s) dict_keys(['tutorial_taskflow_api_etl_virtualenv']) retrieved from /home/airflow/.local/lib/python3.7/site-packages/airflow/example_dags/tutorial_taskflow_api_etl_virtualenv.py
[2022-03-16 00:13:02,308] {logging_mixin.py:109} INFO - [2022-03-16 00:13:02,308] {dag.py:2398} INFO - Sync 1 DAGs
[2022-03-16 00:13:02,319] {logging_mixin.py:109} INFO - [2022-03-16 00:13:02,319] {dag.py:2937} INFO - Setting next_dagrun for tutorial_taskflow_api_etl_virtualenv to None
[2022-03-16 00:13:02,705] {processor.py:171} INFO - Processing /home/airflow/.local/lib/python3.7/site-packages/airflow/example_dags/tutorial_taskflow_api_etl_virtualenv.py took 0.577 seconds
[2022-03-16 00:13:33,040] {processor.py:163} INFO - Started process (PID=3771) to work on /home/airflow/.local/lib/python3.7/site-packages/airflow/example_dags/tutorial_taskflow_api_etl_virtualenv.py
[2022-03-16 00:13:33,045] {processor.py:642} INFO - Processing file /home/airflow/.local/lib/python3.7/site-packages/airflow/example_dags/tutorial_taskflow_api_etl_virtualenv.py for tasks to queue
[2022-03-16 00:13:33,046] {logging_mixin.py:109} INFO - [2022-03-16 00:13:33,045] {dagbag.py:500} INFO - Filling up the DagBag from /home/airflow/.local/lib/python3.7/site-packages/airflow/example_dags/tutorial_taskflow_api_etl_virtualenv.py
[2022-03-16 00:13:33,067] {processor.py:654} INFO - DAG(s) dict_keys(['tutorial_taskflow_api_etl_virtualenv']) retrieved from /home/airflow/.local/lib/python3.7/site-packages/airflow/example_dags/tutorial_taskflow_api_etl_virtualenv.py
[2022-03-16 00:13:33,203] {logging_mixin.py:109} INFO - [2022-03-16 00:13:33,203] {dag.py:2398} INFO - Sync 1 DAGs
[2022-03-16 00:13:33,213] {logging_mixin.py:109} INFO - [2022-03-16 00:13:33,213] {dag.py:2937} INFO - Setting next_dagrun for tutorial_taskflow_api_etl_virtualenv to None
[2022-03-16 00:13:34,408] {processor.py:171} INFO - Processing /home/airflow/.local/lib/python3.7/site-packages/airflow/example_dags/tutorial_taskflow_api_etl_virtualenv.py took 1.370 seconds
[2022-03-16 00:14:05,175] {processor.py:163} INFO - Started process (PID=3835) to work on /home/airflow/.local/lib/python3.7/site-packages/airflow/example_dags/tutorial_taskflow_api_etl_virtualenv.py
[2022-03-16 00:14:05,196] {processor.py:642} INFO - Processing file /home/airflow/.local/lib/python3.7/site-packages/airflow/example_dags/tutorial_taskflow_api_etl_virtualenv.py for tasks to queue
[2022-03-16 00:14:05,197] {logging_mixin.py:109} INFO - [2022-03-16 00:14:05,196] {dagbag.py:500} INFO - Filling up the DagBag from /home/airflow/.local/lib/python3.7/site-packages/airflow/example_dags/tutorial_taskflow_api_etl_virtualenv.py
[2022-03-16 00:14:05,219] {processor.py:654} INFO - DAG(s) dict_keys(['tutorial_taskflow_api_etl_virtualenv']) retrieved from /home/airflow/.local/lib/python3.7/site-packages/airflow/example_dags/tutorial_taskflow_api_etl_virtualenv.py
[2022-03-16 00:14:05,360] {logging_mixin.py:109} INFO - [2022-03-16 00:14:05,360] {dag.py:2398} INFO - Sync 1 DAGs
[2022-03-16 00:14:05,374] {logging_mixin.py:109} INFO - [2022-03-16 00:14:05,374] {dag.py:2937} INFO - Setting next_dagrun for tutorial_taskflow_api_etl_virtualenv to None
[2022-03-16 00:14:05,421] {processor.py:171} INFO - Processing /home/airflow/.local/lib/python3.7/site-packages/airflow/example_dags/tutorial_taskflow_api_etl_virtualenv.py took 0.247 seconds
[2022-03-16 00:14:37,095] {processor.py:163} INFO - Started process (PID=3899) to work on /home/airflow/.local/lib/python3.7/site-packages/airflow/example_dags/tutorial_taskflow_api_etl_virtualenv.py
[2022-03-16 00:14:37,096] {processor.py:642} INFO - Processing file /home/airflow/.local/lib/python3.7/site-packages/airflow/example_dags/tutorial_taskflow_api_etl_virtualenv.py for tasks to queue
[2022-03-16 00:14:37,096] {logging_mixin.py:109} INFO - [2022-03-16 00:14:37,096] {dagbag.py:500} INFO - Filling up the DagBag from /home/airflow/.local/lib/python3.7/site-packages/airflow/example_dags/tutorial_taskflow_api_etl_virtualenv.py
[2022-03-16 00:14:37,120] {processor.py:654} INFO - DAG(s) dict_keys(['tutorial_taskflow_api_etl_virtualenv']) retrieved from /home/airflow/.local/lib/python3.7/site-packages/airflow/example_dags/tutorial_taskflow_api_etl_virtualenv.py
[2022-03-16 00:14:37,285] {logging_mixin.py:109} INFO - [2022-03-16 00:14:37,285] {dag.py:2398} INFO - Sync 1 DAGs
[2022-03-16 00:14:37,297] {logging_mixin.py:109} INFO - [2022-03-16 00:14:37,297] {dag.py:2937} INFO - Setting next_dagrun for tutorial_taskflow_api_etl_virtualenv to None
[2022-03-16 00:14:37,345] {processor.py:171} INFO - Processing /home/airflow/.local/lib/python3.7/site-packages/airflow/example_dags/tutorial_taskflow_api_etl_virtualenv.py took 0.252 seconds
[2022-03-16 00:15:07,407] {processor.py:163} INFO - Started process (PID=3959) to work on /home/airflow/.local/lib/python3.7/site-packages/airflow/example_dags/tutorial_taskflow_api_etl_virtualenv.py
[2022-03-16 00:15:07,413] {processor.py:642} INFO - Processing file /home/airflow/.local/lib/python3.7/site-packages/airflow/example_dags/tutorial_taskflow_api_etl_virtualenv.py for tasks to queue
[2022-03-16 00:15:07,414] {logging_mixin.py:109} INFO - [2022-03-16 00:15:07,414] {dagbag.py:500} INFO - Filling up the DagBag from /home/airflow/.local/lib/python3.7/site-packages/airflow/example_dags/tutorial_taskflow_api_etl_virtualenv.py
[2022-03-16 00:15:07,440] {processor.py:654} INFO - DAG(s) dict_keys(['tutorial_taskflow_api_etl_virtualenv']) retrieved from /home/airflow/.local/lib/python3.7/site-packages/airflow/example_dags/tutorial_taskflow_api_etl_virtualenv.py
[2022-03-16 00:15:07,612] {logging_mixin.py:109} INFO - [2022-03-16 00:15:07,612] {dag.py:2398} INFO - Sync 1 DAGs
[2022-03-16 00:15:07,623] {logging_mixin.py:109} INFO - [2022-03-16 00:15:07,623] {dag.py:2937} INFO - Setting next_dagrun for tutorial_taskflow_api_etl_virtualenv to None
[2022-03-16 00:15:07,673] {processor.py:171} INFO - Processing /home/airflow/.local/lib/python3.7/site-packages/airflow/example_dags/tutorial_taskflow_api_etl_virtualenv.py took 0.268 seconds
[2022-03-16 00:15:38,072] {processor.py:163} INFO - Started process (PID=4019) to work on /home/airflow/.local/lib/python3.7/site-packages/airflow/example_dags/tutorial_taskflow_api_etl_virtualenv.py
[2022-03-16 00:15:38,073] {processor.py:642} INFO - Processing file /home/airflow/.local/lib/python3.7/site-packages/airflow/example_dags/tutorial_taskflow_api_etl_virtualenv.py for tasks to queue
[2022-03-16 00:15:38,074] {logging_mixin.py:109} INFO - [2022-03-16 00:15:38,074] {dagbag.py:500} INFO - Filling up the DagBag from /home/airflow/.local/lib/python3.7/site-packages/airflow/example_dags/tutorial_taskflow_api_etl_virtualenv.py
[2022-03-16 00:15:38,105] {processor.py:654} INFO - DAG(s) dict_keys(['tutorial_taskflow_api_etl_virtualenv']) retrieved from /home/airflow/.local/lib/python3.7/site-packages/airflow/example_dags/tutorial_taskflow_api_etl_virtualenv.py
[2022-03-16 00:15:38,260] {logging_mixin.py:109} INFO - [2022-03-16 00:15:38,260] {dag.py:2398} INFO - Sync 1 DAGs
[2022-03-16 00:15:38,271] {logging_mixin.py:109} INFO - [2022-03-16 00:15:38,271] {dag.py:2937} INFO - Setting next_dagrun for tutorial_taskflow_api_etl_virtualenv to None
[2022-03-16 00:15:38,346] {processor.py:171} INFO - Processing /home/airflow/.local/lib/python3.7/site-packages/airflow/example_dags/tutorial_taskflow_api_etl_virtualenv.py took 0.276 seconds
[2022-03-16 00:16:09,132] {processor.py:163} INFO - Started process (PID=4073) to work on /home/airflow/.local/lib/python3.7/site-packages/airflow/example_dags/tutorial_taskflow_api_etl_virtualenv.py
[2022-03-16 00:16:09,133] {processor.py:642} INFO - Processing file /home/airflow/.local/lib/python3.7/site-packages/airflow/example_dags/tutorial_taskflow_api_etl_virtualenv.py for tasks to queue
[2022-03-16 00:16:09,133] {logging_mixin.py:109} INFO - [2022-03-16 00:16:09,133] {dagbag.py:500} INFO - Filling up the DagBag from /home/airflow/.local/lib/python3.7/site-packages/airflow/example_dags/tutorial_taskflow_api_etl_virtualenv.py
[2022-03-16 00:16:09,158] {processor.py:654} INFO - DAG(s) dict_keys(['tutorial_taskflow_api_etl_virtualenv']) retrieved from /home/airflow/.local/lib/python3.7/site-packages/airflow/example_dags/tutorial_taskflow_api_etl_virtualenv.py
[2022-03-16 00:16:09,167] {logging_mixin.py:109} INFO - [2022-03-16 00:16:09,167] {dag.py:2398} INFO - Sync 1 DAGs
[2022-03-16 00:16:09,183] {logging_mixin.py:109} INFO - [2022-03-16 00:16:09,183] {dag.py:2937} INFO - Setting next_dagrun for tutorial_taskflow_api_etl_virtualenv to None
[2022-03-16 00:16:09,230] {processor.py:171} INFO - Processing /home/airflow/.local/lib/python3.7/site-packages/airflow/example_dags/tutorial_taskflow_api_etl_virtualenv.py took 0.100 seconds
[2022-03-16 00:16:40,091] {processor.py:163} INFO - Started process (PID=4143) to work on /home/airflow/.local/lib/python3.7/site-packages/airflow/example_dags/tutorial_taskflow_api_etl_virtualenv.py
[2022-03-16 00:16:40,138] {processor.py:642} INFO - Processing file /home/airflow/.local/lib/python3.7/site-packages/airflow/example_dags/tutorial_taskflow_api_etl_virtualenv.py for tasks to queue
[2022-03-16 00:16:40,139] {logging_mixin.py:109} INFO - [2022-03-16 00:16:40,139] {dagbag.py:500} INFO - Filling up the DagBag from /home/airflow/.local/lib/python3.7/site-packages/airflow/example_dags/tutorial_taskflow_api_etl_virtualenv.py
[2022-03-16 00:16:40,159] {processor.py:654} INFO - DAG(s) dict_keys(['tutorial_taskflow_api_etl_virtualenv']) retrieved from /home/airflow/.local/lib/python3.7/site-packages/airflow/example_dags/tutorial_taskflow_api_etl_virtualenv.py
[2022-03-16 00:16:40,295] {logging_mixin.py:109} INFO - [2022-03-16 00:16:40,294] {dag.py:2398} INFO - Sync 1 DAGs
[2022-03-16 00:16:40,304] {logging_mixin.py:109} INFO - [2022-03-16 00:16:40,304] {dag.py:2937} INFO - Setting next_dagrun for tutorial_taskflow_api_etl_virtualenv to None
[2022-03-16 00:16:40,342] {processor.py:171} INFO - Processing /home/airflow/.local/lib/python3.7/site-packages/airflow/example_dags/tutorial_taskflow_api_etl_virtualenv.py took 0.253 seconds
[2022-03-16 00:17:10,464] {processor.py:163} INFO - Started process (PID=4202) to work on /home/airflow/.local/lib/python3.7/site-packages/airflow/example_dags/tutorial_taskflow_api_etl_virtualenv.py
[2022-03-16 00:17:10,476] {processor.py:642} INFO - Processing file /home/airflow/.local/lib/python3.7/site-packages/airflow/example_dags/tutorial_taskflow_api_etl_virtualenv.py for tasks to queue
[2022-03-16 00:17:10,477] {logging_mixin.py:109} INFO - [2022-03-16 00:17:10,477] {dagbag.py:500} INFO - Filling up the DagBag from /home/airflow/.local/lib/python3.7/site-packages/airflow/example_dags/tutorial_taskflow_api_etl_virtualenv.py
[2022-03-16 00:17:10,502] {processor.py:654} INFO - DAG(s) dict_keys(['tutorial_taskflow_api_etl_virtualenv']) retrieved from /home/airflow/.local/lib/python3.7/site-packages/airflow/example_dags/tutorial_taskflow_api_etl_virtualenv.py
[2022-03-16 00:17:10,508] {logging_mixin.py:109} INFO - [2022-03-16 00:17:10,508] {dag.py:2398} INFO - Sync 1 DAGs
[2022-03-16 00:17:10,520] {logging_mixin.py:109} INFO - [2022-03-16 00:17:10,520] {dag.py:2937} INFO - Setting next_dagrun for tutorial_taskflow_api_etl_virtualenv to None
[2022-03-16 00:17:10,560] {processor.py:171} INFO - Processing /home/airflow/.local/lib/python3.7/site-packages/airflow/example_dags/tutorial_taskflow_api_etl_virtualenv.py took 0.099 seconds
[2022-03-16 00:17:42,367] {processor.py:163} INFO - Started process (PID=4260) to work on /home/airflow/.local/lib/python3.7/site-packages/airflow/example_dags/tutorial_taskflow_api_etl_virtualenv.py
[2022-03-16 00:17:42,378] {processor.py:642} INFO - Processing file /home/airflow/.local/lib/python3.7/site-packages/airflow/example_dags/tutorial_taskflow_api_etl_virtualenv.py for tasks to queue
[2022-03-16 00:17:42,379] {logging_mixin.py:109} INFO - [2022-03-16 00:17:42,379] {dagbag.py:500} INFO - Filling up the DagBag from /home/airflow/.local/lib/python3.7/site-packages/airflow/example_dags/tutorial_taskflow_api_etl_virtualenv.py
[2022-03-16 00:17:42,404] {processor.py:654} INFO - DAG(s) dict_keys(['tutorial_taskflow_api_etl_virtualenv']) retrieved from /home/airflow/.local/lib/python3.7/site-packages/airflow/example_dags/tutorial_taskflow_api_etl_virtualenv.py
[2022-03-16 00:17:42,552] {logging_mixin.py:109} INFO - [2022-03-16 00:17:42,551] {dag.py:2398} INFO - Sync 1 DAGs
[2022-03-16 00:17:42,563] {logging_mixin.py:109} INFO - [2022-03-16 00:17:42,563] {dag.py:2937} INFO - Setting next_dagrun for tutorial_taskflow_api_etl_virtualenv to None
[2022-03-16 00:17:42,602] {processor.py:171} INFO - Processing /home/airflow/.local/lib/python3.7/site-packages/airflow/example_dags/tutorial_taskflow_api_etl_virtualenv.py took 0.236 seconds
[2022-03-16 00:18:14,005] {processor.py:163} INFO - Started process (PID=4317) to work on /home/airflow/.local/lib/python3.7/site-packages/airflow/example_dags/tutorial_taskflow_api_etl_virtualenv.py
[2022-03-16 00:18:14,013] {processor.py:642} INFO - Processing file /home/airflow/.local/lib/python3.7/site-packages/airflow/example_dags/tutorial_taskflow_api_etl_virtualenv.py for tasks to queue
[2022-03-16 00:18:14,013] {logging_mixin.py:109} INFO - [2022-03-16 00:18:14,013] {dagbag.py:500} INFO - Filling up the DagBag from /home/airflow/.local/lib/python3.7/site-packages/airflow/example_dags/tutorial_taskflow_api_etl_virtualenv.py
[2022-03-16 00:18:14,036] {processor.py:654} INFO - DAG(s) dict_keys(['tutorial_taskflow_api_etl_virtualenv']) retrieved from /home/airflow/.local/lib/python3.7/site-packages/airflow/example_dags/tutorial_taskflow_api_etl_virtualenv.py
[2022-03-16 00:18:14,170] {logging_mixin.py:109} INFO - [2022-03-16 00:18:14,170] {dag.py:2398} INFO - Sync 1 DAGs
[2022-03-16 00:18:14,181] {logging_mixin.py:109} INFO - [2022-03-16 00:18:14,181] {dag.py:2937} INFO - Setting next_dagrun for tutorial_taskflow_api_etl_virtualenv to None
[2022-03-16 00:18:14,226] {processor.py:171} INFO - Processing /home/airflow/.local/lib/python3.7/site-packages/airflow/example_dags/tutorial_taskflow_api_etl_virtualenv.py took 0.223 seconds
[2022-03-16 00:18:44,520] {processor.py:163} INFO - Started process (PID=4390) to work on /home/airflow/.local/lib/python3.7/site-packages/airflow/example_dags/tutorial_taskflow_api_etl_virtualenv.py
[2022-03-16 00:18:44,521] {processor.py:642} INFO - Processing file /home/airflow/.local/lib/python3.7/site-packages/airflow/example_dags/tutorial_taskflow_api_etl_virtualenv.py for tasks to queue
[2022-03-16 00:18:44,522] {logging_mixin.py:109} INFO - [2022-03-16 00:18:44,521] {dagbag.py:500} INFO - Filling up the DagBag from /home/airflow/.local/lib/python3.7/site-packages/airflow/example_dags/tutorial_taskflow_api_etl_virtualenv.py
[2022-03-16 00:18:44,556] {processor.py:654} INFO - DAG(s) dict_keys(['tutorial_taskflow_api_etl_virtualenv']) retrieved from /home/airflow/.local/lib/python3.7/site-packages/airflow/example_dags/tutorial_taskflow_api_etl_virtualenv.py
[2022-03-16 00:18:44,760] {logging_mixin.py:109} INFO - [2022-03-16 00:18:44,760] {dag.py:2398} INFO - Sync 1 DAGs
[2022-03-16 00:18:44,773] {logging_mixin.py:109} INFO - [2022-03-16 00:18:44,773] {dag.py:2937} INFO - Setting next_dagrun for tutorial_taskflow_api_etl_virtualenv to None
[2022-03-16 00:18:44,819] {processor.py:171} INFO - Processing /home/airflow/.local/lib/python3.7/site-packages/airflow/example_dags/tutorial_taskflow_api_etl_virtualenv.py took 0.302 seconds
[2022-03-16 00:19:15,266] {processor.py:163} INFO - Started process (PID=4447) to work on /home/airflow/.local/lib/python3.7/site-packages/airflow/example_dags/tutorial_taskflow_api_etl_virtualenv.py
[2022-03-16 00:19:15,276] {processor.py:642} INFO - Processing file /home/airflow/.local/lib/python3.7/site-packages/airflow/example_dags/tutorial_taskflow_api_etl_virtualenv.py for tasks to queue
[2022-03-16 00:19:15,276] {logging_mixin.py:109} INFO - [2022-03-16 00:19:15,276] {dagbag.py:500} INFO - Filling up the DagBag from /home/airflow/.local/lib/python3.7/site-packages/airflow/example_dags/tutorial_taskflow_api_etl_virtualenv.py
[2022-03-16 00:19:15,297] {processor.py:654} INFO - DAG(s) dict_keys(['tutorial_taskflow_api_etl_virtualenv']) retrieved from /home/airflow/.local/lib/python3.7/site-packages/airflow/example_dags/tutorial_taskflow_api_etl_virtualenv.py
[2022-03-16 00:19:15,438] {logging_mixin.py:109} INFO - [2022-03-16 00:19:15,438] {dag.py:2398} INFO - Sync 1 DAGs
[2022-03-16 00:19:15,451] {logging_mixin.py:109} INFO - [2022-03-16 00:19:15,451] {dag.py:2937} INFO - Setting next_dagrun for tutorial_taskflow_api_etl_virtualenv to None
[2022-03-16 00:19:15,490] {processor.py:171} INFO - Processing /home/airflow/.local/lib/python3.7/site-packages/airflow/example_dags/tutorial_taskflow_api_etl_virtualenv.py took 0.226 seconds
[2022-03-16 00:19:46,477] {processor.py:163} INFO - Started process (PID=4504) to work on /home/airflow/.local/lib/python3.7/site-packages/airflow/example_dags/tutorial_taskflow_api_etl_virtualenv.py
[2022-03-16 00:19:46,483] {processor.py:642} INFO - Processing file /home/airflow/.local/lib/python3.7/site-packages/airflow/example_dags/tutorial_taskflow_api_etl_virtualenv.py for tasks to queue
[2022-03-16 00:19:46,484] {logging_mixin.py:109} INFO - [2022-03-16 00:19:46,484] {dagbag.py:500} INFO - Filling up the DagBag from /home/airflow/.local/lib/python3.7/site-packages/airflow/example_dags/tutorial_taskflow_api_etl_virtualenv.py
[2022-03-16 00:19:46,529] {processor.py:654} INFO - DAG(s) dict_keys(['tutorial_taskflow_api_etl_virtualenv']) retrieved from /home/airflow/.local/lib/python3.7/site-packages/airflow/example_dags/tutorial_taskflow_api_etl_virtualenv.py
[2022-03-16 00:19:46,751] {logging_mixin.py:109} INFO - [2022-03-16 00:19:46,751] {dag.py:2398} INFO - Sync 1 DAGs
[2022-03-16 00:19:46,769] {logging_mixin.py:109} INFO - [2022-03-16 00:19:46,769] {dag.py:2937} INFO - Setting next_dagrun for tutorial_taskflow_api_etl_virtualenv to None
[2022-03-16 00:19:47,754] {processor.py:171} INFO - Processing /home/airflow/.local/lib/python3.7/site-packages/airflow/example_dags/tutorial_taskflow_api_etl_virtualenv.py took 1.281 seconds
[2022-03-16 00:20:18,379] {processor.py:163} INFO - Started process (PID=4564) to work on /home/airflow/.local/lib/python3.7/site-packages/airflow/example_dags/tutorial_taskflow_api_etl_virtualenv.py
[2022-03-16 00:20:18,533] {processor.py:642} INFO - Processing file /home/airflow/.local/lib/python3.7/site-packages/airflow/example_dags/tutorial_taskflow_api_etl_virtualenv.py for tasks to queue
[2022-03-16 00:20:18,533] {logging_mixin.py:109} INFO - [2022-03-16 00:20:18,533] {dagbag.py:500} INFO - Filling up the DagBag from /home/airflow/.local/lib/python3.7/site-packages/airflow/example_dags/tutorial_taskflow_api_etl_virtualenv.py
[2022-03-16 00:20:18,554] {processor.py:654} INFO - DAG(s) dict_keys(['tutorial_taskflow_api_etl_virtualenv']) retrieved from /home/airflow/.local/lib/python3.7/site-packages/airflow/example_dags/tutorial_taskflow_api_etl_virtualenv.py
[2022-03-16 00:20:18,686] {logging_mixin.py:109} INFO - [2022-03-16 00:20:18,686] {dag.py:2398} INFO - Sync 1 DAGs
[2022-03-16 00:20:18,695] {logging_mixin.py:109} INFO - [2022-03-16 00:20:18,695] {dag.py:2937} INFO - Setting next_dagrun for tutorial_taskflow_api_etl_virtualenv to None
[2022-03-16 00:20:19,157] {processor.py:171} INFO - Processing /home/airflow/.local/lib/python3.7/site-packages/airflow/example_dags/tutorial_taskflow_api_etl_virtualenv.py took 0.780 seconds
[2022-03-16 00:20:49,313] {processor.py:163} INFO - Started process (PID=4629) to work on /home/airflow/.local/lib/python3.7/site-packages/airflow/example_dags/tutorial_taskflow_api_etl_virtualenv.py
[2022-03-16 00:20:49,322] {processor.py:642} INFO - Processing file /home/airflow/.local/lib/python3.7/site-packages/airflow/example_dags/tutorial_taskflow_api_etl_virtualenv.py for tasks to queue
[2022-03-16 00:20:49,323] {logging_mixin.py:109} INFO - [2022-03-16 00:20:49,323] {dagbag.py:500} INFO - Filling up the DagBag from /home/airflow/.local/lib/python3.7/site-packages/airflow/example_dags/tutorial_taskflow_api_etl_virtualenv.py
[2022-03-16 00:20:49,343] {processor.py:654} INFO - DAG(s) dict_keys(['tutorial_taskflow_api_etl_virtualenv']) retrieved from /home/airflow/.local/lib/python3.7/site-packages/airflow/example_dags/tutorial_taskflow_api_etl_virtualenv.py
[2022-03-16 00:20:49,488] {logging_mixin.py:109} INFO - [2022-03-16 00:20:49,488] {dag.py:2398} INFO - Sync 1 DAGs
[2022-03-16 00:20:49,501] {logging_mixin.py:109} INFO - [2022-03-16 00:20:49,501] {dag.py:2937} INFO - Setting next_dagrun for tutorial_taskflow_api_etl_virtualenv to None
[2022-03-16 00:20:49,538] {processor.py:171} INFO - Processing /home/airflow/.local/lib/python3.7/site-packages/airflow/example_dags/tutorial_taskflow_api_etl_virtualenv.py took 0.226 seconds
[2022-03-16 00:21:20,741] {processor.py:163} INFO - Started process (PID=4693) to work on /home/airflow/.local/lib/python3.7/site-packages/airflow/example_dags/tutorial_taskflow_api_etl_virtualenv.py
[2022-03-16 00:21:21,074] {processor.py:642} INFO - Processing file /home/airflow/.local/lib/python3.7/site-packages/airflow/example_dags/tutorial_taskflow_api_etl_virtualenv.py for tasks to queue
[2022-03-16 00:21:21,074] {logging_mixin.py:109} INFO - [2022-03-16 00:21:21,074] {dagbag.py:500} INFO - Filling up the DagBag from /home/airflow/.local/lib/python3.7/site-packages/airflow/example_dags/tutorial_taskflow_api_etl_virtualenv.py
[2022-03-16 00:21:21,095] {processor.py:654} INFO - DAG(s) dict_keys(['tutorial_taskflow_api_etl_virtualenv']) retrieved from /home/airflow/.local/lib/python3.7/site-packages/airflow/example_dags/tutorial_taskflow_api_etl_virtualenv.py
[2022-03-16 00:21:21,231] {logging_mixin.py:109} INFO - [2022-03-16 00:21:21,231] {dag.py:2398} INFO - Sync 1 DAGs
[2022-03-16 00:21:21,241] {logging_mixin.py:109} INFO - [2022-03-16 00:21:21,241] {dag.py:2937} INFO - Setting next_dagrun for tutorial_taskflow_api_etl_virtualenv to None
[2022-03-16 00:21:21,280] {processor.py:171} INFO - Processing /home/airflow/.local/lib/python3.7/site-packages/airflow/example_dags/tutorial_taskflow_api_etl_virtualenv.py took 0.540 seconds
[2022-03-16 00:21:51,351] {processor.py:163} INFO - Started process (PID=4743) to work on /home/airflow/.local/lib/python3.7/site-packages/airflow/example_dags/tutorial_taskflow_api_etl_virtualenv.py
[2022-03-16 00:21:51,363] {processor.py:642} INFO - Processing file /home/airflow/.local/lib/python3.7/site-packages/airflow/example_dags/tutorial_taskflow_api_etl_virtualenv.py for tasks to queue
[2022-03-16 00:21:51,364] {logging_mixin.py:109} INFO - [2022-03-16 00:21:51,364] {dagbag.py:500} INFO - Filling up the DagBag from /home/airflow/.local/lib/python3.7/site-packages/airflow/example_dags/tutorial_taskflow_api_etl_virtualenv.py
[2022-03-16 00:21:51,408] {processor.py:654} INFO - DAG(s) dict_keys(['tutorial_taskflow_api_etl_virtualenv']) retrieved from /home/airflow/.local/lib/python3.7/site-packages/airflow/example_dags/tutorial_taskflow_api_etl_virtualenv.py
[2022-03-16 00:21:51,548] {logging_mixin.py:109} INFO - [2022-03-16 00:21:51,548] {dag.py:2398} INFO - Sync 1 DAGs
[2022-03-16 00:21:51,558] {logging_mixin.py:109} INFO - [2022-03-16 00:21:51,558] {dag.py:2937} INFO - Setting next_dagrun for tutorial_taskflow_api_etl_virtualenv to None
[2022-03-16 00:21:51,609] {processor.py:171} INFO - Processing /home/airflow/.local/lib/python3.7/site-packages/airflow/example_dags/tutorial_taskflow_api_etl_virtualenv.py took 0.263 seconds
[2022-03-16 00:22:22,479] {processor.py:163} INFO - Started process (PID=4814) to work on /home/airflow/.local/lib/python3.7/site-packages/airflow/example_dags/tutorial_taskflow_api_etl_virtualenv.py
[2022-03-16 00:22:22,483] {processor.py:642} INFO - Processing file /home/airflow/.local/lib/python3.7/site-packages/airflow/example_dags/tutorial_taskflow_api_etl_virtualenv.py for tasks to queue
[2022-03-16 00:22:22,483] {logging_mixin.py:109} INFO - [2022-03-16 00:22:22,483] {dagbag.py:500} INFO - Filling up the DagBag from /home/airflow/.local/lib/python3.7/site-packages/airflow/example_dags/tutorial_taskflow_api_etl_virtualenv.py
[2022-03-16 00:22:22,504] {processor.py:654} INFO - DAG(s) dict_keys(['tutorial_taskflow_api_etl_virtualenv']) retrieved from /home/airflow/.local/lib/python3.7/site-packages/airflow/example_dags/tutorial_taskflow_api_etl_virtualenv.py
[2022-03-16 00:22:22,639] {logging_mixin.py:109} INFO - [2022-03-16 00:22:22,638] {dag.py:2398} INFO - Sync 1 DAGs
[2022-03-16 00:22:22,648] {logging_mixin.py:109} INFO - [2022-03-16 00:22:22,648] {dag.py:2937} INFO - Setting next_dagrun for tutorial_taskflow_api_etl_virtualenv to None
[2022-03-16 00:22:22,691] {processor.py:171} INFO - Processing /home/airflow/.local/lib/python3.7/site-packages/airflow/example_dags/tutorial_taskflow_api_etl_virtualenv.py took 0.214 seconds
[2022-03-16 00:22:53,518] {processor.py:163} INFO - Started process (PID=4880) to work on /home/airflow/.local/lib/python3.7/site-packages/airflow/example_dags/tutorial_taskflow_api_etl_virtualenv.py
[2022-03-16 00:22:53,531] {processor.py:642} INFO - Processing file /home/airflow/.local/lib/python3.7/site-packages/airflow/example_dags/tutorial_taskflow_api_etl_virtualenv.py for tasks to queue
[2022-03-16 00:22:53,531] {logging_mixin.py:109} INFO - [2022-03-16 00:22:53,531] {dagbag.py:500} INFO - Filling up the DagBag from /home/airflow/.local/lib/python3.7/site-packages/airflow/example_dags/tutorial_taskflow_api_etl_virtualenv.py
[2022-03-16 00:22:53,574] {processor.py:654} INFO - DAG(s) dict_keys(['tutorial_taskflow_api_etl_virtualenv']) retrieved from /home/airflow/.local/lib/python3.7/site-packages/airflow/example_dags/tutorial_taskflow_api_etl_virtualenv.py
[2022-03-16 00:22:53,712] {logging_mixin.py:109} INFO - [2022-03-16 00:22:53,712] {dag.py:2398} INFO - Sync 1 DAGs
[2022-03-16 00:22:53,723] {logging_mixin.py:109} INFO - [2022-03-16 00:22:53,723] {dag.py:2937} INFO - Setting next_dagrun for tutorial_taskflow_api_etl_virtualenv to None
[2022-03-16 00:22:53,775] {processor.py:171} INFO - Processing /home/airflow/.local/lib/python3.7/site-packages/airflow/example_dags/tutorial_taskflow_api_etl_virtualenv.py took 0.259 seconds
[2022-03-16 00:23:25,283] {processor.py:163} INFO - Started process (PID=4942) to work on /home/airflow/.local/lib/python3.7/site-packages/airflow/example_dags/tutorial_taskflow_api_etl_virtualenv.py
[2022-03-16 00:23:25,286] {processor.py:642} INFO - Processing file /home/airflow/.local/lib/python3.7/site-packages/airflow/example_dags/tutorial_taskflow_api_etl_virtualenv.py for tasks to queue
[2022-03-16 00:23:25,287] {logging_mixin.py:109} INFO - [2022-03-16 00:23:25,287] {dagbag.py:500} INFO - Filling up the DagBag from /home/airflow/.local/lib/python3.7/site-packages/airflow/example_dags/tutorial_taskflow_api_etl_virtualenv.py
[2022-03-16 00:23:25,307] {processor.py:654} INFO - DAG(s) dict_keys(['tutorial_taskflow_api_etl_virtualenv']) retrieved from /home/airflow/.local/lib/python3.7/site-packages/airflow/example_dags/tutorial_taskflow_api_etl_virtualenv.py
[2022-03-16 00:23:25,455] {logging_mixin.py:109} INFO - [2022-03-16 00:23:25,455] {dag.py:2398} INFO - Sync 1 DAGs
[2022-03-16 00:23:25,466] {logging_mixin.py:109} INFO - [2022-03-16 00:23:25,466] {dag.py:2937} INFO - Setting next_dagrun for tutorial_taskflow_api_etl_virtualenv to None
[2022-03-16 00:23:25,508] {processor.py:171} INFO - Processing /home/airflow/.local/lib/python3.7/site-packages/airflow/example_dags/tutorial_taskflow_api_etl_virtualenv.py took 0.227 seconds
[2022-03-16 00:23:55,774] {processor.py:163} INFO - Started process (PID=4992) to work on /home/airflow/.local/lib/python3.7/site-packages/airflow/example_dags/tutorial_taskflow_api_etl_virtualenv.py
[2022-03-16 00:23:55,775] {processor.py:642} INFO - Processing file /home/airflow/.local/lib/python3.7/site-packages/airflow/example_dags/tutorial_taskflow_api_etl_virtualenv.py for tasks to queue
[2022-03-16 00:23:55,776] {logging_mixin.py:109} INFO - [2022-03-16 00:23:55,776] {dagbag.py:500} INFO - Filling up the DagBag from /home/airflow/.local/lib/python3.7/site-packages/airflow/example_dags/tutorial_taskflow_api_etl_virtualenv.py
[2022-03-16 00:23:55,815] {processor.py:654} INFO - DAG(s) dict_keys(['tutorial_taskflow_api_etl_virtualenv']) retrieved from /home/airflow/.local/lib/python3.7/site-packages/airflow/example_dags/tutorial_taskflow_api_etl_virtualenv.py
[2022-03-16 00:23:55,953] {logging_mixin.py:109} INFO - [2022-03-16 00:23:55,953] {dag.py:2398} INFO - Sync 1 DAGs
[2022-03-16 00:23:55,963] {logging_mixin.py:109} INFO - [2022-03-16 00:23:55,963] {dag.py:2937} INFO - Setting next_dagrun for tutorial_taskflow_api_etl_virtualenv to None
[2022-03-16 00:23:56,007] {processor.py:171} INFO - Processing /home/airflow/.local/lib/python3.7/site-packages/airflow/example_dags/tutorial_taskflow_api_etl_virtualenv.py took 0.235 seconds
[2022-03-16 00:24:26,574] {processor.py:163} INFO - Started process (PID=5064) to work on /home/airflow/.local/lib/python3.7/site-packages/airflow/example_dags/tutorial_taskflow_api_etl_virtualenv.py
[2022-03-16 00:24:26,588] {processor.py:642} INFO - Processing file /home/airflow/.local/lib/python3.7/site-packages/airflow/example_dags/tutorial_taskflow_api_etl_virtualenv.py for tasks to queue
[2022-03-16 00:24:26,588] {logging_mixin.py:109} INFO - [2022-03-16 00:24:26,588] {dagbag.py:500} INFO - Filling up the DagBag from /home/airflow/.local/lib/python3.7/site-packages/airflow/example_dags/tutorial_taskflow_api_etl_virtualenv.py
[2022-03-16 00:24:26,612] {processor.py:654} INFO - DAG(s) dict_keys(['tutorial_taskflow_api_etl_virtualenv']) retrieved from /home/airflow/.local/lib/python3.7/site-packages/airflow/example_dags/tutorial_taskflow_api_etl_virtualenv.py
[2022-03-16 00:24:26,764] {logging_mixin.py:109} INFO - [2022-03-16 00:24:26,764] {dag.py:2398} INFO - Sync 1 DAGs
[2022-03-16 00:24:26,776] {logging_mixin.py:109} INFO - [2022-03-16 00:24:26,776] {dag.py:2937} INFO - Setting next_dagrun for tutorial_taskflow_api_etl_virtualenv to None
[2022-03-16 00:24:26,842] {processor.py:171} INFO - Processing /home/airflow/.local/lib/python3.7/site-packages/airflow/example_dags/tutorial_taskflow_api_etl_virtualenv.py took 0.269 seconds
[2022-03-16 00:24:57,278] {processor.py:163} INFO - Started process (PID=5127) to work on /home/airflow/.local/lib/python3.7/site-packages/airflow/example_dags/tutorial_taskflow_api_etl_virtualenv.py
[2022-03-16 00:24:57,283] {processor.py:642} INFO - Processing file /home/airflow/.local/lib/python3.7/site-packages/airflow/example_dags/tutorial_taskflow_api_etl_virtualenv.py for tasks to queue
[2022-03-16 00:24:57,283] {logging_mixin.py:109} INFO - [2022-03-16 00:24:57,283] {dagbag.py:500} INFO - Filling up the DagBag from /home/airflow/.local/lib/python3.7/site-packages/airflow/example_dags/tutorial_taskflow_api_etl_virtualenv.py
[2022-03-16 00:24:57,307] {processor.py:654} INFO - DAG(s) dict_keys(['tutorial_taskflow_api_etl_virtualenv']) retrieved from /home/airflow/.local/lib/python3.7/site-packages/airflow/example_dags/tutorial_taskflow_api_etl_virtualenv.py
[2022-03-16 00:24:57,465] {logging_mixin.py:109} INFO - [2022-03-16 00:24:57,465] {dag.py:2398} INFO - Sync 1 DAGs
[2022-03-16 00:24:57,482] {logging_mixin.py:109} INFO - [2022-03-16 00:24:57,482] {dag.py:2937} INFO - Setting next_dagrun for tutorial_taskflow_api_etl_virtualenv to None
[2022-03-16 00:24:57,579] {processor.py:171} INFO - Processing /home/airflow/.local/lib/python3.7/site-packages/airflow/example_dags/tutorial_taskflow_api_etl_virtualenv.py took 0.305 seconds
[2022-03-16 00:25:27,704] {processor.py:163} INFO - Started process (PID=5190) to work on /home/airflow/.local/lib/python3.7/site-packages/airflow/example_dags/tutorial_taskflow_api_etl_virtualenv.py
[2022-03-16 00:25:27,705] {processor.py:642} INFO - Processing file /home/airflow/.local/lib/python3.7/site-packages/airflow/example_dags/tutorial_taskflow_api_etl_virtualenv.py for tasks to queue
[2022-03-16 00:25:27,705] {logging_mixin.py:109} INFO - [2022-03-16 00:25:27,705] {dagbag.py:500} INFO - Filling up the DagBag from /home/airflow/.local/lib/python3.7/site-packages/airflow/example_dags/tutorial_taskflow_api_etl_virtualenv.py
[2022-03-16 00:25:27,736] {processor.py:654} INFO - DAG(s) dict_keys(['tutorial_taskflow_api_etl_virtualenv']) retrieved from /home/airflow/.local/lib/python3.7/site-packages/airflow/example_dags/tutorial_taskflow_api_etl_virtualenv.py
[2022-03-16 00:25:27,881] {logging_mixin.py:109} INFO - [2022-03-16 00:25:27,880] {dag.py:2398} INFO - Sync 1 DAGs
[2022-03-16 00:25:27,893] {logging_mixin.py:109} INFO - [2022-03-16 00:25:27,892] {dag.py:2937} INFO - Setting next_dagrun for tutorial_taskflow_api_etl_virtualenv to None
[2022-03-16 00:25:27,936] {processor.py:171} INFO - Processing /home/airflow/.local/lib/python3.7/site-packages/airflow/example_dags/tutorial_taskflow_api_etl_virtualenv.py took 0.234 seconds
[2022-03-16 00:25:59,557] {processor.py:163} INFO - Started process (PID=5240) to work on /home/airflow/.local/lib/python3.7/site-packages/airflow/example_dags/tutorial_taskflow_api_etl_virtualenv.py
[2022-03-16 00:25:59,562] {processor.py:642} INFO - Processing file /home/airflow/.local/lib/python3.7/site-packages/airflow/example_dags/tutorial_taskflow_api_etl_virtualenv.py for tasks to queue
[2022-03-16 00:25:59,562] {logging_mixin.py:109} INFO - [2022-03-16 00:25:59,562] {dagbag.py:500} INFO - Filling up the DagBag from /home/airflow/.local/lib/python3.7/site-packages/airflow/example_dags/tutorial_taskflow_api_etl_virtualenv.py
[2022-03-16 00:25:59,584] {processor.py:654} INFO - DAG(s) dict_keys(['tutorial_taskflow_api_etl_virtualenv']) retrieved from /home/airflow/.local/lib/python3.7/site-packages/airflow/example_dags/tutorial_taskflow_api_etl_virtualenv.py
[2022-03-16 00:25:59,590] {logging_mixin.py:109} INFO - [2022-03-16 00:25:59,590] {dag.py:2398} INFO - Sync 1 DAGs
[2022-03-16 00:25:59,602] {logging_mixin.py:109} INFO - [2022-03-16 00:25:59,602] {dag.py:2937} INFO - Setting next_dagrun for tutorial_taskflow_api_etl_virtualenv to None
[2022-03-16 00:25:59,642] {processor.py:171} INFO - Processing /home/airflow/.local/lib/python3.7/site-packages/airflow/example_dags/tutorial_taskflow_api_etl_virtualenv.py took 0.087 seconds
[2022-03-16 00:26:31,167] {processor.py:163} INFO - Started process (PID=5311) to work on /home/airflow/.local/lib/python3.7/site-packages/airflow/example_dags/tutorial_taskflow_api_etl_virtualenv.py
[2022-03-16 00:26:31,244] {processor.py:642} INFO - Processing file /home/airflow/.local/lib/python3.7/site-packages/airflow/example_dags/tutorial_taskflow_api_etl_virtualenv.py for tasks to queue
[2022-03-16 00:26:31,246] {logging_mixin.py:109} INFO - [2022-03-16 00:26:31,245] {dagbag.py:500} INFO - Filling up the DagBag from /home/airflow/.local/lib/python3.7/site-packages/airflow/example_dags/tutorial_taskflow_api_etl_virtualenv.py
[2022-03-16 00:26:31,297] {processor.py:654} INFO - DAG(s) dict_keys(['tutorial_taskflow_api_etl_virtualenv']) retrieved from /home/airflow/.local/lib/python3.7/site-packages/airflow/example_dags/tutorial_taskflow_api_etl_virtualenv.py
[2022-03-16 00:26:31,444] {logging_mixin.py:109} INFO - [2022-03-16 00:26:31,444] {dag.py:2398} INFO - Sync 1 DAGs
[2022-03-16 00:26:31,455] {logging_mixin.py:109} INFO - [2022-03-16 00:26:31,455] {dag.py:2937} INFO - Setting next_dagrun for tutorial_taskflow_api_etl_virtualenv to None
[2022-03-16 00:26:32,115] {processor.py:171} INFO - Processing /home/airflow/.local/lib/python3.7/site-packages/airflow/example_dags/tutorial_taskflow_api_etl_virtualenv.py took 0.954 seconds
[2022-03-16 00:27:04,501] {processor.py:163} INFO - Started process (PID=5376) to work on /home/airflow/.local/lib/python3.7/site-packages/airflow/example_dags/tutorial_taskflow_api_etl_virtualenv.py
[2022-03-16 00:27:04,537] {processor.py:642} INFO - Processing file /home/airflow/.local/lib/python3.7/site-packages/airflow/example_dags/tutorial_taskflow_api_etl_virtualenv.py for tasks to queue
[2022-03-16 00:27:04,538] {logging_mixin.py:109} INFO - [2022-03-16 00:27:04,538] {dagbag.py:500} INFO - Filling up the DagBag from /home/airflow/.local/lib/python3.7/site-packages/airflow/example_dags/tutorial_taskflow_api_etl_virtualenv.py
[2022-03-16 00:27:04,560] {processor.py:654} INFO - DAG(s) dict_keys(['tutorial_taskflow_api_etl_virtualenv']) retrieved from /home/airflow/.local/lib/python3.7/site-packages/airflow/example_dags/tutorial_taskflow_api_etl_virtualenv.py
[2022-03-16 00:27:04,693] {logging_mixin.py:109} INFO - [2022-03-16 00:27:04,693] {dag.py:2398} INFO - Sync 1 DAGs
[2022-03-16 00:27:04,704] {logging_mixin.py:109} INFO - [2022-03-16 00:27:04,703] {dag.py:2937} INFO - Setting next_dagrun for tutorial_taskflow_api_etl_virtualenv to None
[2022-03-16 00:27:04,749] {processor.py:171} INFO - Processing /home/airflow/.local/lib/python3.7/site-packages/airflow/example_dags/tutorial_taskflow_api_etl_virtualenv.py took 0.250 seconds
[2022-03-16 00:27:34,873] {processor.py:163} INFO - Started process (PID=5436) to work on /home/airflow/.local/lib/python3.7/site-packages/airflow/example_dags/tutorial_taskflow_api_etl_virtualenv.py
[2022-03-16 00:27:34,874] {processor.py:642} INFO - Processing file /home/airflow/.local/lib/python3.7/site-packages/airflow/example_dags/tutorial_taskflow_api_etl_virtualenv.py for tasks to queue
[2022-03-16 00:27:34,874] {logging_mixin.py:109} INFO - [2022-03-16 00:27:34,874] {dagbag.py:500} INFO - Filling up the DagBag from /home/airflow/.local/lib/python3.7/site-packages/airflow/example_dags/tutorial_taskflow_api_etl_virtualenv.py
[2022-03-16 00:27:34,897] {processor.py:654} INFO - DAG(s) dict_keys(['tutorial_taskflow_api_etl_virtualenv']) retrieved from /home/airflow/.local/lib/python3.7/site-packages/airflow/example_dags/tutorial_taskflow_api_etl_virtualenv.py
[2022-03-16 00:27:35,029] {logging_mixin.py:109} INFO - [2022-03-16 00:27:35,029] {dag.py:2398} INFO - Sync 1 DAGs
[2022-03-16 00:27:35,039] {logging_mixin.py:109} INFO - [2022-03-16 00:27:35,039] {dag.py:2937} INFO - Setting next_dagrun for tutorial_taskflow_api_etl_virtualenv to None
[2022-03-16 00:27:35,085] {processor.py:171} INFO - Processing /home/airflow/.local/lib/python3.7/site-packages/airflow/example_dags/tutorial_taskflow_api_etl_virtualenv.py took 0.214 seconds
[2022-03-16 00:28:05,317] {processor.py:163} INFO - Started process (PID=5488) to work on /home/airflow/.local/lib/python3.7/site-packages/airflow/example_dags/tutorial_taskflow_api_etl_virtualenv.py
[2022-03-16 00:28:05,318] {processor.py:642} INFO - Processing file /home/airflow/.local/lib/python3.7/site-packages/airflow/example_dags/tutorial_taskflow_api_etl_virtualenv.py for tasks to queue
[2022-03-16 00:28:05,319] {logging_mixin.py:109} INFO - [2022-03-16 00:28:05,319] {dagbag.py:500} INFO - Filling up the DagBag from /home/airflow/.local/lib/python3.7/site-packages/airflow/example_dags/tutorial_taskflow_api_etl_virtualenv.py
[2022-03-16 00:28:05,362] {processor.py:654} INFO - DAG(s) dict_keys(['tutorial_taskflow_api_etl_virtualenv']) retrieved from /home/airflow/.local/lib/python3.7/site-packages/airflow/example_dags/tutorial_taskflow_api_etl_virtualenv.py
[2022-03-16 00:28:05,536] {logging_mixin.py:109} INFO - [2022-03-16 00:28:05,535] {dag.py:2398} INFO - Sync 1 DAGs
[2022-03-16 00:28:05,545] {logging_mixin.py:109} INFO - [2022-03-16 00:28:05,545] {dag.py:2937} INFO - Setting next_dagrun for tutorial_taskflow_api_etl_virtualenv to None
[2022-03-16 00:28:06,941] {processor.py:171} INFO - Processing /home/airflow/.local/lib/python3.7/site-packages/airflow/example_dags/tutorial_taskflow_api_etl_virtualenv.py took 1.626 seconds
[2022-03-16 00:28:37,015] {processor.py:163} INFO - Started process (PID=5559) to work on /home/airflow/.local/lib/python3.7/site-packages/airflow/example_dags/tutorial_taskflow_api_etl_virtualenv.py
[2022-03-16 00:28:37,034] {processor.py:642} INFO - Processing file /home/airflow/.local/lib/python3.7/site-packages/airflow/example_dags/tutorial_taskflow_api_etl_virtualenv.py for tasks to queue
[2022-03-16 00:28:37,035] {logging_mixin.py:109} INFO - [2022-03-16 00:28:37,034] {dagbag.py:500} INFO - Filling up the DagBag from /home/airflow/.local/lib/python3.7/site-packages/airflow/example_dags/tutorial_taskflow_api_etl_virtualenv.py
[2022-03-16 00:28:37,071] {processor.py:654} INFO - DAG(s) dict_keys(['tutorial_taskflow_api_etl_virtualenv']) retrieved from /home/airflow/.local/lib/python3.7/site-packages/airflow/example_dags/tutorial_taskflow_api_etl_virtualenv.py
[2022-03-16 00:28:37,259] {logging_mixin.py:109} INFO - [2022-03-16 00:28:37,259] {dag.py:2398} INFO - Sync 1 DAGs
[2022-03-16 00:28:37,277] {logging_mixin.py:109} INFO - [2022-03-16 00:28:37,277] {dag.py:2937} INFO - Setting next_dagrun for tutorial_taskflow_api_etl_virtualenv to None
[2022-03-16 00:28:37,371] {processor.py:171} INFO - Processing /home/airflow/.local/lib/python3.7/site-packages/airflow/example_dags/tutorial_taskflow_api_etl_virtualenv.py took 0.358 seconds
[2022-03-16 00:29:07,571] {processor.py:163} INFO - Started process (PID=5619) to work on /home/airflow/.local/lib/python3.7/site-packages/airflow/example_dags/tutorial_taskflow_api_etl_virtualenv.py
[2022-03-16 00:29:07,574] {processor.py:642} INFO - Processing file /home/airflow/.local/lib/python3.7/site-packages/airflow/example_dags/tutorial_taskflow_api_etl_virtualenv.py for tasks to queue
[2022-03-16 00:29:07,575] {logging_mixin.py:109} INFO - [2022-03-16 00:29:07,575] {dagbag.py:500} INFO - Filling up the DagBag from /home/airflow/.local/lib/python3.7/site-packages/airflow/example_dags/tutorial_taskflow_api_etl_virtualenv.py
[2022-03-16 00:29:07,616] {processor.py:654} INFO - DAG(s) dict_keys(['tutorial_taskflow_api_etl_virtualenv']) retrieved from /home/airflow/.local/lib/python3.7/site-packages/airflow/example_dags/tutorial_taskflow_api_etl_virtualenv.py
[2022-03-16 00:29:07,746] {logging_mixin.py:109} INFO - [2022-03-16 00:29:07,745] {dag.py:2398} INFO - Sync 1 DAGs
[2022-03-16 00:29:07,755] {logging_mixin.py:109} INFO - [2022-03-16 00:29:07,755] {dag.py:2937} INFO - Setting next_dagrun for tutorial_taskflow_api_etl_virtualenv to None
[2022-03-16 00:29:09,107] {processor.py:171} INFO - Processing /home/airflow/.local/lib/python3.7/site-packages/airflow/example_dags/tutorial_taskflow_api_etl_virtualenv.py took 1.542 seconds
[2022-03-16 00:29:39,210] {processor.py:163} INFO - Started process (PID=5669) to work on /home/airflow/.local/lib/python3.7/site-packages/airflow/example_dags/tutorial_taskflow_api_etl_virtualenv.py
[2022-03-16 00:29:39,231] {processor.py:642} INFO - Processing file /home/airflow/.local/lib/python3.7/site-packages/airflow/example_dags/tutorial_taskflow_api_etl_virtualenv.py for tasks to queue
[2022-03-16 00:29:39,231] {logging_mixin.py:109} INFO - [2022-03-16 00:29:39,231] {dagbag.py:500} INFO - Filling up the DagBag from /home/airflow/.local/lib/python3.7/site-packages/airflow/example_dags/tutorial_taskflow_api_etl_virtualenv.py
[2022-03-16 00:29:39,253] {processor.py:654} INFO - DAG(s) dict_keys(['tutorial_taskflow_api_etl_virtualenv']) retrieved from /home/airflow/.local/lib/python3.7/site-packages/airflow/example_dags/tutorial_taskflow_api_etl_virtualenv.py
[2022-03-16 00:29:39,385] {logging_mixin.py:109} INFO - [2022-03-16 00:29:39,385] {dag.py:2398} INFO - Sync 1 DAGs
[2022-03-16 00:29:39,396] {logging_mixin.py:109} INFO - [2022-03-16 00:29:39,396] {dag.py:2937} INFO - Setting next_dagrun for tutorial_taskflow_api_etl_virtualenv to None
[2022-03-16 00:29:39,809] {processor.py:171} INFO - Processing /home/airflow/.local/lib/python3.7/site-packages/airflow/example_dags/tutorial_taskflow_api_etl_virtualenv.py took 0.601 seconds
[2022-03-16 00:30:10,334] {processor.py:163} INFO - Started process (PID=5734) to work on /home/airflow/.local/lib/python3.7/site-packages/airflow/example_dags/tutorial_taskflow_api_etl_virtualenv.py
[2022-03-16 00:30:10,337] {processor.py:642} INFO - Processing file /home/airflow/.local/lib/python3.7/site-packages/airflow/example_dags/tutorial_taskflow_api_etl_virtualenv.py for tasks to queue
[2022-03-16 00:30:10,337] {logging_mixin.py:109} INFO - [2022-03-16 00:30:10,337] {dagbag.py:500} INFO - Filling up the DagBag from /home/airflow/.local/lib/python3.7/site-packages/airflow/example_dags/tutorial_taskflow_api_etl_virtualenv.py
[2022-03-16 00:30:10,358] {processor.py:654} INFO - DAG(s) dict_keys(['tutorial_taskflow_api_etl_virtualenv']) retrieved from /home/airflow/.local/lib/python3.7/site-packages/airflow/example_dags/tutorial_taskflow_api_etl_virtualenv.py
[2022-03-16 00:30:10,505] {logging_mixin.py:109} INFO - [2022-03-16 00:30:10,505] {dag.py:2398} INFO - Sync 1 DAGs
[2022-03-16 00:30:10,515] {logging_mixin.py:109} INFO - [2022-03-16 00:30:10,515] {dag.py:2937} INFO - Setting next_dagrun for tutorial_taskflow_api_etl_virtualenv to None
[2022-03-16 00:30:10,555] {processor.py:171} INFO - Processing /home/airflow/.local/lib/python3.7/site-packages/airflow/example_dags/tutorial_taskflow_api_etl_virtualenv.py took 0.223 seconds
[2022-03-16 00:30:41,236] {processor.py:163} INFO - Started process (PID=5799) to work on /home/airflow/.local/lib/python3.7/site-packages/airflow/example_dags/tutorial_taskflow_api_etl_virtualenv.py
[2022-03-16 00:30:41,251] {processor.py:642} INFO - Processing file /home/airflow/.local/lib/python3.7/site-packages/airflow/example_dags/tutorial_taskflow_api_etl_virtualenv.py for tasks to queue
[2022-03-16 00:30:41,251] {logging_mixin.py:109} INFO - [2022-03-16 00:30:41,251] {dagbag.py:500} INFO - Filling up the DagBag from /home/airflow/.local/lib/python3.7/site-packages/airflow/example_dags/tutorial_taskflow_api_etl_virtualenv.py
[2022-03-16 00:30:41,273] {processor.py:654} INFO - DAG(s) dict_keys(['tutorial_taskflow_api_etl_virtualenv']) retrieved from /home/airflow/.local/lib/python3.7/site-packages/airflow/example_dags/tutorial_taskflow_api_etl_virtualenv.py
[2022-03-16 00:30:41,429] {logging_mixin.py:109} INFO - [2022-03-16 00:30:41,429] {dag.py:2398} INFO - Sync 1 DAGs
[2022-03-16 00:30:41,440] {logging_mixin.py:109} INFO - [2022-03-16 00:30:41,440] {dag.py:2937} INFO - Setting next_dagrun for tutorial_taskflow_api_etl_virtualenv to None
[2022-03-16 00:30:41,561] {processor.py:171} INFO - Processing /home/airflow/.local/lib/python3.7/site-packages/airflow/example_dags/tutorial_taskflow_api_etl_virtualenv.py took 0.327 seconds
[2022-03-16 00:31:12,057] {processor.py:163} INFO - Started process (PID=5859) to work on /home/airflow/.local/lib/python3.7/site-packages/airflow/example_dags/tutorial_taskflow_api_etl_virtualenv.py
[2022-03-16 00:31:12,058] {processor.py:642} INFO - Processing file /home/airflow/.local/lib/python3.7/site-packages/airflow/example_dags/tutorial_taskflow_api_etl_virtualenv.py for tasks to queue
[2022-03-16 00:31:12,058] {logging_mixin.py:109} INFO - [2022-03-16 00:31:12,058] {dagbag.py:500} INFO - Filling up the DagBag from /home/airflow/.local/lib/python3.7/site-packages/airflow/example_dags/tutorial_taskflow_api_etl_virtualenv.py
[2022-03-16 00:31:12,083] {processor.py:654} INFO - DAG(s) dict_keys(['tutorial_taskflow_api_etl_virtualenv']) retrieved from /home/airflow/.local/lib/python3.7/site-packages/airflow/example_dags/tutorial_taskflow_api_etl_virtualenv.py
[2022-03-16 00:31:12,230] {logging_mixin.py:109} INFO - [2022-03-16 00:31:12,230] {dag.py:2398} INFO - Sync 1 DAGs
[2022-03-16 00:31:12,241] {logging_mixin.py:109} INFO - [2022-03-16 00:31:12,241] {dag.py:2937} INFO - Setting next_dagrun for tutorial_taskflow_api_etl_virtualenv to None
[2022-03-16 00:31:12,286] {processor.py:171} INFO - Processing /home/airflow/.local/lib/python3.7/site-packages/airflow/example_dags/tutorial_taskflow_api_etl_virtualenv.py took 0.231 seconds
[2022-03-16 00:31:46,342] {processor.py:163} INFO - Started process (PID=5919) to work on /home/airflow/.local/lib/python3.7/site-packages/airflow/example_dags/tutorial_taskflow_api_etl_virtualenv.py
[2022-03-16 00:31:46,374] {processor.py:642} INFO - Processing file /home/airflow/.local/lib/python3.7/site-packages/airflow/example_dags/tutorial_taskflow_api_etl_virtualenv.py for tasks to queue
[2022-03-16 00:31:46,375] {logging_mixin.py:109} INFO - [2022-03-16 00:31:46,375] {dagbag.py:500} INFO - Filling up the DagBag from /home/airflow/.local/lib/python3.7/site-packages/airflow/example_dags/tutorial_taskflow_api_etl_virtualenv.py
[2022-03-16 00:31:46,397] {processor.py:654} INFO - DAG(s) dict_keys(['tutorial_taskflow_api_etl_virtualenv']) retrieved from /home/airflow/.local/lib/python3.7/site-packages/airflow/example_dags/tutorial_taskflow_api_etl_virtualenv.py
[2022-03-16 00:31:46,552] {logging_mixin.py:109} INFO - [2022-03-16 00:31:46,551] {dag.py:2398} INFO - Sync 1 DAGs
[2022-03-16 00:31:46,564] {logging_mixin.py:109} INFO - [2022-03-16 00:31:46,564] {dag.py:2937} INFO - Setting next_dagrun for tutorial_taskflow_api_etl_virtualenv to None
[2022-03-16 00:31:48,060] {processor.py:171} INFO - Processing /home/airflow/.local/lib/python3.7/site-packages/airflow/example_dags/tutorial_taskflow_api_etl_virtualenv.py took 1.720 seconds
[2022-03-16 00:32:18,532] {processor.py:163} INFO - Started process (PID=5981) to work on /home/airflow/.local/lib/python3.7/site-packages/airflow/example_dags/tutorial_taskflow_api_etl_virtualenv.py
[2022-03-16 00:32:18,558] {processor.py:642} INFO - Processing file /home/airflow/.local/lib/python3.7/site-packages/airflow/example_dags/tutorial_taskflow_api_etl_virtualenv.py for tasks to queue
[2022-03-16 00:32:18,559] {logging_mixin.py:109} INFO - [2022-03-16 00:32:18,559] {dagbag.py:500} INFO - Filling up the DagBag from /home/airflow/.local/lib/python3.7/site-packages/airflow/example_dags/tutorial_taskflow_api_etl_virtualenv.py
[2022-03-16 00:32:18,613] {processor.py:654} INFO - DAG(s) dict_keys(['tutorial_taskflow_api_etl_virtualenv']) retrieved from /home/airflow/.local/lib/python3.7/site-packages/airflow/example_dags/tutorial_taskflow_api_etl_virtualenv.py
[2022-03-16 00:32:18,930] {logging_mixin.py:109} INFO - [2022-03-16 00:32:18,930] {dag.py:2398} INFO - Sync 1 DAGs
[2022-03-16 00:32:18,944] {logging_mixin.py:109} INFO - [2022-03-16 00:32:18,944] {dag.py:2937} INFO - Setting next_dagrun for tutorial_taskflow_api_etl_virtualenv to None
[2022-03-16 00:32:19,565] {processor.py:171} INFO - Processing /home/airflow/.local/lib/python3.7/site-packages/airflow/example_dags/tutorial_taskflow_api_etl_virtualenv.py took 1.035 seconds
[2022-03-16 00:32:49,960] {processor.py:163} INFO - Started process (PID=6045) to work on /home/airflow/.local/lib/python3.7/site-packages/airflow/example_dags/tutorial_taskflow_api_etl_virtualenv.py
[2022-03-16 00:32:49,983] {processor.py:642} INFO - Processing file /home/airflow/.local/lib/python3.7/site-packages/airflow/example_dags/tutorial_taskflow_api_etl_virtualenv.py for tasks to queue
[2022-03-16 00:32:49,983] {logging_mixin.py:109} INFO - [2022-03-16 00:32:49,983] {dagbag.py:500} INFO - Filling up the DagBag from /home/airflow/.local/lib/python3.7/site-packages/airflow/example_dags/tutorial_taskflow_api_etl_virtualenv.py
[2022-03-16 00:32:50,005] {processor.py:654} INFO - DAG(s) dict_keys(['tutorial_taskflow_api_etl_virtualenv']) retrieved from /home/airflow/.local/lib/python3.7/site-packages/airflow/example_dags/tutorial_taskflow_api_etl_virtualenv.py
[2022-03-16 00:32:50,134] {logging_mixin.py:109} INFO - [2022-03-16 00:32:50,134] {dag.py:2398} INFO - Sync 1 DAGs
[2022-03-16 00:32:50,144] {logging_mixin.py:109} INFO - [2022-03-16 00:32:50,144] {dag.py:2937} INFO - Setting next_dagrun for tutorial_taskflow_api_etl_virtualenv to None
[2022-03-16 00:32:51,093] {processor.py:171} INFO - Processing /home/airflow/.local/lib/python3.7/site-packages/airflow/example_dags/tutorial_taskflow_api_etl_virtualenv.py took 1.135 seconds
[2022-03-16 00:33:21,143] {processor.py:163} INFO - Started process (PID=6101) to work on /home/airflow/.local/lib/python3.7/site-packages/airflow/example_dags/tutorial_taskflow_api_etl_virtualenv.py
[2022-03-16 00:33:21,197] {processor.py:642} INFO - Processing file /home/airflow/.local/lib/python3.7/site-packages/airflow/example_dags/tutorial_taskflow_api_etl_virtualenv.py for tasks to queue
[2022-03-16 00:33:21,198] {logging_mixin.py:109} INFO - [2022-03-16 00:33:21,198] {dagbag.py:500} INFO - Filling up the DagBag from /home/airflow/.local/lib/python3.7/site-packages/airflow/example_dags/tutorial_taskflow_api_etl_virtualenv.py
[2022-03-16 00:33:21,221] {processor.py:654} INFO - DAG(s) dict_keys(['tutorial_taskflow_api_etl_virtualenv']) retrieved from /home/airflow/.local/lib/python3.7/site-packages/airflow/example_dags/tutorial_taskflow_api_etl_virtualenv.py
[2022-03-16 00:33:21,357] {logging_mixin.py:109} INFO - [2022-03-16 00:33:21,357] {dag.py:2398} INFO - Sync 1 DAGs
[2022-03-16 00:33:21,367] {logging_mixin.py:109} INFO - [2022-03-16 00:33:21,367] {dag.py:2937} INFO - Setting next_dagrun for tutorial_taskflow_api_etl_virtualenv to None
[2022-03-16 00:33:21,420] {processor.py:171} INFO - Processing /home/airflow/.local/lib/python3.7/site-packages/airflow/example_dags/tutorial_taskflow_api_etl_virtualenv.py took 0.279 seconds
[2022-03-16 00:33:51,505] {processor.py:163} INFO - Started process (PID=6160) to work on /home/airflow/.local/lib/python3.7/site-packages/airflow/example_dags/tutorial_taskflow_api_etl_virtualenv.py
[2022-03-16 00:33:51,567] {processor.py:642} INFO - Processing file /home/airflow/.local/lib/python3.7/site-packages/airflow/example_dags/tutorial_taskflow_api_etl_virtualenv.py for tasks to queue
[2022-03-16 00:33:51,568] {logging_mixin.py:109} INFO - [2022-03-16 00:33:51,567] {dagbag.py:500} INFO - Filling up the DagBag from /home/airflow/.local/lib/python3.7/site-packages/airflow/example_dags/tutorial_taskflow_api_etl_virtualenv.py
[2022-03-16 00:33:51,589] {processor.py:654} INFO - DAG(s) dict_keys(['tutorial_taskflow_api_etl_virtualenv']) retrieved from /home/airflow/.local/lib/python3.7/site-packages/airflow/example_dags/tutorial_taskflow_api_etl_virtualenv.py
[2022-03-16 00:33:51,726] {logging_mixin.py:109} INFO - [2022-03-16 00:33:51,726] {dag.py:2398} INFO - Sync 1 DAGs
[2022-03-16 00:33:51,737] {logging_mixin.py:109} INFO - [2022-03-16 00:33:51,737] {dag.py:2937} INFO - Setting next_dagrun for tutorial_taskflow_api_etl_virtualenv to None
[2022-03-16 00:33:52,247] {processor.py:171} INFO - Processing /home/airflow/.local/lib/python3.7/site-packages/airflow/example_dags/tutorial_taskflow_api_etl_virtualenv.py took 0.745 seconds
