[2022-03-13 14:58:58,526] {taskinstance.py:1037} INFO - Dependencies all met for <TaskInstance: example_bash_operator.this_will_skip scheduled__2022-03-12T00:00:00+00:00 [queued]>
[2022-03-13 14:58:58,539] {taskinstance.py:1037} INFO - Dependencies all met for <TaskInstance: example_bash_operator.this_will_skip scheduled__2022-03-12T00:00:00+00:00 [queued]>
[2022-03-13 14:58:58,539] {taskinstance.py:1243} INFO - 
--------------------------------------------------------------------------------
[2022-03-13 14:58:58,539] {taskinstance.py:1244} INFO - Starting attempt 1 of 1
[2022-03-13 14:58:58,539] {taskinstance.py:1245} INFO - 
--------------------------------------------------------------------------------
[2022-03-13 14:58:58,609] {taskinstance.py:1264} INFO - Executing <Task(BashOperator): this_will_skip> on 2022-03-12 00:00:00+00:00
[2022-03-13 14:58:58,616] {standard_task_runner.py:52} INFO - Started process 215 to run task
[2022-03-13 14:58:58,621] {standard_task_runner.py:76} INFO - Running: ['***', 'tasks', 'run', 'example_bash_operator', 'this_will_skip', 'scheduled__2022-03-12T00:00:00+00:00', '--job-id', '7', '--raw', '--subdir', '/home/***/.local/lib/python3.7/site-packages/***/example_dags/example_bash_operator.py', '--cfg-path', '/tmp/tmp4ahkhqs8', '--error-file', '/tmp/tmpsqskbv_r']
[2022-03-13 14:58:58,622] {standard_task_runner.py:77} INFO - Job 7: Subtask this_will_skip
[2022-03-13 14:58:58,728] {logging_mixin.py:109} INFO - Running <TaskInstance: example_bash_operator.this_will_skip scheduled__2022-03-12T00:00:00+00:00 [running]> on host 33f4149e0bde
[2022-03-13 14:58:59,668] {taskinstance.py:1431} INFO - Exporting the following env vars:
AIRFLOW_CTX_DAG_OWNER=***
AIRFLOW_CTX_DAG_ID=example_bash_operator
AIRFLOW_CTX_TASK_ID=this_will_skip
AIRFLOW_CTX_EXECUTION_DATE=2022-03-12T00:00:00+00:00
AIRFLOW_CTX_DAG_RUN_ID=scheduled__2022-03-12T00:00:00+00:00
[2022-03-13 14:58:59,669] {subprocess.py:62} INFO - Tmp dir root location: 
 /tmp
[2022-03-13 14:58:59,670] {subprocess.py:74} INFO - Running command: ['bash', '-c', 'echo "hello world"; exit 99;']
[2022-03-13 14:58:59,684] {subprocess.py:85} INFO - Output:
[2022-03-13 14:58:59,687] {subprocess.py:89} INFO - hello world
[2022-03-13 14:58:59,687] {subprocess.py:93} INFO - Command exited with return code 99
[2022-03-13 14:58:59,690] {taskinstance.py:1361} INFO - Bash command returned exit code 99. Skipping.
[2022-03-13 14:58:59,734] {taskinstance.py:1282} INFO - Marking task as SKIPPED. dag_id=example_bash_operator, task_id=this_will_skip, execution_date=20220312T000000, start_date=20220313T145858, end_date=20220313T145859
[2022-03-13 14:58:59,915] {local_task_job.py:154} INFO - Task exited with return code 0
[2022-03-13 14:59:00,067] {local_task_job.py:264} INFO - 0 downstream tasks scheduled from follow-on schedule check
