[2022-03-16 00:00:03,353] {taskinstance.py:1037} INFO - Dependencies all met for <TaskInstance: example_bash_operator.runme_2 scheduled__2022-03-15T00:00:00+00:00 [queued]>
[2022-03-16 00:00:03,365] {taskinstance.py:1037} INFO - Dependencies all met for <TaskInstance: example_bash_operator.runme_2 scheduled__2022-03-15T00:00:00+00:00 [queued]>
[2022-03-16 00:00:03,365] {taskinstance.py:1243} INFO - 
--------------------------------------------------------------------------------
[2022-03-16 00:00:03,365] {taskinstance.py:1244} INFO - Starting attempt 1 of 1
[2022-03-16 00:00:03,365] {taskinstance.py:1245} INFO - 
--------------------------------------------------------------------------------
[2022-03-16 00:00:03,447] {taskinstance.py:1264} INFO - Executing <Task(BashOperator): runme_2> on 2022-03-15 00:00:00+00:00
[2022-03-16 00:00:03,453] {standard_task_runner.py:52} INFO - Started process 829 to run task
[2022-03-16 00:00:03,458] {standard_task_runner.py:76} INFO - Running: ['***', 'tasks', 'run', 'example_bash_operator', 'runme_2', 'scheduled__2022-03-15T00:00:00+00:00', '--job-id', '56', '--raw', '--subdir', '/home/***/.local/lib/python3.7/site-packages/***/example_dags/example_bash_operator.py', '--cfg-path', '/tmp/tmpesp369x1', '--error-file', '/tmp/tmp4gezbrz8']
[2022-03-16 00:00:03,458] {standard_task_runner.py:77} INFO - Job 56: Subtask runme_2
[2022-03-16 00:00:03,566] {logging_mixin.py:109} INFO - Running <TaskInstance: example_bash_operator.runme_2 scheduled__2022-03-15T00:00:00+00:00 [running]> on host 47b5fce91641
[2022-03-16 00:00:04,517] {taskinstance.py:1431} INFO - Exporting the following env vars:
AIRFLOW_CTX_DAG_OWNER=***
AIRFLOW_CTX_DAG_ID=example_bash_operator
AIRFLOW_CTX_TASK_ID=runme_2
AIRFLOW_CTX_EXECUTION_DATE=2022-03-15T00:00:00+00:00
AIRFLOW_CTX_DAG_RUN_ID=scheduled__2022-03-15T00:00:00+00:00
[2022-03-16 00:00:04,518] {subprocess.py:62} INFO - Tmp dir root location: 
 /tmp
[2022-03-16 00:00:04,519] {subprocess.py:74} INFO - Running command: ['bash', '-c', 'echo "example_bash_operator__runme_2__20220315" && sleep 1']
[2022-03-16 00:00:04,526] {subprocess.py:85} INFO - Output:
[2022-03-16 00:00:04,527] {subprocess.py:89} INFO - example_bash_operator__runme_2__20220315
[2022-03-16 00:00:05,615] {subprocess.py:93} INFO - Command exited with return code 0
[2022-03-16 00:00:05,729] {taskinstance.py:1282} INFO - Marking task as SUCCESS. dag_id=example_bash_operator, task_id=runme_2, execution_date=20220315T000000, start_date=20220316T000003, end_date=20220316T000005
[2022-03-16 00:00:05,873] {local_task_job.py:154} INFO - Task exited with return code 0
[2022-03-16 00:00:06,172] {local_task_job.py:264} INFO - 0 downstream tasks scheduled from follow-on schedule check
