[2022-03-13 15:19:30,223] {taskinstance.py:1037} INFO - Dependencies all met for <TaskInstance: example_dag_decorator.prepare_email manual__2022-03-13T15:19:24.662229+00:00 [queued]>
[2022-03-13 15:19:30,231] {taskinstance.py:1037} INFO - Dependencies all met for <TaskInstance: example_dag_decorator.prepare_email manual__2022-03-13T15:19:24.662229+00:00 [queued]>
[2022-03-13 15:19:30,231] {taskinstance.py:1243} INFO - 
--------------------------------------------------------------------------------
[2022-03-13 15:19:30,231] {taskinstance.py:1244} INFO - Starting attempt 1 of 1
[2022-03-13 15:19:30,231] {taskinstance.py:1245} INFO - 
--------------------------------------------------------------------------------
[2022-03-13 15:19:30,999] {taskinstance.py:1264} INFO - Executing <Task(_PythonDecoratedOperator): prepare_email> on 2022-03-13 15:19:24.662229+00:00
[2022-03-13 15:19:31,003] {standard_task_runner.py:52} INFO - Started process 1105 to run task
[2022-03-13 15:19:31,007] {standard_task_runner.py:76} INFO - Running: ['***', 'tasks', 'run', 'example_dag_decorator', 'prepare_email', 'manual__2022-03-13T15:19:24.662229+00:00', '--job-id', '11', '--raw', '--subdir', '/home/***/.local/lib/python3.7/site-packages/***/example_dags/example_dag_decorator.py', '--cfg-path', '/tmp/tmpb063n1az', '--error-file', '/tmp/tmpd77s5x0p']
[2022-03-13 15:19:31,008] {standard_task_runner.py:77} INFO - Job 11: Subtask prepare_email
[2022-03-13 15:19:31,389] {logging_mixin.py:109} INFO - Running <TaskInstance: example_dag_decorator.prepare_email manual__2022-03-13T15:19:24.662229+00:00 [running]> on host 33f4149e0bde
[2022-03-13 15:19:31,521] {taskinstance.py:1431} INFO - Exporting the following env vars:
AIRFLOW_CTX_DAG_OWNER=***
AIRFLOW_CTX_DAG_ID=example_dag_decorator
AIRFLOW_CTX_TASK_ID=prepare_email
AIRFLOW_CTX_EXECUTION_DATE=2022-03-13T15:19:24.662229+00:00
AIRFLOW_CTX_DAG_RUN_ID=manual__2022-03-13T15:19:24.662229+00:00
[2022-03-13 15:19:31,521] {python.py:175} INFO - Done. Returned value was: {'subject': 'Server connected from 181.167.141.17', 'body': 'Seems like today your server executing Airflow is connected from IP 181.167.141.17<br>'}
[2022-03-13 15:19:31,715] {taskinstance.py:1282} INFO - Marking task as SUCCESS. dag_id=example_dag_decorator, task_id=prepare_email, execution_date=20220313T151924, start_date=20220313T151930, end_date=20220313T151931
[2022-03-13 15:19:31,821] {local_task_job.py:154} INFO - Task exited with return code 0
[2022-03-13 15:19:31,876] {baseoperator.py:1393} WARNING - Dependency <Task(_PythonDecoratedOperator): prepare_email>, send_email already registered for DAG: example_dag_decorator
[2022-03-13 15:19:31,877] {baseoperator.py:1393} WARNING - Dependency <Task(EmailOperator): send_email>, prepare_email already registered for DAG: example_dag_decorator
[2022-03-13 15:19:31,877] {baseoperator.py:1393} WARNING - Dependency <Task(_PythonDecoratedOperator): prepare_email>, send_email already registered for DAG: example_dag_decorator
[2022-03-13 15:19:31,877] {baseoperator.py:1393} WARNING - Dependency <Task(EmailOperator): send_email>, prepare_email already registered for DAG: example_dag_decorator
[2022-03-13 15:19:31,878] {baseoperator.py:1393} WARNING - Dependency <Task(_PythonDecoratedOperator): prepare_email>, send_email already registered for DAG: example_dag_decorator
[2022-03-13 15:19:31,878] {baseoperator.py:1393} WARNING - Dependency <Task(EmailOperator): send_email>, prepare_email already registered for DAG: example_dag_decorator
[2022-03-13 15:19:31,878] {baseoperator.py:1393} WARNING - Dependency <Task(_PythonDecoratedOperator): prepare_email>, send_email already registered for DAG: example_dag_decorator
[2022-03-13 15:19:31,879] {baseoperator.py:1393} WARNING - Dependency <Task(EmailOperator): send_email>, prepare_email already registered for DAG: example_dag_decorator
[2022-03-13 15:19:31,879] {baseoperator.py:1393} WARNING - Dependency <Task(_PythonDecoratedOperator): prepare_email>, send_email already registered for DAG: example_dag_decorator
[2022-03-13 15:19:31,879] {baseoperator.py:1393} WARNING - Dependency <Task(EmailOperator): send_email>, prepare_email already registered for DAG: example_dag_decorator
[2022-03-13 15:19:31,936] {local_task_job.py:264} INFO - 1 downstream tasks scheduled from follow-on schedule check
