[2022-03-13 14:58:59,505] {taskinstance.py:1037} INFO - Dependencies all met for <TaskInstance: example_bash_operator.runme_0 scheduled__2022-03-12T00:00:00+00:00 [queued]>
[2022-03-13 14:58:59,517] {taskinstance.py:1037} INFO - Dependencies all met for <TaskInstance: example_bash_operator.runme_0 scheduled__2022-03-12T00:00:00+00:00 [queued]>
[2022-03-13 14:58:59,517] {taskinstance.py:1243} INFO - 
--------------------------------------------------------------------------------
[2022-03-13 14:58:59,517] {taskinstance.py:1244} INFO - Starting attempt 1 of 1
[2022-03-13 14:58:59,517] {taskinstance.py:1245} INFO - 
--------------------------------------------------------------------------------
[2022-03-13 14:58:59,610] {taskinstance.py:1264} INFO - Executing <Task(BashOperator): runme_0> on 2022-03-12 00:00:00+00:00
[2022-03-13 14:58:59,616] {standard_task_runner.py:52} INFO - Started process 218 to run task
[2022-03-13 14:58:59,622] {standard_task_runner.py:76} INFO - Running: ['***', 'tasks', 'run', 'example_bash_operator', 'runme_0', 'scheduled__2022-03-12T00:00:00+00:00', '--job-id', '5', '--raw', '--subdir', '/home/***/.local/lib/python3.7/site-packages/***/example_dags/example_bash_operator.py', '--cfg-path', '/tmp/tmpk3nat237', '--error-file', '/tmp/tmpg3s5tp5t']
[2022-03-13 14:58:59,623] {standard_task_runner.py:77} INFO - Job 5: Subtask runme_0
[2022-03-13 14:58:59,783] {logging_mixin.py:109} INFO - Running <TaskInstance: example_bash_operator.runme_0 scheduled__2022-03-12T00:00:00+00:00 [running]> on host 33f4149e0bde
[2022-03-13 14:59:00,002] {taskinstance.py:1431} INFO - Exporting the following env vars:
AIRFLOW_CTX_DAG_OWNER=***
AIRFLOW_CTX_DAG_ID=example_bash_operator
AIRFLOW_CTX_TASK_ID=runme_0
AIRFLOW_CTX_EXECUTION_DATE=2022-03-12T00:00:00+00:00
AIRFLOW_CTX_DAG_RUN_ID=scheduled__2022-03-12T00:00:00+00:00
[2022-03-13 14:59:00,004] {subprocess.py:62} INFO - Tmp dir root location: 
 /tmp
[2022-03-13 14:59:00,005] {subprocess.py:74} INFO - Running command: ['bash', '-c', 'echo "example_bash_operator__runme_0__20220312" && sleep 1']
[2022-03-13 14:59:00,023] {subprocess.py:85} INFO - Output:
[2022-03-13 14:59:00,025] {subprocess.py:89} INFO - example_bash_operator__runme_0__20220312
[2022-03-13 14:59:01,027] {subprocess.py:93} INFO - Command exited with return code 0
[2022-03-13 14:59:01,256] {taskinstance.py:1282} INFO - Marking task as SUCCESS. dag_id=example_bash_operator, task_id=runme_0, execution_date=20220312T000000, start_date=20220313T145859, end_date=20220313T145901
[2022-03-13 14:59:01,678] {local_task_job.py:154} INFO - Task exited with return code 0
[2022-03-13 14:59:03,378] {local_task_job.py:264} INFO - 0 downstream tasks scheduled from follow-on schedule check
