[2022-03-16 00:00:26,595] {taskinstance.py:1037} INFO - Dependencies all met for <TaskInstance: example_sla_dag.sleep_30 scheduled__2022-03-15T23:58:00+00:00 [queued]>
[2022-03-16 00:00:26,604] {taskinstance.py:1037} INFO - Dependencies all met for <TaskInstance: example_sla_dag.sleep_30 scheduled__2022-03-15T23:58:00+00:00 [queued]>
[2022-03-16 00:00:26,604] {taskinstance.py:1243} INFO - 
--------------------------------------------------------------------------------
[2022-03-16 00:00:26,604] {taskinstance.py:1244} INFO - Starting attempt 1 of 1
[2022-03-16 00:00:26,604] {taskinstance.py:1245} INFO - 
--------------------------------------------------------------------------------
[2022-03-16 00:00:26,681] {taskinstance.py:1264} INFO - Executing <Task(_PythonDecoratedOperator): sleep_30> on 2022-03-15 23:58:00+00:00
[2022-03-16 00:00:26,683] {standard_task_runner.py:52} INFO - Started process 865 to run task
[2022-03-16 00:00:26,685] {standard_task_runner.py:76} INFO - Running: ['***', 'tasks', 'run', 'example_sla_dag', 'sleep_30', 'scheduled__2022-03-15T23:58:00+00:00', '--job-id', '65', '--raw', '--subdir', '/home/***/.local/lib/python3.7/site-packages/***/example_dags/example_sla_dag.py', '--cfg-path', '/tmp/tmp1p1o1jjl', '--error-file', '/tmp/tmpdb6c878i']
[2022-03-16 00:00:26,686] {standard_task_runner.py:77} INFO - Job 65: Subtask sleep_30
[2022-03-16 00:00:27,391] {logging_mixin.py:109} INFO - Running <TaskInstance: example_sla_dag.sleep_30 scheduled__2022-03-15T23:58:00+00:00 [running]> on host 47b5fce91641
[2022-03-16 00:00:27,966] {taskinstance.py:1431} INFO - Exporting the following env vars:
AIRFLOW_CTX_DAG_EMAIL=email@example.com
AIRFLOW_CTX_DAG_OWNER=***
AIRFLOW_CTX_DAG_ID=example_sla_dag
AIRFLOW_CTX_TASK_ID=sleep_30
AIRFLOW_CTX_EXECUTION_DATE=2022-03-15T23:58:00+00:00
AIRFLOW_CTX_DAG_RUN_ID=scheduled__2022-03-15T23:58:00+00:00
[2022-03-16 00:00:57,997] {python.py:175} INFO - Done. Returned value was: None
[2022-03-16 00:00:58,417] {taskinstance.py:1282} INFO - Marking task as SUCCESS. dag_id=example_sla_dag, task_id=sleep_30, execution_date=20220315T235800, start_date=20220316T000026, end_date=20220316T000058
[2022-03-16 00:00:59,181] {local_task_job.py:154} INFO - Task exited with return code 0
[2022-03-16 00:01:00,254] {local_task_job.py:264} INFO - 0 downstream tasks scheduled from follow-on schedule check
