[2022-03-15 17:12:22,135] {taskinstance.py:1037} INFO - Dependencies all met for <TaskInstance: example_bash_operator.run_after_loop scheduled__2022-03-14T00:00:00+00:00 [queued]>
[2022-03-15 17:12:22,142] {taskinstance.py:1037} INFO - Dependencies all met for <TaskInstance: example_bash_operator.run_after_loop scheduled__2022-03-14T00:00:00+00:00 [queued]>
[2022-03-15 17:12:22,142] {taskinstance.py:1243} INFO - 
--------------------------------------------------------------------------------
[2022-03-15 17:12:22,142] {taskinstance.py:1244} INFO - Starting attempt 1 of 1
[2022-03-15 17:12:22,142] {taskinstance.py:1245} INFO - 
--------------------------------------------------------------------------------
[2022-03-15 17:12:22,244] {taskinstance.py:1264} INFO - Executing <Task(BashOperator): run_after_loop> on 2022-03-14 00:00:00+00:00
[2022-03-15 17:12:22,247] {standard_task_runner.py:52} INFO - Started process 186 to run task
[2022-03-15 17:12:22,250] {standard_task_runner.py:76} INFO - Running: ['***', 'tasks', 'run', 'example_bash_operator', 'run_after_loop', 'scheduled__2022-03-14T00:00:00+00:00', '--job-id', '10', '--raw', '--subdir', '/home/***/.local/lib/python3.7/site-packages/***/example_dags/example_bash_operator.py', '--cfg-path', '/tmp/tmpjlpvo7h0', '--error-file', '/tmp/tmp4g207eki']
[2022-03-15 17:12:22,250] {standard_task_runner.py:77} INFO - Job 10: Subtask run_after_loop
[2022-03-15 17:12:22,703] {logging_mixin.py:109} INFO - Running <TaskInstance: example_bash_operator.run_after_loop scheduled__2022-03-14T00:00:00+00:00 [running]> on host 05e228a71634
[2022-03-15 17:12:22,883] {taskinstance.py:1431} INFO - Exporting the following env vars:
AIRFLOW_CTX_DAG_OWNER=***
AIRFLOW_CTX_DAG_ID=example_bash_operator
AIRFLOW_CTX_TASK_ID=run_after_loop
AIRFLOW_CTX_EXECUTION_DATE=2022-03-14T00:00:00+00:00
AIRFLOW_CTX_DAG_RUN_ID=scheduled__2022-03-14T00:00:00+00:00
[2022-03-15 17:12:22,884] {subprocess.py:62} INFO - Tmp dir root location: 
 /tmp
[2022-03-15 17:12:22,885] {subprocess.py:74} INFO - Running command: ['bash', '-c', 'echo 1']
[2022-03-15 17:12:22,894] {subprocess.py:85} INFO - Output:
[2022-03-15 17:12:22,896] {subprocess.py:89} INFO - 1
[2022-03-15 17:12:22,896] {subprocess.py:93} INFO - Command exited with return code 0
[2022-03-15 17:12:22,989] {taskinstance.py:1282} INFO - Marking task as SUCCESS. dag_id=example_bash_operator, task_id=run_after_loop, execution_date=20220314T000000, start_date=20220315T171222, end_date=20220315T171222
[2022-03-15 17:12:23,103] {local_task_job.py:154} INFO - Task exited with return code 0
[2022-03-15 17:12:23,248] {local_task_job.py:264} INFO - 0 downstream tasks scheduled from follow-on schedule check
