[2022-03-16 00:02:02,453] {taskinstance.py:1037} INFO - Dependencies all met for <TaskInstance: example_sla_dag.sleep_20 scheduled__2022-03-16T00:00:00+00:00 [queued]>
[2022-03-16 00:02:02,464] {taskinstance.py:1037} INFO - Dependencies all met for <TaskInstance: example_sla_dag.sleep_20 scheduled__2022-03-16T00:00:00+00:00 [queued]>
[2022-03-16 00:02:02,464] {taskinstance.py:1243} INFO - 
--------------------------------------------------------------------------------
[2022-03-16 00:02:02,464] {taskinstance.py:1244} INFO - Starting attempt 1 of 1
[2022-03-16 00:02:02,464] {taskinstance.py:1245} INFO - 
--------------------------------------------------------------------------------
[2022-03-16 00:02:03,146] {taskinstance.py:1264} INFO - Executing <Task(_PythonDecoratedOperator): sleep_20> on 2022-03-16 00:00:00+00:00
[2022-03-16 00:02:03,150] {standard_task_runner.py:52} INFO - Started process 931 to run task
[2022-03-16 00:02:03,152] {standard_task_runner.py:76} INFO - Running: ['***', 'tasks', 'run', 'example_sla_dag', 'sleep_20', 'scheduled__2022-03-16T00:00:00+00:00', '--job-id', '66', '--raw', '--subdir', '/home/***/.local/lib/python3.7/site-packages/***/example_dags/example_sla_dag.py', '--cfg-path', '/tmp/tmp4mgpuy4j', '--error-file', '/tmp/tmpnk0utf0_']
[2022-03-16 00:02:03,152] {standard_task_runner.py:77} INFO - Job 66: Subtask sleep_20
[2022-03-16 00:02:03,268] {logging_mixin.py:109} INFO - Running <TaskInstance: example_sla_dag.sleep_20 scheduled__2022-03-16T00:00:00+00:00 [running]> on host 47b5fce91641
[2022-03-16 00:02:03,387] {taskinstance.py:1431} INFO - Exporting the following env vars:
AIRFLOW_CTX_DAG_EMAIL=email@example.com
AIRFLOW_CTX_DAG_OWNER=***
AIRFLOW_CTX_DAG_ID=example_sla_dag
AIRFLOW_CTX_TASK_ID=sleep_20
AIRFLOW_CTX_EXECUTION_DATE=2022-03-16T00:00:00+00:00
AIRFLOW_CTX_DAG_RUN_ID=scheduled__2022-03-16T00:00:00+00:00
[2022-03-16 00:02:23,407] {python.py:175} INFO - Done. Returned value was: None
[2022-03-16 00:02:24,169] {taskinstance.py:1282} INFO - Marking task as SUCCESS. dag_id=example_sla_dag, task_id=sleep_20, execution_date=20220316T000000, start_date=20220316T000202, end_date=20220316T000224
[2022-03-16 00:02:24,260] {local_task_job.py:154} INFO - Task exited with return code 0
[2022-03-16 00:02:24,366] {local_task_job.py:264} INFO - 1 downstream tasks scheduled from follow-on schedule check
