[2022-03-16 00:18:03,398] {taskinstance.py:1037} INFO - Dependencies all met for <TaskInstance: example_sla_dag.sleep_20 scheduled__2022-03-16T00:16:00+00:00 [queued]>
[2022-03-16 00:18:03,412] {taskinstance.py:1037} INFO - Dependencies all met for <TaskInstance: example_sla_dag.sleep_20 scheduled__2022-03-16T00:16:00+00:00 [queued]>
[2022-03-16 00:18:03,412] {taskinstance.py:1243} INFO - 
--------------------------------------------------------------------------------
[2022-03-16 00:18:03,412] {taskinstance.py:1244} INFO - Starting attempt 1 of 1
[2022-03-16 00:18:03,412] {taskinstance.py:1245} INFO - 
--------------------------------------------------------------------------------
[2022-03-16 00:18:03,494] {taskinstance.py:1264} INFO - Executing <Task(_PythonDecoratedOperator): sleep_20> on 2022-03-16 00:16:00+00:00
[2022-03-16 00:18:03,498] {standard_task_runner.py:52} INFO - Started process 1625 to run task
[2022-03-16 00:18:03,500] {standard_task_runner.py:76} INFO - Running: ['***', 'tasks', 'run', 'example_sla_dag', 'sleep_20', 'scheduled__2022-03-16T00:16:00+00:00', '--job-id', '82', '--raw', '--subdir', '/home/***/.local/lib/python3.7/site-packages/***/example_dags/example_sla_dag.py', '--cfg-path', '/tmp/tmpmwubymk_', '--error-file', '/tmp/tmpa4nw9b9v']
[2022-03-16 00:18:03,501] {standard_task_runner.py:77} INFO - Job 82: Subtask sleep_20
[2022-03-16 00:18:03,608] {logging_mixin.py:109} INFO - Running <TaskInstance: example_sla_dag.sleep_20 scheduled__2022-03-16T00:16:00+00:00 [running]> on host 47b5fce91641
[2022-03-16 00:18:04,625] {taskinstance.py:1431} INFO - Exporting the following env vars:
AIRFLOW_CTX_DAG_EMAIL=email@example.com
AIRFLOW_CTX_DAG_OWNER=***
AIRFLOW_CTX_DAG_ID=example_sla_dag
AIRFLOW_CTX_TASK_ID=sleep_20
AIRFLOW_CTX_EXECUTION_DATE=2022-03-16T00:16:00+00:00
AIRFLOW_CTX_DAG_RUN_ID=scheduled__2022-03-16T00:16:00+00:00
[2022-03-16 00:18:24,644] {python.py:175} INFO - Done. Returned value was: None
[2022-03-16 00:18:24,654] {taskinstance.py:1282} INFO - Marking task as SUCCESS. dag_id=example_sla_dag, task_id=sleep_20, execution_date=20220316T001600, start_date=20220316T001803, end_date=20220316T001824
[2022-03-16 00:18:24,729] {local_task_job.py:154} INFO - Task exited with return code 0
[2022-03-16 00:18:24,835] {local_task_job.py:264} INFO - 1 downstream tasks scheduled from follow-on schedule check
